> log file: ./log/device-to-laptop/[SemBridge]-210519-053808.log
cuda memory allocated: 10108928
n_trainable_params: 1431975, n_nontrainable_params: 1094700
> training arguments:
>>> source: device
>>> target: laptop
>>> use_unlabel: 1
>>> use_syntactic: 0
>>> use_semantic: 1
>>> split: 1
>>> local_bert_path: F:\NLP\BERT-BASE-UNCASED
>>> model_name: DECNN
>>> batch_size: 8
>>> learning_rate: 0.0001
>>> lr_decay: 1e-05
>>> num_epoch: 100
>>> emb_dim: 100
>>> dep_dim: 50
>>> pos_dim: 50
>>> hidden_dim: 256
>>> keep_prob: 0.5
>>> l2_reg: 1e-05
>>> beta: 0.1
>>> kernel_size: 5
>>> hop_num: 2
>>> class_num: 3
>>> cluster_num: 200
>>> cate_num: 20
>>> seed: 123
>>> log_step: 5
>>> dynamic_gate: 1
>>> valset_num: 0
>>> reuse_embedding: 1
>>> optimizer: <class 'torch.optim.adam.Adam'>
>>> initializer: <function uniform_ at 0x7f9af805bc80>
>>> device: cuda:0
>>> ablation: None
>>> topk: 10
>>> name: [SemBridge]
>>> dataset_file: {'train': './data/device/train1/', 'unlabel': './data/laptop/train1/', 'test': './data/laptop/test1/'}
>>> model_class: <class 'models.decnn_base.DECNN'>
>>> inputs_cols: ['sentence', 'mask', 'position', 'keep_prob']
>>> max_sentence_len: 110

-------------------------------------Iter0--------------------------------------
Train: final loss=0.715731, aspect loss=0.116230, opinion loss=0.000000, domain loss=0.597090, sentiment loss=0.000000, reg loss=0.000000, step=998
Dev:   final loss=0.265140, aspect loss=0.265140, opinion loss=0.000000, sentiment loss=0.000000, reg loss=0.000000, step=998
Dev:   aspect f1=0.4031, opinion f1=0.0000, sentiment acc==0.0000, sentiment f1==0.0000, ABSA f1==0.0000,
Test:  aspect f1=0.4031, opinion f1=0.0000, sentiment acc==0.0000, sentiment f1==0.0000, ABSA f1==0.0000,
Current Max Metrics Index : 0 Current Min Loss Index : 0 Epoch Time: 0m 9s Tau : 1.00
>> Checkpoint Saved: state_dict/device-to-laptop/[SemBridge]-ATE-F1-0.4031.pth

-------------------------------------Iter1--------------------------------------
Train: final loss=0.676099, aspect loss=0.083690, opinion loss=0.000000, domain loss=0.589748, sentiment loss=0.000000, reg loss=0.000000, step=1996
Dev:   final loss=0.198644, aspect loss=0.198644, opinion loss=0.000000, sentiment loss=0.000000, reg loss=0.000000, step=1996
Dev:   aspect f1=0.4614, opinion f1=0.0000, sentiment acc==0.0000, sentiment f1==0.0000, ABSA f1==0.0000,
Test:  aspect f1=0.4614, opinion f1=0.0000, sentiment acc==0.0000, sentiment f1==0.0000, ABSA f1==0.0000,
Current Max Metrics Index : 1 Current Min Loss Index : 1 Epoch Time: 0m 9s Tau : 0.97
>> Checkpoint Saved: state_dict/device-to-laptop/[SemBridge]-ATE-F1-0.4614.pth

-------------------------------------Iter2--------------------------------------
Train: final loss=0.660872, aspect loss=0.071688, opinion loss=0.000000, domain loss=0.583340, sentiment loss=0.000000, reg loss=0.000000, step=2994
Dev:   final loss=0.184898, aspect loss=0.184898, opinion loss=0.000000, sentiment loss=0.000000, reg loss=0.000000, step=2994
Dev:   aspect f1=0.4939, opinion f1=0.0000, sentiment acc==0.0000, sentiment f1==0.0000, ABSA f1==0.0000,
Test:  aspect f1=0.4939, opinion f1=0.0000, sentiment acc==0.0000, sentiment f1==0.0000, ABSA f1==0.0000,
Current Max Metrics Index : 2 Current Min Loss Index : 2 Epoch Time: 0m 8s Tau : 0.94
>> Checkpoint Saved: state_dict/device-to-laptop/[SemBridge]-ATE-F1-0.4939.pth

-------------------------------------Iter3--------------------------------------
Train: final loss=0.652383, aspect loss=0.066897, opinion loss=0.000000, domain loss=0.582739, sentiment loss=0.000000, reg loss=0.000000, step=3992
Dev:   final loss=0.169519, aspect loss=0.169519, opinion loss=0.000000, sentiment loss=0.000000, reg loss=0.000000, step=3992
Dev:   aspect f1=0.5071, opinion f1=0.0000, sentiment acc==0.0000, sentiment f1==0.0000, ABSA f1==0.0000,
Test:  aspect f1=0.5071, opinion f1=0.0000, sentiment acc==0.0000, sentiment f1==0.0000, ABSA f1==0.0000,
Current Max Metrics Index : 3 Current Min Loss Index : 3 Epoch Time: 0m 8s Tau : 0.91
>> Checkpoint Saved: state_dict/device-to-laptop/[SemBridge]-ATE-F1-0.5071.pth

-------------------------------------Iter4--------------------------------------
Train: final loss=0.655954, aspect loss=0.063665, opinion loss=0.000000, domain loss=0.589327, sentiment loss=0.000000, reg loss=0.000000, step=4990
Dev:   final loss=0.162282, aspect loss=0.162282, opinion loss=0.000000, sentiment loss=0.000000, reg loss=0.000000, step=4990
Dev:   aspect f1=0.5350, opinion f1=0.0000, sentiment acc==0.0000, sentiment f1==0.0000, ABSA f1==0.0000,
Test:  aspect f1=0.5350, opinion f1=0.0000, sentiment acc==0.0000, sentiment f1==0.0000, ABSA f1==0.0000,
Current Max Metrics Index : 4 Current Min Loss Index : 4 Epoch Time: 0m 9s Tau : 0.89
>> Checkpoint Saved: state_dict/device-to-laptop/[SemBridge]-ATE-F1-0.5350.pth

-------------------------------------Iter5--------------------------------------
Train: final loss=0.656566, aspect loss=0.062056, opinion loss=0.000000, domain loss=0.588980, sentiment loss=0.000000, reg loss=0.000000, step=5988
Dev:   final loss=0.180016, aspect loss=0.180016, opinion loss=0.000000, sentiment loss=0.000000, reg loss=0.000000, step=5988
Dev:   aspect f1=0.4990, opinion f1=0.0000, sentiment acc==0.0000, sentiment f1==0.0000, ABSA f1==0.0000,
Test:  aspect f1=0.4990, opinion f1=0.0000, sentiment acc==0.0000, sentiment f1==0.0000, ABSA f1==0.0000,
Current Max Metrics Index : 4 Current Min Loss Index : 4 Epoch Time: 0m 6s Tau : 0.86

-------------------------------------Iter6--------------------------------------
Train: final loss=0.654097, aspect loss=0.059177, opinion loss=0.000000, domain loss=0.589771, sentiment loss=0.000000, reg loss=0.000000, step=6986
Dev:   final loss=0.166902, aspect loss=0.166902, opinion loss=0.000000, sentiment loss=0.000000, reg loss=0.000000, step=6986
Dev:   aspect f1=0.5203, opinion f1=0.0000, sentiment acc==0.0000, sentiment f1==0.0000, ABSA f1==0.0000,
Test:  aspect f1=0.5203, opinion f1=0.0000, sentiment acc==0.0000, sentiment f1==0.0000, ABSA f1==0.0000,
Current Max Metrics Index : 4 Current Min Loss Index : 4 Epoch Time: 0m 8s Tau : 0.84

-------------------------------------Iter7--------------------------------------
Train: final loss=0.652326, aspect loss=0.057788, opinion loss=0.000000, domain loss=0.588852, sentiment loss=0.000000, reg loss=0.000000, step=7984
Dev:   final loss=0.153882, aspect loss=0.153882, opinion loss=0.000000, sentiment loss=0.000000, reg loss=0.000000, step=7984
Dev:   aspect f1=0.5356, opinion f1=0.0000, sentiment acc==0.0000, sentiment f1==0.0000, ABSA f1==0.0000,
Test:  aspect f1=0.5356, opinion f1=0.0000, sentiment acc==0.0000, sentiment f1==0.0000, ABSA f1==0.0000,
Current Max Metrics Index : 7 Current Min Loss Index : 7 Epoch Time: 0m 8s Tau : 0.81
>> Checkpoint Saved: state_dict/device-to-laptop/[SemBridge]-ATE-F1-0.5356.pth

-------------------------------------Iter8--------------------------------------
Train: final loss=0.652397, aspect loss=0.056114, opinion loss=0.000000, domain loss=0.589589, sentiment loss=0.000000, reg loss=0.000000, step=8982
Dev:   final loss=0.164046, aspect loss=0.164046, opinion loss=0.000000, sentiment loss=0.000000, reg loss=0.000000, step=8982
Dev:   aspect f1=0.5345, opinion f1=0.0000, sentiment acc==0.0000, sentiment f1==0.0000, ABSA f1==0.0000,
Test:  aspect f1=0.5345, opinion f1=0.0000, sentiment acc==0.0000, sentiment f1==0.0000, ABSA f1==0.0000,
Current Max Metrics Index : 7 Current Min Loss Index : 7 Epoch Time: 0m 8s Tau : 0.79

-------------------------------------Iter9--------------------------------------
Train: final loss=0.650711, aspect loss=0.054158, opinion loss=0.000000, domain loss=0.589665, sentiment loss=0.000000, reg loss=0.000000, step=9980
Dev:   final loss=0.153770, aspect loss=0.153770, opinion loss=0.000000, sentiment loss=0.000000, reg loss=0.000000, step=9980
Dev:   aspect f1=0.5222, opinion f1=0.0000, sentiment acc==0.0000, sentiment f1==0.0000, ABSA f1==0.0000,
Test:  aspect f1=0.5222, opinion f1=0.0000, sentiment acc==0.0000, sentiment f1==0.0000, ABSA f1==0.0000,
Current Max Metrics Index : 7 Current Min Loss Index : 9 Epoch Time: 0m 8s Tau : 0.76

-------------------------------------Iter10-------------------------------------
Train: final loss=0.650325, aspect loss=0.053971, opinion loss=0.000000, domain loss=0.589434, sentiment loss=0.000000, reg loss=0.000000, step=10978
Dev:   final loss=0.151556, aspect loss=0.151556, opinion loss=0.000000, sentiment loss=0.000000, reg loss=0.000000, step=10978
Dev:   aspect f1=0.5282, opinion f1=0.0000, sentiment acc==0.0000, sentiment f1==0.0000, ABSA f1==0.0000,
Test:  aspect f1=0.5282, opinion f1=0.0000, sentiment acc==0.0000, sentiment f1==0.0000, ABSA f1==0.0000,
Current Max Metrics Index : 7 Current Min Loss Index : 10 Epoch Time: 0m 8s Tau : 0.74

-------------------------------------Iter11-------------------------------------
Train: final loss=0.646841, aspect loss=0.052510, opinion loss=0.000000, domain loss=0.589225, sentiment loss=0.000000, reg loss=0.000000, step=11976
Dev:   final loss=0.150796, aspect loss=0.150796, opinion loss=0.000000, sentiment loss=0.000000, reg loss=0.000000, step=11976
Dev:   aspect f1=0.5404, opinion f1=0.0000, sentiment acc==0.0000, sentiment f1==0.0000, ABSA f1==0.0000,
Test:  aspect f1=0.5404, opinion f1=0.0000, sentiment acc==0.0000, sentiment f1==0.0000, ABSA f1==0.0000,
Current Max Metrics Index : 11 Current Min Loss Index : 11 Epoch Time: 0m 8s Tau : 0.72
>> Checkpoint Saved: state_dict/device-to-laptop/[SemBridge]-ATE-F1-0.5404.pth

-------------------------------------Iter12-------------------------------------
Train: final loss=0.645484, aspect loss=0.051088, opinion loss=0.000000, domain loss=0.588865, sentiment loss=0.000000, reg loss=0.000000, step=12974
Dev:   final loss=0.156778, aspect loss=0.156778, opinion loss=0.000000, sentiment loss=0.000000, reg loss=0.000000, step=12974
Dev:   aspect f1=0.5229, opinion f1=0.0000, sentiment acc==0.0000, sentiment f1==0.0000, ABSA f1==0.0000,
Test:  aspect f1=0.5229, opinion f1=0.0000, sentiment acc==0.0000, sentiment f1==0.0000, ABSA f1==0.0000,
Current Max Metrics Index : 11 Current Min Loss Index : 11 Epoch Time: 0m 8s Tau : 0.70

-------------------------------------Iter13-------------------------------------
Train: final loss=0.644630, aspect loss=0.050197, opinion loss=0.000000, domain loss=0.590393, sentiment loss=0.000000, reg loss=0.000000, step=13972
Dev:   final loss=0.151424, aspect loss=0.151424, opinion loss=0.000000, sentiment loss=0.000000, reg loss=0.000000, step=13972
Dev:   aspect f1=0.5299, opinion f1=0.0000, sentiment acc==0.0000, sentiment f1==0.0000, ABSA f1==0.0000,
Test:  aspect f1=0.5299, opinion f1=0.0000, sentiment acc==0.0000, sentiment f1==0.0000, ABSA f1==0.0000,
Current Max Metrics Index : 11 Current Min Loss Index : 11 Epoch Time: 0m 8s Tau : 0.68

-------------------------------------Iter14-------------------------------------
Train: final loss=0.644609, aspect loss=0.049114, opinion loss=0.000000, domain loss=0.589810, sentiment loss=0.000000, reg loss=0.000000, step=14970
Dev:   final loss=0.163269, aspect loss=0.163269, opinion loss=0.000000, sentiment loss=0.000000, reg loss=0.000000, step=14970
Dev:   aspect f1=0.5149, opinion f1=0.0000, sentiment acc==0.0000, sentiment f1==0.0000, ABSA f1==0.0000,
Test:  aspect f1=0.5149, opinion f1=0.0000, sentiment acc==0.0000, sentiment f1==0.0000, ABSA f1==0.0000,
Current Max Metrics Index : 11 Current Min Loss Index : 11 Epoch Time: 0m 8s Tau : 0.66

-------------------------------------Iter15-------------------------------------
Train: final loss=0.640192, aspect loss=0.048292, opinion loss=0.000000, domain loss=0.589244, sentiment loss=0.000000, reg loss=0.000000, step=15968
Dev:   final loss=0.151362, aspect loss=0.151362, opinion loss=0.000000, sentiment loss=0.000000, reg loss=0.000000, step=15968
Dev:   aspect f1=0.5094, opinion f1=0.0000, sentiment acc==0.0000, sentiment f1==0.0000, ABSA f1==0.0000,
Test:  aspect f1=0.5094, opinion f1=0.0000, sentiment acc==0.0000, sentiment f1==0.0000, ABSA f1==0.0000,
Current Max Metrics Index : 11 Current Min Loss Index : 11 Epoch Time: 0m 8s Tau : 0.64

-------------------------------------Iter16-------------------------------------
Train: final loss=0.639853, aspect loss=0.047416, opinion loss=0.000000, domain loss=0.590070, sentiment loss=0.000000, reg loss=0.000000, step=16966
Dev:   final loss=0.158585, aspect loss=0.158585, opinion loss=0.000000, sentiment loss=0.000000, reg loss=0.000000, step=16966
Dev:   aspect f1=0.5052, opinion f1=0.0000, sentiment acc==0.0000, sentiment f1==0.0000, ABSA f1==0.0000,
Test:  aspect f1=0.5052, opinion f1=0.0000, sentiment acc==0.0000, sentiment f1==0.0000, ABSA f1==0.0000,
Current Max Metrics Index : 11 Current Min Loss Index : 11 Epoch Time: 0m 8s Tau : 0.62

-------------------------------------Iter17-------------------------------------
Train: final loss=0.642777, aspect loss=0.047552, opinion loss=0.000000, domain loss=0.589794, sentiment loss=0.000000, reg loss=0.000000, step=17964
Dev:   final loss=0.153598, aspect loss=0.153598, opinion loss=0.000000, sentiment loss=0.000000, reg loss=0.000000, step=17964
Dev:   aspect f1=0.5330, opinion f1=0.0000, sentiment acc==0.0000, sentiment f1==0.0000, ABSA f1==0.0000,
Test:  aspect f1=0.5330, opinion f1=0.0000, sentiment acc==0.0000, sentiment f1==0.0000, ABSA f1==0.0000,
Current Max Metrics Index : 11 Current Min Loss Index : 11 Epoch Time: 0m 8s Tau : 0.60

-------------------------------------Iter18-------------------------------------
Train: final loss=0.640868, aspect loss=0.046188, opinion loss=0.000000, domain loss=0.589789, sentiment loss=0.000000, reg loss=0.000000, step=18962
Dev:   final loss=0.150549, aspect loss=0.150549, opinion loss=0.000000, sentiment loss=0.000000, reg loss=0.000000, step=18962
Dev:   aspect f1=0.5361, opinion f1=0.0000, sentiment acc==0.0000, sentiment f1==0.0000, ABSA f1==0.0000,
Test:  aspect f1=0.5361, opinion f1=0.0000, sentiment acc==0.0000, sentiment f1==0.0000, ABSA f1==0.0000,
Current Max Metrics Index : 11 Current Min Loss Index : 18 Epoch Time: 0m 8s Tau : 0.58

-------------------------------------Iter19-------------------------------------
Train: final loss=0.640261, aspect loss=0.045886, opinion loss=0.000000, domain loss=0.588629, sentiment loss=0.000000, reg loss=0.000000, step=19960
Dev:   final loss=0.153726, aspect loss=0.153726, opinion loss=0.000000, sentiment loss=0.000000, reg loss=0.000000, step=19960
Dev:   aspect f1=0.5244, opinion f1=0.0000, sentiment acc==0.0000, sentiment f1==0.0000, ABSA f1==0.0000,
Test:  aspect f1=0.5244, opinion f1=0.0000, sentiment acc==0.0000, sentiment f1==0.0000, ABSA f1==0.0000,
Current Max Metrics Index : 11 Current Min Loss Index : 18 Epoch Time: 0m 8s Tau : 0.57

-------------------------------------Iter20-------------------------------------
Train: final loss=0.637800, aspect loss=0.043961, opinion loss=0.000000, domain loss=0.590040, sentiment loss=0.000000, reg loss=0.000000, step=20958
Dev:   final loss=0.157747, aspect loss=0.157747, opinion loss=0.000000, sentiment loss=0.000000, reg loss=0.000000, step=20958
Dev:   aspect f1=0.5236, opinion f1=0.0000, sentiment acc==0.0000, sentiment f1==0.0000, ABSA f1==0.0000,
Test:  aspect f1=0.5236, opinion f1=0.0000, sentiment acc==0.0000, sentiment f1==0.0000, ABSA f1==0.0000,
Current Max Metrics Index : 11 Current Min Loss Index : 18 Epoch Time: 0m 8s Tau : 0.55

-------------------------------------Iter21-------------------------------------
Train: final loss=0.638720, aspect loss=0.044551, opinion loss=0.000000, domain loss=0.589604, sentiment loss=0.000000, reg loss=0.000000, step=21956
Dev:   final loss=0.152576, aspect loss=0.152576, opinion loss=0.000000, sentiment loss=0.000000, reg loss=0.000000, step=21956
Dev:   aspect f1=0.5218, opinion f1=0.0000, sentiment acc==0.0000, sentiment f1==0.0000, ABSA f1==0.0000,
Test:  aspect f1=0.5218, opinion f1=0.0000, sentiment acc==0.0000, sentiment f1==0.0000, ABSA f1==0.0000,
Current Max Metrics Index : 11 Current Min Loss Index : 18 Epoch Time: 0m 8s Tau : 0.53

-------------------------------------Iter22-------------------------------------
Train: final loss=0.638206, aspect loss=0.043098, opinion loss=0.000000, domain loss=0.589474, sentiment loss=0.000000, reg loss=0.000000, step=22954
Dev:   final loss=0.176698, aspect loss=0.176698, opinion loss=0.000000, sentiment loss=0.000000, reg loss=0.000000, step=22954
Dev:   aspect f1=0.5149, opinion f1=0.0000, sentiment acc==0.0000, sentiment f1==0.0000, ABSA f1==0.0000,
Test:  aspect f1=0.5149, opinion f1=0.0000, sentiment acc==0.0000, sentiment f1==0.0000, ABSA f1==0.0000,
Current Max Metrics Index : 11 Current Min Loss Index : 18 Epoch Time: 0m 8s Tau : 0.52

-------------------------------------Iter23-------------------------------------
Train: final loss=0.637648, aspect loss=0.042747, opinion loss=0.000000, domain loss=0.589835, sentiment loss=0.000000, reg loss=0.000000, step=23952
Dev:   final loss=0.153777, aspect loss=0.153777, opinion loss=0.000000, sentiment loss=0.000000, reg loss=0.000000, step=23952
Dev:   aspect f1=0.5363, opinion f1=0.0000, sentiment acc==0.0000, sentiment f1==0.0000, ABSA f1==0.0000,
Test:  aspect f1=0.5363, opinion f1=0.0000, sentiment acc==0.0000, sentiment f1==0.0000, ABSA f1==0.0000,
Current Max Metrics Index : 11 Current Min Loss Index : 18 Epoch Time: 0m 8s Tau : 0.50

-------------------------------------Iter24-------------------------------------
Train: final loss=0.634980, aspect loss=0.042846, opinion loss=0.000000, domain loss=0.589304, sentiment loss=0.000000, reg loss=0.000000, step=24950
Dev:   final loss=0.161281, aspect loss=0.161281, opinion loss=0.000000, sentiment loss=0.000000, reg loss=0.000000, step=24950
Dev:   aspect f1=0.5058, opinion f1=0.0000, sentiment acc==0.0000, sentiment f1==0.0000, ABSA f1==0.0000,
Test:  aspect f1=0.5058, opinion f1=0.0000, sentiment acc==0.0000, sentiment f1==0.0000, ABSA f1==0.0000,
Current Max Metrics Index : 11 Current Min Loss Index : 18 Epoch Time: 0m 8s Tau : 0.49

-------------------------------------Iter25-------------------------------------
Train: final loss=0.635538, aspect loss=0.040501, opinion loss=0.000000, domain loss=0.589543, sentiment loss=0.000000, reg loss=0.000000, step=25948
Dev:   final loss=0.166420, aspect loss=0.166420, opinion loss=0.000000, sentiment loss=0.000000, reg loss=0.000000, step=25948
Dev:   aspect f1=0.5165, opinion f1=0.0000, sentiment acc==0.0000, sentiment f1==0.0000, ABSA f1==0.0000,
Test:  aspect f1=0.5165, opinion f1=0.0000, sentiment acc==0.0000, sentiment f1==0.0000, ABSA f1==0.0000,
Current Max Metrics Index : 11 Current Min Loss Index : 18 Epoch Time: 0m 8s Tau : 0.47

-------------------------------------Iter26-------------------------------------
Train: final loss=0.634979, aspect loss=0.040439, opinion loss=0.000000, domain loss=0.589939, sentiment loss=0.000000, reg loss=0.000000, step=26946
Dev:   final loss=0.163731, aspect loss=0.163731, opinion loss=0.000000, sentiment loss=0.000000, reg loss=0.000000, step=26946
Dev:   aspect f1=0.5152, opinion f1=0.0000, sentiment acc==0.0000, sentiment f1==0.0000, ABSA f1==0.0000,
Test:  aspect f1=0.5152, opinion f1=0.0000, sentiment acc==0.0000, sentiment f1==0.0000, ABSA f1==0.0000,
Current Max Metrics Index : 11 Current Min Loss Index : 18 Epoch Time: 0m 8s Tau : 0.46

-------------------------------------Iter27-------------------------------------
Train: final loss=0.635348, aspect loss=0.039674, opinion loss=0.000000, domain loss=0.589617, sentiment loss=0.000000, reg loss=0.000000, step=27944
Dev:   final loss=0.163235, aspect loss=0.163235, opinion loss=0.000000, sentiment loss=0.000000, reg loss=0.000000, step=27944
Dev:   aspect f1=0.5133, opinion f1=0.0000, sentiment acc==0.0000, sentiment f1==0.0000, ABSA f1==0.0000,
Test:  aspect f1=0.5133, opinion f1=0.0000, sentiment acc==0.0000, sentiment f1==0.0000, ABSA f1==0.0000,
Current Max Metrics Index : 11 Current Min Loss Index : 18 Epoch Time: 0m 8s Tau : 0.44

-------------------------------------Iter28-------------------------------------
Train: final loss=0.635837, aspect loss=0.039450, opinion loss=0.000000, domain loss=0.590227, sentiment loss=0.000000, reg loss=0.000000, step=28942
Dev:   final loss=0.159980, aspect loss=0.159980, opinion loss=0.000000, sentiment loss=0.000000, reg loss=0.000000, step=28942
Dev:   aspect f1=0.5279, opinion f1=0.0000, sentiment acc==0.0000, sentiment f1==0.0000, ABSA f1==0.0000,
Test:  aspect f1=0.5279, opinion f1=0.0000, sentiment acc==0.0000, sentiment f1==0.0000, ABSA f1==0.0000,
Current Max Metrics Index : 11 Current Min Loss Index : 18 Epoch Time: 0m 8s Tau : 0.43

-------------------------------------Iter29-------------------------------------
Train: final loss=0.633297, aspect loss=0.038615, opinion loss=0.000000, domain loss=0.589492, sentiment loss=0.000000, reg loss=0.000000, step=29940
Dev:   final loss=0.159160, aspect loss=0.159160, opinion loss=0.000000, sentiment loss=0.000000, reg loss=0.000000, step=29940
Dev:   aspect f1=0.5264, opinion f1=0.0000, sentiment acc==0.0000, sentiment f1==0.0000, ABSA f1==0.0000,
Test:  aspect f1=0.5264, opinion f1=0.0000, sentiment acc==0.0000, sentiment f1==0.0000, ABSA f1==0.0000,
Current Max Metrics Index : 11 Current Min Loss Index : 18 Epoch Time: 0m 8s Tau : 0.42

-------------------------------------Iter30-------------------------------------
Train: final loss=0.631113, aspect loss=0.038079, opinion loss=0.000000, domain loss=0.589722, sentiment loss=0.000000, reg loss=0.000000, step=30938
Dev:   final loss=0.161392, aspect loss=0.161392, opinion loss=0.000000, sentiment loss=0.000000, reg loss=0.000000, step=30938
Dev:   aspect f1=0.5081, opinion f1=0.0000, sentiment acc==0.0000, sentiment f1==0.0000, ABSA f1==0.0000,
Test:  aspect f1=0.5081, opinion f1=0.0000, sentiment acc==0.0000, sentiment f1==0.0000, ABSA f1==0.0000,
Current Max Metrics Index : 11 Current Min Loss Index : 18 Epoch Time: 0m 8s Tau : 0.41

-------------------------------------Iter31-------------------------------------
Train: final loss=0.631612, aspect loss=0.036312, opinion loss=0.000000, domain loss=0.589618, sentiment loss=0.000000, reg loss=0.000000, step=31936
Dev:   final loss=0.171622, aspect loss=0.171622, opinion loss=0.000000, sentiment loss=0.000000, reg loss=0.000000, step=31936
Dev:   aspect f1=0.5056, opinion f1=0.0000, sentiment acc==0.0000, sentiment f1==0.0000, ABSA f1==0.0000,
Test:  aspect f1=0.5056, opinion f1=0.0000, sentiment acc==0.0000, sentiment f1==0.0000, ABSA f1==0.0000,
Current Max Metrics Index : 11 Current Min Loss Index : 18 Epoch Time: 0m 8s Tau : 0.39

-------------------------------------Iter32-------------------------------------
Train: final loss=0.634103, aspect loss=0.037196, opinion loss=0.000000, domain loss=0.589115, sentiment loss=0.000000, reg loss=0.000000, step=32934
Dev:   final loss=0.164731, aspect loss=0.164731, opinion loss=0.000000, sentiment loss=0.000000, reg loss=0.000000, step=32934
Dev:   aspect f1=0.5186, opinion f1=0.0000, sentiment acc==0.0000, sentiment f1==0.0000, ABSA f1==0.0000,
Test:  aspect f1=0.5186, opinion f1=0.0000, sentiment acc==0.0000, sentiment f1==0.0000, ABSA f1==0.0000,
Current Max Metrics Index : 11 Current Min Loss Index : 18 Epoch Time: 0m 8s Tau : 0.38

-------------------------------------Iter33-------------------------------------
Train: final loss=0.630635, aspect loss=0.036363, opinion loss=0.000000, domain loss=0.590320, sentiment loss=0.000000, reg loss=0.000000, step=33932
Dev:   final loss=0.174985, aspect loss=0.174985, opinion loss=0.000000, sentiment loss=0.000000, reg loss=0.000000, step=33932
Dev:   aspect f1=0.5116, opinion f1=0.0000, sentiment acc==0.0000, sentiment f1==0.0000, ABSA f1==0.0000,
Test:  aspect f1=0.5116, opinion f1=0.0000, sentiment acc==0.0000, sentiment f1==0.0000, ABSA f1==0.0000,
Current Max Metrics Index : 11 Current Min Loss Index : 18 Epoch Time: 0m 8s Tau : 0.37

-------------------------------------Iter34-------------------------------------
Train: final loss=0.628318, aspect loss=0.036469, opinion loss=0.000000, domain loss=0.590428, sentiment loss=0.000000, reg loss=0.000000, step=34930
Dev:   final loss=0.171622, aspect loss=0.171622, opinion loss=0.000000, sentiment loss=0.000000, reg loss=0.000000, step=34930
Dev:   aspect f1=0.5191, opinion f1=0.0000, sentiment acc==0.0000, sentiment f1==0.0000, ABSA f1==0.0000,
Test:  aspect f1=0.5191, opinion f1=0.0000, sentiment acc==0.0000, sentiment f1==0.0000, ABSA f1==0.0000,
Current Max Metrics Index : 11 Current Min Loss Index : 18 Epoch Time: 0m 9s Tau : 0.36

-------------------------------------Iter35-------------------------------------
Train: final loss=0.631926, aspect loss=0.035098, opinion loss=0.000000, domain loss=0.590167, sentiment loss=0.000000, reg loss=0.000000, step=35928
Dev:   final loss=0.174753, aspect loss=0.174753, opinion loss=0.000000, sentiment loss=0.000000, reg loss=0.000000, step=35928
Dev:   aspect f1=0.5304, opinion f1=0.0000, sentiment acc==0.0000, sentiment f1==0.0000, ABSA f1==0.0000,
Test:  aspect f1=0.5304, opinion f1=0.0000, sentiment acc==0.0000, sentiment f1==0.0000, ABSA f1==0.0000,
Current Max Metrics Index : 11 Current Min Loss Index : 18 Epoch Time: 0m 9s Tau : 0.35

-------------------------------------Iter36-------------------------------------
Train: final loss=0.630058, aspect loss=0.035382, opinion loss=0.000000, domain loss=0.589990, sentiment loss=0.000000, reg loss=0.000000, step=36926
Dev:   final loss=0.171972, aspect loss=0.171972, opinion loss=0.000000, sentiment loss=0.000000, reg loss=0.000000, step=36926
Dev:   aspect f1=0.5325, opinion f1=0.0000, sentiment acc==0.0000, sentiment f1==0.0000, ABSA f1==0.0000,
Test:  aspect f1=0.5325, opinion f1=0.0000, sentiment acc==0.0000, sentiment f1==0.0000, ABSA f1==0.0000,
Current Max Metrics Index : 11 Current Min Loss Index : 18 Epoch Time: 0m 8s Tau : 0.34

-------------------------------------Iter37-------------------------------------
Train: final loss=0.631681, aspect loss=0.034651, opinion loss=0.000000, domain loss=0.589922, sentiment loss=0.000000, reg loss=0.000000, step=37924
Dev:   final loss=0.171981, aspect loss=0.171981, opinion loss=0.000000, sentiment loss=0.000000, reg loss=0.000000, step=37924
Dev:   aspect f1=0.5195, opinion f1=0.0000, sentiment acc==0.0000, sentiment f1==0.0000, ABSA f1==0.0000,
Test:  aspect f1=0.5195, opinion f1=0.0000, sentiment acc==0.0000, sentiment f1==0.0000, ABSA f1==0.0000,
Current Max Metrics Index : 11 Current Min Loss Index : 18 Epoch Time: 0m 9s Tau : 0.33

-------------------------------------Iter38-------------------------------------
Train: final loss=0.630752, aspect loss=0.034186, opinion loss=0.000000, domain loss=0.590185, sentiment loss=0.000000, reg loss=0.000000, step=38922
Dev:   final loss=0.181809, aspect loss=0.181809, opinion loss=0.000000, sentiment loss=0.000000, reg loss=0.000000, step=38922
Dev:   aspect f1=0.5208, opinion f1=0.0000, sentiment acc==0.0000, sentiment f1==0.0000, ABSA f1==0.0000,
Test:  aspect f1=0.5208, opinion f1=0.0000, sentiment acc==0.0000, sentiment f1==0.0000, ABSA f1==0.0000,
Current Max Metrics Index : 11 Current Min Loss Index : 18 Epoch Time: 0m 9s Tau : 0.32

-------------------------------------Iter39-------------------------------------
Train: final loss=0.627960, aspect loss=0.033847, opinion loss=0.000000, domain loss=0.589701, sentiment loss=0.000000, reg loss=0.000000, step=39920
Dev:   final loss=0.182488, aspect loss=0.182488, opinion loss=0.000000, sentiment loss=0.000000, reg loss=0.000000, step=39920
Dev:   aspect f1=0.5169, opinion f1=0.0000, sentiment acc==0.0000, sentiment f1==0.0000, ABSA f1==0.0000,
Test:  aspect f1=0.5169, opinion f1=0.0000, sentiment acc==0.0000, sentiment f1==0.0000, ABSA f1==0.0000,
Current Max Metrics Index : 11 Current Min Loss Index : 18 Epoch Time: 0m 9s Tau : 0.31

-------------------------------------Iter40-------------------------------------
Train: final loss=0.627067, aspect loss=0.032632, opinion loss=0.000000, domain loss=0.589653, sentiment loss=0.000000, reg loss=0.000000, step=40918
Dev:   final loss=0.177793, aspect loss=0.177793, opinion loss=0.000000, sentiment loss=0.000000, reg loss=0.000000, step=40918
Dev:   aspect f1=0.5309, opinion f1=0.0000, sentiment acc==0.0000, sentiment f1==0.0000, ABSA f1==0.0000,
Test:  aspect f1=0.5309, opinion f1=0.0000, sentiment acc==0.0000, sentiment f1==0.0000, ABSA f1==0.0000,
Current Max Metrics Index : 11 Current Min Loss Index : 18 Epoch Time: 0m 9s Tau : 0.30

-------------------------------------Iter41-------------------------------------
Train: final loss=0.627645, aspect loss=0.032647, opinion loss=0.000000, domain loss=0.589902, sentiment loss=0.000000, reg loss=0.000000, step=41916
Dev:   final loss=0.180972, aspect loss=0.180972, opinion loss=0.000000, sentiment loss=0.000000, reg loss=0.000000, step=41916
Dev:   aspect f1=0.4963, opinion f1=0.0000, sentiment acc==0.0000, sentiment f1==0.0000, ABSA f1==0.0000,
Test:  aspect f1=0.4963, opinion f1=0.0000, sentiment acc==0.0000, sentiment f1==0.0000, ABSA f1==0.0000,
Current Max Metrics Index : 11 Current Min Loss Index : 18 Epoch Time: 0m 9s Tau : 0.29

-------------------------------------Iter42-------------------------------------
Train: final loss=0.627860, aspect loss=0.032679, opinion loss=0.000000, domain loss=0.589771, sentiment loss=0.000000, reg loss=0.000000, step=42914
Dev:   final loss=0.184797, aspect loss=0.184797, opinion loss=0.000000, sentiment loss=0.000000, reg loss=0.000000, step=42914
Dev:   aspect f1=0.5349, opinion f1=0.0000, sentiment acc==0.0000, sentiment f1==0.0000, ABSA f1==0.0000,
Test:  aspect f1=0.5349, opinion f1=0.0000, sentiment acc==0.0000, sentiment f1==0.0000, ABSA f1==0.0000,
Current Max Metrics Index : 11 Current Min Loss Index : 18 Epoch Time: 0m 9s Tau : 0.28

-------------------------------------Iter43-------------------------------------
Train: final loss=0.626602, aspect loss=0.031595, opinion loss=0.000000, domain loss=0.589610, sentiment loss=0.000000, reg loss=0.000000, step=43912
Dev:   final loss=0.172654, aspect loss=0.172654, opinion loss=0.000000, sentiment loss=0.000000, reg loss=0.000000, step=43912
Dev:   aspect f1=0.5208, opinion f1=0.0000, sentiment acc==0.0000, sentiment f1==0.0000, ABSA f1==0.0000,
Test:  aspect f1=0.5208, opinion f1=0.0000, sentiment acc==0.0000, sentiment f1==0.0000, ABSA f1==0.0000,
Current Max Metrics Index : 11 Current Min Loss Index : 18 Epoch Time: 0m 9s Tau : 0.28

-------------------------------------Iter44-------------------------------------
Train: final loss=0.626324, aspect loss=0.030836, opinion loss=0.000000, domain loss=0.589861, sentiment loss=0.000000, reg loss=0.000000, step=44910
Dev:   final loss=0.186584, aspect loss=0.186584, opinion loss=0.000000, sentiment loss=0.000000, reg loss=0.000000, step=44910
Dev:   aspect f1=0.5232, opinion f1=0.0000, sentiment acc==0.0000, sentiment f1==0.0000, ABSA f1==0.0000,
Test:  aspect f1=0.5232, opinion f1=0.0000, sentiment acc==0.0000, sentiment f1==0.0000, ABSA f1==0.0000,
Current Max Metrics Index : 11 Current Min Loss Index : 18 Epoch Time: 0m 9s Tau : 0.27

-------------------------------------Iter45-------------------------------------
Train: final loss=0.629734, aspect loss=0.031737, opinion loss=0.000000, domain loss=0.590126, sentiment loss=0.000000, reg loss=0.000000, step=45908
Dev:   final loss=0.164836, aspect loss=0.164836, opinion loss=0.000000, sentiment loss=0.000000, reg loss=0.000000, step=45908
Dev:   aspect f1=0.5394, opinion f1=0.0000, sentiment acc==0.0000, sentiment f1==0.0000, ABSA f1==0.0000,
Test:  aspect f1=0.5394, opinion f1=0.0000, sentiment acc==0.0000, sentiment f1==0.0000, ABSA f1==0.0000,
Current Max Metrics Index : 11 Current Min Loss Index : 18 Epoch Time: 0m 9s Tau : 0.26

-------------------------------------Iter46-------------------------------------
Train: final loss=0.624268, aspect loss=0.030060, opinion loss=0.000000, domain loss=0.589972, sentiment loss=0.000000, reg loss=0.000000, step=46906
Dev:   final loss=0.182885, aspect loss=0.182885, opinion loss=0.000000, sentiment loss=0.000000, reg loss=0.000000, step=46906
Dev:   aspect f1=0.5301, opinion f1=0.0000, sentiment acc==0.0000, sentiment f1==0.0000, ABSA f1==0.0000,
Test:  aspect f1=0.5301, opinion f1=0.0000, sentiment acc==0.0000, sentiment f1==0.0000, ABSA f1==0.0000,
Current Max Metrics Index : 11 Current Min Loss Index : 18 Epoch Time: 0m 9s Tau : 0.25

-------------------------------------Iter47-------------------------------------
Train: final loss=0.622936, aspect loss=0.030245, opinion loss=0.000000, domain loss=0.590051, sentiment loss=0.000000, reg loss=0.000000, step=47904
Dev:   final loss=0.193401, aspect loss=0.193401, opinion loss=0.000000, sentiment loss=0.000000, reg loss=0.000000, step=47904
Dev:   aspect f1=0.5204, opinion f1=0.0000, sentiment acc==0.0000, sentiment f1==0.0000, ABSA f1==0.0000,
Test:  aspect f1=0.5204, opinion f1=0.0000, sentiment acc==0.0000, sentiment f1==0.0000, ABSA f1==0.0000,
Current Max Metrics Index : 11 Current Min Loss Index : 18 Epoch Time: 0m 9s Tau : 0.24

-------------------------------------Iter48-------------------------------------
Train: final loss=0.625040, aspect loss=0.029623, opinion loss=0.000000, domain loss=0.589812, sentiment loss=0.000000, reg loss=0.000000, step=48902
Dev:   final loss=0.179470, aspect loss=0.179470, opinion loss=0.000000, sentiment loss=0.000000, reg loss=0.000000, step=48902
Dev:   aspect f1=0.5256, opinion f1=0.0000, sentiment acc==0.0000, sentiment f1==0.0000, ABSA f1==0.0000,
Test:  aspect f1=0.5256, opinion f1=0.0000, sentiment acc==0.0000, sentiment f1==0.0000, ABSA f1==0.0000,
Current Max Metrics Index : 11 Current Min Loss Index : 18 Epoch Time: 0m 9s Tau : 0.24

-------------------------------------Iter49-------------------------------------
Train: final loss=0.622111, aspect loss=0.029387, opinion loss=0.000000, domain loss=0.589701, sentiment loss=0.000000, reg loss=0.000000, step=49900
Dev:   final loss=0.188703, aspect loss=0.188703, opinion loss=0.000000, sentiment loss=0.000000, reg loss=0.000000, step=49900
Dev:   aspect f1=0.5286, opinion f1=0.0000, sentiment acc==0.0000, sentiment f1==0.0000, ABSA f1==0.0000,
Test:  aspect f1=0.5286, opinion f1=0.0000, sentiment acc==0.0000, sentiment f1==0.0000, ABSA f1==0.0000,
Current Max Metrics Index : 11 Current Min Loss Index : 18 Epoch Time: 0m 9s Tau : 0.23

-------------------------------------Iter50-------------------------------------
Train: final loss=0.624543, aspect loss=0.029417, opinion loss=0.000000, domain loss=0.589755, sentiment loss=0.000000, reg loss=0.000000, step=50898
Dev:   final loss=0.184051, aspect loss=0.184051, opinion loss=0.000000, sentiment loss=0.000000, reg loss=0.000000, step=50898
Dev:   aspect f1=0.5205, opinion f1=0.0000, sentiment acc==0.0000, sentiment f1==0.0000, ABSA f1==0.0000,
Test:  aspect f1=0.5205, opinion f1=0.0000, sentiment acc==0.0000, sentiment f1==0.0000, ABSA f1==0.0000,
Current Max Metrics Index : 11 Current Min Loss Index : 18 Epoch Time: 0m 9s Tau : 0.22

-------------------------------------Iter51-------------------------------------
Train: final loss=0.624162, aspect loss=0.029014, opinion loss=0.000000, domain loss=0.589770, sentiment loss=0.000000, reg loss=0.000000, step=51896
Dev:   final loss=0.182603, aspect loss=0.182603, opinion loss=0.000000, sentiment loss=0.000000, reg loss=0.000000, step=51896
Dev:   aspect f1=0.5320, opinion f1=0.0000, sentiment acc==0.0000, sentiment f1==0.0000, ABSA f1==0.0000,
Test:  aspect f1=0.5320, opinion f1=0.0000, sentiment acc==0.0000, sentiment f1==0.0000, ABSA f1==0.0000,
Current Max Metrics Index : 11 Current Min Loss Index : 18 Epoch Time: 0m 9s Tau : 0.22

-------------------------------------Iter52-------------------------------------
Train: final loss=0.622488, aspect loss=0.028022, opinion loss=0.000000, domain loss=0.589790, sentiment loss=0.000000, reg loss=0.000000, step=52894
Dev:   final loss=0.186114, aspect loss=0.186114, opinion loss=0.000000, sentiment loss=0.000000, reg loss=0.000000, step=52894
Dev:   aspect f1=0.5134, opinion f1=0.0000, sentiment acc==0.0000, sentiment f1==0.0000, ABSA f1==0.0000,
Test:  aspect f1=0.5134, opinion f1=0.0000, sentiment acc==0.0000, sentiment f1==0.0000, ABSA f1==0.0000,
Current Max Metrics Index : 11 Current Min Loss Index : 18 Epoch Time: 0m 9s Tau : 0.21

-------------------------------------Iter53-------------------------------------
Train: final loss=0.622330, aspect loss=0.027184, opinion loss=0.000000, domain loss=0.589732, sentiment loss=0.000000, reg loss=0.000000, step=53892
Dev:   final loss=0.193713, aspect loss=0.193713, opinion loss=0.000000, sentiment loss=0.000000, reg loss=0.000000, step=53892
Dev:   aspect f1=0.5246, opinion f1=0.0000, sentiment acc==0.0000, sentiment f1==0.0000, ABSA f1==0.0000,
Test:  aspect f1=0.5246, opinion f1=0.0000, sentiment acc==0.0000, sentiment f1==0.0000, ABSA f1==0.0000,
Current Max Metrics Index : 11 Current Min Loss Index : 18 Epoch Time: 0m 9s Tau : 0.20

-------------------------------------Iter54-------------------------------------
Train: final loss=0.623030, aspect loss=0.027319, opinion loss=0.000000, domain loss=0.589839, sentiment loss=0.000000, reg loss=0.000000, step=54890
Dev:   final loss=0.185698, aspect loss=0.185698, opinion loss=0.000000, sentiment loss=0.000000, reg loss=0.000000, step=54890
Dev:   aspect f1=0.5233, opinion f1=0.0000, sentiment acc==0.0000, sentiment f1==0.0000, ABSA f1==0.0000,
Test:  aspect f1=0.5233, opinion f1=0.0000, sentiment acc==0.0000, sentiment f1==0.0000, ABSA f1==0.0000,
Current Max Metrics Index : 11 Current Min Loss Index : 18 Epoch Time: 0m 9s Tau : 0.20

-------------------------------------Iter55-------------------------------------
Train: final loss=0.620990, aspect loss=0.026935, opinion loss=0.000000, domain loss=0.589648, sentiment loss=0.000000, reg loss=0.000000, step=55888
Dev:   final loss=0.185137, aspect loss=0.185137, opinion loss=0.000000, sentiment loss=0.000000, reg loss=0.000000, step=55888
Dev:   aspect f1=0.5110, opinion f1=0.0000, sentiment acc==0.0000, sentiment f1==0.0000, ABSA f1==0.0000,
Test:  aspect f1=0.5110, opinion f1=0.0000, sentiment acc==0.0000, sentiment f1==0.0000, ABSA f1==0.0000,
Current Max Metrics Index : 11 Current Min Loss Index : 18 Epoch Time: 0m 9s Tau : 0.19

-------------------------------------Iter56-------------------------------------
Train: final loss=0.621304, aspect loss=0.026717, opinion loss=0.000000, domain loss=0.589939, sentiment loss=0.000000, reg loss=0.000000, step=56886
Dev:   final loss=0.185680, aspect loss=0.185680, opinion loss=0.000000, sentiment loss=0.000000, reg loss=0.000000, step=56886
Dev:   aspect f1=0.5325, opinion f1=0.0000, sentiment acc==0.0000, sentiment f1==0.0000, ABSA f1==0.0000,
Test:  aspect f1=0.5325, opinion f1=0.0000, sentiment acc==0.0000, sentiment f1==0.0000, ABSA f1==0.0000,
Current Max Metrics Index : 11 Current Min Loss Index : 18 Epoch Time: 0m 9s Tau : 0.19

-------------------------------------Iter57-------------------------------------
Train: final loss=0.622425, aspect loss=0.026474, opinion loss=0.000000, domain loss=0.589797, sentiment loss=0.000000, reg loss=0.000000, step=57884
Dev:   final loss=0.190332, aspect loss=0.190332, opinion loss=0.000000, sentiment loss=0.000000, reg loss=0.000000, step=57884
Dev:   aspect f1=0.5310, opinion f1=0.0000, sentiment acc==0.0000, sentiment f1==0.0000, ABSA f1==0.0000,
Test:  aspect f1=0.5310, opinion f1=0.0000, sentiment acc==0.0000, sentiment f1==0.0000, ABSA f1==0.0000,
Current Max Metrics Index : 11 Current Min Loss Index : 18 Epoch Time: 0m 9s Tau : 0.18

-------------------------------------Iter58-------------------------------------
Train: final loss=0.617948, aspect loss=0.025691, opinion loss=0.000000, domain loss=0.589602, sentiment loss=0.000000, reg loss=0.000000, step=58882
Dev:   final loss=0.198470, aspect loss=0.198470, opinion loss=0.000000, sentiment loss=0.000000, reg loss=0.000000, step=58882
Dev:   aspect f1=0.5128, opinion f1=0.0000, sentiment acc==0.0000, sentiment f1==0.0000, ABSA f1==0.0000,
Test:  aspect f1=0.5128, opinion f1=0.0000, sentiment acc==0.0000, sentiment f1==0.0000, ABSA f1==0.0000,
Current Max Metrics Index : 11 Current Min Loss Index : 18 Epoch Time: 0m 9s Tau : 0.18

-------------------------------------Iter59-------------------------------------
Train: final loss=0.622162, aspect loss=0.026762, opinion loss=0.000000, domain loss=0.589540, sentiment loss=0.000000, reg loss=0.000000, step=59880
Dev:   final loss=0.189073, aspect loss=0.189073, opinion loss=0.000000, sentiment loss=0.000000, reg loss=0.000000, step=59880
Dev:   aspect f1=0.5273, opinion f1=0.0000, sentiment acc==0.0000, sentiment f1==0.0000, ABSA f1==0.0000,
Test:  aspect f1=0.5273, opinion f1=0.0000, sentiment acc==0.0000, sentiment f1==0.0000, ABSA f1==0.0000,
Current Max Metrics Index : 11 Current Min Loss Index : 18 Epoch Time: 0m 9s Tau : 0.17

-------------------------------------Iter60-------------------------------------
Train: final loss=0.616625, aspect loss=0.024895, opinion loss=0.000000, domain loss=0.589548, sentiment loss=0.000000, reg loss=0.000000, step=60878
Dev:   final loss=0.192421, aspect loss=0.192421, opinion loss=0.000000, sentiment loss=0.000000, reg loss=0.000000, step=60878
Dev:   aspect f1=0.5161, opinion f1=0.0000, sentiment acc==0.0000, sentiment f1==0.0000, ABSA f1==0.0000,
Test:  aspect f1=0.5161, opinion f1=0.0000, sentiment acc==0.0000, sentiment f1==0.0000, ABSA f1==0.0000,
Current Max Metrics Index : 11 Current Min Loss Index : 18 Epoch Time: 0m 9s Tau : 0.17

-------------------------------------Iter61-------------------------------------
Train: final loss=0.619512, aspect loss=0.025281, opinion loss=0.000000, domain loss=0.589813, sentiment loss=0.000000, reg loss=0.000000, step=61876
Dev:   final loss=0.197445, aspect loss=0.197445, opinion loss=0.000000, sentiment loss=0.000000, reg loss=0.000000, step=61876
Dev:   aspect f1=0.4966, opinion f1=0.0000, sentiment acc==0.0000, sentiment f1==0.0000, ABSA f1==0.0000,
Test:  aspect f1=0.4966, opinion f1=0.0000, sentiment acc==0.0000, sentiment f1==0.0000, ABSA f1==0.0000,
Current Max Metrics Index : 11 Current Min Loss Index : 18 Epoch Time: 0m 9s Tau : 0.16

-------------------------------------Iter62-------------------------------------
Train: final loss=0.619705, aspect loss=0.024808, opinion loss=0.000000, domain loss=0.589498, sentiment loss=0.000000, reg loss=0.000000, step=62874
Dev:   final loss=0.194235, aspect loss=0.194235, opinion loss=0.000000, sentiment loss=0.000000, reg loss=0.000000, step=62874
Dev:   aspect f1=0.5121, opinion f1=0.0000, sentiment acc==0.0000, sentiment f1==0.0000, ABSA f1==0.0000,
Test:  aspect f1=0.5121, opinion f1=0.0000, sentiment acc==0.0000, sentiment f1==0.0000, ABSA f1==0.0000,
Current Max Metrics Index : 11 Current Min Loss Index : 18 Epoch Time: 0m 9s Tau : 0.16

-------------------------------------Iter63-------------------------------------
Train: final loss=0.618076, aspect loss=0.024597, opinion loss=0.000000, domain loss=0.589676, sentiment loss=0.000000, reg loss=0.000000, step=63872
Dev:   final loss=0.200274, aspect loss=0.200274, opinion loss=0.000000, sentiment loss=0.000000, reg loss=0.000000, step=63872
Dev:   aspect f1=0.5266, opinion f1=0.0000, sentiment acc==0.0000, sentiment f1==0.0000, ABSA f1==0.0000,
Test:  aspect f1=0.5266, opinion f1=0.0000, sentiment acc==0.0000, sentiment f1==0.0000, ABSA f1==0.0000,
Current Max Metrics Index : 11 Current Min Loss Index : 18 Epoch Time: 0m 9s Tau : 0.15

-------------------------------------Iter64-------------------------------------
Train: final loss=0.617635, aspect loss=0.023512, opinion loss=0.000000, domain loss=0.589865, sentiment loss=0.000000, reg loss=0.000000, step=64870
Dev:   final loss=0.197657, aspect loss=0.197657, opinion loss=0.000000, sentiment loss=0.000000, reg loss=0.000000, step=64870
Dev:   aspect f1=0.5109, opinion f1=0.0000, sentiment acc==0.0000, sentiment f1==0.0000, ABSA f1==0.0000,
Test:  aspect f1=0.5109, opinion f1=0.0000, sentiment acc==0.0000, sentiment f1==0.0000, ABSA f1==0.0000,
Current Max Metrics Index : 11 Current Min Loss Index : 18 Epoch Time: 0m 9s Tau : 0.15

-------------------------------------Iter65-------------------------------------
Train: final loss=0.619503, aspect loss=0.024404, opinion loss=0.000000, domain loss=0.589733, sentiment loss=0.000000, reg loss=0.000000, step=65868
Dev:   final loss=0.194727, aspect loss=0.194727, opinion loss=0.000000, sentiment loss=0.000000, reg loss=0.000000, step=65868
Dev:   aspect f1=0.5237, opinion f1=0.0000, sentiment acc==0.0000, sentiment f1==0.0000, ABSA f1==0.0000,
Test:  aspect f1=0.5237, opinion f1=0.0000, sentiment acc==0.0000, sentiment f1==0.0000, ABSA f1==0.0000,
Current Max Metrics Index : 11 Current Min Loss Index : 18 Epoch Time: 0m 9s Tau : 0.14

-------------------------------------Iter66-------------------------------------
Train: final loss=0.618250, aspect loss=0.024181, opinion loss=0.000000, domain loss=0.589846, sentiment loss=0.000000, reg loss=0.000000, step=66866
Dev:   final loss=0.196571, aspect loss=0.196571, opinion loss=0.000000, sentiment loss=0.000000, reg loss=0.000000, step=66866
Dev:   aspect f1=0.5072, opinion f1=0.0000, sentiment acc==0.0000, sentiment f1==0.0000, ABSA f1==0.0000,
Test:  aspect f1=0.5072, opinion f1=0.0000, sentiment acc==0.0000, sentiment f1==0.0000, ABSA f1==0.0000,
Current Max Metrics Index : 11 Current Min Loss Index : 18 Epoch Time: 0m 9s Tau : 0.14

-------------------------------------Iter67-------------------------------------
Train: final loss=0.616856, aspect loss=0.023089, opinion loss=0.000000, domain loss=0.589939, sentiment loss=0.000000, reg loss=0.000000, step=67864
Dev:   final loss=0.198604, aspect loss=0.198604, opinion loss=0.000000, sentiment loss=0.000000, reg loss=0.000000, step=67864
Dev:   aspect f1=0.5211, opinion f1=0.0000, sentiment acc==0.0000, sentiment f1==0.0000, ABSA f1==0.0000,
Test:  aspect f1=0.5211, opinion f1=0.0000, sentiment acc==0.0000, sentiment f1==0.0000, ABSA f1==0.0000,
Current Max Metrics Index : 11 Current Min Loss Index : 18 Epoch Time: 0m 9s Tau : 0.13

-------------------------------------Iter68-------------------------------------
Train: final loss=0.619356, aspect loss=0.023189, opinion loss=0.000000, domain loss=0.589730, sentiment loss=0.000000, reg loss=0.000000, step=68862
Dev:   final loss=0.219368, aspect loss=0.219368, opinion loss=0.000000, sentiment loss=0.000000, reg loss=0.000000, step=68862
Dev:   aspect f1=0.5206, opinion f1=0.0000, sentiment acc==0.0000, sentiment f1==0.0000, ABSA f1==0.0000,
Test:  aspect f1=0.5206, opinion f1=0.0000, sentiment acc==0.0000, sentiment f1==0.0000, ABSA f1==0.0000,
Current Max Metrics Index : 11 Current Min Loss Index : 18 Epoch Time: 0m 9s Tau : 0.13

-------------------------------------Iter69-------------------------------------
Train: final loss=0.617559, aspect loss=0.023086, opinion loss=0.000000, domain loss=0.589566, sentiment loss=0.000000, reg loss=0.000000, step=69860
Dev:   final loss=0.233756, aspect loss=0.233756, opinion loss=0.000000, sentiment loss=0.000000, reg loss=0.000000, step=69860
Dev:   aspect f1=0.5190, opinion f1=0.0000, sentiment acc==0.0000, sentiment f1==0.0000, ABSA f1==0.0000,
Test:  aspect f1=0.5190, opinion f1=0.0000, sentiment acc==0.0000, sentiment f1==0.0000, ABSA f1==0.0000,
Current Max Metrics Index : 11 Current Min Loss Index : 18 Epoch Time: 0m 9s Tau : 0.13

-------------------------------------Iter70-------------------------------------
Train: final loss=0.617252, aspect loss=0.023289, opinion loss=0.000000, domain loss=0.589605, sentiment loss=0.000000, reg loss=0.000000, step=70858
Dev:   final loss=0.209429, aspect loss=0.209429, opinion loss=0.000000, sentiment loss=0.000000, reg loss=0.000000, step=70858
Dev:   aspect f1=0.5231, opinion f1=0.0000, sentiment acc==0.0000, sentiment f1==0.0000, ABSA f1==0.0000,
Test:  aspect f1=0.5231, opinion f1=0.0000, sentiment acc==0.0000, sentiment f1==0.0000, ABSA f1==0.0000,
Current Max Metrics Index : 11 Current Min Loss Index : 18 Epoch Time: 0m 9s Tau : 0.12

-------------------------------------Iter71-------------------------------------
Train: final loss=0.619170, aspect loss=0.022232, opinion loss=0.000000, domain loss=0.589743, sentiment loss=0.000000, reg loss=0.000000, step=71856
Dev:   final loss=0.218318, aspect loss=0.218318, opinion loss=0.000000, sentiment loss=0.000000, reg loss=0.000000, step=71856
Dev:   aspect f1=0.5187, opinion f1=0.0000, sentiment acc==0.0000, sentiment f1==0.0000, ABSA f1==0.0000,
Test:  aspect f1=0.5187, opinion f1=0.0000, sentiment acc==0.0000, sentiment f1==0.0000, ABSA f1==0.0000,
Current Max Metrics Index : 11 Current Min Loss Index : 18 Epoch Time: 0m 9s Tau : 0.12

-------------------------------------Iter72-------------------------------------
Train: final loss=0.616463, aspect loss=0.022360, opinion loss=0.000000, domain loss=0.589632, sentiment loss=0.000000, reg loss=0.000000, step=72854
Dev:   final loss=0.219756, aspect loss=0.219756, opinion loss=0.000000, sentiment loss=0.000000, reg loss=0.000000, step=72854
Dev:   aspect f1=0.5175, opinion f1=0.0000, sentiment acc==0.0000, sentiment f1==0.0000, ABSA f1==0.0000,
Test:  aspect f1=0.5175, opinion f1=0.0000, sentiment acc==0.0000, sentiment f1==0.0000, ABSA f1==0.0000,
Current Max Metrics Index : 11 Current Min Loss Index : 18 Epoch Time: 0m 9s Tau : 0.12

-------------------------------------Iter73-------------------------------------
Train: final loss=0.617429, aspect loss=0.022269, opinion loss=0.000000, domain loss=0.589588, sentiment loss=0.000000, reg loss=0.000000, step=73852
Dev:   final loss=0.231438, aspect loss=0.231438, opinion loss=0.000000, sentiment loss=0.000000, reg loss=0.000000, step=73852
Dev:   aspect f1=0.5138, opinion f1=0.0000, sentiment acc==0.0000, sentiment f1==0.0000, ABSA f1==0.0000,
Test:  aspect f1=0.5138, opinion f1=0.0000, sentiment acc==0.0000, sentiment f1==0.0000, ABSA f1==0.0000,
Current Max Metrics Index : 11 Current Min Loss Index : 18 Epoch Time: 0m 9s Tau : 0.11

-------------------------------------Iter74-------------------------------------
Train: final loss=0.615647, aspect loss=0.021035, opinion loss=0.000000, domain loss=0.589705, sentiment loss=0.000000, reg loss=0.000000, step=74850
Dev:   final loss=0.213283, aspect loss=0.213283, opinion loss=0.000000, sentiment loss=0.000000, reg loss=0.000000, step=74850
Dev:   aspect f1=0.5198, opinion f1=0.0000, sentiment acc==0.0000, sentiment f1==0.0000, ABSA f1==0.0000,
Test:  aspect f1=0.5198, opinion f1=0.0000, sentiment acc==0.0000, sentiment f1==0.0000, ABSA f1==0.0000,
Current Max Metrics Index : 11 Current Min Loss Index : 18 Epoch Time: 0m 9s Tau : 0.11

-------------------------------------Iter75-------------------------------------
Train: final loss=0.617274, aspect loss=0.022255, opinion loss=0.000000, domain loss=0.589999, sentiment loss=0.000000, reg loss=0.000000, step=75848
Dev:   final loss=0.202802, aspect loss=0.202802, opinion loss=0.000000, sentiment loss=0.000000, reg loss=0.000000, step=75848
Dev:   aspect f1=0.5212, opinion f1=0.0000, sentiment acc==0.0000, sentiment f1==0.0000, ABSA f1==0.0000,
Test:  aspect f1=0.5212, opinion f1=0.0000, sentiment acc==0.0000, sentiment f1==0.0000, ABSA f1==0.0000,
Current Max Metrics Index : 11 Current Min Loss Index : 18 Epoch Time: 0m 9s Tau : 0.11

-------------------------------------Iter76-------------------------------------
Train: final loss=0.617206, aspect loss=0.021772, opinion loss=0.000000, domain loss=0.589896, sentiment loss=0.000000, reg loss=0.000000, step=76846
Dev:   final loss=0.208008, aspect loss=0.208008, opinion loss=0.000000, sentiment loss=0.000000, reg loss=0.000000, step=76846
Dev:   aspect f1=0.5280, opinion f1=0.0000, sentiment acc==0.0000, sentiment f1==0.0000, ABSA f1==0.0000,
Test:  aspect f1=0.5280, opinion f1=0.0000, sentiment acc==0.0000, sentiment f1==0.0000, ABSA f1==0.0000,
Current Max Metrics Index : 11 Current Min Loss Index : 18 Epoch Time: 0m 9s Tau : 0.10

-------------------------------------Iter77-------------------------------------
Train: final loss=0.615374, aspect loss=0.020735, opinion loss=0.000000, domain loss=0.589889, sentiment loss=0.000000, reg loss=0.000000, step=77844
Dev:   final loss=0.215933, aspect loss=0.215933, opinion loss=0.000000, sentiment loss=0.000000, reg loss=0.000000, step=77844
Dev:   aspect f1=0.5275, opinion f1=0.0000, sentiment acc==0.0000, sentiment f1==0.0000, ABSA f1==0.0000,
Test:  aspect f1=0.5275, opinion f1=0.0000, sentiment acc==0.0000, sentiment f1==0.0000, ABSA f1==0.0000,
Current Max Metrics Index : 11 Current Min Loss Index : 18 Epoch Time: 0m 9s Tau : 0.10

-------------------------------------Iter78-------------------------------------
Train: final loss=0.614106, aspect loss=0.020731, opinion loss=0.000000, domain loss=0.589553, sentiment loss=0.000000, reg loss=0.000000, step=78842
Dev:   final loss=0.207595, aspect loss=0.207595, opinion loss=0.000000, sentiment loss=0.000000, reg loss=0.000000, step=78842
Dev:   aspect f1=0.5149, opinion f1=0.0000, sentiment acc==0.0000, sentiment f1==0.0000, ABSA f1==0.0000,
Test:  aspect f1=0.5149, opinion f1=0.0000, sentiment acc==0.0000, sentiment f1==0.0000, ABSA f1==0.0000,
Current Max Metrics Index : 11 Current Min Loss Index : 18 Epoch Time: 0m 9s Tau : 0.10

-------------------------------------Iter79-------------------------------------
Train: final loss=0.614192, aspect loss=0.021008, opinion loss=0.000000, domain loss=0.589726, sentiment loss=0.000000, reg loss=0.000000, step=79840
Dev:   final loss=0.213741, aspect loss=0.213741, opinion loss=0.000000, sentiment loss=0.000000, reg loss=0.000000, step=79840
Dev:   aspect f1=0.5185, opinion f1=0.0000, sentiment acc==0.0000, sentiment f1==0.0000, ABSA f1==0.0000,
Test:  aspect f1=0.5185, opinion f1=0.0000, sentiment acc==0.0000, sentiment f1==0.0000, ABSA f1==0.0000,
Current Max Metrics Index : 11 Current Min Loss Index : 18 Epoch Time: 0m 9s Tau : 0.10

-------------------------------------Iter80-------------------------------------
Train: final loss=0.616563, aspect loss=0.020510, opinion loss=0.000000, domain loss=0.589751, sentiment loss=0.000000, reg loss=0.000000, step=80838
Dev:   final loss=0.205864, aspect loss=0.205864, opinion loss=0.000000, sentiment loss=0.000000, reg loss=0.000000, step=80838
Dev:   aspect f1=0.5274, opinion f1=0.0000, sentiment acc==0.0000, sentiment f1==0.0000, ABSA f1==0.0000,
Test:  aspect f1=0.5274, opinion f1=0.0000, sentiment acc==0.0000, sentiment f1==0.0000, ABSA f1==0.0000,
Current Max Metrics Index : 11 Current Min Loss Index : 18 Epoch Time: 0m 9s Tau : 0.10

-------------------------------------Iter81-------------------------------------
Train: final loss=0.614892, aspect loss=0.019673, opinion loss=0.000000, domain loss=0.589360, sentiment loss=0.000000, reg loss=0.000000, step=81836
Dev:   final loss=0.211893, aspect loss=0.211893, opinion loss=0.000000, sentiment loss=0.000000, reg loss=0.000000, step=81836
Dev:   aspect f1=0.5172, opinion f1=0.0000, sentiment acc==0.0000, sentiment f1==0.0000, ABSA f1==0.0000,
Test:  aspect f1=0.5172, opinion f1=0.0000, sentiment acc==0.0000, sentiment f1==0.0000, ABSA f1==0.0000,
Current Max Metrics Index : 11 Current Min Loss Index : 18 Epoch Time: 0m 9s Tau : 0.10

-------------------------------------Iter82-------------------------------------
Train: final loss=0.612619, aspect loss=0.019692, opinion loss=0.000000, domain loss=0.589675, sentiment loss=0.000000, reg loss=0.000000, step=82834
Dev:   final loss=0.213316, aspect loss=0.213316, opinion loss=0.000000, sentiment loss=0.000000, reg loss=0.000000, step=82834
Dev:   aspect f1=0.5319, opinion f1=0.0000, sentiment acc==0.0000, sentiment f1==0.0000, ABSA f1==0.0000,
Test:  aspect f1=0.5319, opinion f1=0.0000, sentiment acc==0.0000, sentiment f1==0.0000, ABSA f1==0.0000,
Current Max Metrics Index : 11 Current Min Loss Index : 18 Epoch Time: 0m 9s Tau : 0.10

-------------------------------------Iter83-------------------------------------
Train: final loss=0.613469, aspect loss=0.018950, opinion loss=0.000000, domain loss=0.589552, sentiment loss=0.000000, reg loss=0.000000, step=83832
Dev:   final loss=0.218634, aspect loss=0.218634, opinion loss=0.000000, sentiment loss=0.000000, reg loss=0.000000, step=83832
Dev:   aspect f1=0.5182, opinion f1=0.0000, sentiment acc==0.0000, sentiment f1==0.0000, ABSA f1==0.0000,
Test:  aspect f1=0.5182, opinion f1=0.0000, sentiment acc==0.0000, sentiment f1==0.0000, ABSA f1==0.0000,
Current Max Metrics Index : 11 Current Min Loss Index : 18 Epoch Time: 0m 9s Tau : 0.10

-------------------------------------Iter84-------------------------------------
Train: final loss=0.612064, aspect loss=0.019049, opinion loss=0.000000, domain loss=0.589734, sentiment loss=0.000000, reg loss=0.000000, step=84830
Dev:   final loss=0.219506, aspect loss=0.219506, opinion loss=0.000000, sentiment loss=0.000000, reg loss=0.000000, step=84830
Dev:   aspect f1=0.5174, opinion f1=0.0000, sentiment acc==0.0000, sentiment f1==0.0000, ABSA f1==0.0000,
Test:  aspect f1=0.5174, opinion f1=0.0000, sentiment acc==0.0000, sentiment f1==0.0000, ABSA f1==0.0000,
Current Max Metrics Index : 11 Current Min Loss Index : 18 Epoch Time: 0m 9s Tau : 0.10

-------------------------------------Iter85-------------------------------------
Train: final loss=0.612051, aspect loss=0.019942, opinion loss=0.000000, domain loss=0.589583, sentiment loss=0.000000, reg loss=0.000000, step=85828
Dev:   final loss=0.209334, aspect loss=0.209334, opinion loss=0.000000, sentiment loss=0.000000, reg loss=0.000000, step=85828
Dev:   aspect f1=0.5189, opinion f1=0.0000, sentiment acc==0.0000, sentiment f1==0.0000, ABSA f1==0.0000,
Test:  aspect f1=0.5189, opinion f1=0.0000, sentiment acc==0.0000, sentiment f1==0.0000, ABSA f1==0.0000,
Current Max Metrics Index : 11 Current Min Loss Index : 18 Epoch Time: 0m 9s Tau : 0.10

-------------------------------------Iter86-------------------------------------
Train: final loss=0.615430, aspect loss=0.019629, opinion loss=0.000000, domain loss=0.590079, sentiment loss=0.000000, reg loss=0.000000, step=86826
Dev:   final loss=0.218165, aspect loss=0.218165, opinion loss=0.000000, sentiment loss=0.000000, reg loss=0.000000, step=86826
Dev:   aspect f1=0.5207, opinion f1=0.0000, sentiment acc==0.0000, sentiment f1==0.0000, ABSA f1==0.0000,
Test:  aspect f1=0.5207, opinion f1=0.0000, sentiment acc==0.0000, sentiment f1==0.0000, ABSA f1==0.0000,
Current Max Metrics Index : 11 Current Min Loss Index : 18 Epoch Time: 0m 9s Tau : 0.10

-------------------------------------Iter87-------------------------------------
Train: final loss=0.612349, aspect loss=0.019060, opinion loss=0.000000, domain loss=0.589936, sentiment loss=0.000000, reg loss=0.000000, step=87824
Dev:   final loss=0.208596, aspect loss=0.208596, opinion loss=0.000000, sentiment loss=0.000000, reg loss=0.000000, step=87824
Dev:   aspect f1=0.5218, opinion f1=0.0000, sentiment acc==0.0000, sentiment f1==0.0000, ABSA f1==0.0000,
Test:  aspect f1=0.5218, opinion f1=0.0000, sentiment acc==0.0000, sentiment f1==0.0000, ABSA f1==0.0000,
Current Max Metrics Index : 11 Current Min Loss Index : 18 Epoch Time: 0m 9s Tau : 0.10

-------------------------------------Iter88-------------------------------------
Train: final loss=0.614812, aspect loss=0.018867, opinion loss=0.000000, domain loss=0.589579, sentiment loss=0.000000, reg loss=0.000000, step=88822
Dev:   final loss=0.212232, aspect loss=0.212232, opinion loss=0.000000, sentiment loss=0.000000, reg loss=0.000000, step=88822
Dev:   aspect f1=0.5213, opinion f1=0.0000, sentiment acc==0.0000, sentiment f1==0.0000, ABSA f1==0.0000,
Test:  aspect f1=0.5213, opinion f1=0.0000, sentiment acc==0.0000, sentiment f1==0.0000, ABSA f1==0.0000,
Current Max Metrics Index : 11 Current Min Loss Index : 18 Epoch Time: 0m 9s Tau : 0.10

-------------------------------------Iter89-------------------------------------
Train: final loss=0.613311, aspect loss=0.019362, opinion loss=0.000000, domain loss=0.589831, sentiment loss=0.000000, reg loss=0.000000, step=89820
Dev:   final loss=0.216616, aspect loss=0.216616, opinion loss=0.000000, sentiment loss=0.000000, reg loss=0.000000, step=89820
Dev:   aspect f1=0.5262, opinion f1=0.0000, sentiment acc==0.0000, sentiment f1==0.0000, ABSA f1==0.0000,
Test:  aspect f1=0.5262, opinion f1=0.0000, sentiment acc==0.0000, sentiment f1==0.0000, ABSA f1==0.0000,
Current Max Metrics Index : 11 Current Min Loss Index : 18 Epoch Time: 0m 9s Tau : 0.10

-------------------------------------Iter90-------------------------------------
Train: final loss=0.613899, aspect loss=0.018539, opinion loss=0.000000, domain loss=0.589792, sentiment loss=0.000000, reg loss=0.000000, step=90818
Dev:   final loss=0.208983, aspect loss=0.208983, opinion loss=0.000000, sentiment loss=0.000000, reg loss=0.000000, step=90818
Dev:   aspect f1=0.5291, opinion f1=0.0000, sentiment acc==0.0000, sentiment f1==0.0000, ABSA f1==0.0000,
Test:  aspect f1=0.5291, opinion f1=0.0000, sentiment acc==0.0000, sentiment f1==0.0000, ABSA f1==0.0000,
Current Max Metrics Index : 11 Current Min Loss Index : 18 Epoch Time: 0m 9s Tau : 0.10

-------------------------------------Iter91-------------------------------------
Train: final loss=0.611810, aspect loss=0.018408, opinion loss=0.000000, domain loss=0.589537, sentiment loss=0.000000, reg loss=0.000000, step=91816
Dev:   final loss=0.219896, aspect loss=0.219896, opinion loss=0.000000, sentiment loss=0.000000, reg loss=0.000000, step=91816
Dev:   aspect f1=0.5167, opinion f1=0.0000, sentiment acc==0.0000, sentiment f1==0.0000, ABSA f1==0.0000,
Test:  aspect f1=0.5167, opinion f1=0.0000, sentiment acc==0.0000, sentiment f1==0.0000, ABSA f1==0.0000,
Current Max Metrics Index : 11 Current Min Loss Index : 18 Epoch Time: 0m 9s Tau : 0.10

-------------------------------------Iter92-------------------------------------
Train: final loss=0.610375, aspect loss=0.017836, opinion loss=0.000000, domain loss=0.589699, sentiment loss=0.000000, reg loss=0.000000, step=92814
Dev:   final loss=0.216111, aspect loss=0.216111, opinion loss=0.000000, sentiment loss=0.000000, reg loss=0.000000, step=92814
Dev:   aspect f1=0.5154, opinion f1=0.0000, sentiment acc==0.0000, sentiment f1==0.0000, ABSA f1==0.0000,
Test:  aspect f1=0.5154, opinion f1=0.0000, sentiment acc==0.0000, sentiment f1==0.0000, ABSA f1==0.0000,
Current Max Metrics Index : 11 Current Min Loss Index : 18 Epoch Time: 0m 9s Tau : 0.10

-------------------------------------Iter93-------------------------------------
Train: final loss=0.611081, aspect loss=0.017964, opinion loss=0.000000, domain loss=0.589338, sentiment loss=0.000000, reg loss=0.000000, step=93812
Dev:   final loss=0.210793, aspect loss=0.210793, opinion loss=0.000000, sentiment loss=0.000000, reg loss=0.000000, step=93812
Dev:   aspect f1=0.5223, opinion f1=0.0000, sentiment acc==0.0000, sentiment f1==0.0000, ABSA f1==0.0000,
Test:  aspect f1=0.5223, opinion f1=0.0000, sentiment acc==0.0000, sentiment f1==0.0000, ABSA f1==0.0000,
Current Max Metrics Index : 11 Current Min Loss Index : 18 Epoch Time: 0m 9s Tau : 0.10

-------------------------------------Iter94-------------------------------------
Train: final loss=0.611284, aspect loss=0.018345, opinion loss=0.000000, domain loss=0.589830, sentiment loss=0.000000, reg loss=0.000000, step=94810
Dev:   final loss=0.217621, aspect loss=0.217621, opinion loss=0.000000, sentiment loss=0.000000, reg loss=0.000000, step=94810
Dev:   aspect f1=0.5303, opinion f1=0.0000, sentiment acc==0.0000, sentiment f1==0.0000, ABSA f1==0.0000,
Test:  aspect f1=0.5303, opinion f1=0.0000, sentiment acc==0.0000, sentiment f1==0.0000, ABSA f1==0.0000,
Current Max Metrics Index : 11 Current Min Loss Index : 18 Epoch Time: 0m 9s Tau : 0.10

-------------------------------------Iter95-------------------------------------
Train: final loss=0.612777, aspect loss=0.018077, opinion loss=0.000000, domain loss=0.589524, sentiment loss=0.000000, reg loss=0.000000, step=95808
Dev:   final loss=0.218591, aspect loss=0.218591, opinion loss=0.000000, sentiment loss=0.000000, reg loss=0.000000, step=95808
Dev:   aspect f1=0.5230, opinion f1=0.0000, sentiment acc==0.0000, sentiment f1==0.0000, ABSA f1==0.0000,
Test:  aspect f1=0.5230, opinion f1=0.0000, sentiment acc==0.0000, sentiment f1==0.0000, ABSA f1==0.0000,
Current Max Metrics Index : 11 Current Min Loss Index : 18 Epoch Time: 0m 9s Tau : 0.10

-------------------------------------Iter96-------------------------------------
Train: final loss=0.612761, aspect loss=0.017225, opinion loss=0.000000, domain loss=0.589127, sentiment loss=0.000000, reg loss=0.000000, step=96806
Dev:   final loss=0.204501, aspect loss=0.204501, opinion loss=0.000000, sentiment loss=0.000000, reg loss=0.000000, step=96806
Dev:   aspect f1=0.5241, opinion f1=0.0000, sentiment acc==0.0000, sentiment f1==0.0000, ABSA f1==0.0000,
Test:  aspect f1=0.5241, opinion f1=0.0000, sentiment acc==0.0000, sentiment f1==0.0000, ABSA f1==0.0000,
Current Max Metrics Index : 11 Current Min Loss Index : 18 Epoch Time: 0m 9s Tau : 0.10

-------------------------------------Iter97-------------------------------------
Train: final loss=0.611706, aspect loss=0.018004, opinion loss=0.000000, domain loss=0.589667, sentiment loss=0.000000, reg loss=0.000000, step=97804
Dev:   final loss=0.211572, aspect loss=0.211572, opinion loss=0.000000, sentiment loss=0.000000, reg loss=0.000000, step=97804
Dev:   aspect f1=0.5226, opinion f1=0.0000, sentiment acc==0.0000, sentiment f1==0.0000, ABSA f1==0.0000,
Test:  aspect f1=0.5226, opinion f1=0.0000, sentiment acc==0.0000, sentiment f1==0.0000, ABSA f1==0.0000,
Current Max Metrics Index : 11 Current Min Loss Index : 18 Epoch Time: 0m 9s Tau : 0.10

-------------------------------------Iter98-------------------------------------
Train: final loss=0.611721, aspect loss=0.017311, opinion loss=0.000000, domain loss=0.589537, sentiment loss=0.000000, reg loss=0.000000, step=98802
Dev:   final loss=0.236104, aspect loss=0.236104, opinion loss=0.000000, sentiment loss=0.000000, reg loss=0.000000, step=98802
Dev:   aspect f1=0.5160, opinion f1=0.0000, sentiment acc==0.0000, sentiment f1==0.0000, ABSA f1==0.0000,
Test:  aspect f1=0.5160, opinion f1=0.0000, sentiment acc==0.0000, sentiment f1==0.0000, ABSA f1==0.0000,
Current Max Metrics Index : 11 Current Min Loss Index : 18 Epoch Time: 0m 9s Tau : 0.10

-------------------------------------Iter99-------------------------------------
Train: final loss=0.612095, aspect loss=0.017727, opinion loss=0.000000, domain loss=0.589582, sentiment loss=0.000000, reg loss=0.000000, step=99800
Dev:   final loss=0.223850, aspect loss=0.223850, opinion loss=0.000000, sentiment loss=0.000000, reg loss=0.000000, step=99800
Dev:   aspect f1=0.5239, opinion f1=0.0000, sentiment acc==0.0000, sentiment f1==0.0000, ABSA f1==0.0000,
Test:  aspect f1=0.5239, opinion f1=0.0000, sentiment acc==0.0000, sentiment f1==0.0000, ABSA f1==0.0000,
Current Max Metrics Index : 11 Current Min Loss Index : 18 Epoch Time: 0m 9s Tau : 0.10

--------------------------------Mission Complete--------------------------------
Dev Max Metrics Index: 11
aspect f1=54.04, opinion f1=0.00, sentiment acc==0.00, sentiment f1==0.00, ABSA f1==0.00,
Dev Min Loss Index: 18
aspect f1=53.61, opinion f1=0.00, sentiment acc==0.00, sentiment f1==0.00, ABSA f1==0.00,
Running Time: 14m 22s
