> log file: ./log/device-to-laptop/[SemBridge]-210519-182707.log
cuda memory allocated: 10108928
n_trainable_params: 1431975, n_nontrainable_params: 1094700
> training arguments:
>>> source: device
>>> target: laptop
>>> use_unlabel: 1
>>> use_syntactic: 0
>>> use_semantic: 1
>>> split: 1
>>> local_bert_path: F:\NLP\BERT-BASE-UNCASED
>>> model_name: DECNN
>>> batch_size: 8
>>> learning_rate: 0.0001
>>> lr_decay: 1e-05
>>> num_epoch: 100
>>> emb_dim: 100
>>> dep_dim: 50
>>> pos_dim: 50
>>> hidden_dim: 256
>>> keep_prob: 0.5
>>> l2_reg: 1e-05
>>> beta: 0.1
>>> kernel_size: 5
>>> hop_num: 2
>>> class_num: 3
>>> cluster_num: 200
>>> cate_num: 20
>>> seed: 111
>>> log_step: 5
>>> dynamic_gate: 1
>>> valset_num: 0
>>> reuse_embedding: 1
>>> optimizer: <class 'torch.optim.adam.Adam'>
>>> initializer: <function uniform_ at 0x7f3df89afc80>
>>> device: cuda:0
>>> ablation: None
>>> topk: 10
>>> name: [SemBridge]
>>> dataset_file: {'train': './data/device/train1/', 'unlabel': './data/laptop/train1/', 'test': './data/laptop/test1/'}
>>> model_class: <class 'models.decnn_base.DECNN'>
>>> inputs_cols: ['sentence', 'mask', 'position', 'keep_prob']
>>> max_sentence_len: 110

-------------------------------------Iter0--------------------------------------
Train: final loss=0.714704, aspect loss=0.116304, opinion loss=0.000000, domain loss=0.593934, sentiment loss=0.000000, reg loss=0.000000, step=998
Dev:   final loss=0.285500, aspect loss=0.285500, opinion loss=0.000000, sentiment loss=0.000000, reg loss=0.000000, step=998
Dev:   aspect f1=0.3980, opinion f1=0.0000, sentiment acc==0.0000, sentiment f1==0.0000, ABSA f1==0.0000,
Test:  aspect f1=0.3980, opinion f1=0.0000, sentiment acc==0.0000, sentiment f1==0.0000, ABSA f1==0.0000,
Current Max Metrics Index : 0 Current Min Loss Index : 0 Epoch Time: 0m 9s Tau : 1.00
>> Checkpoint Saved: state_dict/device-to-laptop/[SemBridge]-ATE-F1-0.3980.pth

-------------------------------------Iter1--------------------------------------
Train: final loss=0.677789, aspect loss=0.081031, opinion loss=0.000000, domain loss=0.589795, sentiment loss=0.000000, reg loss=0.000000, step=1996
Dev:   final loss=0.221286, aspect loss=0.221286, opinion loss=0.000000, sentiment loss=0.000000, reg loss=0.000000, step=1996
Dev:   aspect f1=0.4595, opinion f1=0.0000, sentiment acc==0.0000, sentiment f1==0.0000, ABSA f1==0.0000,
Test:  aspect f1=0.4595, opinion f1=0.0000, sentiment acc==0.0000, sentiment f1==0.0000, ABSA f1==0.0000,
Current Max Metrics Index : 1 Current Min Loss Index : 1 Epoch Time: 0m 8s Tau : 0.97
>> Checkpoint Saved: state_dict/device-to-laptop/[SemBridge]-ATE-F1-0.4595.pth

-------------------------------------Iter2--------------------------------------
Train: final loss=0.658585, aspect loss=0.071105, opinion loss=0.000000, domain loss=0.582632, sentiment loss=0.000000, reg loss=0.000000, step=2994
Dev:   final loss=0.172408, aspect loss=0.172408, opinion loss=0.000000, sentiment loss=0.000000, reg loss=0.000000, step=2994
Dev:   aspect f1=0.5084, opinion f1=0.0000, sentiment acc==0.0000, sentiment f1==0.0000, ABSA f1==0.0000,
Test:  aspect f1=0.5084, opinion f1=0.0000, sentiment acc==0.0000, sentiment f1==0.0000, ABSA f1==0.0000,
Current Max Metrics Index : 2 Current Min Loss Index : 2 Epoch Time: 0m 8s Tau : 0.94
>> Checkpoint Saved: state_dict/device-to-laptop/[SemBridge]-ATE-F1-0.5084.pth

-------------------------------------Iter3--------------------------------------
Train: final loss=0.654487, aspect loss=0.066615, opinion loss=0.000000, domain loss=0.583612, sentiment loss=0.000000, reg loss=0.000000, step=3992
Dev:   final loss=0.171231, aspect loss=0.171231, opinion loss=0.000000, sentiment loss=0.000000, reg loss=0.000000, step=3992
Dev:   aspect f1=0.5095, opinion f1=0.0000, sentiment acc==0.0000, sentiment f1==0.0000, ABSA f1==0.0000,
Test:  aspect f1=0.5095, opinion f1=0.0000, sentiment acc==0.0000, sentiment f1==0.0000, ABSA f1==0.0000,
Current Max Metrics Index : 3 Current Min Loss Index : 3 Epoch Time: 0m 9s Tau : 0.91
>> Checkpoint Saved: state_dict/device-to-laptop/[SemBridge]-ATE-F1-0.5095.pth

-------------------------------------Iter4--------------------------------------
Train: final loss=0.655508, aspect loss=0.062692, opinion loss=0.000000, domain loss=0.588284, sentiment loss=0.000000, reg loss=0.000000, step=4990
Dev:   final loss=0.173434, aspect loss=0.173434, opinion loss=0.000000, sentiment loss=0.000000, reg loss=0.000000, step=4990
Dev:   aspect f1=0.5197, opinion f1=0.0000, sentiment acc==0.0000, sentiment f1==0.0000, ABSA f1==0.0000,
Test:  aspect f1=0.5197, opinion f1=0.0000, sentiment acc==0.0000, sentiment f1==0.0000, ABSA f1==0.0000,
Current Max Metrics Index : 4 Current Min Loss Index : 3 Epoch Time: 0m 8s Tau : 0.89
>> Checkpoint Saved: state_dict/device-to-laptop/[SemBridge]-ATE-F1-0.5197.pth

-------------------------------------Iter5--------------------------------------
Train: final loss=0.653281, aspect loss=0.060624, opinion loss=0.000000, domain loss=0.587912, sentiment loss=0.000000, reg loss=0.000000, step=5988
Dev:   final loss=0.187632, aspect loss=0.187632, opinion loss=0.000000, sentiment loss=0.000000, reg loss=0.000000, step=5988
Dev:   aspect f1=0.4964, opinion f1=0.0000, sentiment acc==0.0000, sentiment f1==0.0000, ABSA f1==0.0000,
Test:  aspect f1=0.4964, opinion f1=0.0000, sentiment acc==0.0000, sentiment f1==0.0000, ABSA f1==0.0000,
Current Max Metrics Index : 4 Current Min Loss Index : 3 Epoch Time: 0m 8s Tau : 0.86

-------------------------------------Iter6--------------------------------------
Train: final loss=0.649247, aspect loss=0.058055, opinion loss=0.000000, domain loss=0.588827, sentiment loss=0.000000, reg loss=0.000000, step=6986
Dev:   final loss=0.159481, aspect loss=0.159481, opinion loss=0.000000, sentiment loss=0.000000, reg loss=0.000000, step=6986
Dev:   aspect f1=0.5474, opinion f1=0.0000, sentiment acc==0.0000, sentiment f1==0.0000, ABSA f1==0.0000,
Test:  aspect f1=0.5474, opinion f1=0.0000, sentiment acc==0.0000, sentiment f1==0.0000, ABSA f1==0.0000,
Current Max Metrics Index : 6 Current Min Loss Index : 6 Epoch Time: 0m 9s Tau : 0.84
>> Checkpoint Saved: state_dict/device-to-laptop/[SemBridge]-ATE-F1-0.5474.pth

-------------------------------------Iter7--------------------------------------
Train: final loss=0.650482, aspect loss=0.057975, opinion loss=0.000000, domain loss=0.588479, sentiment loss=0.000000, reg loss=0.000000, step=7984
Dev:   final loss=0.168355, aspect loss=0.168355, opinion loss=0.000000, sentiment loss=0.000000, reg loss=0.000000, step=7984
Dev:   aspect f1=0.5246, opinion f1=0.0000, sentiment acc==0.0000, sentiment f1==0.0000, ABSA f1==0.0000,
Test:  aspect f1=0.5246, opinion f1=0.0000, sentiment acc==0.0000, sentiment f1==0.0000, ABSA f1==0.0000,
Current Max Metrics Index : 6 Current Min Loss Index : 6 Epoch Time: 0m 9s Tau : 0.81

-------------------------------------Iter8--------------------------------------
Train: final loss=0.649965, aspect loss=0.055735, opinion loss=0.000000, domain loss=0.589136, sentiment loss=0.000000, reg loss=0.000000, step=8982
Dev:   final loss=0.167382, aspect loss=0.167382, opinion loss=0.000000, sentiment loss=0.000000, reg loss=0.000000, step=8982
Dev:   aspect f1=0.5228, opinion f1=0.0000, sentiment acc==0.0000, sentiment f1==0.0000, ABSA f1==0.0000,
Test:  aspect f1=0.5228, opinion f1=0.0000, sentiment acc==0.0000, sentiment f1==0.0000, ABSA f1==0.0000,
Current Max Metrics Index : 6 Current Min Loss Index : 6 Epoch Time: 0m 8s Tau : 0.79

-------------------------------------Iter9--------------------------------------
Train: final loss=0.645981, aspect loss=0.053850, opinion loss=0.000000, domain loss=0.588524, sentiment loss=0.000000, reg loss=0.000000, step=9980
Dev:   final loss=0.174355, aspect loss=0.174355, opinion loss=0.000000, sentiment loss=0.000000, reg loss=0.000000, step=9980
Dev:   aspect f1=0.5210, opinion f1=0.0000, sentiment acc==0.0000, sentiment f1==0.0000, ABSA f1==0.0000,
Test:  aspect f1=0.5210, opinion f1=0.0000, sentiment acc==0.0000, sentiment f1==0.0000, ABSA f1==0.0000,
Current Max Metrics Index : 6 Current Min Loss Index : 6 Epoch Time: 0m 8s Tau : 0.76

-------------------------------------Iter10-------------------------------------
Train: final loss=0.649761, aspect loss=0.053538, opinion loss=0.000000, domain loss=0.590370, sentiment loss=0.000000, reg loss=0.000000, step=10978
Dev:   final loss=0.164708, aspect loss=0.164708, opinion loss=0.000000, sentiment loss=0.000000, reg loss=0.000000, step=10978
Dev:   aspect f1=0.5268, opinion f1=0.0000, sentiment acc==0.0000, sentiment f1==0.0000, ABSA f1==0.0000,
Test:  aspect f1=0.5268, opinion f1=0.0000, sentiment acc==0.0000, sentiment f1==0.0000, ABSA f1==0.0000,
Current Max Metrics Index : 6 Current Min Loss Index : 6 Epoch Time: 0m 9s Tau : 0.74

-------------------------------------Iter11-------------------------------------
Train: final loss=0.646158, aspect loss=0.051420, opinion loss=0.000000, domain loss=0.589336, sentiment loss=0.000000, reg loss=0.000000, step=11976
Dev:   final loss=0.163567, aspect loss=0.163567, opinion loss=0.000000, sentiment loss=0.000000, reg loss=0.000000, step=11976
Dev:   aspect f1=0.5402, opinion f1=0.0000, sentiment acc==0.0000, sentiment f1==0.0000, ABSA f1==0.0000,
Test:  aspect f1=0.5402, opinion f1=0.0000, sentiment acc==0.0000, sentiment f1==0.0000, ABSA f1==0.0000,
Current Max Metrics Index : 6 Current Min Loss Index : 6 Epoch Time: 0m 9s Tau : 0.72

-------------------------------------Iter12-------------------------------------
Train: final loss=0.644661, aspect loss=0.051049, opinion loss=0.000000, domain loss=0.589081, sentiment loss=0.000000, reg loss=0.000000, step=12974
Dev:   final loss=0.159346, aspect loss=0.159346, opinion loss=0.000000, sentiment loss=0.000000, reg loss=0.000000, step=12974
Dev:   aspect f1=0.5296, opinion f1=0.0000, sentiment acc==0.0000, sentiment f1==0.0000, ABSA f1==0.0000,
Test:  aspect f1=0.5296, opinion f1=0.0000, sentiment acc==0.0000, sentiment f1==0.0000, ABSA f1==0.0000,
Current Max Metrics Index : 6 Current Min Loss Index : 12 Epoch Time: 0m 8s Tau : 0.70

-------------------------------------Iter13-------------------------------------
Train: final loss=0.644694, aspect loss=0.049846, opinion loss=0.000000, domain loss=0.589633, sentiment loss=0.000000, reg loss=0.000000, step=13972
Dev:   final loss=0.157449, aspect loss=0.157449, opinion loss=0.000000, sentiment loss=0.000000, reg loss=0.000000, step=13972
Dev:   aspect f1=0.5406, opinion f1=0.0000, sentiment acc==0.0000, sentiment f1==0.0000, ABSA f1==0.0000,
Test:  aspect f1=0.5406, opinion f1=0.0000, sentiment acc==0.0000, sentiment f1==0.0000, ABSA f1==0.0000,
Current Max Metrics Index : 6 Current Min Loss Index : 13 Epoch Time: 0m 9s Tau : 0.68

-------------------------------------Iter14-------------------------------------
Train: final loss=0.643365, aspect loss=0.050342, opinion loss=0.000000, domain loss=0.589484, sentiment loss=0.000000, reg loss=0.000000, step=14970
Dev:   final loss=0.161772, aspect loss=0.161772, opinion loss=0.000000, sentiment loss=0.000000, reg loss=0.000000, step=14970
Dev:   aspect f1=0.5166, opinion f1=0.0000, sentiment acc==0.0000, sentiment f1==0.0000, ABSA f1==0.0000,
Test:  aspect f1=0.5166, opinion f1=0.0000, sentiment acc==0.0000, sentiment f1==0.0000, ABSA f1==0.0000,
Current Max Metrics Index : 6 Current Min Loss Index : 13 Epoch Time: 0m 9s Tau : 0.66

-------------------------------------Iter15-------------------------------------
Train: final loss=0.640669, aspect loss=0.048302, opinion loss=0.000000, domain loss=0.588659, sentiment loss=0.000000, reg loss=0.000000, step=15968
Dev:   final loss=0.162757, aspect loss=0.162757, opinion loss=0.000000, sentiment loss=0.000000, reg loss=0.000000, step=15968
Dev:   aspect f1=0.5150, opinion f1=0.0000, sentiment acc==0.0000, sentiment f1==0.0000, ABSA f1==0.0000,
Test:  aspect f1=0.5150, opinion f1=0.0000, sentiment acc==0.0000, sentiment f1==0.0000, ABSA f1==0.0000,
Current Max Metrics Index : 6 Current Min Loss Index : 13 Epoch Time: 0m 8s Tau : 0.64

-------------------------------------Iter16-------------------------------------
Train: final loss=0.639788, aspect loss=0.047897, opinion loss=0.000000, domain loss=0.589955, sentiment loss=0.000000, reg loss=0.000000, step=16966
Dev:   final loss=0.160697, aspect loss=0.160697, opinion loss=0.000000, sentiment loss=0.000000, reg loss=0.000000, step=16966
Dev:   aspect f1=0.5053, opinion f1=0.0000, sentiment acc==0.0000, sentiment f1==0.0000, ABSA f1==0.0000,
Test:  aspect f1=0.5053, opinion f1=0.0000, sentiment acc==0.0000, sentiment f1==0.0000, ABSA f1==0.0000,
Current Max Metrics Index : 6 Current Min Loss Index : 13 Epoch Time: 0m 8s Tau : 0.62

-------------------------------------Iter17-------------------------------------
Train: final loss=0.643900, aspect loss=0.046153, opinion loss=0.000000, domain loss=0.590134, sentiment loss=0.000000, reg loss=0.000000, step=17964
Dev:   final loss=0.160186, aspect loss=0.160186, opinion loss=0.000000, sentiment loss=0.000000, reg loss=0.000000, step=17964
Dev:   aspect f1=0.5226, opinion f1=0.0000, sentiment acc==0.0000, sentiment f1==0.0000, ABSA f1==0.0000,
Test:  aspect f1=0.5226, opinion f1=0.0000, sentiment acc==0.0000, sentiment f1==0.0000, ABSA f1==0.0000,
Current Max Metrics Index : 6 Current Min Loss Index : 13 Epoch Time: 0m 9s Tau : 0.60

-------------------------------------Iter18-------------------------------------
Train: final loss=0.638654, aspect loss=0.045922, opinion loss=0.000000, domain loss=0.589001, sentiment loss=0.000000, reg loss=0.000000, step=18962
Dev:   final loss=0.161398, aspect loss=0.161398, opinion loss=0.000000, sentiment loss=0.000000, reg loss=0.000000, step=18962
Dev:   aspect f1=0.5091, opinion f1=0.0000, sentiment acc==0.0000, sentiment f1==0.0000, ABSA f1==0.0000,
Test:  aspect f1=0.5091, opinion f1=0.0000, sentiment acc==0.0000, sentiment f1==0.0000, ABSA f1==0.0000,
Current Max Metrics Index : 6 Current Min Loss Index : 13 Epoch Time: 0m 9s Tau : 0.58

-------------------------------------Iter19-------------------------------------
Train: final loss=0.638273, aspect loss=0.044569, opinion loss=0.000000, domain loss=0.589806, sentiment loss=0.000000, reg loss=0.000000, step=19960
Dev:   final loss=0.157669, aspect loss=0.157669, opinion loss=0.000000, sentiment loss=0.000000, reg loss=0.000000, step=19960
Dev:   aspect f1=0.5233, opinion f1=0.0000, sentiment acc==0.0000, sentiment f1==0.0000, ABSA f1==0.0000,
Test:  aspect f1=0.5233, opinion f1=0.0000, sentiment acc==0.0000, sentiment f1==0.0000, ABSA f1==0.0000,
Current Max Metrics Index : 6 Current Min Loss Index : 13 Epoch Time: 0m 8s Tau : 0.57

-------------------------------------Iter20-------------------------------------
Train: final loss=0.638792, aspect loss=0.043524, opinion loss=0.000000, domain loss=0.589403, sentiment loss=0.000000, reg loss=0.000000, step=20958
Dev:   final loss=0.157047, aspect loss=0.157047, opinion loss=0.000000, sentiment loss=0.000000, reg loss=0.000000, step=20958
Dev:   aspect f1=0.5293, opinion f1=0.0000, sentiment acc==0.0000, sentiment f1==0.0000, ABSA f1==0.0000,
Test:  aspect f1=0.5293, opinion f1=0.0000, sentiment acc==0.0000, sentiment f1==0.0000, ABSA f1==0.0000,
Current Max Metrics Index : 6 Current Min Loss Index : 20 Epoch Time: 0m 8s Tau : 0.55

-------------------------------------Iter21-------------------------------------
Train: final loss=0.638528, aspect loss=0.043817, opinion loss=0.000000, domain loss=0.590389, sentiment loss=0.000000, reg loss=0.000000, step=21956
Dev:   final loss=0.167328, aspect loss=0.167328, opinion loss=0.000000, sentiment loss=0.000000, reg loss=0.000000, step=21956
Dev:   aspect f1=0.4942, opinion f1=0.0000, sentiment acc==0.0000, sentiment f1==0.0000, ABSA f1==0.0000,
Test:  aspect f1=0.4942, opinion f1=0.0000, sentiment acc==0.0000, sentiment f1==0.0000, ABSA f1==0.0000,
Current Max Metrics Index : 6 Current Min Loss Index : 20 Epoch Time: 0m 9s Tau : 0.53

-------------------------------------Iter22-------------------------------------
Train: final loss=0.636313, aspect loss=0.042940, opinion loss=0.000000, domain loss=0.590162, sentiment loss=0.000000, reg loss=0.000000, step=22954
Dev:   final loss=0.151710, aspect loss=0.151710, opinion loss=0.000000, sentiment loss=0.000000, reg loss=0.000000, step=22954
Dev:   aspect f1=0.5294, opinion f1=0.0000, sentiment acc==0.0000, sentiment f1==0.0000, ABSA f1==0.0000,
Test:  aspect f1=0.5294, opinion f1=0.0000, sentiment acc==0.0000, sentiment f1==0.0000, ABSA f1==0.0000,
Current Max Metrics Index : 6 Current Min Loss Index : 22 Epoch Time: 0m 9s Tau : 0.52

-------------------------------------Iter23-------------------------------------
Train: final loss=0.636291, aspect loss=0.042183, opinion loss=0.000000, domain loss=0.589760, sentiment loss=0.000000, reg loss=0.000000, step=23952
Dev:   final loss=0.160407, aspect loss=0.160407, opinion loss=0.000000, sentiment loss=0.000000, reg loss=0.000000, step=23952
Dev:   aspect f1=0.5314, opinion f1=0.0000, sentiment acc==0.0000, sentiment f1==0.0000, ABSA f1==0.0000,
Test:  aspect f1=0.5314, opinion f1=0.0000, sentiment acc==0.0000, sentiment f1==0.0000, ABSA f1==0.0000,
Current Max Metrics Index : 6 Current Min Loss Index : 22 Epoch Time: 0m 8s Tau : 0.50

-------------------------------------Iter24-------------------------------------
Train: final loss=0.635416, aspect loss=0.041804, opinion loss=0.000000, domain loss=0.589928, sentiment loss=0.000000, reg loss=0.000000, step=24950
Dev:   final loss=0.159637, aspect loss=0.159637, opinion loss=0.000000, sentiment loss=0.000000, reg loss=0.000000, step=24950
Dev:   aspect f1=0.5230, opinion f1=0.0000, sentiment acc==0.0000, sentiment f1==0.0000, ABSA f1==0.0000,
Test:  aspect f1=0.5230, opinion f1=0.0000, sentiment acc==0.0000, sentiment f1==0.0000, ABSA f1==0.0000,
Current Max Metrics Index : 6 Current Min Loss Index : 22 Epoch Time: 0m 9s Tau : 0.49

-------------------------------------Iter25-------------------------------------
Train: final loss=0.637643, aspect loss=0.042277, opinion loss=0.000000, domain loss=0.589518, sentiment loss=0.000000, reg loss=0.000000, step=25948
Dev:   final loss=0.156064, aspect loss=0.156064, opinion loss=0.000000, sentiment loss=0.000000, reg loss=0.000000, step=25948
Dev:   aspect f1=0.5281, opinion f1=0.0000, sentiment acc==0.0000, sentiment f1==0.0000, ABSA f1==0.0000,
Test:  aspect f1=0.5281, opinion f1=0.0000, sentiment acc==0.0000, sentiment f1==0.0000, ABSA f1==0.0000,
Current Max Metrics Index : 6 Current Min Loss Index : 22 Epoch Time: 0m 9s Tau : 0.47

-------------------------------------Iter26-------------------------------------
Train: final loss=0.633649, aspect loss=0.038982, opinion loss=0.000000, domain loss=0.589656, sentiment loss=0.000000, reg loss=0.000000, step=26946
Dev:   final loss=0.171440, aspect loss=0.171440, opinion loss=0.000000, sentiment loss=0.000000, reg loss=0.000000, step=26946
Dev:   aspect f1=0.5150, opinion f1=0.0000, sentiment acc==0.0000, sentiment f1==0.0000, ABSA f1==0.0000,
Test:  aspect f1=0.5150, opinion f1=0.0000, sentiment acc==0.0000, sentiment f1==0.0000, ABSA f1==0.0000,
Current Max Metrics Index : 6 Current Min Loss Index : 22 Epoch Time: 0m 8s Tau : 0.46

-------------------------------------Iter27-------------------------------------
Train: final loss=0.635105, aspect loss=0.040083, opinion loss=0.000000, domain loss=0.589506, sentiment loss=0.000000, reg loss=0.000000, step=27944
Dev:   final loss=0.169239, aspect loss=0.169239, opinion loss=0.000000, sentiment loss=0.000000, reg loss=0.000000, step=27944
Dev:   aspect f1=0.5160, opinion f1=0.0000, sentiment acc==0.0000, sentiment f1==0.0000, ABSA f1==0.0000,
Test:  aspect f1=0.5160, opinion f1=0.0000, sentiment acc==0.0000, sentiment f1==0.0000, ABSA f1==0.0000,
Current Max Metrics Index : 6 Current Min Loss Index : 22 Epoch Time: 0m 8s Tau : 0.44

-------------------------------------Iter28-------------------------------------
Train: final loss=0.631693, aspect loss=0.038145, opinion loss=0.000000, domain loss=0.589224, sentiment loss=0.000000, reg loss=0.000000, step=28942
Dev:   final loss=0.162538, aspect loss=0.162538, opinion loss=0.000000, sentiment loss=0.000000, reg loss=0.000000, step=28942
Dev:   aspect f1=0.5210, opinion f1=0.0000, sentiment acc==0.0000, sentiment f1==0.0000, ABSA f1==0.0000,
Test:  aspect f1=0.5210, opinion f1=0.0000, sentiment acc==0.0000, sentiment f1==0.0000, ABSA f1==0.0000,
Current Max Metrics Index : 6 Current Min Loss Index : 22 Epoch Time: 0m 9s Tau : 0.43

-------------------------------------Iter29-------------------------------------
Train: final loss=0.632562, aspect loss=0.037850, opinion loss=0.000000, domain loss=0.589555, sentiment loss=0.000000, reg loss=0.000000, step=29940
Dev:   final loss=0.171080, aspect loss=0.171080, opinion loss=0.000000, sentiment loss=0.000000, reg loss=0.000000, step=29940
Dev:   aspect f1=0.5163, opinion f1=0.0000, sentiment acc==0.0000, sentiment f1==0.0000, ABSA f1==0.0000,
Test:  aspect f1=0.5163, opinion f1=0.0000, sentiment acc==0.0000, sentiment f1==0.0000, ABSA f1==0.0000,
Current Max Metrics Index : 6 Current Min Loss Index : 22 Epoch Time: 0m 9s Tau : 0.42

-------------------------------------Iter30-------------------------------------
Train: final loss=0.630750, aspect loss=0.037466, opinion loss=0.000000, domain loss=0.588955, sentiment loss=0.000000, reg loss=0.000000, step=30938
Dev:   final loss=0.169651, aspect loss=0.169651, opinion loss=0.000000, sentiment loss=0.000000, reg loss=0.000000, step=30938
Dev:   aspect f1=0.5117, opinion f1=0.0000, sentiment acc==0.0000, sentiment f1==0.0000, ABSA f1==0.0000,
Test:  aspect f1=0.5117, opinion f1=0.0000, sentiment acc==0.0000, sentiment f1==0.0000, ABSA f1==0.0000,
Current Max Metrics Index : 6 Current Min Loss Index : 22 Epoch Time: 0m 8s Tau : 0.41

-------------------------------------Iter31-------------------------------------
Train: final loss=0.632274, aspect loss=0.037125, opinion loss=0.000000, domain loss=0.589542, sentiment loss=0.000000, reg loss=0.000000, step=31936
Dev:   final loss=0.163292, aspect loss=0.163292, opinion loss=0.000000, sentiment loss=0.000000, reg loss=0.000000, step=31936
Dev:   aspect f1=0.5385, opinion f1=0.0000, sentiment acc==0.0000, sentiment f1==0.0000, ABSA f1==0.0000,
Test:  aspect f1=0.5385, opinion f1=0.0000, sentiment acc==0.0000, sentiment f1==0.0000, ABSA f1==0.0000,
Current Max Metrics Index : 6 Current Min Loss Index : 22 Epoch Time: 0m 9s Tau : 0.39

-------------------------------------Iter32-------------------------------------
Train: final loss=0.631121, aspect loss=0.036409, opinion loss=0.000000, domain loss=0.589805, sentiment loss=0.000000, reg loss=0.000000, step=32934
Dev:   final loss=0.157146, aspect loss=0.157146, opinion loss=0.000000, sentiment loss=0.000000, reg loss=0.000000, step=32934
Dev:   aspect f1=0.5082, opinion f1=0.0000, sentiment acc==0.0000, sentiment f1==0.0000, ABSA f1==0.0000,
Test:  aspect f1=0.5082, opinion f1=0.0000, sentiment acc==0.0000, sentiment f1==0.0000, ABSA f1==0.0000,
Current Max Metrics Index : 6 Current Min Loss Index : 22 Epoch Time: 0m 9s Tau : 0.38

-------------------------------------Iter33-------------------------------------
Train: final loss=0.627913, aspect loss=0.034859, opinion loss=0.000000, domain loss=0.589772, sentiment loss=0.000000, reg loss=0.000000, step=33932
Dev:   final loss=0.169532, aspect loss=0.169532, opinion loss=0.000000, sentiment loss=0.000000, reg loss=0.000000, step=33932
Dev:   aspect f1=0.5136, opinion f1=0.0000, sentiment acc==0.0000, sentiment f1==0.0000, ABSA f1==0.0000,
Test:  aspect f1=0.5136, opinion f1=0.0000, sentiment acc==0.0000, sentiment f1==0.0000, ABSA f1==0.0000,
Current Max Metrics Index : 6 Current Min Loss Index : 22 Epoch Time: 0m 8s Tau : 0.37

-------------------------------------Iter34-------------------------------------
Train: final loss=0.629276, aspect loss=0.035296, opinion loss=0.000000, domain loss=0.589724, sentiment loss=0.000000, reg loss=0.000000, step=34930
Dev:   final loss=0.161076, aspect loss=0.161076, opinion loss=0.000000, sentiment loss=0.000000, reg loss=0.000000, step=34930
Dev:   aspect f1=0.5301, opinion f1=0.0000, sentiment acc==0.0000, sentiment f1==0.0000, ABSA f1==0.0000,
Test:  aspect f1=0.5301, opinion f1=0.0000, sentiment acc==0.0000, sentiment f1==0.0000, ABSA f1==0.0000,
Current Max Metrics Index : 6 Current Min Loss Index : 22 Epoch Time: 0m 8s Tau : 0.36

-------------------------------------Iter35-------------------------------------
Train: final loss=0.632106, aspect loss=0.035281, opinion loss=0.000000, domain loss=0.589839, sentiment loss=0.000000, reg loss=0.000000, step=35928
Dev:   final loss=0.170840, aspect loss=0.170840, opinion loss=0.000000, sentiment loss=0.000000, reg loss=0.000000, step=35928
Dev:   aspect f1=0.5391, opinion f1=0.0000, sentiment acc==0.0000, sentiment f1==0.0000, ABSA f1==0.0000,
Test:  aspect f1=0.5391, opinion f1=0.0000, sentiment acc==0.0000, sentiment f1==0.0000, ABSA f1==0.0000,
Current Max Metrics Index : 6 Current Min Loss Index : 22 Epoch Time: 0m 9s Tau : 0.35

-------------------------------------Iter36-------------------------------------
Train: final loss=0.627714, aspect loss=0.033688, opinion loss=0.000000, domain loss=0.589521, sentiment loss=0.000000, reg loss=0.000000, step=36926
Dev:   final loss=0.174571, aspect loss=0.174571, opinion loss=0.000000, sentiment loss=0.000000, reg loss=0.000000, step=36926
Dev:   aspect f1=0.5379, opinion f1=0.0000, sentiment acc==0.0000, sentiment f1==0.0000, ABSA f1==0.0000,
Test:  aspect f1=0.5379, opinion f1=0.0000, sentiment acc==0.0000, sentiment f1==0.0000, ABSA f1==0.0000,
Current Max Metrics Index : 6 Current Min Loss Index : 22 Epoch Time: 0m 9s Tau : 0.34

-------------------------------------Iter37-------------------------------------
Train: final loss=0.627440, aspect loss=0.034067, opinion loss=0.000000, domain loss=0.589438, sentiment loss=0.000000, reg loss=0.000000, step=37924
Dev:   final loss=0.167531, aspect loss=0.167531, opinion loss=0.000000, sentiment loss=0.000000, reg loss=0.000000, step=37924
Dev:   aspect f1=0.5258, opinion f1=0.0000, sentiment acc==0.0000, sentiment f1==0.0000, ABSA f1==0.0000,
Test:  aspect f1=0.5258, opinion f1=0.0000, sentiment acc==0.0000, sentiment f1==0.0000, ABSA f1==0.0000,
Current Max Metrics Index : 6 Current Min Loss Index : 22 Epoch Time: 0m 8s Tau : 0.33

-------------------------------------Iter38-------------------------------------
Train: final loss=0.628271, aspect loss=0.033832, opinion loss=0.000000, domain loss=0.589535, sentiment loss=0.000000, reg loss=0.000000, step=38922
Dev:   final loss=0.185307, aspect loss=0.185307, opinion loss=0.000000, sentiment loss=0.000000, reg loss=0.000000, step=38922
Dev:   aspect f1=0.5166, opinion f1=0.0000, sentiment acc==0.0000, sentiment f1==0.0000, ABSA f1==0.0000,
Test:  aspect f1=0.5166, opinion f1=0.0000, sentiment acc==0.0000, sentiment f1==0.0000, ABSA f1==0.0000,
Current Max Metrics Index : 6 Current Min Loss Index : 22 Epoch Time: 0m 8s Tau : 0.32

-------------------------------------Iter39-------------------------------------
Train: final loss=0.627509, aspect loss=0.033056, opinion loss=0.000000, domain loss=0.589966, sentiment loss=0.000000, reg loss=0.000000, step=39920
Dev:   final loss=0.171611, aspect loss=0.171611, opinion loss=0.000000, sentiment loss=0.000000, reg loss=0.000000, step=39920
Dev:   aspect f1=0.5247, opinion f1=0.0000, sentiment acc==0.0000, sentiment f1==0.0000, ABSA f1==0.0000,
Test:  aspect f1=0.5247, opinion f1=0.0000, sentiment acc==0.0000, sentiment f1==0.0000, ABSA f1==0.0000,
Current Max Metrics Index : 6 Current Min Loss Index : 22 Epoch Time: 0m 6s Tau : 0.31

-------------------------------------Iter40-------------------------------------
Train: final loss=0.628217, aspect loss=0.032072, opinion loss=0.000000, domain loss=0.589568, sentiment loss=0.000000, reg loss=0.000000, step=40918
Dev:   final loss=0.178632, aspect loss=0.178632, opinion loss=0.000000, sentiment loss=0.000000, reg loss=0.000000, step=40918
Dev:   aspect f1=0.5306, opinion f1=0.0000, sentiment acc==0.0000, sentiment f1==0.0000, ABSA f1==0.0000,
Test:  aspect f1=0.5306, opinion f1=0.0000, sentiment acc==0.0000, sentiment f1==0.0000, ABSA f1==0.0000,
Current Max Metrics Index : 6 Current Min Loss Index : 22 Epoch Time: 0m 9s Tau : 0.30

-------------------------------------Iter41-------------------------------------
Train: final loss=0.627895, aspect loss=0.032295, opinion loss=0.000000, domain loss=0.588866, sentiment loss=0.000000, reg loss=0.000000, step=41916
Dev:   final loss=0.178516, aspect loss=0.178516, opinion loss=0.000000, sentiment loss=0.000000, reg loss=0.000000, step=41916
Dev:   aspect f1=0.5277, opinion f1=0.0000, sentiment acc==0.0000, sentiment f1==0.0000, ABSA f1==0.0000,
Test:  aspect f1=0.5277, opinion f1=0.0000, sentiment acc==0.0000, sentiment f1==0.0000, ABSA f1==0.0000,
Current Max Metrics Index : 6 Current Min Loss Index : 22 Epoch Time: 0m 9s Tau : 0.29

-------------------------------------Iter42-------------------------------------
Train: final loss=0.623574, aspect loss=0.031459, opinion loss=0.000000, domain loss=0.589557, sentiment loss=0.000000, reg loss=0.000000, step=42914
Dev:   final loss=0.186473, aspect loss=0.186473, opinion loss=0.000000, sentiment loss=0.000000, reg loss=0.000000, step=42914
Dev:   aspect f1=0.5340, opinion f1=0.0000, sentiment acc==0.0000, sentiment f1==0.0000, ABSA f1==0.0000,
Test:  aspect f1=0.5340, opinion f1=0.0000, sentiment acc==0.0000, sentiment f1==0.0000, ABSA f1==0.0000,
Current Max Metrics Index : 6 Current Min Loss Index : 22 Epoch Time: 0m 9s Tau : 0.28

-------------------------------------Iter43-------------------------------------
Train: final loss=0.624052, aspect loss=0.031455, opinion loss=0.000000, domain loss=0.589748, sentiment loss=0.000000, reg loss=0.000000, step=43912
Dev:   final loss=0.169420, aspect loss=0.169420, opinion loss=0.000000, sentiment loss=0.000000, reg loss=0.000000, step=43912
Dev:   aspect f1=0.5360, opinion f1=0.0000, sentiment acc==0.0000, sentiment f1==0.0000, ABSA f1==0.0000,
Test:  aspect f1=0.5360, opinion f1=0.0000, sentiment acc==0.0000, sentiment f1==0.0000, ABSA f1==0.0000,
Current Max Metrics Index : 6 Current Min Loss Index : 22 Epoch Time: 0m 9s Tau : 0.28

-------------------------------------Iter44-------------------------------------
Train: final loss=0.623315, aspect loss=0.029661, opinion loss=0.000000, domain loss=0.589620, sentiment loss=0.000000, reg loss=0.000000, step=44910
Dev:   final loss=0.192281, aspect loss=0.192281, opinion loss=0.000000, sentiment loss=0.000000, reg loss=0.000000, step=44910
Dev:   aspect f1=0.5115, opinion f1=0.0000, sentiment acc==0.0000, sentiment f1==0.0000, ABSA f1==0.0000,
Test:  aspect f1=0.5115, opinion f1=0.0000, sentiment acc==0.0000, sentiment f1==0.0000, ABSA f1==0.0000,
Current Max Metrics Index : 6 Current Min Loss Index : 22 Epoch Time: 0m 9s Tau : 0.27

-------------------------------------Iter45-------------------------------------
Train: final loss=0.625017, aspect loss=0.030741, opinion loss=0.000000, domain loss=0.589729, sentiment loss=0.000000, reg loss=0.000000, step=45908
Dev:   final loss=0.183554, aspect loss=0.183554, opinion loss=0.000000, sentiment loss=0.000000, reg loss=0.000000, step=45908
Dev:   aspect f1=0.5123, opinion f1=0.0000, sentiment acc==0.0000, sentiment f1==0.0000, ABSA f1==0.0000,
Test:  aspect f1=0.5123, opinion f1=0.0000, sentiment acc==0.0000, sentiment f1==0.0000, ABSA f1==0.0000,
Current Max Metrics Index : 6 Current Min Loss Index : 22 Epoch Time: 0m 9s Tau : 0.26

-------------------------------------Iter46-------------------------------------
Train: final loss=0.624104, aspect loss=0.030138, opinion loss=0.000000, domain loss=0.589703, sentiment loss=0.000000, reg loss=0.000000, step=46906
Dev:   final loss=0.187831, aspect loss=0.187831, opinion loss=0.000000, sentiment loss=0.000000, reg loss=0.000000, step=46906
Dev:   aspect f1=0.5220, opinion f1=0.0000, sentiment acc==0.0000, sentiment f1==0.0000, ABSA f1==0.0000,
Test:  aspect f1=0.5220, opinion f1=0.0000, sentiment acc==0.0000, sentiment f1==0.0000, ABSA f1==0.0000,
Current Max Metrics Index : 6 Current Min Loss Index : 22 Epoch Time: 0m 9s Tau : 0.25

-------------------------------------Iter47-------------------------------------
Train: final loss=0.623310, aspect loss=0.029723, opinion loss=0.000000, domain loss=0.589238, sentiment loss=0.000000, reg loss=0.000000, step=47904
Dev:   final loss=0.177936, aspect loss=0.177936, opinion loss=0.000000, sentiment loss=0.000000, reg loss=0.000000, step=47904
Dev:   aspect f1=0.5305, opinion f1=0.0000, sentiment acc==0.0000, sentiment f1==0.0000, ABSA f1==0.0000,
Test:  aspect f1=0.5305, opinion f1=0.0000, sentiment acc==0.0000, sentiment f1==0.0000, ABSA f1==0.0000,
Current Max Metrics Index : 6 Current Min Loss Index : 22 Epoch Time: 0m 9s Tau : 0.24

-------------------------------------Iter48-------------------------------------
Train: final loss=0.622067, aspect loss=0.030272, opinion loss=0.000000, domain loss=0.589770, sentiment loss=0.000000, reg loss=0.000000, step=48902
Dev:   final loss=0.178382, aspect loss=0.178382, opinion loss=0.000000, sentiment loss=0.000000, reg loss=0.000000, step=48902
Dev:   aspect f1=0.5200, opinion f1=0.0000, sentiment acc==0.0000, sentiment f1==0.0000, ABSA f1==0.0000,
Test:  aspect f1=0.5200, opinion f1=0.0000, sentiment acc==0.0000, sentiment f1==0.0000, ABSA f1==0.0000,
Current Max Metrics Index : 6 Current Min Loss Index : 22 Epoch Time: 0m 9s Tau : 0.24

-------------------------------------Iter49-------------------------------------
Train: final loss=0.623379, aspect loss=0.029138, opinion loss=0.000000, domain loss=0.589842, sentiment loss=0.000000, reg loss=0.000000, step=49900
Dev:   final loss=0.181739, aspect loss=0.181739, opinion loss=0.000000, sentiment loss=0.000000, reg loss=0.000000, step=49900
Dev:   aspect f1=0.5337, opinion f1=0.0000, sentiment acc==0.0000, sentiment f1==0.0000, ABSA f1==0.0000,
Test:  aspect f1=0.5337, opinion f1=0.0000, sentiment acc==0.0000, sentiment f1==0.0000, ABSA f1==0.0000,
Current Max Metrics Index : 6 Current Min Loss Index : 22 Epoch Time: 0m 9s Tau : 0.23

-------------------------------------Iter50-------------------------------------
Train: final loss=0.623441, aspect loss=0.027802, opinion loss=0.000000, domain loss=0.589458, sentiment loss=0.000000, reg loss=0.000000, step=50898
Dev:   final loss=0.177029, aspect loss=0.177029, opinion loss=0.000000, sentiment loss=0.000000, reg loss=0.000000, step=50898
Dev:   aspect f1=0.5306, opinion f1=0.0000, sentiment acc==0.0000, sentiment f1==0.0000, ABSA f1==0.0000,
Test:  aspect f1=0.5306, opinion f1=0.0000, sentiment acc==0.0000, sentiment f1==0.0000, ABSA f1==0.0000,
Current Max Metrics Index : 6 Current Min Loss Index : 22 Epoch Time: 0m 9s Tau : 0.22

-------------------------------------Iter51-------------------------------------
Train: final loss=0.622380, aspect loss=0.027761, opinion loss=0.000000, domain loss=0.589851, sentiment loss=0.000000, reg loss=0.000000, step=51896
Dev:   final loss=0.185782, aspect loss=0.185782, opinion loss=0.000000, sentiment loss=0.000000, reg loss=0.000000, step=51896
Dev:   aspect f1=0.5281, opinion f1=0.0000, sentiment acc==0.0000, sentiment f1==0.0000, ABSA f1==0.0000,
Test:  aspect f1=0.5281, opinion f1=0.0000, sentiment acc==0.0000, sentiment f1==0.0000, ABSA f1==0.0000,
Current Max Metrics Index : 6 Current Min Loss Index : 22 Epoch Time: 0m 8s Tau : 0.22

-------------------------------------Iter52-------------------------------------
Train: final loss=0.620743, aspect loss=0.027548, opinion loss=0.000000, domain loss=0.589705, sentiment loss=0.000000, reg loss=0.000000, step=52894
Dev:   final loss=0.176607, aspect loss=0.176607, opinion loss=0.000000, sentiment loss=0.000000, reg loss=0.000000, step=52894
Dev:   aspect f1=0.5379, opinion f1=0.0000, sentiment acc==0.0000, sentiment f1==0.0000, ABSA f1==0.0000,
Test:  aspect f1=0.5379, opinion f1=0.0000, sentiment acc==0.0000, sentiment f1==0.0000, ABSA f1==0.0000,
Current Max Metrics Index : 6 Current Min Loss Index : 22 Epoch Time: 0m 9s Tau : 0.21

-------------------------------------Iter53-------------------------------------
Train: final loss=0.621792, aspect loss=0.026603, opinion loss=0.000000, domain loss=0.589539, sentiment loss=0.000000, reg loss=0.000000, step=53892
Dev:   final loss=0.189819, aspect loss=0.189819, opinion loss=0.000000, sentiment loss=0.000000, reg loss=0.000000, step=53892
Dev:   aspect f1=0.5424, opinion f1=0.0000, sentiment acc==0.0000, sentiment f1==0.0000, ABSA f1==0.0000,
Test:  aspect f1=0.5424, opinion f1=0.0000, sentiment acc==0.0000, sentiment f1==0.0000, ABSA f1==0.0000,
Current Max Metrics Index : 6 Current Min Loss Index : 22 Epoch Time: 0m 8s Tau : 0.20

-------------------------------------Iter54-------------------------------------
Train: final loss=0.620746, aspect loss=0.027163, opinion loss=0.000000, domain loss=0.589679, sentiment loss=0.000000, reg loss=0.000000, step=54890
Dev:   final loss=0.185588, aspect loss=0.185588, opinion loss=0.000000, sentiment loss=0.000000, reg loss=0.000000, step=54890
Dev:   aspect f1=0.5335, opinion f1=0.0000, sentiment acc==0.0000, sentiment f1==0.0000, ABSA f1==0.0000,
Test:  aspect f1=0.5335, opinion f1=0.0000, sentiment acc==0.0000, sentiment f1==0.0000, ABSA f1==0.0000,
Current Max Metrics Index : 6 Current Min Loss Index : 22 Epoch Time: 0m 8s Tau : 0.20

-------------------------------------Iter55-------------------------------------
Train: final loss=0.619727, aspect loss=0.025871, opinion loss=0.000000, domain loss=0.589703, sentiment loss=0.000000, reg loss=0.000000, step=55888
Dev:   final loss=0.192508, aspect loss=0.192508, opinion loss=0.000000, sentiment loss=0.000000, reg loss=0.000000, step=55888
Dev:   aspect f1=0.5388, opinion f1=0.0000, sentiment acc==0.0000, sentiment f1==0.0000, ABSA f1==0.0000,
Test:  aspect f1=0.5388, opinion f1=0.0000, sentiment acc==0.0000, sentiment f1==0.0000, ABSA f1==0.0000,
Current Max Metrics Index : 6 Current Min Loss Index : 22 Epoch Time: 0m 8s Tau : 0.19

-------------------------------------Iter56-------------------------------------
Train: final loss=0.621317, aspect loss=0.026268, opinion loss=0.000000, domain loss=0.589809, sentiment loss=0.000000, reg loss=0.000000, step=56886
Dev:   final loss=0.176580, aspect loss=0.176580, opinion loss=0.000000, sentiment loss=0.000000, reg loss=0.000000, step=56886
Dev:   aspect f1=0.5441, opinion f1=0.0000, sentiment acc==0.0000, sentiment f1==0.0000, ABSA f1==0.0000,
Test:  aspect f1=0.5441, opinion f1=0.0000, sentiment acc==0.0000, sentiment f1==0.0000, ABSA f1==0.0000,
Current Max Metrics Index : 6 Current Min Loss Index : 22 Epoch Time: 0m 8s Tau : 0.19

-------------------------------------Iter57-------------------------------------
Train: final loss=0.619152, aspect loss=0.026363, opinion loss=0.000000, domain loss=0.589697, sentiment loss=0.000000, reg loss=0.000000, step=57884
Dev:   final loss=0.185558, aspect loss=0.185558, opinion loss=0.000000, sentiment loss=0.000000, reg loss=0.000000, step=57884
Dev:   aspect f1=0.5412, opinion f1=0.0000, sentiment acc==0.0000, sentiment f1==0.0000, ABSA f1==0.0000,
Test:  aspect f1=0.5412, opinion f1=0.0000, sentiment acc==0.0000, sentiment f1==0.0000, ABSA f1==0.0000,
Current Max Metrics Index : 6 Current Min Loss Index : 22 Epoch Time: 0m 8s Tau : 0.18

-------------------------------------Iter58-------------------------------------
Train: final loss=0.617391, aspect loss=0.025676, opinion loss=0.000000, domain loss=0.589477, sentiment loss=0.000000, reg loss=0.000000, step=58882
Dev:   final loss=0.190973, aspect loss=0.190973, opinion loss=0.000000, sentiment loss=0.000000, reg loss=0.000000, step=58882
Dev:   aspect f1=0.5351, opinion f1=0.0000, sentiment acc==0.0000, sentiment f1==0.0000, ABSA f1==0.0000,
Test:  aspect f1=0.5351, opinion f1=0.0000, sentiment acc==0.0000, sentiment f1==0.0000, ABSA f1==0.0000,
Current Max Metrics Index : 6 Current Min Loss Index : 22 Epoch Time: 0m 8s Tau : 0.18

-------------------------------------Iter59-------------------------------------
Train: final loss=0.621095, aspect loss=0.025412, opinion loss=0.000000, domain loss=0.589455, sentiment loss=0.000000, reg loss=0.000000, step=59880
Dev:   final loss=0.192963, aspect loss=0.192963, opinion loss=0.000000, sentiment loss=0.000000, reg loss=0.000000, step=59880
Dev:   aspect f1=0.5276, opinion f1=0.0000, sentiment acc==0.0000, sentiment f1==0.0000, ABSA f1==0.0000,
Test:  aspect f1=0.5276, opinion f1=0.0000, sentiment acc==0.0000, sentiment f1==0.0000, ABSA f1==0.0000,
Current Max Metrics Index : 6 Current Min Loss Index : 22 Epoch Time: 0m 8s Tau : 0.17

-------------------------------------Iter60-------------------------------------
Train: final loss=0.620717, aspect loss=0.024346, opinion loss=0.000000, domain loss=0.589710, sentiment loss=0.000000, reg loss=0.000000, step=60878
Dev:   final loss=0.199011, aspect loss=0.199011, opinion loss=0.000000, sentiment loss=0.000000, reg loss=0.000000, step=60878
Dev:   aspect f1=0.5351, opinion f1=0.0000, sentiment acc==0.0000, sentiment f1==0.0000, ABSA f1==0.0000,
Test:  aspect f1=0.5351, opinion f1=0.0000, sentiment acc==0.0000, sentiment f1==0.0000, ABSA f1==0.0000,
Current Max Metrics Index : 6 Current Min Loss Index : 22 Epoch Time: 0m 8s Tau : 0.17

-------------------------------------Iter61-------------------------------------
Train: final loss=0.617700, aspect loss=0.024791, opinion loss=0.000000, domain loss=0.589674, sentiment loss=0.000000, reg loss=0.000000, step=61876
Dev:   final loss=0.191189, aspect loss=0.191189, opinion loss=0.000000, sentiment loss=0.000000, reg loss=0.000000, step=61876
Dev:   aspect f1=0.5387, opinion f1=0.0000, sentiment acc==0.0000, sentiment f1==0.0000, ABSA f1==0.0000,
Test:  aspect f1=0.5387, opinion f1=0.0000, sentiment acc==0.0000, sentiment f1==0.0000, ABSA f1==0.0000,
Current Max Metrics Index : 6 Current Min Loss Index : 22 Epoch Time: 0m 8s Tau : 0.16

-------------------------------------Iter62-------------------------------------
Train: final loss=0.616290, aspect loss=0.024252, opinion loss=0.000000, domain loss=0.589824, sentiment loss=0.000000, reg loss=0.000000, step=62874
Dev:   final loss=0.197180, aspect loss=0.197180, opinion loss=0.000000, sentiment loss=0.000000, reg loss=0.000000, step=62874
Dev:   aspect f1=0.5391, opinion f1=0.0000, sentiment acc==0.0000, sentiment f1==0.0000, ABSA f1==0.0000,
Test:  aspect f1=0.5391, opinion f1=0.0000, sentiment acc==0.0000, sentiment f1==0.0000, ABSA f1==0.0000,
Current Max Metrics Index : 6 Current Min Loss Index : 22 Epoch Time: 0m 8s Tau : 0.16

-------------------------------------Iter63-------------------------------------
Train: final loss=0.618621, aspect loss=0.024088, opinion loss=0.000000, domain loss=0.589799, sentiment loss=0.000000, reg loss=0.000000, step=63872
Dev:   final loss=0.197385, aspect loss=0.197385, opinion loss=0.000000, sentiment loss=0.000000, reg loss=0.000000, step=63872
Dev:   aspect f1=0.5340, opinion f1=0.0000, sentiment acc==0.0000, sentiment f1==0.0000, ABSA f1==0.0000,
Test:  aspect f1=0.5340, opinion f1=0.0000, sentiment acc==0.0000, sentiment f1==0.0000, ABSA f1==0.0000,
Current Max Metrics Index : 6 Current Min Loss Index : 22 Epoch Time: 0m 8s Tau : 0.15

-------------------------------------Iter64-------------------------------------
Train: final loss=0.616385, aspect loss=0.024564, opinion loss=0.000000, domain loss=0.589810, sentiment loss=0.000000, reg loss=0.000000, step=64870
Dev:   final loss=0.187407, aspect loss=0.187407, opinion loss=0.000000, sentiment loss=0.000000, reg loss=0.000000, step=64870
Dev:   aspect f1=0.5323, opinion f1=0.0000, sentiment acc==0.0000, sentiment f1==0.0000, ABSA f1==0.0000,
Test:  aspect f1=0.5323, opinion f1=0.0000, sentiment acc==0.0000, sentiment f1==0.0000, ABSA f1==0.0000,
Current Max Metrics Index : 6 Current Min Loss Index : 22 Epoch Time: 0m 8s Tau : 0.15

-------------------------------------Iter65-------------------------------------
Train: final loss=0.616260, aspect loss=0.023951, opinion loss=0.000000, domain loss=0.589626, sentiment loss=0.000000, reg loss=0.000000, step=65868
Dev:   final loss=0.191101, aspect loss=0.191101, opinion loss=0.000000, sentiment loss=0.000000, reg loss=0.000000, step=65868
Dev:   aspect f1=0.5354, opinion f1=0.0000, sentiment acc==0.0000, sentiment f1==0.0000, ABSA f1==0.0000,
Test:  aspect f1=0.5354, opinion f1=0.0000, sentiment acc==0.0000, sentiment f1==0.0000, ABSA f1==0.0000,
Current Max Metrics Index : 6 Current Min Loss Index : 22 Epoch Time: 0m 8s Tau : 0.14

-------------------------------------Iter66-------------------------------------
Train: final loss=0.618445, aspect loss=0.025071, opinion loss=0.000000, domain loss=0.589626, sentiment loss=0.000000, reg loss=0.000000, step=66866
Dev:   final loss=0.181508, aspect loss=0.181508, opinion loss=0.000000, sentiment loss=0.000000, reg loss=0.000000, step=66866
Dev:   aspect f1=0.5249, opinion f1=0.0000, sentiment acc==0.0000, sentiment f1==0.0000, ABSA f1==0.0000,
Test:  aspect f1=0.5249, opinion f1=0.0000, sentiment acc==0.0000, sentiment f1==0.0000, ABSA f1==0.0000,
Current Max Metrics Index : 6 Current Min Loss Index : 22 Epoch Time: 0m 8s Tau : 0.14

-------------------------------------Iter67-------------------------------------
Train: final loss=0.619312, aspect loss=0.023129, opinion loss=0.000000, domain loss=0.589727, sentiment loss=0.000000, reg loss=0.000000, step=67864
Dev:   final loss=0.201808, aspect loss=0.201808, opinion loss=0.000000, sentiment loss=0.000000, reg loss=0.000000, step=67864
Dev:   aspect f1=0.5150, opinion f1=0.0000, sentiment acc==0.0000, sentiment f1==0.0000, ABSA f1==0.0000,
Test:  aspect f1=0.5150, opinion f1=0.0000, sentiment acc==0.0000, sentiment f1==0.0000, ABSA f1==0.0000,
Current Max Metrics Index : 6 Current Min Loss Index : 22 Epoch Time: 0m 8s Tau : 0.13

-------------------------------------Iter68-------------------------------------
Train: final loss=0.619572, aspect loss=0.023684, opinion loss=0.000000, domain loss=0.589555, sentiment loss=0.000000, reg loss=0.000000, step=68862
Dev:   final loss=0.195453, aspect loss=0.195453, opinion loss=0.000000, sentiment loss=0.000000, reg loss=0.000000, step=68862
Dev:   aspect f1=0.5244, opinion f1=0.0000, sentiment acc==0.0000, sentiment f1==0.0000, ABSA f1==0.0000,
Test:  aspect f1=0.5244, opinion f1=0.0000, sentiment acc==0.0000, sentiment f1==0.0000, ABSA f1==0.0000,
Current Max Metrics Index : 6 Current Min Loss Index : 22 Epoch Time: 0m 8s Tau : 0.13

-------------------------------------Iter69-------------------------------------
Train: final loss=0.617023, aspect loss=0.021800, opinion loss=0.000000, domain loss=0.589918, sentiment loss=0.000000, reg loss=0.000000, step=69860
Dev:   final loss=0.201879, aspect loss=0.201879, opinion loss=0.000000, sentiment loss=0.000000, reg loss=0.000000, step=69860
Dev:   aspect f1=0.5190, opinion f1=0.0000, sentiment acc==0.0000, sentiment f1==0.0000, ABSA f1==0.0000,
Test:  aspect f1=0.5190, opinion f1=0.0000, sentiment acc==0.0000, sentiment f1==0.0000, ABSA f1==0.0000,
Current Max Metrics Index : 6 Current Min Loss Index : 22 Epoch Time: 0m 8s Tau : 0.13

-------------------------------------Iter70-------------------------------------
Train: final loss=0.618165, aspect loss=0.021899, opinion loss=0.000000, domain loss=0.589792, sentiment loss=0.000000, reg loss=0.000000, step=70858
Dev:   final loss=0.211821, aspect loss=0.211821, opinion loss=0.000000, sentiment loss=0.000000, reg loss=0.000000, step=70858
Dev:   aspect f1=0.5198, opinion f1=0.0000, sentiment acc==0.0000, sentiment f1==0.0000, ABSA f1==0.0000,
Test:  aspect f1=0.5198, opinion f1=0.0000, sentiment acc==0.0000, sentiment f1==0.0000, ABSA f1==0.0000,
Current Max Metrics Index : 6 Current Min Loss Index : 22 Epoch Time: 0m 8s Tau : 0.12

-------------------------------------Iter71-------------------------------------
Train: final loss=0.617771, aspect loss=0.022080, opinion loss=0.000000, domain loss=0.589893, sentiment loss=0.000000, reg loss=0.000000, step=71856
Dev:   final loss=0.194998, aspect loss=0.194998, opinion loss=0.000000, sentiment loss=0.000000, reg loss=0.000000, step=71856
Dev:   aspect f1=0.5185, opinion f1=0.0000, sentiment acc==0.0000, sentiment f1==0.0000, ABSA f1==0.0000,
Test:  aspect f1=0.5185, opinion f1=0.0000, sentiment acc==0.0000, sentiment f1==0.0000, ABSA f1==0.0000,
Current Max Metrics Index : 6 Current Min Loss Index : 22 Epoch Time: 0m 8s Tau : 0.12

-------------------------------------Iter72-------------------------------------
Train: final loss=0.618239, aspect loss=0.022869, opinion loss=0.000000, domain loss=0.589562, sentiment loss=0.000000, reg loss=0.000000, step=72854
Dev:   final loss=0.217472, aspect loss=0.217472, opinion loss=0.000000, sentiment loss=0.000000, reg loss=0.000000, step=72854
Dev:   aspect f1=0.5235, opinion f1=0.0000, sentiment acc==0.0000, sentiment f1==0.0000, ABSA f1==0.0000,
Test:  aspect f1=0.5235, opinion f1=0.0000, sentiment acc==0.0000, sentiment f1==0.0000, ABSA f1==0.0000,
Current Max Metrics Index : 6 Current Min Loss Index : 22 Epoch Time: 0m 8s Tau : 0.12

-------------------------------------Iter73-------------------------------------
Train: final loss=0.618154, aspect loss=0.022765, opinion loss=0.000000, domain loss=0.589945, sentiment loss=0.000000, reg loss=0.000000, step=73852
Dev:   final loss=0.200368, aspect loss=0.200368, opinion loss=0.000000, sentiment loss=0.000000, reg loss=0.000000, step=73852
Dev:   aspect f1=0.5241, opinion f1=0.0000, sentiment acc==0.0000, sentiment f1==0.0000, ABSA f1==0.0000,
Test:  aspect f1=0.5241, opinion f1=0.0000, sentiment acc==0.0000, sentiment f1==0.0000, ABSA f1==0.0000,
Current Max Metrics Index : 6 Current Min Loss Index : 22 Epoch Time: 0m 8s Tau : 0.11

-------------------------------------Iter74-------------------------------------
Train: final loss=0.617947, aspect loss=0.021157, opinion loss=0.000000, domain loss=0.589831, sentiment loss=0.000000, reg loss=0.000000, step=74850
Dev:   final loss=0.201237, aspect loss=0.201237, opinion loss=0.000000, sentiment loss=0.000000, reg loss=0.000000, step=74850
Dev:   aspect f1=0.5207, opinion f1=0.0000, sentiment acc==0.0000, sentiment f1==0.0000, ABSA f1==0.0000,
Test:  aspect f1=0.5207, opinion f1=0.0000, sentiment acc==0.0000, sentiment f1==0.0000, ABSA f1==0.0000,
Current Max Metrics Index : 6 Current Min Loss Index : 22 Epoch Time: 0m 8s Tau : 0.11

-------------------------------------Iter75-------------------------------------
Train: final loss=0.617681, aspect loss=0.021538, opinion loss=0.000000, domain loss=0.589480, sentiment loss=0.000000, reg loss=0.000000, step=75848
Dev:   final loss=0.212749, aspect loss=0.212749, opinion loss=0.000000, sentiment loss=0.000000, reg loss=0.000000, step=75848
Dev:   aspect f1=0.5207, opinion f1=0.0000, sentiment acc==0.0000, sentiment f1==0.0000, ABSA f1==0.0000,
Test:  aspect f1=0.5207, opinion f1=0.0000, sentiment acc==0.0000, sentiment f1==0.0000, ABSA f1==0.0000,
Current Max Metrics Index : 6 Current Min Loss Index : 22 Epoch Time: 0m 8s Tau : 0.11

-------------------------------------Iter76-------------------------------------
Train: final loss=0.616697, aspect loss=0.020807, opinion loss=0.000000, domain loss=0.589728, sentiment loss=0.000000, reg loss=0.000000, step=76846
Dev:   final loss=0.203601, aspect loss=0.203601, opinion loss=0.000000, sentiment loss=0.000000, reg loss=0.000000, step=76846
Dev:   aspect f1=0.5243, opinion f1=0.0000, sentiment acc==0.0000, sentiment f1==0.0000, ABSA f1==0.0000,
Test:  aspect f1=0.5243, opinion f1=0.0000, sentiment acc==0.0000, sentiment f1==0.0000, ABSA f1==0.0000,
Current Max Metrics Index : 6 Current Min Loss Index : 22 Epoch Time: 0m 8s Tau : 0.10

-------------------------------------Iter77-------------------------------------
Train: final loss=0.613837, aspect loss=0.020615, opinion loss=0.000000, domain loss=0.589721, sentiment loss=0.000000, reg loss=0.000000, step=77844
Dev:   final loss=0.209239, aspect loss=0.209239, opinion loss=0.000000, sentiment loss=0.000000, reg loss=0.000000, step=77844
Dev:   aspect f1=0.5236, opinion f1=0.0000, sentiment acc==0.0000, sentiment f1==0.0000, ABSA f1==0.0000,
Test:  aspect f1=0.5236, opinion f1=0.0000, sentiment acc==0.0000, sentiment f1==0.0000, ABSA f1==0.0000,
Current Max Metrics Index : 6 Current Min Loss Index : 22 Epoch Time: 0m 8s Tau : 0.10

-------------------------------------Iter78-------------------------------------
Train: final loss=0.616722, aspect loss=0.021073, opinion loss=0.000000, domain loss=0.589190, sentiment loss=0.000000, reg loss=0.000000, step=78842
Dev:   final loss=0.212554, aspect loss=0.212554, opinion loss=0.000000, sentiment loss=0.000000, reg loss=0.000000, step=78842
Dev:   aspect f1=0.5090, opinion f1=0.0000, sentiment acc==0.0000, sentiment f1==0.0000, ABSA f1==0.0000,
Test:  aspect f1=0.5090, opinion f1=0.0000, sentiment acc==0.0000, sentiment f1==0.0000, ABSA f1==0.0000,
Current Max Metrics Index : 6 Current Min Loss Index : 22 Epoch Time: 0m 9s Tau : 0.10

-------------------------------------Iter79-------------------------------------
Train: final loss=0.612577, aspect loss=0.020269, opinion loss=0.000000, domain loss=0.589938, sentiment loss=0.000000, reg loss=0.000000, step=79840
Dev:   final loss=0.208563, aspect loss=0.208563, opinion loss=0.000000, sentiment loss=0.000000, reg loss=0.000000, step=79840
Dev:   aspect f1=0.5211, opinion f1=0.0000, sentiment acc==0.0000, sentiment f1==0.0000, ABSA f1==0.0000,
Test:  aspect f1=0.5211, opinion f1=0.0000, sentiment acc==0.0000, sentiment f1==0.0000, ABSA f1==0.0000,
Current Max Metrics Index : 6 Current Min Loss Index : 22 Epoch Time: 0m 9s Tau : 0.10

-------------------------------------Iter80-------------------------------------
Train: final loss=0.613909, aspect loss=0.019987, opinion loss=0.000000, domain loss=0.589774, sentiment loss=0.000000, reg loss=0.000000, step=80838
Dev:   final loss=0.214448, aspect loss=0.214448, opinion loss=0.000000, sentiment loss=0.000000, reg loss=0.000000, step=80838
Dev:   aspect f1=0.5171, opinion f1=0.0000, sentiment acc==0.0000, sentiment f1==0.0000, ABSA f1==0.0000,
Test:  aspect f1=0.5171, opinion f1=0.0000, sentiment acc==0.0000, sentiment f1==0.0000, ABSA f1==0.0000,
Current Max Metrics Index : 6 Current Min Loss Index : 22 Epoch Time: 0m 9s Tau : 0.10

-------------------------------------Iter81-------------------------------------
Train: final loss=0.610808, aspect loss=0.019459, opinion loss=0.000000, domain loss=0.589581, sentiment loss=0.000000, reg loss=0.000000, step=81836
Dev:   final loss=0.220985, aspect loss=0.220985, opinion loss=0.000000, sentiment loss=0.000000, reg loss=0.000000, step=81836
Dev:   aspect f1=0.5111, opinion f1=0.0000, sentiment acc==0.0000, sentiment f1==0.0000, ABSA f1==0.0000,
Test:  aspect f1=0.5111, opinion f1=0.0000, sentiment acc==0.0000, sentiment f1==0.0000, ABSA f1==0.0000,
Current Max Metrics Index : 6 Current Min Loss Index : 22 Epoch Time: 0m 9s Tau : 0.10

-------------------------------------Iter82-------------------------------------
Train: final loss=0.613746, aspect loss=0.019460, opinion loss=0.000000, domain loss=0.589529, sentiment loss=0.000000, reg loss=0.000000, step=82834
Dev:   final loss=0.211682, aspect loss=0.211682, opinion loss=0.000000, sentiment loss=0.000000, reg loss=0.000000, step=82834
Dev:   aspect f1=0.5169, opinion f1=0.0000, sentiment acc==0.0000, sentiment f1==0.0000, ABSA f1==0.0000,
Test:  aspect f1=0.5169, opinion f1=0.0000, sentiment acc==0.0000, sentiment f1==0.0000, ABSA f1==0.0000,
Current Max Metrics Index : 6 Current Min Loss Index : 22 Epoch Time: 0m 9s Tau : 0.10

-------------------------------------Iter83-------------------------------------
Train: final loss=0.614819, aspect loss=0.019594, opinion loss=0.000000, domain loss=0.589695, sentiment loss=0.000000, reg loss=0.000000, step=83832
Dev:   final loss=0.205975, aspect loss=0.205975, opinion loss=0.000000, sentiment loss=0.000000, reg loss=0.000000, step=83832
Dev:   aspect f1=0.5215, opinion f1=0.0000, sentiment acc==0.0000, sentiment f1==0.0000, ABSA f1==0.0000,
Test:  aspect f1=0.5215, opinion f1=0.0000, sentiment acc==0.0000, sentiment f1==0.0000, ABSA f1==0.0000,
Current Max Metrics Index : 6 Current Min Loss Index : 22 Epoch Time: 0m 9s Tau : 0.10

-------------------------------------Iter84-------------------------------------
Train: final loss=0.612621, aspect loss=0.019455, opinion loss=0.000000, domain loss=0.589397, sentiment loss=0.000000, reg loss=0.000000, step=84830
Dev:   final loss=0.203717, aspect loss=0.203717, opinion loss=0.000000, sentiment loss=0.000000, reg loss=0.000000, step=84830
Dev:   aspect f1=0.5175, opinion f1=0.0000, sentiment acc==0.0000, sentiment f1==0.0000, ABSA f1==0.0000,
Test:  aspect f1=0.5175, opinion f1=0.0000, sentiment acc==0.0000, sentiment f1==0.0000, ABSA f1==0.0000,
Current Max Metrics Index : 6 Current Min Loss Index : 22 Epoch Time: 0m 9s Tau : 0.10

-------------------------------------Iter85-------------------------------------
Train: final loss=0.616489, aspect loss=0.019739, opinion loss=0.000000, domain loss=0.590584, sentiment loss=0.000000, reg loss=0.000000, step=85828
Dev:   final loss=0.197252, aspect loss=0.197252, opinion loss=0.000000, sentiment loss=0.000000, reg loss=0.000000, step=85828
Dev:   aspect f1=0.5349, opinion f1=0.0000, sentiment acc==0.0000, sentiment f1==0.0000, ABSA f1==0.0000,
Test:  aspect f1=0.5349, opinion f1=0.0000, sentiment acc==0.0000, sentiment f1==0.0000, ABSA f1==0.0000,
Current Max Metrics Index : 6 Current Min Loss Index : 22 Epoch Time: 0m 9s Tau : 0.10

-------------------------------------Iter86-------------------------------------
Train: final loss=0.613180, aspect loss=0.018873, opinion loss=0.000000, domain loss=0.589725, sentiment loss=0.000000, reg loss=0.000000, step=86826
Dev:   final loss=0.198736, aspect loss=0.198736, opinion loss=0.000000, sentiment loss=0.000000, reg loss=0.000000, step=86826
Dev:   aspect f1=0.5340, opinion f1=0.0000, sentiment acc==0.0000, sentiment f1==0.0000, ABSA f1==0.0000,
Test:  aspect f1=0.5340, opinion f1=0.0000, sentiment acc==0.0000, sentiment f1==0.0000, ABSA f1==0.0000,
Current Max Metrics Index : 6 Current Min Loss Index : 22 Epoch Time: 0m 9s Tau : 0.10

-------------------------------------Iter87-------------------------------------
Train: final loss=0.613693, aspect loss=0.018675, opinion loss=0.000000, domain loss=0.589764, sentiment loss=0.000000, reg loss=0.000000, step=87824
Dev:   final loss=0.201646, aspect loss=0.201646, opinion loss=0.000000, sentiment loss=0.000000, reg loss=0.000000, step=87824
Dev:   aspect f1=0.5262, opinion f1=0.0000, sentiment acc==0.0000, sentiment f1==0.0000, ABSA f1==0.0000,
Test:  aspect f1=0.5262, opinion f1=0.0000, sentiment acc==0.0000, sentiment f1==0.0000, ABSA f1==0.0000,
Current Max Metrics Index : 6 Current Min Loss Index : 22 Epoch Time: 0m 9s Tau : 0.10

-------------------------------------Iter88-------------------------------------
Train: final loss=0.610702, aspect loss=0.018710, opinion loss=0.000000, domain loss=0.589702, sentiment loss=0.000000, reg loss=0.000000, step=88822
Dev:   final loss=0.200544, aspect loss=0.200544, opinion loss=0.000000, sentiment loss=0.000000, reg loss=0.000000, step=88822
Dev:   aspect f1=0.5272, opinion f1=0.0000, sentiment acc==0.0000, sentiment f1==0.0000, ABSA f1==0.0000,
Test:  aspect f1=0.5272, opinion f1=0.0000, sentiment acc==0.0000, sentiment f1==0.0000, ABSA f1==0.0000,
Current Max Metrics Index : 6 Current Min Loss Index : 22 Epoch Time: 0m 9s Tau : 0.10

-------------------------------------Iter89-------------------------------------
Train: final loss=0.613225, aspect loss=0.018777, opinion loss=0.000000, domain loss=0.589752, sentiment loss=0.000000, reg loss=0.000000, step=89820
Dev:   final loss=0.205480, aspect loss=0.205480, opinion loss=0.000000, sentiment loss=0.000000, reg loss=0.000000, step=89820
Dev:   aspect f1=0.5133, opinion f1=0.0000, sentiment acc==0.0000, sentiment f1==0.0000, ABSA f1==0.0000,
Test:  aspect f1=0.5133, opinion f1=0.0000, sentiment acc==0.0000, sentiment f1==0.0000, ABSA f1==0.0000,
Current Max Metrics Index : 6 Current Min Loss Index : 22 Epoch Time: 0m 9s Tau : 0.10

-------------------------------------Iter90-------------------------------------
Train: final loss=0.612658, aspect loss=0.018397, opinion loss=0.000000, domain loss=0.589703, sentiment loss=0.000000, reg loss=0.000000, step=90818
Dev:   final loss=0.205251, aspect loss=0.205251, opinion loss=0.000000, sentiment loss=0.000000, reg loss=0.000000, step=90818
Dev:   aspect f1=0.5120, opinion f1=0.0000, sentiment acc==0.0000, sentiment f1==0.0000, ABSA f1==0.0000,
Test:  aspect f1=0.5120, opinion f1=0.0000, sentiment acc==0.0000, sentiment f1==0.0000, ABSA f1==0.0000,
Current Max Metrics Index : 6 Current Min Loss Index : 22 Epoch Time: 0m 9s Tau : 0.10

-------------------------------------Iter91-------------------------------------
Train: final loss=0.610022, aspect loss=0.018401, opinion loss=0.000000, domain loss=0.589517, sentiment loss=0.000000, reg loss=0.000000, step=91816
Dev:   final loss=0.203593, aspect loss=0.203593, opinion loss=0.000000, sentiment loss=0.000000, reg loss=0.000000, step=91816
Dev:   aspect f1=0.5210, opinion f1=0.0000, sentiment acc==0.0000, sentiment f1==0.0000, ABSA f1==0.0000,
Test:  aspect f1=0.5210, opinion f1=0.0000, sentiment acc==0.0000, sentiment f1==0.0000, ABSA f1==0.0000,
Current Max Metrics Index : 6 Current Min Loss Index : 22 Epoch Time: 0m 9s Tau : 0.10

-------------------------------------Iter92-------------------------------------
Train: final loss=0.613509, aspect loss=0.018071, opinion loss=0.000000, domain loss=0.589325, sentiment loss=0.000000, reg loss=0.000000, step=92814
Dev:   final loss=0.215130, aspect loss=0.215130, opinion loss=0.000000, sentiment loss=0.000000, reg loss=0.000000, step=92814
Dev:   aspect f1=0.5241, opinion f1=0.0000, sentiment acc==0.0000, sentiment f1==0.0000, ABSA f1==0.0000,
Test:  aspect f1=0.5241, opinion f1=0.0000, sentiment acc==0.0000, sentiment f1==0.0000, ABSA f1==0.0000,
Current Max Metrics Index : 6 Current Min Loss Index : 22 Epoch Time: 0m 9s Tau : 0.10

-------------------------------------Iter93-------------------------------------
Train: final loss=0.610249, aspect loss=0.018122, opinion loss=0.000000, domain loss=0.589504, sentiment loss=0.000000, reg loss=0.000000, step=93812
Dev:   final loss=0.207893, aspect loss=0.207893, opinion loss=0.000000, sentiment loss=0.000000, reg loss=0.000000, step=93812
Dev:   aspect f1=0.5179, opinion f1=0.0000, sentiment acc==0.0000, sentiment f1==0.0000, ABSA f1==0.0000,
Test:  aspect f1=0.5179, opinion f1=0.0000, sentiment acc==0.0000, sentiment f1==0.0000, ABSA f1==0.0000,
Current Max Metrics Index : 6 Current Min Loss Index : 22 Epoch Time: 0m 9s Tau : 0.10

-------------------------------------Iter94-------------------------------------
Train: final loss=0.611444, aspect loss=0.017419, opinion loss=0.000000, domain loss=0.589795, sentiment loss=0.000000, reg loss=0.000000, step=94810
Dev:   final loss=0.210862, aspect loss=0.210862, opinion loss=0.000000, sentiment loss=0.000000, reg loss=0.000000, step=94810
Dev:   aspect f1=0.5283, opinion f1=0.0000, sentiment acc==0.0000, sentiment f1==0.0000, ABSA f1==0.0000,
Test:  aspect f1=0.5283, opinion f1=0.0000, sentiment acc==0.0000, sentiment f1==0.0000, ABSA f1==0.0000,
Current Max Metrics Index : 6 Current Min Loss Index : 22 Epoch Time: 0m 9s Tau : 0.10

-------------------------------------Iter95-------------------------------------
Train: final loss=0.611265, aspect loss=0.017017, opinion loss=0.000000, domain loss=0.589858, sentiment loss=0.000000, reg loss=0.000000, step=95808
Dev:   final loss=0.210620, aspect loss=0.210620, opinion loss=0.000000, sentiment loss=0.000000, reg loss=0.000000, step=95808
Dev:   aspect f1=0.5109, opinion f1=0.0000, sentiment acc==0.0000, sentiment f1==0.0000, ABSA f1==0.0000,
Test:  aspect f1=0.5109, opinion f1=0.0000, sentiment acc==0.0000, sentiment f1==0.0000, ABSA f1==0.0000,
Current Max Metrics Index : 6 Current Min Loss Index : 22 Epoch Time: 0m 9s Tau : 0.10

-------------------------------------Iter96-------------------------------------
Train: final loss=0.611135, aspect loss=0.017001, opinion loss=0.000000, domain loss=0.589843, sentiment loss=0.000000, reg loss=0.000000, step=96806
Dev:   final loss=0.218710, aspect loss=0.218710, opinion loss=0.000000, sentiment loss=0.000000, reg loss=0.000000, step=96806
Dev:   aspect f1=0.5242, opinion f1=0.0000, sentiment acc==0.0000, sentiment f1==0.0000, ABSA f1==0.0000,
Test:  aspect f1=0.5242, opinion f1=0.0000, sentiment acc==0.0000, sentiment f1==0.0000, ABSA f1==0.0000,
Current Max Metrics Index : 6 Current Min Loss Index : 22 Epoch Time: 0m 9s Tau : 0.10

-------------------------------------Iter97-------------------------------------
Train: final loss=0.610828, aspect loss=0.016994, opinion loss=0.000000, domain loss=0.589917, sentiment loss=0.000000, reg loss=0.000000, step=97804
Dev:   final loss=0.217379, aspect loss=0.217379, opinion loss=0.000000, sentiment loss=0.000000, reg loss=0.000000, step=97804
Dev:   aspect f1=0.5250, opinion f1=0.0000, sentiment acc==0.0000, sentiment f1==0.0000, ABSA f1==0.0000,
Test:  aspect f1=0.5250, opinion f1=0.0000, sentiment acc==0.0000, sentiment f1==0.0000, ABSA f1==0.0000,
Current Max Metrics Index : 6 Current Min Loss Index : 22 Epoch Time: 0m 9s Tau : 0.10

-------------------------------------Iter98-------------------------------------
Train: final loss=0.613047, aspect loss=0.017485, opinion loss=0.000000, domain loss=0.589345, sentiment loss=0.000000, reg loss=0.000000, step=98802
Dev:   final loss=0.212994, aspect loss=0.212994, opinion loss=0.000000, sentiment loss=0.000000, reg loss=0.000000, step=98802
Dev:   aspect f1=0.5294, opinion f1=0.0000, sentiment acc==0.0000, sentiment f1==0.0000, ABSA f1==0.0000,
Test:  aspect f1=0.5294, opinion f1=0.0000, sentiment acc==0.0000, sentiment f1==0.0000, ABSA f1==0.0000,
Current Max Metrics Index : 6 Current Min Loss Index : 22 Epoch Time: 0m 9s Tau : 0.10

-------------------------------------Iter99-------------------------------------
Train: final loss=0.608091, aspect loss=0.016301, opinion loss=0.000000, domain loss=0.589595, sentiment loss=0.000000, reg loss=0.000000, step=99800
Dev:   final loss=0.223539, aspect loss=0.223539, opinion loss=0.000000, sentiment loss=0.000000, reg loss=0.000000, step=99800
Dev:   aspect f1=0.5237, opinion f1=0.0000, sentiment acc==0.0000, sentiment f1==0.0000, ABSA f1==0.0000,
Test:  aspect f1=0.5237, opinion f1=0.0000, sentiment acc==0.0000, sentiment f1==0.0000, ABSA f1==0.0000,
Current Max Metrics Index : 6 Current Min Loss Index : 22 Epoch Time: 0m 9s Tau : 0.10

--------------------------------Mission Complete--------------------------------
Dev Max Metrics Index: 6
aspect f1=54.74, opinion f1=0.00, sentiment acc==0.00, sentiment f1==0.00, ABSA f1==0.00,
Dev Min Loss Index: 22
aspect f1=52.94, opinion f1=0.00, sentiment acc==0.00, sentiment f1==0.00, ABSA f1==0.00,
Running Time: 14m 19s
