> log file: ./log/device-to-laptop/[SynBridge]-210519-183247.log
cuda memory allocated: 10108928
n_trainable_params: 1431975, n_nontrainable_params: 1094700
> training arguments:
>>> source: device
>>> target: laptop
>>> use_unlabel: 1
>>> use_syntactic: 1
>>> use_semantic: 0
>>> split: 1
>>> local_bert_path: F:\NLP\BERT-BASE-UNCASED
>>> model_name: DECNN
>>> batch_size: 8
>>> learning_rate: 0.0001
>>> lr_decay: 1e-05
>>> num_epoch: 100
>>> emb_dim: 100
>>> dep_dim: 50
>>> pos_dim: 50
>>> hidden_dim: 256
>>> keep_prob: 0.5
>>> l2_reg: 1e-05
>>> beta: 0.1
>>> kernel_size: 5
>>> hop_num: 2
>>> class_num: 3
>>> cluster_num: 200
>>> cate_num: 20
>>> seed: 111
>>> log_step: 5
>>> dynamic_gate: 1
>>> valset_num: 0
>>> reuse_embedding: 1
>>> optimizer: <class 'torch.optim.adam.Adam'>
>>> initializer: <function uniform_ at 0x7fb3a48d9c80>
>>> device: cuda:0
>>> ablation: None
>>> topk: 10
>>> name: [SynBridge]
>>> dataset_file: {'train': './data/device/train1/', 'unlabel': './data/laptop/train1/', 'test': './data/laptop/test1/'}
>>> model_class: <class 'models.decnn_base.DECNN'>
>>> inputs_cols: ['sentence', 'mask', 'position', 'keep_prob']
>>> max_sentence_len: 110

-------------------------------------Iter0--------------------------------------
Train: final loss=0.717783, aspect loss=0.120191, opinion loss=0.000000, domain loss=0.593195, sentiment loss=0.000000, reg loss=0.000000, step=998
Dev:   final loss=0.309079, aspect loss=0.309079, opinion loss=0.000000, sentiment loss=0.000000, reg loss=0.000000, step=998
Dev:   aspect f1=0.3661, opinion f1=0.0000, sentiment acc==0.0000, sentiment f1==0.0000, ABSA f1==0.0000,
Test:  aspect f1=0.3661, opinion f1=0.0000, sentiment acc==0.0000, sentiment f1==0.0000, ABSA f1==0.0000,
Current Max Metrics Index : 0 Current Min Loss Index : 0 Epoch Time: 0m 9s Tau : 1.00
>> Checkpoint Saved: state_dict/device-to-laptop/[SynBridge]-ATE-F1-0.3661.pth

-------------------------------------Iter1--------------------------------------
Train: final loss=0.680201, aspect loss=0.084388, opinion loss=0.000000, domain loss=0.588858, sentiment loss=0.000000, reg loss=0.000000, step=1996
Dev:   final loss=0.241647, aspect loss=0.241647, opinion loss=0.000000, sentiment loss=0.000000, reg loss=0.000000, step=1996
Dev:   aspect f1=0.4229, opinion f1=0.0000, sentiment acc==0.0000, sentiment f1==0.0000, ABSA f1==0.0000,
Test:  aspect f1=0.4229, opinion f1=0.0000, sentiment acc==0.0000, sentiment f1==0.0000, ABSA f1==0.0000,
Current Max Metrics Index : 1 Current Min Loss Index : 1 Epoch Time: 0m 9s Tau : 0.97
>> Checkpoint Saved: state_dict/device-to-laptop/[SynBridge]-ATE-F1-0.4229.pth

-------------------------------------Iter2--------------------------------------
Train: final loss=0.660775, aspect loss=0.073388, opinion loss=0.000000, domain loss=0.582643, sentiment loss=0.000000, reg loss=0.000000, step=2994
Dev:   final loss=0.190423, aspect loss=0.190423, opinion loss=0.000000, sentiment loss=0.000000, reg loss=0.000000, step=2994
Dev:   aspect f1=0.4584, opinion f1=0.0000, sentiment acc==0.0000, sentiment f1==0.0000, ABSA f1==0.0000,
Test:  aspect f1=0.4584, opinion f1=0.0000, sentiment acc==0.0000, sentiment f1==0.0000, ABSA f1==0.0000,
Current Max Metrics Index : 2 Current Min Loss Index : 2 Epoch Time: 0m 9s Tau : 0.94
>> Checkpoint Saved: state_dict/device-to-laptop/[SynBridge]-ATE-F1-0.4584.pth

-------------------------------------Iter3--------------------------------------
Train: final loss=0.654439, aspect loss=0.069269, opinion loss=0.000000, domain loss=0.581197, sentiment loss=0.000000, reg loss=0.000000, step=3992
Dev:   final loss=0.196903, aspect loss=0.196903, opinion loss=0.000000, sentiment loss=0.000000, reg loss=0.000000, step=3992
Dev:   aspect f1=0.4687, opinion f1=0.0000, sentiment acc==0.0000, sentiment f1==0.0000, ABSA f1==0.0000,
Test:  aspect f1=0.4687, opinion f1=0.0000, sentiment acc==0.0000, sentiment f1==0.0000, ABSA f1==0.0000,
Current Max Metrics Index : 3 Current Min Loss Index : 2 Epoch Time: 0m 9s Tau : 0.91
>> Checkpoint Saved: state_dict/device-to-laptop/[SynBridge]-ATE-F1-0.4687.pth

-------------------------------------Iter4--------------------------------------
Train: final loss=0.656884, aspect loss=0.065320, opinion loss=0.000000, domain loss=0.586827, sentiment loss=0.000000, reg loss=0.000000, step=4990
Dev:   final loss=0.189744, aspect loss=0.189744, opinion loss=0.000000, sentiment loss=0.000000, reg loss=0.000000, step=4990
Dev:   aspect f1=0.4793, opinion f1=0.0000, sentiment acc==0.0000, sentiment f1==0.0000, ABSA f1==0.0000,
Test:  aspect f1=0.4793, opinion f1=0.0000, sentiment acc==0.0000, sentiment f1==0.0000, ABSA f1==0.0000,
Current Max Metrics Index : 4 Current Min Loss Index : 4 Epoch Time: 0m 9s Tau : 0.89
>> Checkpoint Saved: state_dict/device-to-laptop/[SynBridge]-ATE-F1-0.4793.pth

-------------------------------------Iter5--------------------------------------
Train: final loss=0.655411, aspect loss=0.062112, opinion loss=0.000000, domain loss=0.588482, sentiment loss=0.000000, reg loss=0.000000, step=5988
Dev:   final loss=0.211352, aspect loss=0.211352, opinion loss=0.000000, sentiment loss=0.000000, reg loss=0.000000, step=5988
Dev:   aspect f1=0.4519, opinion f1=0.0000, sentiment acc==0.0000, sentiment f1==0.0000, ABSA f1==0.0000,
Test:  aspect f1=0.4519, opinion f1=0.0000, sentiment acc==0.0000, sentiment f1==0.0000, ABSA f1==0.0000,
Current Max Metrics Index : 4 Current Min Loss Index : 4 Epoch Time: 0m 9s Tau : 0.86

-------------------------------------Iter6--------------------------------------
Train: final loss=0.651775, aspect loss=0.059837, opinion loss=0.000000, domain loss=0.589620, sentiment loss=0.000000, reg loss=0.000000, step=6986
Dev:   final loss=0.180331, aspect loss=0.180331, opinion loss=0.000000, sentiment loss=0.000000, reg loss=0.000000, step=6986
Dev:   aspect f1=0.5173, opinion f1=0.0000, sentiment acc==0.0000, sentiment f1==0.0000, ABSA f1==0.0000,
Test:  aspect f1=0.5173, opinion f1=0.0000, sentiment acc==0.0000, sentiment f1==0.0000, ABSA f1==0.0000,
Current Max Metrics Index : 6 Current Min Loss Index : 6 Epoch Time: 0m 9s Tau : 0.84
>> Checkpoint Saved: state_dict/device-to-laptop/[SynBridge]-ATE-F1-0.5173.pth

-------------------------------------Iter7--------------------------------------
Train: final loss=0.651892, aspect loss=0.058626, opinion loss=0.000000, domain loss=0.588877, sentiment loss=0.000000, reg loss=0.000000, step=7984
Dev:   final loss=0.184931, aspect loss=0.184931, opinion loss=0.000000, sentiment loss=0.000000, reg loss=0.000000, step=7984
Dev:   aspect f1=0.5087, opinion f1=0.0000, sentiment acc==0.0000, sentiment f1==0.0000, ABSA f1==0.0000,
Test:  aspect f1=0.5087, opinion f1=0.0000, sentiment acc==0.0000, sentiment f1==0.0000, ABSA f1==0.0000,
Current Max Metrics Index : 6 Current Min Loss Index : 6 Epoch Time: 0m 9s Tau : 0.81

-------------------------------------Iter8--------------------------------------
Train: final loss=0.651722, aspect loss=0.057333, opinion loss=0.000000, domain loss=0.589494, sentiment loss=0.000000, reg loss=0.000000, step=8982
Dev:   final loss=0.177321, aspect loss=0.177321, opinion loss=0.000000, sentiment loss=0.000000, reg loss=0.000000, step=8982
Dev:   aspect f1=0.5003, opinion f1=0.0000, sentiment acc==0.0000, sentiment f1==0.0000, ABSA f1==0.0000,
Test:  aspect f1=0.5003, opinion f1=0.0000, sentiment acc==0.0000, sentiment f1==0.0000, ABSA f1==0.0000,
Current Max Metrics Index : 6 Current Min Loss Index : 8 Epoch Time: 0m 9s Tau : 0.79

-------------------------------------Iter9--------------------------------------
Train: final loss=0.647978, aspect loss=0.055288, opinion loss=0.000000, domain loss=0.589038, sentiment loss=0.000000, reg loss=0.000000, step=9980
Dev:   final loss=0.196618, aspect loss=0.196618, opinion loss=0.000000, sentiment loss=0.000000, reg loss=0.000000, step=9980
Dev:   aspect f1=0.4985, opinion f1=0.0000, sentiment acc==0.0000, sentiment f1==0.0000, ABSA f1==0.0000,
Test:  aspect f1=0.4985, opinion f1=0.0000, sentiment acc==0.0000, sentiment f1==0.0000, ABSA f1==0.0000,
Current Max Metrics Index : 6 Current Min Loss Index : 8 Epoch Time: 0m 9s Tau : 0.76

-------------------------------------Iter10-------------------------------------
Train: final loss=0.649999, aspect loss=0.053676, opinion loss=0.000000, domain loss=0.590382, sentiment loss=0.000000, reg loss=0.000000, step=10978
Dev:   final loss=0.184896, aspect loss=0.184896, opinion loss=0.000000, sentiment loss=0.000000, reg loss=0.000000, step=10978
Dev:   aspect f1=0.5054, opinion f1=0.0000, sentiment acc==0.0000, sentiment f1==0.0000, ABSA f1==0.0000,
Test:  aspect f1=0.5054, opinion f1=0.0000, sentiment acc==0.0000, sentiment f1==0.0000, ABSA f1==0.0000,
Current Max Metrics Index : 6 Current Min Loss Index : 8 Epoch Time: 0m 9s Tau : 0.74

-------------------------------------Iter11-------------------------------------
Train: final loss=0.645981, aspect loss=0.051650, opinion loss=0.000000, domain loss=0.588960, sentiment loss=0.000000, reg loss=0.000000, step=11976
Dev:   final loss=0.179577, aspect loss=0.179577, opinion loss=0.000000, sentiment loss=0.000000, reg loss=0.000000, step=11976
Dev:   aspect f1=0.5096, opinion f1=0.0000, sentiment acc==0.0000, sentiment f1==0.0000, ABSA f1==0.0000,
Test:  aspect f1=0.5096, opinion f1=0.0000, sentiment acc==0.0000, sentiment f1==0.0000, ABSA f1==0.0000,
Current Max Metrics Index : 6 Current Min Loss Index : 8 Epoch Time: 0m 9s Tau : 0.72

-------------------------------------Iter12-------------------------------------
Train: final loss=0.644578, aspect loss=0.051518, opinion loss=0.000000, domain loss=0.588430, sentiment loss=0.000000, reg loss=0.000000, step=12974
Dev:   final loss=0.171853, aspect loss=0.171853, opinion loss=0.000000, sentiment loss=0.000000, reg loss=0.000000, step=12974
Dev:   aspect f1=0.5015, opinion f1=0.0000, sentiment acc==0.0000, sentiment f1==0.0000, ABSA f1==0.0000,
Test:  aspect f1=0.5015, opinion f1=0.0000, sentiment acc==0.0000, sentiment f1==0.0000, ABSA f1==0.0000,
Current Max Metrics Index : 6 Current Min Loss Index : 12 Epoch Time: 0m 9s Tau : 0.70

-------------------------------------Iter13-------------------------------------
Train: final loss=0.645393, aspect loss=0.050291, opinion loss=0.000000, domain loss=0.589854, sentiment loss=0.000000, reg loss=0.000000, step=13972
Dev:   final loss=0.170907, aspect loss=0.170907, opinion loss=0.000000, sentiment loss=0.000000, reg loss=0.000000, step=13972
Dev:   aspect f1=0.5143, opinion f1=0.0000, sentiment acc==0.0000, sentiment f1==0.0000, ABSA f1==0.0000,
Test:  aspect f1=0.5143, opinion f1=0.0000, sentiment acc==0.0000, sentiment f1==0.0000, ABSA f1==0.0000,
Current Max Metrics Index : 6 Current Min Loss Index : 13 Epoch Time: 0m 9s Tau : 0.68

-------------------------------------Iter14-------------------------------------
Train: final loss=0.643381, aspect loss=0.050054, opinion loss=0.000000, domain loss=0.589806, sentiment loss=0.000000, reg loss=0.000000, step=14970
Dev:   final loss=0.176670, aspect loss=0.176670, opinion loss=0.000000, sentiment loss=0.000000, reg loss=0.000000, step=14970
Dev:   aspect f1=0.4983, opinion f1=0.0000, sentiment acc==0.0000, sentiment f1==0.0000, ABSA f1==0.0000,
Test:  aspect f1=0.4983, opinion f1=0.0000, sentiment acc==0.0000, sentiment f1==0.0000, ABSA f1==0.0000,
Current Max Metrics Index : 6 Current Min Loss Index : 13 Epoch Time: 0m 9s Tau : 0.66

-------------------------------------Iter15-------------------------------------
Train: final loss=0.641979, aspect loss=0.049172, opinion loss=0.000000, domain loss=0.589152, sentiment loss=0.000000, reg loss=0.000000, step=15968
Dev:   final loss=0.176775, aspect loss=0.176775, opinion loss=0.000000, sentiment loss=0.000000, reg loss=0.000000, step=15968
Dev:   aspect f1=0.5102, opinion f1=0.0000, sentiment acc==0.0000, sentiment f1==0.0000, ABSA f1==0.0000,
Test:  aspect f1=0.5102, opinion f1=0.0000, sentiment acc==0.0000, sentiment f1==0.0000, ABSA f1==0.0000,
Current Max Metrics Index : 6 Current Min Loss Index : 13 Epoch Time: 0m 8s Tau : 0.64

-------------------------------------Iter16-------------------------------------
Train: final loss=0.640469, aspect loss=0.048545, opinion loss=0.000000, domain loss=0.590097, sentiment loss=0.000000, reg loss=0.000000, step=16966
Dev:   final loss=0.173176, aspect loss=0.173176, opinion loss=0.000000, sentiment loss=0.000000, reg loss=0.000000, step=16966
Dev:   aspect f1=0.4997, opinion f1=0.0000, sentiment acc==0.0000, sentiment f1==0.0000, ABSA f1==0.0000,
Test:  aspect f1=0.4997, opinion f1=0.0000, sentiment acc==0.0000, sentiment f1==0.0000, ABSA f1==0.0000,
Current Max Metrics Index : 6 Current Min Loss Index : 13 Epoch Time: 0m 8s Tau : 0.62

-------------------------------------Iter17-------------------------------------
Train: final loss=0.644102, aspect loss=0.046210, opinion loss=0.000000, domain loss=0.590329, sentiment loss=0.000000, reg loss=0.000000, step=17964
Dev:   final loss=0.162998, aspect loss=0.162998, opinion loss=0.000000, sentiment loss=0.000000, reg loss=0.000000, step=17964
Dev:   aspect f1=0.5073, opinion f1=0.0000, sentiment acc==0.0000, sentiment f1==0.0000, ABSA f1==0.0000,
Test:  aspect f1=0.5073, opinion f1=0.0000, sentiment acc==0.0000, sentiment f1==0.0000, ABSA f1==0.0000,
Current Max Metrics Index : 6 Current Min Loss Index : 17 Epoch Time: 0m 9s Tau : 0.60

-------------------------------------Iter18-------------------------------------
Train: final loss=0.638914, aspect loss=0.046106, opinion loss=0.000000, domain loss=0.589136, sentiment loss=0.000000, reg loss=0.000000, step=18962
Dev:   final loss=0.172819, aspect loss=0.172819, opinion loss=0.000000, sentiment loss=0.000000, reg loss=0.000000, step=18962
Dev:   aspect f1=0.4906, opinion f1=0.0000, sentiment acc==0.0000, sentiment f1==0.0000, ABSA f1==0.0000,
Test:  aspect f1=0.4906, opinion f1=0.0000, sentiment acc==0.0000, sentiment f1==0.0000, ABSA f1==0.0000,
Current Max Metrics Index : 6 Current Min Loss Index : 17 Epoch Time: 0m 8s Tau : 0.58

-------------------------------------Iter19-------------------------------------
Train: final loss=0.638462, aspect loss=0.044871, opinion loss=0.000000, domain loss=0.589713, sentiment loss=0.000000, reg loss=0.000000, step=19960
Dev:   final loss=0.172267, aspect loss=0.172267, opinion loss=0.000000, sentiment loss=0.000000, reg loss=0.000000, step=19960
Dev:   aspect f1=0.5203, opinion f1=0.0000, sentiment acc==0.0000, sentiment f1==0.0000, ABSA f1==0.0000,
Test:  aspect f1=0.5203, opinion f1=0.0000, sentiment acc==0.0000, sentiment f1==0.0000, ABSA f1==0.0000,
Current Max Metrics Index : 19 Current Min Loss Index : 17 Epoch Time: 0m 8s Tau : 0.57
>> Checkpoint Saved: state_dict/device-to-laptop/[SynBridge]-ATE-F1-0.5203.pth

-------------------------------------Iter20-------------------------------------
Train: final loss=0.639567, aspect loss=0.044569, opinion loss=0.000000, domain loss=0.589185, sentiment loss=0.000000, reg loss=0.000000, step=20958
Dev:   final loss=0.171852, aspect loss=0.171852, opinion loss=0.000000, sentiment loss=0.000000, reg loss=0.000000, step=20958
Dev:   aspect f1=0.5249, opinion f1=0.0000, sentiment acc==0.0000, sentiment f1==0.0000, ABSA f1==0.0000,
Test:  aspect f1=0.5249, opinion f1=0.0000, sentiment acc==0.0000, sentiment f1==0.0000, ABSA f1==0.0000,
Current Max Metrics Index : 20 Current Min Loss Index : 17 Epoch Time: 0m 8s Tau : 0.55
>> Checkpoint Saved: state_dict/device-to-laptop/[SynBridge]-ATE-F1-0.5249.pth

-------------------------------------Iter21-------------------------------------
Train: final loss=0.637682, aspect loss=0.044048, opinion loss=0.000000, domain loss=0.589479, sentiment loss=0.000000, reg loss=0.000000, step=21956
Dev:   final loss=0.177695, aspect loss=0.177695, opinion loss=0.000000, sentiment loss=0.000000, reg loss=0.000000, step=21956
Dev:   aspect f1=0.5022, opinion f1=0.0000, sentiment acc==0.0000, sentiment f1==0.0000, ABSA f1==0.0000,
Test:  aspect f1=0.5022, opinion f1=0.0000, sentiment acc==0.0000, sentiment f1==0.0000, ABSA f1==0.0000,
Current Max Metrics Index : 20 Current Min Loss Index : 17 Epoch Time: 0m 9s Tau : 0.53

-------------------------------------Iter22-------------------------------------
Train: final loss=0.636412, aspect loss=0.042908, opinion loss=0.000000, domain loss=0.590275, sentiment loss=0.000000, reg loss=0.000000, step=22954
Dev:   final loss=0.163816, aspect loss=0.163816, opinion loss=0.000000, sentiment loss=0.000000, reg loss=0.000000, step=22954
Dev:   aspect f1=0.5113, opinion f1=0.0000, sentiment acc==0.0000, sentiment f1==0.0000, ABSA f1==0.0000,
Test:  aspect f1=0.5113, opinion f1=0.0000, sentiment acc==0.0000, sentiment f1==0.0000, ABSA f1==0.0000,
Current Max Metrics Index : 20 Current Min Loss Index : 17 Epoch Time: 0m 8s Tau : 0.52

-------------------------------------Iter23-------------------------------------
Train: final loss=0.637061, aspect loss=0.043045, opinion loss=0.000000, domain loss=0.589766, sentiment loss=0.000000, reg loss=0.000000, step=23952
Dev:   final loss=0.176231, aspect loss=0.176231, opinion loss=0.000000, sentiment loss=0.000000, reg loss=0.000000, step=23952
Dev:   aspect f1=0.5225, opinion f1=0.0000, sentiment acc==0.0000, sentiment f1==0.0000, ABSA f1==0.0000,
Test:  aspect f1=0.5225, opinion f1=0.0000, sentiment acc==0.0000, sentiment f1==0.0000, ABSA f1==0.0000,
Current Max Metrics Index : 20 Current Min Loss Index : 17 Epoch Time: 0m 9s Tau : 0.50

-------------------------------------Iter24-------------------------------------
Train: final loss=0.636292, aspect loss=0.042296, opinion loss=0.000000, domain loss=0.590385, sentiment loss=0.000000, reg loss=0.000000, step=24950
Dev:   final loss=0.175348, aspect loss=0.175348, opinion loss=0.000000, sentiment loss=0.000000, reg loss=0.000000, step=24950
Dev:   aspect f1=0.5080, opinion f1=0.0000, sentiment acc==0.0000, sentiment f1==0.0000, ABSA f1==0.0000,
Test:  aspect f1=0.5080, opinion f1=0.0000, sentiment acc==0.0000, sentiment f1==0.0000, ABSA f1==0.0000,
Current Max Metrics Index : 20 Current Min Loss Index : 17 Epoch Time: 0m 9s Tau : 0.49

-------------------------------------Iter25-------------------------------------
Train: final loss=0.637262, aspect loss=0.041611, opinion loss=0.000000, domain loss=0.589769, sentiment loss=0.000000, reg loss=0.000000, step=25948
Dev:   final loss=0.165096, aspect loss=0.165096, opinion loss=0.000000, sentiment loss=0.000000, reg loss=0.000000, step=25948
Dev:   aspect f1=0.5141, opinion f1=0.0000, sentiment acc==0.0000, sentiment f1==0.0000, ABSA f1==0.0000,
Test:  aspect f1=0.5141, opinion f1=0.0000, sentiment acc==0.0000, sentiment f1==0.0000, ABSA f1==0.0000,
Current Max Metrics Index : 20 Current Min Loss Index : 17 Epoch Time: 0m 8s Tau : 0.47

-------------------------------------Iter26-------------------------------------
Train: final loss=0.635054, aspect loss=0.040257, opinion loss=0.000000, domain loss=0.589758, sentiment loss=0.000000, reg loss=0.000000, step=26946
Dev:   final loss=0.184876, aspect loss=0.184876, opinion loss=0.000000, sentiment loss=0.000000, reg loss=0.000000, step=26946
Dev:   aspect f1=0.4867, opinion f1=0.0000, sentiment acc==0.0000, sentiment f1==0.0000, ABSA f1==0.0000,
Test:  aspect f1=0.4867, opinion f1=0.0000, sentiment acc==0.0000, sentiment f1==0.0000, ABSA f1==0.0000,
Current Max Metrics Index : 20 Current Min Loss Index : 17 Epoch Time: 0m 8s Tau : 0.46

-------------------------------------Iter27-------------------------------------
Train: final loss=0.636075, aspect loss=0.040829, opinion loss=0.000000, domain loss=0.589684, sentiment loss=0.000000, reg loss=0.000000, step=27944
Dev:   final loss=0.182039, aspect loss=0.182039, opinion loss=0.000000, sentiment loss=0.000000, reg loss=0.000000, step=27944
Dev:   aspect f1=0.5003, opinion f1=0.0000, sentiment acc==0.0000, sentiment f1==0.0000, ABSA f1==0.0000,
Test:  aspect f1=0.5003, opinion f1=0.0000, sentiment acc==0.0000, sentiment f1==0.0000, ABSA f1==0.0000,
Current Max Metrics Index : 20 Current Min Loss Index : 17 Epoch Time: 0m 9s Tau : 0.44

-------------------------------------Iter28-------------------------------------
Train: final loss=0.632789, aspect loss=0.039172, opinion loss=0.000000, domain loss=0.589434, sentiment loss=0.000000, reg loss=0.000000, step=28942
Dev:   final loss=0.174384, aspect loss=0.174384, opinion loss=0.000000, sentiment loss=0.000000, reg loss=0.000000, step=28942
Dev:   aspect f1=0.5048, opinion f1=0.0000, sentiment acc==0.0000, sentiment f1==0.0000, ABSA f1==0.0000,
Test:  aspect f1=0.5048, opinion f1=0.0000, sentiment acc==0.0000, sentiment f1==0.0000, ABSA f1==0.0000,
Current Max Metrics Index : 20 Current Min Loss Index : 17 Epoch Time: 0m 8s Tau : 0.43

-------------------------------------Iter29-------------------------------------
Train: final loss=0.633487, aspect loss=0.038305, opinion loss=0.000000, domain loss=0.589990, sentiment loss=0.000000, reg loss=0.000000, step=29940
Dev:   final loss=0.189264, aspect loss=0.189264, opinion loss=0.000000, sentiment loss=0.000000, reg loss=0.000000, step=29940
Dev:   aspect f1=0.4858, opinion f1=0.0000, sentiment acc==0.0000, sentiment f1==0.0000, ABSA f1==0.0000,
Test:  aspect f1=0.4858, opinion f1=0.0000, sentiment acc==0.0000, sentiment f1==0.0000, ABSA f1==0.0000,
Current Max Metrics Index : 20 Current Min Loss Index : 17 Epoch Time: 0m 9s Tau : 0.42

-------------------------------------Iter30-------------------------------------
Train: final loss=0.631187, aspect loss=0.037634, opinion loss=0.000000, domain loss=0.589258, sentiment loss=0.000000, reg loss=0.000000, step=30938
Dev:   final loss=0.185320, aspect loss=0.185320, opinion loss=0.000000, sentiment loss=0.000000, reg loss=0.000000, step=30938
Dev:   aspect f1=0.4995, opinion f1=0.0000, sentiment acc==0.0000, sentiment f1==0.0000, ABSA f1==0.0000,
Test:  aspect f1=0.4995, opinion f1=0.0000, sentiment acc==0.0000, sentiment f1==0.0000, ABSA f1==0.0000,
Current Max Metrics Index : 20 Current Min Loss Index : 17 Epoch Time: 0m 8s Tau : 0.41

-------------------------------------Iter31-------------------------------------
Train: final loss=0.632597, aspect loss=0.037211, opinion loss=0.000000, domain loss=0.589699, sentiment loss=0.000000, reg loss=0.000000, step=31936
Dev:   final loss=0.174298, aspect loss=0.174298, opinion loss=0.000000, sentiment loss=0.000000, reg loss=0.000000, step=31936
Dev:   aspect f1=0.5243, opinion f1=0.0000, sentiment acc==0.0000, sentiment f1==0.0000, ABSA f1==0.0000,
Test:  aspect f1=0.5243, opinion f1=0.0000, sentiment acc==0.0000, sentiment f1==0.0000, ABSA f1==0.0000,
Current Max Metrics Index : 20 Current Min Loss Index : 17 Epoch Time: 0m 8s Tau : 0.39

-------------------------------------Iter32-------------------------------------
Train: final loss=0.631945, aspect loss=0.036951, opinion loss=0.000000, domain loss=0.590032, sentiment loss=0.000000, reg loss=0.000000, step=32934
Dev:   final loss=0.170579, aspect loss=0.170579, opinion loss=0.000000, sentiment loss=0.000000, reg loss=0.000000, step=32934
Dev:   aspect f1=0.5087, opinion f1=0.0000, sentiment acc==0.0000, sentiment f1==0.0000, ABSA f1==0.0000,
Test:  aspect f1=0.5087, opinion f1=0.0000, sentiment acc==0.0000, sentiment f1==0.0000, ABSA f1==0.0000,
Current Max Metrics Index : 20 Current Min Loss Index : 17 Epoch Time: 0m 8s Tau : 0.38

-------------------------------------Iter33-------------------------------------
Train: final loss=0.628646, aspect loss=0.035652, opinion loss=0.000000, domain loss=0.589715, sentiment loss=0.000000, reg loss=0.000000, step=33932
Dev:   final loss=0.176586, aspect loss=0.176586, opinion loss=0.000000, sentiment loss=0.000000, reg loss=0.000000, step=33932
Dev:   aspect f1=0.5085, opinion f1=0.0000, sentiment acc==0.0000, sentiment f1==0.0000, ABSA f1==0.0000,
Test:  aspect f1=0.5085, opinion f1=0.0000, sentiment acc==0.0000, sentiment f1==0.0000, ABSA f1==0.0000,
Current Max Metrics Index : 20 Current Min Loss Index : 17 Epoch Time: 0m 8s Tau : 0.37

-------------------------------------Iter34-------------------------------------
Train: final loss=0.628910, aspect loss=0.035295, opinion loss=0.000000, domain loss=0.589402, sentiment loss=0.000000, reg loss=0.000000, step=34930
Dev:   final loss=0.182484, aspect loss=0.182484, opinion loss=0.000000, sentiment loss=0.000000, reg loss=0.000000, step=34930
Dev:   aspect f1=0.4942, opinion f1=0.0000, sentiment acc==0.0000, sentiment f1==0.0000, ABSA f1==0.0000,
Test:  aspect f1=0.4942, opinion f1=0.0000, sentiment acc==0.0000, sentiment f1==0.0000, ABSA f1==0.0000,
Current Max Metrics Index : 20 Current Min Loss Index : 17 Epoch Time: 0m 8s Tau : 0.36

-------------------------------------Iter35-------------------------------------
Train: final loss=0.632780, aspect loss=0.035762, opinion loss=0.000000, domain loss=0.590034, sentiment loss=0.000000, reg loss=0.000000, step=35928
Dev:   final loss=0.187264, aspect loss=0.187264, opinion loss=0.000000, sentiment loss=0.000000, reg loss=0.000000, step=35928
Dev:   aspect f1=0.5041, opinion f1=0.0000, sentiment acc==0.0000, sentiment f1==0.0000, ABSA f1==0.0000,
Test:  aspect f1=0.5041, opinion f1=0.0000, sentiment acc==0.0000, sentiment f1==0.0000, ABSA f1==0.0000,
Current Max Metrics Index : 20 Current Min Loss Index : 17 Epoch Time: 0m 9s Tau : 0.35

-------------------------------------Iter36-------------------------------------
Train: final loss=0.628877, aspect loss=0.034617, opinion loss=0.000000, domain loss=0.589783, sentiment loss=0.000000, reg loss=0.000000, step=36926
Dev:   final loss=0.181353, aspect loss=0.181353, opinion loss=0.000000, sentiment loss=0.000000, reg loss=0.000000, step=36926
Dev:   aspect f1=0.5150, opinion f1=0.0000, sentiment acc==0.0000, sentiment f1==0.0000, ABSA f1==0.0000,
Test:  aspect f1=0.5150, opinion f1=0.0000, sentiment acc==0.0000, sentiment f1==0.0000, ABSA f1==0.0000,
Current Max Metrics Index : 20 Current Min Loss Index : 17 Epoch Time: 0m 9s Tau : 0.34

-------------------------------------Iter37-------------------------------------
Train: final loss=0.628132, aspect loss=0.034763, opinion loss=0.000000, domain loss=0.589551, sentiment loss=0.000000, reg loss=0.000000, step=37924
Dev:   final loss=0.172403, aspect loss=0.172403, opinion loss=0.000000, sentiment loss=0.000000, reg loss=0.000000, step=37924
Dev:   aspect f1=0.5211, opinion f1=0.0000, sentiment acc==0.0000, sentiment f1==0.0000, ABSA f1==0.0000,
Test:  aspect f1=0.5211, opinion f1=0.0000, sentiment acc==0.0000, sentiment f1==0.0000, ABSA f1==0.0000,
Current Max Metrics Index : 20 Current Min Loss Index : 17 Epoch Time: 0m 9s Tau : 0.33

-------------------------------------Iter38-------------------------------------
Train: final loss=0.628122, aspect loss=0.033605, opinion loss=0.000000, domain loss=0.589562, sentiment loss=0.000000, reg loss=0.000000, step=38922
Dev:   final loss=0.183614, aspect loss=0.183614, opinion loss=0.000000, sentiment loss=0.000000, reg loss=0.000000, step=38922
Dev:   aspect f1=0.5145, opinion f1=0.0000, sentiment acc==0.0000, sentiment f1==0.0000, ABSA f1==0.0000,
Test:  aspect f1=0.5145, opinion f1=0.0000, sentiment acc==0.0000, sentiment f1==0.0000, ABSA f1==0.0000,
Current Max Metrics Index : 20 Current Min Loss Index : 17 Epoch Time: 0m 9s Tau : 0.32

-------------------------------------Iter39-------------------------------------
Train: final loss=0.627560, aspect loss=0.033455, opinion loss=0.000000, domain loss=0.589566, sentiment loss=0.000000, reg loss=0.000000, step=39920
Dev:   final loss=0.179552, aspect loss=0.179552, opinion loss=0.000000, sentiment loss=0.000000, reg loss=0.000000, step=39920
Dev:   aspect f1=0.4969, opinion f1=0.0000, sentiment acc==0.0000, sentiment f1==0.0000, ABSA f1==0.0000,
Test:  aspect f1=0.4969, opinion f1=0.0000, sentiment acc==0.0000, sentiment f1==0.0000, ABSA f1==0.0000,
Current Max Metrics Index : 20 Current Min Loss Index : 17 Epoch Time: 0m 9s Tau : 0.31

-------------------------------------Iter40-------------------------------------
Train: final loss=0.628398, aspect loss=0.032064, opinion loss=0.000000, domain loss=0.589698, sentiment loss=0.000000, reg loss=0.000000, step=40918
Dev:   final loss=0.189286, aspect loss=0.189286, opinion loss=0.000000, sentiment loss=0.000000, reg loss=0.000000, step=40918
Dev:   aspect f1=0.5099, opinion f1=0.0000, sentiment acc==0.0000, sentiment f1==0.0000, ABSA f1==0.0000,
Test:  aspect f1=0.5099, opinion f1=0.0000, sentiment acc==0.0000, sentiment f1==0.0000, ABSA f1==0.0000,
Current Max Metrics Index : 20 Current Min Loss Index : 17 Epoch Time: 0m 9s Tau : 0.30

-------------------------------------Iter41-------------------------------------
Train: final loss=0.627903, aspect loss=0.032410, opinion loss=0.000000, domain loss=0.588743, sentiment loss=0.000000, reg loss=0.000000, step=41916
Dev:   final loss=0.188120, aspect loss=0.188120, opinion loss=0.000000, sentiment loss=0.000000, reg loss=0.000000, step=41916
Dev:   aspect f1=0.5008, opinion f1=0.0000, sentiment acc==0.0000, sentiment f1==0.0000, ABSA f1==0.0000,
Test:  aspect f1=0.5008, opinion f1=0.0000, sentiment acc==0.0000, sentiment f1==0.0000, ABSA f1==0.0000,
Current Max Metrics Index : 20 Current Min Loss Index : 17 Epoch Time: 0m 9s Tau : 0.29

-------------------------------------Iter42-------------------------------------
Train: final loss=0.623698, aspect loss=0.031975, opinion loss=0.000000, domain loss=0.589276, sentiment loss=0.000000, reg loss=0.000000, step=42914
Dev:   final loss=0.184126, aspect loss=0.184126, opinion loss=0.000000, sentiment loss=0.000000, reg loss=0.000000, step=42914
Dev:   aspect f1=0.5201, opinion f1=0.0000, sentiment acc==0.0000, sentiment f1==0.0000, ABSA f1==0.0000,
Test:  aspect f1=0.5201, opinion f1=0.0000, sentiment acc==0.0000, sentiment f1==0.0000, ABSA f1==0.0000,
Current Max Metrics Index : 20 Current Min Loss Index : 17 Epoch Time: 0m 9s Tau : 0.28

-------------------------------------Iter43-------------------------------------
Train: final loss=0.623727, aspect loss=0.031197, opinion loss=0.000000, domain loss=0.589658, sentiment loss=0.000000, reg loss=0.000000, step=43912
Dev:   final loss=0.188795, aspect loss=0.188795, opinion loss=0.000000, sentiment loss=0.000000, reg loss=0.000000, step=43912
Dev:   aspect f1=0.5116, opinion f1=0.0000, sentiment acc==0.0000, sentiment f1==0.0000, ABSA f1==0.0000,
Test:  aspect f1=0.5116, opinion f1=0.0000, sentiment acc==0.0000, sentiment f1==0.0000, ABSA f1==0.0000,
Current Max Metrics Index : 20 Current Min Loss Index : 17 Epoch Time: 0m 9s Tau : 0.28

-------------------------------------Iter44-------------------------------------
Train: final loss=0.623419, aspect loss=0.029943, opinion loss=0.000000, domain loss=0.589454, sentiment loss=0.000000, reg loss=0.000000, step=44910
Dev:   final loss=0.222276, aspect loss=0.222276, opinion loss=0.000000, sentiment loss=0.000000, reg loss=0.000000, step=44910
Dev:   aspect f1=0.4922, opinion f1=0.0000, sentiment acc==0.0000, sentiment f1==0.0000, ABSA f1==0.0000,
Test:  aspect f1=0.4922, opinion f1=0.0000, sentiment acc==0.0000, sentiment f1==0.0000, ABSA f1==0.0000,
Current Max Metrics Index : 20 Current Min Loss Index : 17 Epoch Time: 0m 9s Tau : 0.27

-------------------------------------Iter45-------------------------------------
Train: final loss=0.625116, aspect loss=0.030746, opinion loss=0.000000, domain loss=0.589835, sentiment loss=0.000000, reg loss=0.000000, step=45908
Dev:   final loss=0.189366, aspect loss=0.189366, opinion loss=0.000000, sentiment loss=0.000000, reg loss=0.000000, step=45908
Dev:   aspect f1=0.5115, opinion f1=0.0000, sentiment acc==0.0000, sentiment f1==0.0000, ABSA f1==0.0000,
Test:  aspect f1=0.5115, opinion f1=0.0000, sentiment acc==0.0000, sentiment f1==0.0000, ABSA f1==0.0000,
Current Max Metrics Index : 20 Current Min Loss Index : 17 Epoch Time: 0m 9s Tau : 0.26

-------------------------------------Iter46-------------------------------------
Train: final loss=0.623890, aspect loss=0.029617, opinion loss=0.000000, domain loss=0.589989, sentiment loss=0.000000, reg loss=0.000000, step=46906
Dev:   final loss=0.201671, aspect loss=0.201671, opinion loss=0.000000, sentiment loss=0.000000, reg loss=0.000000, step=46906
Dev:   aspect f1=0.5226, opinion f1=0.0000, sentiment acc==0.0000, sentiment f1==0.0000, ABSA f1==0.0000,
Test:  aspect f1=0.5226, opinion f1=0.0000, sentiment acc==0.0000, sentiment f1==0.0000, ABSA f1==0.0000,
Current Max Metrics Index : 20 Current Min Loss Index : 17 Epoch Time: 0m 9s Tau : 0.25

-------------------------------------Iter47-------------------------------------
Train: final loss=0.623122, aspect loss=0.029570, opinion loss=0.000000, domain loss=0.589248, sentiment loss=0.000000, reg loss=0.000000, step=47904
Dev:   final loss=0.197820, aspect loss=0.197820, opinion loss=0.000000, sentiment loss=0.000000, reg loss=0.000000, step=47904
Dev:   aspect f1=0.5028, opinion f1=0.0000, sentiment acc==0.0000, sentiment f1==0.0000, ABSA f1==0.0000,
Test:  aspect f1=0.5028, opinion f1=0.0000, sentiment acc==0.0000, sentiment f1==0.0000, ABSA f1==0.0000,
Current Max Metrics Index : 20 Current Min Loss Index : 17 Epoch Time: 0m 9s Tau : 0.24

-------------------------------------Iter48-------------------------------------
Train: final loss=0.621242, aspect loss=0.029450, opinion loss=0.000000, domain loss=0.589786, sentiment loss=0.000000, reg loss=0.000000, step=48902
Dev:   final loss=0.192393, aspect loss=0.192393, opinion loss=0.000000, sentiment loss=0.000000, reg loss=0.000000, step=48902
Dev:   aspect f1=0.5099, opinion f1=0.0000, sentiment acc==0.0000, sentiment f1==0.0000, ABSA f1==0.0000,
Test:  aspect f1=0.5099, opinion f1=0.0000, sentiment acc==0.0000, sentiment f1==0.0000, ABSA f1==0.0000,
Current Max Metrics Index : 20 Current Min Loss Index : 17 Epoch Time: 0m 9s Tau : 0.24

-------------------------------------Iter49-------------------------------------
Train: final loss=0.623640, aspect loss=0.029405, opinion loss=0.000000, domain loss=0.589886, sentiment loss=0.000000, reg loss=0.000000, step=49900
Dev:   final loss=0.186846, aspect loss=0.186846, opinion loss=0.000000, sentiment loss=0.000000, reg loss=0.000000, step=49900
Dev:   aspect f1=0.5239, opinion f1=0.0000, sentiment acc==0.0000, sentiment f1==0.0000, ABSA f1==0.0000,
Test:  aspect f1=0.5239, opinion f1=0.0000, sentiment acc==0.0000, sentiment f1==0.0000, ABSA f1==0.0000,
Current Max Metrics Index : 20 Current Min Loss Index : 17 Epoch Time: 0m 9s Tau : 0.23

-------------------------------------Iter50-------------------------------------
Train: final loss=0.624713, aspect loss=0.029028, opinion loss=0.000000, domain loss=0.589525, sentiment loss=0.000000, reg loss=0.000000, step=50898
Dev:   final loss=0.188684, aspect loss=0.188684, opinion loss=0.000000, sentiment loss=0.000000, reg loss=0.000000, step=50898
Dev:   aspect f1=0.5215, opinion f1=0.0000, sentiment acc==0.0000, sentiment f1==0.0000, ABSA f1==0.0000,
Test:  aspect f1=0.5215, opinion f1=0.0000, sentiment acc==0.0000, sentiment f1==0.0000, ABSA f1==0.0000,
Current Max Metrics Index : 20 Current Min Loss Index : 17 Epoch Time: 0m 9s Tau : 0.22

-------------------------------------Iter51-------------------------------------
Train: final loss=0.622768, aspect loss=0.027891, opinion loss=0.000000, domain loss=0.590098, sentiment loss=0.000000, reg loss=0.000000, step=51896
Dev:   final loss=0.200981, aspect loss=0.200981, opinion loss=0.000000, sentiment loss=0.000000, reg loss=0.000000, step=51896
Dev:   aspect f1=0.5118, opinion f1=0.0000, sentiment acc==0.0000, sentiment f1==0.0000, ABSA f1==0.0000,
Test:  aspect f1=0.5118, opinion f1=0.0000, sentiment acc==0.0000, sentiment f1==0.0000, ABSA f1==0.0000,
Current Max Metrics Index : 20 Current Min Loss Index : 17 Epoch Time: 0m 9s Tau : 0.22

-------------------------------------Iter52-------------------------------------
Train: final loss=0.620948, aspect loss=0.027677, opinion loss=0.000000, domain loss=0.589757, sentiment loss=0.000000, reg loss=0.000000, step=52894
Dev:   final loss=0.185067, aspect loss=0.185067, opinion loss=0.000000, sentiment loss=0.000000, reg loss=0.000000, step=52894
Dev:   aspect f1=0.5351, opinion f1=0.0000, sentiment acc==0.0000, sentiment f1==0.0000, ABSA f1==0.0000,
Test:  aspect f1=0.5351, opinion f1=0.0000, sentiment acc==0.0000, sentiment f1==0.0000, ABSA f1==0.0000,
Current Max Metrics Index : 52 Current Min Loss Index : 17 Epoch Time: 0m 9s Tau : 0.21
>> Checkpoint Saved: state_dict/device-to-laptop/[SynBridge]-ATE-F1-0.5351.pth

-------------------------------------Iter53-------------------------------------
Train: final loss=0.622759, aspect loss=0.027329, opinion loss=0.000000, domain loss=0.589733, sentiment loss=0.000000, reg loss=0.000000, step=53892
Dev:   final loss=0.190937, aspect loss=0.190937, opinion loss=0.000000, sentiment loss=0.000000, reg loss=0.000000, step=53892
Dev:   aspect f1=0.5302, opinion f1=0.0000, sentiment acc==0.0000, sentiment f1==0.0000, ABSA f1==0.0000,
Test:  aspect f1=0.5302, opinion f1=0.0000, sentiment acc==0.0000, sentiment f1==0.0000, ABSA f1==0.0000,
Current Max Metrics Index : 52 Current Min Loss Index : 17 Epoch Time: 0m 9s Tau : 0.20

-------------------------------------Iter54-------------------------------------
Train: final loss=0.621526, aspect loss=0.027979, opinion loss=0.000000, domain loss=0.589691, sentiment loss=0.000000, reg loss=0.000000, step=54890
Dev:   final loss=0.198561, aspect loss=0.198561, opinion loss=0.000000, sentiment loss=0.000000, reg loss=0.000000, step=54890
Dev:   aspect f1=0.5107, opinion f1=0.0000, sentiment acc==0.0000, sentiment f1==0.0000, ABSA f1==0.0000,
Test:  aspect f1=0.5107, opinion f1=0.0000, sentiment acc==0.0000, sentiment f1==0.0000, ABSA f1==0.0000,
Current Max Metrics Index : 52 Current Min Loss Index : 17 Epoch Time: 0m 9s Tau : 0.20

-------------------------------------Iter55-------------------------------------
Train: final loss=0.620534, aspect loss=0.026561, opinion loss=0.000000, domain loss=0.589816, sentiment loss=0.000000, reg loss=0.000000, step=55888
Dev:   final loss=0.197578, aspect loss=0.197578, opinion loss=0.000000, sentiment loss=0.000000, reg loss=0.000000, step=55888
Dev:   aspect f1=0.5052, opinion f1=0.0000, sentiment acc==0.0000, sentiment f1==0.0000, ABSA f1==0.0000,
Test:  aspect f1=0.5052, opinion f1=0.0000, sentiment acc==0.0000, sentiment f1==0.0000, ABSA f1==0.0000,
Current Max Metrics Index : 52 Current Min Loss Index : 17 Epoch Time: 0m 9s Tau : 0.19

-------------------------------------Iter56-------------------------------------
Train: final loss=0.622041, aspect loss=0.027058, opinion loss=0.000000, domain loss=0.589755, sentiment loss=0.000000, reg loss=0.000000, step=56886
Dev:   final loss=0.188380, aspect loss=0.188380, opinion loss=0.000000, sentiment loss=0.000000, reg loss=0.000000, step=56886
Dev:   aspect f1=0.5318, opinion f1=0.0000, sentiment acc==0.0000, sentiment f1==0.0000, ABSA f1==0.0000,
Test:  aspect f1=0.5318, opinion f1=0.0000, sentiment acc==0.0000, sentiment f1==0.0000, ABSA f1==0.0000,
Current Max Metrics Index : 52 Current Min Loss Index : 17 Epoch Time: 0m 9s Tau : 0.19

-------------------------------------Iter57-------------------------------------
Train: final loss=0.619204, aspect loss=0.026718, opinion loss=0.000000, domain loss=0.589401, sentiment loss=0.000000, reg loss=0.000000, step=57884
Dev:   final loss=0.191432, aspect loss=0.191432, opinion loss=0.000000, sentiment loss=0.000000, reg loss=0.000000, step=57884
Dev:   aspect f1=0.5199, opinion f1=0.0000, sentiment acc==0.0000, sentiment f1==0.0000, ABSA f1==0.0000,
Test:  aspect f1=0.5199, opinion f1=0.0000, sentiment acc==0.0000, sentiment f1==0.0000, ABSA f1==0.0000,
Current Max Metrics Index : 52 Current Min Loss Index : 17 Epoch Time: 0m 9s Tau : 0.18

-------------------------------------Iter58-------------------------------------
Train: final loss=0.617071, aspect loss=0.025442, opinion loss=0.000000, domain loss=0.589415, sentiment loss=0.000000, reg loss=0.000000, step=58882
Dev:   final loss=0.197076, aspect loss=0.197076, opinion loss=0.000000, sentiment loss=0.000000, reg loss=0.000000, step=58882
Dev:   aspect f1=0.5157, opinion f1=0.0000, sentiment acc==0.0000, sentiment f1==0.0000, ABSA f1==0.0000,
Test:  aspect f1=0.5157, opinion f1=0.0000, sentiment acc==0.0000, sentiment f1==0.0000, ABSA f1==0.0000,
Current Max Metrics Index : 52 Current Min Loss Index : 17 Epoch Time: 0m 9s Tau : 0.18

-------------------------------------Iter59-------------------------------------
Train: final loss=0.620724, aspect loss=0.025157, opinion loss=0.000000, domain loss=0.589380, sentiment loss=0.000000, reg loss=0.000000, step=59880
Dev:   final loss=0.201519, aspect loss=0.201519, opinion loss=0.000000, sentiment loss=0.000000, reg loss=0.000000, step=59880
Dev:   aspect f1=0.5175, opinion f1=0.0000, sentiment acc==0.0000, sentiment f1==0.0000, ABSA f1==0.0000,
Test:  aspect f1=0.5175, opinion f1=0.0000, sentiment acc==0.0000, sentiment f1==0.0000, ABSA f1==0.0000,
Current Max Metrics Index : 52 Current Min Loss Index : 17 Epoch Time: 0m 7s Tau : 0.17

-------------------------------------Iter60-------------------------------------
Train: final loss=0.620975, aspect loss=0.024771, opinion loss=0.000000, domain loss=0.589502, sentiment loss=0.000000, reg loss=0.000000, step=60878
Dev:   final loss=0.207679, aspect loss=0.207679, opinion loss=0.000000, sentiment loss=0.000000, reg loss=0.000000, step=60878
Dev:   aspect f1=0.5121, opinion f1=0.0000, sentiment acc==0.0000, sentiment f1==0.0000, ABSA f1==0.0000,
Test:  aspect f1=0.5121, opinion f1=0.0000, sentiment acc==0.0000, sentiment f1==0.0000, ABSA f1==0.0000,
Current Max Metrics Index : 52 Current Min Loss Index : 17 Epoch Time: 0m 8s Tau : 0.17

-------------------------------------Iter61-------------------------------------
Train: final loss=0.618079, aspect loss=0.025057, opinion loss=0.000000, domain loss=0.589791, sentiment loss=0.000000, reg loss=0.000000, step=61876
Dev:   final loss=0.211114, aspect loss=0.211114, opinion loss=0.000000, sentiment loss=0.000000, reg loss=0.000000, step=61876
Dev:   aspect f1=0.5222, opinion f1=0.0000, sentiment acc==0.0000, sentiment f1==0.0000, ABSA f1==0.0000,
Test:  aspect f1=0.5222, opinion f1=0.0000, sentiment acc==0.0000, sentiment f1==0.0000, ABSA f1==0.0000,
Current Max Metrics Index : 52 Current Min Loss Index : 17 Epoch Time: 0m 9s Tau : 0.16

-------------------------------------Iter62-------------------------------------
Train: final loss=0.616499, aspect loss=0.024592, opinion loss=0.000000, domain loss=0.589789, sentiment loss=0.000000, reg loss=0.000000, step=62874
Dev:   final loss=0.222990, aspect loss=0.222990, opinion loss=0.000000, sentiment loss=0.000000, reg loss=0.000000, step=62874
Dev:   aspect f1=0.4974, opinion f1=0.0000, sentiment acc==0.0000, sentiment f1==0.0000, ABSA f1==0.0000,
Test:  aspect f1=0.4974, opinion f1=0.0000, sentiment acc==0.0000, sentiment f1==0.0000, ABSA f1==0.0000,
Current Max Metrics Index : 52 Current Min Loss Index : 17 Epoch Time: 0m 9s Tau : 0.16

-------------------------------------Iter63-------------------------------------
Train: final loss=0.618021, aspect loss=0.023698, opinion loss=0.000000, domain loss=0.589687, sentiment loss=0.000000, reg loss=0.000000, step=63872
Dev:   final loss=0.212656, aspect loss=0.212656, opinion loss=0.000000, sentiment loss=0.000000, reg loss=0.000000, step=63872
Dev:   aspect f1=0.5326, opinion f1=0.0000, sentiment acc==0.0000, sentiment f1==0.0000, ABSA f1==0.0000,
Test:  aspect f1=0.5326, opinion f1=0.0000, sentiment acc==0.0000, sentiment f1==0.0000, ABSA f1==0.0000,
Current Max Metrics Index : 52 Current Min Loss Index : 17 Epoch Time: 0m 8s Tau : 0.15

-------------------------------------Iter64-------------------------------------
Train: final loss=0.615861, aspect loss=0.024088, opinion loss=0.000000, domain loss=0.589781, sentiment loss=0.000000, reg loss=0.000000, step=64870
Dev:   final loss=0.205545, aspect loss=0.205545, opinion loss=0.000000, sentiment loss=0.000000, reg loss=0.000000, step=64870
Dev:   aspect f1=0.5129, opinion f1=0.0000, sentiment acc==0.0000, sentiment f1==0.0000, ABSA f1==0.0000,
Test:  aspect f1=0.5129, opinion f1=0.0000, sentiment acc==0.0000, sentiment f1==0.0000, ABSA f1==0.0000,
Current Max Metrics Index : 52 Current Min Loss Index : 17 Epoch Time: 0m 9s Tau : 0.15

-------------------------------------Iter65-------------------------------------
Train: final loss=0.616372, aspect loss=0.024015, opinion loss=0.000000, domain loss=0.589743, sentiment loss=0.000000, reg loss=0.000000, step=65868
Dev:   final loss=0.197134, aspect loss=0.197134, opinion loss=0.000000, sentiment loss=0.000000, reg loss=0.000000, step=65868
Dev:   aspect f1=0.5174, opinion f1=0.0000, sentiment acc==0.0000, sentiment f1==0.0000, ABSA f1==0.0000,
Test:  aspect f1=0.5174, opinion f1=0.0000, sentiment acc==0.0000, sentiment f1==0.0000, ABSA f1==0.0000,
Current Max Metrics Index : 52 Current Min Loss Index : 17 Epoch Time: 0m 8s Tau : 0.14

-------------------------------------Iter66-------------------------------------
Train: final loss=0.616990, aspect loss=0.023422, opinion loss=0.000000, domain loss=0.589786, sentiment loss=0.000000, reg loss=0.000000, step=66866
Dev:   final loss=0.199895, aspect loss=0.199895, opinion loss=0.000000, sentiment loss=0.000000, reg loss=0.000000, step=66866
Dev:   aspect f1=0.5086, opinion f1=0.0000, sentiment acc==0.0000, sentiment f1==0.0000, ABSA f1==0.0000,
Test:  aspect f1=0.5086, opinion f1=0.0000, sentiment acc==0.0000, sentiment f1==0.0000, ABSA f1==0.0000,
Current Max Metrics Index : 52 Current Min Loss Index : 17 Epoch Time: 0m 9s Tau : 0.14

-------------------------------------Iter67-------------------------------------
Train: final loss=0.619309, aspect loss=0.022825, opinion loss=0.000000, domain loss=0.589980, sentiment loss=0.000000, reg loss=0.000000, step=67864
Dev:   final loss=0.214638, aspect loss=0.214638, opinion loss=0.000000, sentiment loss=0.000000, reg loss=0.000000, step=67864
Dev:   aspect f1=0.5104, opinion f1=0.0000, sentiment acc==0.0000, sentiment f1==0.0000, ABSA f1==0.0000,
Test:  aspect f1=0.5104, opinion f1=0.0000, sentiment acc==0.0000, sentiment f1==0.0000, ABSA f1==0.0000,
Current Max Metrics Index : 52 Current Min Loss Index : 17 Epoch Time: 0m 9s Tau : 0.13

-------------------------------------Iter68-------------------------------------
Train: final loss=0.618213, aspect loss=0.022268, opinion loss=0.000000, domain loss=0.589573, sentiment loss=0.000000, reg loss=0.000000, step=68862
Dev:   final loss=0.204859, aspect loss=0.204859, opinion loss=0.000000, sentiment loss=0.000000, reg loss=0.000000, step=68862
Dev:   aspect f1=0.5163, opinion f1=0.0000, sentiment acc==0.0000, sentiment f1==0.0000, ABSA f1==0.0000,
Test:  aspect f1=0.5163, opinion f1=0.0000, sentiment acc==0.0000, sentiment f1==0.0000, ABSA f1==0.0000,
Current Max Metrics Index : 52 Current Min Loss Index : 17 Epoch Time: 0m 8s Tau : 0.13

-------------------------------------Iter69-------------------------------------
Train: final loss=0.617631, aspect loss=0.022659, opinion loss=0.000000, domain loss=0.589686, sentiment loss=0.000000, reg loss=0.000000, step=69860
Dev:   final loss=0.215085, aspect loss=0.215085, opinion loss=0.000000, sentiment loss=0.000000, reg loss=0.000000, step=69860
Dev:   aspect f1=0.5102, opinion f1=0.0000, sentiment acc==0.0000, sentiment f1==0.0000, ABSA f1==0.0000,
Test:  aspect f1=0.5102, opinion f1=0.0000, sentiment acc==0.0000, sentiment f1==0.0000, ABSA f1==0.0000,
Current Max Metrics Index : 52 Current Min Loss Index : 17 Epoch Time: 0m 9s Tau : 0.13

-------------------------------------Iter70-------------------------------------
Train: final loss=0.618352, aspect loss=0.022247, opinion loss=0.000000, domain loss=0.589660, sentiment loss=0.000000, reg loss=0.000000, step=70858
Dev:   final loss=0.213646, aspect loss=0.213646, opinion loss=0.000000, sentiment loss=0.000000, reg loss=0.000000, step=70858
Dev:   aspect f1=0.5044, opinion f1=0.0000, sentiment acc==0.0000, sentiment f1==0.0000, ABSA f1==0.0000,
Test:  aspect f1=0.5044, opinion f1=0.0000, sentiment acc==0.0000, sentiment f1==0.0000, ABSA f1==0.0000,
Current Max Metrics Index : 52 Current Min Loss Index : 17 Epoch Time: 0m 9s Tau : 0.12

-------------------------------------Iter71-------------------------------------
Train: final loss=0.617238, aspect loss=0.021799, opinion loss=0.000000, domain loss=0.589701, sentiment loss=0.000000, reg loss=0.000000, step=71856
Dev:   final loss=0.213485, aspect loss=0.213485, opinion loss=0.000000, sentiment loss=0.000000, reg loss=0.000000, step=71856
Dev:   aspect f1=0.5147, opinion f1=0.0000, sentiment acc==0.0000, sentiment f1==0.0000, ABSA f1==0.0000,
Test:  aspect f1=0.5147, opinion f1=0.0000, sentiment acc==0.0000, sentiment f1==0.0000, ABSA f1==0.0000,
Current Max Metrics Index : 52 Current Min Loss Index : 17 Epoch Time: 0m 9s Tau : 0.12

-------------------------------------Iter72-------------------------------------
Train: final loss=0.616703, aspect loss=0.021370, opinion loss=0.000000, domain loss=0.589556, sentiment loss=0.000000, reg loss=0.000000, step=72854
Dev:   final loss=0.221128, aspect loss=0.221128, opinion loss=0.000000, sentiment loss=0.000000, reg loss=0.000000, step=72854
Dev:   aspect f1=0.5166, opinion f1=0.0000, sentiment acc==0.0000, sentiment f1==0.0000, ABSA f1==0.0000,
Test:  aspect f1=0.5166, opinion f1=0.0000, sentiment acc==0.0000, sentiment f1==0.0000, ABSA f1==0.0000,
Current Max Metrics Index : 52 Current Min Loss Index : 17 Epoch Time: 0m 9s Tau : 0.12

-------------------------------------Iter73-------------------------------------
Train: final loss=0.617137, aspect loss=0.021784, opinion loss=0.000000, domain loss=0.589926, sentiment loss=0.000000, reg loss=0.000000, step=73852
Dev:   final loss=0.215250, aspect loss=0.215250, opinion loss=0.000000, sentiment loss=0.000000, reg loss=0.000000, step=73852
Dev:   aspect f1=0.5060, opinion f1=0.0000, sentiment acc==0.0000, sentiment f1==0.0000, ABSA f1==0.0000,
Test:  aspect f1=0.5060, opinion f1=0.0000, sentiment acc==0.0000, sentiment f1==0.0000, ABSA f1==0.0000,
Current Max Metrics Index : 52 Current Min Loss Index : 17 Epoch Time: 0m 9s Tau : 0.11

-------------------------------------Iter74-------------------------------------
Train: final loss=0.617472, aspect loss=0.020702, opinion loss=0.000000, domain loss=0.589838, sentiment loss=0.000000, reg loss=0.000000, step=74850
Dev:   final loss=0.218530, aspect loss=0.218530, opinion loss=0.000000, sentiment loss=0.000000, reg loss=0.000000, step=74850
Dev:   aspect f1=0.5159, opinion f1=0.0000, sentiment acc==0.0000, sentiment f1==0.0000, ABSA f1==0.0000,
Test:  aspect f1=0.5159, opinion f1=0.0000, sentiment acc==0.0000, sentiment f1==0.0000, ABSA f1==0.0000,
Current Max Metrics Index : 52 Current Min Loss Index : 17 Epoch Time: 0m 9s Tau : 0.11

-------------------------------------Iter75-------------------------------------
Train: final loss=0.616225, aspect loss=0.020212, opinion loss=0.000000, domain loss=0.589332, sentiment loss=0.000000, reg loss=0.000000, step=75848
Dev:   final loss=0.224705, aspect loss=0.224705, opinion loss=0.000000, sentiment loss=0.000000, reg loss=0.000000, step=75848
Dev:   aspect f1=0.4922, opinion f1=0.0000, sentiment acc==0.0000, sentiment f1==0.0000, ABSA f1==0.0000,
Test:  aspect f1=0.4922, opinion f1=0.0000, sentiment acc==0.0000, sentiment f1==0.0000, ABSA f1==0.0000,
Current Max Metrics Index : 52 Current Min Loss Index : 17 Epoch Time: 0m 9s Tau : 0.11

-------------------------------------Iter76-------------------------------------
Train: final loss=0.617067, aspect loss=0.021226, opinion loss=0.000000, domain loss=0.589690, sentiment loss=0.000000, reg loss=0.000000, step=76846
Dev:   final loss=0.203912, aspect loss=0.203912, opinion loss=0.000000, sentiment loss=0.000000, reg loss=0.000000, step=76846
Dev:   aspect f1=0.5123, opinion f1=0.0000, sentiment acc==0.0000, sentiment f1==0.0000, ABSA f1==0.0000,
Test:  aspect f1=0.5123, opinion f1=0.0000, sentiment acc==0.0000, sentiment f1==0.0000, ABSA f1==0.0000,
Current Max Metrics Index : 52 Current Min Loss Index : 17 Epoch Time: 0m 9s Tau : 0.10

-------------------------------------Iter77-------------------------------------
Train: final loss=0.613407, aspect loss=0.020002, opinion loss=0.000000, domain loss=0.589886, sentiment loss=0.000000, reg loss=0.000000, step=77844
Dev:   final loss=0.213325, aspect loss=0.213325, opinion loss=0.000000, sentiment loss=0.000000, reg loss=0.000000, step=77844
Dev:   aspect f1=0.5101, opinion f1=0.0000, sentiment acc==0.0000, sentiment f1==0.0000, ABSA f1==0.0000,
Test:  aspect f1=0.5101, opinion f1=0.0000, sentiment acc==0.0000, sentiment f1==0.0000, ABSA f1==0.0000,
Current Max Metrics Index : 52 Current Min Loss Index : 17 Epoch Time: 0m 9s Tau : 0.10

-------------------------------------Iter78-------------------------------------
Train: final loss=0.617011, aspect loss=0.021164, opinion loss=0.000000, domain loss=0.589369, sentiment loss=0.000000, reg loss=0.000000, step=78842
Dev:   final loss=0.234492, aspect loss=0.234492, opinion loss=0.000000, sentiment loss=0.000000, reg loss=0.000000, step=78842
Dev:   aspect f1=0.4952, opinion f1=0.0000, sentiment acc==0.0000, sentiment f1==0.0000, ABSA f1==0.0000,
Test:  aspect f1=0.4952, opinion f1=0.0000, sentiment acc==0.0000, sentiment f1==0.0000, ABSA f1==0.0000,
Current Max Metrics Index : 52 Current Min Loss Index : 17 Epoch Time: 0m 9s Tau : 0.10

-------------------------------------Iter79-------------------------------------
Train: final loss=0.613005, aspect loss=0.020751, opinion loss=0.000000, domain loss=0.589901, sentiment loss=0.000000, reg loss=0.000000, step=79840
Dev:   final loss=0.222259, aspect loss=0.222259, opinion loss=0.000000, sentiment loss=0.000000, reg loss=0.000000, step=79840
Dev:   aspect f1=0.5018, opinion f1=0.0000, sentiment acc==0.0000, sentiment f1==0.0000, ABSA f1==0.0000,
Test:  aspect f1=0.5018, opinion f1=0.0000, sentiment acc==0.0000, sentiment f1==0.0000, ABSA f1==0.0000,
Current Max Metrics Index : 52 Current Min Loss Index : 17 Epoch Time: 0m 8s Tau : 0.10

-------------------------------------Iter80-------------------------------------
Train: final loss=0.613204, aspect loss=0.019251, opinion loss=0.000000, domain loss=0.589819, sentiment loss=0.000000, reg loss=0.000000, step=80838
Dev:   final loss=0.224074, aspect loss=0.224074, opinion loss=0.000000, sentiment loss=0.000000, reg loss=0.000000, step=80838
Dev:   aspect f1=0.5173, opinion f1=0.0000, sentiment acc==0.0000, sentiment f1==0.0000, ABSA f1==0.0000,
Test:  aspect f1=0.5173, opinion f1=0.0000, sentiment acc==0.0000, sentiment f1==0.0000, ABSA f1==0.0000,
Current Max Metrics Index : 52 Current Min Loss Index : 17 Epoch Time: 0m 9s Tau : 0.10

-------------------------------------Iter81-------------------------------------
Train: final loss=0.610493, aspect loss=0.019127, opinion loss=0.000000, domain loss=0.589575, sentiment loss=0.000000, reg loss=0.000000, step=81836
Dev:   final loss=0.238615, aspect loss=0.238615, opinion loss=0.000000, sentiment loss=0.000000, reg loss=0.000000, step=81836
Dev:   aspect f1=0.5075, opinion f1=0.0000, sentiment acc==0.0000, sentiment f1==0.0000, ABSA f1==0.0000,
Test:  aspect f1=0.5075, opinion f1=0.0000, sentiment acc==0.0000, sentiment f1==0.0000, ABSA f1==0.0000,
Current Max Metrics Index : 52 Current Min Loss Index : 17 Epoch Time: 0m 9s Tau : 0.10

-------------------------------------Iter82-------------------------------------
Train: final loss=0.613800, aspect loss=0.019647, opinion loss=0.000000, domain loss=0.589405, sentiment loss=0.000000, reg loss=0.000000, step=82834
Dev:   final loss=0.225561, aspect loss=0.225561, opinion loss=0.000000, sentiment loss=0.000000, reg loss=0.000000, step=82834
Dev:   aspect f1=0.5155, opinion f1=0.0000, sentiment acc==0.0000, sentiment f1==0.0000, ABSA f1==0.0000,
Test:  aspect f1=0.5155, opinion f1=0.0000, sentiment acc==0.0000, sentiment f1==0.0000, ABSA f1==0.0000,
Current Max Metrics Index : 52 Current Min Loss Index : 17 Epoch Time: 0m 9s Tau : 0.10

-------------------------------------Iter83-------------------------------------
Train: final loss=0.614428, aspect loss=0.019097, opinion loss=0.000000, domain loss=0.589701, sentiment loss=0.000000, reg loss=0.000000, step=83832
Dev:   final loss=0.240981, aspect loss=0.240981, opinion loss=0.000000, sentiment loss=0.000000, reg loss=0.000000, step=83832
Dev:   aspect f1=0.4916, opinion f1=0.0000, sentiment acc==0.0000, sentiment f1==0.0000, ABSA f1==0.0000,
Test:  aspect f1=0.4916, opinion f1=0.0000, sentiment acc==0.0000, sentiment f1==0.0000, ABSA f1==0.0000,
Current Max Metrics Index : 52 Current Min Loss Index : 17 Epoch Time: 0m 9s Tau : 0.10

-------------------------------------Iter84-------------------------------------
Train: final loss=0.612516, aspect loss=0.019258, opinion loss=0.000000, domain loss=0.589503, sentiment loss=0.000000, reg loss=0.000000, step=84830
Dev:   final loss=0.223898, aspect loss=0.223898, opinion loss=0.000000, sentiment loss=0.000000, reg loss=0.000000, step=84830
Dev:   aspect f1=0.5013, opinion f1=0.0000, sentiment acc==0.0000, sentiment f1==0.0000, ABSA f1==0.0000,
Test:  aspect f1=0.5013, opinion f1=0.0000, sentiment acc==0.0000, sentiment f1==0.0000, ABSA f1==0.0000,
Current Max Metrics Index : 52 Current Min Loss Index : 17 Epoch Time: 0m 9s Tau : 0.10

-------------------------------------Iter85-------------------------------------
Train: final loss=0.614604, aspect loss=0.018421, opinion loss=0.000000, domain loss=0.590045, sentiment loss=0.000000, reg loss=0.000000, step=85828
Dev:   final loss=0.205187, aspect loss=0.205187, opinion loss=0.000000, sentiment loss=0.000000, reg loss=0.000000, step=85828
Dev:   aspect f1=0.5270, opinion f1=0.0000, sentiment acc==0.0000, sentiment f1==0.0000, ABSA f1==0.0000,
Test:  aspect f1=0.5270, opinion f1=0.0000, sentiment acc==0.0000, sentiment f1==0.0000, ABSA f1==0.0000,
Current Max Metrics Index : 52 Current Min Loss Index : 17 Epoch Time: 0m 9s Tau : 0.10

-------------------------------------Iter86-------------------------------------
Train: final loss=0.613591, aspect loss=0.019226, opinion loss=0.000000, domain loss=0.589747, sentiment loss=0.000000, reg loss=0.000000, step=86826
Dev:   final loss=0.194960, aspect loss=0.194960, opinion loss=0.000000, sentiment loss=0.000000, reg loss=0.000000, step=86826
Dev:   aspect f1=0.5206, opinion f1=0.0000, sentiment acc==0.0000, sentiment f1==0.0000, ABSA f1==0.0000,
Test:  aspect f1=0.5206, opinion f1=0.0000, sentiment acc==0.0000, sentiment f1==0.0000, ABSA f1==0.0000,
Current Max Metrics Index : 52 Current Min Loss Index : 17 Epoch Time: 0m 9s Tau : 0.10

-------------------------------------Iter87-------------------------------------
Train: final loss=0.613954, aspect loss=0.019120, opinion loss=0.000000, domain loss=0.589600, sentiment loss=0.000000, reg loss=0.000000, step=87824
Dev:   final loss=0.212549, aspect loss=0.212549, opinion loss=0.000000, sentiment loss=0.000000, reg loss=0.000000, step=87824
Dev:   aspect f1=0.5146, opinion f1=0.0000, sentiment acc==0.0000, sentiment f1==0.0000, ABSA f1==0.0000,
Test:  aspect f1=0.5146, opinion f1=0.0000, sentiment acc==0.0000, sentiment f1==0.0000, ABSA f1==0.0000,
Current Max Metrics Index : 52 Current Min Loss Index : 17 Epoch Time: 0m 9s Tau : 0.10

-------------------------------------Iter88-------------------------------------
Train: final loss=0.610261, aspect loss=0.018471, opinion loss=0.000000, domain loss=0.589518, sentiment loss=0.000000, reg loss=0.000000, step=88822
Dev:   final loss=0.207678, aspect loss=0.207678, opinion loss=0.000000, sentiment loss=0.000000, reg loss=0.000000, step=88822
Dev:   aspect f1=0.5160, opinion f1=0.0000, sentiment acc==0.0000, sentiment f1==0.0000, ABSA f1==0.0000,
Test:  aspect f1=0.5160, opinion f1=0.0000, sentiment acc==0.0000, sentiment f1==0.0000, ABSA f1==0.0000,
Current Max Metrics Index : 52 Current Min Loss Index : 17 Epoch Time: 0m 9s Tau : 0.10

-------------------------------------Iter89-------------------------------------
Train: final loss=0.612842, aspect loss=0.018505, opinion loss=0.000000, domain loss=0.589627, sentiment loss=0.000000, reg loss=0.000000, step=89820
Dev:   final loss=0.206560, aspect loss=0.206560, opinion loss=0.000000, sentiment loss=0.000000, reg loss=0.000000, step=89820
Dev:   aspect f1=0.5195, opinion f1=0.0000, sentiment acc==0.0000, sentiment f1==0.0000, ABSA f1==0.0000,
Test:  aspect f1=0.5195, opinion f1=0.0000, sentiment acc==0.0000, sentiment f1==0.0000, ABSA f1==0.0000,
Current Max Metrics Index : 52 Current Min Loss Index : 17 Epoch Time: 0m 8s Tau : 0.10

-------------------------------------Iter90-------------------------------------
Train: final loss=0.612265, aspect loss=0.018210, opinion loss=0.000000, domain loss=0.589537, sentiment loss=0.000000, reg loss=0.000000, step=90818
Dev:   final loss=0.225679, aspect loss=0.225679, opinion loss=0.000000, sentiment loss=0.000000, reg loss=0.000000, step=90818
Dev:   aspect f1=0.5178, opinion f1=0.0000, sentiment acc==0.0000, sentiment f1==0.0000, ABSA f1==0.0000,
Test:  aspect f1=0.5178, opinion f1=0.0000, sentiment acc==0.0000, sentiment f1==0.0000, ABSA f1==0.0000,
Current Max Metrics Index : 52 Current Min Loss Index : 17 Epoch Time: 0m 9s Tau : 0.10

-------------------------------------Iter91-------------------------------------
Train: final loss=0.609152, aspect loss=0.017644, opinion loss=0.000000, domain loss=0.589396, sentiment loss=0.000000, reg loss=0.000000, step=91816
Dev:   final loss=0.234931, aspect loss=0.234931, opinion loss=0.000000, sentiment loss=0.000000, reg loss=0.000000, step=91816
Dev:   aspect f1=0.4992, opinion f1=0.0000, sentiment acc==0.0000, sentiment f1==0.0000, ABSA f1==0.0000,
Test:  aspect f1=0.4992, opinion f1=0.0000, sentiment acc==0.0000, sentiment f1==0.0000, ABSA f1==0.0000,
Current Max Metrics Index : 52 Current Min Loss Index : 17 Epoch Time: 0m 9s Tau : 0.10

-------------------------------------Iter92-------------------------------------
Train: final loss=0.613086, aspect loss=0.017526, opinion loss=0.000000, domain loss=0.589444, sentiment loss=0.000000, reg loss=0.000000, step=92814
Dev:   final loss=0.222296, aspect loss=0.222296, opinion loss=0.000000, sentiment loss=0.000000, reg loss=0.000000, step=92814
Dev:   aspect f1=0.5162, opinion f1=0.0000, sentiment acc==0.0000, sentiment f1==0.0000, ABSA f1==0.0000,
Test:  aspect f1=0.5162, opinion f1=0.0000, sentiment acc==0.0000, sentiment f1==0.0000, ABSA f1==0.0000,
Current Max Metrics Index : 52 Current Min Loss Index : 17 Epoch Time: 0m 8s Tau : 0.10

-------------------------------------Iter93-------------------------------------
Train: final loss=0.609462, aspect loss=0.017261, opinion loss=0.000000, domain loss=0.589564, sentiment loss=0.000000, reg loss=0.000000, step=93812
Dev:   final loss=0.228402, aspect loss=0.228402, opinion loss=0.000000, sentiment loss=0.000000, reg loss=0.000000, step=93812
Dev:   aspect f1=0.5040, opinion f1=0.0000, sentiment acc==0.0000, sentiment f1==0.0000, ABSA f1==0.0000,
Test:  aspect f1=0.5040, opinion f1=0.0000, sentiment acc==0.0000, sentiment f1==0.0000, ABSA f1==0.0000,
Current Max Metrics Index : 52 Current Min Loss Index : 17 Epoch Time: 0m 9s Tau : 0.10

-------------------------------------Iter94-------------------------------------
Train: final loss=0.611180, aspect loss=0.017311, opinion loss=0.000000, domain loss=0.589659, sentiment loss=0.000000, reg loss=0.000000, step=94810
Dev:   final loss=0.212336, aspect loss=0.212336, opinion loss=0.000000, sentiment loss=0.000000, reg loss=0.000000, step=94810
Dev:   aspect f1=0.5146, opinion f1=0.0000, sentiment acc==0.0000, sentiment f1==0.0000, ABSA f1==0.0000,
Test:  aspect f1=0.5146, opinion f1=0.0000, sentiment acc==0.0000, sentiment f1==0.0000, ABSA f1==0.0000,
Current Max Metrics Index : 52 Current Min Loss Index : 17 Epoch Time: 0m 9s Tau : 0.10

-------------------------------------Iter95-------------------------------------
Train: final loss=0.612232, aspect loss=0.017999, opinion loss=0.000000, domain loss=0.589854, sentiment loss=0.000000, reg loss=0.000000, step=95808
Dev:   final loss=0.210167, aspect loss=0.210167, opinion loss=0.000000, sentiment loss=0.000000, reg loss=0.000000, step=95808
Dev:   aspect f1=0.5099, opinion f1=0.0000, sentiment acc==0.0000, sentiment f1==0.0000, ABSA f1==0.0000,
Test:  aspect f1=0.5099, opinion f1=0.0000, sentiment acc==0.0000, sentiment f1==0.0000, ABSA f1==0.0000,
Current Max Metrics Index : 52 Current Min Loss Index : 17 Epoch Time: 0m 9s Tau : 0.10

-------------------------------------Iter96-------------------------------------
Train: final loss=0.610563, aspect loss=0.016566, opinion loss=0.000000, domain loss=0.589708, sentiment loss=0.000000, reg loss=0.000000, step=96806
Dev:   final loss=0.237652, aspect loss=0.237652, opinion loss=0.000000, sentiment loss=0.000000, reg loss=0.000000, step=96806
Dev:   aspect f1=0.4989, opinion f1=0.0000, sentiment acc==0.0000, sentiment f1==0.0000, ABSA f1==0.0000,
Test:  aspect f1=0.4989, opinion f1=0.0000, sentiment acc==0.0000, sentiment f1==0.0000, ABSA f1==0.0000,
Current Max Metrics Index : 52 Current Min Loss Index : 17 Epoch Time: 0m 9s Tau : 0.10

-------------------------------------Iter97-------------------------------------
Train: final loss=0.610414, aspect loss=0.016718, opinion loss=0.000000, domain loss=0.589797, sentiment loss=0.000000, reg loss=0.000000, step=97804
Dev:   final loss=0.222521, aspect loss=0.222521, opinion loss=0.000000, sentiment loss=0.000000, reg loss=0.000000, step=97804
Dev:   aspect f1=0.5142, opinion f1=0.0000, sentiment acc==0.0000, sentiment f1==0.0000, ABSA f1==0.0000,
Test:  aspect f1=0.5142, opinion f1=0.0000, sentiment acc==0.0000, sentiment f1==0.0000, ABSA f1==0.0000,
Current Max Metrics Index : 52 Current Min Loss Index : 17 Epoch Time: 0m 9s Tau : 0.10

-------------------------------------Iter98-------------------------------------
Train: final loss=0.611657, aspect loss=0.016198, opinion loss=0.000000, domain loss=0.589229, sentiment loss=0.000000, reg loss=0.000000, step=98802
Dev:   final loss=0.225678, aspect loss=0.225678, opinion loss=0.000000, sentiment loss=0.000000, reg loss=0.000000, step=98802
Dev:   aspect f1=0.5134, opinion f1=0.0000, sentiment acc==0.0000, sentiment f1==0.0000, ABSA f1==0.0000,
Test:  aspect f1=0.5134, opinion f1=0.0000, sentiment acc==0.0000, sentiment f1==0.0000, ABSA f1==0.0000,
Current Max Metrics Index : 52 Current Min Loss Index : 17 Epoch Time: 0m 9s Tau : 0.10

-------------------------------------Iter99-------------------------------------
Train: final loss=0.608296, aspect loss=0.016425, opinion loss=0.000000, domain loss=0.589661, sentiment loss=0.000000, reg loss=0.000000, step=99800
Dev:   final loss=0.238760, aspect loss=0.238760, opinion loss=0.000000, sentiment loss=0.000000, reg loss=0.000000, step=99800
Dev:   aspect f1=0.5118, opinion f1=0.0000, sentiment acc==0.0000, sentiment f1==0.0000, ABSA f1==0.0000,
Test:  aspect f1=0.5118, opinion f1=0.0000, sentiment acc==0.0000, sentiment f1==0.0000, ABSA f1==0.0000,
Current Max Metrics Index : 52 Current Min Loss Index : 17 Epoch Time: 0m 9s Tau : 0.10

--------------------------------Mission Complete--------------------------------
Dev Max Metrics Index: 52
aspect f1=53.51, opinion f1=0.00, sentiment acc==0.00, sentiment f1==0.00, ABSA f1==0.00,
Dev Min Loss Index: 17
aspect f1=50.73, opinion f1=0.00, sentiment acc==0.00, sentiment f1==0.00, ABSA f1==0.00,
Running Time: 14m 36s
