> log file: ./log/restaurant-to-device/[SemBridge]-210519-064203.log
cuda memory allocated: 10108928
n_trainable_params: 1431975, n_nontrainable_params: 1094700
> training arguments:
>>> source: restaurant
>>> target: device
>>> use_unlabel: 1
>>> use_syntactic: 0
>>> use_semantic: 1
>>> split: 2
>>> local_bert_path: F:\NLP\BERT-BASE-UNCASED
>>> model_name: DECNN
>>> batch_size: 8
>>> learning_rate: 0.0001
>>> lr_decay: 1e-05
>>> num_epoch: 100
>>> emb_dim: 100
>>> dep_dim: 50
>>> pos_dim: 50
>>> hidden_dim: 256
>>> keep_prob: 0.5
>>> l2_reg: 1e-05
>>> beta: 0.1
>>> kernel_size: 5
>>> hop_num: 2
>>> class_num: 3
>>> cluster_num: 200
>>> cate_num: 20
>>> seed: 123
>>> log_step: 5
>>> dynamic_gate: 1
>>> valset_num: 0
>>> reuse_embedding: 1
>>> optimizer: <class 'torch.optim.adam.Adam'>
>>> initializer: <function uniform_ at 0x7f8d40045c80>
>>> device: cuda:0
>>> ablation: None
>>> topk: 10
>>> name: [SemBridge]
>>> dataset_file: {'train': './data/restaurant/train2/', 'unlabel': './data/device/train2/', 'test': './data/device/test2/'}
>>> model_class: <class 'models.decnn_base.DECNN'>
>>> inputs_cols: ['sentence', 'mask', 'position', 'keep_prob']
>>> max_sentence_len: 110

-------------------------------------Iter0--------------------------------------
Train: final loss=0.837417, aspect loss=0.162858, opinion loss=0.000000, domain loss=0.671876, sentiment loss=0.000000, reg loss=0.000000, step=1816
Dev:   final loss=0.191337, aspect loss=0.191337, opinion loss=0.000000, sentiment loss=0.000000, reg loss=0.000000, step=1816
Dev:   aspect f1=0.3281, opinion f1=0.0000, sentiment acc==0.0000, sentiment f1==0.0000, ABSA f1==0.0000,
Test:  aspect f1=0.3281, opinion f1=0.0000, sentiment acc==0.0000, sentiment f1==0.0000, ABSA f1==0.0000,
Current Max Metrics Index : 0 Current Min Loss Index : 0 Epoch Time: 0m 15s Tau : 1.00
>> Checkpoint Saved: state_dict/restaurant-to-device/[SemBridge]-ATE-F1-0.3281.pth

-------------------------------------Iter1--------------------------------------
Train: final loss=0.780578, aspect loss=0.107602, opinion loss=0.000000, domain loss=0.670661, sentiment loss=0.000000, reg loss=0.000000, step=3632
Dev:   final loss=0.190567, aspect loss=0.190567, opinion loss=0.000000, sentiment loss=0.000000, reg loss=0.000000, step=3632
Dev:   aspect f1=0.3536, opinion f1=0.0000, sentiment acc==0.0000, sentiment f1==0.0000, ABSA f1==0.0000,
Test:  aspect f1=0.3536, opinion f1=0.0000, sentiment acc==0.0000, sentiment f1==0.0000, ABSA f1==0.0000,
Current Max Metrics Index : 1 Current Min Loss Index : 1 Epoch Time: 0m 14s Tau : 0.97
>> Checkpoint Saved: state_dict/restaurant-to-device/[SemBridge]-ATE-F1-0.3536.pth

-------------------------------------Iter2--------------------------------------
Train: final loss=0.765496, aspect loss=0.097650, opinion loss=0.000000, domain loss=0.664838, sentiment loss=0.000000, reg loss=0.000000, step=5448
Dev:   final loss=0.173886, aspect loss=0.173886, opinion loss=0.000000, sentiment loss=0.000000, reg loss=0.000000, step=5448
Dev:   aspect f1=0.3941, opinion f1=0.0000, sentiment acc==0.0000, sentiment f1==0.0000, ABSA f1==0.0000,
Test:  aspect f1=0.3941, opinion f1=0.0000, sentiment acc==0.0000, sentiment f1==0.0000, ABSA f1==0.0000,
Current Max Metrics Index : 2 Current Min Loss Index : 2 Epoch Time: 0m 14s Tau : 0.94
>> Checkpoint Saved: state_dict/restaurant-to-device/[SemBridge]-ATE-F1-0.3941.pth

-------------------------------------Iter3--------------------------------------
Train: final loss=0.759988, aspect loss=0.091270, opinion loss=0.000000, domain loss=0.666101, sentiment loss=0.000000, reg loss=0.000000, step=7264
Dev:   final loss=0.173717, aspect loss=0.173717, opinion loss=0.000000, sentiment loss=0.000000, reg loss=0.000000, step=7264
Dev:   aspect f1=0.3742, opinion f1=0.0000, sentiment acc==0.0000, sentiment f1==0.0000, ABSA f1==0.0000,
Test:  aspect f1=0.3742, opinion f1=0.0000, sentiment acc==0.0000, sentiment f1==0.0000, ABSA f1==0.0000,
Current Max Metrics Index : 2 Current Min Loss Index : 3 Epoch Time: 0m 14s Tau : 0.91

-------------------------------------Iter4--------------------------------------
Train: final loss=0.758072, aspect loss=0.088084, opinion loss=0.000000, domain loss=0.666983, sentiment loss=0.000000, reg loss=0.000000, step=9080
Dev:   final loss=0.166487, aspect loss=0.166487, opinion loss=0.000000, sentiment loss=0.000000, reg loss=0.000000, step=9080
Dev:   aspect f1=0.3826, opinion f1=0.0000, sentiment acc==0.0000, sentiment f1==0.0000, ABSA f1==0.0000,
Test:  aspect f1=0.3826, opinion f1=0.0000, sentiment acc==0.0000, sentiment f1==0.0000, ABSA f1==0.0000,
Current Max Metrics Index : 2 Current Min Loss Index : 4 Epoch Time: 0m 12s Tau : 0.89

-------------------------------------Iter5--------------------------------------
Train: final loss=0.756069, aspect loss=0.084532, opinion loss=0.000000, domain loss=0.668317, sentiment loss=0.000000, reg loss=0.000000, step=10896
Dev:   final loss=0.155324, aspect loss=0.155324, opinion loss=0.000000, sentiment loss=0.000000, reg loss=0.000000, step=10896
Dev:   aspect f1=0.3772, opinion f1=0.0000, sentiment acc==0.0000, sentiment f1==0.0000, ABSA f1==0.0000,
Test:  aspect f1=0.3772, opinion f1=0.0000, sentiment acc==0.0000, sentiment f1==0.0000, ABSA f1==0.0000,
Current Max Metrics Index : 2 Current Min Loss Index : 5 Epoch Time: 0m 14s Tau : 0.86

-------------------------------------Iter6--------------------------------------
Train: final loss=0.754105, aspect loss=0.081917, opinion loss=0.000000, domain loss=0.669065, sentiment loss=0.000000, reg loss=0.000000, step=12712
Dev:   final loss=0.169017, aspect loss=0.169017, opinion loss=0.000000, sentiment loss=0.000000, reg loss=0.000000, step=12712
Dev:   aspect f1=0.3857, opinion f1=0.0000, sentiment acc==0.0000, sentiment f1==0.0000, ABSA f1==0.0000,
Test:  aspect f1=0.3857, opinion f1=0.0000, sentiment acc==0.0000, sentiment f1==0.0000, ABSA f1==0.0000,
Current Max Metrics Index : 2 Current Min Loss Index : 5 Epoch Time: 0m 15s Tau : 0.84

-------------------------------------Iter7--------------------------------------
Train: final loss=0.749463, aspect loss=0.079591, opinion loss=0.000000, domain loss=0.667727, sentiment loss=0.000000, reg loss=0.000000, step=14528
Dev:   final loss=0.165723, aspect loss=0.165723, opinion loss=0.000000, sentiment loss=0.000000, reg loss=0.000000, step=14528
Dev:   aspect f1=0.3973, opinion f1=0.0000, sentiment acc==0.0000, sentiment f1==0.0000, ABSA f1==0.0000,
Test:  aspect f1=0.3973, opinion f1=0.0000, sentiment acc==0.0000, sentiment f1==0.0000, ABSA f1==0.0000,
Current Max Metrics Index : 7 Current Min Loss Index : 5 Epoch Time: 0m 15s Tau : 0.81
>> Checkpoint Saved: state_dict/restaurant-to-device/[SemBridge]-ATE-F1-0.3973.pth

-------------------------------------Iter8--------------------------------------
Train: final loss=0.751867, aspect loss=0.077578, opinion loss=0.000000, domain loss=0.670667, sentiment loss=0.000000, reg loss=0.000000, step=16344
Dev:   final loss=0.179115, aspect loss=0.179115, opinion loss=0.000000, sentiment loss=0.000000, reg loss=0.000000, step=16344
Dev:   aspect f1=0.3867, opinion f1=0.0000, sentiment acc==0.0000, sentiment f1==0.0000, ABSA f1==0.0000,
Test:  aspect f1=0.3867, opinion f1=0.0000, sentiment acc==0.0000, sentiment f1==0.0000, ABSA f1==0.0000,
Current Max Metrics Index : 7 Current Min Loss Index : 5 Epoch Time: 0m 15s Tau : 0.79

-------------------------------------Iter9--------------------------------------
Train: final loss=0.748764, aspect loss=0.076224, opinion loss=0.000000, domain loss=0.669759, sentiment loss=0.000000, reg loss=0.000000, step=18160
Dev:   final loss=0.159090, aspect loss=0.159090, opinion loss=0.000000, sentiment loss=0.000000, reg loss=0.000000, step=18160
Dev:   aspect f1=0.3925, opinion f1=0.0000, sentiment acc==0.0000, sentiment f1==0.0000, ABSA f1==0.0000,
Test:  aspect f1=0.3925, opinion f1=0.0000, sentiment acc==0.0000, sentiment f1==0.0000, ABSA f1==0.0000,
Current Max Metrics Index : 7 Current Min Loss Index : 5 Epoch Time: 0m 15s Tau : 0.76

-------------------------------------Iter10-------------------------------------
Train: final loss=0.747558, aspect loss=0.074023, opinion loss=0.000000, domain loss=0.671188, sentiment loss=0.000000, reg loss=0.000000, step=19976
Dev:   final loss=0.166513, aspect loss=0.166513, opinion loss=0.000000, sentiment loss=0.000000, reg loss=0.000000, step=19976
Dev:   aspect f1=0.3961, opinion f1=0.0000, sentiment acc==0.0000, sentiment f1==0.0000, ABSA f1==0.0000,
Test:  aspect f1=0.3961, opinion f1=0.0000, sentiment acc==0.0000, sentiment f1==0.0000, ABSA f1==0.0000,
Current Max Metrics Index : 7 Current Min Loss Index : 5 Epoch Time: 0m 15s Tau : 0.74

-------------------------------------Iter11-------------------------------------
Train: final loss=0.746877, aspect loss=0.073340, opinion loss=0.000000, domain loss=0.670991, sentiment loss=0.000000, reg loss=0.000000, step=21792
Dev:   final loss=0.160998, aspect loss=0.160998, opinion loss=0.000000, sentiment loss=0.000000, reg loss=0.000000, step=21792
Dev:   aspect f1=0.3908, opinion f1=0.0000, sentiment acc==0.0000, sentiment f1==0.0000, ABSA f1==0.0000,
Test:  aspect f1=0.3908, opinion f1=0.0000, sentiment acc==0.0000, sentiment f1==0.0000, ABSA f1==0.0000,
Current Max Metrics Index : 7 Current Min Loss Index : 5 Epoch Time: 0m 14s Tau : 0.72

-------------------------------------Iter12-------------------------------------
Train: final loss=0.744413, aspect loss=0.070918, opinion loss=0.000000, domain loss=0.671012, sentiment loss=0.000000, reg loss=0.000000, step=23608
Dev:   final loss=0.174970, aspect loss=0.174970, opinion loss=0.000000, sentiment loss=0.000000, reg loss=0.000000, step=23608
Dev:   aspect f1=0.3880, opinion f1=0.0000, sentiment acc==0.0000, sentiment f1==0.0000, ABSA f1==0.0000,
Test:  aspect f1=0.3880, opinion f1=0.0000, sentiment acc==0.0000, sentiment f1==0.0000, ABSA f1==0.0000,
Current Max Metrics Index : 7 Current Min Loss Index : 5 Epoch Time: 0m 15s Tau : 0.70

-------------------------------------Iter13-------------------------------------
Train: final loss=0.743889, aspect loss=0.069865, opinion loss=0.000000, domain loss=0.671305, sentiment loss=0.000000, reg loss=0.000000, step=25424
Dev:   final loss=0.185942, aspect loss=0.185942, opinion loss=0.000000, sentiment loss=0.000000, reg loss=0.000000, step=25424
Dev:   aspect f1=0.3799, opinion f1=0.0000, sentiment acc==0.0000, sentiment f1==0.0000, ABSA f1==0.0000,
Test:  aspect f1=0.3799, opinion f1=0.0000, sentiment acc==0.0000, sentiment f1==0.0000, ABSA f1==0.0000,
Current Max Metrics Index : 7 Current Min Loss Index : 5 Epoch Time: 0m 15s Tau : 0.68

-------------------------------------Iter14-------------------------------------
Train: final loss=0.742932, aspect loss=0.068814, opinion loss=0.000000, domain loss=0.671204, sentiment loss=0.000000, reg loss=0.000000, step=27240
Dev:   final loss=0.157693, aspect loss=0.157693, opinion loss=0.000000, sentiment loss=0.000000, reg loss=0.000000, step=27240
Dev:   aspect f1=0.3976, opinion f1=0.0000, sentiment acc==0.0000, sentiment f1==0.0000, ABSA f1==0.0000,
Test:  aspect f1=0.3976, opinion f1=0.0000, sentiment acc==0.0000, sentiment f1==0.0000, ABSA f1==0.0000,
Current Max Metrics Index : 14 Current Min Loss Index : 5 Epoch Time: 0m 14s Tau : 0.66
>> Checkpoint Saved: state_dict/restaurant-to-device/[SemBridge]-ATE-F1-0.3976.pth

-------------------------------------Iter15-------------------------------------
Train: final loss=0.740954, aspect loss=0.067775, opinion loss=0.000000, domain loss=0.670163, sentiment loss=0.000000, reg loss=0.000000, step=29056
Dev:   final loss=0.164675, aspect loss=0.164675, opinion loss=0.000000, sentiment loss=0.000000, reg loss=0.000000, step=29056
Dev:   aspect f1=0.4021, opinion f1=0.0000, sentiment acc==0.0000, sentiment f1==0.0000, ABSA f1==0.0000,
Test:  aspect f1=0.4021, opinion f1=0.0000, sentiment acc==0.0000, sentiment f1==0.0000, ABSA f1==0.0000,
Current Max Metrics Index : 15 Current Min Loss Index : 5 Epoch Time: 0m 15s Tau : 0.64
>> Checkpoint Saved: state_dict/restaurant-to-device/[SemBridge]-ATE-F1-0.4021.pth

-------------------------------------Iter16-------------------------------------
Train: final loss=0.740264, aspect loss=0.065679, opinion loss=0.000000, domain loss=0.671315, sentiment loss=0.000000, reg loss=0.000000, step=30872
Dev:   final loss=0.168826, aspect loss=0.168826, opinion loss=0.000000, sentiment loss=0.000000, reg loss=0.000000, step=30872
Dev:   aspect f1=0.3940, opinion f1=0.0000, sentiment acc==0.0000, sentiment f1==0.0000, ABSA f1==0.0000,
Test:  aspect f1=0.3940, opinion f1=0.0000, sentiment acc==0.0000, sentiment f1==0.0000, ABSA f1==0.0000,
Current Max Metrics Index : 15 Current Min Loss Index : 5 Epoch Time: 0m 14s Tau : 0.62

-------------------------------------Iter17-------------------------------------
Train: final loss=0.738088, aspect loss=0.065274, opinion loss=0.000000, domain loss=0.671660, sentiment loss=0.000000, reg loss=0.000000, step=32688
Dev:   final loss=0.184424, aspect loss=0.184424, opinion loss=0.000000, sentiment loss=0.000000, reg loss=0.000000, step=32688
Dev:   aspect f1=0.3781, opinion f1=0.0000, sentiment acc==0.0000, sentiment f1==0.0000, ABSA f1==0.0000,
Test:  aspect f1=0.3781, opinion f1=0.0000, sentiment acc==0.0000, sentiment f1==0.0000, ABSA f1==0.0000,
Current Max Metrics Index : 15 Current Min Loss Index : 5 Epoch Time: 0m 14s Tau : 0.60

-------------------------------------Iter18-------------------------------------
Train: final loss=0.737785, aspect loss=0.064641, opinion loss=0.000000, domain loss=0.671122, sentiment loss=0.000000, reg loss=0.000000, step=34504
Dev:   final loss=0.160971, aspect loss=0.160971, opinion loss=0.000000, sentiment loss=0.000000, reg loss=0.000000, step=34504
Dev:   aspect f1=0.3842, opinion f1=0.0000, sentiment acc==0.0000, sentiment f1==0.0000, ABSA f1==0.0000,
Test:  aspect f1=0.3842, opinion f1=0.0000, sentiment acc==0.0000, sentiment f1==0.0000, ABSA f1==0.0000,
Current Max Metrics Index : 15 Current Min Loss Index : 5 Epoch Time: 0m 14s Tau : 0.58

-------------------------------------Iter19-------------------------------------
Train: final loss=0.736583, aspect loss=0.063620, opinion loss=0.000000, domain loss=0.670828, sentiment loss=0.000000, reg loss=0.000000, step=36320
Dev:   final loss=0.189780, aspect loss=0.189780, opinion loss=0.000000, sentiment loss=0.000000, reg loss=0.000000, step=36320
Dev:   aspect f1=0.3777, opinion f1=0.0000, sentiment acc==0.0000, sentiment f1==0.0000, ABSA f1==0.0000,
Test:  aspect f1=0.3777, opinion f1=0.0000, sentiment acc==0.0000, sentiment f1==0.0000, ABSA f1==0.0000,
Current Max Metrics Index : 15 Current Min Loss Index : 5 Epoch Time: 0m 14s Tau : 0.57

-------------------------------------Iter20-------------------------------------
Train: final loss=0.737664, aspect loss=0.063019, opinion loss=0.000000, domain loss=0.671310, sentiment loss=0.000000, reg loss=0.000000, step=38136
Dev:   final loss=0.164366, aspect loss=0.164366, opinion loss=0.000000, sentiment loss=0.000000, reg loss=0.000000, step=38136
Dev:   aspect f1=0.3938, opinion f1=0.0000, sentiment acc==0.0000, sentiment f1==0.0000, ABSA f1==0.0000,
Test:  aspect f1=0.3938, opinion f1=0.0000, sentiment acc==0.0000, sentiment f1==0.0000, ABSA f1==0.0000,
Current Max Metrics Index : 15 Current Min Loss Index : 5 Epoch Time: 0m 15s Tau : 0.55

-------------------------------------Iter21-------------------------------------
Train: final loss=0.735992, aspect loss=0.061515, opinion loss=0.000000, domain loss=0.671681, sentiment loss=0.000000, reg loss=0.000000, step=39952
Dev:   final loss=0.176412, aspect loss=0.176412, opinion loss=0.000000, sentiment loss=0.000000, reg loss=0.000000, step=39952
Dev:   aspect f1=0.3825, opinion f1=0.0000, sentiment acc==0.0000, sentiment f1==0.0000, ABSA f1==0.0000,
Test:  aspect f1=0.3825, opinion f1=0.0000, sentiment acc==0.0000, sentiment f1==0.0000, ABSA f1==0.0000,
Current Max Metrics Index : 15 Current Min Loss Index : 5 Epoch Time: 0m 15s Tau : 0.53

-------------------------------------Iter22-------------------------------------
Train: final loss=0.733992, aspect loss=0.061049, opinion loss=0.000000, domain loss=0.670886, sentiment loss=0.000000, reg loss=0.000000, step=41768
Dev:   final loss=0.183866, aspect loss=0.183866, opinion loss=0.000000, sentiment loss=0.000000, reg loss=0.000000, step=41768
Dev:   aspect f1=0.3821, opinion f1=0.0000, sentiment acc==0.0000, sentiment f1==0.0000, ABSA f1==0.0000,
Test:  aspect f1=0.3821, opinion f1=0.0000, sentiment acc==0.0000, sentiment f1==0.0000, ABSA f1==0.0000,
Current Max Metrics Index : 15 Current Min Loss Index : 5 Epoch Time: 0m 14s Tau : 0.52

-------------------------------------Iter23-------------------------------------
Train: final loss=0.733649, aspect loss=0.059942, opinion loss=0.000000, domain loss=0.671090, sentiment loss=0.000000, reg loss=0.000000, step=43584
Dev:   final loss=0.184706, aspect loss=0.184706, opinion loss=0.000000, sentiment loss=0.000000, reg loss=0.000000, step=43584
Dev:   aspect f1=0.3692, opinion f1=0.0000, sentiment acc==0.0000, sentiment f1==0.0000, ABSA f1==0.0000,
Test:  aspect f1=0.3692, opinion f1=0.0000, sentiment acc==0.0000, sentiment f1==0.0000, ABSA f1==0.0000,
Current Max Metrics Index : 15 Current Min Loss Index : 5 Epoch Time: 0m 14s Tau : 0.50

-------------------------------------Iter24-------------------------------------
Train: final loss=0.733247, aspect loss=0.059288, opinion loss=0.000000, domain loss=0.671360, sentiment loss=0.000000, reg loss=0.000000, step=45400
Dev:   final loss=0.187752, aspect loss=0.187752, opinion loss=0.000000, sentiment loss=0.000000, reg loss=0.000000, step=45400
Dev:   aspect f1=0.3702, opinion f1=0.0000, sentiment acc==0.0000, sentiment f1==0.0000, ABSA f1==0.0000,
Test:  aspect f1=0.3702, opinion f1=0.0000, sentiment acc==0.0000, sentiment f1==0.0000, ABSA f1==0.0000,
Current Max Metrics Index : 15 Current Min Loss Index : 5 Epoch Time: 0m 14s Tau : 0.49

-------------------------------------Iter25-------------------------------------
Train: final loss=0.733313, aspect loss=0.058447, opinion loss=0.000000, domain loss=0.671960, sentiment loss=0.000000, reg loss=0.000000, step=47216
Dev:   final loss=0.191563, aspect loss=0.191563, opinion loss=0.000000, sentiment loss=0.000000, reg loss=0.000000, step=47216
Dev:   aspect f1=0.3756, opinion f1=0.0000, sentiment acc==0.0000, sentiment f1==0.0000, ABSA f1==0.0000,
Test:  aspect f1=0.3756, opinion f1=0.0000, sentiment acc==0.0000, sentiment f1==0.0000, ABSA f1==0.0000,
Current Max Metrics Index : 15 Current Min Loss Index : 5 Epoch Time: 0m 14s Tau : 0.47

-------------------------------------Iter26-------------------------------------
Train: final loss=0.731719, aspect loss=0.057690, opinion loss=0.000000, domain loss=0.671613, sentiment loss=0.000000, reg loss=0.000000, step=49032
Dev:   final loss=0.174619, aspect loss=0.174619, opinion loss=0.000000, sentiment loss=0.000000, reg loss=0.000000, step=49032
Dev:   aspect f1=0.3957, opinion f1=0.0000, sentiment acc==0.0000, sentiment f1==0.0000, ABSA f1==0.0000,
Test:  aspect f1=0.3957, opinion f1=0.0000, sentiment acc==0.0000, sentiment f1==0.0000, ABSA f1==0.0000,
Current Max Metrics Index : 15 Current Min Loss Index : 5 Epoch Time: 0m 14s Tau : 0.46

-------------------------------------Iter27-------------------------------------
Train: final loss=0.731337, aspect loss=0.057111, opinion loss=0.000000, domain loss=0.671864, sentiment loss=0.000000, reg loss=0.000000, step=50848
Dev:   final loss=0.198436, aspect loss=0.198436, opinion loss=0.000000, sentiment loss=0.000000, reg loss=0.000000, step=50848
Dev:   aspect f1=0.3772, opinion f1=0.0000, sentiment acc==0.0000, sentiment f1==0.0000, ABSA f1==0.0000,
Test:  aspect f1=0.3772, opinion f1=0.0000, sentiment acc==0.0000, sentiment f1==0.0000, ABSA f1==0.0000,
Current Max Metrics Index : 15 Current Min Loss Index : 5 Epoch Time: 0m 14s Tau : 0.44

-------------------------------------Iter28-------------------------------------
Train: final loss=0.729179, aspect loss=0.055973, opinion loss=0.000000, domain loss=0.671364, sentiment loss=0.000000, reg loss=0.000000, step=52664
Dev:   final loss=0.174648, aspect loss=0.174648, opinion loss=0.000000, sentiment loss=0.000000, reg loss=0.000000, step=52664
Dev:   aspect f1=0.3873, opinion f1=0.0000, sentiment acc==0.0000, sentiment f1==0.0000, ABSA f1==0.0000,
Test:  aspect f1=0.3873, opinion f1=0.0000, sentiment acc==0.0000, sentiment f1==0.0000, ABSA f1==0.0000,
Current Max Metrics Index : 15 Current Min Loss Index : 5 Epoch Time: 0m 15s Tau : 0.43

-------------------------------------Iter29-------------------------------------
Train: final loss=0.728930, aspect loss=0.055771, opinion loss=0.000000, domain loss=0.671233, sentiment loss=0.000000, reg loss=0.000000, step=54480
Dev:   final loss=0.195916, aspect loss=0.195916, opinion loss=0.000000, sentiment loss=0.000000, reg loss=0.000000, step=54480
Dev:   aspect f1=0.3640, opinion f1=0.0000, sentiment acc==0.0000, sentiment f1==0.0000, ABSA f1==0.0000,
Test:  aspect f1=0.3640, opinion f1=0.0000, sentiment acc==0.0000, sentiment f1==0.0000, ABSA f1==0.0000,
Current Max Metrics Index : 15 Current Min Loss Index : 5 Epoch Time: 0m 15s Tau : 0.42

-------------------------------------Iter30-------------------------------------
Train: final loss=0.729374, aspect loss=0.055810, opinion loss=0.000000, domain loss=0.671147, sentiment loss=0.000000, reg loss=0.000000, step=56296
Dev:   final loss=0.184770, aspect loss=0.184770, opinion loss=0.000000, sentiment loss=0.000000, reg loss=0.000000, step=56296
Dev:   aspect f1=0.3769, opinion f1=0.0000, sentiment acc==0.0000, sentiment f1==0.0000, ABSA f1==0.0000,
Test:  aspect f1=0.3769, opinion f1=0.0000, sentiment acc==0.0000, sentiment f1==0.0000, ABSA f1==0.0000,
Current Max Metrics Index : 15 Current Min Loss Index : 5 Epoch Time: 0m 14s Tau : 0.41

-------------------------------------Iter31-------------------------------------
Train: final loss=0.728521, aspect loss=0.054751, opinion loss=0.000000, domain loss=0.671455, sentiment loss=0.000000, reg loss=0.000000, step=58112
Dev:   final loss=0.171598, aspect loss=0.171598, opinion loss=0.000000, sentiment loss=0.000000, reg loss=0.000000, step=58112
Dev:   aspect f1=0.3849, opinion f1=0.0000, sentiment acc==0.0000, sentiment f1==0.0000, ABSA f1==0.0000,
Test:  aspect f1=0.3849, opinion f1=0.0000, sentiment acc==0.0000, sentiment f1==0.0000, ABSA f1==0.0000,
Current Max Metrics Index : 15 Current Min Loss Index : 5 Epoch Time: 0m 15s Tau : 0.39

-------------------------------------Iter32-------------------------------------
Train: final loss=0.728501, aspect loss=0.053333, opinion loss=0.000000, domain loss=0.671792, sentiment loss=0.000000, reg loss=0.000000, step=59928
Dev:   final loss=0.186064, aspect loss=0.186064, opinion loss=0.000000, sentiment loss=0.000000, reg loss=0.000000, step=59928
Dev:   aspect f1=0.3837, opinion f1=0.0000, sentiment acc==0.0000, sentiment f1==0.0000, ABSA f1==0.0000,
Test:  aspect f1=0.3837, opinion f1=0.0000, sentiment acc==0.0000, sentiment f1==0.0000, ABSA f1==0.0000,
Current Max Metrics Index : 15 Current Min Loss Index : 5 Epoch Time: 0m 14s Tau : 0.38

-------------------------------------Iter33-------------------------------------
Train: final loss=0.726722, aspect loss=0.053102, opinion loss=0.000000, domain loss=0.671574, sentiment loss=0.000000, reg loss=0.000000, step=61744
Dev:   final loss=0.200922, aspect loss=0.200922, opinion loss=0.000000, sentiment loss=0.000000, reg loss=0.000000, step=61744
Dev:   aspect f1=0.3768, opinion f1=0.0000, sentiment acc==0.0000, sentiment f1==0.0000, ABSA f1==0.0000,
Test:  aspect f1=0.3768, opinion f1=0.0000, sentiment acc==0.0000, sentiment f1==0.0000, ABSA f1==0.0000,
Current Max Metrics Index : 15 Current Min Loss Index : 5 Epoch Time: 0m 15s Tau : 0.37

-------------------------------------Iter34-------------------------------------
Train: final loss=0.727115, aspect loss=0.053234, opinion loss=0.000000, domain loss=0.671635, sentiment loss=0.000000, reg loss=0.000000, step=63560
Dev:   final loss=0.210113, aspect loss=0.210113, opinion loss=0.000000, sentiment loss=0.000000, reg loss=0.000000, step=63560
Dev:   aspect f1=0.3641, opinion f1=0.0000, sentiment acc==0.0000, sentiment f1==0.0000, ABSA f1==0.0000,
Test:  aspect f1=0.3641, opinion f1=0.0000, sentiment acc==0.0000, sentiment f1==0.0000, ABSA f1==0.0000,
Current Max Metrics Index : 15 Current Min Loss Index : 5 Epoch Time: 0m 14s Tau : 0.36

-------------------------------------Iter35-------------------------------------
Train: final loss=0.724897, aspect loss=0.052015, opinion loss=0.000000, domain loss=0.671247, sentiment loss=0.000000, reg loss=0.000000, step=65376
Dev:   final loss=0.197416, aspect loss=0.197416, opinion loss=0.000000, sentiment loss=0.000000, reg loss=0.000000, step=65376
Dev:   aspect f1=0.3724, opinion f1=0.0000, sentiment acc==0.0000, sentiment f1==0.0000, ABSA f1==0.0000,
Test:  aspect f1=0.3724, opinion f1=0.0000, sentiment acc==0.0000, sentiment f1==0.0000, ABSA f1==0.0000,
Current Max Metrics Index : 15 Current Min Loss Index : 5 Epoch Time: 0m 14s Tau : 0.35

-------------------------------------Iter36-------------------------------------
Train: final loss=0.725854, aspect loss=0.051565, opinion loss=0.000000, domain loss=0.671686, sentiment loss=0.000000, reg loss=0.000000, step=67192
Dev:   final loss=0.181734, aspect loss=0.181734, opinion loss=0.000000, sentiment loss=0.000000, reg loss=0.000000, step=67192
Dev:   aspect f1=0.3847, opinion f1=0.0000, sentiment acc==0.0000, sentiment f1==0.0000, ABSA f1==0.0000,
Test:  aspect f1=0.3847, opinion f1=0.0000, sentiment acc==0.0000, sentiment f1==0.0000, ABSA f1==0.0000,
Current Max Metrics Index : 15 Current Min Loss Index : 5 Epoch Time: 0m 14s Tau : 0.34

-------------------------------------Iter37-------------------------------------
Train: final loss=0.724812, aspect loss=0.050786, opinion loss=0.000000, domain loss=0.671689, sentiment loss=0.000000, reg loss=0.000000, step=69008
Dev:   final loss=0.206651, aspect loss=0.206651, opinion loss=0.000000, sentiment loss=0.000000, reg loss=0.000000, step=69008
Dev:   aspect f1=0.3522, opinion f1=0.0000, sentiment acc==0.0000, sentiment f1==0.0000, ABSA f1==0.0000,
Test:  aspect f1=0.3522, opinion f1=0.0000, sentiment acc==0.0000, sentiment f1==0.0000, ABSA f1==0.0000,
Current Max Metrics Index : 15 Current Min Loss Index : 5 Epoch Time: 0m 14s Tau : 0.33

-------------------------------------Iter38-------------------------------------
Train: final loss=0.724563, aspect loss=0.051004, opinion loss=0.000000, domain loss=0.671417, sentiment loss=0.000000, reg loss=0.000000, step=70824
Dev:   final loss=0.206246, aspect loss=0.206246, opinion loss=0.000000, sentiment loss=0.000000, reg loss=0.000000, step=70824
Dev:   aspect f1=0.3641, opinion f1=0.0000, sentiment acc==0.0000, sentiment f1==0.0000, ABSA f1==0.0000,
Test:  aspect f1=0.3641, opinion f1=0.0000, sentiment acc==0.0000, sentiment f1==0.0000, ABSA f1==0.0000,
Current Max Metrics Index : 15 Current Min Loss Index : 5 Epoch Time: 0m 15s Tau : 0.32

-------------------------------------Iter39-------------------------------------
Train: final loss=0.724405, aspect loss=0.050720, opinion loss=0.000000, domain loss=0.671445, sentiment loss=0.000000, reg loss=0.000000, step=72640
Dev:   final loss=0.213031, aspect loss=0.213031, opinion loss=0.000000, sentiment loss=0.000000, reg loss=0.000000, step=72640
Dev:   aspect f1=0.3746, opinion f1=0.0000, sentiment acc==0.0000, sentiment f1==0.0000, ABSA f1==0.0000,
Test:  aspect f1=0.3746, opinion f1=0.0000, sentiment acc==0.0000, sentiment f1==0.0000, ABSA f1==0.0000,
Current Max Metrics Index : 15 Current Min Loss Index : 5 Epoch Time: 0m 15s Tau : 0.31

-------------------------------------Iter40-------------------------------------
Train: final loss=0.724533, aspect loss=0.050014, opinion loss=0.000000, domain loss=0.671689, sentiment loss=0.000000, reg loss=0.000000, step=74456
Dev:   final loss=0.225290, aspect loss=0.225290, opinion loss=0.000000, sentiment loss=0.000000, reg loss=0.000000, step=74456
Dev:   aspect f1=0.3499, opinion f1=0.0000, sentiment acc==0.0000, sentiment f1==0.0000, ABSA f1==0.0000,
Test:  aspect f1=0.3499, opinion f1=0.0000, sentiment acc==0.0000, sentiment f1==0.0000, ABSA f1==0.0000,
Current Max Metrics Index : 15 Current Min Loss Index : 5 Epoch Time: 0m 14s Tau : 0.30

-------------------------------------Iter41-------------------------------------
Train: final loss=0.722215, aspect loss=0.049358, opinion loss=0.000000, domain loss=0.670989, sentiment loss=0.000000, reg loss=0.000000, step=76272
Dev:   final loss=0.191200, aspect loss=0.191200, opinion loss=0.000000, sentiment loss=0.000000, reg loss=0.000000, step=76272
Dev:   aspect f1=0.3790, opinion f1=0.0000, sentiment acc==0.0000, sentiment f1==0.0000, ABSA f1==0.0000,
Test:  aspect f1=0.3790, opinion f1=0.0000, sentiment acc==0.0000, sentiment f1==0.0000, ABSA f1==0.0000,
Current Max Metrics Index : 15 Current Min Loss Index : 5 Epoch Time: 0m 14s Tau : 0.29

-------------------------------------Iter42-------------------------------------
Train: final loss=0.724149, aspect loss=0.049694, opinion loss=0.000000, domain loss=0.671678, sentiment loss=0.000000, reg loss=0.000000, step=78088
Dev:   final loss=0.188423, aspect loss=0.188423, opinion loss=0.000000, sentiment loss=0.000000, reg loss=0.000000, step=78088
Dev:   aspect f1=0.3845, opinion f1=0.0000, sentiment acc==0.0000, sentiment f1==0.0000, ABSA f1==0.0000,
Test:  aspect f1=0.3845, opinion f1=0.0000, sentiment acc==0.0000, sentiment f1==0.0000, ABSA f1==0.0000,
Current Max Metrics Index : 15 Current Min Loss Index : 5 Epoch Time: 0m 14s Tau : 0.28

-------------------------------------Iter43-------------------------------------
Train: final loss=0.723982, aspect loss=0.049930, opinion loss=0.000000, domain loss=0.671916, sentiment loss=0.000000, reg loss=0.000000, step=79904
Dev:   final loss=0.220200, aspect loss=0.220200, opinion loss=0.000000, sentiment loss=0.000000, reg loss=0.000000, step=79904
Dev:   aspect f1=0.3557, opinion f1=0.0000, sentiment acc==0.0000, sentiment f1==0.0000, ABSA f1==0.0000,
Test:  aspect f1=0.3557, opinion f1=0.0000, sentiment acc==0.0000, sentiment f1==0.0000, ABSA f1==0.0000,
Current Max Metrics Index : 15 Current Min Loss Index : 5 Epoch Time: 0m 14s Tau : 0.28

-------------------------------------Iter44-------------------------------------
Train: final loss=0.722167, aspect loss=0.048485, opinion loss=0.000000, domain loss=0.671387, sentiment loss=0.000000, reg loss=0.000000, step=81720
Dev:   final loss=0.208537, aspect loss=0.208537, opinion loss=0.000000, sentiment loss=0.000000, reg loss=0.000000, step=81720
Dev:   aspect f1=0.3622, opinion f1=0.0000, sentiment acc==0.0000, sentiment f1==0.0000, ABSA f1==0.0000,
Test:  aspect f1=0.3622, opinion f1=0.0000, sentiment acc==0.0000, sentiment f1==0.0000, ABSA f1==0.0000,
Current Max Metrics Index : 15 Current Min Loss Index : 5 Epoch Time: 0m 14s Tau : 0.27

-------------------------------------Iter45-------------------------------------
Train: final loss=0.722307, aspect loss=0.047742, opinion loss=0.000000, domain loss=0.671521, sentiment loss=0.000000, reg loss=0.000000, step=83536
Dev:   final loss=0.206118, aspect loss=0.206118, opinion loss=0.000000, sentiment loss=0.000000, reg loss=0.000000, step=83536
Dev:   aspect f1=0.3743, opinion f1=0.0000, sentiment acc==0.0000, sentiment f1==0.0000, ABSA f1==0.0000,
Test:  aspect f1=0.3743, opinion f1=0.0000, sentiment acc==0.0000, sentiment f1==0.0000, ABSA f1==0.0000,
Current Max Metrics Index : 15 Current Min Loss Index : 5 Epoch Time: 0m 15s Tau : 0.26

-------------------------------------Iter46-------------------------------------
Train: final loss=0.720739, aspect loss=0.047842, opinion loss=0.000000, domain loss=0.671597, sentiment loss=0.000000, reg loss=0.000000, step=85352
Dev:   final loss=0.194887, aspect loss=0.194887, opinion loss=0.000000, sentiment loss=0.000000, reg loss=0.000000, step=85352
Dev:   aspect f1=0.3849, opinion f1=0.0000, sentiment acc==0.0000, sentiment f1==0.0000, ABSA f1==0.0000,
Test:  aspect f1=0.3849, opinion f1=0.0000, sentiment acc==0.0000, sentiment f1==0.0000, ABSA f1==0.0000,
Current Max Metrics Index : 15 Current Min Loss Index : 5 Epoch Time: 0m 15s Tau : 0.25

-------------------------------------Iter47-------------------------------------
Train: final loss=0.720096, aspect loss=0.046286, opinion loss=0.000000, domain loss=0.671809, sentiment loss=0.000000, reg loss=0.000000, step=87168
Dev:   final loss=0.199242, aspect loss=0.199242, opinion loss=0.000000, sentiment loss=0.000000, reg loss=0.000000, step=87168
Dev:   aspect f1=0.3779, opinion f1=0.0000, sentiment acc==0.0000, sentiment f1==0.0000, ABSA f1==0.0000,
Test:  aspect f1=0.3779, opinion f1=0.0000, sentiment acc==0.0000, sentiment f1==0.0000, ABSA f1==0.0000,
Current Max Metrics Index : 15 Current Min Loss Index : 5 Epoch Time: 0m 15s Tau : 0.24

-------------------------------------Iter48-------------------------------------
Train: final loss=0.720079, aspect loss=0.046212, opinion loss=0.000000, domain loss=0.670870, sentiment loss=0.000000, reg loss=0.000000, step=88984
Dev:   final loss=0.193527, aspect loss=0.193527, opinion loss=0.000000, sentiment loss=0.000000, reg loss=0.000000, step=88984
Dev:   aspect f1=0.3742, opinion f1=0.0000, sentiment acc==0.0000, sentiment f1==0.0000, ABSA f1==0.0000,
Test:  aspect f1=0.3742, opinion f1=0.0000, sentiment acc==0.0000, sentiment f1==0.0000, ABSA f1==0.0000,
Current Max Metrics Index : 15 Current Min Loss Index : 5 Epoch Time: 0m 14s Tau : 0.24

-------------------------------------Iter49-------------------------------------
Train: final loss=0.719179, aspect loss=0.045685, opinion loss=0.000000, domain loss=0.670874, sentiment loss=0.000000, reg loss=0.000000, step=90800
Dev:   final loss=0.187812, aspect loss=0.187812, opinion loss=0.000000, sentiment loss=0.000000, reg loss=0.000000, step=90800
Dev:   aspect f1=0.3924, opinion f1=0.0000, sentiment acc==0.0000, sentiment f1==0.0000, ABSA f1==0.0000,
Test:  aspect f1=0.3924, opinion f1=0.0000, sentiment acc==0.0000, sentiment f1==0.0000, ABSA f1==0.0000,
Current Max Metrics Index : 15 Current Min Loss Index : 5 Epoch Time: 0m 15s Tau : 0.23

-------------------------------------Iter50-------------------------------------
Train: final loss=0.719782, aspect loss=0.045975, opinion loss=0.000000, domain loss=0.671070, sentiment loss=0.000000, reg loss=0.000000, step=92616
Dev:   final loss=0.199325, aspect loss=0.199325, opinion loss=0.000000, sentiment loss=0.000000, reg loss=0.000000, step=92616
Dev:   aspect f1=0.3729, opinion f1=0.0000, sentiment acc==0.0000, sentiment f1==0.0000, ABSA f1==0.0000,
Test:  aspect f1=0.3729, opinion f1=0.0000, sentiment acc==0.0000, sentiment f1==0.0000, ABSA f1==0.0000,
Current Max Metrics Index : 15 Current Min Loss Index : 5 Epoch Time: 0m 15s Tau : 0.22

-------------------------------------Iter51-------------------------------------
Train: final loss=0.718768, aspect loss=0.045681, opinion loss=0.000000, domain loss=0.671130, sentiment loss=0.000000, reg loss=0.000000, step=94432
Dev:   final loss=0.184553, aspect loss=0.184553, opinion loss=0.000000, sentiment loss=0.000000, reg loss=0.000000, step=94432
Dev:   aspect f1=0.3862, opinion f1=0.0000, sentiment acc==0.0000, sentiment f1==0.0000, ABSA f1==0.0000,
Test:  aspect f1=0.3862, opinion f1=0.0000, sentiment acc==0.0000, sentiment f1==0.0000, ABSA f1==0.0000,
Current Max Metrics Index : 15 Current Min Loss Index : 5 Epoch Time: 0m 15s Tau : 0.22

-------------------------------------Iter52-------------------------------------
Train: final loss=0.718902, aspect loss=0.045046, opinion loss=0.000000, domain loss=0.671438, sentiment loss=0.000000, reg loss=0.000000, step=96248
Dev:   final loss=0.205043, aspect loss=0.205043, opinion loss=0.000000, sentiment loss=0.000000, reg loss=0.000000, step=96248
Dev:   aspect f1=0.3766, opinion f1=0.0000, sentiment acc==0.0000, sentiment f1==0.0000, ABSA f1==0.0000,
Test:  aspect f1=0.3766, opinion f1=0.0000, sentiment acc==0.0000, sentiment f1==0.0000, ABSA f1==0.0000,
Current Max Metrics Index : 15 Current Min Loss Index : 5 Epoch Time: 0m 15s Tau : 0.21

-------------------------------------Iter53-------------------------------------
Train: final loss=0.718431, aspect loss=0.045034, opinion loss=0.000000, domain loss=0.671388, sentiment loss=0.000000, reg loss=0.000000, step=98064
Dev:   final loss=0.199126, aspect loss=0.199126, opinion loss=0.000000, sentiment loss=0.000000, reg loss=0.000000, step=98064
Dev:   aspect f1=0.3762, opinion f1=0.0000, sentiment acc==0.0000, sentiment f1==0.0000, ABSA f1==0.0000,
Test:  aspect f1=0.3762, opinion f1=0.0000, sentiment acc==0.0000, sentiment f1==0.0000, ABSA f1==0.0000,
Current Max Metrics Index : 15 Current Min Loss Index : 5 Epoch Time: 0m 14s Tau : 0.20

-------------------------------------Iter54-------------------------------------
Train: final loss=0.718626, aspect loss=0.044680, opinion loss=0.000000, domain loss=0.671350, sentiment loss=0.000000, reg loss=0.000000, step=99880
Dev:   final loss=0.187125, aspect loss=0.187125, opinion loss=0.000000, sentiment loss=0.000000, reg loss=0.000000, step=99880
Dev:   aspect f1=0.3894, opinion f1=0.0000, sentiment acc==0.0000, sentiment f1==0.0000, ABSA f1==0.0000,
Test:  aspect f1=0.3894, opinion f1=0.0000, sentiment acc==0.0000, sentiment f1==0.0000, ABSA f1==0.0000,
Current Max Metrics Index : 15 Current Min Loss Index : 5 Epoch Time: 0m 14s Tau : 0.20

-------------------------------------Iter55-------------------------------------
Train: final loss=0.715883, aspect loss=0.043324, opinion loss=0.000000, domain loss=0.671437, sentiment loss=0.000000, reg loss=0.000000, step=101696
Dev:   final loss=0.221726, aspect loss=0.221726, opinion loss=0.000000, sentiment loss=0.000000, reg loss=0.000000, step=101696
Dev:   aspect f1=0.3674, opinion f1=0.0000, sentiment acc==0.0000, sentiment f1==0.0000, ABSA f1==0.0000,
Test:  aspect f1=0.3674, opinion f1=0.0000, sentiment acc==0.0000, sentiment f1==0.0000, ABSA f1==0.0000,
Current Max Metrics Index : 15 Current Min Loss Index : 5 Epoch Time: 0m 14s Tau : 0.19

-------------------------------------Iter56-------------------------------------
Train: final loss=0.718507, aspect loss=0.044482, opinion loss=0.000000, domain loss=0.671435, sentiment loss=0.000000, reg loss=0.000000, step=103512
Dev:   final loss=0.207654, aspect loss=0.207654, opinion loss=0.000000, sentiment loss=0.000000, reg loss=0.000000, step=103512
Dev:   aspect f1=0.3711, opinion f1=0.0000, sentiment acc==0.0000, sentiment f1==0.0000, ABSA f1==0.0000,
Test:  aspect f1=0.3711, opinion f1=0.0000, sentiment acc==0.0000, sentiment f1==0.0000, ABSA f1==0.0000,
Current Max Metrics Index : 15 Current Min Loss Index : 5 Epoch Time: 0m 14s Tau : 0.19

-------------------------------------Iter57-------------------------------------
Train: final loss=0.719539, aspect loss=0.043847, opinion loss=0.000000, domain loss=0.672041, sentiment loss=0.000000, reg loss=0.000000, step=105328
Dev:   final loss=0.213955, aspect loss=0.213955, opinion loss=0.000000, sentiment loss=0.000000, reg loss=0.000000, step=105328
Dev:   aspect f1=0.3728, opinion f1=0.0000, sentiment acc==0.0000, sentiment f1==0.0000, ABSA f1==0.0000,
Test:  aspect f1=0.3728, opinion f1=0.0000, sentiment acc==0.0000, sentiment f1==0.0000, ABSA f1==0.0000,
Current Max Metrics Index : 15 Current Min Loss Index : 5 Epoch Time: 0m 15s Tau : 0.18

-------------------------------------Iter58-------------------------------------
Train: final loss=0.718803, aspect loss=0.043572, opinion loss=0.000000, domain loss=0.671439, sentiment loss=0.000000, reg loss=0.000000, step=107144
Dev:   final loss=0.208192, aspect loss=0.208192, opinion loss=0.000000, sentiment loss=0.000000, reg loss=0.000000, step=107144
Dev:   aspect f1=0.3807, opinion f1=0.0000, sentiment acc==0.0000, sentiment f1==0.0000, ABSA f1==0.0000,
Test:  aspect f1=0.3807, opinion f1=0.0000, sentiment acc==0.0000, sentiment f1==0.0000, ABSA f1==0.0000,
Current Max Metrics Index : 15 Current Min Loss Index : 5 Epoch Time: 0m 14s Tau : 0.18

-------------------------------------Iter59-------------------------------------
Train: final loss=0.717188, aspect loss=0.043292, opinion loss=0.000000, domain loss=0.671789, sentiment loss=0.000000, reg loss=0.000000, step=108960
Dev:   final loss=0.186428, aspect loss=0.186428, opinion loss=0.000000, sentiment loss=0.000000, reg loss=0.000000, step=108960
Dev:   aspect f1=0.3856, opinion f1=0.0000, sentiment acc==0.0000, sentiment f1==0.0000, ABSA f1==0.0000,
Test:  aspect f1=0.3856, opinion f1=0.0000, sentiment acc==0.0000, sentiment f1==0.0000, ABSA f1==0.0000,
Current Max Metrics Index : 15 Current Min Loss Index : 5 Epoch Time: 0m 14s Tau : 0.17

-------------------------------------Iter60-------------------------------------
Train: final loss=0.717206, aspect loss=0.043391, opinion loss=0.000000, domain loss=0.672146, sentiment loss=0.000000, reg loss=0.000000, step=110776
Dev:   final loss=0.210207, aspect loss=0.210207, opinion loss=0.000000, sentiment loss=0.000000, reg loss=0.000000, step=110776
Dev:   aspect f1=0.3710, opinion f1=0.0000, sentiment acc==0.0000, sentiment f1==0.0000, ABSA f1==0.0000,
Test:  aspect f1=0.3710, opinion f1=0.0000, sentiment acc==0.0000, sentiment f1==0.0000, ABSA f1==0.0000,
Current Max Metrics Index : 15 Current Min Loss Index : 5 Epoch Time: 0m 15s Tau : 0.17

-------------------------------------Iter61-------------------------------------
Train: final loss=0.715999, aspect loss=0.042887, opinion loss=0.000000, domain loss=0.671162, sentiment loss=0.000000, reg loss=0.000000, step=112592
Dev:   final loss=0.197704, aspect loss=0.197704, opinion loss=0.000000, sentiment loss=0.000000, reg loss=0.000000, step=112592
Dev:   aspect f1=0.3820, opinion f1=0.0000, sentiment acc==0.0000, sentiment f1==0.0000, ABSA f1==0.0000,
Test:  aspect f1=0.3820, opinion f1=0.0000, sentiment acc==0.0000, sentiment f1==0.0000, ABSA f1==0.0000,
Current Max Metrics Index : 15 Current Min Loss Index : 5 Epoch Time: 0m 15s Tau : 0.16

-------------------------------------Iter62-------------------------------------
Train: final loss=0.715512, aspect loss=0.042123, opinion loss=0.000000, domain loss=0.671292, sentiment loss=0.000000, reg loss=0.000000, step=114408
Dev:   final loss=0.201149, aspect loss=0.201149, opinion loss=0.000000, sentiment loss=0.000000, reg loss=0.000000, step=114408
Dev:   aspect f1=0.3872, opinion f1=0.0000, sentiment acc==0.0000, sentiment f1==0.0000, ABSA f1==0.0000,
Test:  aspect f1=0.3872, opinion f1=0.0000, sentiment acc==0.0000, sentiment f1==0.0000, ABSA f1==0.0000,
Current Max Metrics Index : 15 Current Min Loss Index : 5 Epoch Time: 0m 14s Tau : 0.16

-------------------------------------Iter63-------------------------------------
Train: final loss=0.715117, aspect loss=0.041473, opinion loss=0.000000, domain loss=0.672151, sentiment loss=0.000000, reg loss=0.000000, step=116224
Dev:   final loss=0.214599, aspect loss=0.214599, opinion loss=0.000000, sentiment loss=0.000000, reg loss=0.000000, step=116224
Dev:   aspect f1=0.3700, opinion f1=0.0000, sentiment acc==0.0000, sentiment f1==0.0000, ABSA f1==0.0000,
Test:  aspect f1=0.3700, opinion f1=0.0000, sentiment acc==0.0000, sentiment f1==0.0000, ABSA f1==0.0000,
Current Max Metrics Index : 15 Current Min Loss Index : 5 Epoch Time: 0m 14s Tau : 0.15

-------------------------------------Iter64-------------------------------------
Train: final loss=0.715196, aspect loss=0.041931, opinion loss=0.000000, domain loss=0.671529, sentiment loss=0.000000, reg loss=0.000000, step=118040
Dev:   final loss=0.215430, aspect loss=0.215430, opinion loss=0.000000, sentiment loss=0.000000, reg loss=0.000000, step=118040
Dev:   aspect f1=0.3752, opinion f1=0.0000, sentiment acc==0.0000, sentiment f1==0.0000, ABSA f1==0.0000,
Test:  aspect f1=0.3752, opinion f1=0.0000, sentiment acc==0.0000, sentiment f1==0.0000, ABSA f1==0.0000,
Current Max Metrics Index : 15 Current Min Loss Index : 5 Epoch Time: 0m 15s Tau : 0.15

-------------------------------------Iter65-------------------------------------
Train: final loss=0.714795, aspect loss=0.041490, opinion loss=0.000000, domain loss=0.671547, sentiment loss=0.000000, reg loss=0.000000, step=119856
Dev:   final loss=0.212376, aspect loss=0.212376, opinion loss=0.000000, sentiment loss=0.000000, reg loss=0.000000, step=119856
Dev:   aspect f1=0.3752, opinion f1=0.0000, sentiment acc==0.0000, sentiment f1==0.0000, ABSA f1==0.0000,
Test:  aspect f1=0.3752, opinion f1=0.0000, sentiment acc==0.0000, sentiment f1==0.0000, ABSA f1==0.0000,
Current Max Metrics Index : 15 Current Min Loss Index : 5 Epoch Time: 0m 15s Tau : 0.14

-------------------------------------Iter66-------------------------------------
Train: final loss=0.714517, aspect loss=0.041716, opinion loss=0.000000, domain loss=0.671077, sentiment loss=0.000000, reg loss=0.000000, step=121672
Dev:   final loss=0.198743, aspect loss=0.198743, opinion loss=0.000000, sentiment loss=0.000000, reg loss=0.000000, step=121672
Dev:   aspect f1=0.3843, opinion f1=0.0000, sentiment acc==0.0000, sentiment f1==0.0000, ABSA f1==0.0000,
Test:  aspect f1=0.3843, opinion f1=0.0000, sentiment acc==0.0000, sentiment f1==0.0000, ABSA f1==0.0000,
Current Max Metrics Index : 15 Current Min Loss Index : 5 Epoch Time: 0m 15s Tau : 0.14

-------------------------------------Iter67-------------------------------------
Train: final loss=0.714117, aspect loss=0.040531, opinion loss=0.000000, domain loss=0.671893, sentiment loss=0.000000, reg loss=0.000000, step=123488
Dev:   final loss=0.210088, aspect loss=0.210088, opinion loss=0.000000, sentiment loss=0.000000, reg loss=0.000000, step=123488
Dev:   aspect f1=0.3748, opinion f1=0.0000, sentiment acc==0.0000, sentiment f1==0.0000, ABSA f1==0.0000,
Test:  aspect f1=0.3748, opinion f1=0.0000, sentiment acc==0.0000, sentiment f1==0.0000, ABSA f1==0.0000,
Current Max Metrics Index : 15 Current Min Loss Index : 5 Epoch Time: 0m 14s Tau : 0.13

-------------------------------------Iter68-------------------------------------
Train: final loss=0.714927, aspect loss=0.041777, opinion loss=0.000000, domain loss=0.671402, sentiment loss=0.000000, reg loss=0.000000, step=125304
Dev:   final loss=0.191763, aspect loss=0.191763, opinion loss=0.000000, sentiment loss=0.000000, reg loss=0.000000, step=125304
Dev:   aspect f1=0.3831, opinion f1=0.0000, sentiment acc==0.0000, sentiment f1==0.0000, ABSA f1==0.0000,
Test:  aspect f1=0.3831, opinion f1=0.0000, sentiment acc==0.0000, sentiment f1==0.0000, ABSA f1==0.0000,
Current Max Metrics Index : 15 Current Min Loss Index : 5 Epoch Time: 0m 14s Tau : 0.13

-------------------------------------Iter69-------------------------------------
Train: final loss=0.714360, aspect loss=0.040469, opinion loss=0.000000, domain loss=0.671809, sentiment loss=0.000000, reg loss=0.000000, step=127120
Dev:   final loss=0.205591, aspect loss=0.205591, opinion loss=0.000000, sentiment loss=0.000000, reg loss=0.000000, step=127120
Dev:   aspect f1=0.3790, opinion f1=0.0000, sentiment acc==0.0000, sentiment f1==0.0000, ABSA f1==0.0000,
Test:  aspect f1=0.3790, opinion f1=0.0000, sentiment acc==0.0000, sentiment f1==0.0000, ABSA f1==0.0000,
Current Max Metrics Index : 15 Current Min Loss Index : 5 Epoch Time: 0m 14s Tau : 0.13

-------------------------------------Iter70-------------------------------------
Train: final loss=0.716177, aspect loss=0.041184, opinion loss=0.000000, domain loss=0.671780, sentiment loss=0.000000, reg loss=0.000000, step=128936
Dev:   final loss=0.214480, aspect loss=0.214480, opinion loss=0.000000, sentiment loss=0.000000, reg loss=0.000000, step=128936
Dev:   aspect f1=0.3804, opinion f1=0.0000, sentiment acc==0.0000, sentiment f1==0.0000, ABSA f1==0.0000,
Test:  aspect f1=0.3804, opinion f1=0.0000, sentiment acc==0.0000, sentiment f1==0.0000, ABSA f1==0.0000,
Current Max Metrics Index : 15 Current Min Loss Index : 5 Epoch Time: 0m 15s Tau : 0.12

-------------------------------------Iter71-------------------------------------
Train: final loss=0.714447, aspect loss=0.040328, opinion loss=0.000000, domain loss=0.671212, sentiment loss=0.000000, reg loss=0.000000, step=130752
Dev:   final loss=0.196804, aspect loss=0.196804, opinion loss=0.000000, sentiment loss=0.000000, reg loss=0.000000, step=130752
Dev:   aspect f1=0.3709, opinion f1=0.0000, sentiment acc==0.0000, sentiment f1==0.0000, ABSA f1==0.0000,
Test:  aspect f1=0.3709, opinion f1=0.0000, sentiment acc==0.0000, sentiment f1==0.0000, ABSA f1==0.0000,
Current Max Metrics Index : 15 Current Min Loss Index : 5 Epoch Time: 0m 15s Tau : 0.12

-------------------------------------Iter72-------------------------------------
Train: final loss=0.713867, aspect loss=0.040039, opinion loss=0.000000, domain loss=0.671744, sentiment loss=0.000000, reg loss=0.000000, step=132568
Dev:   final loss=0.210487, aspect loss=0.210487, opinion loss=0.000000, sentiment loss=0.000000, reg loss=0.000000, step=132568
Dev:   aspect f1=0.3730, opinion f1=0.0000, sentiment acc==0.0000, sentiment f1==0.0000, ABSA f1==0.0000,
Test:  aspect f1=0.3730, opinion f1=0.0000, sentiment acc==0.0000, sentiment f1==0.0000, ABSA f1==0.0000,
Current Max Metrics Index : 15 Current Min Loss Index : 5 Epoch Time: 0m 15s Tau : 0.12

-------------------------------------Iter73-------------------------------------
Train: final loss=0.713878, aspect loss=0.039938, opinion loss=0.000000, domain loss=0.671455, sentiment loss=0.000000, reg loss=0.000000, step=134384
Dev:   final loss=0.213783, aspect loss=0.213783, opinion loss=0.000000, sentiment loss=0.000000, reg loss=0.000000, step=134384
Dev:   aspect f1=0.3642, opinion f1=0.0000, sentiment acc==0.0000, sentiment f1==0.0000, ABSA f1==0.0000,
Test:  aspect f1=0.3642, opinion f1=0.0000, sentiment acc==0.0000, sentiment f1==0.0000, ABSA f1==0.0000,
Current Max Metrics Index : 15 Current Min Loss Index : 5 Epoch Time: 0m 15s Tau : 0.11

-------------------------------------Iter74-------------------------------------
Train: final loss=0.711971, aspect loss=0.038565, opinion loss=0.000000, domain loss=0.671511, sentiment loss=0.000000, reg loss=0.000000, step=136200
Dev:   final loss=0.246663, aspect loss=0.246663, opinion loss=0.000000, sentiment loss=0.000000, reg loss=0.000000, step=136200
Dev:   aspect f1=0.3511, opinion f1=0.0000, sentiment acc==0.0000, sentiment f1==0.0000, ABSA f1==0.0000,
Test:  aspect f1=0.3511, opinion f1=0.0000, sentiment acc==0.0000, sentiment f1==0.0000, ABSA f1==0.0000,
Current Max Metrics Index : 15 Current Min Loss Index : 5 Epoch Time: 0m 15s Tau : 0.11

-------------------------------------Iter75-------------------------------------
Train: final loss=0.713542, aspect loss=0.039888, opinion loss=0.000000, domain loss=0.671570, sentiment loss=0.000000, reg loss=0.000000, step=138016
Dev:   final loss=0.207415, aspect loss=0.207415, opinion loss=0.000000, sentiment loss=0.000000, reg loss=0.000000, step=138016
Dev:   aspect f1=0.3669, opinion f1=0.0000, sentiment acc==0.0000, sentiment f1==0.0000, ABSA f1==0.0000,
Test:  aspect f1=0.3669, opinion f1=0.0000, sentiment acc==0.0000, sentiment f1==0.0000, ABSA f1==0.0000,
Current Max Metrics Index : 15 Current Min Loss Index : 5 Epoch Time: 0m 15s Tau : 0.11

-------------------------------------Iter76-------------------------------------
Train: final loss=0.714154, aspect loss=0.039069, opinion loss=0.000000, domain loss=0.671867, sentiment loss=0.000000, reg loss=0.000000, step=139832
Dev:   final loss=0.226737, aspect loss=0.226737, opinion loss=0.000000, sentiment loss=0.000000, reg loss=0.000000, step=139832
Dev:   aspect f1=0.3765, opinion f1=0.0000, sentiment acc==0.0000, sentiment f1==0.0000, ABSA f1==0.0000,
Test:  aspect f1=0.3765, opinion f1=0.0000, sentiment acc==0.0000, sentiment f1==0.0000, ABSA f1==0.0000,
Current Max Metrics Index : 15 Current Min Loss Index : 5 Epoch Time: 0m 15s Tau : 0.10

-------------------------------------Iter77-------------------------------------
Train: final loss=0.712316, aspect loss=0.039436, opinion loss=0.000000, domain loss=0.671488, sentiment loss=0.000000, reg loss=0.000000, step=141648
Dev:   final loss=0.209886, aspect loss=0.209886, opinion loss=0.000000, sentiment loss=0.000000, reg loss=0.000000, step=141648
Dev:   aspect f1=0.3677, opinion f1=0.0000, sentiment acc==0.0000, sentiment f1==0.0000, ABSA f1==0.0000,
Test:  aspect f1=0.3677, opinion f1=0.0000, sentiment acc==0.0000, sentiment f1==0.0000, ABSA f1==0.0000,
Current Max Metrics Index : 15 Current Min Loss Index : 5 Epoch Time: 0m 15s Tau : 0.10

-------------------------------------Iter78-------------------------------------
Train: final loss=0.712488, aspect loss=0.038500, opinion loss=0.000000, domain loss=0.671363, sentiment loss=0.000000, reg loss=0.000000, step=143464
Dev:   final loss=0.201040, aspect loss=0.201040, opinion loss=0.000000, sentiment loss=0.000000, reg loss=0.000000, step=143464
Dev:   aspect f1=0.3827, opinion f1=0.0000, sentiment acc==0.0000, sentiment f1==0.0000, ABSA f1==0.0000,
Test:  aspect f1=0.3827, opinion f1=0.0000, sentiment acc==0.0000, sentiment f1==0.0000, ABSA f1==0.0000,
Current Max Metrics Index : 15 Current Min Loss Index : 5 Epoch Time: 0m 15s Tau : 0.10

-------------------------------------Iter79-------------------------------------
Train: final loss=0.712644, aspect loss=0.038689, opinion loss=0.000000, domain loss=0.671316, sentiment loss=0.000000, reg loss=0.000000, step=145280
Dev:   final loss=0.226883, aspect loss=0.226883, opinion loss=0.000000, sentiment loss=0.000000, reg loss=0.000000, step=145280
Dev:   aspect f1=0.3656, opinion f1=0.0000, sentiment acc==0.0000, sentiment f1==0.0000, ABSA f1==0.0000,
Test:  aspect f1=0.3656, opinion f1=0.0000, sentiment acc==0.0000, sentiment f1==0.0000, ABSA f1==0.0000,
Current Max Metrics Index : 15 Current Min Loss Index : 5 Epoch Time: 0m 15s Tau : 0.10

-------------------------------------Iter80-------------------------------------
Train: final loss=0.711805, aspect loss=0.038721, opinion loss=0.000000, domain loss=0.671341, sentiment loss=0.000000, reg loss=0.000000, step=147096
Dev:   final loss=0.214110, aspect loss=0.214110, opinion loss=0.000000, sentiment loss=0.000000, reg loss=0.000000, step=147096
Dev:   aspect f1=0.3818, opinion f1=0.0000, sentiment acc==0.0000, sentiment f1==0.0000, ABSA f1==0.0000,
Test:  aspect f1=0.3818, opinion f1=0.0000, sentiment acc==0.0000, sentiment f1==0.0000, ABSA f1==0.0000,
Current Max Metrics Index : 15 Current Min Loss Index : 5 Epoch Time: 0m 15s Tau : 0.10

-------------------------------------Iter81-------------------------------------
Train: final loss=0.713107, aspect loss=0.039263, opinion loss=0.000000, domain loss=0.671358, sentiment loss=0.000000, reg loss=0.000000, step=148912
Dev:   final loss=0.205500, aspect loss=0.205500, opinion loss=0.000000, sentiment loss=0.000000, reg loss=0.000000, step=148912
Dev:   aspect f1=0.3906, opinion f1=0.0000, sentiment acc==0.0000, sentiment f1==0.0000, ABSA f1==0.0000,
Test:  aspect f1=0.3906, opinion f1=0.0000, sentiment acc==0.0000, sentiment f1==0.0000, ABSA f1==0.0000,
Current Max Metrics Index : 15 Current Min Loss Index : 5 Epoch Time: 0m 15s Tau : 0.10

-------------------------------------Iter82-------------------------------------
Train: final loss=0.712450, aspect loss=0.038581, opinion loss=0.000000, domain loss=0.671450, sentiment loss=0.000000, reg loss=0.000000, step=150728
Dev:   final loss=0.227804, aspect loss=0.227804, opinion loss=0.000000, sentiment loss=0.000000, reg loss=0.000000, step=150728
Dev:   aspect f1=0.3715, opinion f1=0.0000, sentiment acc==0.0000, sentiment f1==0.0000, ABSA f1==0.0000,
Test:  aspect f1=0.3715, opinion f1=0.0000, sentiment acc==0.0000, sentiment f1==0.0000, ABSA f1==0.0000,
Current Max Metrics Index : 15 Current Min Loss Index : 5 Epoch Time: 0m 15s Tau : 0.10

-------------------------------------Iter83-------------------------------------
Train: final loss=0.711434, aspect loss=0.037602, opinion loss=0.000000, domain loss=0.671788, sentiment loss=0.000000, reg loss=0.000000, step=152544
Dev:   final loss=0.211357, aspect loss=0.211357, opinion loss=0.000000, sentiment loss=0.000000, reg loss=0.000000, step=152544
Dev:   aspect f1=0.3780, opinion f1=0.0000, sentiment acc==0.0000, sentiment f1==0.0000, ABSA f1==0.0000,
Test:  aspect f1=0.3780, opinion f1=0.0000, sentiment acc==0.0000, sentiment f1==0.0000, ABSA f1==0.0000,
Current Max Metrics Index : 15 Current Min Loss Index : 5 Epoch Time: 0m 15s Tau : 0.10

-------------------------------------Iter84-------------------------------------
Train: final loss=0.712619, aspect loss=0.038335, opinion loss=0.000000, domain loss=0.671472, sentiment loss=0.000000, reg loss=0.000000, step=154360
Dev:   final loss=0.202937, aspect loss=0.202937, opinion loss=0.000000, sentiment loss=0.000000, reg loss=0.000000, step=154360
Dev:   aspect f1=0.3718, opinion f1=0.0000, sentiment acc==0.0000, sentiment f1==0.0000, ABSA f1==0.0000,
Test:  aspect f1=0.3718, opinion f1=0.0000, sentiment acc==0.0000, sentiment f1==0.0000, ABSA f1==0.0000,
Current Max Metrics Index : 15 Current Min Loss Index : 5 Epoch Time: 0m 15s Tau : 0.10

-------------------------------------Iter85-------------------------------------
Train: final loss=0.712103, aspect loss=0.038202, opinion loss=0.000000, domain loss=0.672008, sentiment loss=0.000000, reg loss=0.000000, step=156176
Dev:   final loss=0.210860, aspect loss=0.210860, opinion loss=0.000000, sentiment loss=0.000000, reg loss=0.000000, step=156176
Dev:   aspect f1=0.3773, opinion f1=0.0000, sentiment acc==0.0000, sentiment f1==0.0000, ABSA f1==0.0000,
Test:  aspect f1=0.3773, opinion f1=0.0000, sentiment acc==0.0000, sentiment f1==0.0000, ABSA f1==0.0000,
Current Max Metrics Index : 15 Current Min Loss Index : 5 Epoch Time: 0m 15s Tau : 0.10

-------------------------------------Iter86-------------------------------------
Train: final loss=0.711650, aspect loss=0.037431, opinion loss=0.000000, domain loss=0.671752, sentiment loss=0.000000, reg loss=0.000000, step=157992
Dev:   final loss=0.189610, aspect loss=0.189610, opinion loss=0.000000, sentiment loss=0.000000, reg loss=0.000000, step=157992
Dev:   aspect f1=0.3837, opinion f1=0.0000, sentiment acc==0.0000, sentiment f1==0.0000, ABSA f1==0.0000,
Test:  aspect f1=0.3837, opinion f1=0.0000, sentiment acc==0.0000, sentiment f1==0.0000, ABSA f1==0.0000,
Current Max Metrics Index : 15 Current Min Loss Index : 5 Epoch Time: 0m 15s Tau : 0.10

-------------------------------------Iter87-------------------------------------
Train: final loss=0.711762, aspect loss=0.037346, opinion loss=0.000000, domain loss=0.671213, sentiment loss=0.000000, reg loss=0.000000, step=159808
Dev:   final loss=0.216330, aspect loss=0.216330, opinion loss=0.000000, sentiment loss=0.000000, reg loss=0.000000, step=159808
Dev:   aspect f1=0.3669, opinion f1=0.0000, sentiment acc==0.0000, sentiment f1==0.0000, ABSA f1==0.0000,
Test:  aspect f1=0.3669, opinion f1=0.0000, sentiment acc==0.0000, sentiment f1==0.0000, ABSA f1==0.0000,
Current Max Metrics Index : 15 Current Min Loss Index : 5 Epoch Time: 0m 15s Tau : 0.10

-------------------------------------Iter88-------------------------------------
Train: final loss=0.711161, aspect loss=0.037829, opinion loss=0.000000, domain loss=0.671636, sentiment loss=0.000000, reg loss=0.000000, step=161624
Dev:   final loss=0.185531, aspect loss=0.185531, opinion loss=0.000000, sentiment loss=0.000000, reg loss=0.000000, step=161624
Dev:   aspect f1=0.3856, opinion f1=0.0000, sentiment acc==0.0000, sentiment f1==0.0000, ABSA f1==0.0000,
Test:  aspect f1=0.3856, opinion f1=0.0000, sentiment acc==0.0000, sentiment f1==0.0000, ABSA f1==0.0000,
Current Max Metrics Index : 15 Current Min Loss Index : 5 Epoch Time: 0m 15s Tau : 0.10

-------------------------------------Iter89-------------------------------------
Train: final loss=0.711069, aspect loss=0.037000, opinion loss=0.000000, domain loss=0.671576, sentiment loss=0.000000, reg loss=0.000000, step=163440
Dev:   final loss=0.197993, aspect loss=0.197993, opinion loss=0.000000, sentiment loss=0.000000, reg loss=0.000000, step=163440
Dev:   aspect f1=0.3827, opinion f1=0.0000, sentiment acc==0.0000, sentiment f1==0.0000, ABSA f1==0.0000,
Test:  aspect f1=0.3827, opinion f1=0.0000, sentiment acc==0.0000, sentiment f1==0.0000, ABSA f1==0.0000,
Current Max Metrics Index : 15 Current Min Loss Index : 5 Epoch Time: 0m 15s Tau : 0.10

-------------------------------------Iter90-------------------------------------
Train: final loss=0.712614, aspect loss=0.037891, opinion loss=0.000000, domain loss=0.671741, sentiment loss=0.000000, reg loss=0.000000, step=165256
Dev:   final loss=0.219671, aspect loss=0.219671, opinion loss=0.000000, sentiment loss=0.000000, reg loss=0.000000, step=165256
Dev:   aspect f1=0.3681, opinion f1=0.0000, sentiment acc==0.0000, sentiment f1==0.0000, ABSA f1==0.0000,
Test:  aspect f1=0.3681, opinion f1=0.0000, sentiment acc==0.0000, sentiment f1==0.0000, ABSA f1==0.0000,
Current Max Metrics Index : 15 Current Min Loss Index : 5 Epoch Time: 0m 15s Tau : 0.10

-------------------------------------Iter91-------------------------------------
Train: final loss=0.713166, aspect loss=0.038149, opinion loss=0.000000, domain loss=0.671759, sentiment loss=0.000000, reg loss=0.000000, step=167072
Dev:   final loss=0.193877, aspect loss=0.193877, opinion loss=0.000000, sentiment loss=0.000000, reg loss=0.000000, step=167072
Dev:   aspect f1=0.3867, opinion f1=0.0000, sentiment acc==0.0000, sentiment f1==0.0000, ABSA f1==0.0000,
Test:  aspect f1=0.3867, opinion f1=0.0000, sentiment acc==0.0000, sentiment f1==0.0000, ABSA f1==0.0000,
Current Max Metrics Index : 15 Current Min Loss Index : 5 Epoch Time: 0m 15s Tau : 0.10

-------------------------------------Iter92-------------------------------------
Train: final loss=0.709843, aspect loss=0.036029, opinion loss=0.000000, domain loss=0.671507, sentiment loss=0.000000, reg loss=0.000000, step=168888
Dev:   final loss=0.217389, aspect loss=0.217389, opinion loss=0.000000, sentiment loss=0.000000, reg loss=0.000000, step=168888
Dev:   aspect f1=0.3822, opinion f1=0.0000, sentiment acc==0.0000, sentiment f1==0.0000, ABSA f1==0.0000,
Test:  aspect f1=0.3822, opinion f1=0.0000, sentiment acc==0.0000, sentiment f1==0.0000, ABSA f1==0.0000,
Current Max Metrics Index : 15 Current Min Loss Index : 5 Epoch Time: 0m 15s Tau : 0.10

-------------------------------------Iter93-------------------------------------
Train: final loss=0.710509, aspect loss=0.036128, opinion loss=0.000000, domain loss=0.671438, sentiment loss=0.000000, reg loss=0.000000, step=170704
Dev:   final loss=0.193544, aspect loss=0.193544, opinion loss=0.000000, sentiment loss=0.000000, reg loss=0.000000, step=170704
Dev:   aspect f1=0.3853, opinion f1=0.0000, sentiment acc==0.0000, sentiment f1==0.0000, ABSA f1==0.0000,
Test:  aspect f1=0.3853, opinion f1=0.0000, sentiment acc==0.0000, sentiment f1==0.0000, ABSA f1==0.0000,
Current Max Metrics Index : 15 Current Min Loss Index : 5 Epoch Time: 0m 15s Tau : 0.10

-------------------------------------Iter94-------------------------------------
Train: final loss=0.709399, aspect loss=0.035449, opinion loss=0.000000, domain loss=0.671450, sentiment loss=0.000000, reg loss=0.000000, step=172520
Dev:   final loss=0.224556, aspect loss=0.224556, opinion loss=0.000000, sentiment loss=0.000000, reg loss=0.000000, step=172520
Dev:   aspect f1=0.3731, opinion f1=0.0000, sentiment acc==0.0000, sentiment f1==0.0000, ABSA f1==0.0000,
Test:  aspect f1=0.3731, opinion f1=0.0000, sentiment acc==0.0000, sentiment f1==0.0000, ABSA f1==0.0000,
Current Max Metrics Index : 15 Current Min Loss Index : 5 Epoch Time: 0m 15s Tau : 0.10

-------------------------------------Iter95-------------------------------------
Train: final loss=0.711150, aspect loss=0.036454, opinion loss=0.000000, domain loss=0.671357, sentiment loss=0.000000, reg loss=0.000000, step=174336
Dev:   final loss=0.213038, aspect loss=0.213038, opinion loss=0.000000, sentiment loss=0.000000, reg loss=0.000000, step=174336
Dev:   aspect f1=0.3811, opinion f1=0.0000, sentiment acc==0.0000, sentiment f1==0.0000, ABSA f1==0.0000,
Test:  aspect f1=0.3811, opinion f1=0.0000, sentiment acc==0.0000, sentiment f1==0.0000, ABSA f1==0.0000,
Current Max Metrics Index : 15 Current Min Loss Index : 5 Epoch Time: 0m 15s Tau : 0.10

-------------------------------------Iter96-------------------------------------
Train: final loss=0.710351, aspect loss=0.036452, opinion loss=0.000000, domain loss=0.671550, sentiment loss=0.000000, reg loss=0.000000, step=176152
Dev:   final loss=0.203231, aspect loss=0.203231, opinion loss=0.000000, sentiment loss=0.000000, reg loss=0.000000, step=176152
Dev:   aspect f1=0.3814, opinion f1=0.0000, sentiment acc==0.0000, sentiment f1==0.0000, ABSA f1==0.0000,
Test:  aspect f1=0.3814, opinion f1=0.0000, sentiment acc==0.0000, sentiment f1==0.0000, ABSA f1==0.0000,
Current Max Metrics Index : 15 Current Min Loss Index : 5 Epoch Time: 0m 15s Tau : 0.10

-------------------------------------Iter97-------------------------------------
Train: final loss=0.710425, aspect loss=0.035845, opinion loss=0.000000, domain loss=0.671363, sentiment loss=0.000000, reg loss=0.000000, step=177968
Dev:   final loss=0.222329, aspect loss=0.222329, opinion loss=0.000000, sentiment loss=0.000000, reg loss=0.000000, step=177968
Dev:   aspect f1=0.3695, opinion f1=0.0000, sentiment acc==0.0000, sentiment f1==0.0000, ABSA f1==0.0000,
Test:  aspect f1=0.3695, opinion f1=0.0000, sentiment acc==0.0000, sentiment f1==0.0000, ABSA f1==0.0000,
Current Max Metrics Index : 15 Current Min Loss Index : 5 Epoch Time: 0m 15s Tau : 0.10

-------------------------------------Iter98-------------------------------------
Train: final loss=0.709882, aspect loss=0.035464, opinion loss=0.000000, domain loss=0.671955, sentiment loss=0.000000, reg loss=0.000000, step=179784
Dev:   final loss=0.218978, aspect loss=0.218978, opinion loss=0.000000, sentiment loss=0.000000, reg loss=0.000000, step=179784
Dev:   aspect f1=0.3730, opinion f1=0.0000, sentiment acc==0.0000, sentiment f1==0.0000, ABSA f1==0.0000,
Test:  aspect f1=0.3730, opinion f1=0.0000, sentiment acc==0.0000, sentiment f1==0.0000, ABSA f1==0.0000,
Current Max Metrics Index : 15 Current Min Loss Index : 5 Epoch Time: 0m 15s Tau : 0.10

-------------------------------------Iter99-------------------------------------
Train: final loss=0.710805, aspect loss=0.036500, opinion loss=0.000000, domain loss=0.671837, sentiment loss=0.000000, reg loss=0.000000, step=181600
Dev:   final loss=0.208259, aspect loss=0.208259, opinion loss=0.000000, sentiment loss=0.000000, reg loss=0.000000, step=181600
Dev:   aspect f1=0.3730, opinion f1=0.0000, sentiment acc==0.0000, sentiment f1==0.0000, ABSA f1==0.0000,
Test:  aspect f1=0.3730, opinion f1=0.0000, sentiment acc==0.0000, sentiment f1==0.0000, ABSA f1==0.0000,
Current Max Metrics Index : 15 Current Min Loss Index : 5 Epoch Time: 0m 15s Tau : 0.10

--------------------------------Mission Complete--------------------------------
Dev Max Metrics Index: 15
aspect f1=40.21, opinion f1=0.00, sentiment acc==0.00, sentiment f1==0.00, ABSA f1==0.00,
Dev Min Loss Index: 5
aspect f1=37.72, opinion f1=0.00, sentiment acc==0.00, sentiment f1==0.00, ABSA f1==0.00,
Running Time: 24m 24s
