> log file: ./log/restaurant-to-device/[SemBridge]-210519-172247.log
cuda memory allocated: 10108928
n_trainable_params: 1431975, n_nontrainable_params: 1094700
> training arguments:
>>> source: restaurant
>>> target: device
>>> use_unlabel: 1
>>> use_syntactic: 0
>>> use_semantic: 1
>>> split: 1
>>> local_bert_path: F:\NLP\BERT-BASE-UNCASED
>>> model_name: DECNN
>>> batch_size: 8
>>> learning_rate: 0.0001
>>> lr_decay: 1e-05
>>> num_epoch: 100
>>> emb_dim: 100
>>> dep_dim: 50
>>> pos_dim: 50
>>> hidden_dim: 256
>>> keep_prob: 0.5
>>> l2_reg: 1e-05
>>> beta: 0.1
>>> kernel_size: 5
>>> hop_num: 2
>>> class_num: 3
>>> cluster_num: 200
>>> cate_num: 20
>>> seed: 111
>>> log_step: 5
>>> dynamic_gate: 1
>>> valset_num: 0
>>> reuse_embedding: 1
>>> optimizer: <class 'torch.optim.adam.Adam'>
>>> initializer: <function uniform_ at 0x7f7857a9fc80>
>>> device: cuda:0
>>> ablation: None
>>> topk: 10
>>> name: [SemBridge]
>>> dataset_file: {'train': './data/restaurant/train1/', 'unlabel': './data/device/train1/', 'test': './data/device/test1/'}
>>> model_class: <class 'models.decnn_base.DECNN'>
>>> inputs_cols: ['sentence', 'mask', 'position', 'keep_prob']
>>> max_sentence_len: 110

-------------------------------------Iter0--------------------------------------
Train: final loss=0.834285, aspect loss=0.160280, opinion loss=0.000000, domain loss=0.671622, sentiment loss=0.000000, reg loss=0.000000, step=1816
Dev:   final loss=0.215140, aspect loss=0.215140, opinion loss=0.000000, sentiment loss=0.000000, reg loss=0.000000, step=1816
Dev:   aspect f1=0.3482, opinion f1=0.0000, sentiment acc==0.0000, sentiment f1==0.0000, ABSA f1==0.0000,
Test:  aspect f1=0.3482, opinion f1=0.0000, sentiment acc==0.0000, sentiment f1==0.0000, ABSA f1==0.0000,
Current Max Metrics Index : 0 Current Min Loss Index : 0 Epoch Time: 0m 15s Tau : 1.00
>> Checkpoint Saved: state_dict/restaurant-to-device/[SemBridge]-ATE-F1-0.3482.pth

-------------------------------------Iter1--------------------------------------
Train: final loss=0.777302, aspect loss=0.107307, opinion loss=0.000000, domain loss=0.668043, sentiment loss=0.000000, reg loss=0.000000, step=3632
Dev:   final loss=0.167838, aspect loss=0.167838, opinion loss=0.000000, sentiment loss=0.000000, reg loss=0.000000, step=3632
Dev:   aspect f1=0.3896, opinion f1=0.0000, sentiment acc==0.0000, sentiment f1==0.0000, ABSA f1==0.0000,
Test:  aspect f1=0.3896, opinion f1=0.0000, sentiment acc==0.0000, sentiment f1==0.0000, ABSA f1==0.0000,
Current Max Metrics Index : 1 Current Min Loss Index : 1 Epoch Time: 0m 15s Tau : 0.97
>> Checkpoint Saved: state_dict/restaurant-to-device/[SemBridge]-ATE-F1-0.3896.pth

-------------------------------------Iter2--------------------------------------
Train: final loss=0.766324, aspect loss=0.096683, opinion loss=0.000000, domain loss=0.666716, sentiment loss=0.000000, reg loss=0.000000, step=5448
Dev:   final loss=0.164808, aspect loss=0.164808, opinion loss=0.000000, sentiment loss=0.000000, reg loss=0.000000, step=5448
Dev:   aspect f1=0.4114, opinion f1=0.0000, sentiment acc==0.0000, sentiment f1==0.0000, ABSA f1==0.0000,
Test:  aspect f1=0.4114, opinion f1=0.0000, sentiment acc==0.0000, sentiment f1==0.0000, ABSA f1==0.0000,
Current Max Metrics Index : 2 Current Min Loss Index : 2 Epoch Time: 0m 14s Tau : 0.94
>> Checkpoint Saved: state_dict/restaurant-to-device/[SemBridge]-ATE-F1-0.4114.pth

-------------------------------------Iter3--------------------------------------
Train: final loss=0.760342, aspect loss=0.090856, opinion loss=0.000000, domain loss=0.666155, sentiment loss=0.000000, reg loss=0.000000, step=7264
Dev:   final loss=0.187003, aspect loss=0.187003, opinion loss=0.000000, sentiment loss=0.000000, reg loss=0.000000, step=7264
Dev:   aspect f1=0.4166, opinion f1=0.0000, sentiment acc==0.0000, sentiment f1==0.0000, ABSA f1==0.0000,
Test:  aspect f1=0.4166, opinion f1=0.0000, sentiment acc==0.0000, sentiment f1==0.0000, ABSA f1==0.0000,
Current Max Metrics Index : 3 Current Min Loss Index : 2 Epoch Time: 0m 14s Tau : 0.91
>> Checkpoint Saved: state_dict/restaurant-to-device/[SemBridge]-ATE-F1-0.4166.pth

-------------------------------------Iter4--------------------------------------
Train: final loss=0.755488, aspect loss=0.087662, opinion loss=0.000000, domain loss=0.665062, sentiment loss=0.000000, reg loss=0.000000, step=9080
Dev:   final loss=0.167463, aspect loss=0.167463, opinion loss=0.000000, sentiment loss=0.000000, reg loss=0.000000, step=9080
Dev:   aspect f1=0.4193, opinion f1=0.0000, sentiment acc==0.0000, sentiment f1==0.0000, ABSA f1==0.0000,
Test:  aspect f1=0.4193, opinion f1=0.0000, sentiment acc==0.0000, sentiment f1==0.0000, ABSA f1==0.0000,
Current Max Metrics Index : 4 Current Min Loss Index : 2 Epoch Time: 0m 14s Tau : 0.89
>> Checkpoint Saved: state_dict/restaurant-to-device/[SemBridge]-ATE-F1-0.4193.pth

-------------------------------------Iter5--------------------------------------
Train: final loss=0.754448, aspect loss=0.084782, opinion loss=0.000000, domain loss=0.667761, sentiment loss=0.000000, reg loss=0.000000, step=10896
Dev:   final loss=0.158041, aspect loss=0.158041, opinion loss=0.000000, sentiment loss=0.000000, reg loss=0.000000, step=10896
Dev:   aspect f1=0.4197, opinion f1=0.0000, sentiment acc==0.0000, sentiment f1==0.0000, ABSA f1==0.0000,
Test:  aspect f1=0.4197, opinion f1=0.0000, sentiment acc==0.0000, sentiment f1==0.0000, ABSA f1==0.0000,
Current Max Metrics Index : 5 Current Min Loss Index : 5 Epoch Time: 0m 14s Tau : 0.86
>> Checkpoint Saved: state_dict/restaurant-to-device/[SemBridge]-ATE-F1-0.4197.pth

-------------------------------------Iter6--------------------------------------
Train: final loss=0.750953, aspect loss=0.081390, opinion loss=0.000000, domain loss=0.667023, sentiment loss=0.000000, reg loss=0.000000, step=12712
Dev:   final loss=0.174502, aspect loss=0.174502, opinion loss=0.000000, sentiment loss=0.000000, reg loss=0.000000, step=12712
Dev:   aspect f1=0.4361, opinion f1=0.0000, sentiment acc==0.0000, sentiment f1==0.0000, ABSA f1==0.0000,
Test:  aspect f1=0.4361, opinion f1=0.0000, sentiment acc==0.0000, sentiment f1==0.0000, ABSA f1==0.0000,
Current Max Metrics Index : 6 Current Min Loss Index : 5 Epoch Time: 0m 14s Tau : 0.84
>> Checkpoint Saved: state_dict/restaurant-to-device/[SemBridge]-ATE-F1-0.4361.pth

-------------------------------------Iter7--------------------------------------
Train: final loss=0.748717, aspect loss=0.079777, opinion loss=0.000000, domain loss=0.667686, sentiment loss=0.000000, reg loss=0.000000, step=14528
Dev:   final loss=0.185650, aspect loss=0.185650, opinion loss=0.000000, sentiment loss=0.000000, reg loss=0.000000, step=14528
Dev:   aspect f1=0.4151, opinion f1=0.0000, sentiment acc==0.0000, sentiment f1==0.0000, ABSA f1==0.0000,
Test:  aspect f1=0.4151, opinion f1=0.0000, sentiment acc==0.0000, sentiment f1==0.0000, ABSA f1==0.0000,
Current Max Metrics Index : 6 Current Min Loss Index : 5 Epoch Time: 0m 14s Tau : 0.81

-------------------------------------Iter8--------------------------------------
Train: final loss=0.748958, aspect loss=0.077461, opinion loss=0.000000, domain loss=0.669189, sentiment loss=0.000000, reg loss=0.000000, step=16344
Dev:   final loss=0.179538, aspect loss=0.179538, opinion loss=0.000000, sentiment loss=0.000000, reg loss=0.000000, step=16344
Dev:   aspect f1=0.4334, opinion f1=0.0000, sentiment acc==0.0000, sentiment f1==0.0000, ABSA f1==0.0000,
Test:  aspect f1=0.4334, opinion f1=0.0000, sentiment acc==0.0000, sentiment f1==0.0000, ABSA f1==0.0000,
Current Max Metrics Index : 6 Current Min Loss Index : 5 Epoch Time: 0m 14s Tau : 0.79

-------------------------------------Iter9--------------------------------------
Train: final loss=0.747888, aspect loss=0.075116, opinion loss=0.000000, domain loss=0.670132, sentiment loss=0.000000, reg loss=0.000000, step=18160
Dev:   final loss=0.193457, aspect loss=0.193457, opinion loss=0.000000, sentiment loss=0.000000, reg loss=0.000000, step=18160
Dev:   aspect f1=0.4364, opinion f1=0.0000, sentiment acc==0.0000, sentiment f1==0.0000, ABSA f1==0.0000,
Test:  aspect f1=0.4364, opinion f1=0.0000, sentiment acc==0.0000, sentiment f1==0.0000, ABSA f1==0.0000,
Current Max Metrics Index : 9 Current Min Loss Index : 5 Epoch Time: 0m 14s Tau : 0.76
>> Checkpoint Saved: state_dict/restaurant-to-device/[SemBridge]-ATE-F1-0.4364.pth

-------------------------------------Iter10-------------------------------------
Train: final loss=0.747801, aspect loss=0.075036, opinion loss=0.000000, domain loss=0.669657, sentiment loss=0.000000, reg loss=0.000000, step=19976
Dev:   final loss=0.171637, aspect loss=0.171637, opinion loss=0.000000, sentiment loss=0.000000, reg loss=0.000000, step=19976
Dev:   aspect f1=0.4280, opinion f1=0.0000, sentiment acc==0.0000, sentiment f1==0.0000, ABSA f1==0.0000,
Test:  aspect f1=0.4280, opinion f1=0.0000, sentiment acc==0.0000, sentiment f1==0.0000, ABSA f1==0.0000,
Current Max Metrics Index : 9 Current Min Loss Index : 5 Epoch Time: 0m 14s Tau : 0.74

-------------------------------------Iter11-------------------------------------
Train: final loss=0.743970, aspect loss=0.071597, opinion loss=0.000000, domain loss=0.670069, sentiment loss=0.000000, reg loss=0.000000, step=21792
Dev:   final loss=0.195621, aspect loss=0.195621, opinion loss=0.000000, sentiment loss=0.000000, reg loss=0.000000, step=21792
Dev:   aspect f1=0.4368, opinion f1=0.0000, sentiment acc==0.0000, sentiment f1==0.0000, ABSA f1==0.0000,
Test:  aspect f1=0.4368, opinion f1=0.0000, sentiment acc==0.0000, sentiment f1==0.0000, ABSA f1==0.0000,
Current Max Metrics Index : 11 Current Min Loss Index : 5 Epoch Time: 0m 14s Tau : 0.72
>> Checkpoint Saved: state_dict/restaurant-to-device/[SemBridge]-ATE-F1-0.4368.pth

-------------------------------------Iter12-------------------------------------
Train: final loss=0.744705, aspect loss=0.071480, opinion loss=0.000000, domain loss=0.670464, sentiment loss=0.000000, reg loss=0.000000, step=23608
Dev:   final loss=0.185512, aspect loss=0.185512, opinion loss=0.000000, sentiment loss=0.000000, reg loss=0.000000, step=23608
Dev:   aspect f1=0.4341, opinion f1=0.0000, sentiment acc==0.0000, sentiment f1==0.0000, ABSA f1==0.0000,
Test:  aspect f1=0.4341, opinion f1=0.0000, sentiment acc==0.0000, sentiment f1==0.0000, ABSA f1==0.0000,
Current Max Metrics Index : 11 Current Min Loss Index : 5 Epoch Time: 0m 14s Tau : 0.70

-------------------------------------Iter13-------------------------------------
Train: final loss=0.742302, aspect loss=0.069007, opinion loss=0.000000, domain loss=0.670686, sentiment loss=0.000000, reg loss=0.000000, step=25424
Dev:   final loss=0.171396, aspect loss=0.171396, opinion loss=0.000000, sentiment loss=0.000000, reg loss=0.000000, step=25424
Dev:   aspect f1=0.4369, opinion f1=0.0000, sentiment acc==0.0000, sentiment f1==0.0000, ABSA f1==0.0000,
Test:  aspect f1=0.4369, opinion f1=0.0000, sentiment acc==0.0000, sentiment f1==0.0000, ABSA f1==0.0000,
Current Max Metrics Index : 13 Current Min Loss Index : 5 Epoch Time: 0m 14s Tau : 0.68
>> Checkpoint Saved: state_dict/restaurant-to-device/[SemBridge]-ATE-F1-0.4369.pth

-------------------------------------Iter14-------------------------------------
Train: final loss=0.742170, aspect loss=0.068380, opinion loss=0.000000, domain loss=0.670513, sentiment loss=0.000000, reg loss=0.000000, step=27240
Dev:   final loss=0.191699, aspect loss=0.191699, opinion loss=0.000000, sentiment loss=0.000000, reg loss=0.000000, step=27240
Dev:   aspect f1=0.4277, opinion f1=0.0000, sentiment acc==0.0000, sentiment f1==0.0000, ABSA f1==0.0000,
Test:  aspect f1=0.4277, opinion f1=0.0000, sentiment acc==0.0000, sentiment f1==0.0000, ABSA f1==0.0000,
Current Max Metrics Index : 13 Current Min Loss Index : 5 Epoch Time: 0m 14s Tau : 0.66

-------------------------------------Iter15-------------------------------------
Train: final loss=0.742212, aspect loss=0.068027, opinion loss=0.000000, domain loss=0.671654, sentiment loss=0.000000, reg loss=0.000000, step=29056
Dev:   final loss=0.195177, aspect loss=0.195177, opinion loss=0.000000, sentiment loss=0.000000, reg loss=0.000000, step=29056
Dev:   aspect f1=0.4283, opinion f1=0.0000, sentiment acc==0.0000, sentiment f1==0.0000, ABSA f1==0.0000,
Test:  aspect f1=0.4283, opinion f1=0.0000, sentiment acc==0.0000, sentiment f1==0.0000, ABSA f1==0.0000,
Current Max Metrics Index : 13 Current Min Loss Index : 5 Epoch Time: 0m 15s Tau : 0.64

-------------------------------------Iter16-------------------------------------
Train: final loss=0.739407, aspect loss=0.065597, opinion loss=0.000000, domain loss=0.671463, sentiment loss=0.000000, reg loss=0.000000, step=30872
Dev:   final loss=0.163726, aspect loss=0.163726, opinion loss=0.000000, sentiment loss=0.000000, reg loss=0.000000, step=30872
Dev:   aspect f1=0.4267, opinion f1=0.0000, sentiment acc==0.0000, sentiment f1==0.0000, ABSA f1==0.0000,
Test:  aspect f1=0.4267, opinion f1=0.0000, sentiment acc==0.0000, sentiment f1==0.0000, ABSA f1==0.0000,
Current Max Metrics Index : 13 Current Min Loss Index : 5 Epoch Time: 0m 15s Tau : 0.62

-------------------------------------Iter17-------------------------------------
Train: final loss=0.739092, aspect loss=0.065261, opinion loss=0.000000, domain loss=0.670867, sentiment loss=0.000000, reg loss=0.000000, step=32688
Dev:   final loss=0.176550, aspect loss=0.176550, opinion loss=0.000000, sentiment loss=0.000000, reg loss=0.000000, step=32688
Dev:   aspect f1=0.4353, opinion f1=0.0000, sentiment acc==0.0000, sentiment f1==0.0000, ABSA f1==0.0000,
Test:  aspect f1=0.4353, opinion f1=0.0000, sentiment acc==0.0000, sentiment f1==0.0000, ABSA f1==0.0000,
Current Max Metrics Index : 13 Current Min Loss Index : 5 Epoch Time: 0m 15s Tau : 0.60

-------------------------------------Iter18-------------------------------------
Train: final loss=0.737245, aspect loss=0.063646, opinion loss=0.000000, domain loss=0.670861, sentiment loss=0.000000, reg loss=0.000000, step=34504
Dev:   final loss=0.193644, aspect loss=0.193644, opinion loss=0.000000, sentiment loss=0.000000, reg loss=0.000000, step=34504
Dev:   aspect f1=0.4296, opinion f1=0.0000, sentiment acc==0.0000, sentiment f1==0.0000, ABSA f1==0.0000,
Test:  aspect f1=0.4296, opinion f1=0.0000, sentiment acc==0.0000, sentiment f1==0.0000, ABSA f1==0.0000,
Current Max Metrics Index : 13 Current Min Loss Index : 5 Epoch Time: 0m 15s Tau : 0.58

-------------------------------------Iter19-------------------------------------
Train: final loss=0.738668, aspect loss=0.063805, opinion loss=0.000000, domain loss=0.671663, sentiment loss=0.000000, reg loss=0.000000, step=36320
Dev:   final loss=0.178909, aspect loss=0.178909, opinion loss=0.000000, sentiment loss=0.000000, reg loss=0.000000, step=36320
Dev:   aspect f1=0.4414, opinion f1=0.0000, sentiment acc==0.0000, sentiment f1==0.0000, ABSA f1==0.0000,
Test:  aspect f1=0.4414, opinion f1=0.0000, sentiment acc==0.0000, sentiment f1==0.0000, ABSA f1==0.0000,
Current Max Metrics Index : 19 Current Min Loss Index : 5 Epoch Time: 0m 14s Tau : 0.57
>> Checkpoint Saved: state_dict/restaurant-to-device/[SemBridge]-ATE-F1-0.4414.pth

-------------------------------------Iter20-------------------------------------
Train: final loss=0.737547, aspect loss=0.063267, opinion loss=0.000000, domain loss=0.671591, sentiment loss=0.000000, reg loss=0.000000, step=38136
Dev:   final loss=0.196745, aspect loss=0.196745, opinion loss=0.000000, sentiment loss=0.000000, reg loss=0.000000, step=38136
Dev:   aspect f1=0.4291, opinion f1=0.0000, sentiment acc==0.0000, sentiment f1==0.0000, ABSA f1==0.0000,
Test:  aspect f1=0.4291, opinion f1=0.0000, sentiment acc==0.0000, sentiment f1==0.0000, ABSA f1==0.0000,
Current Max Metrics Index : 19 Current Min Loss Index : 5 Epoch Time: 0m 14s Tau : 0.55

-------------------------------------Iter21-------------------------------------
Train: final loss=0.735357, aspect loss=0.062566, opinion loss=0.000000, domain loss=0.671209, sentiment loss=0.000000, reg loss=0.000000, step=39952
Dev:   final loss=0.196601, aspect loss=0.196601, opinion loss=0.000000, sentiment loss=0.000000, reg loss=0.000000, step=39952
Dev:   aspect f1=0.4291, opinion f1=0.0000, sentiment acc==0.0000, sentiment f1==0.0000, ABSA f1==0.0000,
Test:  aspect f1=0.4291, opinion f1=0.0000, sentiment acc==0.0000, sentiment f1==0.0000, ABSA f1==0.0000,
Current Max Metrics Index : 19 Current Min Loss Index : 5 Epoch Time: 0m 11s Tau : 0.53

-------------------------------------Iter22-------------------------------------
Train: final loss=0.735274, aspect loss=0.061299, opinion loss=0.000000, domain loss=0.671323, sentiment loss=0.000000, reg loss=0.000000, step=41768
Dev:   final loss=0.189556, aspect loss=0.189556, opinion loss=0.000000, sentiment loss=0.000000, reg loss=0.000000, step=41768
Dev:   aspect f1=0.4301, opinion f1=0.0000, sentiment acc==0.0000, sentiment f1==0.0000, ABSA f1==0.0000,
Test:  aspect f1=0.4301, opinion f1=0.0000, sentiment acc==0.0000, sentiment f1==0.0000, ABSA f1==0.0000,
Current Max Metrics Index : 19 Current Min Loss Index : 5 Epoch Time: 0m 14s Tau : 0.52

-------------------------------------Iter23-------------------------------------
Train: final loss=0.733533, aspect loss=0.059702, opinion loss=0.000000, domain loss=0.671296, sentiment loss=0.000000, reg loss=0.000000, step=43584
Dev:   final loss=0.191575, aspect loss=0.191575, opinion loss=0.000000, sentiment loss=0.000000, reg loss=0.000000, step=43584
Dev:   aspect f1=0.4086, opinion f1=0.0000, sentiment acc==0.0000, sentiment f1==0.0000, ABSA f1==0.0000,
Test:  aspect f1=0.4086, opinion f1=0.0000, sentiment acc==0.0000, sentiment f1==0.0000, ABSA f1==0.0000,
Current Max Metrics Index : 19 Current Min Loss Index : 5 Epoch Time: 0m 15s Tau : 0.50

-------------------------------------Iter24-------------------------------------
Train: final loss=0.733274, aspect loss=0.059497, opinion loss=0.000000, domain loss=0.670935, sentiment loss=0.000000, reg loss=0.000000, step=45400
Dev:   final loss=0.207980, aspect loss=0.207980, opinion loss=0.000000, sentiment loss=0.000000, reg loss=0.000000, step=45400
Dev:   aspect f1=0.4139, opinion f1=0.0000, sentiment acc==0.0000, sentiment f1==0.0000, ABSA f1==0.0000,
Test:  aspect f1=0.4139, opinion f1=0.0000, sentiment acc==0.0000, sentiment f1==0.0000, ABSA f1==0.0000,
Current Max Metrics Index : 19 Current Min Loss Index : 5 Epoch Time: 0m 14s Tau : 0.49

-------------------------------------Iter25-------------------------------------
Train: final loss=0.733929, aspect loss=0.059347, opinion loss=0.000000, domain loss=0.671590, sentiment loss=0.000000, reg loss=0.000000, step=47216
Dev:   final loss=0.204311, aspect loss=0.204311, opinion loss=0.000000, sentiment loss=0.000000, reg loss=0.000000, step=47216
Dev:   aspect f1=0.4028, opinion f1=0.0000, sentiment acc==0.0000, sentiment f1==0.0000, ABSA f1==0.0000,
Test:  aspect f1=0.4028, opinion f1=0.0000, sentiment acc==0.0000, sentiment f1==0.0000, ABSA f1==0.0000,
Current Max Metrics Index : 19 Current Min Loss Index : 5 Epoch Time: 0m 14s Tau : 0.47

-------------------------------------Iter26-------------------------------------
Train: final loss=0.732472, aspect loss=0.058141, opinion loss=0.000000, domain loss=0.671333, sentiment loss=0.000000, reg loss=0.000000, step=49032
Dev:   final loss=0.187092, aspect loss=0.187092, opinion loss=0.000000, sentiment loss=0.000000, reg loss=0.000000, step=49032
Dev:   aspect f1=0.4256, opinion f1=0.0000, sentiment acc==0.0000, sentiment f1==0.0000, ABSA f1==0.0000,
Test:  aspect f1=0.4256, opinion f1=0.0000, sentiment acc==0.0000, sentiment f1==0.0000, ABSA f1==0.0000,
Current Max Metrics Index : 19 Current Min Loss Index : 5 Epoch Time: 0m 14s Tau : 0.46

-------------------------------------Iter27-------------------------------------
Train: final loss=0.731569, aspect loss=0.057991, opinion loss=0.000000, domain loss=0.671373, sentiment loss=0.000000, reg loss=0.000000, step=50848
Dev:   final loss=0.203656, aspect loss=0.203656, opinion loss=0.000000, sentiment loss=0.000000, reg loss=0.000000, step=50848
Dev:   aspect f1=0.4080, opinion f1=0.0000, sentiment acc==0.0000, sentiment f1==0.0000, ABSA f1==0.0000,
Test:  aspect f1=0.4080, opinion f1=0.0000, sentiment acc==0.0000, sentiment f1==0.0000, ABSA f1==0.0000,
Current Max Metrics Index : 19 Current Min Loss Index : 5 Epoch Time: 0m 14s Tau : 0.44

-------------------------------------Iter28-------------------------------------
Train: final loss=0.730129, aspect loss=0.056873, opinion loss=0.000000, domain loss=0.671101, sentiment loss=0.000000, reg loss=0.000000, step=52664
Dev:   final loss=0.213593, aspect loss=0.213593, opinion loss=0.000000, sentiment loss=0.000000, reg loss=0.000000, step=52664
Dev:   aspect f1=0.4088, opinion f1=0.0000, sentiment acc==0.0000, sentiment f1==0.0000, ABSA f1==0.0000,
Test:  aspect f1=0.4088, opinion f1=0.0000, sentiment acc==0.0000, sentiment f1==0.0000, ABSA f1==0.0000,
Current Max Metrics Index : 19 Current Min Loss Index : 5 Epoch Time: 0m 14s Tau : 0.43

-------------------------------------Iter29-------------------------------------
Train: final loss=0.730454, aspect loss=0.056257, opinion loss=0.000000, domain loss=0.671698, sentiment loss=0.000000, reg loss=0.000000, step=54480
Dev:   final loss=0.194047, aspect loss=0.194047, opinion loss=0.000000, sentiment loss=0.000000, reg loss=0.000000, step=54480
Dev:   aspect f1=0.4275, opinion f1=0.0000, sentiment acc==0.0000, sentiment f1==0.0000, ABSA f1==0.0000,
Test:  aspect f1=0.4275, opinion f1=0.0000, sentiment acc==0.0000, sentiment f1==0.0000, ABSA f1==0.0000,
Current Max Metrics Index : 19 Current Min Loss Index : 5 Epoch Time: 0m 14s Tau : 0.42

-------------------------------------Iter30-------------------------------------
Train: final loss=0.730000, aspect loss=0.055087, opinion loss=0.000000, domain loss=0.671611, sentiment loss=0.000000, reg loss=0.000000, step=56296
Dev:   final loss=0.190599, aspect loss=0.190599, opinion loss=0.000000, sentiment loss=0.000000, reg loss=0.000000, step=56296
Dev:   aspect f1=0.4332, opinion f1=0.0000, sentiment acc==0.0000, sentiment f1==0.0000, ABSA f1==0.0000,
Test:  aspect f1=0.4332, opinion f1=0.0000, sentiment acc==0.0000, sentiment f1==0.0000, ABSA f1==0.0000,
Current Max Metrics Index : 19 Current Min Loss Index : 5 Epoch Time: 0m 14s Tau : 0.41

-------------------------------------Iter31-------------------------------------
Train: final loss=0.729269, aspect loss=0.055471, opinion loss=0.000000, domain loss=0.671487, sentiment loss=0.000000, reg loss=0.000000, step=58112
Dev:   final loss=0.176416, aspect loss=0.176416, opinion loss=0.000000, sentiment loss=0.000000, reg loss=0.000000, step=58112
Dev:   aspect f1=0.4222, opinion f1=0.0000, sentiment acc==0.0000, sentiment f1==0.0000, ABSA f1==0.0000,
Test:  aspect f1=0.4222, opinion f1=0.0000, sentiment acc==0.0000, sentiment f1==0.0000, ABSA f1==0.0000,
Current Max Metrics Index : 19 Current Min Loss Index : 5 Epoch Time: 0m 14s Tau : 0.39

-------------------------------------Iter32-------------------------------------
Train: final loss=0.728314, aspect loss=0.054245, opinion loss=0.000000, domain loss=0.671435, sentiment loss=0.000000, reg loss=0.000000, step=59928
Dev:   final loss=0.204664, aspect loss=0.204664, opinion loss=0.000000, sentiment loss=0.000000, reg loss=0.000000, step=59928
Dev:   aspect f1=0.4212, opinion f1=0.0000, sentiment acc==0.0000, sentiment f1==0.0000, ABSA f1==0.0000,
Test:  aspect f1=0.4212, opinion f1=0.0000, sentiment acc==0.0000, sentiment f1==0.0000, ABSA f1==0.0000,
Current Max Metrics Index : 19 Current Min Loss Index : 5 Epoch Time: 0m 14s Tau : 0.38

-------------------------------------Iter33-------------------------------------
Train: final loss=0.728197, aspect loss=0.053481, opinion loss=0.000000, domain loss=0.671390, sentiment loss=0.000000, reg loss=0.000000, step=61744
Dev:   final loss=0.215686, aspect loss=0.215686, opinion loss=0.000000, sentiment loss=0.000000, reg loss=0.000000, step=61744
Dev:   aspect f1=0.4046, opinion f1=0.0000, sentiment acc==0.0000, sentiment f1==0.0000, ABSA f1==0.0000,
Test:  aspect f1=0.4046, opinion f1=0.0000, sentiment acc==0.0000, sentiment f1==0.0000, ABSA f1==0.0000,
Current Max Metrics Index : 19 Current Min Loss Index : 5 Epoch Time: 0m 14s Tau : 0.37

-------------------------------------Iter34-------------------------------------
Train: final loss=0.728087, aspect loss=0.053199, opinion loss=0.000000, domain loss=0.671635, sentiment loss=0.000000, reg loss=0.000000, step=63560
Dev:   final loss=0.191818, aspect loss=0.191818, opinion loss=0.000000, sentiment loss=0.000000, reg loss=0.000000, step=63560
Dev:   aspect f1=0.4151, opinion f1=0.0000, sentiment acc==0.0000, sentiment f1==0.0000, ABSA f1==0.0000,
Test:  aspect f1=0.4151, opinion f1=0.0000, sentiment acc==0.0000, sentiment f1==0.0000, ABSA f1==0.0000,
Current Max Metrics Index : 19 Current Min Loss Index : 5 Epoch Time: 0m 14s Tau : 0.36

-------------------------------------Iter35-------------------------------------
Train: final loss=0.726813, aspect loss=0.052407, opinion loss=0.000000, domain loss=0.671943, sentiment loss=0.000000, reg loss=0.000000, step=65376
Dev:   final loss=0.209598, aspect loss=0.209598, opinion loss=0.000000, sentiment loss=0.000000, reg loss=0.000000, step=65376
Dev:   aspect f1=0.4182, opinion f1=0.0000, sentiment acc==0.0000, sentiment f1==0.0000, ABSA f1==0.0000,
Test:  aspect f1=0.4182, opinion f1=0.0000, sentiment acc==0.0000, sentiment f1==0.0000, ABSA f1==0.0000,
Current Max Metrics Index : 19 Current Min Loss Index : 5 Epoch Time: 0m 14s Tau : 0.35

-------------------------------------Iter36-------------------------------------
Train: final loss=0.725810, aspect loss=0.052082, opinion loss=0.000000, domain loss=0.671439, sentiment loss=0.000000, reg loss=0.000000, step=67192
Dev:   final loss=0.215119, aspect loss=0.215119, opinion loss=0.000000, sentiment loss=0.000000, reg loss=0.000000, step=67192
Dev:   aspect f1=0.4124, opinion f1=0.0000, sentiment acc==0.0000, sentiment f1==0.0000, ABSA f1==0.0000,
Test:  aspect f1=0.4124, opinion f1=0.0000, sentiment acc==0.0000, sentiment f1==0.0000, ABSA f1==0.0000,
Current Max Metrics Index : 19 Current Min Loss Index : 5 Epoch Time: 0m 14s Tau : 0.34

-------------------------------------Iter37-------------------------------------
Train: final loss=0.725680, aspect loss=0.051353, opinion loss=0.000000, domain loss=0.671431, sentiment loss=0.000000, reg loss=0.000000, step=69008
Dev:   final loss=0.188961, aspect loss=0.188961, opinion loss=0.000000, sentiment loss=0.000000, reg loss=0.000000, step=69008
Dev:   aspect f1=0.4252, opinion f1=0.0000, sentiment acc==0.0000, sentiment f1==0.0000, ABSA f1==0.0000,
Test:  aspect f1=0.4252, opinion f1=0.0000, sentiment acc==0.0000, sentiment f1==0.0000, ABSA f1==0.0000,
Current Max Metrics Index : 19 Current Min Loss Index : 5 Epoch Time: 0m 14s Tau : 0.33

-------------------------------------Iter38-------------------------------------
Train: final loss=0.724806, aspect loss=0.050836, opinion loss=0.000000, domain loss=0.671397, sentiment loss=0.000000, reg loss=0.000000, step=70824
Dev:   final loss=0.206427, aspect loss=0.206427, opinion loss=0.000000, sentiment loss=0.000000, reg loss=0.000000, step=70824
Dev:   aspect f1=0.4188, opinion f1=0.0000, sentiment acc==0.0000, sentiment f1==0.0000, ABSA f1==0.0000,
Test:  aspect f1=0.4188, opinion f1=0.0000, sentiment acc==0.0000, sentiment f1==0.0000, ABSA f1==0.0000,
Current Max Metrics Index : 19 Current Min Loss Index : 5 Epoch Time: 0m 14s Tau : 0.32

-------------------------------------Iter39-------------------------------------
Train: final loss=0.724933, aspect loss=0.051090, opinion loss=0.000000, domain loss=0.671933, sentiment loss=0.000000, reg loss=0.000000, step=72640
Dev:   final loss=0.204347, aspect loss=0.204347, opinion loss=0.000000, sentiment loss=0.000000, reg loss=0.000000, step=72640
Dev:   aspect f1=0.4199, opinion f1=0.0000, sentiment acc==0.0000, sentiment f1==0.0000, ABSA f1==0.0000,
Test:  aspect f1=0.4199, opinion f1=0.0000, sentiment acc==0.0000, sentiment f1==0.0000, ABSA f1==0.0000,
Current Max Metrics Index : 19 Current Min Loss Index : 5 Epoch Time: 0m 14s Tau : 0.31

-------------------------------------Iter40-------------------------------------
Train: final loss=0.723152, aspect loss=0.049632, opinion loss=0.000000, domain loss=0.671255, sentiment loss=0.000000, reg loss=0.000000, step=74456
Dev:   final loss=0.249673, aspect loss=0.249673, opinion loss=0.000000, sentiment loss=0.000000, reg loss=0.000000, step=74456
Dev:   aspect f1=0.3891, opinion f1=0.0000, sentiment acc==0.0000, sentiment f1==0.0000, ABSA f1==0.0000,
Test:  aspect f1=0.3891, opinion f1=0.0000, sentiment acc==0.0000, sentiment f1==0.0000, ABSA f1==0.0000,
Current Max Metrics Index : 19 Current Min Loss Index : 5 Epoch Time: 0m 14s Tau : 0.30

-------------------------------------Iter41-------------------------------------
Train: final loss=0.722571, aspect loss=0.048814, opinion loss=0.000000, domain loss=0.670926, sentiment loss=0.000000, reg loss=0.000000, step=76272
Dev:   final loss=0.218586, aspect loss=0.218586, opinion loss=0.000000, sentiment loss=0.000000, reg loss=0.000000, step=76272
Dev:   aspect f1=0.4178, opinion f1=0.0000, sentiment acc==0.0000, sentiment f1==0.0000, ABSA f1==0.0000,
Test:  aspect f1=0.4178, opinion f1=0.0000, sentiment acc==0.0000, sentiment f1==0.0000, ABSA f1==0.0000,
Current Max Metrics Index : 19 Current Min Loss Index : 5 Epoch Time: 0m 14s Tau : 0.29

-------------------------------------Iter42-------------------------------------
Train: final loss=0.723328, aspect loss=0.049129, opinion loss=0.000000, domain loss=0.671611, sentiment loss=0.000000, reg loss=0.000000, step=78088
Dev:   final loss=0.206337, aspect loss=0.206337, opinion loss=0.000000, sentiment loss=0.000000, reg loss=0.000000, step=78088
Dev:   aspect f1=0.4167, opinion f1=0.0000, sentiment acc==0.0000, sentiment f1==0.0000, ABSA f1==0.0000,
Test:  aspect f1=0.4167, opinion f1=0.0000, sentiment acc==0.0000, sentiment f1==0.0000, ABSA f1==0.0000,
Current Max Metrics Index : 19 Current Min Loss Index : 5 Epoch Time: 0m 15s Tau : 0.28

-------------------------------------Iter43-------------------------------------
Train: final loss=0.721923, aspect loss=0.048025, opinion loss=0.000000, domain loss=0.671420, sentiment loss=0.000000, reg loss=0.000000, step=79904
Dev:   final loss=0.235548, aspect loss=0.235548, opinion loss=0.000000, sentiment loss=0.000000, reg loss=0.000000, step=79904
Dev:   aspect f1=0.4106, opinion f1=0.0000, sentiment acc==0.0000, sentiment f1==0.0000, ABSA f1==0.0000,
Test:  aspect f1=0.4106, opinion f1=0.0000, sentiment acc==0.0000, sentiment f1==0.0000, ABSA f1==0.0000,
Current Max Metrics Index : 19 Current Min Loss Index : 5 Epoch Time: 0m 14s Tau : 0.28

-------------------------------------Iter44-------------------------------------
Train: final loss=0.722296, aspect loss=0.048136, opinion loss=0.000000, domain loss=0.671425, sentiment loss=0.000000, reg loss=0.000000, step=81720
Dev:   final loss=0.203957, aspect loss=0.203957, opinion loss=0.000000, sentiment loss=0.000000, reg loss=0.000000, step=81720
Dev:   aspect f1=0.4151, opinion f1=0.0000, sentiment acc==0.0000, sentiment f1==0.0000, ABSA f1==0.0000,
Test:  aspect f1=0.4151, opinion f1=0.0000, sentiment acc==0.0000, sentiment f1==0.0000, ABSA f1==0.0000,
Current Max Metrics Index : 19 Current Min Loss Index : 5 Epoch Time: 0m 14s Tau : 0.27

-------------------------------------Iter45-------------------------------------
Train: final loss=0.721907, aspect loss=0.048325, opinion loss=0.000000, domain loss=0.670998, sentiment loss=0.000000, reg loss=0.000000, step=83536
Dev:   final loss=0.208275, aspect loss=0.208275, opinion loss=0.000000, sentiment loss=0.000000, reg loss=0.000000, step=83536
Dev:   aspect f1=0.4170, opinion f1=0.0000, sentiment acc==0.0000, sentiment f1==0.0000, ABSA f1==0.0000,
Test:  aspect f1=0.4170, opinion f1=0.0000, sentiment acc==0.0000, sentiment f1==0.0000, ABSA f1==0.0000,
Current Max Metrics Index : 19 Current Min Loss Index : 5 Epoch Time: 0m 14s Tau : 0.26

-------------------------------------Iter46-------------------------------------
Train: final loss=0.721017, aspect loss=0.047003, opinion loss=0.000000, domain loss=0.671020, sentiment loss=0.000000, reg loss=0.000000, step=85352
Dev:   final loss=0.206897, aspect loss=0.206897, opinion loss=0.000000, sentiment loss=0.000000, reg loss=0.000000, step=85352
Dev:   aspect f1=0.4115, opinion f1=0.0000, sentiment acc==0.0000, sentiment f1==0.0000, ABSA f1==0.0000,
Test:  aspect f1=0.4115, opinion f1=0.0000, sentiment acc==0.0000, sentiment f1==0.0000, ABSA f1==0.0000,
Current Max Metrics Index : 19 Current Min Loss Index : 5 Epoch Time: 0m 15s Tau : 0.25

-------------------------------------Iter47-------------------------------------
Train: final loss=0.721124, aspect loss=0.047586, opinion loss=0.000000, domain loss=0.671569, sentiment loss=0.000000, reg loss=0.000000, step=87168
Dev:   final loss=0.210150, aspect loss=0.210150, opinion loss=0.000000, sentiment loss=0.000000, reg loss=0.000000, step=87168
Dev:   aspect f1=0.4194, opinion f1=0.0000, sentiment acc==0.0000, sentiment f1==0.0000, ABSA f1==0.0000,
Test:  aspect f1=0.4194, opinion f1=0.0000, sentiment acc==0.0000, sentiment f1==0.0000, ABSA f1==0.0000,
Current Max Metrics Index : 19 Current Min Loss Index : 5 Epoch Time: 0m 15s Tau : 0.24

-------------------------------------Iter48-------------------------------------
Train: final loss=0.721437, aspect loss=0.046498, opinion loss=0.000000, domain loss=0.671799, sentiment loss=0.000000, reg loss=0.000000, step=88984
Dev:   final loss=0.211578, aspect loss=0.211578, opinion loss=0.000000, sentiment loss=0.000000, reg loss=0.000000, step=88984
Dev:   aspect f1=0.4086, opinion f1=0.0000, sentiment acc==0.0000, sentiment f1==0.0000, ABSA f1==0.0000,
Test:  aspect f1=0.4086, opinion f1=0.0000, sentiment acc==0.0000, sentiment f1==0.0000, ABSA f1==0.0000,
Current Max Metrics Index : 19 Current Min Loss Index : 5 Epoch Time: 0m 14s Tau : 0.24

-------------------------------------Iter49-------------------------------------
Train: final loss=0.721306, aspect loss=0.047527, opinion loss=0.000000, domain loss=0.671686, sentiment loss=0.000000, reg loss=0.000000, step=90800
Dev:   final loss=0.208403, aspect loss=0.208403, opinion loss=0.000000, sentiment loss=0.000000, reg loss=0.000000, step=90800
Dev:   aspect f1=0.4209, opinion f1=0.0000, sentiment acc==0.0000, sentiment f1==0.0000, ABSA f1==0.0000,
Test:  aspect f1=0.4209, opinion f1=0.0000, sentiment acc==0.0000, sentiment f1==0.0000, ABSA f1==0.0000,
Current Max Metrics Index : 19 Current Min Loss Index : 5 Epoch Time: 0m 14s Tau : 0.23

-------------------------------------Iter50-------------------------------------
Train: final loss=0.720162, aspect loss=0.045656, opinion loss=0.000000, domain loss=0.671751, sentiment loss=0.000000, reg loss=0.000000, step=92616
Dev:   final loss=0.228287, aspect loss=0.228287, opinion loss=0.000000, sentiment loss=0.000000, reg loss=0.000000, step=92616
Dev:   aspect f1=0.4102, opinion f1=0.0000, sentiment acc==0.0000, sentiment f1==0.0000, ABSA f1==0.0000,
Test:  aspect f1=0.4102, opinion f1=0.0000, sentiment acc==0.0000, sentiment f1==0.0000, ABSA f1==0.0000,
Current Max Metrics Index : 19 Current Min Loss Index : 5 Epoch Time: 0m 15s Tau : 0.22

-------------------------------------Iter51-------------------------------------
Train: final loss=0.720367, aspect loss=0.045822, opinion loss=0.000000, domain loss=0.671732, sentiment loss=0.000000, reg loss=0.000000, step=94432
Dev:   final loss=0.199204, aspect loss=0.199204, opinion loss=0.000000, sentiment loss=0.000000, reg loss=0.000000, step=94432
Dev:   aspect f1=0.4179, opinion f1=0.0000, sentiment acc==0.0000, sentiment f1==0.0000, ABSA f1==0.0000,
Test:  aspect f1=0.4179, opinion f1=0.0000, sentiment acc==0.0000, sentiment f1==0.0000, ABSA f1==0.0000,
Current Max Metrics Index : 19 Current Min Loss Index : 5 Epoch Time: 0m 14s Tau : 0.22

-------------------------------------Iter52-------------------------------------
Train: final loss=0.718944, aspect loss=0.044560, opinion loss=0.000000, domain loss=0.671602, sentiment loss=0.000000, reg loss=0.000000, step=96248
Dev:   final loss=0.231507, aspect loss=0.231507, opinion loss=0.000000, sentiment loss=0.000000, reg loss=0.000000, step=96248
Dev:   aspect f1=0.3976, opinion f1=0.0000, sentiment acc==0.0000, sentiment f1==0.0000, ABSA f1==0.0000,
Test:  aspect f1=0.3976, opinion f1=0.0000, sentiment acc==0.0000, sentiment f1==0.0000, ABSA f1==0.0000,
Current Max Metrics Index : 19 Current Min Loss Index : 5 Epoch Time: 0m 14s Tau : 0.21

-------------------------------------Iter53-------------------------------------
Train: final loss=0.719414, aspect loss=0.044865, opinion loss=0.000000, domain loss=0.671540, sentiment loss=0.000000, reg loss=0.000000, step=98064
Dev:   final loss=0.210912, aspect loss=0.210912, opinion loss=0.000000, sentiment loss=0.000000, reg loss=0.000000, step=98064
Dev:   aspect f1=0.4128, opinion f1=0.0000, sentiment acc==0.0000, sentiment f1==0.0000, ABSA f1==0.0000,
Test:  aspect f1=0.4128, opinion f1=0.0000, sentiment acc==0.0000, sentiment f1==0.0000, ABSA f1==0.0000,
Current Max Metrics Index : 19 Current Min Loss Index : 5 Epoch Time: 0m 14s Tau : 0.20

-------------------------------------Iter54-------------------------------------
Train: final loss=0.719225, aspect loss=0.044404, opinion loss=0.000000, domain loss=0.671678, sentiment loss=0.000000, reg loss=0.000000, step=99880
Dev:   final loss=0.236519, aspect loss=0.236519, opinion loss=0.000000, sentiment loss=0.000000, reg loss=0.000000, step=99880
Dev:   aspect f1=0.3946, opinion f1=0.0000, sentiment acc==0.0000, sentiment f1==0.0000, ABSA f1==0.0000,
Test:  aspect f1=0.3946, opinion f1=0.0000, sentiment acc==0.0000, sentiment f1==0.0000, ABSA f1==0.0000,
Current Max Metrics Index : 19 Current Min Loss Index : 5 Epoch Time: 0m 14s Tau : 0.20

-------------------------------------Iter55-------------------------------------
Train: final loss=0.719059, aspect loss=0.044651, opinion loss=0.000000, domain loss=0.671766, sentiment loss=0.000000, reg loss=0.000000, step=101696
Dev:   final loss=0.219100, aspect loss=0.219100, opinion loss=0.000000, sentiment loss=0.000000, reg loss=0.000000, step=101696
Dev:   aspect f1=0.4111, opinion f1=0.0000, sentiment acc==0.0000, sentiment f1==0.0000, ABSA f1==0.0000,
Test:  aspect f1=0.4111, opinion f1=0.0000, sentiment acc==0.0000, sentiment f1==0.0000, ABSA f1==0.0000,
Current Max Metrics Index : 19 Current Min Loss Index : 5 Epoch Time: 0m 14s Tau : 0.19

-------------------------------------Iter56-------------------------------------
Train: final loss=0.718652, aspect loss=0.043951, opinion loss=0.000000, domain loss=0.671539, sentiment loss=0.000000, reg loss=0.000000, step=103512
Dev:   final loss=0.211906, aspect loss=0.211906, opinion loss=0.000000, sentiment loss=0.000000, reg loss=0.000000, step=103512
Dev:   aspect f1=0.4141, opinion f1=0.0000, sentiment acc==0.0000, sentiment f1==0.0000, ABSA f1==0.0000,
Test:  aspect f1=0.4141, opinion f1=0.0000, sentiment acc==0.0000, sentiment f1==0.0000, ABSA f1==0.0000,
Current Max Metrics Index : 19 Current Min Loss Index : 5 Epoch Time: 0m 14s Tau : 0.19

-------------------------------------Iter57-------------------------------------
Train: final loss=0.718346, aspect loss=0.042994, opinion loss=0.000000, domain loss=0.671671, sentiment loss=0.000000, reg loss=0.000000, step=105328
Dev:   final loss=0.213730, aspect loss=0.213730, opinion loss=0.000000, sentiment loss=0.000000, reg loss=0.000000, step=105328
Dev:   aspect f1=0.4167, opinion f1=0.0000, sentiment acc==0.0000, sentiment f1==0.0000, ABSA f1==0.0000,
Test:  aspect f1=0.4167, opinion f1=0.0000, sentiment acc==0.0000, sentiment f1==0.0000, ABSA f1==0.0000,
Current Max Metrics Index : 19 Current Min Loss Index : 5 Epoch Time: 0m 14s Tau : 0.18

-------------------------------------Iter58-------------------------------------
Train: final loss=0.716658, aspect loss=0.042750, opinion loss=0.000000, domain loss=0.671869, sentiment loss=0.000000, reg loss=0.000000, step=107144
Dev:   final loss=0.199709, aspect loss=0.199709, opinion loss=0.000000, sentiment loss=0.000000, reg loss=0.000000, step=107144
Dev:   aspect f1=0.4208, opinion f1=0.0000, sentiment acc==0.0000, sentiment f1==0.0000, ABSA f1==0.0000,
Test:  aspect f1=0.4208, opinion f1=0.0000, sentiment acc==0.0000, sentiment f1==0.0000, ABSA f1==0.0000,
Current Max Metrics Index : 19 Current Min Loss Index : 5 Epoch Time: 0m 15s Tau : 0.18

-------------------------------------Iter59-------------------------------------
Train: final loss=0.717647, aspect loss=0.042869, opinion loss=0.000000, domain loss=0.671608, sentiment loss=0.000000, reg loss=0.000000, step=108960
Dev:   final loss=0.225596, aspect loss=0.225596, opinion loss=0.000000, sentiment loss=0.000000, reg loss=0.000000, step=108960
Dev:   aspect f1=0.4071, opinion f1=0.0000, sentiment acc==0.0000, sentiment f1==0.0000, ABSA f1==0.0000,
Test:  aspect f1=0.4071, opinion f1=0.0000, sentiment acc==0.0000, sentiment f1==0.0000, ABSA f1==0.0000,
Current Max Metrics Index : 19 Current Min Loss Index : 5 Epoch Time: 0m 14s Tau : 0.17

-------------------------------------Iter60-------------------------------------
Train: final loss=0.716863, aspect loss=0.042922, opinion loss=0.000000, domain loss=0.671785, sentiment loss=0.000000, reg loss=0.000000, step=110776
Dev:   final loss=0.192555, aspect loss=0.192555, opinion loss=0.000000, sentiment loss=0.000000, reg loss=0.000000, step=110776
Dev:   aspect f1=0.4085, opinion f1=0.0000, sentiment acc==0.0000, sentiment f1==0.0000, ABSA f1==0.0000,
Test:  aspect f1=0.4085, opinion f1=0.0000, sentiment acc==0.0000, sentiment f1==0.0000, ABSA f1==0.0000,
Current Max Metrics Index : 19 Current Min Loss Index : 5 Epoch Time: 0m 14s Tau : 0.17

-------------------------------------Iter61-------------------------------------
Train: final loss=0.716026, aspect loss=0.042477, opinion loss=0.000000, domain loss=0.671298, sentiment loss=0.000000, reg loss=0.000000, step=112592
Dev:   final loss=0.232840, aspect loss=0.232840, opinion loss=0.000000, sentiment loss=0.000000, reg loss=0.000000, step=112592
Dev:   aspect f1=0.4046, opinion f1=0.0000, sentiment acc==0.0000, sentiment f1==0.0000, ABSA f1==0.0000,
Test:  aspect f1=0.4046, opinion f1=0.0000, sentiment acc==0.0000, sentiment f1==0.0000, ABSA f1==0.0000,
Current Max Metrics Index : 19 Current Min Loss Index : 5 Epoch Time: 0m 15s Tau : 0.16

-------------------------------------Iter62-------------------------------------
Train: final loss=0.717661, aspect loss=0.041801, opinion loss=0.000000, domain loss=0.672361, sentiment loss=0.000000, reg loss=0.000000, step=114408
Dev:   final loss=0.199116, aspect loss=0.199116, opinion loss=0.000000, sentiment loss=0.000000, reg loss=0.000000, step=114408
Dev:   aspect f1=0.4157, opinion f1=0.0000, sentiment acc==0.0000, sentiment f1==0.0000, ABSA f1==0.0000,
Test:  aspect f1=0.4157, opinion f1=0.0000, sentiment acc==0.0000, sentiment f1==0.0000, ABSA f1==0.0000,
Current Max Metrics Index : 19 Current Min Loss Index : 5 Epoch Time: 0m 14s Tau : 0.16

-------------------------------------Iter63-------------------------------------
Train: final loss=0.716375, aspect loss=0.042292, opinion loss=0.000000, domain loss=0.671602, sentiment loss=0.000000, reg loss=0.000000, step=116224
Dev:   final loss=0.219181, aspect loss=0.219181, opinion loss=0.000000, sentiment loss=0.000000, reg loss=0.000000, step=116224
Dev:   aspect f1=0.4150, opinion f1=0.0000, sentiment acc==0.0000, sentiment f1==0.0000, ABSA f1==0.0000,
Test:  aspect f1=0.4150, opinion f1=0.0000, sentiment acc==0.0000, sentiment f1==0.0000, ABSA f1==0.0000,
Current Max Metrics Index : 19 Current Min Loss Index : 5 Epoch Time: 0m 14s Tau : 0.15

-------------------------------------Iter64-------------------------------------
Train: final loss=0.715285, aspect loss=0.040959, opinion loss=0.000000, domain loss=0.671604, sentiment loss=0.000000, reg loss=0.000000, step=118040
Dev:   final loss=0.200322, aspect loss=0.200322, opinion loss=0.000000, sentiment loss=0.000000, reg loss=0.000000, step=118040
Dev:   aspect f1=0.4153, opinion f1=0.0000, sentiment acc==0.0000, sentiment f1==0.0000, ABSA f1==0.0000,
Test:  aspect f1=0.4153, opinion f1=0.0000, sentiment acc==0.0000, sentiment f1==0.0000, ABSA f1==0.0000,
Current Max Metrics Index : 19 Current Min Loss Index : 5 Epoch Time: 0m 14s Tau : 0.15

-------------------------------------Iter65-------------------------------------
Train: final loss=0.717814, aspect loss=0.042472, opinion loss=0.000000, domain loss=0.671584, sentiment loss=0.000000, reg loss=0.000000, step=119856
Dev:   final loss=0.212663, aspect loss=0.212663, opinion loss=0.000000, sentiment loss=0.000000, reg loss=0.000000, step=119856
Dev:   aspect f1=0.4125, opinion f1=0.0000, sentiment acc==0.0000, sentiment f1==0.0000, ABSA f1==0.0000,
Test:  aspect f1=0.4125, opinion f1=0.0000, sentiment acc==0.0000, sentiment f1==0.0000, ABSA f1==0.0000,
Current Max Metrics Index : 19 Current Min Loss Index : 5 Epoch Time: 0m 14s Tau : 0.14

-------------------------------------Iter66-------------------------------------
Train: final loss=0.715369, aspect loss=0.041722, opinion loss=0.000000, domain loss=0.671424, sentiment loss=0.000000, reg loss=0.000000, step=121672
Dev:   final loss=0.219016, aspect loss=0.219016, opinion loss=0.000000, sentiment loss=0.000000, reg loss=0.000000, step=121672
Dev:   aspect f1=0.4085, opinion f1=0.0000, sentiment acc==0.0000, sentiment f1==0.0000, ABSA f1==0.0000,
Test:  aspect f1=0.4085, opinion f1=0.0000, sentiment acc==0.0000, sentiment f1==0.0000, ABSA f1==0.0000,
Current Max Metrics Index : 19 Current Min Loss Index : 5 Epoch Time: 0m 14s Tau : 0.14

-------------------------------------Iter67-------------------------------------
Train: final loss=0.715233, aspect loss=0.040632, opinion loss=0.000000, domain loss=0.671707, sentiment loss=0.000000, reg loss=0.000000, step=123488
Dev:   final loss=0.218880, aspect loss=0.218880, opinion loss=0.000000, sentiment loss=0.000000, reg loss=0.000000, step=123488
Dev:   aspect f1=0.4033, opinion f1=0.0000, sentiment acc==0.0000, sentiment f1==0.0000, ABSA f1==0.0000,
Test:  aspect f1=0.4033, opinion f1=0.0000, sentiment acc==0.0000, sentiment f1==0.0000, ABSA f1==0.0000,
Current Max Metrics Index : 19 Current Min Loss Index : 5 Epoch Time: 0m 15s Tau : 0.13

-------------------------------------Iter68-------------------------------------
Train: final loss=0.714274, aspect loss=0.040447, opinion loss=0.000000, domain loss=0.671592, sentiment loss=0.000000, reg loss=0.000000, step=125304
Dev:   final loss=0.222072, aspect loss=0.222072, opinion loss=0.000000, sentiment loss=0.000000, reg loss=0.000000, step=125304
Dev:   aspect f1=0.4174, opinion f1=0.0000, sentiment acc==0.0000, sentiment f1==0.0000, ABSA f1==0.0000,
Test:  aspect f1=0.4174, opinion f1=0.0000, sentiment acc==0.0000, sentiment f1==0.0000, ABSA f1==0.0000,
Current Max Metrics Index : 19 Current Min Loss Index : 5 Epoch Time: 0m 14s Tau : 0.13

-------------------------------------Iter69-------------------------------------
Train: final loss=0.713732, aspect loss=0.039454, opinion loss=0.000000, domain loss=0.671485, sentiment loss=0.000000, reg loss=0.000000, step=127120
Dev:   final loss=0.214276, aspect loss=0.214276, opinion loss=0.000000, sentiment loss=0.000000, reg loss=0.000000, step=127120
Dev:   aspect f1=0.4079, opinion f1=0.0000, sentiment acc==0.0000, sentiment f1==0.0000, ABSA f1==0.0000,
Test:  aspect f1=0.4079, opinion f1=0.0000, sentiment acc==0.0000, sentiment f1==0.0000, ABSA f1==0.0000,
Current Max Metrics Index : 19 Current Min Loss Index : 5 Epoch Time: 0m 14s Tau : 0.13

-------------------------------------Iter70-------------------------------------
Train: final loss=0.714210, aspect loss=0.040207, opinion loss=0.000000, domain loss=0.671556, sentiment loss=0.000000, reg loss=0.000000, step=128936
Dev:   final loss=0.222847, aspect loss=0.222847, opinion loss=0.000000, sentiment loss=0.000000, reg loss=0.000000, step=128936
Dev:   aspect f1=0.3998, opinion f1=0.0000, sentiment acc==0.0000, sentiment f1==0.0000, ABSA f1==0.0000,
Test:  aspect f1=0.3998, opinion f1=0.0000, sentiment acc==0.0000, sentiment f1==0.0000, ABSA f1==0.0000,
Current Max Metrics Index : 19 Current Min Loss Index : 5 Epoch Time: 0m 14s Tau : 0.12

-------------------------------------Iter71-------------------------------------
Train: final loss=0.714591, aspect loss=0.040037, opinion loss=0.000000, domain loss=0.671574, sentiment loss=0.000000, reg loss=0.000000, step=130752
Dev:   final loss=0.221377, aspect loss=0.221377, opinion loss=0.000000, sentiment loss=0.000000, reg loss=0.000000, step=130752
Dev:   aspect f1=0.4133, opinion f1=0.0000, sentiment acc==0.0000, sentiment f1==0.0000, ABSA f1==0.0000,
Test:  aspect f1=0.4133, opinion f1=0.0000, sentiment acc==0.0000, sentiment f1==0.0000, ABSA f1==0.0000,
Current Max Metrics Index : 19 Current Min Loss Index : 5 Epoch Time: 0m 14s Tau : 0.12

-------------------------------------Iter72-------------------------------------
Train: final loss=0.714724, aspect loss=0.039835, opinion loss=0.000000, domain loss=0.671715, sentiment loss=0.000000, reg loss=0.000000, step=132568
Dev:   final loss=0.199237, aspect loss=0.199237, opinion loss=0.000000, sentiment loss=0.000000, reg loss=0.000000, step=132568
Dev:   aspect f1=0.4221, opinion f1=0.0000, sentiment acc==0.0000, sentiment f1==0.0000, ABSA f1==0.0000,
Test:  aspect f1=0.4221, opinion f1=0.0000, sentiment acc==0.0000, sentiment f1==0.0000, ABSA f1==0.0000,
Current Max Metrics Index : 19 Current Min Loss Index : 5 Epoch Time: 0m 14s Tau : 0.12

-------------------------------------Iter73-------------------------------------
Train: final loss=0.712952, aspect loss=0.039299, opinion loss=0.000000, domain loss=0.671787, sentiment loss=0.000000, reg loss=0.000000, step=134384
Dev:   final loss=0.216459, aspect loss=0.216459, opinion loss=0.000000, sentiment loss=0.000000, reg loss=0.000000, step=134384
Dev:   aspect f1=0.4259, opinion f1=0.0000, sentiment acc==0.0000, sentiment f1==0.0000, ABSA f1==0.0000,
Test:  aspect f1=0.4259, opinion f1=0.0000, sentiment acc==0.0000, sentiment f1==0.0000, ABSA f1==0.0000,
Current Max Metrics Index : 19 Current Min Loss Index : 5 Epoch Time: 0m 15s Tau : 0.11

-------------------------------------Iter74-------------------------------------
Train: final loss=0.712998, aspect loss=0.038953, opinion loss=0.000000, domain loss=0.671696, sentiment loss=0.000000, reg loss=0.000000, step=136200
Dev:   final loss=0.212683, aspect loss=0.212683, opinion loss=0.000000, sentiment loss=0.000000, reg loss=0.000000, step=136200
Dev:   aspect f1=0.4237, opinion f1=0.0000, sentiment acc==0.0000, sentiment f1==0.0000, ABSA f1==0.0000,
Test:  aspect f1=0.4237, opinion f1=0.0000, sentiment acc==0.0000, sentiment f1==0.0000, ABSA f1==0.0000,
Current Max Metrics Index : 19 Current Min Loss Index : 5 Epoch Time: 0m 14s Tau : 0.11

-------------------------------------Iter75-------------------------------------
Train: final loss=0.713353, aspect loss=0.038991, opinion loss=0.000000, domain loss=0.671680, sentiment loss=0.000000, reg loss=0.000000, step=138016
Dev:   final loss=0.226516, aspect loss=0.226516, opinion loss=0.000000, sentiment loss=0.000000, reg loss=0.000000, step=138016
Dev:   aspect f1=0.4121, opinion f1=0.0000, sentiment acc==0.0000, sentiment f1==0.0000, ABSA f1==0.0000,
Test:  aspect f1=0.4121, opinion f1=0.0000, sentiment acc==0.0000, sentiment f1==0.0000, ABSA f1==0.0000,
Current Max Metrics Index : 19 Current Min Loss Index : 5 Epoch Time: 0m 14s Tau : 0.11

-------------------------------------Iter76-------------------------------------
Train: final loss=0.712313, aspect loss=0.038614, opinion loss=0.000000, domain loss=0.671484, sentiment loss=0.000000, reg loss=0.000000, step=139832
Dev:   final loss=0.228146, aspect loss=0.228146, opinion loss=0.000000, sentiment loss=0.000000, reg loss=0.000000, step=139832
Dev:   aspect f1=0.4047, opinion f1=0.0000, sentiment acc==0.0000, sentiment f1==0.0000, ABSA f1==0.0000,
Test:  aspect f1=0.4047, opinion f1=0.0000, sentiment acc==0.0000, sentiment f1==0.0000, ABSA f1==0.0000,
Current Max Metrics Index : 19 Current Min Loss Index : 5 Epoch Time: 0m 14s Tau : 0.10

-------------------------------------Iter77-------------------------------------
Train: final loss=0.713253, aspect loss=0.038576, opinion loss=0.000000, domain loss=0.671654, sentiment loss=0.000000, reg loss=0.000000, step=141648
Dev:   final loss=0.204303, aspect loss=0.204303, opinion loss=0.000000, sentiment loss=0.000000, reg loss=0.000000, step=141648
Dev:   aspect f1=0.4181, opinion f1=0.0000, sentiment acc==0.0000, sentiment f1==0.0000, ABSA f1==0.0000,
Test:  aspect f1=0.4181, opinion f1=0.0000, sentiment acc==0.0000, sentiment f1==0.0000, ABSA f1==0.0000,
Current Max Metrics Index : 19 Current Min Loss Index : 5 Epoch Time: 0m 14s Tau : 0.10

-------------------------------------Iter78-------------------------------------
Train: final loss=0.713053, aspect loss=0.038480, opinion loss=0.000000, domain loss=0.671771, sentiment loss=0.000000, reg loss=0.000000, step=143464
Dev:   final loss=0.239425, aspect loss=0.239425, opinion loss=0.000000, sentiment loss=0.000000, reg loss=0.000000, step=143464
Dev:   aspect f1=0.4016, opinion f1=0.0000, sentiment acc==0.0000, sentiment f1==0.0000, ABSA f1==0.0000,
Test:  aspect f1=0.4016, opinion f1=0.0000, sentiment acc==0.0000, sentiment f1==0.0000, ABSA f1==0.0000,
Current Max Metrics Index : 19 Current Min Loss Index : 5 Epoch Time: 0m 14s Tau : 0.10

-------------------------------------Iter79-------------------------------------
Train: final loss=0.712007, aspect loss=0.038602, opinion loss=0.000000, domain loss=0.671118, sentiment loss=0.000000, reg loss=0.000000, step=145280
Dev:   final loss=0.217842, aspect loss=0.217842, opinion loss=0.000000, sentiment loss=0.000000, reg loss=0.000000, step=145280
Dev:   aspect f1=0.4062, opinion f1=0.0000, sentiment acc==0.0000, sentiment f1==0.0000, ABSA f1==0.0000,
Test:  aspect f1=0.4062, opinion f1=0.0000, sentiment acc==0.0000, sentiment f1==0.0000, ABSA f1==0.0000,
Current Max Metrics Index : 19 Current Min Loss Index : 5 Epoch Time: 0m 15s Tau : 0.10

-------------------------------------Iter80-------------------------------------
Train: final loss=0.711703, aspect loss=0.038576, opinion loss=0.000000, domain loss=0.671446, sentiment loss=0.000000, reg loss=0.000000, step=147096
Dev:   final loss=0.246372, aspect loss=0.246372, opinion loss=0.000000, sentiment loss=0.000000, reg loss=0.000000, step=147096
Dev:   aspect f1=0.4064, opinion f1=0.0000, sentiment acc==0.0000, sentiment f1==0.0000, ABSA f1==0.0000,
Test:  aspect f1=0.4064, opinion f1=0.0000, sentiment acc==0.0000, sentiment f1==0.0000, ABSA f1==0.0000,
Current Max Metrics Index : 19 Current Min Loss Index : 5 Epoch Time: 0m 15s Tau : 0.10

-------------------------------------Iter81-------------------------------------
Train: final loss=0.711003, aspect loss=0.037166, opinion loss=0.000000, domain loss=0.671382, sentiment loss=0.000000, reg loss=0.000000, step=148912
Dev:   final loss=0.218138, aspect loss=0.218138, opinion loss=0.000000, sentiment loss=0.000000, reg loss=0.000000, step=148912
Dev:   aspect f1=0.4097, opinion f1=0.0000, sentiment acc==0.0000, sentiment f1==0.0000, ABSA f1==0.0000,
Test:  aspect f1=0.4097, opinion f1=0.0000, sentiment acc==0.0000, sentiment f1==0.0000, ABSA f1==0.0000,
Current Max Metrics Index : 19 Current Min Loss Index : 5 Epoch Time: 0m 15s Tau : 0.10

-------------------------------------Iter82-------------------------------------
Train: final loss=0.712128, aspect loss=0.037974, opinion loss=0.000000, domain loss=0.671491, sentiment loss=0.000000, reg loss=0.000000, step=150728
Dev:   final loss=0.217408, aspect loss=0.217408, opinion loss=0.000000, sentiment loss=0.000000, reg loss=0.000000, step=150728
Dev:   aspect f1=0.4232, opinion f1=0.0000, sentiment acc==0.0000, sentiment f1==0.0000, ABSA f1==0.0000,
Test:  aspect f1=0.4232, opinion f1=0.0000, sentiment acc==0.0000, sentiment f1==0.0000, ABSA f1==0.0000,
Current Max Metrics Index : 19 Current Min Loss Index : 5 Epoch Time: 0m 15s Tau : 0.10

-------------------------------------Iter83-------------------------------------
Train: final loss=0.711556, aspect loss=0.036894, opinion loss=0.000000, domain loss=0.671666, sentiment loss=0.000000, reg loss=0.000000, step=152544
Dev:   final loss=0.208789, aspect loss=0.208789, opinion loss=0.000000, sentiment loss=0.000000, reg loss=0.000000, step=152544
Dev:   aspect f1=0.4093, opinion f1=0.0000, sentiment acc==0.0000, sentiment f1==0.0000, ABSA f1==0.0000,
Test:  aspect f1=0.4093, opinion f1=0.0000, sentiment acc==0.0000, sentiment f1==0.0000, ABSA f1==0.0000,
Current Max Metrics Index : 19 Current Min Loss Index : 5 Epoch Time: 0m 15s Tau : 0.10

-------------------------------------Iter84-------------------------------------
Train: final loss=0.711257, aspect loss=0.037376, opinion loss=0.000000, domain loss=0.671686, sentiment loss=0.000000, reg loss=0.000000, step=154360
Dev:   final loss=0.242946, aspect loss=0.242946, opinion loss=0.000000, sentiment loss=0.000000, reg loss=0.000000, step=154360
Dev:   aspect f1=0.3957, opinion f1=0.0000, sentiment acc==0.0000, sentiment f1==0.0000, ABSA f1==0.0000,
Test:  aspect f1=0.3957, opinion f1=0.0000, sentiment acc==0.0000, sentiment f1==0.0000, ABSA f1==0.0000,
Current Max Metrics Index : 19 Current Min Loss Index : 5 Epoch Time: 0m 15s Tau : 0.10

-------------------------------------Iter85-------------------------------------
Train: final loss=0.711308, aspect loss=0.037048, opinion loss=0.000000, domain loss=0.671528, sentiment loss=0.000000, reg loss=0.000000, step=156176
Dev:   final loss=0.209815, aspect loss=0.209815, opinion loss=0.000000, sentiment loss=0.000000, reg loss=0.000000, step=156176
Dev:   aspect f1=0.4031, opinion f1=0.0000, sentiment acc==0.0000, sentiment f1==0.0000, ABSA f1==0.0000,
Test:  aspect f1=0.4031, opinion f1=0.0000, sentiment acc==0.0000, sentiment f1==0.0000, ABSA f1==0.0000,
Current Max Metrics Index : 19 Current Min Loss Index : 5 Epoch Time: 0m 15s Tau : 0.10

-------------------------------------Iter86-------------------------------------
Train: final loss=0.710828, aspect loss=0.037175, opinion loss=0.000000, domain loss=0.671329, sentiment loss=0.000000, reg loss=0.000000, step=157992
Dev:   final loss=0.216660, aspect loss=0.216660, opinion loss=0.000000, sentiment loss=0.000000, reg loss=0.000000, step=157992
Dev:   aspect f1=0.4113, opinion f1=0.0000, sentiment acc==0.0000, sentiment f1==0.0000, ABSA f1==0.0000,
Test:  aspect f1=0.4113, opinion f1=0.0000, sentiment acc==0.0000, sentiment f1==0.0000, ABSA f1==0.0000,
Current Max Metrics Index : 19 Current Min Loss Index : 5 Epoch Time: 0m 15s Tau : 0.10

-------------------------------------Iter87-------------------------------------
Train: final loss=0.711732, aspect loss=0.036711, opinion loss=0.000000, domain loss=0.672182, sentiment loss=0.000000, reg loss=0.000000, step=159808
Dev:   final loss=0.224013, aspect loss=0.224013, opinion loss=0.000000, sentiment loss=0.000000, reg loss=0.000000, step=159808
Dev:   aspect f1=0.4174, opinion f1=0.0000, sentiment acc==0.0000, sentiment f1==0.0000, ABSA f1==0.0000,
Test:  aspect f1=0.4174, opinion f1=0.0000, sentiment acc==0.0000, sentiment f1==0.0000, ABSA f1==0.0000,
Current Max Metrics Index : 19 Current Min Loss Index : 5 Epoch Time: 0m 15s Tau : 0.10

-------------------------------------Iter88-------------------------------------
Train: final loss=0.711990, aspect loss=0.037660, opinion loss=0.000000, domain loss=0.671600, sentiment loss=0.000000, reg loss=0.000000, step=161624
Dev:   final loss=0.233166, aspect loss=0.233166, opinion loss=0.000000, sentiment loss=0.000000, reg loss=0.000000, step=161624
Dev:   aspect f1=0.4138, opinion f1=0.0000, sentiment acc==0.0000, sentiment f1==0.0000, ABSA f1==0.0000,
Test:  aspect f1=0.4138, opinion f1=0.0000, sentiment acc==0.0000, sentiment f1==0.0000, ABSA f1==0.0000,
Current Max Metrics Index : 19 Current Min Loss Index : 5 Epoch Time: 0m 15s Tau : 0.10

-------------------------------------Iter89-------------------------------------
Train: final loss=0.710528, aspect loss=0.037116, opinion loss=0.000000, domain loss=0.671173, sentiment loss=0.000000, reg loss=0.000000, step=163440
Dev:   final loss=0.220361, aspect loss=0.220361, opinion loss=0.000000, sentiment loss=0.000000, reg loss=0.000000, step=163440
Dev:   aspect f1=0.4134, opinion f1=0.0000, sentiment acc==0.0000, sentiment f1==0.0000, ABSA f1==0.0000,
Test:  aspect f1=0.4134, opinion f1=0.0000, sentiment acc==0.0000, sentiment f1==0.0000, ABSA f1==0.0000,
Current Max Metrics Index : 19 Current Min Loss Index : 5 Epoch Time: 0m 15s Tau : 0.10

-------------------------------------Iter90-------------------------------------
Train: final loss=0.711105, aspect loss=0.036792, opinion loss=0.000000, domain loss=0.671586, sentiment loss=0.000000, reg loss=0.000000, step=165256
Dev:   final loss=0.211630, aspect loss=0.211630, opinion loss=0.000000, sentiment loss=0.000000, reg loss=0.000000, step=165256
Dev:   aspect f1=0.4215, opinion f1=0.0000, sentiment acc==0.0000, sentiment f1==0.0000, ABSA f1==0.0000,
Test:  aspect f1=0.4215, opinion f1=0.0000, sentiment acc==0.0000, sentiment f1==0.0000, ABSA f1==0.0000,
Current Max Metrics Index : 19 Current Min Loss Index : 5 Epoch Time: 0m 15s Tau : 0.10

-------------------------------------Iter91-------------------------------------
Train: final loss=0.709885, aspect loss=0.035528, opinion loss=0.000000, domain loss=0.671861, sentiment loss=0.000000, reg loss=0.000000, step=167072
Dev:   final loss=0.240996, aspect loss=0.240996, opinion loss=0.000000, sentiment loss=0.000000, reg loss=0.000000, step=167072
Dev:   aspect f1=0.4057, opinion f1=0.0000, sentiment acc==0.0000, sentiment f1==0.0000, ABSA f1==0.0000,
Test:  aspect f1=0.4057, opinion f1=0.0000, sentiment acc==0.0000, sentiment f1==0.0000, ABSA f1==0.0000,
Current Max Metrics Index : 19 Current Min Loss Index : 5 Epoch Time: 0m 15s Tau : 0.10

-------------------------------------Iter92-------------------------------------
Train: final loss=0.711412, aspect loss=0.036782, opinion loss=0.000000, domain loss=0.671670, sentiment loss=0.000000, reg loss=0.000000, step=168888
Dev:   final loss=0.229392, aspect loss=0.229392, opinion loss=0.000000, sentiment loss=0.000000, reg loss=0.000000, step=168888
Dev:   aspect f1=0.4105, opinion f1=0.0000, sentiment acc==0.0000, sentiment f1==0.0000, ABSA f1==0.0000,
Test:  aspect f1=0.4105, opinion f1=0.0000, sentiment acc==0.0000, sentiment f1==0.0000, ABSA f1==0.0000,
Current Max Metrics Index : 19 Current Min Loss Index : 5 Epoch Time: 0m 15s Tau : 0.10

-------------------------------------Iter93-------------------------------------
Train: final loss=0.709580, aspect loss=0.034962, opinion loss=0.000000, domain loss=0.671440, sentiment loss=0.000000, reg loss=0.000000, step=170704
Dev:   final loss=0.230049, aspect loss=0.230049, opinion loss=0.000000, sentiment loss=0.000000, reg loss=0.000000, step=170704
Dev:   aspect f1=0.3971, opinion f1=0.0000, sentiment acc==0.0000, sentiment f1==0.0000, ABSA f1==0.0000,
Test:  aspect f1=0.3971, opinion f1=0.0000, sentiment acc==0.0000, sentiment f1==0.0000, ABSA f1==0.0000,
Current Max Metrics Index : 19 Current Min Loss Index : 5 Epoch Time: 0m 15s Tau : 0.10

-------------------------------------Iter94-------------------------------------
Train: final loss=0.710020, aspect loss=0.036079, opinion loss=0.000000, domain loss=0.671618, sentiment loss=0.000000, reg loss=0.000000, step=172520
Dev:   final loss=0.227936, aspect loss=0.227936, opinion loss=0.000000, sentiment loss=0.000000, reg loss=0.000000, step=172520
Dev:   aspect f1=0.4120, opinion f1=0.0000, sentiment acc==0.0000, sentiment f1==0.0000, ABSA f1==0.0000,
Test:  aspect f1=0.4120, opinion f1=0.0000, sentiment acc==0.0000, sentiment f1==0.0000, ABSA f1==0.0000,
Current Max Metrics Index : 19 Current Min Loss Index : 5 Epoch Time: 0m 15s Tau : 0.10

-------------------------------------Iter95-------------------------------------
Train: final loss=0.709216, aspect loss=0.035577, opinion loss=0.000000, domain loss=0.671633, sentiment loss=0.000000, reg loss=0.000000, step=174336
Dev:   final loss=0.238344, aspect loss=0.238344, opinion loss=0.000000, sentiment loss=0.000000, reg loss=0.000000, step=174336
Dev:   aspect f1=0.4063, opinion f1=0.0000, sentiment acc==0.0000, sentiment f1==0.0000, ABSA f1==0.0000,
Test:  aspect f1=0.4063, opinion f1=0.0000, sentiment acc==0.0000, sentiment f1==0.0000, ABSA f1==0.0000,
Current Max Metrics Index : 19 Current Min Loss Index : 5 Epoch Time: 0m 15s Tau : 0.10

-------------------------------------Iter96-------------------------------------
Train: final loss=0.709358, aspect loss=0.035162, opinion loss=0.000000, domain loss=0.671534, sentiment loss=0.000000, reg loss=0.000000, step=176152
Dev:   final loss=0.225900, aspect loss=0.225900, opinion loss=0.000000, sentiment loss=0.000000, reg loss=0.000000, step=176152
Dev:   aspect f1=0.4255, opinion f1=0.0000, sentiment acc==0.0000, sentiment f1==0.0000, ABSA f1==0.0000,
Test:  aspect f1=0.4255, opinion f1=0.0000, sentiment acc==0.0000, sentiment f1==0.0000, ABSA f1==0.0000,
Current Max Metrics Index : 19 Current Min Loss Index : 5 Epoch Time: 0m 15s Tau : 0.10

-------------------------------------Iter97-------------------------------------
Train: final loss=0.709805, aspect loss=0.035396, opinion loss=0.000000, domain loss=0.671805, sentiment loss=0.000000, reg loss=0.000000, step=177968
Dev:   final loss=0.222622, aspect loss=0.222622, opinion loss=0.000000, sentiment loss=0.000000, reg loss=0.000000, step=177968
Dev:   aspect f1=0.4190, opinion f1=0.0000, sentiment acc==0.0000, sentiment f1==0.0000, ABSA f1==0.0000,
Test:  aspect f1=0.4190, opinion f1=0.0000, sentiment acc==0.0000, sentiment f1==0.0000, ABSA f1==0.0000,
Current Max Metrics Index : 19 Current Min Loss Index : 5 Epoch Time: 0m 15s Tau : 0.10

-------------------------------------Iter98-------------------------------------
Train: final loss=0.709614, aspect loss=0.035970, opinion loss=0.000000, domain loss=0.670702, sentiment loss=0.000000, reg loss=0.000000, step=179784
Dev:   final loss=0.213548, aspect loss=0.213548, opinion loss=0.000000, sentiment loss=0.000000, reg loss=0.000000, step=179784
Dev:   aspect f1=0.4203, opinion f1=0.0000, sentiment acc==0.0000, sentiment f1==0.0000, ABSA f1==0.0000,
Test:  aspect f1=0.4203, opinion f1=0.0000, sentiment acc==0.0000, sentiment f1==0.0000, ABSA f1==0.0000,
Current Max Metrics Index : 19 Current Min Loss Index : 5 Epoch Time: 0m 15s Tau : 0.10

-------------------------------------Iter99-------------------------------------
Train: final loss=0.709269, aspect loss=0.035749, opinion loss=0.000000, domain loss=0.671879, sentiment loss=0.000000, reg loss=0.000000, step=181600
Dev:   final loss=0.214908, aspect loss=0.214908, opinion loss=0.000000, sentiment loss=0.000000, reg loss=0.000000, step=181600
Dev:   aspect f1=0.4211, opinion f1=0.0000, sentiment acc==0.0000, sentiment f1==0.0000, ABSA f1==0.0000,
Test:  aspect f1=0.4211, opinion f1=0.0000, sentiment acc==0.0000, sentiment f1==0.0000, ABSA f1==0.0000,
Current Max Metrics Index : 19 Current Min Loss Index : 5 Epoch Time: 0m 15s Tau : 0.10

--------------------------------Mission Complete--------------------------------
Dev Max Metrics Index: 19
aspect f1=44.14, opinion f1=0.00, sentiment acc==0.00, sentiment f1==0.00, ABSA f1==0.00,
Dev Min Loss Index: 5
aspect f1=41.97, opinion f1=0.00, sentiment acc==0.00, sentiment f1==0.00, ABSA f1==0.00,
Running Time: 24m 13s
