> log file: ./log/restaurant-to-device/[SemBridge]-210519-193118.log
cuda memory allocated: 10108928
n_trainable_params: 1431975, n_nontrainable_params: 1094700
> training arguments:
>>> source: restaurant
>>> target: device
>>> use_unlabel: 1
>>> use_syntactic: 0
>>> use_semantic: 1
>>> split: 2
>>> local_bert_path: F:\NLP\BERT-BASE-UNCASED
>>> model_name: DECNN
>>> batch_size: 8
>>> learning_rate: 0.0001
>>> lr_decay: 1e-05
>>> num_epoch: 100
>>> emb_dim: 100
>>> dep_dim: 50
>>> pos_dim: 50
>>> hidden_dim: 256
>>> keep_prob: 0.5
>>> l2_reg: 1e-05
>>> beta: 0.1
>>> kernel_size: 5
>>> hop_num: 2
>>> class_num: 3
>>> cluster_num: 200
>>> cate_num: 20
>>> seed: 111
>>> log_step: 5
>>> dynamic_gate: 1
>>> valset_num: 0
>>> reuse_embedding: 1
>>> optimizer: <class 'torch.optim.adam.Adam'>
>>> initializer: <function uniform_ at 0x7f691f7c4c80>
>>> device: cuda:0
>>> ablation: None
>>> topk: 10
>>> name: [SemBridge]
>>> dataset_file: {'train': './data/restaurant/train2/', 'unlabel': './data/device/train2/', 'test': './data/device/test2/'}
>>> model_class: <class 'models.decnn_base.DECNN'>
>>> inputs_cols: ['sentence', 'mask', 'position', 'keep_prob']
>>> max_sentence_len: 110

-------------------------------------Iter0--------------------------------------
Train: final loss=0.840789, aspect loss=0.164775, opinion loss=0.000000, domain loss=0.673371, sentiment loss=0.000000, reg loss=0.000000, step=1816
Dev:   final loss=0.204453, aspect loss=0.204453, opinion loss=0.000000, sentiment loss=0.000000, reg loss=0.000000, step=1816
Dev:   aspect f1=0.3236, opinion f1=0.0000, sentiment acc==0.0000, sentiment f1==0.0000, ABSA f1==0.0000,
Test:  aspect f1=0.3236, opinion f1=0.0000, sentiment acc==0.0000, sentiment f1==0.0000, ABSA f1==0.0000,
Current Max Metrics Index : 0 Current Min Loss Index : 0 Epoch Time: 0m 14s Tau : 1.00
>> Checkpoint Saved: state_dict/restaurant-to-device/[SemBridge]-ATE-F1-0.3236.pth

-------------------------------------Iter1--------------------------------------
Train: final loss=0.780925, aspect loss=0.109178, opinion loss=0.000000, domain loss=0.669072, sentiment loss=0.000000, reg loss=0.000000, step=3632
Dev:   final loss=0.198021, aspect loss=0.198021, opinion loss=0.000000, sentiment loss=0.000000, reg loss=0.000000, step=3632
Dev:   aspect f1=0.3367, opinion f1=0.0000, sentiment acc==0.0000, sentiment f1==0.0000, ABSA f1==0.0000,
Test:  aspect f1=0.3367, opinion f1=0.0000, sentiment acc==0.0000, sentiment f1==0.0000, ABSA f1==0.0000,
Current Max Metrics Index : 1 Current Min Loss Index : 1 Epoch Time: 0m 14s Tau : 0.97
>> Checkpoint Saved: state_dict/restaurant-to-device/[SemBridge]-ATE-F1-0.3367.pth

-------------------------------------Iter2--------------------------------------
Train: final loss=0.767785, aspect loss=0.097979, opinion loss=0.000000, domain loss=0.667220, sentiment loss=0.000000, reg loss=0.000000, step=5448
Dev:   final loss=0.183677, aspect loss=0.183677, opinion loss=0.000000, sentiment loss=0.000000, reg loss=0.000000, step=5448
Dev:   aspect f1=0.3752, opinion f1=0.0000, sentiment acc==0.0000, sentiment f1==0.0000, ABSA f1==0.0000,
Test:  aspect f1=0.3752, opinion f1=0.0000, sentiment acc==0.0000, sentiment f1==0.0000, ABSA f1==0.0000,
Current Max Metrics Index : 2 Current Min Loss Index : 2 Epoch Time: 0m 14s Tau : 0.94
>> Checkpoint Saved: state_dict/restaurant-to-device/[SemBridge]-ATE-F1-0.3752.pth

-------------------------------------Iter3--------------------------------------
Train: final loss=0.760992, aspect loss=0.091935, opinion loss=0.000000, domain loss=0.666753, sentiment loss=0.000000, reg loss=0.000000, step=7264
Dev:   final loss=0.192602, aspect loss=0.192602, opinion loss=0.000000, sentiment loss=0.000000, reg loss=0.000000, step=7264
Dev:   aspect f1=0.3786, opinion f1=0.0000, sentiment acc==0.0000, sentiment f1==0.0000, ABSA f1==0.0000,
Test:  aspect f1=0.3786, opinion f1=0.0000, sentiment acc==0.0000, sentiment f1==0.0000, ABSA f1==0.0000,
Current Max Metrics Index : 3 Current Min Loss Index : 2 Epoch Time: 0m 14s Tau : 0.91
>> Checkpoint Saved: state_dict/restaurant-to-device/[SemBridge]-ATE-F1-0.3786.pth

-------------------------------------Iter4--------------------------------------
Train: final loss=0.755627, aspect loss=0.087247, opinion loss=0.000000, domain loss=0.665986, sentiment loss=0.000000, reg loss=0.000000, step=9080
Dev:   final loss=0.195498, aspect loss=0.195498, opinion loss=0.000000, sentiment loss=0.000000, reg loss=0.000000, step=9080
Dev:   aspect f1=0.3576, opinion f1=0.0000, sentiment acc==0.0000, sentiment f1==0.0000, ABSA f1==0.0000,
Test:  aspect f1=0.3576, opinion f1=0.0000, sentiment acc==0.0000, sentiment f1==0.0000, ABSA f1==0.0000,
Current Max Metrics Index : 3 Current Min Loss Index : 2 Epoch Time: 0m 14s Tau : 0.89

-------------------------------------Iter5--------------------------------------
Train: final loss=0.753164, aspect loss=0.084667, opinion loss=0.000000, domain loss=0.666423, sentiment loss=0.000000, reg loss=0.000000, step=10896
Dev:   final loss=0.172290, aspect loss=0.172290, opinion loss=0.000000, sentiment loss=0.000000, reg loss=0.000000, step=10896
Dev:   aspect f1=0.3976, opinion f1=0.0000, sentiment acc==0.0000, sentiment f1==0.0000, ABSA f1==0.0000,
Test:  aspect f1=0.3976, opinion f1=0.0000, sentiment acc==0.0000, sentiment f1==0.0000, ABSA f1==0.0000,
Current Max Metrics Index : 5 Current Min Loss Index : 5 Epoch Time: 0m 14s Tau : 0.86
>> Checkpoint Saved: state_dict/restaurant-to-device/[SemBridge]-ATE-F1-0.3976.pth

-------------------------------------Iter6--------------------------------------
Train: final loss=0.752449, aspect loss=0.081766, opinion loss=0.000000, domain loss=0.667800, sentiment loss=0.000000, reg loss=0.000000, step=12712
Dev:   final loss=0.168306, aspect loss=0.168306, opinion loss=0.000000, sentiment loss=0.000000, reg loss=0.000000, step=12712
Dev:   aspect f1=0.3887, opinion f1=0.0000, sentiment acc==0.0000, sentiment f1==0.0000, ABSA f1==0.0000,
Test:  aspect f1=0.3887, opinion f1=0.0000, sentiment acc==0.0000, sentiment f1==0.0000, ABSA f1==0.0000,
Current Max Metrics Index : 5 Current Min Loss Index : 6 Epoch Time: 0m 14s Tau : 0.84

-------------------------------------Iter7--------------------------------------
Train: final loss=0.751819, aspect loss=0.080068, opinion loss=0.000000, domain loss=0.669319, sentiment loss=0.000000, reg loss=0.000000, step=14528
Dev:   final loss=0.174758, aspect loss=0.174758, opinion loss=0.000000, sentiment loss=0.000000, reg loss=0.000000, step=14528
Dev:   aspect f1=0.3823, opinion f1=0.0000, sentiment acc==0.0000, sentiment f1==0.0000, ABSA f1==0.0000,
Test:  aspect f1=0.3823, opinion f1=0.0000, sentiment acc==0.0000, sentiment f1==0.0000, ABSA f1==0.0000,
Current Max Metrics Index : 5 Current Min Loss Index : 6 Epoch Time: 0m 14s Tau : 0.81

-------------------------------------Iter8--------------------------------------
Train: final loss=0.749223, aspect loss=0.078307, opinion loss=0.000000, domain loss=0.668826, sentiment loss=0.000000, reg loss=0.000000, step=16344
Dev:   final loss=0.169919, aspect loss=0.169919, opinion loss=0.000000, sentiment loss=0.000000, reg loss=0.000000, step=16344
Dev:   aspect f1=0.3945, opinion f1=0.0000, sentiment acc==0.0000, sentiment f1==0.0000, ABSA f1==0.0000,
Test:  aspect f1=0.3945, opinion f1=0.0000, sentiment acc==0.0000, sentiment f1==0.0000, ABSA f1==0.0000,
Current Max Metrics Index : 5 Current Min Loss Index : 6 Epoch Time: 0m 14s Tau : 0.79

-------------------------------------Iter9--------------------------------------
Train: final loss=0.747859, aspect loss=0.076672, opinion loss=0.000000, domain loss=0.669418, sentiment loss=0.000000, reg loss=0.000000, step=18160
Dev:   final loss=0.166063, aspect loss=0.166063, opinion loss=0.000000, sentiment loss=0.000000, reg loss=0.000000, step=18160
Dev:   aspect f1=0.3911, opinion f1=0.0000, sentiment acc==0.0000, sentiment f1==0.0000, ABSA f1==0.0000,
Test:  aspect f1=0.3911, opinion f1=0.0000, sentiment acc==0.0000, sentiment f1==0.0000, ABSA f1==0.0000,
Current Max Metrics Index : 5 Current Min Loss Index : 9 Epoch Time: 0m 14s Tau : 0.76

-------------------------------------Iter10-------------------------------------
Train: final loss=0.747509, aspect loss=0.074878, opinion loss=0.000000, domain loss=0.669885, sentiment loss=0.000000, reg loss=0.000000, step=19976
Dev:   final loss=0.168136, aspect loss=0.168136, opinion loss=0.000000, sentiment loss=0.000000, reg loss=0.000000, step=19976
Dev:   aspect f1=0.3824, opinion f1=0.0000, sentiment acc==0.0000, sentiment f1==0.0000, ABSA f1==0.0000,
Test:  aspect f1=0.3824, opinion f1=0.0000, sentiment acc==0.0000, sentiment f1==0.0000, ABSA f1==0.0000,
Current Max Metrics Index : 5 Current Min Loss Index : 9 Epoch Time: 0m 14s Tau : 0.74

-------------------------------------Iter11-------------------------------------
Train: final loss=0.745286, aspect loss=0.072954, opinion loss=0.000000, domain loss=0.669977, sentiment loss=0.000000, reg loss=0.000000, step=21792
Dev:   final loss=0.174280, aspect loss=0.174280, opinion loss=0.000000, sentiment loss=0.000000, reg loss=0.000000, step=21792
Dev:   aspect f1=0.3942, opinion f1=0.0000, sentiment acc==0.0000, sentiment f1==0.0000, ABSA f1==0.0000,
Test:  aspect f1=0.3942, opinion f1=0.0000, sentiment acc==0.0000, sentiment f1==0.0000, ABSA f1==0.0000,
Current Max Metrics Index : 5 Current Min Loss Index : 9 Epoch Time: 0m 14s Tau : 0.72

-------------------------------------Iter12-------------------------------------
Train: final loss=0.744195, aspect loss=0.071336, opinion loss=0.000000, domain loss=0.670577, sentiment loss=0.000000, reg loss=0.000000, step=23608
Dev:   final loss=0.180073, aspect loss=0.180073, opinion loss=0.000000, sentiment loss=0.000000, reg loss=0.000000, step=23608
Dev:   aspect f1=0.3969, opinion f1=0.0000, sentiment acc==0.0000, sentiment f1==0.0000, ABSA f1==0.0000,
Test:  aspect f1=0.3969, opinion f1=0.0000, sentiment acc==0.0000, sentiment f1==0.0000, ABSA f1==0.0000,
Current Max Metrics Index : 5 Current Min Loss Index : 9 Epoch Time: 0m 14s Tau : 0.70

-------------------------------------Iter13-------------------------------------
Train: final loss=0.743695, aspect loss=0.070486, opinion loss=0.000000, domain loss=0.670176, sentiment loss=0.000000, reg loss=0.000000, step=25424
Dev:   final loss=0.194396, aspect loss=0.194396, opinion loss=0.000000, sentiment loss=0.000000, reg loss=0.000000, step=25424
Dev:   aspect f1=0.3880, opinion f1=0.0000, sentiment acc==0.0000, sentiment f1==0.0000, ABSA f1==0.0000,
Test:  aspect f1=0.3880, opinion f1=0.0000, sentiment acc==0.0000, sentiment f1==0.0000, ABSA f1==0.0000,
Current Max Metrics Index : 5 Current Min Loss Index : 9 Epoch Time: 0m 15s Tau : 0.68

-------------------------------------Iter14-------------------------------------
Train: final loss=0.741453, aspect loss=0.068537, opinion loss=0.000000, domain loss=0.670554, sentiment loss=0.000000, reg loss=0.000000, step=27240
Dev:   final loss=0.171545, aspect loss=0.171545, opinion loss=0.000000, sentiment loss=0.000000, reg loss=0.000000, step=27240
Dev:   aspect f1=0.4045, opinion f1=0.0000, sentiment acc==0.0000, sentiment f1==0.0000, ABSA f1==0.0000,
Test:  aspect f1=0.4045, opinion f1=0.0000, sentiment acc==0.0000, sentiment f1==0.0000, ABSA f1==0.0000,
Current Max Metrics Index : 14 Current Min Loss Index : 9 Epoch Time: 0m 15s Tau : 0.66
>> Checkpoint Saved: state_dict/restaurant-to-device/[SemBridge]-ATE-F1-0.4045.pth

-------------------------------------Iter15-------------------------------------
Train: final loss=0.741763, aspect loss=0.068366, opinion loss=0.000000, domain loss=0.671568, sentiment loss=0.000000, reg loss=0.000000, step=29056
Dev:   final loss=0.204482, aspect loss=0.204482, opinion loss=0.000000, sentiment loss=0.000000, reg loss=0.000000, step=29056
Dev:   aspect f1=0.3862, opinion f1=0.0000, sentiment acc==0.0000, sentiment f1==0.0000, ABSA f1==0.0000,
Test:  aspect f1=0.3862, opinion f1=0.0000, sentiment acc==0.0000, sentiment f1==0.0000, ABSA f1==0.0000,
Current Max Metrics Index : 14 Current Min Loss Index : 9 Epoch Time: 0m 15s Tau : 0.64

-------------------------------------Iter16-------------------------------------
Train: final loss=0.739937, aspect loss=0.066452, opinion loss=0.000000, domain loss=0.671055, sentiment loss=0.000000, reg loss=0.000000, step=30872
Dev:   final loss=0.178168, aspect loss=0.178168, opinion loss=0.000000, sentiment loss=0.000000, reg loss=0.000000, step=30872
Dev:   aspect f1=0.4031, opinion f1=0.0000, sentiment acc==0.0000, sentiment f1==0.0000, ABSA f1==0.0000,
Test:  aspect f1=0.4031, opinion f1=0.0000, sentiment acc==0.0000, sentiment f1==0.0000, ABSA f1==0.0000,
Current Max Metrics Index : 14 Current Min Loss Index : 9 Epoch Time: 0m 14s Tau : 0.62

-------------------------------------Iter17-------------------------------------
Train: final loss=0.739008, aspect loss=0.065457, opinion loss=0.000000, domain loss=0.671440, sentiment loss=0.000000, reg loss=0.000000, step=32688
Dev:   final loss=0.195295, aspect loss=0.195295, opinion loss=0.000000, sentiment loss=0.000000, reg loss=0.000000, step=32688
Dev:   aspect f1=0.3874, opinion f1=0.0000, sentiment acc==0.0000, sentiment f1==0.0000, ABSA f1==0.0000,
Test:  aspect f1=0.3874, opinion f1=0.0000, sentiment acc==0.0000, sentiment f1==0.0000, ABSA f1==0.0000,
Current Max Metrics Index : 14 Current Min Loss Index : 9 Epoch Time: 0m 14s Tau : 0.60

-------------------------------------Iter18-------------------------------------
Train: final loss=0.738769, aspect loss=0.064693, opinion loss=0.000000, domain loss=0.671319, sentiment loss=0.000000, reg loss=0.000000, step=34504
Dev:   final loss=0.214916, aspect loss=0.214916, opinion loss=0.000000, sentiment loss=0.000000, reg loss=0.000000, step=34504
Dev:   aspect f1=0.3697, opinion f1=0.0000, sentiment acc==0.0000, sentiment f1==0.0000, ABSA f1==0.0000,
Test:  aspect f1=0.3697, opinion f1=0.0000, sentiment acc==0.0000, sentiment f1==0.0000, ABSA f1==0.0000,
Current Max Metrics Index : 14 Current Min Loss Index : 9 Epoch Time: 0m 14s Tau : 0.58

-------------------------------------Iter19-------------------------------------
Train: final loss=0.737546, aspect loss=0.063776, opinion loss=0.000000, domain loss=0.670736, sentiment loss=0.000000, reg loss=0.000000, step=36320
Dev:   final loss=0.180830, aspect loss=0.180830, opinion loss=0.000000, sentiment loss=0.000000, reg loss=0.000000, step=36320
Dev:   aspect f1=0.4059, opinion f1=0.0000, sentiment acc==0.0000, sentiment f1==0.0000, ABSA f1==0.0000,
Test:  aspect f1=0.4059, opinion f1=0.0000, sentiment acc==0.0000, sentiment f1==0.0000, ABSA f1==0.0000,
Current Max Metrics Index : 19 Current Min Loss Index : 9 Epoch Time: 0m 14s Tau : 0.57
>> Checkpoint Saved: state_dict/restaurant-to-device/[SemBridge]-ATE-F1-0.4059.pth

-------------------------------------Iter20-------------------------------------
Train: final loss=0.735971, aspect loss=0.062329, opinion loss=0.000000, domain loss=0.671031, sentiment loss=0.000000, reg loss=0.000000, step=38136
Dev:   final loss=0.190211, aspect loss=0.190211, opinion loss=0.000000, sentiment loss=0.000000, reg loss=0.000000, step=38136
Dev:   aspect f1=0.3833, opinion f1=0.0000, sentiment acc==0.0000, sentiment f1==0.0000, ABSA f1==0.0000,
Test:  aspect f1=0.3833, opinion f1=0.0000, sentiment acc==0.0000, sentiment f1==0.0000, ABSA f1==0.0000,
Current Max Metrics Index : 19 Current Min Loss Index : 9 Epoch Time: 0m 14s Tau : 0.55

-------------------------------------Iter21-------------------------------------
Train: final loss=0.735402, aspect loss=0.062291, opinion loss=0.000000, domain loss=0.671331, sentiment loss=0.000000, reg loss=0.000000, step=39952
Dev:   final loss=0.178101, aspect loss=0.178101, opinion loss=0.000000, sentiment loss=0.000000, reg loss=0.000000, step=39952
Dev:   aspect f1=0.3869, opinion f1=0.0000, sentiment acc==0.0000, sentiment f1==0.0000, ABSA f1==0.0000,
Test:  aspect f1=0.3869, opinion f1=0.0000, sentiment acc==0.0000, sentiment f1==0.0000, ABSA f1==0.0000,
Current Max Metrics Index : 19 Current Min Loss Index : 9 Epoch Time: 0m 14s Tau : 0.53

-------------------------------------Iter22-------------------------------------
Train: final loss=0.735145, aspect loss=0.061104, opinion loss=0.000000, domain loss=0.671358, sentiment loss=0.000000, reg loss=0.000000, step=41768
Dev:   final loss=0.215121, aspect loss=0.215121, opinion loss=0.000000, sentiment loss=0.000000, reg loss=0.000000, step=41768
Dev:   aspect f1=0.3718, opinion f1=0.0000, sentiment acc==0.0000, sentiment f1==0.0000, ABSA f1==0.0000,
Test:  aspect f1=0.3718, opinion f1=0.0000, sentiment acc==0.0000, sentiment f1==0.0000, ABSA f1==0.0000,
Current Max Metrics Index : 19 Current Min Loss Index : 9 Epoch Time: 0m 14s Tau : 0.52

-------------------------------------Iter23-------------------------------------
Train: final loss=0.732946, aspect loss=0.060094, opinion loss=0.000000, domain loss=0.670420, sentiment loss=0.000000, reg loss=0.000000, step=43584
Dev:   final loss=0.198962, aspect loss=0.198962, opinion loss=0.000000, sentiment loss=0.000000, reg loss=0.000000, step=43584
Dev:   aspect f1=0.3843, opinion f1=0.0000, sentiment acc==0.0000, sentiment f1==0.0000, ABSA f1==0.0000,
Test:  aspect f1=0.3843, opinion f1=0.0000, sentiment acc==0.0000, sentiment f1==0.0000, ABSA f1==0.0000,
Current Max Metrics Index : 19 Current Min Loss Index : 9 Epoch Time: 0m 14s Tau : 0.50

-------------------------------------Iter24-------------------------------------
Train: final loss=0.734049, aspect loss=0.060576, opinion loss=0.000000, domain loss=0.671323, sentiment loss=0.000000, reg loss=0.000000, step=45400
Dev:   final loss=0.208978, aspect loss=0.208978, opinion loss=0.000000, sentiment loss=0.000000, reg loss=0.000000, step=45400
Dev:   aspect f1=0.3831, opinion f1=0.0000, sentiment acc==0.0000, sentiment f1==0.0000, ABSA f1==0.0000,
Test:  aspect f1=0.3831, opinion f1=0.0000, sentiment acc==0.0000, sentiment f1==0.0000, ABSA f1==0.0000,
Current Max Metrics Index : 19 Current Min Loss Index : 9 Epoch Time: 0m 14s Tau : 0.49

-------------------------------------Iter25-------------------------------------
Train: final loss=0.732894, aspect loss=0.059270, opinion loss=0.000000, domain loss=0.671064, sentiment loss=0.000000, reg loss=0.000000, step=47216
Dev:   final loss=0.182566, aspect loss=0.182566, opinion loss=0.000000, sentiment loss=0.000000, reg loss=0.000000, step=47216
Dev:   aspect f1=0.3962, opinion f1=0.0000, sentiment acc==0.0000, sentiment f1==0.0000, ABSA f1==0.0000,
Test:  aspect f1=0.3962, opinion f1=0.0000, sentiment acc==0.0000, sentiment f1==0.0000, ABSA f1==0.0000,
Current Max Metrics Index : 19 Current Min Loss Index : 9 Epoch Time: 0m 14s Tau : 0.47

-------------------------------------Iter26-------------------------------------
Train: final loss=0.732458, aspect loss=0.058659, opinion loss=0.000000, domain loss=0.671688, sentiment loss=0.000000, reg loss=0.000000, step=49032
Dev:   final loss=0.181429, aspect loss=0.181429, opinion loss=0.000000, sentiment loss=0.000000, reg loss=0.000000, step=49032
Dev:   aspect f1=0.3956, opinion f1=0.0000, sentiment acc==0.0000, sentiment f1==0.0000, ABSA f1==0.0000,
Test:  aspect f1=0.3956, opinion f1=0.0000, sentiment acc==0.0000, sentiment f1==0.0000, ABSA f1==0.0000,
Current Max Metrics Index : 19 Current Min Loss Index : 9 Epoch Time: 0m 12s Tau : 0.46

-------------------------------------Iter27-------------------------------------
Train: final loss=0.731238, aspect loss=0.057801, opinion loss=0.000000, domain loss=0.671088, sentiment loss=0.000000, reg loss=0.000000, step=50848
Dev:   final loss=0.193314, aspect loss=0.193314, opinion loss=0.000000, sentiment loss=0.000000, reg loss=0.000000, step=50848
Dev:   aspect f1=0.3883, opinion f1=0.0000, sentiment acc==0.0000, sentiment f1==0.0000, ABSA f1==0.0000,
Test:  aspect f1=0.3883, opinion f1=0.0000, sentiment acc==0.0000, sentiment f1==0.0000, ABSA f1==0.0000,
Current Max Metrics Index : 19 Current Min Loss Index : 9 Epoch Time: 0m 14s Tau : 0.44

-------------------------------------Iter28-------------------------------------
Train: final loss=0.730356, aspect loss=0.057614, opinion loss=0.000000, domain loss=0.671124, sentiment loss=0.000000, reg loss=0.000000, step=52664
Dev:   final loss=0.174995, aspect loss=0.174995, opinion loss=0.000000, sentiment loss=0.000000, reg loss=0.000000, step=52664
Dev:   aspect f1=0.3956, opinion f1=0.0000, sentiment acc==0.0000, sentiment f1==0.0000, ABSA f1==0.0000,
Test:  aspect f1=0.3956, opinion f1=0.0000, sentiment acc==0.0000, sentiment f1==0.0000, ABSA f1==0.0000,
Current Max Metrics Index : 19 Current Min Loss Index : 9 Epoch Time: 0m 14s Tau : 0.43

-------------------------------------Iter29-------------------------------------
Train: final loss=0.729921, aspect loss=0.055859, opinion loss=0.000000, domain loss=0.671469, sentiment loss=0.000000, reg loss=0.000000, step=54480
Dev:   final loss=0.181185, aspect loss=0.181185, opinion loss=0.000000, sentiment loss=0.000000, reg loss=0.000000, step=54480
Dev:   aspect f1=0.3810, opinion f1=0.0000, sentiment acc==0.0000, sentiment f1==0.0000, ABSA f1==0.0000,
Test:  aspect f1=0.3810, opinion f1=0.0000, sentiment acc==0.0000, sentiment f1==0.0000, ABSA f1==0.0000,
Current Max Metrics Index : 19 Current Min Loss Index : 9 Epoch Time: 0m 15s Tau : 0.42

-------------------------------------Iter30-------------------------------------
Train: final loss=0.729876, aspect loss=0.055619, opinion loss=0.000000, domain loss=0.672204, sentiment loss=0.000000, reg loss=0.000000, step=56296
Dev:   final loss=0.188901, aspect loss=0.188901, opinion loss=0.000000, sentiment loss=0.000000, reg loss=0.000000, step=56296
Dev:   aspect f1=0.3896, opinion f1=0.0000, sentiment acc==0.0000, sentiment f1==0.0000, ABSA f1==0.0000,
Test:  aspect f1=0.3896, opinion f1=0.0000, sentiment acc==0.0000, sentiment f1==0.0000, ABSA f1==0.0000,
Current Max Metrics Index : 19 Current Min Loss Index : 9 Epoch Time: 0m 14s Tau : 0.41

-------------------------------------Iter31-------------------------------------
Train: final loss=0.728738, aspect loss=0.054646, opinion loss=0.000000, domain loss=0.671299, sentiment loss=0.000000, reg loss=0.000000, step=58112
Dev:   final loss=0.193150, aspect loss=0.193150, opinion loss=0.000000, sentiment loss=0.000000, reg loss=0.000000, step=58112
Dev:   aspect f1=0.3799, opinion f1=0.0000, sentiment acc==0.0000, sentiment f1==0.0000, ABSA f1==0.0000,
Test:  aspect f1=0.3799, opinion f1=0.0000, sentiment acc==0.0000, sentiment f1==0.0000, ABSA f1==0.0000,
Current Max Metrics Index : 19 Current Min Loss Index : 9 Epoch Time: 0m 14s Tau : 0.39

-------------------------------------Iter32-------------------------------------
Train: final loss=0.729851, aspect loss=0.055170, opinion loss=0.000000, domain loss=0.671593, sentiment loss=0.000000, reg loss=0.000000, step=59928
Dev:   final loss=0.212259, aspect loss=0.212259, opinion loss=0.000000, sentiment loss=0.000000, reg loss=0.000000, step=59928
Dev:   aspect f1=0.3697, opinion f1=0.0000, sentiment acc==0.0000, sentiment f1==0.0000, ABSA f1==0.0000,
Test:  aspect f1=0.3697, opinion f1=0.0000, sentiment acc==0.0000, sentiment f1==0.0000, ABSA f1==0.0000,
Current Max Metrics Index : 19 Current Min Loss Index : 9 Epoch Time: 0m 14s Tau : 0.38

-------------------------------------Iter33-------------------------------------
Train: final loss=0.727850, aspect loss=0.053586, opinion loss=0.000000, domain loss=0.671490, sentiment loss=0.000000, reg loss=0.000000, step=61744
Dev:   final loss=0.195122, aspect loss=0.195122, opinion loss=0.000000, sentiment loss=0.000000, reg loss=0.000000, step=61744
Dev:   aspect f1=0.3812, opinion f1=0.0000, sentiment acc==0.0000, sentiment f1==0.0000, ABSA f1==0.0000,
Test:  aspect f1=0.3812, opinion f1=0.0000, sentiment acc==0.0000, sentiment f1==0.0000, ABSA f1==0.0000,
Current Max Metrics Index : 19 Current Min Loss Index : 9 Epoch Time: 0m 15s Tau : 0.37

-------------------------------------Iter34-------------------------------------
Train: final loss=0.727548, aspect loss=0.054590, opinion loss=0.000000, domain loss=0.670969, sentiment loss=0.000000, reg loss=0.000000, step=63560
Dev:   final loss=0.206700, aspect loss=0.206700, opinion loss=0.000000, sentiment loss=0.000000, reg loss=0.000000, step=63560
Dev:   aspect f1=0.3815, opinion f1=0.0000, sentiment acc==0.0000, sentiment f1==0.0000, ABSA f1==0.0000,
Test:  aspect f1=0.3815, opinion f1=0.0000, sentiment acc==0.0000, sentiment f1==0.0000, ABSA f1==0.0000,
Current Max Metrics Index : 19 Current Min Loss Index : 9 Epoch Time: 0m 15s Tau : 0.36

-------------------------------------Iter35-------------------------------------
Train: final loss=0.726387, aspect loss=0.052171, opinion loss=0.000000, domain loss=0.671750, sentiment loss=0.000000, reg loss=0.000000, step=65376
Dev:   final loss=0.195685, aspect loss=0.195685, opinion loss=0.000000, sentiment loss=0.000000, reg loss=0.000000, step=65376
Dev:   aspect f1=0.3860, opinion f1=0.0000, sentiment acc==0.0000, sentiment f1==0.0000, ABSA f1==0.0000,
Test:  aspect f1=0.3860, opinion f1=0.0000, sentiment acc==0.0000, sentiment f1==0.0000, ABSA f1==0.0000,
Current Max Metrics Index : 19 Current Min Loss Index : 9 Epoch Time: 0m 14s Tau : 0.35

-------------------------------------Iter36-------------------------------------
Train: final loss=0.727547, aspect loss=0.053147, opinion loss=0.000000, domain loss=0.671711, sentiment loss=0.000000, reg loss=0.000000, step=67192
Dev:   final loss=0.196576, aspect loss=0.196576, opinion loss=0.000000, sentiment loss=0.000000, reg loss=0.000000, step=67192
Dev:   aspect f1=0.3730, opinion f1=0.0000, sentiment acc==0.0000, sentiment f1==0.0000, ABSA f1==0.0000,
Test:  aspect f1=0.3730, opinion f1=0.0000, sentiment acc==0.0000, sentiment f1==0.0000, ABSA f1==0.0000,
Current Max Metrics Index : 19 Current Min Loss Index : 9 Epoch Time: 0m 15s Tau : 0.34

-------------------------------------Iter37-------------------------------------
Train: final loss=0.724678, aspect loss=0.050759, opinion loss=0.000000, domain loss=0.671485, sentiment loss=0.000000, reg loss=0.000000, step=69008
Dev:   final loss=0.206479, aspect loss=0.206479, opinion loss=0.000000, sentiment loss=0.000000, reg loss=0.000000, step=69008
Dev:   aspect f1=0.3926, opinion f1=0.0000, sentiment acc==0.0000, sentiment f1==0.0000, ABSA f1==0.0000,
Test:  aspect f1=0.3926, opinion f1=0.0000, sentiment acc==0.0000, sentiment f1==0.0000, ABSA f1==0.0000,
Current Max Metrics Index : 19 Current Min Loss Index : 9 Epoch Time: 0m 14s Tau : 0.33

-------------------------------------Iter38-------------------------------------
Train: final loss=0.724091, aspect loss=0.050702, opinion loss=0.000000, domain loss=0.671361, sentiment loss=0.000000, reg loss=0.000000, step=70824
Dev:   final loss=0.220071, aspect loss=0.220071, opinion loss=0.000000, sentiment loss=0.000000, reg loss=0.000000, step=70824
Dev:   aspect f1=0.3763, opinion f1=0.0000, sentiment acc==0.0000, sentiment f1==0.0000, ABSA f1==0.0000,
Test:  aspect f1=0.3763, opinion f1=0.0000, sentiment acc==0.0000, sentiment f1==0.0000, ABSA f1==0.0000,
Current Max Metrics Index : 19 Current Min Loss Index : 9 Epoch Time: 0m 14s Tau : 0.32

-------------------------------------Iter39-------------------------------------
Train: final loss=0.724709, aspect loss=0.050625, opinion loss=0.000000, domain loss=0.671608, sentiment loss=0.000000, reg loss=0.000000, step=72640
Dev:   final loss=0.230059, aspect loss=0.230059, opinion loss=0.000000, sentiment loss=0.000000, reg loss=0.000000, step=72640
Dev:   aspect f1=0.3694, opinion f1=0.0000, sentiment acc==0.0000, sentiment f1==0.0000, ABSA f1==0.0000,
Test:  aspect f1=0.3694, opinion f1=0.0000, sentiment acc==0.0000, sentiment f1==0.0000, ABSA f1==0.0000,
Current Max Metrics Index : 19 Current Min Loss Index : 9 Epoch Time: 0m 15s Tau : 0.31

-------------------------------------Iter40-------------------------------------
Train: final loss=0.723726, aspect loss=0.049683, opinion loss=0.000000, domain loss=0.671464, sentiment loss=0.000000, reg loss=0.000000, step=74456
Dev:   final loss=0.196662, aspect loss=0.196662, opinion loss=0.000000, sentiment loss=0.000000, reg loss=0.000000, step=74456
Dev:   aspect f1=0.3849, opinion f1=0.0000, sentiment acc==0.0000, sentiment f1==0.0000, ABSA f1==0.0000,
Test:  aspect f1=0.3849, opinion f1=0.0000, sentiment acc==0.0000, sentiment f1==0.0000, ABSA f1==0.0000,
Current Max Metrics Index : 19 Current Min Loss Index : 9 Epoch Time: 0m 14s Tau : 0.30

-------------------------------------Iter41-------------------------------------
Train: final loss=0.724343, aspect loss=0.050302, opinion loss=0.000000, domain loss=0.671540, sentiment loss=0.000000, reg loss=0.000000, step=76272
Dev:   final loss=0.191229, aspect loss=0.191229, opinion loss=0.000000, sentiment loss=0.000000, reg loss=0.000000, step=76272
Dev:   aspect f1=0.3893, opinion f1=0.0000, sentiment acc==0.0000, sentiment f1==0.0000, ABSA f1==0.0000,
Test:  aspect f1=0.3893, opinion f1=0.0000, sentiment acc==0.0000, sentiment f1==0.0000, ABSA f1==0.0000,
Current Max Metrics Index : 19 Current Min Loss Index : 9 Epoch Time: 0m 15s Tau : 0.29

-------------------------------------Iter42-------------------------------------
Train: final loss=0.723487, aspect loss=0.049610, opinion loss=0.000000, domain loss=0.671609, sentiment loss=0.000000, reg loss=0.000000, step=78088
Dev:   final loss=0.208987, aspect loss=0.208987, opinion loss=0.000000, sentiment loss=0.000000, reg loss=0.000000, step=78088
Dev:   aspect f1=0.3814, opinion f1=0.0000, sentiment acc==0.0000, sentiment f1==0.0000, ABSA f1==0.0000,
Test:  aspect f1=0.3814, opinion f1=0.0000, sentiment acc==0.0000, sentiment f1==0.0000, ABSA f1==0.0000,
Current Max Metrics Index : 19 Current Min Loss Index : 9 Epoch Time: 0m 15s Tau : 0.28

-------------------------------------Iter43-------------------------------------
Train: final loss=0.722442, aspect loss=0.048239, opinion loss=0.000000, domain loss=0.671335, sentiment loss=0.000000, reg loss=0.000000, step=79904
Dev:   final loss=0.208343, aspect loss=0.208343, opinion loss=0.000000, sentiment loss=0.000000, reg loss=0.000000, step=79904
Dev:   aspect f1=0.3846, opinion f1=0.0000, sentiment acc==0.0000, sentiment f1==0.0000, ABSA f1==0.0000,
Test:  aspect f1=0.3846, opinion f1=0.0000, sentiment acc==0.0000, sentiment f1==0.0000, ABSA f1==0.0000,
Current Max Metrics Index : 19 Current Min Loss Index : 9 Epoch Time: 0m 14s Tau : 0.28

-------------------------------------Iter44-------------------------------------
Train: final loss=0.723190, aspect loss=0.048811, opinion loss=0.000000, domain loss=0.671805, sentiment loss=0.000000, reg loss=0.000000, step=81720
Dev:   final loss=0.191999, aspect loss=0.191999, opinion loss=0.000000, sentiment loss=0.000000, reg loss=0.000000, step=81720
Dev:   aspect f1=0.3926, opinion f1=0.0000, sentiment acc==0.0000, sentiment f1==0.0000, ABSA f1==0.0000,
Test:  aspect f1=0.3926, opinion f1=0.0000, sentiment acc==0.0000, sentiment f1==0.0000, ABSA f1==0.0000,
Current Max Metrics Index : 19 Current Min Loss Index : 9 Epoch Time: 0m 14s Tau : 0.27

-------------------------------------Iter45-------------------------------------
Train: final loss=0.721826, aspect loss=0.047879, opinion loss=0.000000, domain loss=0.671473, sentiment loss=0.000000, reg loss=0.000000, step=83536
Dev:   final loss=0.210927, aspect loss=0.210927, opinion loss=0.000000, sentiment loss=0.000000, reg loss=0.000000, step=83536
Dev:   aspect f1=0.3782, opinion f1=0.0000, sentiment acc==0.0000, sentiment f1==0.0000, ABSA f1==0.0000,
Test:  aspect f1=0.3782, opinion f1=0.0000, sentiment acc==0.0000, sentiment f1==0.0000, ABSA f1==0.0000,
Current Max Metrics Index : 19 Current Min Loss Index : 9 Epoch Time: 0m 14s Tau : 0.26

-------------------------------------Iter46-------------------------------------
Train: final loss=0.721820, aspect loss=0.047735, opinion loss=0.000000, domain loss=0.671521, sentiment loss=0.000000, reg loss=0.000000, step=85352
Dev:   final loss=0.193874, aspect loss=0.193874, opinion loss=0.000000, sentiment loss=0.000000, reg loss=0.000000, step=85352
Dev:   aspect f1=0.3740, opinion f1=0.0000, sentiment acc==0.0000, sentiment f1==0.0000, ABSA f1==0.0000,
Test:  aspect f1=0.3740, opinion f1=0.0000, sentiment acc==0.0000, sentiment f1==0.0000, ABSA f1==0.0000,
Current Max Metrics Index : 19 Current Min Loss Index : 9 Epoch Time: 0m 14s Tau : 0.25

-------------------------------------Iter47-------------------------------------
Train: final loss=0.720928, aspect loss=0.047069, opinion loss=0.000000, domain loss=0.671521, sentiment loss=0.000000, reg loss=0.000000, step=87168
Dev:   final loss=0.213291, aspect loss=0.213291, opinion loss=0.000000, sentiment loss=0.000000, reg loss=0.000000, step=87168
Dev:   aspect f1=0.3722, opinion f1=0.0000, sentiment acc==0.0000, sentiment f1==0.0000, ABSA f1==0.0000,
Test:  aspect f1=0.3722, opinion f1=0.0000, sentiment acc==0.0000, sentiment f1==0.0000, ABSA f1==0.0000,
Current Max Metrics Index : 19 Current Min Loss Index : 9 Epoch Time: 0m 14s Tau : 0.24

-------------------------------------Iter48-------------------------------------
Train: final loss=0.720337, aspect loss=0.046458, opinion loss=0.000000, domain loss=0.671566, sentiment loss=0.000000, reg loss=0.000000, step=88984
Dev:   final loss=0.214145, aspect loss=0.214145, opinion loss=0.000000, sentiment loss=0.000000, reg loss=0.000000, step=88984
Dev:   aspect f1=0.3702, opinion f1=0.0000, sentiment acc==0.0000, sentiment f1==0.0000, ABSA f1==0.0000,
Test:  aspect f1=0.3702, opinion f1=0.0000, sentiment acc==0.0000, sentiment f1==0.0000, ABSA f1==0.0000,
Current Max Metrics Index : 19 Current Min Loss Index : 9 Epoch Time: 0m 15s Tau : 0.24

-------------------------------------Iter49-------------------------------------
Train: final loss=0.719582, aspect loss=0.046085, opinion loss=0.000000, domain loss=0.671027, sentiment loss=0.000000, reg loss=0.000000, step=90800
Dev:   final loss=0.183850, aspect loss=0.183850, opinion loss=0.000000, sentiment loss=0.000000, reg loss=0.000000, step=90800
Dev:   aspect f1=0.3857, opinion f1=0.0000, sentiment acc==0.0000, sentiment f1==0.0000, ABSA f1==0.0000,
Test:  aspect f1=0.3857, opinion f1=0.0000, sentiment acc==0.0000, sentiment f1==0.0000, ABSA f1==0.0000,
Current Max Metrics Index : 19 Current Min Loss Index : 9 Epoch Time: 0m 14s Tau : 0.23

-------------------------------------Iter50-------------------------------------
Train: final loss=0.719929, aspect loss=0.046371, opinion loss=0.000000, domain loss=0.671305, sentiment loss=0.000000, reg loss=0.000000, step=92616
Dev:   final loss=0.211088, aspect loss=0.211088, opinion loss=0.000000, sentiment loss=0.000000, reg loss=0.000000, step=92616
Dev:   aspect f1=0.3599, opinion f1=0.0000, sentiment acc==0.0000, sentiment f1==0.0000, ABSA f1==0.0000,
Test:  aspect f1=0.3599, opinion f1=0.0000, sentiment acc==0.0000, sentiment f1==0.0000, ABSA f1==0.0000,
Current Max Metrics Index : 19 Current Min Loss Index : 9 Epoch Time: 0m 14s Tau : 0.22

-------------------------------------Iter51-------------------------------------
Train: final loss=0.718911, aspect loss=0.045607, opinion loss=0.000000, domain loss=0.671636, sentiment loss=0.000000, reg loss=0.000000, step=94432
Dev:   final loss=0.188630, aspect loss=0.188630, opinion loss=0.000000, sentiment loss=0.000000, reg loss=0.000000, step=94432
Dev:   aspect f1=0.3827, opinion f1=0.0000, sentiment acc==0.0000, sentiment f1==0.0000, ABSA f1==0.0000,
Test:  aspect f1=0.3827, opinion f1=0.0000, sentiment acc==0.0000, sentiment f1==0.0000, ABSA f1==0.0000,
Current Max Metrics Index : 19 Current Min Loss Index : 9 Epoch Time: 0m 14s Tau : 0.22

-------------------------------------Iter52-------------------------------------
Train: final loss=0.720020, aspect loss=0.045454, opinion loss=0.000000, domain loss=0.671575, sentiment loss=0.000000, reg loss=0.000000, step=96248
Dev:   final loss=0.202378, aspect loss=0.202378, opinion loss=0.000000, sentiment loss=0.000000, reg loss=0.000000, step=96248
Dev:   aspect f1=0.3810, opinion f1=0.0000, sentiment acc==0.0000, sentiment f1==0.0000, ABSA f1==0.0000,
Test:  aspect f1=0.3810, opinion f1=0.0000, sentiment acc==0.0000, sentiment f1==0.0000, ABSA f1==0.0000,
Current Max Metrics Index : 19 Current Min Loss Index : 9 Epoch Time: 0m 14s Tau : 0.21

-------------------------------------Iter53-------------------------------------
Train: final loss=0.718017, aspect loss=0.044702, opinion loss=0.000000, domain loss=0.671584, sentiment loss=0.000000, reg loss=0.000000, step=98064
Dev:   final loss=0.201269, aspect loss=0.201269, opinion loss=0.000000, sentiment loss=0.000000, reg loss=0.000000, step=98064
Dev:   aspect f1=0.3790, opinion f1=0.0000, sentiment acc==0.0000, sentiment f1==0.0000, ABSA f1==0.0000,
Test:  aspect f1=0.3790, opinion f1=0.0000, sentiment acc==0.0000, sentiment f1==0.0000, ABSA f1==0.0000,
Current Max Metrics Index : 19 Current Min Loss Index : 9 Epoch Time: 0m 14s Tau : 0.20

-------------------------------------Iter54-------------------------------------
Train: final loss=0.718973, aspect loss=0.045320, opinion loss=0.000000, domain loss=0.671378, sentiment loss=0.000000, reg loss=0.000000, step=99880
Dev:   final loss=0.197929, aspect loss=0.197929, opinion loss=0.000000, sentiment loss=0.000000, reg loss=0.000000, step=99880
Dev:   aspect f1=0.3782, opinion f1=0.0000, sentiment acc==0.0000, sentiment f1==0.0000, ABSA f1==0.0000,
Test:  aspect f1=0.3782, opinion f1=0.0000, sentiment acc==0.0000, sentiment f1==0.0000, ABSA f1==0.0000,
Current Max Metrics Index : 19 Current Min Loss Index : 9 Epoch Time: 0m 15s Tau : 0.20

-------------------------------------Iter55-------------------------------------
Train: final loss=0.716578, aspect loss=0.043015, opinion loss=0.000000, domain loss=0.671431, sentiment loss=0.000000, reg loss=0.000000, step=101696
Dev:   final loss=0.176443, aspect loss=0.176443, opinion loss=0.000000, sentiment loss=0.000000, reg loss=0.000000, step=101696
Dev:   aspect f1=0.3932, opinion f1=0.0000, sentiment acc==0.0000, sentiment f1==0.0000, ABSA f1==0.0000,
Test:  aspect f1=0.3932, opinion f1=0.0000, sentiment acc==0.0000, sentiment f1==0.0000, ABSA f1==0.0000,
Current Max Metrics Index : 19 Current Min Loss Index : 9 Epoch Time: 0m 14s Tau : 0.19

-------------------------------------Iter56-------------------------------------
Train: final loss=0.718430, aspect loss=0.044685, opinion loss=0.000000, domain loss=0.671669, sentiment loss=0.000000, reg loss=0.000000, step=103512
Dev:   final loss=0.210921, aspect loss=0.210921, opinion loss=0.000000, sentiment loss=0.000000, reg loss=0.000000, step=103512
Dev:   aspect f1=0.3876, opinion f1=0.0000, sentiment acc==0.0000, sentiment f1==0.0000, ABSA f1==0.0000,
Test:  aspect f1=0.3876, opinion f1=0.0000, sentiment acc==0.0000, sentiment f1==0.0000, ABSA f1==0.0000,
Current Max Metrics Index : 19 Current Min Loss Index : 9 Epoch Time: 0m 15s Tau : 0.19

-------------------------------------Iter57-------------------------------------
Train: final loss=0.718014, aspect loss=0.043201, opinion loss=0.000000, domain loss=0.672121, sentiment loss=0.000000, reg loss=0.000000, step=105328
Dev:   final loss=0.199468, aspect loss=0.199468, opinion loss=0.000000, sentiment loss=0.000000, reg loss=0.000000, step=105328
Dev:   aspect f1=0.3793, opinion f1=0.0000, sentiment acc==0.0000, sentiment f1==0.0000, ABSA f1==0.0000,
Test:  aspect f1=0.3793, opinion f1=0.0000, sentiment acc==0.0000, sentiment f1==0.0000, ABSA f1==0.0000,
Current Max Metrics Index : 19 Current Min Loss Index : 9 Epoch Time: 0m 15s Tau : 0.18

-------------------------------------Iter58-------------------------------------
Train: final loss=0.718838, aspect loss=0.044142, opinion loss=0.000000, domain loss=0.672017, sentiment loss=0.000000, reg loss=0.000000, step=107144
Dev:   final loss=0.218526, aspect loss=0.218526, opinion loss=0.000000, sentiment loss=0.000000, reg loss=0.000000, step=107144
Dev:   aspect f1=0.3646, opinion f1=0.0000, sentiment acc==0.0000, sentiment f1==0.0000, ABSA f1==0.0000,
Test:  aspect f1=0.3646, opinion f1=0.0000, sentiment acc==0.0000, sentiment f1==0.0000, ABSA f1==0.0000,
Current Max Metrics Index : 19 Current Min Loss Index : 9 Epoch Time: 0m 14s Tau : 0.18

-------------------------------------Iter59-------------------------------------
Train: final loss=0.718456, aspect loss=0.043157, opinion loss=0.000000, domain loss=0.671770, sentiment loss=0.000000, reg loss=0.000000, step=108960
Dev:   final loss=0.186001, aspect loss=0.186001, opinion loss=0.000000, sentiment loss=0.000000, reg loss=0.000000, step=108960
Dev:   aspect f1=0.3931, opinion f1=0.0000, sentiment acc==0.0000, sentiment f1==0.0000, ABSA f1==0.0000,
Test:  aspect f1=0.3931, opinion f1=0.0000, sentiment acc==0.0000, sentiment f1==0.0000, ABSA f1==0.0000,
Current Max Metrics Index : 19 Current Min Loss Index : 9 Epoch Time: 0m 15s Tau : 0.17

-------------------------------------Iter60-------------------------------------
Train: final loss=0.716744, aspect loss=0.042850, opinion loss=0.000000, domain loss=0.671626, sentiment loss=0.000000, reg loss=0.000000, step=110776
Dev:   final loss=0.225221, aspect loss=0.225221, opinion loss=0.000000, sentiment loss=0.000000, reg loss=0.000000, step=110776
Dev:   aspect f1=0.3853, opinion f1=0.0000, sentiment acc==0.0000, sentiment f1==0.0000, ABSA f1==0.0000,
Test:  aspect f1=0.3853, opinion f1=0.0000, sentiment acc==0.0000, sentiment f1==0.0000, ABSA f1==0.0000,
Current Max Metrics Index : 19 Current Min Loss Index : 9 Epoch Time: 0m 15s Tau : 0.17

-------------------------------------Iter61-------------------------------------
Train: final loss=0.716859, aspect loss=0.042380, opinion loss=0.000000, domain loss=0.671620, sentiment loss=0.000000, reg loss=0.000000, step=112592
Dev:   final loss=0.212076, aspect loss=0.212076, opinion loss=0.000000, sentiment loss=0.000000, reg loss=0.000000, step=112592
Dev:   aspect f1=0.3725, opinion f1=0.0000, sentiment acc==0.0000, sentiment f1==0.0000, ABSA f1==0.0000,
Test:  aspect f1=0.3725, opinion f1=0.0000, sentiment acc==0.0000, sentiment f1==0.0000, ABSA f1==0.0000,
Current Max Metrics Index : 19 Current Min Loss Index : 9 Epoch Time: 0m 15s Tau : 0.16

-------------------------------------Iter62-------------------------------------
Train: final loss=0.717414, aspect loss=0.042557, opinion loss=0.000000, domain loss=0.672056, sentiment loss=0.000000, reg loss=0.000000, step=114408
Dev:   final loss=0.205283, aspect loss=0.205283, opinion loss=0.000000, sentiment loss=0.000000, reg loss=0.000000, step=114408
Dev:   aspect f1=0.3747, opinion f1=0.0000, sentiment acc==0.0000, sentiment f1==0.0000, ABSA f1==0.0000,
Test:  aspect f1=0.3747, opinion f1=0.0000, sentiment acc==0.0000, sentiment f1==0.0000, ABSA f1==0.0000,
Current Max Metrics Index : 19 Current Min Loss Index : 9 Epoch Time: 0m 15s Tau : 0.16

-------------------------------------Iter63-------------------------------------
Train: final loss=0.716905, aspect loss=0.042881, opinion loss=0.000000, domain loss=0.671715, sentiment loss=0.000000, reg loss=0.000000, step=116224
Dev:   final loss=0.199583, aspect loss=0.199583, opinion loss=0.000000, sentiment loss=0.000000, reg loss=0.000000, step=116224
Dev:   aspect f1=0.3812, opinion f1=0.0000, sentiment acc==0.0000, sentiment f1==0.0000, ABSA f1==0.0000,
Test:  aspect f1=0.3812, opinion f1=0.0000, sentiment acc==0.0000, sentiment f1==0.0000, ABSA f1==0.0000,
Current Max Metrics Index : 19 Current Min Loss Index : 9 Epoch Time: 0m 15s Tau : 0.15

-------------------------------------Iter64-------------------------------------
Train: final loss=0.716428, aspect loss=0.042701, opinion loss=0.000000, domain loss=0.671710, sentiment loss=0.000000, reg loss=0.000000, step=118040
Dev:   final loss=0.210888, aspect loss=0.210888, opinion loss=0.000000, sentiment loss=0.000000, reg loss=0.000000, step=118040
Dev:   aspect f1=0.3823, opinion f1=0.0000, sentiment acc==0.0000, sentiment f1==0.0000, ABSA f1==0.0000,
Test:  aspect f1=0.3823, opinion f1=0.0000, sentiment acc==0.0000, sentiment f1==0.0000, ABSA f1==0.0000,
Current Max Metrics Index : 19 Current Min Loss Index : 9 Epoch Time: 0m 15s Tau : 0.15

-------------------------------------Iter65-------------------------------------
Train: final loss=0.715678, aspect loss=0.041456, opinion loss=0.000000, domain loss=0.671659, sentiment loss=0.000000, reg loss=0.000000, step=119856
Dev:   final loss=0.211967, aspect loss=0.211967, opinion loss=0.000000, sentiment loss=0.000000, reg loss=0.000000, step=119856
Dev:   aspect f1=0.3763, opinion f1=0.0000, sentiment acc==0.0000, sentiment f1==0.0000, ABSA f1==0.0000,
Test:  aspect f1=0.3763, opinion f1=0.0000, sentiment acc==0.0000, sentiment f1==0.0000, ABSA f1==0.0000,
Current Max Metrics Index : 19 Current Min Loss Index : 9 Epoch Time: 0m 15s Tau : 0.14

-------------------------------------Iter66-------------------------------------
Train: final loss=0.714517, aspect loss=0.040959, opinion loss=0.000000, domain loss=0.671379, sentiment loss=0.000000, reg loss=0.000000, step=121672
Dev:   final loss=0.222126, aspect loss=0.222126, opinion loss=0.000000, sentiment loss=0.000000, reg loss=0.000000, step=121672
Dev:   aspect f1=0.3678, opinion f1=0.0000, sentiment acc==0.0000, sentiment f1==0.0000, ABSA f1==0.0000,
Test:  aspect f1=0.3678, opinion f1=0.0000, sentiment acc==0.0000, sentiment f1==0.0000, ABSA f1==0.0000,
Current Max Metrics Index : 19 Current Min Loss Index : 9 Epoch Time: 0m 15s Tau : 0.14

-------------------------------------Iter67-------------------------------------
Train: final loss=0.716609, aspect loss=0.041232, opinion loss=0.000000, domain loss=0.672300, sentiment loss=0.000000, reg loss=0.000000, step=123488
Dev:   final loss=0.236968, aspect loss=0.236968, opinion loss=0.000000, sentiment loss=0.000000, reg loss=0.000000, step=123488
Dev:   aspect f1=0.3728, opinion f1=0.0000, sentiment acc==0.0000, sentiment f1==0.0000, ABSA f1==0.0000,
Test:  aspect f1=0.3728, opinion f1=0.0000, sentiment acc==0.0000, sentiment f1==0.0000, ABSA f1==0.0000,
Current Max Metrics Index : 19 Current Min Loss Index : 9 Epoch Time: 0m 15s Tau : 0.13

-------------------------------------Iter68-------------------------------------
Train: final loss=0.715115, aspect loss=0.040607, opinion loss=0.000000, domain loss=0.671803, sentiment loss=0.000000, reg loss=0.000000, step=125304
Dev:   final loss=0.232768, aspect loss=0.232768, opinion loss=0.000000, sentiment loss=0.000000, reg loss=0.000000, step=125304
Dev:   aspect f1=0.3761, opinion f1=0.0000, sentiment acc==0.0000, sentiment f1==0.0000, ABSA f1==0.0000,
Test:  aspect f1=0.3761, opinion f1=0.0000, sentiment acc==0.0000, sentiment f1==0.0000, ABSA f1==0.0000,
Current Max Metrics Index : 19 Current Min Loss Index : 9 Epoch Time: 0m 15s Tau : 0.13

-------------------------------------Iter69-------------------------------------
Train: final loss=0.714062, aspect loss=0.039786, opinion loss=0.000000, domain loss=0.671888, sentiment loss=0.000000, reg loss=0.000000, step=127120
Dev:   final loss=0.216944, aspect loss=0.216944, opinion loss=0.000000, sentiment loss=0.000000, reg loss=0.000000, step=127120
Dev:   aspect f1=0.3563, opinion f1=0.0000, sentiment acc==0.0000, sentiment f1==0.0000, ABSA f1==0.0000,
Test:  aspect f1=0.3563, opinion f1=0.0000, sentiment acc==0.0000, sentiment f1==0.0000, ABSA f1==0.0000,
Current Max Metrics Index : 19 Current Min Loss Index : 9 Epoch Time: 0m 15s Tau : 0.13

-------------------------------------Iter70-------------------------------------
Train: final loss=0.714054, aspect loss=0.040604, opinion loss=0.000000, domain loss=0.671730, sentiment loss=0.000000, reg loss=0.000000, step=128936
Dev:   final loss=0.211090, aspect loss=0.211090, opinion loss=0.000000, sentiment loss=0.000000, reg loss=0.000000, step=128936
Dev:   aspect f1=0.3760, opinion f1=0.0000, sentiment acc==0.0000, sentiment f1==0.0000, ABSA f1==0.0000,
Test:  aspect f1=0.3760, opinion f1=0.0000, sentiment acc==0.0000, sentiment f1==0.0000, ABSA f1==0.0000,
Current Max Metrics Index : 19 Current Min Loss Index : 9 Epoch Time: 0m 15s Tau : 0.12

-------------------------------------Iter71-------------------------------------
Train: final loss=0.714260, aspect loss=0.040049, opinion loss=0.000000, domain loss=0.671512, sentiment loss=0.000000, reg loss=0.000000, step=130752
Dev:   final loss=0.212413, aspect loss=0.212413, opinion loss=0.000000, sentiment loss=0.000000, reg loss=0.000000, step=130752
Dev:   aspect f1=0.3782, opinion f1=0.0000, sentiment acc==0.0000, sentiment f1==0.0000, ABSA f1==0.0000,
Test:  aspect f1=0.3782, opinion f1=0.0000, sentiment acc==0.0000, sentiment f1==0.0000, ABSA f1==0.0000,
Current Max Metrics Index : 19 Current Min Loss Index : 9 Epoch Time: 0m 15s Tau : 0.12

-------------------------------------Iter72-------------------------------------
Train: final loss=0.713370, aspect loss=0.039834, opinion loss=0.000000, domain loss=0.671614, sentiment loss=0.000000, reg loss=0.000000, step=132568
Dev:   final loss=0.189734, aspect loss=0.189734, opinion loss=0.000000, sentiment loss=0.000000, reg loss=0.000000, step=132568
Dev:   aspect f1=0.3815, opinion f1=0.0000, sentiment acc==0.0000, sentiment f1==0.0000, ABSA f1==0.0000,
Test:  aspect f1=0.3815, opinion f1=0.0000, sentiment acc==0.0000, sentiment f1==0.0000, ABSA f1==0.0000,
Current Max Metrics Index : 19 Current Min Loss Index : 9 Epoch Time: 0m 15s Tau : 0.12

-------------------------------------Iter73-------------------------------------
Train: final loss=0.714680, aspect loss=0.040707, opinion loss=0.000000, domain loss=0.671637, sentiment loss=0.000000, reg loss=0.000000, step=134384
Dev:   final loss=0.197968, aspect loss=0.197968, opinion loss=0.000000, sentiment loss=0.000000, reg loss=0.000000, step=134384
Dev:   aspect f1=0.3753, opinion f1=0.0000, sentiment acc==0.0000, sentiment f1==0.0000, ABSA f1==0.0000,
Test:  aspect f1=0.3753, opinion f1=0.0000, sentiment acc==0.0000, sentiment f1==0.0000, ABSA f1==0.0000,
Current Max Metrics Index : 19 Current Min Loss Index : 9 Epoch Time: 0m 15s Tau : 0.11

-------------------------------------Iter74-------------------------------------
Train: final loss=0.713891, aspect loss=0.039052, opinion loss=0.000000, domain loss=0.671745, sentiment loss=0.000000, reg loss=0.000000, step=136200
Dev:   final loss=0.200789, aspect loss=0.200789, opinion loss=0.000000, sentiment loss=0.000000, reg loss=0.000000, step=136200
Dev:   aspect f1=0.3801, opinion f1=0.0000, sentiment acc==0.0000, sentiment f1==0.0000, ABSA f1==0.0000,
Test:  aspect f1=0.3801, opinion f1=0.0000, sentiment acc==0.0000, sentiment f1==0.0000, ABSA f1==0.0000,
Current Max Metrics Index : 19 Current Min Loss Index : 9 Epoch Time: 0m 15s Tau : 0.11

-------------------------------------Iter75-------------------------------------
Train: final loss=0.714043, aspect loss=0.039085, opinion loss=0.000000, domain loss=0.671916, sentiment loss=0.000000, reg loss=0.000000, step=138016
Dev:   final loss=0.204563, aspect loss=0.204563, opinion loss=0.000000, sentiment loss=0.000000, reg loss=0.000000, step=138016
Dev:   aspect f1=0.3815, opinion f1=0.0000, sentiment acc==0.0000, sentiment f1==0.0000, ABSA f1==0.0000,
Test:  aspect f1=0.3815, opinion f1=0.0000, sentiment acc==0.0000, sentiment f1==0.0000, ABSA f1==0.0000,
Current Max Metrics Index : 19 Current Min Loss Index : 9 Epoch Time: 0m 15s Tau : 0.11

-------------------------------------Iter76-------------------------------------
Train: final loss=0.712154, aspect loss=0.038785, opinion loss=0.000000, domain loss=0.671536, sentiment loss=0.000000, reg loss=0.000000, step=139832
Dev:   final loss=0.230863, aspect loss=0.230863, opinion loss=0.000000, sentiment loss=0.000000, reg loss=0.000000, step=139832
Dev:   aspect f1=0.3737, opinion f1=0.0000, sentiment acc==0.0000, sentiment f1==0.0000, ABSA f1==0.0000,
Test:  aspect f1=0.3737, opinion f1=0.0000, sentiment acc==0.0000, sentiment f1==0.0000, ABSA f1==0.0000,
Current Max Metrics Index : 19 Current Min Loss Index : 9 Epoch Time: 0m 15s Tau : 0.10

-------------------------------------Iter77-------------------------------------
Train: final loss=0.713838, aspect loss=0.039034, opinion loss=0.000000, domain loss=0.672048, sentiment loss=0.000000, reg loss=0.000000, step=141648
Dev:   final loss=0.218412, aspect loss=0.218412, opinion loss=0.000000, sentiment loss=0.000000, reg loss=0.000000, step=141648
Dev:   aspect f1=0.3772, opinion f1=0.0000, sentiment acc==0.0000, sentiment f1==0.0000, ABSA f1==0.0000,
Test:  aspect f1=0.3772, opinion f1=0.0000, sentiment acc==0.0000, sentiment f1==0.0000, ABSA f1==0.0000,
Current Max Metrics Index : 19 Current Min Loss Index : 9 Epoch Time: 0m 15s Tau : 0.10

-------------------------------------Iter78-------------------------------------
Train: final loss=0.711969, aspect loss=0.038446, opinion loss=0.000000, domain loss=0.671712, sentiment loss=0.000000, reg loss=0.000000, step=143464
Dev:   final loss=0.183265, aspect loss=0.183265, opinion loss=0.000000, sentiment loss=0.000000, reg loss=0.000000, step=143464
Dev:   aspect f1=0.3783, opinion f1=0.0000, sentiment acc==0.0000, sentiment f1==0.0000, ABSA f1==0.0000,
Test:  aspect f1=0.3783, opinion f1=0.0000, sentiment acc==0.0000, sentiment f1==0.0000, ABSA f1==0.0000,
Current Max Metrics Index : 19 Current Min Loss Index : 9 Epoch Time: 0m 15s Tau : 0.10

-------------------------------------Iter79-------------------------------------
Train: final loss=0.712222, aspect loss=0.038545, opinion loss=0.000000, domain loss=0.671689, sentiment loss=0.000000, reg loss=0.000000, step=145280
Dev:   final loss=0.193210, aspect loss=0.193210, opinion loss=0.000000, sentiment loss=0.000000, reg loss=0.000000, step=145280
Dev:   aspect f1=0.3707, opinion f1=0.0000, sentiment acc==0.0000, sentiment f1==0.0000, ABSA f1==0.0000,
Test:  aspect f1=0.3707, opinion f1=0.0000, sentiment acc==0.0000, sentiment f1==0.0000, ABSA f1==0.0000,
Current Max Metrics Index : 19 Current Min Loss Index : 9 Epoch Time: 0m 15s Tau : 0.10

-------------------------------------Iter80-------------------------------------
Train: final loss=0.712652, aspect loss=0.038883, opinion loss=0.000000, domain loss=0.671613, sentiment loss=0.000000, reg loss=0.000000, step=147096
Dev:   final loss=0.193892, aspect loss=0.193892, opinion loss=0.000000, sentiment loss=0.000000, reg loss=0.000000, step=147096
Dev:   aspect f1=0.3675, opinion f1=0.0000, sentiment acc==0.0000, sentiment f1==0.0000, ABSA f1==0.0000,
Test:  aspect f1=0.3675, opinion f1=0.0000, sentiment acc==0.0000, sentiment f1==0.0000, ABSA f1==0.0000,
Current Max Metrics Index : 19 Current Min Loss Index : 9 Epoch Time: 0m 15s Tau : 0.10

-------------------------------------Iter81-------------------------------------
Train: final loss=0.713466, aspect loss=0.039081, opinion loss=0.000000, domain loss=0.671264, sentiment loss=0.000000, reg loss=0.000000, step=148912
Dev:   final loss=0.182573, aspect loss=0.182573, opinion loss=0.000000, sentiment loss=0.000000, reg loss=0.000000, step=148912
Dev:   aspect f1=0.3743, opinion f1=0.0000, sentiment acc==0.0000, sentiment f1==0.0000, ABSA f1==0.0000,
Test:  aspect f1=0.3743, opinion f1=0.0000, sentiment acc==0.0000, sentiment f1==0.0000, ABSA f1==0.0000,
Current Max Metrics Index : 19 Current Min Loss Index : 9 Epoch Time: 0m 15s Tau : 0.10

-------------------------------------Iter82-------------------------------------
Train: final loss=0.712841, aspect loss=0.038643, opinion loss=0.000000, domain loss=0.671529, sentiment loss=0.000000, reg loss=0.000000, step=150728
Dev:   final loss=0.211728, aspect loss=0.211728, opinion loss=0.000000, sentiment loss=0.000000, reg loss=0.000000, step=150728
Dev:   aspect f1=0.3636, opinion f1=0.0000, sentiment acc==0.0000, sentiment f1==0.0000, ABSA f1==0.0000,
Test:  aspect f1=0.3636, opinion f1=0.0000, sentiment acc==0.0000, sentiment f1==0.0000, ABSA f1==0.0000,
Current Max Metrics Index : 19 Current Min Loss Index : 9 Epoch Time: 0m 15s Tau : 0.10

-------------------------------------Iter83-------------------------------------
Train: final loss=0.711485, aspect loss=0.037803, opinion loss=0.000000, domain loss=0.671682, sentiment loss=0.000000, reg loss=0.000000, step=152544
Dev:   final loss=0.213180, aspect loss=0.213180, opinion loss=0.000000, sentiment loss=0.000000, reg loss=0.000000, step=152544
Dev:   aspect f1=0.3653, opinion f1=0.0000, sentiment acc==0.0000, sentiment f1==0.0000, ABSA f1==0.0000,
Test:  aspect f1=0.3653, opinion f1=0.0000, sentiment acc==0.0000, sentiment f1==0.0000, ABSA f1==0.0000,
Current Max Metrics Index : 19 Current Min Loss Index : 9 Epoch Time: 0m 15s Tau : 0.10

-------------------------------------Iter84-------------------------------------
Train: final loss=0.712596, aspect loss=0.038584, opinion loss=0.000000, domain loss=0.671914, sentiment loss=0.000000, reg loss=0.000000, step=154360
Dev:   final loss=0.203459, aspect loss=0.203459, opinion loss=0.000000, sentiment loss=0.000000, reg loss=0.000000, step=154360
Dev:   aspect f1=0.3687, opinion f1=0.0000, sentiment acc==0.0000, sentiment f1==0.0000, ABSA f1==0.0000,
Test:  aspect f1=0.3687, opinion f1=0.0000, sentiment acc==0.0000, sentiment f1==0.0000, ABSA f1==0.0000,
Current Max Metrics Index : 19 Current Min Loss Index : 9 Epoch Time: 0m 15s Tau : 0.10

-------------------------------------Iter85-------------------------------------
Train: final loss=0.711774, aspect loss=0.037445, opinion loss=0.000000, domain loss=0.671834, sentiment loss=0.000000, reg loss=0.000000, step=156176
Dev:   final loss=0.194665, aspect loss=0.194665, opinion loss=0.000000, sentiment loss=0.000000, reg loss=0.000000, step=156176
Dev:   aspect f1=0.3753, opinion f1=0.0000, sentiment acc==0.0000, sentiment f1==0.0000, ABSA f1==0.0000,
Test:  aspect f1=0.3753, opinion f1=0.0000, sentiment acc==0.0000, sentiment f1==0.0000, ABSA f1==0.0000,
Current Max Metrics Index : 19 Current Min Loss Index : 9 Epoch Time: 0m 15s Tau : 0.10

-------------------------------------Iter86-------------------------------------
Train: final loss=0.711448, aspect loss=0.037183, opinion loss=0.000000, domain loss=0.671811, sentiment loss=0.000000, reg loss=0.000000, step=157992
Dev:   final loss=0.190221, aspect loss=0.190221, opinion loss=0.000000, sentiment loss=0.000000, reg loss=0.000000, step=157992
Dev:   aspect f1=0.3685, opinion f1=0.0000, sentiment acc==0.0000, sentiment f1==0.0000, ABSA f1==0.0000,
Test:  aspect f1=0.3685, opinion f1=0.0000, sentiment acc==0.0000, sentiment f1==0.0000, ABSA f1==0.0000,
Current Max Metrics Index : 19 Current Min Loss Index : 9 Epoch Time: 0m 15s Tau : 0.10

-------------------------------------Iter87-------------------------------------
Train: final loss=0.711425, aspect loss=0.037148, opinion loss=0.000000, domain loss=0.671815, sentiment loss=0.000000, reg loss=0.000000, step=159808
Dev:   final loss=0.191967, aspect loss=0.191967, opinion loss=0.000000, sentiment loss=0.000000, reg loss=0.000000, step=159808
Dev:   aspect f1=0.3884, opinion f1=0.0000, sentiment acc==0.0000, sentiment f1==0.0000, ABSA f1==0.0000,
Test:  aspect f1=0.3884, opinion f1=0.0000, sentiment acc==0.0000, sentiment f1==0.0000, ABSA f1==0.0000,
Current Max Metrics Index : 19 Current Min Loss Index : 9 Epoch Time: 0m 15s Tau : 0.10

-------------------------------------Iter88-------------------------------------
Train: final loss=0.711294, aspect loss=0.037103, opinion loss=0.000000, domain loss=0.671770, sentiment loss=0.000000, reg loss=0.000000, step=161624
Dev:   final loss=0.190854, aspect loss=0.190854, opinion loss=0.000000, sentiment loss=0.000000, reg loss=0.000000, step=161624
Dev:   aspect f1=0.3772, opinion f1=0.0000, sentiment acc==0.0000, sentiment f1==0.0000, ABSA f1==0.0000,
Test:  aspect f1=0.3772, opinion f1=0.0000, sentiment acc==0.0000, sentiment f1==0.0000, ABSA f1==0.0000,
Current Max Metrics Index : 19 Current Min Loss Index : 9 Epoch Time: 0m 15s Tau : 0.10

-------------------------------------Iter89-------------------------------------
Train: final loss=0.712175, aspect loss=0.037853, opinion loss=0.000000, domain loss=0.671784, sentiment loss=0.000000, reg loss=0.000000, step=163440
Dev:   final loss=0.177535, aspect loss=0.177535, opinion loss=0.000000, sentiment loss=0.000000, reg loss=0.000000, step=163440
Dev:   aspect f1=0.3750, opinion f1=0.0000, sentiment acc==0.0000, sentiment f1==0.0000, ABSA f1==0.0000,
Test:  aspect f1=0.3750, opinion f1=0.0000, sentiment acc==0.0000, sentiment f1==0.0000, ABSA f1==0.0000,
Current Max Metrics Index : 19 Current Min Loss Index : 9 Epoch Time: 0m 15s Tau : 0.10

-------------------------------------Iter90-------------------------------------
Train: final loss=0.711087, aspect loss=0.036693, opinion loss=0.000000, domain loss=0.671594, sentiment loss=0.000000, reg loss=0.000000, step=165256
Dev:   final loss=0.187589, aspect loss=0.187589, opinion loss=0.000000, sentiment loss=0.000000, reg loss=0.000000, step=165256
Dev:   aspect f1=0.3822, opinion f1=0.0000, sentiment acc==0.0000, sentiment f1==0.0000, ABSA f1==0.0000,
Test:  aspect f1=0.3822, opinion f1=0.0000, sentiment acc==0.0000, sentiment f1==0.0000, ABSA f1==0.0000,
Current Max Metrics Index : 19 Current Min Loss Index : 9 Epoch Time: 0m 15s Tau : 0.10

-------------------------------------Iter91-------------------------------------
Train: final loss=0.711062, aspect loss=0.037205, opinion loss=0.000000, domain loss=0.671375, sentiment loss=0.000000, reg loss=0.000000, step=167072
Dev:   final loss=0.181716, aspect loss=0.181716, opinion loss=0.000000, sentiment loss=0.000000, reg loss=0.000000, step=167072
Dev:   aspect f1=0.3872, opinion f1=0.0000, sentiment acc==0.0000, sentiment f1==0.0000, ABSA f1==0.0000,
Test:  aspect f1=0.3872, opinion f1=0.0000, sentiment acc==0.0000, sentiment f1==0.0000, ABSA f1==0.0000,
Current Max Metrics Index : 19 Current Min Loss Index : 9 Epoch Time: 0m 15s Tau : 0.10

-------------------------------------Iter92-------------------------------------
Train: final loss=0.712389, aspect loss=0.037005, opinion loss=0.000000, domain loss=0.671720, sentiment loss=0.000000, reg loss=0.000000, step=168888
Dev:   final loss=0.200502, aspect loss=0.200502, opinion loss=0.000000, sentiment loss=0.000000, reg loss=0.000000, step=168888
Dev:   aspect f1=0.3692, opinion f1=0.0000, sentiment acc==0.0000, sentiment f1==0.0000, ABSA f1==0.0000,
Test:  aspect f1=0.3692, opinion f1=0.0000, sentiment acc==0.0000, sentiment f1==0.0000, ABSA f1==0.0000,
Current Max Metrics Index : 19 Current Min Loss Index : 9 Epoch Time: 0m 15s Tau : 0.10

-------------------------------------Iter93-------------------------------------
Train: final loss=0.710543, aspect loss=0.036394, opinion loss=0.000000, domain loss=0.671781, sentiment loss=0.000000, reg loss=0.000000, step=170704
Dev:   final loss=0.201422, aspect loss=0.201422, opinion loss=0.000000, sentiment loss=0.000000, reg loss=0.000000, step=170704
Dev:   aspect f1=0.3689, opinion f1=0.0000, sentiment acc==0.0000, sentiment f1==0.0000, ABSA f1==0.0000,
Test:  aspect f1=0.3689, opinion f1=0.0000, sentiment acc==0.0000, sentiment f1==0.0000, ABSA f1==0.0000,
Current Max Metrics Index : 19 Current Min Loss Index : 9 Epoch Time: 0m 15s Tau : 0.10

-------------------------------------Iter94-------------------------------------
Train: final loss=0.711339, aspect loss=0.036960, opinion loss=0.000000, domain loss=0.671695, sentiment loss=0.000000, reg loss=0.000000, step=172520
Dev:   final loss=0.189566, aspect loss=0.189566, opinion loss=0.000000, sentiment loss=0.000000, reg loss=0.000000, step=172520
Dev:   aspect f1=0.3909, opinion f1=0.0000, sentiment acc==0.0000, sentiment f1==0.0000, ABSA f1==0.0000,
Test:  aspect f1=0.3909, opinion f1=0.0000, sentiment acc==0.0000, sentiment f1==0.0000, ABSA f1==0.0000,
Current Max Metrics Index : 19 Current Min Loss Index : 9 Epoch Time: 0m 15s Tau : 0.10

-------------------------------------Iter95-------------------------------------
Train: final loss=0.710656, aspect loss=0.035576, opinion loss=0.000000, domain loss=0.671799, sentiment loss=0.000000, reg loss=0.000000, step=174336
Dev:   final loss=0.202283, aspect loss=0.202283, opinion loss=0.000000, sentiment loss=0.000000, reg loss=0.000000, step=174336
Dev:   aspect f1=0.3817, opinion f1=0.0000, sentiment acc==0.0000, sentiment f1==0.0000, ABSA f1==0.0000,
Test:  aspect f1=0.3817, opinion f1=0.0000, sentiment acc==0.0000, sentiment f1==0.0000, ABSA f1==0.0000,
Current Max Metrics Index : 19 Current Min Loss Index : 9 Epoch Time: 0m 15s Tau : 0.10

-------------------------------------Iter96-------------------------------------
Train: final loss=0.711032, aspect loss=0.036981, opinion loss=0.000000, domain loss=0.671968, sentiment loss=0.000000, reg loss=0.000000, step=176152
Dev:   final loss=0.189540, aspect loss=0.189540, opinion loss=0.000000, sentiment loss=0.000000, reg loss=0.000000, step=176152
Dev:   aspect f1=0.3837, opinion f1=0.0000, sentiment acc==0.0000, sentiment f1==0.0000, ABSA f1==0.0000,
Test:  aspect f1=0.3837, opinion f1=0.0000, sentiment acc==0.0000, sentiment f1==0.0000, ABSA f1==0.0000,
Current Max Metrics Index : 19 Current Min Loss Index : 9 Epoch Time: 0m 15s Tau : 0.10

-------------------------------------Iter97-------------------------------------
Train: final loss=0.710272, aspect loss=0.035445, opinion loss=0.000000, domain loss=0.671873, sentiment loss=0.000000, reg loss=0.000000, step=177968
Dev:   final loss=0.186260, aspect loss=0.186260, opinion loss=0.000000, sentiment loss=0.000000, reg loss=0.000000, step=177968
Dev:   aspect f1=0.3747, opinion f1=0.0000, sentiment acc==0.0000, sentiment f1==0.0000, ABSA f1==0.0000,
Test:  aspect f1=0.3747, opinion f1=0.0000, sentiment acc==0.0000, sentiment f1==0.0000, ABSA f1==0.0000,
Current Max Metrics Index : 19 Current Min Loss Index : 9 Epoch Time: 0m 15s Tau : 0.10

-------------------------------------Iter98-------------------------------------
Train: final loss=0.708546, aspect loss=0.035565, opinion loss=0.000000, domain loss=0.671192, sentiment loss=0.000000, reg loss=0.000000, step=179784
Dev:   final loss=0.190014, aspect loss=0.190014, opinion loss=0.000000, sentiment loss=0.000000, reg loss=0.000000, step=179784
Dev:   aspect f1=0.3695, opinion f1=0.0000, sentiment acc==0.0000, sentiment f1==0.0000, ABSA f1==0.0000,
Test:  aspect f1=0.3695, opinion f1=0.0000, sentiment acc==0.0000, sentiment f1==0.0000, ABSA f1==0.0000,
Current Max Metrics Index : 19 Current Min Loss Index : 9 Epoch Time: 0m 15s Tau : 0.10

-------------------------------------Iter99-------------------------------------
Train: final loss=0.708741, aspect loss=0.035391, opinion loss=0.000000, domain loss=0.671665, sentiment loss=0.000000, reg loss=0.000000, step=181600
Dev:   final loss=0.176178, aspect loss=0.176178, opinion loss=0.000000, sentiment loss=0.000000, reg loss=0.000000, step=181600
Dev:   aspect f1=0.3852, opinion f1=0.0000, sentiment acc==0.0000, sentiment f1==0.0000, ABSA f1==0.0000,
Test:  aspect f1=0.3852, opinion f1=0.0000, sentiment acc==0.0000, sentiment f1==0.0000, ABSA f1==0.0000,
Current Max Metrics Index : 19 Current Min Loss Index : 9 Epoch Time: 0m 15s Tau : 0.10

--------------------------------Mission Complete--------------------------------
Dev Max Metrics Index: 19
aspect f1=40.59, opinion f1=0.00, sentiment acc==0.00, sentiment f1==0.00, ABSA f1==0.00,
Dev Min Loss Index: 9
aspect f1=39.11, opinion f1=0.00, sentiment acc==0.00, sentiment f1==0.00, ABSA f1==0.00,
Running Time: 24m 28s
