> log file: ./log/restaurant-to-device/[SynBridge]-210519-172803.log
cuda memory allocated: 10108928
n_trainable_params: 1431975, n_nontrainable_params: 1094700
> training arguments:
>>> source: restaurant
>>> target: device
>>> use_unlabel: 1
>>> use_syntactic: 1
>>> use_semantic: 0
>>> split: 1
>>> local_bert_path: F:\NLP\BERT-BASE-UNCASED
>>> model_name: DECNN
>>> batch_size: 8
>>> learning_rate: 0.0001
>>> lr_decay: 1e-05
>>> num_epoch: 100
>>> emb_dim: 100
>>> dep_dim: 50
>>> pos_dim: 50
>>> hidden_dim: 256
>>> keep_prob: 0.5
>>> l2_reg: 1e-05
>>> beta: 0.1
>>> kernel_size: 5
>>> hop_num: 2
>>> class_num: 3
>>> cluster_num: 200
>>> cate_num: 20
>>> seed: 111
>>> log_step: 5
>>> dynamic_gate: 1
>>> valset_num: 0
>>> reuse_embedding: 1
>>> optimizer: <class 'torch.optim.adam.Adam'>
>>> initializer: <function uniform_ at 0x7fdd4ad80c80>
>>> device: cuda:0
>>> ablation: None
>>> topk: 10
>>> name: [SynBridge]
>>> dataset_file: {'train': './data/restaurant/train1/', 'unlabel': './data/device/train1/', 'test': './data/device/test1/'}
>>> model_class: <class 'models.decnn_base.DECNN'>
>>> inputs_cols: ['sentence', 'mask', 'position', 'keep_prob']
>>> max_sentence_len: 110

-------------------------------------Iter0--------------------------------------
Train: final loss=0.841511, aspect loss=0.165831, opinion loss=0.000000, domain loss=0.673152, sentiment loss=0.000000, reg loss=0.000000, step=1816
Dev:   final loss=0.239160, aspect loss=0.239160, opinion loss=0.000000, sentiment loss=0.000000, reg loss=0.000000, step=1816
Dev:   aspect f1=0.3164, opinion f1=0.0000, sentiment acc==0.0000, sentiment f1==0.0000, ABSA f1==0.0000,
Test:  aspect f1=0.3164, opinion f1=0.0000, sentiment acc==0.0000, sentiment f1==0.0000, ABSA f1==0.0000,
Current Max Metrics Index : 0 Current Min Loss Index : 0 Epoch Time: 0m 15s Tau : 1.00
>> Checkpoint Saved: state_dict/restaurant-to-device/[SynBridge]-ATE-F1-0.3164.pth

-------------------------------------Iter1--------------------------------------
Train: final loss=0.779383, aspect loss=0.108531, opinion loss=0.000000, domain loss=0.668964, sentiment loss=0.000000, reg loss=0.000000, step=3632
Dev:   final loss=0.175287, aspect loss=0.175287, opinion loss=0.000000, sentiment loss=0.000000, reg loss=0.000000, step=3632
Dev:   aspect f1=0.3784, opinion f1=0.0000, sentiment acc==0.0000, sentiment f1==0.0000, ABSA f1==0.0000,
Test:  aspect f1=0.3784, opinion f1=0.0000, sentiment acc==0.0000, sentiment f1==0.0000, ABSA f1==0.0000,
Current Max Metrics Index : 1 Current Min Loss Index : 1 Epoch Time: 0m 15s Tau : 0.97
>> Checkpoint Saved: state_dict/restaurant-to-device/[SynBridge]-ATE-F1-0.3784.pth

-------------------------------------Iter2--------------------------------------
Train: final loss=0.767974, aspect loss=0.097339, opinion loss=0.000000, domain loss=0.667567, sentiment loss=0.000000, reg loss=0.000000, step=5448
Dev:   final loss=0.177871, aspect loss=0.177871, opinion loss=0.000000, sentiment loss=0.000000, reg loss=0.000000, step=5448
Dev:   aspect f1=0.4073, opinion f1=0.0000, sentiment acc==0.0000, sentiment f1==0.0000, ABSA f1==0.0000,
Test:  aspect f1=0.4073, opinion f1=0.0000, sentiment acc==0.0000, sentiment f1==0.0000, ABSA f1==0.0000,
Current Max Metrics Index : 2 Current Min Loss Index : 1 Epoch Time: 0m 15s Tau : 0.94
>> Checkpoint Saved: state_dict/restaurant-to-device/[SynBridge]-ATE-F1-0.4073.pth

-------------------------------------Iter3--------------------------------------
Train: final loss=0.760812, aspect loss=0.091319, opinion loss=0.000000, domain loss=0.666123, sentiment loss=0.000000, reg loss=0.000000, step=7264
Dev:   final loss=0.186468, aspect loss=0.186468, opinion loss=0.000000, sentiment loss=0.000000, reg loss=0.000000, step=7264
Dev:   aspect f1=0.4046, opinion f1=0.0000, sentiment acc==0.0000, sentiment f1==0.0000, ABSA f1==0.0000,
Test:  aspect f1=0.4046, opinion f1=0.0000, sentiment acc==0.0000, sentiment f1==0.0000, ABSA f1==0.0000,
Current Max Metrics Index : 2 Current Min Loss Index : 1 Epoch Time: 0m 15s Tau : 0.91

-------------------------------------Iter4--------------------------------------
Train: final loss=0.756509, aspect loss=0.087676, opinion loss=0.000000, domain loss=0.666148, sentiment loss=0.000000, reg loss=0.000000, step=9080
Dev:   final loss=0.158851, aspect loss=0.158851, opinion loss=0.000000, sentiment loss=0.000000, reg loss=0.000000, step=9080
Dev:   aspect f1=0.4185, opinion f1=0.0000, sentiment acc==0.0000, sentiment f1==0.0000, ABSA f1==0.0000,
Test:  aspect f1=0.4185, opinion f1=0.0000, sentiment acc==0.0000, sentiment f1==0.0000, ABSA f1==0.0000,
Current Max Metrics Index : 4 Current Min Loss Index : 4 Epoch Time: 0m 14s Tau : 0.89
>> Checkpoint Saved: state_dict/restaurant-to-device/[SynBridge]-ATE-F1-0.4185.pth

-------------------------------------Iter5--------------------------------------
Train: final loss=0.754576, aspect loss=0.085118, opinion loss=0.000000, domain loss=0.667364, sentiment loss=0.000000, reg loss=0.000000, step=10896
Dev:   final loss=0.151186, aspect loss=0.151186, opinion loss=0.000000, sentiment loss=0.000000, reg loss=0.000000, step=10896
Dev:   aspect f1=0.4122, opinion f1=0.0000, sentiment acc==0.0000, sentiment f1==0.0000, ABSA f1==0.0000,
Test:  aspect f1=0.4122, opinion f1=0.0000, sentiment acc==0.0000, sentiment f1==0.0000, ABSA f1==0.0000,
Current Max Metrics Index : 4 Current Min Loss Index : 5 Epoch Time: 0m 15s Tau : 0.86

-------------------------------------Iter6--------------------------------------
Train: final loss=0.752974, aspect loss=0.081094, opinion loss=0.000000, domain loss=0.669309, sentiment loss=0.000000, reg loss=0.000000, step=12712
Dev:   final loss=0.165001, aspect loss=0.165001, opinion loss=0.000000, sentiment loss=0.000000, reg loss=0.000000, step=12712
Dev:   aspect f1=0.4332, opinion f1=0.0000, sentiment acc==0.0000, sentiment f1==0.0000, ABSA f1==0.0000,
Test:  aspect f1=0.4332, opinion f1=0.0000, sentiment acc==0.0000, sentiment f1==0.0000, ABSA f1==0.0000,
Current Max Metrics Index : 6 Current Min Loss Index : 5 Epoch Time: 0m 14s Tau : 0.84
>> Checkpoint Saved: state_dict/restaurant-to-device/[SynBridge]-ATE-F1-0.4332.pth

-------------------------------------Iter7--------------------------------------
Train: final loss=0.751606, aspect loss=0.080211, opinion loss=0.000000, domain loss=0.670162, sentiment loss=0.000000, reg loss=0.000000, step=14528
Dev:   final loss=0.166074, aspect loss=0.166074, opinion loss=0.000000, sentiment loss=0.000000, reg loss=0.000000, step=14528
Dev:   aspect f1=0.4316, opinion f1=0.0000, sentiment acc==0.0000, sentiment f1==0.0000, ABSA f1==0.0000,
Test:  aspect f1=0.4316, opinion f1=0.0000, sentiment acc==0.0000, sentiment f1==0.0000, ABSA f1==0.0000,
Current Max Metrics Index : 6 Current Min Loss Index : 5 Epoch Time: 0m 14s Tau : 0.81

-------------------------------------Iter8--------------------------------------
Train: final loss=0.749571, aspect loss=0.077579, opinion loss=0.000000, domain loss=0.669788, sentiment loss=0.000000, reg loss=0.000000, step=16344
Dev:   final loss=0.166074, aspect loss=0.166074, opinion loss=0.000000, sentiment loss=0.000000, reg loss=0.000000, step=16344
Dev:   aspect f1=0.4377, opinion f1=0.0000, sentiment acc==0.0000, sentiment f1==0.0000, ABSA f1==0.0000,
Test:  aspect f1=0.4377, opinion f1=0.0000, sentiment acc==0.0000, sentiment f1==0.0000, ABSA f1==0.0000,
Current Max Metrics Index : 8 Current Min Loss Index : 5 Epoch Time: 0m 15s Tau : 0.79
>> Checkpoint Saved: state_dict/restaurant-to-device/[SynBridge]-ATE-F1-0.4377.pth

-------------------------------------Iter9--------------------------------------
Train: final loss=0.749408, aspect loss=0.075552, opinion loss=0.000000, domain loss=0.671436, sentiment loss=0.000000, reg loss=0.000000, step=18160
Dev:   final loss=0.174514, aspect loss=0.174514, opinion loss=0.000000, sentiment loss=0.000000, reg loss=0.000000, step=18160
Dev:   aspect f1=0.4377, opinion f1=0.0000, sentiment acc==0.0000, sentiment f1==0.0000, ABSA f1==0.0000,
Test:  aspect f1=0.4377, opinion f1=0.0000, sentiment acc==0.0000, sentiment f1==0.0000, ABSA f1==0.0000,
Current Max Metrics Index : 8 Current Min Loss Index : 5 Epoch Time: 0m 15s Tau : 0.76

-------------------------------------Iter10-------------------------------------
Train: final loss=0.748661, aspect loss=0.074623, opinion loss=0.000000, domain loss=0.671039, sentiment loss=0.000000, reg loss=0.000000, step=19976
Dev:   final loss=0.161655, aspect loss=0.161655, opinion loss=0.000000, sentiment loss=0.000000, reg loss=0.000000, step=19976
Dev:   aspect f1=0.4343, opinion f1=0.0000, sentiment acc==0.0000, sentiment f1==0.0000, ABSA f1==0.0000,
Test:  aspect f1=0.4343, opinion f1=0.0000, sentiment acc==0.0000, sentiment f1==0.0000, ABSA f1==0.0000,
Current Max Metrics Index : 8 Current Min Loss Index : 5 Epoch Time: 0m 14s Tau : 0.74

-------------------------------------Iter11-------------------------------------
Train: final loss=0.747301, aspect loss=0.073242, opinion loss=0.000000, domain loss=0.671836, sentiment loss=0.000000, reg loss=0.000000, step=21792
Dev:   final loss=0.168253, aspect loss=0.168253, opinion loss=0.000000, sentiment loss=0.000000, reg loss=0.000000, step=21792
Dev:   aspect f1=0.4335, opinion f1=0.0000, sentiment acc==0.0000, sentiment f1==0.0000, ABSA f1==0.0000,
Test:  aspect f1=0.4335, opinion f1=0.0000, sentiment acc==0.0000, sentiment f1==0.0000, ABSA f1==0.0000,
Current Max Metrics Index : 8 Current Min Loss Index : 5 Epoch Time: 0m 14s Tau : 0.72

-------------------------------------Iter12-------------------------------------
Train: final loss=0.745816, aspect loss=0.072282, opinion loss=0.000000, domain loss=0.671013, sentiment loss=0.000000, reg loss=0.000000, step=23608
Dev:   final loss=0.158837, aspect loss=0.158837, opinion loss=0.000000, sentiment loss=0.000000, reg loss=0.000000, step=23608
Dev:   aspect f1=0.4355, opinion f1=0.0000, sentiment acc==0.0000, sentiment f1==0.0000, ABSA f1==0.0000,
Test:  aspect f1=0.4355, opinion f1=0.0000, sentiment acc==0.0000, sentiment f1==0.0000, ABSA f1==0.0000,
Current Max Metrics Index : 8 Current Min Loss Index : 5 Epoch Time: 0m 14s Tau : 0.70

-------------------------------------Iter13-------------------------------------
Train: final loss=0.743444, aspect loss=0.069981, opinion loss=0.000000, domain loss=0.670906, sentiment loss=0.000000, reg loss=0.000000, step=25424
Dev:   final loss=0.157249, aspect loss=0.157249, opinion loss=0.000000, sentiment loss=0.000000, reg loss=0.000000, step=25424
Dev:   aspect f1=0.4282, opinion f1=0.0000, sentiment acc==0.0000, sentiment f1==0.0000, ABSA f1==0.0000,
Test:  aspect f1=0.4282, opinion f1=0.0000, sentiment acc==0.0000, sentiment f1==0.0000, ABSA f1==0.0000,
Current Max Metrics Index : 8 Current Min Loss Index : 5 Epoch Time: 0m 14s Tau : 0.68

-------------------------------------Iter14-------------------------------------
Train: final loss=0.743551, aspect loss=0.068760, opinion loss=0.000000, domain loss=0.671639, sentiment loss=0.000000, reg loss=0.000000, step=27240
Dev:   final loss=0.170508, aspect loss=0.170508, opinion loss=0.000000, sentiment loss=0.000000, reg loss=0.000000, step=27240
Dev:   aspect f1=0.4318, opinion f1=0.0000, sentiment acc==0.0000, sentiment f1==0.0000, ABSA f1==0.0000,
Test:  aspect f1=0.4318, opinion f1=0.0000, sentiment acc==0.0000, sentiment f1==0.0000, ABSA f1==0.0000,
Current Max Metrics Index : 8 Current Min Loss Index : 5 Epoch Time: 0m 15s Tau : 0.66

-------------------------------------Iter15-------------------------------------
Train: final loss=0.743992, aspect loss=0.069277, opinion loss=0.000000, domain loss=0.672253, sentiment loss=0.000000, reg loss=0.000000, step=29056
Dev:   final loss=0.165616, aspect loss=0.165616, opinion loss=0.000000, sentiment loss=0.000000, reg loss=0.000000, step=29056
Dev:   aspect f1=0.4441, opinion f1=0.0000, sentiment acc==0.0000, sentiment f1==0.0000, ABSA f1==0.0000,
Test:  aspect f1=0.4441, opinion f1=0.0000, sentiment acc==0.0000, sentiment f1==0.0000, ABSA f1==0.0000,
Current Max Metrics Index : 15 Current Min Loss Index : 5 Epoch Time: 0m 15s Tau : 0.64
>> Checkpoint Saved: state_dict/restaurant-to-device/[SynBridge]-ATE-F1-0.4441.pth

-------------------------------------Iter16-------------------------------------
Train: final loss=0.740828, aspect loss=0.066557, opinion loss=0.000000, domain loss=0.671823, sentiment loss=0.000000, reg loss=0.000000, step=30872
Dev:   final loss=0.160863, aspect loss=0.160863, opinion loss=0.000000, sentiment loss=0.000000, reg loss=0.000000, step=30872
Dev:   aspect f1=0.4451, opinion f1=0.0000, sentiment acc==0.0000, sentiment f1==0.0000, ABSA f1==0.0000,
Test:  aspect f1=0.4451, opinion f1=0.0000, sentiment acc==0.0000, sentiment f1==0.0000, ABSA f1==0.0000,
Current Max Metrics Index : 16 Current Min Loss Index : 5 Epoch Time: 0m 15s Tau : 0.62
>> Checkpoint Saved: state_dict/restaurant-to-device/[SynBridge]-ATE-F1-0.4451.pth

-------------------------------------Iter17-------------------------------------
Train: final loss=0.740751, aspect loss=0.065964, opinion loss=0.000000, domain loss=0.671928, sentiment loss=0.000000, reg loss=0.000000, step=32688
Dev:   final loss=0.163755, aspect loss=0.163755, opinion loss=0.000000, sentiment loss=0.000000, reg loss=0.000000, step=32688
Dev:   aspect f1=0.4394, opinion f1=0.0000, sentiment acc==0.0000, sentiment f1==0.0000, ABSA f1==0.0000,
Test:  aspect f1=0.4394, opinion f1=0.0000, sentiment acc==0.0000, sentiment f1==0.0000, ABSA f1==0.0000,
Current Max Metrics Index : 16 Current Min Loss Index : 5 Epoch Time: 0m 14s Tau : 0.60

-------------------------------------Iter18-------------------------------------
Train: final loss=0.739113, aspect loss=0.064539, opinion loss=0.000000, domain loss=0.671883, sentiment loss=0.000000, reg loss=0.000000, step=34504
Dev:   final loss=0.180269, aspect loss=0.180269, opinion loss=0.000000, sentiment loss=0.000000, reg loss=0.000000, step=34504
Dev:   aspect f1=0.4170, opinion f1=0.0000, sentiment acc==0.0000, sentiment f1==0.0000, ABSA f1==0.0000,
Test:  aspect f1=0.4170, opinion f1=0.0000, sentiment acc==0.0000, sentiment f1==0.0000, ABSA f1==0.0000,
Current Max Metrics Index : 16 Current Min Loss Index : 5 Epoch Time: 0m 15s Tau : 0.58

-------------------------------------Iter19-------------------------------------
Train: final loss=0.739548, aspect loss=0.064691, opinion loss=0.000000, domain loss=0.672001, sentiment loss=0.000000, reg loss=0.000000, step=36320
Dev:   final loss=0.162907, aspect loss=0.162907, opinion loss=0.000000, sentiment loss=0.000000, reg loss=0.000000, step=36320
Dev:   aspect f1=0.4329, opinion f1=0.0000, sentiment acc==0.0000, sentiment f1==0.0000, ABSA f1==0.0000,
Test:  aspect f1=0.4329, opinion f1=0.0000, sentiment acc==0.0000, sentiment f1==0.0000, ABSA f1==0.0000,
Current Max Metrics Index : 16 Current Min Loss Index : 5 Epoch Time: 0m 15s Tau : 0.57

-------------------------------------Iter20-------------------------------------
Train: final loss=0.737395, aspect loss=0.062871, opinion loss=0.000000, domain loss=0.671813, sentiment loss=0.000000, reg loss=0.000000, step=38136
Dev:   final loss=0.177397, aspect loss=0.177397, opinion loss=0.000000, sentiment loss=0.000000, reg loss=0.000000, step=38136
Dev:   aspect f1=0.4225, opinion f1=0.0000, sentiment acc==0.0000, sentiment f1==0.0000, ABSA f1==0.0000,
Test:  aspect f1=0.4225, opinion f1=0.0000, sentiment acc==0.0000, sentiment f1==0.0000, ABSA f1==0.0000,
Current Max Metrics Index : 16 Current Min Loss Index : 5 Epoch Time: 0m 15s Tau : 0.55

-------------------------------------Iter21-------------------------------------
Train: final loss=0.735453, aspect loss=0.063008, opinion loss=0.000000, domain loss=0.670815, sentiment loss=0.000000, reg loss=0.000000, step=39952
Dev:   final loss=0.176359, aspect loss=0.176359, opinion loss=0.000000, sentiment loss=0.000000, reg loss=0.000000, step=39952
Dev:   aspect f1=0.4308, opinion f1=0.0000, sentiment acc==0.0000, sentiment f1==0.0000, ABSA f1==0.0000,
Test:  aspect f1=0.4308, opinion f1=0.0000, sentiment acc==0.0000, sentiment f1==0.0000, ABSA f1==0.0000,
Current Max Metrics Index : 16 Current Min Loss Index : 5 Epoch Time: 0m 14s Tau : 0.53

-------------------------------------Iter22-------------------------------------
Train: final loss=0.736802, aspect loss=0.062178, opinion loss=0.000000, domain loss=0.672046, sentiment loss=0.000000, reg loss=0.000000, step=41768
Dev:   final loss=0.167694, aspect loss=0.167694, opinion loss=0.000000, sentiment loss=0.000000, reg loss=0.000000, step=41768
Dev:   aspect f1=0.4386, opinion f1=0.0000, sentiment acc==0.0000, sentiment f1==0.0000, ABSA f1==0.0000,
Test:  aspect f1=0.4386, opinion f1=0.0000, sentiment acc==0.0000, sentiment f1==0.0000, ABSA f1==0.0000,
Current Max Metrics Index : 16 Current Min Loss Index : 5 Epoch Time: 0m 14s Tau : 0.52

-------------------------------------Iter23-------------------------------------
Train: final loss=0.734444, aspect loss=0.060620, opinion loss=0.000000, domain loss=0.671447, sentiment loss=0.000000, reg loss=0.000000, step=43584
Dev:   final loss=0.168002, aspect loss=0.168002, opinion loss=0.000000, sentiment loss=0.000000, reg loss=0.000000, step=43584
Dev:   aspect f1=0.4222, opinion f1=0.0000, sentiment acc==0.0000, sentiment f1==0.0000, ABSA f1==0.0000,
Test:  aspect f1=0.4222, opinion f1=0.0000, sentiment acc==0.0000, sentiment f1==0.0000, ABSA f1==0.0000,
Current Max Metrics Index : 16 Current Min Loss Index : 5 Epoch Time: 0m 15s Tau : 0.50

-------------------------------------Iter24-------------------------------------
Train: final loss=0.734584, aspect loss=0.060266, opinion loss=0.000000, domain loss=0.671600, sentiment loss=0.000000, reg loss=0.000000, step=45400
Dev:   final loss=0.177844, aspect loss=0.177844, opinion loss=0.000000, sentiment loss=0.000000, reg loss=0.000000, step=45400
Dev:   aspect f1=0.4157, opinion f1=0.0000, sentiment acc==0.0000, sentiment f1==0.0000, ABSA f1==0.0000,
Test:  aspect f1=0.4157, opinion f1=0.0000, sentiment acc==0.0000, sentiment f1==0.0000, ABSA f1==0.0000,
Current Max Metrics Index : 16 Current Min Loss Index : 5 Epoch Time: 0m 15s Tau : 0.49

-------------------------------------Iter25-------------------------------------
Train: final loss=0.733496, aspect loss=0.058838, opinion loss=0.000000, domain loss=0.671784, sentiment loss=0.000000, reg loss=0.000000, step=47216
Dev:   final loss=0.183001, aspect loss=0.183001, opinion loss=0.000000, sentiment loss=0.000000, reg loss=0.000000, step=47216
Dev:   aspect f1=0.4151, opinion f1=0.0000, sentiment acc==0.0000, sentiment f1==0.0000, ABSA f1==0.0000,
Test:  aspect f1=0.4151, opinion f1=0.0000, sentiment acc==0.0000, sentiment f1==0.0000, ABSA f1==0.0000,
Current Max Metrics Index : 16 Current Min Loss Index : 5 Epoch Time: 0m 15s Tau : 0.47

-------------------------------------Iter26-------------------------------------
Train: final loss=0.733721, aspect loss=0.059060, opinion loss=0.000000, domain loss=0.671833, sentiment loss=0.000000, reg loss=0.000000, step=49032
Dev:   final loss=0.170656, aspect loss=0.170656, opinion loss=0.000000, sentiment loss=0.000000, reg loss=0.000000, step=49032
Dev:   aspect f1=0.4151, opinion f1=0.0000, sentiment acc==0.0000, sentiment f1==0.0000, ABSA f1==0.0000,
Test:  aspect f1=0.4151, opinion f1=0.0000, sentiment acc==0.0000, sentiment f1==0.0000, ABSA f1==0.0000,
Current Max Metrics Index : 16 Current Min Loss Index : 5 Epoch Time: 0m 14s Tau : 0.46

-------------------------------------Iter27-------------------------------------
Train: final loss=0.732446, aspect loss=0.058798, opinion loss=0.000000, domain loss=0.671562, sentiment loss=0.000000, reg loss=0.000000, step=50848
Dev:   final loss=0.175457, aspect loss=0.175457, opinion loss=0.000000, sentiment loss=0.000000, reg loss=0.000000, step=50848
Dev:   aspect f1=0.4227, opinion f1=0.0000, sentiment acc==0.0000, sentiment f1==0.0000, ABSA f1==0.0000,
Test:  aspect f1=0.4227, opinion f1=0.0000, sentiment acc==0.0000, sentiment f1==0.0000, ABSA f1==0.0000,
Current Max Metrics Index : 16 Current Min Loss Index : 5 Epoch Time: 0m 15s Tau : 0.44

-------------------------------------Iter28-------------------------------------
Train: final loss=0.730485, aspect loss=0.057004, opinion loss=0.000000, domain loss=0.671528, sentiment loss=0.000000, reg loss=0.000000, step=52664
Dev:   final loss=0.184579, aspect loss=0.184579, opinion loss=0.000000, sentiment loss=0.000000, reg loss=0.000000, step=52664
Dev:   aspect f1=0.4175, opinion f1=0.0000, sentiment acc==0.0000, sentiment f1==0.0000, ABSA f1==0.0000,
Test:  aspect f1=0.4175, opinion f1=0.0000, sentiment acc==0.0000, sentiment f1==0.0000, ABSA f1==0.0000,
Current Max Metrics Index : 16 Current Min Loss Index : 5 Epoch Time: 0m 14s Tau : 0.43

-------------------------------------Iter29-------------------------------------
Train: final loss=0.730500, aspect loss=0.056494, opinion loss=0.000000, domain loss=0.671424, sentiment loss=0.000000, reg loss=0.000000, step=54480
Dev:   final loss=0.169989, aspect loss=0.169989, opinion loss=0.000000, sentiment loss=0.000000, reg loss=0.000000, step=54480
Dev:   aspect f1=0.4246, opinion f1=0.0000, sentiment acc==0.0000, sentiment f1==0.0000, ABSA f1==0.0000,
Test:  aspect f1=0.4246, opinion f1=0.0000, sentiment acc==0.0000, sentiment f1==0.0000, ABSA f1==0.0000,
Current Max Metrics Index : 16 Current Min Loss Index : 5 Epoch Time: 0m 15s Tau : 0.42

-------------------------------------Iter30-------------------------------------
Train: final loss=0.731396, aspect loss=0.055701, opinion loss=0.000000, domain loss=0.672548, sentiment loss=0.000000, reg loss=0.000000, step=56296
Dev:   final loss=0.170384, aspect loss=0.170384, opinion loss=0.000000, sentiment loss=0.000000, reg loss=0.000000, step=56296
Dev:   aspect f1=0.4241, opinion f1=0.0000, sentiment acc==0.0000, sentiment f1==0.0000, ABSA f1==0.0000,
Test:  aspect f1=0.4241, opinion f1=0.0000, sentiment acc==0.0000, sentiment f1==0.0000, ABSA f1==0.0000,
Current Max Metrics Index : 16 Current Min Loss Index : 5 Epoch Time: 0m 14s Tau : 0.41

-------------------------------------Iter31-------------------------------------
Train: final loss=0.729156, aspect loss=0.055267, opinion loss=0.000000, domain loss=0.671716, sentiment loss=0.000000, reg loss=0.000000, step=58112
Dev:   final loss=0.173158, aspect loss=0.173158, opinion loss=0.000000, sentiment loss=0.000000, reg loss=0.000000, step=58112
Dev:   aspect f1=0.4108, opinion f1=0.0000, sentiment acc==0.0000, sentiment f1==0.0000, ABSA f1==0.0000,
Test:  aspect f1=0.4108, opinion f1=0.0000, sentiment acc==0.0000, sentiment f1==0.0000, ABSA f1==0.0000,
Current Max Metrics Index : 16 Current Min Loss Index : 5 Epoch Time: 0m 15s Tau : 0.39

-------------------------------------Iter32-------------------------------------
Train: final loss=0.729284, aspect loss=0.054785, opinion loss=0.000000, domain loss=0.672010, sentiment loss=0.000000, reg loss=0.000000, step=59928
Dev:   final loss=0.177999, aspect loss=0.177999, opinion loss=0.000000, sentiment loss=0.000000, reg loss=0.000000, step=59928
Dev:   aspect f1=0.4124, opinion f1=0.0000, sentiment acc==0.0000, sentiment f1==0.0000, ABSA f1==0.0000,
Test:  aspect f1=0.4124, opinion f1=0.0000, sentiment acc==0.0000, sentiment f1==0.0000, ABSA f1==0.0000,
Current Max Metrics Index : 16 Current Min Loss Index : 5 Epoch Time: 0m 15s Tau : 0.38

-------------------------------------Iter33-------------------------------------
Train: final loss=0.729351, aspect loss=0.053900, opinion loss=0.000000, domain loss=0.672196, sentiment loss=0.000000, reg loss=0.000000, step=61744
Dev:   final loss=0.189171, aspect loss=0.189171, opinion loss=0.000000, sentiment loss=0.000000, reg loss=0.000000, step=61744
Dev:   aspect f1=0.4080, opinion f1=0.0000, sentiment acc==0.0000, sentiment f1==0.0000, ABSA f1==0.0000,
Test:  aspect f1=0.4080, opinion f1=0.0000, sentiment acc==0.0000, sentiment f1==0.0000, ABSA f1==0.0000,
Current Max Metrics Index : 16 Current Min Loss Index : 5 Epoch Time: 0m 15s Tau : 0.37

-------------------------------------Iter34-------------------------------------
Train: final loss=0.728508, aspect loss=0.053902, opinion loss=0.000000, domain loss=0.671421, sentiment loss=0.000000, reg loss=0.000000, step=63560
Dev:   final loss=0.183646, aspect loss=0.183646, opinion loss=0.000000, sentiment loss=0.000000, reg loss=0.000000, step=63560
Dev:   aspect f1=0.4145, opinion f1=0.0000, sentiment acc==0.0000, sentiment f1==0.0000, ABSA f1==0.0000,
Test:  aspect f1=0.4145, opinion f1=0.0000, sentiment acc==0.0000, sentiment f1==0.0000, ABSA f1==0.0000,
Current Max Metrics Index : 16 Current Min Loss Index : 5 Epoch Time: 0m 14s Tau : 0.36

-------------------------------------Iter35-------------------------------------
Train: final loss=0.727371, aspect loss=0.053035, opinion loss=0.000000, domain loss=0.671893, sentiment loss=0.000000, reg loss=0.000000, step=65376
Dev:   final loss=0.184209, aspect loss=0.184209, opinion loss=0.000000, sentiment loss=0.000000, reg loss=0.000000, step=65376
Dev:   aspect f1=0.4158, opinion f1=0.0000, sentiment acc==0.0000, sentiment f1==0.0000, ABSA f1==0.0000,
Test:  aspect f1=0.4158, opinion f1=0.0000, sentiment acc==0.0000, sentiment f1==0.0000, ABSA f1==0.0000,
Current Max Metrics Index : 16 Current Min Loss Index : 5 Epoch Time: 0m 15s Tau : 0.35

-------------------------------------Iter36-------------------------------------
Train: final loss=0.726478, aspect loss=0.052769, opinion loss=0.000000, domain loss=0.671516, sentiment loss=0.000000, reg loss=0.000000, step=67192
Dev:   final loss=0.195480, aspect loss=0.195480, opinion loss=0.000000, sentiment loss=0.000000, reg loss=0.000000, step=67192
Dev:   aspect f1=0.4087, opinion f1=0.0000, sentiment acc==0.0000, sentiment f1==0.0000, ABSA f1==0.0000,
Test:  aspect f1=0.4087, opinion f1=0.0000, sentiment acc==0.0000, sentiment f1==0.0000, ABSA f1==0.0000,
Current Max Metrics Index : 16 Current Min Loss Index : 5 Epoch Time: 0m 15s Tau : 0.34

-------------------------------------Iter37-------------------------------------
Train: final loss=0.726634, aspect loss=0.052018, opinion loss=0.000000, domain loss=0.671939, sentiment loss=0.000000, reg loss=0.000000, step=69008
Dev:   final loss=0.183497, aspect loss=0.183497, opinion loss=0.000000, sentiment loss=0.000000, reg loss=0.000000, step=69008
Dev:   aspect f1=0.4174, opinion f1=0.0000, sentiment acc==0.0000, sentiment f1==0.0000, ABSA f1==0.0000,
Test:  aspect f1=0.4174, opinion f1=0.0000, sentiment acc==0.0000, sentiment f1==0.0000, ABSA f1==0.0000,
Current Max Metrics Index : 16 Current Min Loss Index : 5 Epoch Time: 0m 15s Tau : 0.33

-------------------------------------Iter38-------------------------------------
Train: final loss=0.725149, aspect loss=0.051144, opinion loss=0.000000, domain loss=0.671441, sentiment loss=0.000000, reg loss=0.000000, step=70824
Dev:   final loss=0.195567, aspect loss=0.195567, opinion loss=0.000000, sentiment loss=0.000000, reg loss=0.000000, step=70824
Dev:   aspect f1=0.4078, opinion f1=0.0000, sentiment acc==0.0000, sentiment f1==0.0000, ABSA f1==0.0000,
Test:  aspect f1=0.4078, opinion f1=0.0000, sentiment acc==0.0000, sentiment f1==0.0000, ABSA f1==0.0000,
Current Max Metrics Index : 16 Current Min Loss Index : 5 Epoch Time: 0m 15s Tau : 0.32

-------------------------------------Iter39-------------------------------------
Train: final loss=0.724345, aspect loss=0.050566, opinion loss=0.000000, domain loss=0.671887, sentiment loss=0.000000, reg loss=0.000000, step=72640
Dev:   final loss=0.191480, aspect loss=0.191480, opinion loss=0.000000, sentiment loss=0.000000, reg loss=0.000000, step=72640
Dev:   aspect f1=0.4075, opinion f1=0.0000, sentiment acc==0.0000, sentiment f1==0.0000, ABSA f1==0.0000,
Test:  aspect f1=0.4075, opinion f1=0.0000, sentiment acc==0.0000, sentiment f1==0.0000, ABSA f1==0.0000,
Current Max Metrics Index : 16 Current Min Loss Index : 5 Epoch Time: 0m 15s Tau : 0.31

-------------------------------------Iter40-------------------------------------
Train: final loss=0.724920, aspect loss=0.051151, opinion loss=0.000000, domain loss=0.671610, sentiment loss=0.000000, reg loss=0.000000, step=74456
Dev:   final loss=0.199402, aspect loss=0.199402, opinion loss=0.000000, sentiment loss=0.000000, reg loss=0.000000, step=74456
Dev:   aspect f1=0.4073, opinion f1=0.0000, sentiment acc==0.0000, sentiment f1==0.0000, ABSA f1==0.0000,
Test:  aspect f1=0.4073, opinion f1=0.0000, sentiment acc==0.0000, sentiment f1==0.0000, ABSA f1==0.0000,
Current Max Metrics Index : 16 Current Min Loss Index : 5 Epoch Time: 0m 14s Tau : 0.30

-------------------------------------Iter41-------------------------------------
Train: final loss=0.724311, aspect loss=0.049822, opinion loss=0.000000, domain loss=0.671700, sentiment loss=0.000000, reg loss=0.000000, step=76272
Dev:   final loss=0.196990, aspect loss=0.196990, opinion loss=0.000000, sentiment loss=0.000000, reg loss=0.000000, step=76272
Dev:   aspect f1=0.4091, opinion f1=0.0000, sentiment acc==0.0000, sentiment f1==0.0000, ABSA f1==0.0000,
Test:  aspect f1=0.4091, opinion f1=0.0000, sentiment acc==0.0000, sentiment f1==0.0000, ABSA f1==0.0000,
Current Max Metrics Index : 16 Current Min Loss Index : 5 Epoch Time: 0m 15s Tau : 0.29

-------------------------------------Iter42-------------------------------------
Train: final loss=0.723753, aspect loss=0.049294, opinion loss=0.000000, domain loss=0.671891, sentiment loss=0.000000, reg loss=0.000000, step=78088
Dev:   final loss=0.196304, aspect loss=0.196304, opinion loss=0.000000, sentiment loss=0.000000, reg loss=0.000000, step=78088
Dev:   aspect f1=0.4055, opinion f1=0.0000, sentiment acc==0.0000, sentiment f1==0.0000, ABSA f1==0.0000,
Test:  aspect f1=0.4055, opinion f1=0.0000, sentiment acc==0.0000, sentiment f1==0.0000, ABSA f1==0.0000,
Current Max Metrics Index : 16 Current Min Loss Index : 5 Epoch Time: 0m 15s Tau : 0.28

-------------------------------------Iter43-------------------------------------
Train: final loss=0.722102, aspect loss=0.048169, opinion loss=0.000000, domain loss=0.671398, sentiment loss=0.000000, reg loss=0.000000, step=79904
Dev:   final loss=0.196911, aspect loss=0.196911, opinion loss=0.000000, sentiment loss=0.000000, reg loss=0.000000, step=79904
Dev:   aspect f1=0.4027, opinion f1=0.0000, sentiment acc==0.0000, sentiment f1==0.0000, ABSA f1==0.0000,
Test:  aspect f1=0.4027, opinion f1=0.0000, sentiment acc==0.0000, sentiment f1==0.0000, ABSA f1==0.0000,
Current Max Metrics Index : 16 Current Min Loss Index : 5 Epoch Time: 0m 15s Tau : 0.28

-------------------------------------Iter44-------------------------------------
Train: final loss=0.723328, aspect loss=0.048756, opinion loss=0.000000, domain loss=0.671756, sentiment loss=0.000000, reg loss=0.000000, step=81720
Dev:   final loss=0.182936, aspect loss=0.182936, opinion loss=0.000000, sentiment loss=0.000000, reg loss=0.000000, step=81720
Dev:   aspect f1=0.4069, opinion f1=0.0000, sentiment acc==0.0000, sentiment f1==0.0000, ABSA f1==0.0000,
Test:  aspect f1=0.4069, opinion f1=0.0000, sentiment acc==0.0000, sentiment f1==0.0000, ABSA f1==0.0000,
Current Max Metrics Index : 16 Current Min Loss Index : 5 Epoch Time: 0m 15s Tau : 0.27

-------------------------------------Iter45-------------------------------------
Train: final loss=0.722315, aspect loss=0.048044, opinion loss=0.000000, domain loss=0.671808, sentiment loss=0.000000, reg loss=0.000000, step=83536
Dev:   final loss=0.186175, aspect loss=0.186175, opinion loss=0.000000, sentiment loss=0.000000, reg loss=0.000000, step=83536
Dev:   aspect f1=0.4115, opinion f1=0.0000, sentiment acc==0.0000, sentiment f1==0.0000, ABSA f1==0.0000,
Test:  aspect f1=0.4115, opinion f1=0.0000, sentiment acc==0.0000, sentiment f1==0.0000, ABSA f1==0.0000,
Current Max Metrics Index : 16 Current Min Loss Index : 5 Epoch Time: 0m 15s Tau : 0.26

-------------------------------------Iter46-------------------------------------
Train: final loss=0.722971, aspect loss=0.048424, opinion loss=0.000000, domain loss=0.671635, sentiment loss=0.000000, reg loss=0.000000, step=85352
Dev:   final loss=0.188600, aspect loss=0.188600, opinion loss=0.000000, sentiment loss=0.000000, reg loss=0.000000, step=85352
Dev:   aspect f1=0.4053, opinion f1=0.0000, sentiment acc==0.0000, sentiment f1==0.0000, ABSA f1==0.0000,
Test:  aspect f1=0.4053, opinion f1=0.0000, sentiment acc==0.0000, sentiment f1==0.0000, ABSA f1==0.0000,
Current Max Metrics Index : 16 Current Min Loss Index : 5 Epoch Time: 0m 15s Tau : 0.25

-------------------------------------Iter47-------------------------------------
Train: final loss=0.721663, aspect loss=0.047867, opinion loss=0.000000, domain loss=0.671821, sentiment loss=0.000000, reg loss=0.000000, step=87168
Dev:   final loss=0.189466, aspect loss=0.189466, opinion loss=0.000000, sentiment loss=0.000000, reg loss=0.000000, step=87168
Dev:   aspect f1=0.4048, opinion f1=0.0000, sentiment acc==0.0000, sentiment f1==0.0000, ABSA f1==0.0000,
Test:  aspect f1=0.4048, opinion f1=0.0000, sentiment acc==0.0000, sentiment f1==0.0000, ABSA f1==0.0000,
Current Max Metrics Index : 16 Current Min Loss Index : 5 Epoch Time: 0m 15s Tau : 0.24

-------------------------------------Iter48-------------------------------------
Train: final loss=0.721769, aspect loss=0.046764, opinion loss=0.000000, domain loss=0.671881, sentiment loss=0.000000, reg loss=0.000000, step=88984
Dev:   final loss=0.194764, aspect loss=0.194764, opinion loss=0.000000, sentiment loss=0.000000, reg loss=0.000000, step=88984
Dev:   aspect f1=0.4021, opinion f1=0.0000, sentiment acc==0.0000, sentiment f1==0.0000, ABSA f1==0.0000,
Test:  aspect f1=0.4021, opinion f1=0.0000, sentiment acc==0.0000, sentiment f1==0.0000, ABSA f1==0.0000,
Current Max Metrics Index : 16 Current Min Loss Index : 5 Epoch Time: 0m 15s Tau : 0.24

-------------------------------------Iter49-------------------------------------
Train: final loss=0.719629, aspect loss=0.046236, opinion loss=0.000000, domain loss=0.671409, sentiment loss=0.000000, reg loss=0.000000, step=90800
Dev:   final loss=0.195685, aspect loss=0.195685, opinion loss=0.000000, sentiment loss=0.000000, reg loss=0.000000, step=90800
Dev:   aspect f1=0.4002, opinion f1=0.0000, sentiment acc==0.0000, sentiment f1==0.0000, ABSA f1==0.0000,
Test:  aspect f1=0.4002, opinion f1=0.0000, sentiment acc==0.0000, sentiment f1==0.0000, ABSA f1==0.0000,
Current Max Metrics Index : 16 Current Min Loss Index : 5 Epoch Time: 0m 15s Tau : 0.23

-------------------------------------Iter50-------------------------------------
Train: final loss=0.720968, aspect loss=0.046580, opinion loss=0.000000, domain loss=0.671869, sentiment loss=0.000000, reg loss=0.000000, step=92616
Dev:   final loss=0.199568, aspect loss=0.199568, opinion loss=0.000000, sentiment loss=0.000000, reg loss=0.000000, step=92616
Dev:   aspect f1=0.3995, opinion f1=0.0000, sentiment acc==0.0000, sentiment f1==0.0000, ABSA f1==0.0000,
Test:  aspect f1=0.3995, opinion f1=0.0000, sentiment acc==0.0000, sentiment f1==0.0000, ABSA f1==0.0000,
Current Max Metrics Index : 16 Current Min Loss Index : 5 Epoch Time: 0m 15s Tau : 0.22

-------------------------------------Iter51-------------------------------------
Train: final loss=0.719904, aspect loss=0.045312, opinion loss=0.000000, domain loss=0.671777, sentiment loss=0.000000, reg loss=0.000000, step=94432
Dev:   final loss=0.180685, aspect loss=0.180685, opinion loss=0.000000, sentiment loss=0.000000, reg loss=0.000000, step=94432
Dev:   aspect f1=0.4098, opinion f1=0.0000, sentiment acc==0.0000, sentiment f1==0.0000, ABSA f1==0.0000,
Test:  aspect f1=0.4098, opinion f1=0.0000, sentiment acc==0.0000, sentiment f1==0.0000, ABSA f1==0.0000,
Current Max Metrics Index : 16 Current Min Loss Index : 5 Epoch Time: 0m 14s Tau : 0.22

-------------------------------------Iter52-------------------------------------
Train: final loss=0.720439, aspect loss=0.045935, opinion loss=0.000000, domain loss=0.671922, sentiment loss=0.000000, reg loss=0.000000, step=96248
Dev:   final loss=0.206487, aspect loss=0.206487, opinion loss=0.000000, sentiment loss=0.000000, reg loss=0.000000, step=96248
Dev:   aspect f1=0.3863, opinion f1=0.0000, sentiment acc==0.0000, sentiment f1==0.0000, ABSA f1==0.0000,
Test:  aspect f1=0.3863, opinion f1=0.0000, sentiment acc==0.0000, sentiment f1==0.0000, ABSA f1==0.0000,
Current Max Metrics Index : 16 Current Min Loss Index : 5 Epoch Time: 0m 15s Tau : 0.21

-------------------------------------Iter53-------------------------------------
Train: final loss=0.719328, aspect loss=0.044747, opinion loss=0.000000, domain loss=0.671647, sentiment loss=0.000000, reg loss=0.000000, step=98064
Dev:   final loss=0.202836, aspect loss=0.202836, opinion loss=0.000000, sentiment loss=0.000000, reg loss=0.000000, step=98064
Dev:   aspect f1=0.3888, opinion f1=0.0000, sentiment acc==0.0000, sentiment f1==0.0000, ABSA f1==0.0000,
Test:  aspect f1=0.3888, opinion f1=0.0000, sentiment acc==0.0000, sentiment f1==0.0000, ABSA f1==0.0000,
Current Max Metrics Index : 16 Current Min Loss Index : 5 Epoch Time: 0m 14s Tau : 0.20

-------------------------------------Iter54-------------------------------------
Train: final loss=0.719196, aspect loss=0.044176, opinion loss=0.000000, domain loss=0.671936, sentiment loss=0.000000, reg loss=0.000000, step=99880
Dev:   final loss=0.209811, aspect loss=0.209811, opinion loss=0.000000, sentiment loss=0.000000, reg loss=0.000000, step=99880
Dev:   aspect f1=0.3968, opinion f1=0.0000, sentiment acc==0.0000, sentiment f1==0.0000, ABSA f1==0.0000,
Test:  aspect f1=0.3968, opinion f1=0.0000, sentiment acc==0.0000, sentiment f1==0.0000, ABSA f1==0.0000,
Current Max Metrics Index : 16 Current Min Loss Index : 5 Epoch Time: 0m 14s Tau : 0.20

-------------------------------------Iter55-------------------------------------
Train: final loss=0.719306, aspect loss=0.044924, opinion loss=0.000000, domain loss=0.671654, sentiment loss=0.000000, reg loss=0.000000, step=101696
Dev:   final loss=0.206633, aspect loss=0.206633, opinion loss=0.000000, sentiment loss=0.000000, reg loss=0.000000, step=101696
Dev:   aspect f1=0.4096, opinion f1=0.0000, sentiment acc==0.0000, sentiment f1==0.0000, ABSA f1==0.0000,
Test:  aspect f1=0.4096, opinion f1=0.0000, sentiment acc==0.0000, sentiment f1==0.0000, ABSA f1==0.0000,
Current Max Metrics Index : 16 Current Min Loss Index : 5 Epoch Time: 0m 15s Tau : 0.19

-------------------------------------Iter56-------------------------------------
Train: final loss=0.718978, aspect loss=0.044012, opinion loss=0.000000, domain loss=0.671776, sentiment loss=0.000000, reg loss=0.000000, step=103512
Dev:   final loss=0.200128, aspect loss=0.200128, opinion loss=0.000000, sentiment loss=0.000000, reg loss=0.000000, step=103512
Dev:   aspect f1=0.4013, opinion f1=0.0000, sentiment acc==0.0000, sentiment f1==0.0000, ABSA f1==0.0000,
Test:  aspect f1=0.4013, opinion f1=0.0000, sentiment acc==0.0000, sentiment f1==0.0000, ABSA f1==0.0000,
Current Max Metrics Index : 16 Current Min Loss Index : 5 Epoch Time: 0m 15s Tau : 0.19

-------------------------------------Iter57-------------------------------------
Train: final loss=0.719320, aspect loss=0.043871, opinion loss=0.000000, domain loss=0.671845, sentiment loss=0.000000, reg loss=0.000000, step=105328
Dev:   final loss=0.199580, aspect loss=0.199580, opinion loss=0.000000, sentiment loss=0.000000, reg loss=0.000000, step=105328
Dev:   aspect f1=0.4066, opinion f1=0.0000, sentiment acc==0.0000, sentiment f1==0.0000, ABSA f1==0.0000,
Test:  aspect f1=0.4066, opinion f1=0.0000, sentiment acc==0.0000, sentiment f1==0.0000, ABSA f1==0.0000,
Current Max Metrics Index : 16 Current Min Loss Index : 5 Epoch Time: 0m 15s Tau : 0.18

-------------------------------------Iter58-------------------------------------
Train: final loss=0.717822, aspect loss=0.043797, opinion loss=0.000000, domain loss=0.671982, sentiment loss=0.000000, reg loss=0.000000, step=107144
Dev:   final loss=0.193214, aspect loss=0.193214, opinion loss=0.000000, sentiment loss=0.000000, reg loss=0.000000, step=107144
Dev:   aspect f1=0.4023, opinion f1=0.0000, sentiment acc==0.0000, sentiment f1==0.0000, ABSA f1==0.0000,
Test:  aspect f1=0.4023, opinion f1=0.0000, sentiment acc==0.0000, sentiment f1==0.0000, ABSA f1==0.0000,
Current Max Metrics Index : 16 Current Min Loss Index : 5 Epoch Time: 0m 15s Tau : 0.18

-------------------------------------Iter59-------------------------------------
Train: final loss=0.718110, aspect loss=0.043284, opinion loss=0.000000, domain loss=0.671720, sentiment loss=0.000000, reg loss=0.000000, step=108960
Dev:   final loss=0.211882, aspect loss=0.211882, opinion loss=0.000000, sentiment loss=0.000000, reg loss=0.000000, step=108960
Dev:   aspect f1=0.3932, opinion f1=0.0000, sentiment acc==0.0000, sentiment f1==0.0000, ABSA f1==0.0000,
Test:  aspect f1=0.3932, opinion f1=0.0000, sentiment acc==0.0000, sentiment f1==0.0000, ABSA f1==0.0000,
Current Max Metrics Index : 16 Current Min Loss Index : 5 Epoch Time: 0m 15s Tau : 0.17

-------------------------------------Iter60-------------------------------------
Train: final loss=0.717286, aspect loss=0.043489, opinion loss=0.000000, domain loss=0.671678, sentiment loss=0.000000, reg loss=0.000000, step=110776
Dev:   final loss=0.189816, aspect loss=0.189816, opinion loss=0.000000, sentiment loss=0.000000, reg loss=0.000000, step=110776
Dev:   aspect f1=0.4003, opinion f1=0.0000, sentiment acc==0.0000, sentiment f1==0.0000, ABSA f1==0.0000,
Test:  aspect f1=0.4003, opinion f1=0.0000, sentiment acc==0.0000, sentiment f1==0.0000, ABSA f1==0.0000,
Current Max Metrics Index : 16 Current Min Loss Index : 5 Epoch Time: 0m 15s Tau : 0.17

-------------------------------------Iter61-------------------------------------
Train: final loss=0.716811, aspect loss=0.043292, opinion loss=0.000000, domain loss=0.671318, sentiment loss=0.000000, reg loss=0.000000, step=112592
Dev:   final loss=0.228495, aspect loss=0.228495, opinion loss=0.000000, sentiment loss=0.000000, reg loss=0.000000, step=112592
Dev:   aspect f1=0.3831, opinion f1=0.0000, sentiment acc==0.0000, sentiment f1==0.0000, ABSA f1==0.0000,
Test:  aspect f1=0.3831, opinion f1=0.0000, sentiment acc==0.0000, sentiment f1==0.0000, ABSA f1==0.0000,
Current Max Metrics Index : 16 Current Min Loss Index : 5 Epoch Time: 0m 15s Tau : 0.16

-------------------------------------Iter62-------------------------------------
Train: final loss=0.718737, aspect loss=0.043137, opinion loss=0.000000, domain loss=0.672177, sentiment loss=0.000000, reg loss=0.000000, step=114408
Dev:   final loss=0.195269, aspect loss=0.195269, opinion loss=0.000000, sentiment loss=0.000000, reg loss=0.000000, step=114408
Dev:   aspect f1=0.3995, opinion f1=0.0000, sentiment acc==0.0000, sentiment f1==0.0000, ABSA f1==0.0000,
Test:  aspect f1=0.3995, opinion f1=0.0000, sentiment acc==0.0000, sentiment f1==0.0000, ABSA f1==0.0000,
Current Max Metrics Index : 16 Current Min Loss Index : 5 Epoch Time: 0m 15s Tau : 0.16

-------------------------------------Iter63-------------------------------------
Train: final loss=0.716997, aspect loss=0.042927, opinion loss=0.000000, domain loss=0.671621, sentiment loss=0.000000, reg loss=0.000000, step=116224
Dev:   final loss=0.202562, aspect loss=0.202562, opinion loss=0.000000, sentiment loss=0.000000, reg loss=0.000000, step=116224
Dev:   aspect f1=0.3884, opinion f1=0.0000, sentiment acc==0.0000, sentiment f1==0.0000, ABSA f1==0.0000,
Test:  aspect f1=0.3884, opinion f1=0.0000, sentiment acc==0.0000, sentiment f1==0.0000, ABSA f1==0.0000,
Current Max Metrics Index : 16 Current Min Loss Index : 5 Epoch Time: 0m 15s Tau : 0.15

-------------------------------------Iter64-------------------------------------
Train: final loss=0.715936, aspect loss=0.041606, opinion loss=0.000000, domain loss=0.671668, sentiment loss=0.000000, reg loss=0.000000, step=118040
Dev:   final loss=0.192433, aspect loss=0.192433, opinion loss=0.000000, sentiment loss=0.000000, reg loss=0.000000, step=118040
Dev:   aspect f1=0.4023, opinion f1=0.0000, sentiment acc==0.0000, sentiment f1==0.0000, ABSA f1==0.0000,
Test:  aspect f1=0.4023, opinion f1=0.0000, sentiment acc==0.0000, sentiment f1==0.0000, ABSA f1==0.0000,
Current Max Metrics Index : 16 Current Min Loss Index : 5 Epoch Time: 0m 15s Tau : 0.15

-------------------------------------Iter65-------------------------------------
Train: final loss=0.717807, aspect loss=0.042264, opinion loss=0.000000, domain loss=0.671859, sentiment loss=0.000000, reg loss=0.000000, step=119856
Dev:   final loss=0.209903, aspect loss=0.209903, opinion loss=0.000000, sentiment loss=0.000000, reg loss=0.000000, step=119856
Dev:   aspect f1=0.3930, opinion f1=0.0000, sentiment acc==0.0000, sentiment f1==0.0000, ABSA f1==0.0000,
Test:  aspect f1=0.3930, opinion f1=0.0000, sentiment acc==0.0000, sentiment f1==0.0000, ABSA f1==0.0000,
Current Max Metrics Index : 16 Current Min Loss Index : 5 Epoch Time: 0m 15s Tau : 0.14

-------------------------------------Iter66-------------------------------------
Train: final loss=0.715711, aspect loss=0.041839, opinion loss=0.000000, domain loss=0.671782, sentiment loss=0.000000, reg loss=0.000000, step=121672
Dev:   final loss=0.210229, aspect loss=0.210229, opinion loss=0.000000, sentiment loss=0.000000, reg loss=0.000000, step=121672
Dev:   aspect f1=0.4017, opinion f1=0.0000, sentiment acc==0.0000, sentiment f1==0.0000, ABSA f1==0.0000,
Test:  aspect f1=0.4017, opinion f1=0.0000, sentiment acc==0.0000, sentiment f1==0.0000, ABSA f1==0.0000,
Current Max Metrics Index : 16 Current Min Loss Index : 5 Epoch Time: 0m 15s Tau : 0.14

-------------------------------------Iter67-------------------------------------
Train: final loss=0.715607, aspect loss=0.041051, opinion loss=0.000000, domain loss=0.671620, sentiment loss=0.000000, reg loss=0.000000, step=123488
Dev:   final loss=0.203734, aspect loss=0.203734, opinion loss=0.000000, sentiment loss=0.000000, reg loss=0.000000, step=123488
Dev:   aspect f1=0.3971, opinion f1=0.0000, sentiment acc==0.0000, sentiment f1==0.0000, ABSA f1==0.0000,
Test:  aspect f1=0.3971, opinion f1=0.0000, sentiment acc==0.0000, sentiment f1==0.0000, ABSA f1==0.0000,
Current Max Metrics Index : 16 Current Min Loss Index : 5 Epoch Time: 0m 15s Tau : 0.13

-------------------------------------Iter68-------------------------------------
Train: final loss=0.715049, aspect loss=0.040978, opinion loss=0.000000, domain loss=0.671801, sentiment loss=0.000000, reg loss=0.000000, step=125304
Dev:   final loss=0.217618, aspect loss=0.217618, opinion loss=0.000000, sentiment loss=0.000000, reg loss=0.000000, step=125304
Dev:   aspect f1=0.3861, opinion f1=0.0000, sentiment acc==0.0000, sentiment f1==0.0000, ABSA f1==0.0000,
Test:  aspect f1=0.3861, opinion f1=0.0000, sentiment acc==0.0000, sentiment f1==0.0000, ABSA f1==0.0000,
Current Max Metrics Index : 16 Current Min Loss Index : 5 Epoch Time: 0m 15s Tau : 0.13

-------------------------------------Iter69-------------------------------------
Train: final loss=0.715509, aspect loss=0.041105, opinion loss=0.000000, domain loss=0.671755, sentiment loss=0.000000, reg loss=0.000000, step=127120
Dev:   final loss=0.212399, aspect loss=0.212399, opinion loss=0.000000, sentiment loss=0.000000, reg loss=0.000000, step=127120
Dev:   aspect f1=0.3941, opinion f1=0.0000, sentiment acc==0.0000, sentiment f1==0.0000, ABSA f1==0.0000,
Test:  aspect f1=0.3941, opinion f1=0.0000, sentiment acc==0.0000, sentiment f1==0.0000, ABSA f1==0.0000,
Current Max Metrics Index : 16 Current Min Loss Index : 5 Epoch Time: 0m 15s Tau : 0.13

-------------------------------------Iter70-------------------------------------
Train: final loss=0.714811, aspect loss=0.040755, opinion loss=0.000000, domain loss=0.671753, sentiment loss=0.000000, reg loss=0.000000, step=128936
Dev:   final loss=0.209450, aspect loss=0.209450, opinion loss=0.000000, sentiment loss=0.000000, reg loss=0.000000, step=128936
Dev:   aspect f1=0.4025, opinion f1=0.0000, sentiment acc==0.0000, sentiment f1==0.0000, ABSA f1==0.0000,
Test:  aspect f1=0.4025, opinion f1=0.0000, sentiment acc==0.0000, sentiment f1==0.0000, ABSA f1==0.0000,
Current Max Metrics Index : 16 Current Min Loss Index : 5 Epoch Time: 0m 15s Tau : 0.12

-------------------------------------Iter71-------------------------------------
Train: final loss=0.715420, aspect loss=0.040759, opinion loss=0.000000, domain loss=0.671667, sentiment loss=0.000000, reg loss=0.000000, step=130752
Dev:   final loss=0.214544, aspect loss=0.214544, opinion loss=0.000000, sentiment loss=0.000000, reg loss=0.000000, step=130752
Dev:   aspect f1=0.4007, opinion f1=0.0000, sentiment acc==0.0000, sentiment f1==0.0000, ABSA f1==0.0000,
Test:  aspect f1=0.4007, opinion f1=0.0000, sentiment acc==0.0000, sentiment f1==0.0000, ABSA f1==0.0000,
Current Max Metrics Index : 16 Current Min Loss Index : 5 Epoch Time: 0m 15s Tau : 0.12

-------------------------------------Iter72-------------------------------------
Train: final loss=0.713935, aspect loss=0.039237, opinion loss=0.000000, domain loss=0.671590, sentiment loss=0.000000, reg loss=0.000000, step=132568
Dev:   final loss=0.192327, aspect loss=0.192327, opinion loss=0.000000, sentiment loss=0.000000, reg loss=0.000000, step=132568
Dev:   aspect f1=0.4094, opinion f1=0.0000, sentiment acc==0.0000, sentiment f1==0.0000, ABSA f1==0.0000,
Test:  aspect f1=0.4094, opinion f1=0.0000, sentiment acc==0.0000, sentiment f1==0.0000, ABSA f1==0.0000,
Current Max Metrics Index : 16 Current Min Loss Index : 5 Epoch Time: 0m 15s Tau : 0.12

-------------------------------------Iter73-------------------------------------
Train: final loss=0.713393, aspect loss=0.039832, opinion loss=0.000000, domain loss=0.671766, sentiment loss=0.000000, reg loss=0.000000, step=134384
Dev:   final loss=0.224727, aspect loss=0.224727, opinion loss=0.000000, sentiment loss=0.000000, reg loss=0.000000, step=134384
Dev:   aspect f1=0.3940, opinion f1=0.0000, sentiment acc==0.0000, sentiment f1==0.0000, ABSA f1==0.0000,
Test:  aspect f1=0.3940, opinion f1=0.0000, sentiment acc==0.0000, sentiment f1==0.0000, ABSA f1==0.0000,
Current Max Metrics Index : 16 Current Min Loss Index : 5 Epoch Time: 0m 15s Tau : 0.11

-------------------------------------Iter74-------------------------------------
Train: final loss=0.714002, aspect loss=0.039837, opinion loss=0.000000, domain loss=0.671868, sentiment loss=0.000000, reg loss=0.000000, step=136200
Dev:   final loss=0.194416, aspect loss=0.194416, opinion loss=0.000000, sentiment loss=0.000000, reg loss=0.000000, step=136200
Dev:   aspect f1=0.4135, opinion f1=0.0000, sentiment acc==0.0000, sentiment f1==0.0000, ABSA f1==0.0000,
Test:  aspect f1=0.4135, opinion f1=0.0000, sentiment acc==0.0000, sentiment f1==0.0000, ABSA f1==0.0000,
Current Max Metrics Index : 16 Current Min Loss Index : 5 Epoch Time: 0m 15s Tau : 0.11

-------------------------------------Iter75-------------------------------------
Train: final loss=0.713873, aspect loss=0.039535, opinion loss=0.000000, domain loss=0.671713, sentiment loss=0.000000, reg loss=0.000000, step=138016
Dev:   final loss=0.217632, aspect loss=0.217632, opinion loss=0.000000, sentiment loss=0.000000, reg loss=0.000000, step=138016
Dev:   aspect f1=0.4104, opinion f1=0.0000, sentiment acc==0.0000, sentiment f1==0.0000, ABSA f1==0.0000,
Test:  aspect f1=0.4104, opinion f1=0.0000, sentiment acc==0.0000, sentiment f1==0.0000, ABSA f1==0.0000,
Current Max Metrics Index : 16 Current Min Loss Index : 5 Epoch Time: 0m 15s Tau : 0.11

-------------------------------------Iter76-------------------------------------
Train: final loss=0.713419, aspect loss=0.039755, opinion loss=0.000000, domain loss=0.671439, sentiment loss=0.000000, reg loss=0.000000, step=139832
Dev:   final loss=0.204418, aspect loss=0.204418, opinion loss=0.000000, sentiment loss=0.000000, reg loss=0.000000, step=139832
Dev:   aspect f1=0.4134, opinion f1=0.0000, sentiment acc==0.0000, sentiment f1==0.0000, ABSA f1==0.0000,
Test:  aspect f1=0.4134, opinion f1=0.0000, sentiment acc==0.0000, sentiment f1==0.0000, ABSA f1==0.0000,
Current Max Metrics Index : 16 Current Min Loss Index : 5 Epoch Time: 0m 15s Tau : 0.10

-------------------------------------Iter77-------------------------------------
Train: final loss=0.715247, aspect loss=0.040474, opinion loss=0.000000, domain loss=0.671795, sentiment loss=0.000000, reg loss=0.000000, step=141648
Dev:   final loss=0.191125, aspect loss=0.191125, opinion loss=0.000000, sentiment loss=0.000000, reg loss=0.000000, step=141648
Dev:   aspect f1=0.4195, opinion f1=0.0000, sentiment acc==0.0000, sentiment f1==0.0000, ABSA f1==0.0000,
Test:  aspect f1=0.4195, opinion f1=0.0000, sentiment acc==0.0000, sentiment f1==0.0000, ABSA f1==0.0000,
Current Max Metrics Index : 16 Current Min Loss Index : 5 Epoch Time: 0m 11s Tau : 0.10

-------------------------------------Iter78-------------------------------------
Train: final loss=0.712573, aspect loss=0.038311, opinion loss=0.000000, domain loss=0.671632, sentiment loss=0.000000, reg loss=0.000000, step=143464
Dev:   final loss=0.210338, aspect loss=0.210338, opinion loss=0.000000, sentiment loss=0.000000, reg loss=0.000000, step=143464
Dev:   aspect f1=0.4054, opinion f1=0.0000, sentiment acc==0.0000, sentiment f1==0.0000, ABSA f1==0.0000,
Test:  aspect f1=0.4054, opinion f1=0.0000, sentiment acc==0.0000, sentiment f1==0.0000, ABSA f1==0.0000,
Current Max Metrics Index : 16 Current Min Loss Index : 5 Epoch Time: 0m 14s Tau : 0.10

-------------------------------------Iter79-------------------------------------
Train: final loss=0.713581, aspect loss=0.039552, opinion loss=0.000000, domain loss=0.671743, sentiment loss=0.000000, reg loss=0.000000, step=145280
Dev:   final loss=0.205033, aspect loss=0.205033, opinion loss=0.000000, sentiment loss=0.000000, reg loss=0.000000, step=145280
Dev:   aspect f1=0.4065, opinion f1=0.0000, sentiment acc==0.0000, sentiment f1==0.0000, ABSA f1==0.0000,
Test:  aspect f1=0.4065, opinion f1=0.0000, sentiment acc==0.0000, sentiment f1==0.0000, ABSA f1==0.0000,
Current Max Metrics Index : 16 Current Min Loss Index : 5 Epoch Time: 0m 14s Tau : 0.10

-------------------------------------Iter80-------------------------------------
Train: final loss=0.712592, aspect loss=0.038955, opinion loss=0.000000, domain loss=0.672099, sentiment loss=0.000000, reg loss=0.000000, step=147096
Dev:   final loss=0.208143, aspect loss=0.208143, opinion loss=0.000000, sentiment loss=0.000000, reg loss=0.000000, step=147096
Dev:   aspect f1=0.4078, opinion f1=0.0000, sentiment acc==0.0000, sentiment f1==0.0000, ABSA f1==0.0000,
Test:  aspect f1=0.4078, opinion f1=0.0000, sentiment acc==0.0000, sentiment f1==0.0000, ABSA f1==0.0000,
Current Max Metrics Index : 16 Current Min Loss Index : 5 Epoch Time: 0m 14s Tau : 0.10

-------------------------------------Iter81-------------------------------------
Train: final loss=0.712108, aspect loss=0.038295, opinion loss=0.000000, domain loss=0.671440, sentiment loss=0.000000, reg loss=0.000000, step=148912
Dev:   final loss=0.203796, aspect loss=0.203796, opinion loss=0.000000, sentiment loss=0.000000, reg loss=0.000000, step=148912
Dev:   aspect f1=0.4043, opinion f1=0.0000, sentiment acc==0.0000, sentiment f1==0.0000, ABSA f1==0.0000,
Test:  aspect f1=0.4043, opinion f1=0.0000, sentiment acc==0.0000, sentiment f1==0.0000, ABSA f1==0.0000,
Current Max Metrics Index : 16 Current Min Loss Index : 5 Epoch Time: 0m 14s Tau : 0.10

-------------------------------------Iter82-------------------------------------
Train: final loss=0.712296, aspect loss=0.037862, opinion loss=0.000000, domain loss=0.671843, sentiment loss=0.000000, reg loss=0.000000, step=150728
Dev:   final loss=0.202498, aspect loss=0.202498, opinion loss=0.000000, sentiment loss=0.000000, reg loss=0.000000, step=150728
Dev:   aspect f1=0.4035, opinion f1=0.0000, sentiment acc==0.0000, sentiment f1==0.0000, ABSA f1==0.0000,
Test:  aspect f1=0.4035, opinion f1=0.0000, sentiment acc==0.0000, sentiment f1==0.0000, ABSA f1==0.0000,
Current Max Metrics Index : 16 Current Min Loss Index : 5 Epoch Time: 0m 14s Tau : 0.10

-------------------------------------Iter83-------------------------------------
Train: final loss=0.712770, aspect loss=0.038282, opinion loss=0.000000, domain loss=0.671603, sentiment loss=0.000000, reg loss=0.000000, step=152544
Dev:   final loss=0.200654, aspect loss=0.200654, opinion loss=0.000000, sentiment loss=0.000000, reg loss=0.000000, step=152544
Dev:   aspect f1=0.4005, opinion f1=0.0000, sentiment acc==0.0000, sentiment f1==0.0000, ABSA f1==0.0000,
Test:  aspect f1=0.4005, opinion f1=0.0000, sentiment acc==0.0000, sentiment f1==0.0000, ABSA f1==0.0000,
Current Max Metrics Index : 16 Current Min Loss Index : 5 Epoch Time: 0m 14s Tau : 0.10

-------------------------------------Iter84-------------------------------------
Train: final loss=0.712126, aspect loss=0.038288, opinion loss=0.000000, domain loss=0.671700, sentiment loss=0.000000, reg loss=0.000000, step=154360
Dev:   final loss=0.219028, aspect loss=0.219028, opinion loss=0.000000, sentiment loss=0.000000, reg loss=0.000000, step=154360
Dev:   aspect f1=0.4009, opinion f1=0.0000, sentiment acc==0.0000, sentiment f1==0.0000, ABSA f1==0.0000,
Test:  aspect f1=0.4009, opinion f1=0.0000, sentiment acc==0.0000, sentiment f1==0.0000, ABSA f1==0.0000,
Current Max Metrics Index : 16 Current Min Loss Index : 5 Epoch Time: 0m 14s Tau : 0.10

-------------------------------------Iter85-------------------------------------
Train: final loss=0.711706, aspect loss=0.037439, opinion loss=0.000000, domain loss=0.671611, sentiment loss=0.000000, reg loss=0.000000, step=156176
Dev:   final loss=0.200222, aspect loss=0.200222, opinion loss=0.000000, sentiment loss=0.000000, reg loss=0.000000, step=156176
Dev:   aspect f1=0.4008, opinion f1=0.0000, sentiment acc==0.0000, sentiment f1==0.0000, ABSA f1==0.0000,
Test:  aspect f1=0.4008, opinion f1=0.0000, sentiment acc==0.0000, sentiment f1==0.0000, ABSA f1==0.0000,
Current Max Metrics Index : 16 Current Min Loss Index : 5 Epoch Time: 0m 14s Tau : 0.10

-------------------------------------Iter86-------------------------------------
Train: final loss=0.711061, aspect loss=0.037266, opinion loss=0.000000, domain loss=0.671512, sentiment loss=0.000000, reg loss=0.000000, step=157992
Dev:   final loss=0.191545, aspect loss=0.191545, opinion loss=0.000000, sentiment loss=0.000000, reg loss=0.000000, step=157992
Dev:   aspect f1=0.4058, opinion f1=0.0000, sentiment acc==0.0000, sentiment f1==0.0000, ABSA f1==0.0000,
Test:  aspect f1=0.4058, opinion f1=0.0000, sentiment acc==0.0000, sentiment f1==0.0000, ABSA f1==0.0000,
Current Max Metrics Index : 16 Current Min Loss Index : 5 Epoch Time: 0m 14s Tau : 0.10

-------------------------------------Iter87-------------------------------------
Train: final loss=0.711343, aspect loss=0.036803, opinion loss=0.000000, domain loss=0.671792, sentiment loss=0.000000, reg loss=0.000000, step=159808
Dev:   final loss=0.214399, aspect loss=0.214399, opinion loss=0.000000, sentiment loss=0.000000, reg loss=0.000000, step=159808
Dev:   aspect f1=0.3995, opinion f1=0.0000, sentiment acc==0.0000, sentiment f1==0.0000, ABSA f1==0.0000,
Test:  aspect f1=0.3995, opinion f1=0.0000, sentiment acc==0.0000, sentiment f1==0.0000, ABSA f1==0.0000,
Current Max Metrics Index : 16 Current Min Loss Index : 5 Epoch Time: 0m 14s Tau : 0.10

-------------------------------------Iter88-------------------------------------
Train: final loss=0.711127, aspect loss=0.036840, opinion loss=0.000000, domain loss=0.671602, sentiment loss=0.000000, reg loss=0.000000, step=161624
Dev:   final loss=0.213369, aspect loss=0.213369, opinion loss=0.000000, sentiment loss=0.000000, reg loss=0.000000, step=161624
Dev:   aspect f1=0.4085, opinion f1=0.0000, sentiment acc==0.0000, sentiment f1==0.0000, ABSA f1==0.0000,
Test:  aspect f1=0.4085, opinion f1=0.0000, sentiment acc==0.0000, sentiment f1==0.0000, ABSA f1==0.0000,
Current Max Metrics Index : 16 Current Min Loss Index : 5 Epoch Time: 0m 14s Tau : 0.10

-------------------------------------Iter89-------------------------------------
Train: final loss=0.710655, aspect loss=0.036945, opinion loss=0.000000, domain loss=0.671487, sentiment loss=0.000000, reg loss=0.000000, step=163440
Dev:   final loss=0.213982, aspect loss=0.213982, opinion loss=0.000000, sentiment loss=0.000000, reg loss=0.000000, step=163440
Dev:   aspect f1=0.4116, opinion f1=0.0000, sentiment acc==0.0000, sentiment f1==0.0000, ABSA f1==0.0000,
Test:  aspect f1=0.4116, opinion f1=0.0000, sentiment acc==0.0000, sentiment f1==0.0000, ABSA f1==0.0000,
Current Max Metrics Index : 16 Current Min Loss Index : 5 Epoch Time: 0m 15s Tau : 0.10

-------------------------------------Iter90-------------------------------------
Train: final loss=0.711186, aspect loss=0.036848, opinion loss=0.000000, domain loss=0.671729, sentiment loss=0.000000, reg loss=0.000000, step=165256
Dev:   final loss=0.198635, aspect loss=0.198635, opinion loss=0.000000, sentiment loss=0.000000, reg loss=0.000000, step=165256
Dev:   aspect f1=0.4191, opinion f1=0.0000, sentiment acc==0.0000, sentiment f1==0.0000, ABSA f1==0.0000,
Test:  aspect f1=0.4191, opinion f1=0.0000, sentiment acc==0.0000, sentiment f1==0.0000, ABSA f1==0.0000,
Current Max Metrics Index : 16 Current Min Loss Index : 5 Epoch Time: 0m 14s Tau : 0.10

-------------------------------------Iter91-------------------------------------
Train: final loss=0.710344, aspect loss=0.036196, opinion loss=0.000000, domain loss=0.671706, sentiment loss=0.000000, reg loss=0.000000, step=167072
Dev:   final loss=0.226585, aspect loss=0.226585, opinion loss=0.000000, sentiment loss=0.000000, reg loss=0.000000, step=167072
Dev:   aspect f1=0.4043, opinion f1=0.0000, sentiment acc==0.0000, sentiment f1==0.0000, ABSA f1==0.0000,
Test:  aspect f1=0.4043, opinion f1=0.0000, sentiment acc==0.0000, sentiment f1==0.0000, ABSA f1==0.0000,
Current Max Metrics Index : 16 Current Min Loss Index : 5 Epoch Time: 0m 14s Tau : 0.10

-------------------------------------Iter92-------------------------------------
Train: final loss=0.711056, aspect loss=0.036805, opinion loss=0.000000, domain loss=0.671452, sentiment loss=0.000000, reg loss=0.000000, step=168888
Dev:   final loss=0.214239, aspect loss=0.214239, opinion loss=0.000000, sentiment loss=0.000000, reg loss=0.000000, step=168888
Dev:   aspect f1=0.4039, opinion f1=0.0000, sentiment acc==0.0000, sentiment f1==0.0000, ABSA f1==0.0000,
Test:  aspect f1=0.4039, opinion f1=0.0000, sentiment acc==0.0000, sentiment f1==0.0000, ABSA f1==0.0000,
Current Max Metrics Index : 16 Current Min Loss Index : 5 Epoch Time: 0m 14s Tau : 0.10

-------------------------------------Iter93-------------------------------------
Train: final loss=0.711290, aspect loss=0.036474, opinion loss=0.000000, domain loss=0.671726, sentiment loss=0.000000, reg loss=0.000000, step=170704
Dev:   final loss=0.214044, aspect loss=0.214044, opinion loss=0.000000, sentiment loss=0.000000, reg loss=0.000000, step=170704
Dev:   aspect f1=0.3993, opinion f1=0.0000, sentiment acc==0.0000, sentiment f1==0.0000, ABSA f1==0.0000,
Test:  aspect f1=0.3993, opinion f1=0.0000, sentiment acc==0.0000, sentiment f1==0.0000, ABSA f1==0.0000,
Current Max Metrics Index : 16 Current Min Loss Index : 5 Epoch Time: 0m 14s Tau : 0.10

-------------------------------------Iter94-------------------------------------
Train: final loss=0.709963, aspect loss=0.036119, opinion loss=0.000000, domain loss=0.671570, sentiment loss=0.000000, reg loss=0.000000, step=172520
Dev:   final loss=0.210227, aspect loss=0.210227, opinion loss=0.000000, sentiment loss=0.000000, reg loss=0.000000, step=172520
Dev:   aspect f1=0.3990, opinion f1=0.0000, sentiment acc==0.0000, sentiment f1==0.0000, ABSA f1==0.0000,
Test:  aspect f1=0.3990, opinion f1=0.0000, sentiment acc==0.0000, sentiment f1==0.0000, ABSA f1==0.0000,
Current Max Metrics Index : 16 Current Min Loss Index : 5 Epoch Time: 0m 15s Tau : 0.10

-------------------------------------Iter95-------------------------------------
Train: final loss=0.709944, aspect loss=0.036291, opinion loss=0.000000, domain loss=0.671561, sentiment loss=0.000000, reg loss=0.000000, step=174336
Dev:   final loss=0.215504, aspect loss=0.215504, opinion loss=0.000000, sentiment loss=0.000000, reg loss=0.000000, step=174336
Dev:   aspect f1=0.3979, opinion f1=0.0000, sentiment acc==0.0000, sentiment f1==0.0000, ABSA f1==0.0000,
Test:  aspect f1=0.3979, opinion f1=0.0000, sentiment acc==0.0000, sentiment f1==0.0000, ABSA f1==0.0000,
Current Max Metrics Index : 16 Current Min Loss Index : 5 Epoch Time: 0m 14s Tau : 0.10

-------------------------------------Iter96-------------------------------------
Train: final loss=0.710562, aspect loss=0.036142, opinion loss=0.000000, domain loss=0.671760, sentiment loss=0.000000, reg loss=0.000000, step=176152
Dev:   final loss=0.209575, aspect loss=0.209575, opinion loss=0.000000, sentiment loss=0.000000, reg loss=0.000000, step=176152
Dev:   aspect f1=0.4105, opinion f1=0.0000, sentiment acc==0.0000, sentiment f1==0.0000, ABSA f1==0.0000,
Test:  aspect f1=0.4105, opinion f1=0.0000, sentiment acc==0.0000, sentiment f1==0.0000, ABSA f1==0.0000,
Current Max Metrics Index : 16 Current Min Loss Index : 5 Epoch Time: 0m 14s Tau : 0.10

-------------------------------------Iter97-------------------------------------
Train: final loss=0.710237, aspect loss=0.035764, opinion loss=0.000000, domain loss=0.671979, sentiment loss=0.000000, reg loss=0.000000, step=177968
Dev:   final loss=0.213383, aspect loss=0.213383, opinion loss=0.000000, sentiment loss=0.000000, reg loss=0.000000, step=177968
Dev:   aspect f1=0.4032, opinion f1=0.0000, sentiment acc==0.0000, sentiment f1==0.0000, ABSA f1==0.0000,
Test:  aspect f1=0.4032, opinion f1=0.0000, sentiment acc==0.0000, sentiment f1==0.0000, ABSA f1==0.0000,
Current Max Metrics Index : 16 Current Min Loss Index : 5 Epoch Time: 0m 14s Tau : 0.10

-------------------------------------Iter98-------------------------------------
Train: final loss=0.710134, aspect loss=0.036158, opinion loss=0.000000, domain loss=0.671018, sentiment loss=0.000000, reg loss=0.000000, step=179784
Dev:   final loss=0.216217, aspect loss=0.216217, opinion loss=0.000000, sentiment loss=0.000000, reg loss=0.000000, step=179784
Dev:   aspect f1=0.3880, opinion f1=0.0000, sentiment acc==0.0000, sentiment f1==0.0000, ABSA f1==0.0000,
Test:  aspect f1=0.3880, opinion f1=0.0000, sentiment acc==0.0000, sentiment f1==0.0000, ABSA f1==0.0000,
Current Max Metrics Index : 16 Current Min Loss Index : 5 Epoch Time: 0m 14s Tau : 0.10

-------------------------------------Iter99-------------------------------------
Train: final loss=0.708974, aspect loss=0.035600, opinion loss=0.000000, domain loss=0.671741, sentiment loss=0.000000, reg loss=0.000000, step=181600
Dev:   final loss=0.212301, aspect loss=0.212301, opinion loss=0.000000, sentiment loss=0.000000, reg loss=0.000000, step=181600
Dev:   aspect f1=0.4042, opinion f1=0.0000, sentiment acc==0.0000, sentiment f1==0.0000, ABSA f1==0.0000,
Test:  aspect f1=0.4042, opinion f1=0.0000, sentiment acc==0.0000, sentiment f1==0.0000, ABSA f1==0.0000,
Current Max Metrics Index : 16 Current Min Loss Index : 5 Epoch Time: 0m 14s Tau : 0.10

--------------------------------Mission Complete--------------------------------
Dev Max Metrics Index: 16
aspect f1=44.51, opinion f1=0.00, sentiment acc==0.00, sentiment f1==0.00, ABSA f1==0.00,
Dev Min Loss Index: 5
aspect f1=41.22, opinion f1=0.00, sentiment acc==0.00, sentiment f1==0.00, ABSA f1==0.00,
Running Time: 24m 24s
