> log file: ./log/laptop-to-device/[SemBridge]-210519-051830.log
cuda memory allocated: 10108928
n_trainable_params: 1431975, n_nontrainable_params: 1094700
> training arguments:
>>> source: laptop
>>> target: device
>>> use_unlabel: 1
>>> use_syntactic: 0
>>> use_semantic: 1
>>> split: 1
>>> local_bert_path: F:\NLP\BERT-BASE-UNCASED
>>> model_name: DECNN
>>> batch_size: 8
>>> learning_rate: 0.0001
>>> lr_decay: 1e-05
>>> num_epoch: 100
>>> emb_dim: 100
>>> dep_dim: 50
>>> pos_dim: 50
>>> hidden_dim: 256
>>> keep_prob: 0.5
>>> l2_reg: 1e-05
>>> beta: 0.1
>>> kernel_size: 5
>>> hop_num: 2
>>> class_num: 3
>>> cluster_num: 200
>>> cate_num: 20
>>> seed: 123
>>> log_step: 5
>>> dynamic_gate: 1
>>> valset_num: 0
>>> reuse_embedding: 1
>>> optimizer: <class 'torch.optim.adam.Adam'>
>>> initializer: <function uniform_ at 0x7f34d9282c80>
>>> device: cuda:0
>>> ablation: None
>>> topk: 10
>>> name: [SemBridge]
>>> dataset_file: {'train': './data/laptop/train1/', 'unlabel': './data/device/train1/', 'test': './data/device/test1/'}
>>> model_class: <class 'models.decnn_base.DECNN'>
>>> inputs_cols: ['sentence', 'mask', 'position', 'keep_prob']
>>> max_sentence_len: 110

-------------------------------------Iter0--------------------------------------
Train: final loss=0.820891, aspect loss=0.126328, opinion loss=0.000000, domain loss=0.694563, sentiment loss=0.000000, reg loss=0.000000, step=1442
Dev:   final loss=0.238989, aspect loss=0.238989, opinion loss=0.000000, sentiment loss=0.000000, reg loss=0.000000, step=1442
Dev:   aspect f1=0.3203, opinion f1=0.0000, sentiment acc==0.0000, sentiment f1==0.0000, ABSA f1==0.0000,
Test:  aspect f1=0.3203, opinion f1=0.0000, sentiment acc==0.0000, sentiment f1==0.0000, ABSA f1==0.0000,
Current Max Metrics Index : 0 Current Min Loss Index : 0 Epoch Time: 0m 12s Tau : 1.00
>> Checkpoint Saved: state_dict/laptop-to-device/[SemBridge]-ATE-F1-0.3203.pth

-------------------------------------Iter1--------------------------------------
Train: final loss=0.780608, aspect loss=0.086797, opinion loss=0.000000, domain loss=0.693854, sentiment loss=0.000000, reg loss=0.000000, step=2884
Dev:   final loss=0.238567, aspect loss=0.238567, opinion loss=0.000000, sentiment loss=0.000000, reg loss=0.000000, step=2884
Dev:   aspect f1=0.3610, opinion f1=0.0000, sentiment acc==0.0000, sentiment f1==0.0000, ABSA f1==0.0000,
Test:  aspect f1=0.3610, opinion f1=0.0000, sentiment acc==0.0000, sentiment f1==0.0000, ABSA f1==0.0000,
Current Max Metrics Index : 1 Current Min Loss Index : 1 Epoch Time: 0m 12s Tau : 0.97
>> Checkpoint Saved: state_dict/laptop-to-device/[SemBridge]-ATE-F1-0.3610.pth

-------------------------------------Iter2--------------------------------------
Train: final loss=0.767023, aspect loss=0.075971, opinion loss=0.000000, domain loss=0.690916, sentiment loss=0.000000, reg loss=0.000000, step=4326
Dev:   final loss=0.198822, aspect loss=0.198822, opinion loss=0.000000, sentiment loss=0.000000, reg loss=0.000000, step=4326
Dev:   aspect f1=0.4176, opinion f1=0.0000, sentiment acc==0.0000, sentiment f1==0.0000, ABSA f1==0.0000,
Test:  aspect f1=0.4176, opinion f1=0.0000, sentiment acc==0.0000, sentiment f1==0.0000, ABSA f1==0.0000,
Current Max Metrics Index : 2 Current Min Loss Index : 2 Epoch Time: 0m 12s Tau : 0.94
>> Checkpoint Saved: state_dict/laptop-to-device/[SemBridge]-ATE-F1-0.4176.pth

-------------------------------------Iter3--------------------------------------
Train: final loss=0.758352, aspect loss=0.069210, opinion loss=0.000000, domain loss=0.689440, sentiment loss=0.000000, reg loss=0.000000, step=5768
Dev:   final loss=0.195469, aspect loss=0.195469, opinion loss=0.000000, sentiment loss=0.000000, reg loss=0.000000, step=5768
Dev:   aspect f1=0.4320, opinion f1=0.0000, sentiment acc==0.0000, sentiment f1==0.0000, ABSA f1==0.0000,
Test:  aspect f1=0.4320, opinion f1=0.0000, sentiment acc==0.0000, sentiment f1==0.0000, ABSA f1==0.0000,
Current Max Metrics Index : 3 Current Min Loss Index : 3 Epoch Time: 0m 9s Tau : 0.91
>> Checkpoint Saved: state_dict/laptop-to-device/[SemBridge]-ATE-F1-0.4320.pth

-------------------------------------Iter4--------------------------------------
Train: final loss=0.756490, aspect loss=0.066635, opinion loss=0.000000, domain loss=0.690699, sentiment loss=0.000000, reg loss=0.000000, step=7210
Dev:   final loss=0.184647, aspect loss=0.184647, opinion loss=0.000000, sentiment loss=0.000000, reg loss=0.000000, step=7210
Dev:   aspect f1=0.4283, opinion f1=0.0000, sentiment acc==0.0000, sentiment f1==0.0000, ABSA f1==0.0000,
Test:  aspect f1=0.4283, opinion f1=0.0000, sentiment acc==0.0000, sentiment f1==0.0000, ABSA f1==0.0000,
Current Max Metrics Index : 3 Current Min Loss Index : 4 Epoch Time: 0m 12s Tau : 0.89

-------------------------------------Iter5--------------------------------------
Train: final loss=0.753949, aspect loss=0.062640, opinion loss=0.000000, domain loss=0.691654, sentiment loss=0.000000, reg loss=0.000000, step=8652
Dev:   final loss=0.189495, aspect loss=0.189495, opinion loss=0.000000, sentiment loss=0.000000, reg loss=0.000000, step=8652
Dev:   aspect f1=0.4507, opinion f1=0.0000, sentiment acc==0.0000, sentiment f1==0.0000, ABSA f1==0.0000,
Test:  aspect f1=0.4507, opinion f1=0.0000, sentiment acc==0.0000, sentiment f1==0.0000, ABSA f1==0.0000,
Current Max Metrics Index : 5 Current Min Loss Index : 4 Epoch Time: 0m 12s Tau : 0.86
>> Checkpoint Saved: state_dict/laptop-to-device/[SemBridge]-ATE-F1-0.4507.pth

-------------------------------------Iter6--------------------------------------
Train: final loss=0.750772, aspect loss=0.058752, opinion loss=0.000000, domain loss=0.692219, sentiment loss=0.000000, reg loss=0.000000, step=10094
Dev:   final loss=0.196506, aspect loss=0.196506, opinion loss=0.000000, sentiment loss=0.000000, reg loss=0.000000, step=10094
Dev:   aspect f1=0.4430, opinion f1=0.0000, sentiment acc==0.0000, sentiment f1==0.0000, ABSA f1==0.0000,
Test:  aspect f1=0.4430, opinion f1=0.0000, sentiment acc==0.0000, sentiment f1==0.0000, ABSA f1==0.0000,
Current Max Metrics Index : 5 Current Min Loss Index : 4 Epoch Time: 0m 12s Tau : 0.84

-------------------------------------Iter7--------------------------------------
Train: final loss=0.750263, aspect loss=0.057864, opinion loss=0.000000, domain loss=0.692447, sentiment loss=0.000000, reg loss=0.000000, step=11536
Dev:   final loss=0.186874, aspect loss=0.186874, opinion loss=0.000000, sentiment loss=0.000000, reg loss=0.000000, step=11536
Dev:   aspect f1=0.4512, opinion f1=0.0000, sentiment acc==0.0000, sentiment f1==0.0000, ABSA f1==0.0000,
Test:  aspect f1=0.4512, opinion f1=0.0000, sentiment acc==0.0000, sentiment f1==0.0000, ABSA f1==0.0000,
Current Max Metrics Index : 7 Current Min Loss Index : 4 Epoch Time: 0m 12s Tau : 0.81
>> Checkpoint Saved: state_dict/laptop-to-device/[SemBridge]-ATE-F1-0.4512.pth

-------------------------------------Iter8--------------------------------------
Train: final loss=0.747988, aspect loss=0.054909, opinion loss=0.000000, domain loss=0.692990, sentiment loss=0.000000, reg loss=0.000000, step=12978
Dev:   final loss=0.177279, aspect loss=0.177279, opinion loss=0.000000, sentiment loss=0.000000, reg loss=0.000000, step=12978
Dev:   aspect f1=0.4580, opinion f1=0.0000, sentiment acc==0.0000, sentiment f1==0.0000, ABSA f1==0.0000,
Test:  aspect f1=0.4580, opinion f1=0.0000, sentiment acc==0.0000, sentiment f1==0.0000, ABSA f1==0.0000,
Current Max Metrics Index : 8 Current Min Loss Index : 8 Epoch Time: 0m 12s Tau : 0.79
>> Checkpoint Saved: state_dict/laptop-to-device/[SemBridge]-ATE-F1-0.4580.pth

-------------------------------------Iter9--------------------------------------
Train: final loss=0.744789, aspect loss=0.053172, opinion loss=0.000000, domain loss=0.691768, sentiment loss=0.000000, reg loss=0.000000, step=14420
Dev:   final loss=0.183437, aspect loss=0.183437, opinion loss=0.000000, sentiment loss=0.000000, reg loss=0.000000, step=14420
Dev:   aspect f1=0.4611, opinion f1=0.0000, sentiment acc==0.0000, sentiment f1==0.0000, ABSA f1==0.0000,
Test:  aspect f1=0.4611, opinion f1=0.0000, sentiment acc==0.0000, sentiment f1==0.0000, ABSA f1==0.0000,
Current Max Metrics Index : 9 Current Min Loss Index : 8 Epoch Time: 0m 12s Tau : 0.76
>> Checkpoint Saved: state_dict/laptop-to-device/[SemBridge]-ATE-F1-0.4611.pth

-------------------------------------Iter10-------------------------------------
Train: final loss=0.743775, aspect loss=0.051260, opinion loss=0.000000, domain loss=0.692584, sentiment loss=0.000000, reg loss=0.000000, step=15862
Dev:   final loss=0.167224, aspect loss=0.167224, opinion loss=0.000000, sentiment loss=0.000000, reg loss=0.000000, step=15862
Dev:   aspect f1=0.4626, opinion f1=0.0000, sentiment acc==0.0000, sentiment f1==0.0000, ABSA f1==0.0000,
Test:  aspect f1=0.4626, opinion f1=0.0000, sentiment acc==0.0000, sentiment f1==0.0000, ABSA f1==0.0000,
Current Max Metrics Index : 10 Current Min Loss Index : 10 Epoch Time: 0m 12s Tau : 0.74
>> Checkpoint Saved: state_dict/laptop-to-device/[SemBridge]-ATE-F1-0.4626.pth

-------------------------------------Iter11-------------------------------------
Train: final loss=0.743468, aspect loss=0.049804, opinion loss=0.000000, domain loss=0.693655, sentiment loss=0.000000, reg loss=0.000000, step=17304
Dev:   final loss=0.161514, aspect loss=0.161514, opinion loss=0.000000, sentiment loss=0.000000, reg loss=0.000000, step=17304
Dev:   aspect f1=0.4732, opinion f1=0.0000, sentiment acc==0.0000, sentiment f1==0.0000, ABSA f1==0.0000,
Test:  aspect f1=0.4732, opinion f1=0.0000, sentiment acc==0.0000, sentiment f1==0.0000, ABSA f1==0.0000,
Current Max Metrics Index : 11 Current Min Loss Index : 11 Epoch Time: 0m 12s Tau : 0.72
>> Checkpoint Saved: state_dict/laptop-to-device/[SemBridge]-ATE-F1-0.4732.pth

-------------------------------------Iter12-------------------------------------
Train: final loss=0.741495, aspect loss=0.049063, opinion loss=0.000000, domain loss=0.692234, sentiment loss=0.000000, reg loss=0.000000, step=18746
Dev:   final loss=0.175295, aspect loss=0.175295, opinion loss=0.000000, sentiment loss=0.000000, reg loss=0.000000, step=18746
Dev:   aspect f1=0.4672, opinion f1=0.0000, sentiment acc==0.0000, sentiment f1==0.0000, ABSA f1==0.0000,
Test:  aspect f1=0.4672, opinion f1=0.0000, sentiment acc==0.0000, sentiment f1==0.0000, ABSA f1==0.0000,
Current Max Metrics Index : 11 Current Min Loss Index : 11 Epoch Time: 0m 12s Tau : 0.70

-------------------------------------Iter13-------------------------------------
Train: final loss=0.739722, aspect loss=0.046868, opinion loss=0.000000, domain loss=0.692850, sentiment loss=0.000000, reg loss=0.000000, step=20188
Dev:   final loss=0.185428, aspect loss=0.185428, opinion loss=0.000000, sentiment loss=0.000000, reg loss=0.000000, step=20188
Dev:   aspect f1=0.4569, opinion f1=0.0000, sentiment acc==0.0000, sentiment f1==0.0000, ABSA f1==0.0000,
Test:  aspect f1=0.4569, opinion f1=0.0000, sentiment acc==0.0000, sentiment f1==0.0000, ABSA f1==0.0000,
Current Max Metrics Index : 11 Current Min Loss Index : 11 Epoch Time: 0m 12s Tau : 0.68

-------------------------------------Iter14-------------------------------------
Train: final loss=0.737997, aspect loss=0.045390, opinion loss=0.000000, domain loss=0.692767, sentiment loss=0.000000, reg loss=0.000000, step=21630
Dev:   final loss=0.173248, aspect loss=0.173248, opinion loss=0.000000, sentiment loss=0.000000, reg loss=0.000000, step=21630
Dev:   aspect f1=0.4655, opinion f1=0.0000, sentiment acc==0.0000, sentiment f1==0.0000, ABSA f1==0.0000,
Test:  aspect f1=0.4655, opinion f1=0.0000, sentiment acc==0.0000, sentiment f1==0.0000, ABSA f1==0.0000,
Current Max Metrics Index : 11 Current Min Loss Index : 11 Epoch Time: 0m 12s Tau : 0.66

-------------------------------------Iter15-------------------------------------
Train: final loss=0.737235, aspect loss=0.043949, opinion loss=0.000000, domain loss=0.693331, sentiment loss=0.000000, reg loss=0.000000, step=23072
Dev:   final loss=0.196122, aspect loss=0.196122, opinion loss=0.000000, sentiment loss=0.000000, reg loss=0.000000, step=23072
Dev:   aspect f1=0.4650, opinion f1=0.0000, sentiment acc==0.0000, sentiment f1==0.0000, ABSA f1==0.0000,
Test:  aspect f1=0.4650, opinion f1=0.0000, sentiment acc==0.0000, sentiment f1==0.0000, ABSA f1==0.0000,
Current Max Metrics Index : 11 Current Min Loss Index : 11 Epoch Time: 0m 12s Tau : 0.64

-------------------------------------Iter16-------------------------------------
Train: final loss=0.737153, aspect loss=0.043755, opinion loss=0.000000, domain loss=0.693346, sentiment loss=0.000000, reg loss=0.000000, step=24514
Dev:   final loss=0.192334, aspect loss=0.192334, opinion loss=0.000000, sentiment loss=0.000000, reg loss=0.000000, step=24514
Dev:   aspect f1=0.4553, opinion f1=0.0000, sentiment acc==0.0000, sentiment f1==0.0000, ABSA f1==0.0000,
Test:  aspect f1=0.4553, opinion f1=0.0000, sentiment acc==0.0000, sentiment f1==0.0000, ABSA f1==0.0000,
Current Max Metrics Index : 11 Current Min Loss Index : 11 Epoch Time: 0m 12s Tau : 0.62

-------------------------------------Iter17-------------------------------------
Train: final loss=0.735718, aspect loss=0.042166, opinion loss=0.000000, domain loss=0.693609, sentiment loss=0.000000, reg loss=0.000000, step=25956
Dev:   final loss=0.195465, aspect loss=0.195465, opinion loss=0.000000, sentiment loss=0.000000, reg loss=0.000000, step=25956
Dev:   aspect f1=0.4620, opinion f1=0.0000, sentiment acc==0.0000, sentiment f1==0.0000, ABSA f1==0.0000,
Test:  aspect f1=0.4620, opinion f1=0.0000, sentiment acc==0.0000, sentiment f1==0.0000, ABSA f1==0.0000,
Current Max Metrics Index : 11 Current Min Loss Index : 11 Epoch Time: 0m 12s Tau : 0.60

-------------------------------------Iter18-------------------------------------
Train: final loss=0.734881, aspect loss=0.042067, opinion loss=0.000000, domain loss=0.692999, sentiment loss=0.000000, reg loss=0.000000, step=27398
Dev:   final loss=0.167758, aspect loss=0.167758, opinion loss=0.000000, sentiment loss=0.000000, reg loss=0.000000, step=27398
Dev:   aspect f1=0.4743, opinion f1=0.0000, sentiment acc==0.0000, sentiment f1==0.0000, ABSA f1==0.0000,
Test:  aspect f1=0.4743, opinion f1=0.0000, sentiment acc==0.0000, sentiment f1==0.0000, ABSA f1==0.0000,
Current Max Metrics Index : 18 Current Min Loss Index : 11 Epoch Time: 0m 12s Tau : 0.58
>> Checkpoint Saved: state_dict/laptop-to-device/[SemBridge]-ATE-F1-0.4743.pth

-------------------------------------Iter19-------------------------------------
Train: final loss=0.733318, aspect loss=0.040073, opinion loss=0.000000, domain loss=0.693385, sentiment loss=0.000000, reg loss=0.000000, step=28840
Dev:   final loss=0.193058, aspect loss=0.193058, opinion loss=0.000000, sentiment loss=0.000000, reg loss=0.000000, step=28840
Dev:   aspect f1=0.4710, opinion f1=0.0000, sentiment acc==0.0000, sentiment f1==0.0000, ABSA f1==0.0000,
Test:  aspect f1=0.4710, opinion f1=0.0000, sentiment acc==0.0000, sentiment f1==0.0000, ABSA f1==0.0000,
Current Max Metrics Index : 18 Current Min Loss Index : 11 Epoch Time: 0m 12s Tau : 0.57

-------------------------------------Iter20-------------------------------------
Train: final loss=0.733279, aspect loss=0.040184, opinion loss=0.000000, domain loss=0.693092, sentiment loss=0.000000, reg loss=0.000000, step=30282
Dev:   final loss=0.207308, aspect loss=0.207308, opinion loss=0.000000, sentiment loss=0.000000, reg loss=0.000000, step=30282
Dev:   aspect f1=0.4516, opinion f1=0.0000, sentiment acc==0.0000, sentiment f1==0.0000, ABSA f1==0.0000,
Test:  aspect f1=0.4516, opinion f1=0.0000, sentiment acc==0.0000, sentiment f1==0.0000, ABSA f1==0.0000,
Current Max Metrics Index : 18 Current Min Loss Index : 11 Epoch Time: 0m 12s Tau : 0.55

-------------------------------------Iter21-------------------------------------
Train: final loss=0.732758, aspect loss=0.039136, opinion loss=0.000000, domain loss=0.693701, sentiment loss=0.000000, reg loss=0.000000, step=31724
Dev:   final loss=0.171782, aspect loss=0.171782, opinion loss=0.000000, sentiment loss=0.000000, reg loss=0.000000, step=31724
Dev:   aspect f1=0.4754, opinion f1=0.0000, sentiment acc==0.0000, sentiment f1==0.0000, ABSA f1==0.0000,
Test:  aspect f1=0.4754, opinion f1=0.0000, sentiment acc==0.0000, sentiment f1==0.0000, ABSA f1==0.0000,
Current Max Metrics Index : 21 Current Min Loss Index : 11 Epoch Time: 0m 12s Tau : 0.53
>> Checkpoint Saved: state_dict/laptop-to-device/[SemBridge]-ATE-F1-0.4754.pth

-------------------------------------Iter22-------------------------------------
Train: final loss=0.731999, aspect loss=0.039241, opinion loss=0.000000, domain loss=0.692807, sentiment loss=0.000000, reg loss=0.000000, step=33166
Dev:   final loss=0.193992, aspect loss=0.193992, opinion loss=0.000000, sentiment loss=0.000000, reg loss=0.000000, step=33166
Dev:   aspect f1=0.4671, opinion f1=0.0000, sentiment acc==0.0000, sentiment f1==0.0000, ABSA f1==0.0000,
Test:  aspect f1=0.4671, opinion f1=0.0000, sentiment acc==0.0000, sentiment f1==0.0000, ABSA f1==0.0000,
Current Max Metrics Index : 21 Current Min Loss Index : 11 Epoch Time: 0m 12s Tau : 0.52

-------------------------------------Iter23-------------------------------------
Train: final loss=0.730813, aspect loss=0.037723, opinion loss=0.000000, domain loss=0.692963, sentiment loss=0.000000, reg loss=0.000000, step=34608
Dev:   final loss=0.211057, aspect loss=0.211057, opinion loss=0.000000, sentiment loss=0.000000, reg loss=0.000000, step=34608
Dev:   aspect f1=0.4659, opinion f1=0.0000, sentiment acc==0.0000, sentiment f1==0.0000, ABSA f1==0.0000,
Test:  aspect f1=0.4659, opinion f1=0.0000, sentiment acc==0.0000, sentiment f1==0.0000, ABSA f1==0.0000,
Current Max Metrics Index : 21 Current Min Loss Index : 11 Epoch Time: 0m 12s Tau : 0.50

-------------------------------------Iter24-------------------------------------
Train: final loss=0.731074, aspect loss=0.037455, opinion loss=0.000000, domain loss=0.693568, sentiment loss=0.000000, reg loss=0.000000, step=36050
Dev:   final loss=0.199283, aspect loss=0.199283, opinion loss=0.000000, sentiment loss=0.000000, reg loss=0.000000, step=36050
Dev:   aspect f1=0.4703, opinion f1=0.0000, sentiment acc==0.0000, sentiment f1==0.0000, ABSA f1==0.0000,
Test:  aspect f1=0.4703, opinion f1=0.0000, sentiment acc==0.0000, sentiment f1==0.0000, ABSA f1==0.0000,
Current Max Metrics Index : 21 Current Min Loss Index : 11 Epoch Time: 0m 12s Tau : 0.49

-------------------------------------Iter25-------------------------------------
Train: final loss=0.728938, aspect loss=0.035729, opinion loss=0.000000, domain loss=0.693287, sentiment loss=0.000000, reg loss=0.000000, step=37492
Dev:   final loss=0.201335, aspect loss=0.201335, opinion loss=0.000000, sentiment loss=0.000000, reg loss=0.000000, step=37492
Dev:   aspect f1=0.4711, opinion f1=0.0000, sentiment acc==0.0000, sentiment f1==0.0000, ABSA f1==0.0000,
Test:  aspect f1=0.4711, opinion f1=0.0000, sentiment acc==0.0000, sentiment f1==0.0000, ABSA f1==0.0000,
Current Max Metrics Index : 21 Current Min Loss Index : 11 Epoch Time: 0m 11s Tau : 0.47

-------------------------------------Iter26-------------------------------------
Train: final loss=0.727876, aspect loss=0.035182, opinion loss=0.000000, domain loss=0.692716, sentiment loss=0.000000, reg loss=0.000000, step=38934
Dev:   final loss=0.200184, aspect loss=0.200184, opinion loss=0.000000, sentiment loss=0.000000, reg loss=0.000000, step=38934
Dev:   aspect f1=0.4638, opinion f1=0.0000, sentiment acc==0.0000, sentiment f1==0.0000, ABSA f1==0.0000,
Test:  aspect f1=0.4638, opinion f1=0.0000, sentiment acc==0.0000, sentiment f1==0.0000, ABSA f1==0.0000,
Current Max Metrics Index : 21 Current Min Loss Index : 11 Epoch Time: 0m 12s Tau : 0.46

-------------------------------------Iter27-------------------------------------
Train: final loss=0.727554, aspect loss=0.034006, opinion loss=0.000000, domain loss=0.693431, sentiment loss=0.000000, reg loss=0.000000, step=40376
Dev:   final loss=0.201384, aspect loss=0.201384, opinion loss=0.000000, sentiment loss=0.000000, reg loss=0.000000, step=40376
Dev:   aspect f1=0.4682, opinion f1=0.0000, sentiment acc==0.0000, sentiment f1==0.0000, ABSA f1==0.0000,
Test:  aspect f1=0.4682, opinion f1=0.0000, sentiment acc==0.0000, sentiment f1==0.0000, ABSA f1==0.0000,
Current Max Metrics Index : 21 Current Min Loss Index : 11 Epoch Time: 0m 12s Tau : 0.44

-------------------------------------Iter28-------------------------------------
Train: final loss=0.727646, aspect loss=0.034014, opinion loss=0.000000, domain loss=0.693558, sentiment loss=0.000000, reg loss=0.000000, step=41818
Dev:   final loss=0.207859, aspect loss=0.207859, opinion loss=0.000000, sentiment loss=0.000000, reg loss=0.000000, step=41818
Dev:   aspect f1=0.4612, opinion f1=0.0000, sentiment acc==0.0000, sentiment f1==0.0000, ABSA f1==0.0000,
Test:  aspect f1=0.4612, opinion f1=0.0000, sentiment acc==0.0000, sentiment f1==0.0000, ABSA f1==0.0000,
Current Max Metrics Index : 21 Current Min Loss Index : 11 Epoch Time: 0m 12s Tau : 0.43

-------------------------------------Iter29-------------------------------------
Train: final loss=0.726678, aspect loss=0.033628, opinion loss=0.000000, domain loss=0.693013, sentiment loss=0.000000, reg loss=0.000000, step=43260
Dev:   final loss=0.207236, aspect loss=0.207236, opinion loss=0.000000, sentiment loss=0.000000, reg loss=0.000000, step=43260
Dev:   aspect f1=0.4712, opinion f1=0.0000, sentiment acc==0.0000, sentiment f1==0.0000, ABSA f1==0.0000,
Test:  aspect f1=0.4712, opinion f1=0.0000, sentiment acc==0.0000, sentiment f1==0.0000, ABSA f1==0.0000,
Current Max Metrics Index : 21 Current Min Loss Index : 11 Epoch Time: 0m 12s Tau : 0.42

-------------------------------------Iter30-------------------------------------
Train: final loss=0.726190, aspect loss=0.032843, opinion loss=0.000000, domain loss=0.693392, sentiment loss=0.000000, reg loss=0.000000, step=44702
Dev:   final loss=0.188502, aspect loss=0.188502, opinion loss=0.000000, sentiment loss=0.000000, reg loss=0.000000, step=44702
Dev:   aspect f1=0.4679, opinion f1=0.0000, sentiment acc==0.0000, sentiment f1==0.0000, ABSA f1==0.0000,
Test:  aspect f1=0.4679, opinion f1=0.0000, sentiment acc==0.0000, sentiment f1==0.0000, ABSA f1==0.0000,
Current Max Metrics Index : 21 Current Min Loss Index : 11 Epoch Time: 0m 12s Tau : 0.41

-------------------------------------Iter31-------------------------------------
Train: final loss=0.725574, aspect loss=0.032455, opinion loss=0.000000, domain loss=0.693104, sentiment loss=0.000000, reg loss=0.000000, step=46144
Dev:   final loss=0.197046, aspect loss=0.197046, opinion loss=0.000000, sentiment loss=0.000000, reg loss=0.000000, step=46144
Dev:   aspect f1=0.4650, opinion f1=0.0000, sentiment acc==0.0000, sentiment f1==0.0000, ABSA f1==0.0000,
Test:  aspect f1=0.4650, opinion f1=0.0000, sentiment acc==0.0000, sentiment f1==0.0000, ABSA f1==0.0000,
Current Max Metrics Index : 21 Current Min Loss Index : 11 Epoch Time: 0m 12s Tau : 0.39

-------------------------------------Iter32-------------------------------------
Train: final loss=0.725292, aspect loss=0.032346, opinion loss=0.000000, domain loss=0.692835, sentiment loss=0.000000, reg loss=0.000000, step=47586
Dev:   final loss=0.220601, aspect loss=0.220601, opinion loss=0.000000, sentiment loss=0.000000, reg loss=0.000000, step=47586
Dev:   aspect f1=0.4525, opinion f1=0.0000, sentiment acc==0.0000, sentiment f1==0.0000, ABSA f1==0.0000,
Test:  aspect f1=0.4525, opinion f1=0.0000, sentiment acc==0.0000, sentiment f1==0.0000, ABSA f1==0.0000,
Current Max Metrics Index : 21 Current Min Loss Index : 11 Epoch Time: 0m 12s Tau : 0.38

-------------------------------------Iter33-------------------------------------
Train: final loss=0.724890, aspect loss=0.031489, opinion loss=0.000000, domain loss=0.693313, sentiment loss=0.000000, reg loss=0.000000, step=49028
Dev:   final loss=0.203179, aspect loss=0.203179, opinion loss=0.000000, sentiment loss=0.000000, reg loss=0.000000, step=49028
Dev:   aspect f1=0.4614, opinion f1=0.0000, sentiment acc==0.0000, sentiment f1==0.0000, ABSA f1==0.0000,
Test:  aspect f1=0.4614, opinion f1=0.0000, sentiment acc==0.0000, sentiment f1==0.0000, ABSA f1==0.0000,
Current Max Metrics Index : 21 Current Min Loss Index : 11 Epoch Time: 0m 12s Tau : 0.37

-------------------------------------Iter34-------------------------------------
Train: final loss=0.724085, aspect loss=0.030504, opinion loss=0.000000, domain loss=0.693489, sentiment loss=0.000000, reg loss=0.000000, step=50470
Dev:   final loss=0.217748, aspect loss=0.217748, opinion loss=0.000000, sentiment loss=0.000000, reg loss=0.000000, step=50470
Dev:   aspect f1=0.4497, opinion f1=0.0000, sentiment acc==0.0000, sentiment f1==0.0000, ABSA f1==0.0000,
Test:  aspect f1=0.4497, opinion f1=0.0000, sentiment acc==0.0000, sentiment f1==0.0000, ABSA f1==0.0000,
Current Max Metrics Index : 21 Current Min Loss Index : 11 Epoch Time: 0m 12s Tau : 0.36

-------------------------------------Iter35-------------------------------------
Train: final loss=0.723553, aspect loss=0.029655, opinion loss=0.000000, domain loss=0.693873, sentiment loss=0.000000, reg loss=0.000000, step=51912
Dev:   final loss=0.229322, aspect loss=0.229322, opinion loss=0.000000, sentiment loss=0.000000, reg loss=0.000000, step=51912
Dev:   aspect f1=0.4486, opinion f1=0.0000, sentiment acc==0.0000, sentiment f1==0.0000, ABSA f1==0.0000,
Test:  aspect f1=0.4486, opinion f1=0.0000, sentiment acc==0.0000, sentiment f1==0.0000, ABSA f1==0.0000,
Current Max Metrics Index : 21 Current Min Loss Index : 11 Epoch Time: 0m 12s Tau : 0.35

-------------------------------------Iter36-------------------------------------
Train: final loss=0.722325, aspect loss=0.028940, opinion loss=0.000000, domain loss=0.693345, sentiment loss=0.000000, reg loss=0.000000, step=53354
Dev:   final loss=0.218093, aspect loss=0.218093, opinion loss=0.000000, sentiment loss=0.000000, reg loss=0.000000, step=53354
Dev:   aspect f1=0.4496, opinion f1=0.0000, sentiment acc==0.0000, sentiment f1==0.0000, ABSA f1==0.0000,
Test:  aspect f1=0.4496, opinion f1=0.0000, sentiment acc==0.0000, sentiment f1==0.0000, ABSA f1==0.0000,
Current Max Metrics Index : 21 Current Min Loss Index : 11 Epoch Time: 0m 12s Tau : 0.34

-------------------------------------Iter37-------------------------------------
Train: final loss=0.722580, aspect loss=0.029194, opinion loss=0.000000, domain loss=0.693040, sentiment loss=0.000000, reg loss=0.000000, step=54796
Dev:   final loss=0.222988, aspect loss=0.222988, opinion loss=0.000000, sentiment loss=0.000000, reg loss=0.000000, step=54796
Dev:   aspect f1=0.4570, opinion f1=0.0000, sentiment acc==0.0000, sentiment f1==0.0000, ABSA f1==0.0000,
Test:  aspect f1=0.4570, opinion f1=0.0000, sentiment acc==0.0000, sentiment f1==0.0000, ABSA f1==0.0000,
Current Max Metrics Index : 21 Current Min Loss Index : 11 Epoch Time: 0m 12s Tau : 0.33

-------------------------------------Iter38-------------------------------------
Train: final loss=0.721998, aspect loss=0.028640, opinion loss=0.000000, domain loss=0.693241, sentiment loss=0.000000, reg loss=0.000000, step=56238
Dev:   final loss=0.209074, aspect loss=0.209074, opinion loss=0.000000, sentiment loss=0.000000, reg loss=0.000000, step=56238
Dev:   aspect f1=0.4599, opinion f1=0.0000, sentiment acc==0.0000, sentiment f1==0.0000, ABSA f1==0.0000,
Test:  aspect f1=0.4599, opinion f1=0.0000, sentiment acc==0.0000, sentiment f1==0.0000, ABSA f1==0.0000,
Current Max Metrics Index : 21 Current Min Loss Index : 11 Epoch Time: 0m 12s Tau : 0.32

-------------------------------------Iter39-------------------------------------
Train: final loss=0.721036, aspect loss=0.027735, opinion loss=0.000000, domain loss=0.693142, sentiment loss=0.000000, reg loss=0.000000, step=57680
Dev:   final loss=0.228591, aspect loss=0.228591, opinion loss=0.000000, sentiment loss=0.000000, reg loss=0.000000, step=57680
Dev:   aspect f1=0.4594, opinion f1=0.0000, sentiment acc==0.0000, sentiment f1==0.0000, ABSA f1==0.0000,
Test:  aspect f1=0.4594, opinion f1=0.0000, sentiment acc==0.0000, sentiment f1==0.0000, ABSA f1==0.0000,
Current Max Metrics Index : 21 Current Min Loss Index : 11 Epoch Time: 0m 12s Tau : 0.31

-------------------------------------Iter40-------------------------------------
Train: final loss=0.721362, aspect loss=0.028221, opinion loss=0.000000, domain loss=0.693198, sentiment loss=0.000000, reg loss=0.000000, step=59122
Dev:   final loss=0.213330, aspect loss=0.213330, opinion loss=0.000000, sentiment loss=0.000000, reg loss=0.000000, step=59122
Dev:   aspect f1=0.4504, opinion f1=0.0000, sentiment acc==0.0000, sentiment f1==0.0000, ABSA f1==0.0000,
Test:  aspect f1=0.4504, opinion f1=0.0000, sentiment acc==0.0000, sentiment f1==0.0000, ABSA f1==0.0000,
Current Max Metrics Index : 21 Current Min Loss Index : 11 Epoch Time: 0m 12s Tau : 0.30

-------------------------------------Iter41-------------------------------------
Train: final loss=0.718886, aspect loss=0.026429, opinion loss=0.000000, domain loss=0.692281, sentiment loss=0.000000, reg loss=0.000000, step=60564
Dev:   final loss=0.248544, aspect loss=0.248544, opinion loss=0.000000, sentiment loss=0.000000, reg loss=0.000000, step=60564
Dev:   aspect f1=0.4551, opinion f1=0.0000, sentiment acc==0.0000, sentiment f1==0.0000, ABSA f1==0.0000,
Test:  aspect f1=0.4551, opinion f1=0.0000, sentiment acc==0.0000, sentiment f1==0.0000, ABSA f1==0.0000,
Current Max Metrics Index : 21 Current Min Loss Index : 11 Epoch Time: 0m 12s Tau : 0.29

-------------------------------------Iter42-------------------------------------
Train: final loss=0.720865, aspect loss=0.026929, opinion loss=0.000000, domain loss=0.693878, sentiment loss=0.000000, reg loss=0.000000, step=62006
Dev:   final loss=0.213944, aspect loss=0.213944, opinion loss=0.000000, sentiment loss=0.000000, reg loss=0.000000, step=62006
Dev:   aspect f1=0.4634, opinion f1=0.0000, sentiment acc==0.0000, sentiment f1==0.0000, ABSA f1==0.0000,
Test:  aspect f1=0.4634, opinion f1=0.0000, sentiment acc==0.0000, sentiment f1==0.0000, ABSA f1==0.0000,
Current Max Metrics Index : 21 Current Min Loss Index : 11 Epoch Time: 0m 12s Tau : 0.28

-------------------------------------Iter43-------------------------------------
Train: final loss=0.719805, aspect loss=0.026217, opinion loss=0.000000, domain loss=0.693557, sentiment loss=0.000000, reg loss=0.000000, step=63448
Dev:   final loss=0.218678, aspect loss=0.218678, opinion loss=0.000000, sentiment loss=0.000000, reg loss=0.000000, step=63448
Dev:   aspect f1=0.4585, opinion f1=0.0000, sentiment acc==0.0000, sentiment f1==0.0000, ABSA f1==0.0000,
Test:  aspect f1=0.4585, opinion f1=0.0000, sentiment acc==0.0000, sentiment f1==0.0000, ABSA f1==0.0000,
Current Max Metrics Index : 21 Current Min Loss Index : 11 Epoch Time: 0m 12s Tau : 0.28

-------------------------------------Iter44-------------------------------------
Train: final loss=0.719882, aspect loss=0.026415, opinion loss=0.000000, domain loss=0.693371, sentiment loss=0.000000, reg loss=0.000000, step=64890
Dev:   final loss=0.218020, aspect loss=0.218020, opinion loss=0.000000, sentiment loss=0.000000, reg loss=0.000000, step=64890
Dev:   aspect f1=0.4591, opinion f1=0.0000, sentiment acc==0.0000, sentiment f1==0.0000, ABSA f1==0.0000,
Test:  aspect f1=0.4591, opinion f1=0.0000, sentiment acc==0.0000, sentiment f1==0.0000, ABSA f1==0.0000,
Current Max Metrics Index : 21 Current Min Loss Index : 11 Epoch Time: 0m 12s Tau : 0.27

-------------------------------------Iter45-------------------------------------
Train: final loss=0.719499, aspect loss=0.026306, opinion loss=0.000000, domain loss=0.693238, sentiment loss=0.000000, reg loss=0.000000, step=66332
Dev:   final loss=0.229665, aspect loss=0.229665, opinion loss=0.000000, sentiment loss=0.000000, reg loss=0.000000, step=66332
Dev:   aspect f1=0.4544, opinion f1=0.0000, sentiment acc==0.0000, sentiment f1==0.0000, ABSA f1==0.0000,
Test:  aspect f1=0.4544, opinion f1=0.0000, sentiment acc==0.0000, sentiment f1==0.0000, ABSA f1==0.0000,
Current Max Metrics Index : 21 Current Min Loss Index : 11 Epoch Time: 0m 12s Tau : 0.26

-------------------------------------Iter46-------------------------------------
Train: final loss=0.717739, aspect loss=0.024920, opinion loss=0.000000, domain loss=0.692938, sentiment loss=0.000000, reg loss=0.000000, step=67774
Dev:   final loss=0.242887, aspect loss=0.242887, opinion loss=0.000000, sentiment loss=0.000000, reg loss=0.000000, step=67774
Dev:   aspect f1=0.4485, opinion f1=0.0000, sentiment acc==0.0000, sentiment f1==0.0000, ABSA f1==0.0000,
Test:  aspect f1=0.4485, opinion f1=0.0000, sentiment acc==0.0000, sentiment f1==0.0000, ABSA f1==0.0000,
Current Max Metrics Index : 21 Current Min Loss Index : 11 Epoch Time: 0m 12s Tau : 0.25

-------------------------------------Iter47-------------------------------------
Train: final loss=0.718598, aspect loss=0.024795, opinion loss=0.000000, domain loss=0.693638, sentiment loss=0.000000, reg loss=0.000000, step=69216
Dev:   final loss=0.274735, aspect loss=0.274735, opinion loss=0.000000, sentiment loss=0.000000, reg loss=0.000000, step=69216
Dev:   aspect f1=0.4463, opinion f1=0.0000, sentiment acc==0.0000, sentiment f1==0.0000, ABSA f1==0.0000,
Test:  aspect f1=0.4463, opinion f1=0.0000, sentiment acc==0.0000, sentiment f1==0.0000, ABSA f1==0.0000,
Current Max Metrics Index : 21 Current Min Loss Index : 11 Epoch Time: 0m 12s Tau : 0.24

-------------------------------------Iter48-------------------------------------
Train: final loss=0.718323, aspect loss=0.025198, opinion loss=0.000000, domain loss=0.693202, sentiment loss=0.000000, reg loss=0.000000, step=70658
Dev:   final loss=0.224507, aspect loss=0.224507, opinion loss=0.000000, sentiment loss=0.000000, reg loss=0.000000, step=70658
Dev:   aspect f1=0.4600, opinion f1=0.0000, sentiment acc==0.0000, sentiment f1==0.0000, ABSA f1==0.0000,
Test:  aspect f1=0.4600, opinion f1=0.0000, sentiment acc==0.0000, sentiment f1==0.0000, ABSA f1==0.0000,
Current Max Metrics Index : 21 Current Min Loss Index : 11 Epoch Time: 0m 12s Tau : 0.24

-------------------------------------Iter49-------------------------------------
Train: final loss=0.717924, aspect loss=0.024430, opinion loss=0.000000, domain loss=0.693192, sentiment loss=0.000000, reg loss=0.000000, step=72100
Dev:   final loss=0.227351, aspect loss=0.227351, opinion loss=0.000000, sentiment loss=0.000000, reg loss=0.000000, step=72100
Dev:   aspect f1=0.4571, opinion f1=0.0000, sentiment acc==0.0000, sentiment f1==0.0000, ABSA f1==0.0000,
Test:  aspect f1=0.4571, opinion f1=0.0000, sentiment acc==0.0000, sentiment f1==0.0000, ABSA f1==0.0000,
Current Max Metrics Index : 21 Current Min Loss Index : 11 Epoch Time: 0m 12s Tau : 0.23

-------------------------------------Iter50-------------------------------------
Train: final loss=0.718031, aspect loss=0.024419, opinion loss=0.000000, domain loss=0.693578, sentiment loss=0.000000, reg loss=0.000000, step=73542
Dev:   final loss=0.252371, aspect loss=0.252371, opinion loss=0.000000, sentiment loss=0.000000, reg loss=0.000000, step=73542
Dev:   aspect f1=0.4568, opinion f1=0.0000, sentiment acc==0.0000, sentiment f1==0.0000, ABSA f1==0.0000,
Test:  aspect f1=0.4568, opinion f1=0.0000, sentiment acc==0.0000, sentiment f1==0.0000, ABSA f1==0.0000,
Current Max Metrics Index : 21 Current Min Loss Index : 11 Epoch Time: 0m 12s Tau : 0.22

-------------------------------------Iter51-------------------------------------
Train: final loss=0.717841, aspect loss=0.024143, opinion loss=0.000000, domain loss=0.693419, sentiment loss=0.000000, reg loss=0.000000, step=74984
Dev:   final loss=0.243327, aspect loss=0.243327, opinion loss=0.000000, sentiment loss=0.000000, reg loss=0.000000, step=74984
Dev:   aspect f1=0.4519, opinion f1=0.0000, sentiment acc==0.0000, sentiment f1==0.0000, ABSA f1==0.0000,
Test:  aspect f1=0.4519, opinion f1=0.0000, sentiment acc==0.0000, sentiment f1==0.0000, ABSA f1==0.0000,
Current Max Metrics Index : 21 Current Min Loss Index : 11 Epoch Time: 0m 12s Tau : 0.22

-------------------------------------Iter52-------------------------------------
Train: final loss=0.717314, aspect loss=0.023430, opinion loss=0.000000, domain loss=0.693988, sentiment loss=0.000000, reg loss=0.000000, step=76426
Dev:   final loss=0.251115, aspect loss=0.251115, opinion loss=0.000000, sentiment loss=0.000000, reg loss=0.000000, step=76426
Dev:   aspect f1=0.4570, opinion f1=0.0000, sentiment acc==0.0000, sentiment f1==0.0000, ABSA f1==0.0000,
Test:  aspect f1=0.4570, opinion f1=0.0000, sentiment acc==0.0000, sentiment f1==0.0000, ABSA f1==0.0000,
Current Max Metrics Index : 21 Current Min Loss Index : 11 Epoch Time: 0m 12s Tau : 0.21

-------------------------------------Iter53-------------------------------------
Train: final loss=0.716746, aspect loss=0.023060, opinion loss=0.000000, domain loss=0.693518, sentiment loss=0.000000, reg loss=0.000000, step=77868
Dev:   final loss=0.269192, aspect loss=0.269192, opinion loss=0.000000, sentiment loss=0.000000, reg loss=0.000000, step=77868
Dev:   aspect f1=0.4459, opinion f1=0.0000, sentiment acc==0.0000, sentiment f1==0.0000, ABSA f1==0.0000,
Test:  aspect f1=0.4459, opinion f1=0.0000, sentiment acc==0.0000, sentiment f1==0.0000, ABSA f1==0.0000,
Current Max Metrics Index : 21 Current Min Loss Index : 11 Epoch Time: 0m 12s Tau : 0.20

-------------------------------------Iter54-------------------------------------
Train: final loss=0.717205, aspect loss=0.023578, opinion loss=0.000000, domain loss=0.693591, sentiment loss=0.000000, reg loss=0.000000, step=79310
Dev:   final loss=0.265429, aspect loss=0.265429, opinion loss=0.000000, sentiment loss=0.000000, reg loss=0.000000, step=79310
Dev:   aspect f1=0.4592, opinion f1=0.0000, sentiment acc==0.0000, sentiment f1==0.0000, ABSA f1==0.0000,
Test:  aspect f1=0.4592, opinion f1=0.0000, sentiment acc==0.0000, sentiment f1==0.0000, ABSA f1==0.0000,
Current Max Metrics Index : 21 Current Min Loss Index : 11 Epoch Time: 0m 12s Tau : 0.20

-------------------------------------Iter55-------------------------------------
Train: final loss=0.716822, aspect loss=0.023712, opinion loss=0.000000, domain loss=0.693194, sentiment loss=0.000000, reg loss=0.000000, step=80752
Dev:   final loss=0.237184, aspect loss=0.237184, opinion loss=0.000000, sentiment loss=0.000000, reg loss=0.000000, step=80752
Dev:   aspect f1=0.4520, opinion f1=0.0000, sentiment acc==0.0000, sentiment f1==0.0000, ABSA f1==0.0000,
Test:  aspect f1=0.4520, opinion f1=0.0000, sentiment acc==0.0000, sentiment f1==0.0000, ABSA f1==0.0000,
Current Max Metrics Index : 21 Current Min Loss Index : 11 Epoch Time: 0m 12s Tau : 0.19

-------------------------------------Iter56-------------------------------------
Train: final loss=0.715985, aspect loss=0.022469, opinion loss=0.000000, domain loss=0.693348, sentiment loss=0.000000, reg loss=0.000000, step=82194
Dev:   final loss=0.245395, aspect loss=0.245395, opinion loss=0.000000, sentiment loss=0.000000, reg loss=0.000000, step=82194
Dev:   aspect f1=0.4540, opinion f1=0.0000, sentiment acc==0.0000, sentiment f1==0.0000, ABSA f1==0.0000,
Test:  aspect f1=0.4540, opinion f1=0.0000, sentiment acc==0.0000, sentiment f1==0.0000, ABSA f1==0.0000,
Current Max Metrics Index : 21 Current Min Loss Index : 11 Epoch Time: 0m 12s Tau : 0.19

-------------------------------------Iter57-------------------------------------
Train: final loss=0.714753, aspect loss=0.021508, opinion loss=0.000000, domain loss=0.693101, sentiment loss=0.000000, reg loss=0.000000, step=83636
Dev:   final loss=0.258967, aspect loss=0.258967, opinion loss=0.000000, sentiment loss=0.000000, reg loss=0.000000, step=83636
Dev:   aspect f1=0.4505, opinion f1=0.0000, sentiment acc==0.0000, sentiment f1==0.0000, ABSA f1==0.0000,
Test:  aspect f1=0.4505, opinion f1=0.0000, sentiment acc==0.0000, sentiment f1==0.0000, ABSA f1==0.0000,
Current Max Metrics Index : 21 Current Min Loss Index : 11 Epoch Time: 0m 12s Tau : 0.18

-------------------------------------Iter58-------------------------------------
Train: final loss=0.715059, aspect loss=0.021663, opinion loss=0.000000, domain loss=0.693326, sentiment loss=0.000000, reg loss=0.000000, step=85078
Dev:   final loss=0.274739, aspect loss=0.274739, opinion loss=0.000000, sentiment loss=0.000000, reg loss=0.000000, step=85078
Dev:   aspect f1=0.4503, opinion f1=0.0000, sentiment acc==0.0000, sentiment f1==0.0000, ABSA f1==0.0000,
Test:  aspect f1=0.4503, opinion f1=0.0000, sentiment acc==0.0000, sentiment f1==0.0000, ABSA f1==0.0000,
Current Max Metrics Index : 21 Current Min Loss Index : 11 Epoch Time: 0m 12s Tau : 0.18

-------------------------------------Iter59-------------------------------------
Train: final loss=0.715111, aspect loss=0.021686, opinion loss=0.000000, domain loss=0.693365, sentiment loss=0.000000, reg loss=0.000000, step=86520
Dev:   final loss=0.236384, aspect loss=0.236384, opinion loss=0.000000, sentiment loss=0.000000, reg loss=0.000000, step=86520
Dev:   aspect f1=0.4592, opinion f1=0.0000, sentiment acc==0.0000, sentiment f1==0.0000, ABSA f1==0.0000,
Test:  aspect f1=0.4592, opinion f1=0.0000, sentiment acc==0.0000, sentiment f1==0.0000, ABSA f1==0.0000,
Current Max Metrics Index : 21 Current Min Loss Index : 11 Epoch Time: 0m 12s Tau : 0.17

-------------------------------------Iter60-------------------------------------
Train: final loss=0.714696, aspect loss=0.021240, opinion loss=0.000000, domain loss=0.693619, sentiment loss=0.000000, reg loss=0.000000, step=87962
Dev:   final loss=0.245895, aspect loss=0.245895, opinion loss=0.000000, sentiment loss=0.000000, reg loss=0.000000, step=87962
Dev:   aspect f1=0.4546, opinion f1=0.0000, sentiment acc==0.0000, sentiment f1==0.0000, ABSA f1==0.0000,
Test:  aspect f1=0.4546, opinion f1=0.0000, sentiment acc==0.0000, sentiment f1==0.0000, ABSA f1==0.0000,
Current Max Metrics Index : 21 Current Min Loss Index : 11 Epoch Time: 0m 11s Tau : 0.17

-------------------------------------Iter61-------------------------------------
Train: final loss=0.714206, aspect loss=0.020959, opinion loss=0.000000, domain loss=0.693354, sentiment loss=0.000000, reg loss=0.000000, step=89404
Dev:   final loss=0.252096, aspect loss=0.252096, opinion loss=0.000000, sentiment loss=0.000000, reg loss=0.000000, step=89404
Dev:   aspect f1=0.4493, opinion f1=0.0000, sentiment acc==0.0000, sentiment f1==0.0000, ABSA f1==0.0000,
Test:  aspect f1=0.4493, opinion f1=0.0000, sentiment acc==0.0000, sentiment f1==0.0000, ABSA f1==0.0000,
Current Max Metrics Index : 21 Current Min Loss Index : 11 Epoch Time: 0m 12s Tau : 0.16

-------------------------------------Iter62-------------------------------------
Train: final loss=0.714201, aspect loss=0.020788, opinion loss=0.000000, domain loss=0.693370, sentiment loss=0.000000, reg loss=0.000000, step=90846
Dev:   final loss=0.277901, aspect loss=0.277901, opinion loss=0.000000, sentiment loss=0.000000, reg loss=0.000000, step=90846
Dev:   aspect f1=0.4525, opinion f1=0.0000, sentiment acc==0.0000, sentiment f1==0.0000, ABSA f1==0.0000,
Test:  aspect f1=0.4525, opinion f1=0.0000, sentiment acc==0.0000, sentiment f1==0.0000, ABSA f1==0.0000,
Current Max Metrics Index : 21 Current Min Loss Index : 11 Epoch Time: 0m 12s Tau : 0.16

-------------------------------------Iter63-------------------------------------
Train: final loss=0.714369, aspect loss=0.020435, opinion loss=0.000000, domain loss=0.693706, sentiment loss=0.000000, reg loss=0.000000, step=92288
Dev:   final loss=0.266345, aspect loss=0.266345, opinion loss=0.000000, sentiment loss=0.000000, reg loss=0.000000, step=92288
Dev:   aspect f1=0.4521, opinion f1=0.0000, sentiment acc==0.0000, sentiment f1==0.0000, ABSA f1==0.0000,
Test:  aspect f1=0.4521, opinion f1=0.0000, sentiment acc==0.0000, sentiment f1==0.0000, ABSA f1==0.0000,
Current Max Metrics Index : 21 Current Min Loss Index : 11 Epoch Time: 0m 12s Tau : 0.15

-------------------------------------Iter64-------------------------------------
Train: final loss=0.714360, aspect loss=0.021203, opinion loss=0.000000, domain loss=0.693258, sentiment loss=0.000000, reg loss=0.000000, step=93730
Dev:   final loss=0.256093, aspect loss=0.256093, opinion loss=0.000000, sentiment loss=0.000000, reg loss=0.000000, step=93730
Dev:   aspect f1=0.4602, opinion f1=0.0000, sentiment acc==0.0000, sentiment f1==0.0000, ABSA f1==0.0000,
Test:  aspect f1=0.4602, opinion f1=0.0000, sentiment acc==0.0000, sentiment f1==0.0000, ABSA f1==0.0000,
Current Max Metrics Index : 21 Current Min Loss Index : 11 Epoch Time: 0m 12s Tau : 0.15

-------------------------------------Iter65-------------------------------------
Train: final loss=0.713402, aspect loss=0.020166, opinion loss=0.000000, domain loss=0.693290, sentiment loss=0.000000, reg loss=0.000000, step=95172
Dev:   final loss=0.272050, aspect loss=0.272050, opinion loss=0.000000, sentiment loss=0.000000, reg loss=0.000000, step=95172
Dev:   aspect f1=0.4545, opinion f1=0.0000, sentiment acc==0.0000, sentiment f1==0.0000, ABSA f1==0.0000,
Test:  aspect f1=0.4545, opinion f1=0.0000, sentiment acc==0.0000, sentiment f1==0.0000, ABSA f1==0.0000,
Current Max Metrics Index : 21 Current Min Loss Index : 11 Epoch Time: 0m 12s Tau : 0.14

-------------------------------------Iter66-------------------------------------
Train: final loss=0.712360, aspect loss=0.019227, opinion loss=0.000000, domain loss=0.693268, sentiment loss=0.000000, reg loss=0.000000, step=96614
Dev:   final loss=0.290841, aspect loss=0.290841, opinion loss=0.000000, sentiment loss=0.000000, reg loss=0.000000, step=96614
Dev:   aspect f1=0.4477, opinion f1=0.0000, sentiment acc==0.0000, sentiment f1==0.0000, ABSA f1==0.0000,
Test:  aspect f1=0.4477, opinion f1=0.0000, sentiment acc==0.0000, sentiment f1==0.0000, ABSA f1==0.0000,
Current Max Metrics Index : 21 Current Min Loss Index : 11 Epoch Time: 0m 12s Tau : 0.14

-------------------------------------Iter67-------------------------------------
Train: final loss=0.712857, aspect loss=0.019362, opinion loss=0.000000, domain loss=0.693439, sentiment loss=0.000000, reg loss=0.000000, step=98056
Dev:   final loss=0.290711, aspect loss=0.290711, opinion loss=0.000000, sentiment loss=0.000000, reg loss=0.000000, step=98056
Dev:   aspect f1=0.4489, opinion f1=0.0000, sentiment acc==0.0000, sentiment f1==0.0000, ABSA f1==0.0000,
Test:  aspect f1=0.4489, opinion f1=0.0000, sentiment acc==0.0000, sentiment f1==0.0000, ABSA f1==0.0000,
Current Max Metrics Index : 21 Current Min Loss Index : 11 Epoch Time: 0m 12s Tau : 0.13

-------------------------------------Iter68-------------------------------------
Train: final loss=0.713695, aspect loss=0.019763, opinion loss=0.000000, domain loss=0.693878, sentiment loss=0.000000, reg loss=0.000000, step=99498
Dev:   final loss=0.273347, aspect loss=0.273347, opinion loss=0.000000, sentiment loss=0.000000, reg loss=0.000000, step=99498
Dev:   aspect f1=0.4529, opinion f1=0.0000, sentiment acc==0.0000, sentiment f1==0.0000, ABSA f1==0.0000,
Test:  aspect f1=0.4529, opinion f1=0.0000, sentiment acc==0.0000, sentiment f1==0.0000, ABSA f1==0.0000,
Current Max Metrics Index : 21 Current Min Loss Index : 11 Epoch Time: 0m 12s Tau : 0.13

-------------------------------------Iter69-------------------------------------
Train: final loss=0.712155, aspect loss=0.019294, opinion loss=0.000000, domain loss=0.693068, sentiment loss=0.000000, reg loss=0.000000, step=100940
Dev:   final loss=0.268994, aspect loss=0.268994, opinion loss=0.000000, sentiment loss=0.000000, reg loss=0.000000, step=100940
Dev:   aspect f1=0.4559, opinion f1=0.0000, sentiment acc==0.0000, sentiment f1==0.0000, ABSA f1==0.0000,
Test:  aspect f1=0.4559, opinion f1=0.0000, sentiment acc==0.0000, sentiment f1==0.0000, ABSA f1==0.0000,
Current Max Metrics Index : 21 Current Min Loss Index : 11 Epoch Time: 0m 12s Tau : 0.13

-------------------------------------Iter70-------------------------------------
Train: final loss=0.713185, aspect loss=0.019480, opinion loss=0.000000, domain loss=0.693514, sentiment loss=0.000000, reg loss=0.000000, step=102382
Dev:   final loss=0.265277, aspect loss=0.265277, opinion loss=0.000000, sentiment loss=0.000000, reg loss=0.000000, step=102382
Dev:   aspect f1=0.4524, opinion f1=0.0000, sentiment acc==0.0000, sentiment f1==0.0000, ABSA f1==0.0000,
Test:  aspect f1=0.4524, opinion f1=0.0000, sentiment acc==0.0000, sentiment f1==0.0000, ABSA f1==0.0000,
Current Max Metrics Index : 21 Current Min Loss Index : 11 Epoch Time: 0m 12s Tau : 0.12

-------------------------------------Iter71-------------------------------------
Train: final loss=0.712552, aspect loss=0.019072, opinion loss=0.000000, domain loss=0.693433, sentiment loss=0.000000, reg loss=0.000000, step=103824
Dev:   final loss=0.292223, aspect loss=0.292223, opinion loss=0.000000, sentiment loss=0.000000, reg loss=0.000000, step=103824
Dev:   aspect f1=0.4504, opinion f1=0.0000, sentiment acc==0.0000, sentiment f1==0.0000, ABSA f1==0.0000,
Test:  aspect f1=0.4504, opinion f1=0.0000, sentiment acc==0.0000, sentiment f1==0.0000, ABSA f1==0.0000,
Current Max Metrics Index : 21 Current Min Loss Index : 11 Epoch Time: 0m 12s Tau : 0.12

-------------------------------------Iter72-------------------------------------
Train: final loss=0.712055, aspect loss=0.018649, opinion loss=0.000000, domain loss=0.693317, sentiment loss=0.000000, reg loss=0.000000, step=105266
Dev:   final loss=0.256837, aspect loss=0.256837, opinion loss=0.000000, sentiment loss=0.000000, reg loss=0.000000, step=105266
Dev:   aspect f1=0.4618, opinion f1=0.0000, sentiment acc==0.0000, sentiment f1==0.0000, ABSA f1==0.0000,
Test:  aspect f1=0.4618, opinion f1=0.0000, sentiment acc==0.0000, sentiment f1==0.0000, ABSA f1==0.0000,
Current Max Metrics Index : 21 Current Min Loss Index : 11 Epoch Time: 0m 12s Tau : 0.12

-------------------------------------Iter73-------------------------------------
Train: final loss=0.712166, aspect loss=0.018630, opinion loss=0.000000, domain loss=0.693391, sentiment loss=0.000000, reg loss=0.000000, step=106708
Dev:   final loss=0.270569, aspect loss=0.270569, opinion loss=0.000000, sentiment loss=0.000000, reg loss=0.000000, step=106708
Dev:   aspect f1=0.4608, opinion f1=0.0000, sentiment acc==0.0000, sentiment f1==0.0000, ABSA f1==0.0000,
Test:  aspect f1=0.4608, opinion f1=0.0000, sentiment acc==0.0000, sentiment f1==0.0000, ABSA f1==0.0000,
Current Max Metrics Index : 21 Current Min Loss Index : 11 Epoch Time: 0m 12s Tau : 0.11

-------------------------------------Iter74-------------------------------------
Train: final loss=0.712639, aspect loss=0.019125, opinion loss=0.000000, domain loss=0.693519, sentiment loss=0.000000, reg loss=0.000000, step=108150
Dev:   final loss=0.278282, aspect loss=0.278282, opinion loss=0.000000, sentiment loss=0.000000, reg loss=0.000000, step=108150
Dev:   aspect f1=0.4564, opinion f1=0.0000, sentiment acc==0.0000, sentiment f1==0.0000, ABSA f1==0.0000,
Test:  aspect f1=0.4564, opinion f1=0.0000, sentiment acc==0.0000, sentiment f1==0.0000, ABSA f1==0.0000,
Current Max Metrics Index : 21 Current Min Loss Index : 11 Epoch Time: 0m 12s Tau : 0.11

-------------------------------------Iter75-------------------------------------
Train: final loss=0.711925, aspect loss=0.018267, opinion loss=0.000000, domain loss=0.693493, sentiment loss=0.000000, reg loss=0.000000, step=109592
Dev:   final loss=0.289236, aspect loss=0.289236, opinion loss=0.000000, sentiment loss=0.000000, reg loss=0.000000, step=109592
Dev:   aspect f1=0.4540, opinion f1=0.0000, sentiment acc==0.0000, sentiment f1==0.0000, ABSA f1==0.0000,
Test:  aspect f1=0.4540, opinion f1=0.0000, sentiment acc==0.0000, sentiment f1==0.0000, ABSA f1==0.0000,
Current Max Metrics Index : 21 Current Min Loss Index : 11 Epoch Time: 0m 12s Tau : 0.11

-------------------------------------Iter76-------------------------------------
Train: final loss=0.711777, aspect loss=0.018492, opinion loss=0.000000, domain loss=0.693262, sentiment loss=0.000000, reg loss=0.000000, step=111034
Dev:   final loss=0.309213, aspect loss=0.309213, opinion loss=0.000000, sentiment loss=0.000000, reg loss=0.000000, step=111034
Dev:   aspect f1=0.4509, opinion f1=0.0000, sentiment acc==0.0000, sentiment f1==0.0000, ABSA f1==0.0000,
Test:  aspect f1=0.4509, opinion f1=0.0000, sentiment acc==0.0000, sentiment f1==0.0000, ABSA f1==0.0000,
Current Max Metrics Index : 21 Current Min Loss Index : 11 Epoch Time: 0m 12s Tau : 0.10

-------------------------------------Iter77-------------------------------------
Train: final loss=0.711078, aspect loss=0.017806, opinion loss=0.000000, domain loss=0.693192, sentiment loss=0.000000, reg loss=0.000000, step=112476
Dev:   final loss=0.255202, aspect loss=0.255202, opinion loss=0.000000, sentiment loss=0.000000, reg loss=0.000000, step=112476
Dev:   aspect f1=0.4624, opinion f1=0.0000, sentiment acc==0.0000, sentiment f1==0.0000, ABSA f1==0.0000,
Test:  aspect f1=0.4624, opinion f1=0.0000, sentiment acc==0.0000, sentiment f1==0.0000, ABSA f1==0.0000,
Current Max Metrics Index : 21 Current Min Loss Index : 11 Epoch Time: 0m 12s Tau : 0.10

-------------------------------------Iter78-------------------------------------
Train: final loss=0.711933, aspect loss=0.018303, opinion loss=0.000000, domain loss=0.693659, sentiment loss=0.000000, reg loss=0.000000, step=113918
Dev:   final loss=0.244131, aspect loss=0.244131, opinion loss=0.000000, sentiment loss=0.000000, reg loss=0.000000, step=113918
Dev:   aspect f1=0.4583, opinion f1=0.0000, sentiment acc==0.0000, sentiment f1==0.0000, ABSA f1==0.0000,
Test:  aspect f1=0.4583, opinion f1=0.0000, sentiment acc==0.0000, sentiment f1==0.0000, ABSA f1==0.0000,
Current Max Metrics Index : 21 Current Min Loss Index : 11 Epoch Time: 0m 12s Tau : 0.10

-------------------------------------Iter79-------------------------------------
Train: final loss=0.711275, aspect loss=0.017913, opinion loss=0.000000, domain loss=0.693267, sentiment loss=0.000000, reg loss=0.000000, step=115360
Dev:   final loss=0.283125, aspect loss=0.283125, opinion loss=0.000000, sentiment loss=0.000000, reg loss=0.000000, step=115360
Dev:   aspect f1=0.4581, opinion f1=0.0000, sentiment acc==0.0000, sentiment f1==0.0000, ABSA f1==0.0000,
Test:  aspect f1=0.4581, opinion f1=0.0000, sentiment acc==0.0000, sentiment f1==0.0000, ABSA f1==0.0000,
Current Max Metrics Index : 21 Current Min Loss Index : 11 Epoch Time: 0m 12s Tau : 0.10

-------------------------------------Iter80-------------------------------------
Train: final loss=0.710836, aspect loss=0.017238, opinion loss=0.000000, domain loss=0.693512, sentiment loss=0.000000, reg loss=0.000000, step=116802
Dev:   final loss=0.297422, aspect loss=0.297422, opinion loss=0.000000, sentiment loss=0.000000, reg loss=0.000000, step=116802
Dev:   aspect f1=0.4583, opinion f1=0.0000, sentiment acc==0.0000, sentiment f1==0.0000, ABSA f1==0.0000,
Test:  aspect f1=0.4583, opinion f1=0.0000, sentiment acc==0.0000, sentiment f1==0.0000, ABSA f1==0.0000,
Current Max Metrics Index : 21 Current Min Loss Index : 11 Epoch Time: 0m 12s Tau : 0.10

-------------------------------------Iter81-------------------------------------
Train: final loss=0.711693, aspect loss=0.018110, opinion loss=0.000000, domain loss=0.693658, sentiment loss=0.000000, reg loss=0.000000, step=118244
Dev:   final loss=0.297088, aspect loss=0.297088, opinion loss=0.000000, sentiment loss=0.000000, reg loss=0.000000, step=118244
Dev:   aspect f1=0.4562, opinion f1=0.0000, sentiment acc==0.0000, sentiment f1==0.0000, ABSA f1==0.0000,
Test:  aspect f1=0.4562, opinion f1=0.0000, sentiment acc==0.0000, sentiment f1==0.0000, ABSA f1==0.0000,
Current Max Metrics Index : 21 Current Min Loss Index : 11 Epoch Time: 0m 12s Tau : 0.10

-------------------------------------Iter82-------------------------------------
Train: final loss=0.711698, aspect loss=0.018042, opinion loss=0.000000, domain loss=0.693554, sentiment loss=0.000000, reg loss=0.000000, step=119686
Dev:   final loss=0.265255, aspect loss=0.265255, opinion loss=0.000000, sentiment loss=0.000000, reg loss=0.000000, step=119686
Dev:   aspect f1=0.4620, opinion f1=0.0000, sentiment acc==0.0000, sentiment f1==0.0000, ABSA f1==0.0000,
Test:  aspect f1=0.4620, opinion f1=0.0000, sentiment acc==0.0000, sentiment f1==0.0000, ABSA f1==0.0000,
Current Max Metrics Index : 21 Current Min Loss Index : 11 Epoch Time: 0m 12s Tau : 0.10

-------------------------------------Iter83-------------------------------------
Train: final loss=0.710604, aspect loss=0.017393, opinion loss=0.000000, domain loss=0.693186, sentiment loss=0.000000, reg loss=0.000000, step=121128
Dev:   final loss=0.298922, aspect loss=0.298922, opinion loss=0.000000, sentiment loss=0.000000, reg loss=0.000000, step=121128
Dev:   aspect f1=0.4560, opinion f1=0.0000, sentiment acc==0.0000, sentiment f1==0.0000, ABSA f1==0.0000,
Test:  aspect f1=0.4560, opinion f1=0.0000, sentiment acc==0.0000, sentiment f1==0.0000, ABSA f1==0.0000,
Current Max Metrics Index : 21 Current Min Loss Index : 11 Epoch Time: 0m 12s Tau : 0.10

-------------------------------------Iter84-------------------------------------
Train: final loss=0.710462, aspect loss=0.016979, opinion loss=0.000000, domain loss=0.693421, sentiment loss=0.000000, reg loss=0.000000, step=122570
Dev:   final loss=0.272017, aspect loss=0.272017, opinion loss=0.000000, sentiment loss=0.000000, reg loss=0.000000, step=122570
Dev:   aspect f1=0.4541, opinion f1=0.0000, sentiment acc==0.0000, sentiment f1==0.0000, ABSA f1==0.0000,
Test:  aspect f1=0.4541, opinion f1=0.0000, sentiment acc==0.0000, sentiment f1==0.0000, ABSA f1==0.0000,
Current Max Metrics Index : 21 Current Min Loss Index : 11 Epoch Time: 0m 12s Tau : 0.10

-------------------------------------Iter85-------------------------------------
Train: final loss=0.710125, aspect loss=0.016885, opinion loss=0.000000, domain loss=0.693191, sentiment loss=0.000000, reg loss=0.000000, step=124012
Dev:   final loss=0.287017, aspect loss=0.287017, opinion loss=0.000000, sentiment loss=0.000000, reg loss=0.000000, step=124012
Dev:   aspect f1=0.4634, opinion f1=0.0000, sentiment acc==0.0000, sentiment f1==0.0000, ABSA f1==0.0000,
Test:  aspect f1=0.4634, opinion f1=0.0000, sentiment acc==0.0000, sentiment f1==0.0000, ABSA f1==0.0000,
Current Max Metrics Index : 21 Current Min Loss Index : 11 Epoch Time: 0m 12s Tau : 0.10

-------------------------------------Iter86-------------------------------------
Train: final loss=0.710311, aspect loss=0.016824, opinion loss=0.000000, domain loss=0.693444, sentiment loss=0.000000, reg loss=0.000000, step=125454
Dev:   final loss=0.293785, aspect loss=0.293785, opinion loss=0.000000, sentiment loss=0.000000, reg loss=0.000000, step=125454
Dev:   aspect f1=0.4665, opinion f1=0.0000, sentiment acc==0.0000, sentiment f1==0.0000, ABSA f1==0.0000,
Test:  aspect f1=0.4665, opinion f1=0.0000, sentiment acc==0.0000, sentiment f1==0.0000, ABSA f1==0.0000,
Current Max Metrics Index : 21 Current Min Loss Index : 11 Epoch Time: 0m 12s Tau : 0.10

-------------------------------------Iter87-------------------------------------
Train: final loss=0.709809, aspect loss=0.016369, opinion loss=0.000000, domain loss=0.693372, sentiment loss=0.000000, reg loss=0.000000, step=126896
Dev:   final loss=0.308588, aspect loss=0.308588, opinion loss=0.000000, sentiment loss=0.000000, reg loss=0.000000, step=126896
Dev:   aspect f1=0.4575, opinion f1=0.0000, sentiment acc==0.0000, sentiment f1==0.0000, ABSA f1==0.0000,
Test:  aspect f1=0.4575, opinion f1=0.0000, sentiment acc==0.0000, sentiment f1==0.0000, ABSA f1==0.0000,
Current Max Metrics Index : 21 Current Min Loss Index : 11 Epoch Time: 0m 12s Tau : 0.10

-------------------------------------Iter88-------------------------------------
Train: final loss=0.709550, aspect loss=0.016518, opinion loss=0.000000, domain loss=0.692980, sentiment loss=0.000000, reg loss=0.000000, step=128338
Dev:   final loss=0.299166, aspect loss=0.299166, opinion loss=0.000000, sentiment loss=0.000000, reg loss=0.000000, step=128338
Dev:   aspect f1=0.4468, opinion f1=0.0000, sentiment acc==0.0000, sentiment f1==0.0000, ABSA f1==0.0000,
Test:  aspect f1=0.4468, opinion f1=0.0000, sentiment acc==0.0000, sentiment f1==0.0000, ABSA f1==0.0000,
Current Max Metrics Index : 21 Current Min Loss Index : 11 Epoch Time: 0m 12s Tau : 0.10

-------------------------------------Iter89-------------------------------------
Train: final loss=0.710436, aspect loss=0.016799, opinion loss=0.000000, domain loss=0.693526, sentiment loss=0.000000, reg loss=0.000000, step=129780
Dev:   final loss=0.310444, aspect loss=0.310444, opinion loss=0.000000, sentiment loss=0.000000, reg loss=0.000000, step=129780
Dev:   aspect f1=0.4510, opinion f1=0.0000, sentiment acc==0.0000, sentiment f1==0.0000, ABSA f1==0.0000,
Test:  aspect f1=0.4510, opinion f1=0.0000, sentiment acc==0.0000, sentiment f1==0.0000, ABSA f1==0.0000,
Current Max Metrics Index : 21 Current Min Loss Index : 11 Epoch Time: 0m 12s Tau : 0.10

-------------------------------------Iter90-------------------------------------
Train: final loss=0.709429, aspect loss=0.016314, opinion loss=0.000000, domain loss=0.692942, sentiment loss=0.000000, reg loss=0.000000, step=131222
Dev:   final loss=0.289992, aspect loss=0.289992, opinion loss=0.000000, sentiment loss=0.000000, reg loss=0.000000, step=131222
Dev:   aspect f1=0.4510, opinion f1=0.0000, sentiment acc==0.0000, sentiment f1==0.0000, ABSA f1==0.0000,
Test:  aspect f1=0.4510, opinion f1=0.0000, sentiment acc==0.0000, sentiment f1==0.0000, ABSA f1==0.0000,
Current Max Metrics Index : 21 Current Min Loss Index : 11 Epoch Time: 0m 12s Tau : 0.10

-------------------------------------Iter91-------------------------------------
Train: final loss=0.710140, aspect loss=0.016831, opinion loss=0.000000, domain loss=0.693216, sentiment loss=0.000000, reg loss=0.000000, step=132664
Dev:   final loss=0.288443, aspect loss=0.288443, opinion loss=0.000000, sentiment loss=0.000000, reg loss=0.000000, step=132664
Dev:   aspect f1=0.4623, opinion f1=0.0000, sentiment acc==0.0000, sentiment f1==0.0000, ABSA f1==0.0000,
Test:  aspect f1=0.4623, opinion f1=0.0000, sentiment acc==0.0000, sentiment f1==0.0000, ABSA f1==0.0000,
Current Max Metrics Index : 21 Current Min Loss Index : 11 Epoch Time: 0m 12s Tau : 0.10

-------------------------------------Iter92-------------------------------------
Train: final loss=0.709112, aspect loss=0.015621, opinion loss=0.000000, domain loss=0.693308, sentiment loss=0.000000, reg loss=0.000000, step=134106
Dev:   final loss=0.278199, aspect loss=0.278199, opinion loss=0.000000, sentiment loss=0.000000, reg loss=0.000000, step=134106
Dev:   aspect f1=0.4504, opinion f1=0.0000, sentiment acc==0.0000, sentiment f1==0.0000, ABSA f1==0.0000,
Test:  aspect f1=0.4504, opinion f1=0.0000, sentiment acc==0.0000, sentiment f1==0.0000, ABSA f1==0.0000,
Current Max Metrics Index : 21 Current Min Loss Index : 11 Epoch Time: 0m 12s Tau : 0.10

-------------------------------------Iter93-------------------------------------
Train: final loss=0.708884, aspect loss=0.015457, opinion loss=0.000000, domain loss=0.693372, sentiment loss=0.000000, reg loss=0.000000, step=135548
Dev:   final loss=0.307570, aspect loss=0.307570, opinion loss=0.000000, sentiment loss=0.000000, reg loss=0.000000, step=135548
Dev:   aspect f1=0.4509, opinion f1=0.0000, sentiment acc==0.0000, sentiment f1==0.0000, ABSA f1==0.0000,
Test:  aspect f1=0.4509, opinion f1=0.0000, sentiment acc==0.0000, sentiment f1==0.0000, ABSA f1==0.0000,
Current Max Metrics Index : 21 Current Min Loss Index : 11 Epoch Time: 0m 12s Tau : 0.10

-------------------------------------Iter94-------------------------------------
Train: final loss=0.709783, aspect loss=0.016336, opinion loss=0.000000, domain loss=0.693370, sentiment loss=0.000000, reg loss=0.000000, step=136990
Dev:   final loss=0.284787, aspect loss=0.284787, opinion loss=0.000000, sentiment loss=0.000000, reg loss=0.000000, step=136990
Dev:   aspect f1=0.4569, opinion f1=0.0000, sentiment acc==0.0000, sentiment f1==0.0000, ABSA f1==0.0000,
Test:  aspect f1=0.4569, opinion f1=0.0000, sentiment acc==0.0000, sentiment f1==0.0000, ABSA f1==0.0000,
Current Max Metrics Index : 21 Current Min Loss Index : 11 Epoch Time: 0m 12s Tau : 0.10

-------------------------------------Iter95-------------------------------------
Train: final loss=0.708640, aspect loss=0.015663, opinion loss=0.000000, domain loss=0.692870, sentiment loss=0.000000, reg loss=0.000000, step=138432
Dev:   final loss=0.306143, aspect loss=0.306143, opinion loss=0.000000, sentiment loss=0.000000, reg loss=0.000000, step=138432
Dev:   aspect f1=0.4555, opinion f1=0.0000, sentiment acc==0.0000, sentiment f1==0.0000, ABSA f1==0.0000,
Test:  aspect f1=0.4555, opinion f1=0.0000, sentiment acc==0.0000, sentiment f1==0.0000, ABSA f1==0.0000,
Current Max Metrics Index : 21 Current Min Loss Index : 11 Epoch Time: 0m 12s Tau : 0.10

-------------------------------------Iter96-------------------------------------
Train: final loss=0.708671, aspect loss=0.015041, opinion loss=0.000000, domain loss=0.693590, sentiment loss=0.000000, reg loss=0.000000, step=139874
Dev:   final loss=0.287735, aspect loss=0.287735, opinion loss=0.000000, sentiment loss=0.000000, reg loss=0.000000, step=139874
Dev:   aspect f1=0.4604, opinion f1=0.0000, sentiment acc==0.0000, sentiment f1==0.0000, ABSA f1==0.0000,
Test:  aspect f1=0.4604, opinion f1=0.0000, sentiment acc==0.0000, sentiment f1==0.0000, ABSA f1==0.0000,
Current Max Metrics Index : 21 Current Min Loss Index : 11 Epoch Time: 0m 12s Tau : 0.10

-------------------------------------Iter97-------------------------------------
Train: final loss=0.709563, aspect loss=0.016060, opinion loss=0.000000, domain loss=0.693488, sentiment loss=0.000000, reg loss=0.000000, step=141316
Dev:   final loss=0.308292, aspect loss=0.308292, opinion loss=0.000000, sentiment loss=0.000000, reg loss=0.000000, step=141316
Dev:   aspect f1=0.4565, opinion f1=0.0000, sentiment acc==0.0000, sentiment f1==0.0000, ABSA f1==0.0000,
Test:  aspect f1=0.4565, opinion f1=0.0000, sentiment acc==0.0000, sentiment f1==0.0000, ABSA f1==0.0000,
Current Max Metrics Index : 21 Current Min Loss Index : 11 Epoch Time: 0m 12s Tau : 0.10

-------------------------------------Iter98-------------------------------------
Train: final loss=0.709166, aspect loss=0.015545, opinion loss=0.000000, domain loss=0.693361, sentiment loss=0.000000, reg loss=0.000000, step=142758
Dev:   final loss=0.259398, aspect loss=0.259398, opinion loss=0.000000, sentiment loss=0.000000, reg loss=0.000000, step=142758
Dev:   aspect f1=0.4653, opinion f1=0.0000, sentiment acc==0.0000, sentiment f1==0.0000, ABSA f1==0.0000,
Test:  aspect f1=0.4653, opinion f1=0.0000, sentiment acc==0.0000, sentiment f1==0.0000, ABSA f1==0.0000,
Current Max Metrics Index : 21 Current Min Loss Index : 11 Epoch Time: 0m 12s Tau : 0.10

-------------------------------------Iter99-------------------------------------
Train: final loss=0.708980, aspect loss=0.015802, opinion loss=0.000000, domain loss=0.693393, sentiment loss=0.000000, reg loss=0.000000, step=144200
Dev:   final loss=0.290134, aspect loss=0.290134, opinion loss=0.000000, sentiment loss=0.000000, reg loss=0.000000, step=144200
Dev:   aspect f1=0.4689, opinion f1=0.0000, sentiment acc==0.0000, sentiment f1==0.0000, ABSA f1==0.0000,
Test:  aspect f1=0.4689, opinion f1=0.0000, sentiment acc==0.0000, sentiment f1==0.0000, ABSA f1==0.0000,
Current Max Metrics Index : 21 Current Min Loss Index : 11 Epoch Time: 0m 12s Tau : 0.10

--------------------------------Mission Complete--------------------------------
Dev Max Metrics Index: 21
aspect f1=47.54, opinion f1=0.00, sentiment acc==0.00, sentiment f1==0.00, ABSA f1==0.00,
Dev Min Loss Index: 11
aspect f1=47.32, opinion f1=0.00, sentiment acc==0.00, sentiment f1==0.00, ABSA f1==0.00,
Running Time: 19m 37s
