> log file: ./log/laptop-to-device/[SynBridge]-210519-114554.log
cuda memory allocated: 10108928
n_trainable_params: 1431975, n_nontrainable_params: 1094700
> training arguments:
>>> source: laptop
>>> target: device
>>> use_unlabel: 1
>>> use_syntactic: 1
>>> use_semantic: 0
>>> split: 1
>>> local_bert_path: F:\NLP\BERT-BASE-UNCASED
>>> model_name: DECNN
>>> batch_size: 8
>>> learning_rate: 0.0001
>>> lr_decay: 1e-05
>>> num_epoch: 100
>>> emb_dim: 100
>>> dep_dim: 50
>>> pos_dim: 50
>>> hidden_dim: 256
>>> keep_prob: 0.5
>>> l2_reg: 1e-05
>>> beta: 0.1
>>> kernel_size: 5
>>> hop_num: 2
>>> class_num: 3
>>> cluster_num: 200
>>> cate_num: 20
>>> seed: 321
>>> log_step: 5
>>> dynamic_gate: 1
>>> valset_num: 0
>>> reuse_embedding: 1
>>> optimizer: <class 'torch.optim.adam.Adam'>
>>> initializer: <function uniform_ at 0x7efc537c2c80>
>>> device: cuda:0
>>> ablation: None
>>> topk: 10
>>> name: [SynBridge]
>>> dataset_file: {'train': './data/laptop/train1/', 'unlabel': './data/device/train1/', 'test': './data/device/test1/'}
>>> model_class: <class 'models.decnn_base.DECNN'>
>>> inputs_cols: ['sentence', 'mask', 'position', 'keep_prob']
>>> max_sentence_len: 110

-------------------------------------Iter0--------------------------------------
Train: final loss=0.825666, aspect loss=0.129674, opinion loss=0.000000, domain loss=0.696485, sentiment loss=0.000000, reg loss=0.000000, step=1442
Dev:   final loss=0.268614, aspect loss=0.268614, opinion loss=0.000000, sentiment loss=0.000000, reg loss=0.000000, step=1442
Dev:   aspect f1=0.3093, opinion f1=0.0000, sentiment acc==0.0000, sentiment f1==0.0000, ABSA f1==0.0000,
Test:  aspect f1=0.3093, opinion f1=0.0000, sentiment acc==0.0000, sentiment f1==0.0000, ABSA f1==0.0000,
Current Max Metrics Index : 0 Current Min Loss Index : 0 Epoch Time: 0m 12s Tau : 1.00
>> Checkpoint Saved: state_dict/laptop-to-device/[SynBridge]-ATE-F1-0.3093.pth

-------------------------------------Iter1--------------------------------------
Train: final loss=0.786260, aspect loss=0.091846, opinion loss=0.000000, domain loss=0.694213, sentiment loss=0.000000, reg loss=0.000000, step=2884
Dev:   final loss=0.210121, aspect loss=0.210121, opinion loss=0.000000, sentiment loss=0.000000, reg loss=0.000000, step=2884
Dev:   aspect f1=0.3702, opinion f1=0.0000, sentiment acc==0.0000, sentiment f1==0.0000, ABSA f1==0.0000,
Test:  aspect f1=0.3702, opinion f1=0.0000, sentiment acc==0.0000, sentiment f1==0.0000, ABSA f1==0.0000,
Current Max Metrics Index : 1 Current Min Loss Index : 1 Epoch Time: 0m 12s Tau : 0.97
>> Checkpoint Saved: state_dict/laptop-to-device/[SynBridge]-ATE-F1-0.3702.pth

-------------------------------------Iter2--------------------------------------
Train: final loss=0.774949, aspect loss=0.081870, opinion loss=0.000000, domain loss=0.693159, sentiment loss=0.000000, reg loss=0.000000, step=4326
Dev:   final loss=0.215911, aspect loss=0.215911, opinion loss=0.000000, sentiment loss=0.000000, reg loss=0.000000, step=4326
Dev:   aspect f1=0.3941, opinion f1=0.0000, sentiment acc==0.0000, sentiment f1==0.0000, ABSA f1==0.0000,
Test:  aspect f1=0.3941, opinion f1=0.0000, sentiment acc==0.0000, sentiment f1==0.0000, ABSA f1==0.0000,
Current Max Metrics Index : 2 Current Min Loss Index : 1 Epoch Time: 0m 12s Tau : 0.94
>> Checkpoint Saved: state_dict/laptop-to-device/[SynBridge]-ATE-F1-0.3941.pth

-------------------------------------Iter3--------------------------------------
Train: final loss=0.764056, aspect loss=0.074584, opinion loss=0.000000, domain loss=0.689448, sentiment loss=0.000000, reg loss=0.000000, step=5768
Dev:   final loss=0.189257, aspect loss=0.189257, opinion loss=0.000000, sentiment loss=0.000000, reg loss=0.000000, step=5768
Dev:   aspect f1=0.4048, opinion f1=0.0000, sentiment acc==0.0000, sentiment f1==0.0000, ABSA f1==0.0000,
Test:  aspect f1=0.4048, opinion f1=0.0000, sentiment acc==0.0000, sentiment f1==0.0000, ABSA f1==0.0000,
Current Max Metrics Index : 3 Current Min Loss Index : 3 Epoch Time: 0m 12s Tau : 0.91
>> Checkpoint Saved: state_dict/laptop-to-device/[SynBridge]-ATE-F1-0.4048.pth

-------------------------------------Iter4--------------------------------------
Train: final loss=0.761155, aspect loss=0.070909, opinion loss=0.000000, domain loss=0.690890, sentiment loss=0.000000, reg loss=0.000000, step=7210
Dev:   final loss=0.197898, aspect loss=0.197898, opinion loss=0.000000, sentiment loss=0.000000, reg loss=0.000000, step=7210
Dev:   aspect f1=0.4263, opinion f1=0.0000, sentiment acc==0.0000, sentiment f1==0.0000, ABSA f1==0.0000,
Test:  aspect f1=0.4263, opinion f1=0.0000, sentiment acc==0.0000, sentiment f1==0.0000, ABSA f1==0.0000,
Current Max Metrics Index : 4 Current Min Loss Index : 3 Epoch Time: 0m 12s Tau : 0.89
>> Checkpoint Saved: state_dict/laptop-to-device/[SynBridge]-ATE-F1-0.4263.pth

-------------------------------------Iter5--------------------------------------
Train: final loss=0.757525, aspect loss=0.066355, opinion loss=0.000000, domain loss=0.691438, sentiment loss=0.000000, reg loss=0.000000, step=8652
Dev:   final loss=0.188767, aspect loss=0.188767, opinion loss=0.000000, sentiment loss=0.000000, reg loss=0.000000, step=8652
Dev:   aspect f1=0.4375, opinion f1=0.0000, sentiment acc==0.0000, sentiment f1==0.0000, ABSA f1==0.0000,
Test:  aspect f1=0.4375, opinion f1=0.0000, sentiment acc==0.0000, sentiment f1==0.0000, ABSA f1==0.0000,
Current Max Metrics Index : 5 Current Min Loss Index : 5 Epoch Time: 0m 12s Tau : 0.86
>> Checkpoint Saved: state_dict/laptop-to-device/[SynBridge]-ATE-F1-0.4375.pth

-------------------------------------Iter6--------------------------------------
Train: final loss=0.754507, aspect loss=0.063544, opinion loss=0.000000, domain loss=0.691431, sentiment loss=0.000000, reg loss=0.000000, step=10094
Dev:   final loss=0.173298, aspect loss=0.173298, opinion loss=0.000000, sentiment loss=0.000000, reg loss=0.000000, step=10094
Dev:   aspect f1=0.4457, opinion f1=0.0000, sentiment acc==0.0000, sentiment f1==0.0000, ABSA f1==0.0000,
Test:  aspect f1=0.4457, opinion f1=0.0000, sentiment acc==0.0000, sentiment f1==0.0000, ABSA f1==0.0000,
Current Max Metrics Index : 6 Current Min Loss Index : 6 Epoch Time: 0m 12s Tau : 0.84
>> Checkpoint Saved: state_dict/laptop-to-device/[SynBridge]-ATE-F1-0.4457.pth

-------------------------------------Iter7--------------------------------------
Train: final loss=0.753254, aspect loss=0.060246, opinion loss=0.000000, domain loss=0.693138, sentiment loss=0.000000, reg loss=0.000000, step=11536
Dev:   final loss=0.202621, aspect loss=0.202621, opinion loss=0.000000, sentiment loss=0.000000, reg loss=0.000000, step=11536
Dev:   aspect f1=0.4410, opinion f1=0.0000, sentiment acc==0.0000, sentiment f1==0.0000, ABSA f1==0.0000,
Test:  aspect f1=0.4410, opinion f1=0.0000, sentiment acc==0.0000, sentiment f1==0.0000, ABSA f1==0.0000,
Current Max Metrics Index : 6 Current Min Loss Index : 6 Epoch Time: 0m 12s Tau : 0.81

-------------------------------------Iter8--------------------------------------
Train: final loss=0.750570, aspect loss=0.058415, opinion loss=0.000000, domain loss=0.692271, sentiment loss=0.000000, reg loss=0.000000, step=12978
Dev:   final loss=0.176695, aspect loss=0.176695, opinion loss=0.000000, sentiment loss=0.000000, reg loss=0.000000, step=12978
Dev:   aspect f1=0.4517, opinion f1=0.0000, sentiment acc==0.0000, sentiment f1==0.0000, ABSA f1==0.0000,
Test:  aspect f1=0.4517, opinion f1=0.0000, sentiment acc==0.0000, sentiment f1==0.0000, ABSA f1==0.0000,
Current Max Metrics Index : 8 Current Min Loss Index : 6 Epoch Time: 0m 12s Tau : 0.79
>> Checkpoint Saved: state_dict/laptop-to-device/[SynBridge]-ATE-F1-0.4517.pth

-------------------------------------Iter9--------------------------------------
Train: final loss=0.749131, aspect loss=0.057567, opinion loss=0.000000, domain loss=0.692149, sentiment loss=0.000000, reg loss=0.000000, step=14420
Dev:   final loss=0.174428, aspect loss=0.174428, opinion loss=0.000000, sentiment loss=0.000000, reg loss=0.000000, step=14420
Dev:   aspect f1=0.4423, opinion f1=0.0000, sentiment acc==0.0000, sentiment f1==0.0000, ABSA f1==0.0000,
Test:  aspect f1=0.4423, opinion f1=0.0000, sentiment acc==0.0000, sentiment f1==0.0000, ABSA f1==0.0000,
Current Max Metrics Index : 8 Current Min Loss Index : 6 Epoch Time: 0m 12s Tau : 0.76

-------------------------------------Iter10-------------------------------------
Train: final loss=0.748356, aspect loss=0.055454, opinion loss=0.000000, domain loss=0.692783, sentiment loss=0.000000, reg loss=0.000000, step=15862
Dev:   final loss=0.173665, aspect loss=0.173665, opinion loss=0.000000, sentiment loss=0.000000, reg loss=0.000000, step=15862
Dev:   aspect f1=0.4553, opinion f1=0.0000, sentiment acc==0.0000, sentiment f1==0.0000, ABSA f1==0.0000,
Test:  aspect f1=0.4553, opinion f1=0.0000, sentiment acc==0.0000, sentiment f1==0.0000, ABSA f1==0.0000,
Current Max Metrics Index : 10 Current Min Loss Index : 6 Epoch Time: 0m 12s Tau : 0.74
>> Checkpoint Saved: state_dict/laptop-to-device/[SynBridge]-ATE-F1-0.4553.pth

-------------------------------------Iter11-------------------------------------
Train: final loss=0.744762, aspect loss=0.052138, opinion loss=0.000000, domain loss=0.692853, sentiment loss=0.000000, reg loss=0.000000, step=17304
Dev:   final loss=0.181293, aspect loss=0.181293, opinion loss=0.000000, sentiment loss=0.000000, reg loss=0.000000, step=17304
Dev:   aspect f1=0.4477, opinion f1=0.0000, sentiment acc==0.0000, sentiment f1==0.0000, ABSA f1==0.0000,
Test:  aspect f1=0.4477, opinion f1=0.0000, sentiment acc==0.0000, sentiment f1==0.0000, ABSA f1==0.0000,
Current Max Metrics Index : 10 Current Min Loss Index : 6 Epoch Time: 0m 12s Tau : 0.72

-------------------------------------Iter12-------------------------------------
Train: final loss=0.743989, aspect loss=0.051531, opinion loss=0.000000, domain loss=0.692602, sentiment loss=0.000000, reg loss=0.000000, step=18746
Dev:   final loss=0.155279, aspect loss=0.155279, opinion loss=0.000000, sentiment loss=0.000000, reg loss=0.000000, step=18746
Dev:   aspect f1=0.4598, opinion f1=0.0000, sentiment acc==0.0000, sentiment f1==0.0000, ABSA f1==0.0000,
Test:  aspect f1=0.4598, opinion f1=0.0000, sentiment acc==0.0000, sentiment f1==0.0000, ABSA f1==0.0000,
Current Max Metrics Index : 12 Current Min Loss Index : 12 Epoch Time: 0m 12s Tau : 0.70
>> Checkpoint Saved: state_dict/laptop-to-device/[SynBridge]-ATE-F1-0.4598.pth

-------------------------------------Iter13-------------------------------------
Train: final loss=0.743639, aspect loss=0.051457, opinion loss=0.000000, domain loss=0.692302, sentiment loss=0.000000, reg loss=0.000000, step=20188
Dev:   final loss=0.159919, aspect loss=0.159919, opinion loss=0.000000, sentiment loss=0.000000, reg loss=0.000000, step=20188
Dev:   aspect f1=0.4591, opinion f1=0.0000, sentiment acc==0.0000, sentiment f1==0.0000, ABSA f1==0.0000,
Test:  aspect f1=0.4591, opinion f1=0.0000, sentiment acc==0.0000, sentiment f1==0.0000, ABSA f1==0.0000,
Current Max Metrics Index : 12 Current Min Loss Index : 12 Epoch Time: 0m 12s Tau : 0.68

-------------------------------------Iter14-------------------------------------
Train: final loss=0.743354, aspect loss=0.049916, opinion loss=0.000000, domain loss=0.693536, sentiment loss=0.000000, reg loss=0.000000, step=21630
Dev:   final loss=0.180080, aspect loss=0.180080, opinion loss=0.000000, sentiment loss=0.000000, reg loss=0.000000, step=21630
Dev:   aspect f1=0.4670, opinion f1=0.0000, sentiment acc==0.0000, sentiment f1==0.0000, ABSA f1==0.0000,
Test:  aspect f1=0.4670, opinion f1=0.0000, sentiment acc==0.0000, sentiment f1==0.0000, ABSA f1==0.0000,
Current Max Metrics Index : 14 Current Min Loss Index : 12 Epoch Time: 0m 12s Tau : 0.66
>> Checkpoint Saved: state_dict/laptop-to-device/[SynBridge]-ATE-F1-0.4670.pth

-------------------------------------Iter15-------------------------------------
Train: final loss=0.740451, aspect loss=0.047856, opinion loss=0.000000, domain loss=0.692687, sentiment loss=0.000000, reg loss=0.000000, step=23072
Dev:   final loss=0.186275, aspect loss=0.186275, opinion loss=0.000000, sentiment loss=0.000000, reg loss=0.000000, step=23072
Dev:   aspect f1=0.4521, opinion f1=0.0000, sentiment acc==0.0000, sentiment f1==0.0000, ABSA f1==0.0000,
Test:  aspect f1=0.4521, opinion f1=0.0000, sentiment acc==0.0000, sentiment f1==0.0000, ABSA f1==0.0000,
Current Max Metrics Index : 14 Current Min Loss Index : 12 Epoch Time: 0m 12s Tau : 0.64

-------------------------------------Iter16-------------------------------------
Train: final loss=0.739757, aspect loss=0.046704, opinion loss=0.000000, domain loss=0.693086, sentiment loss=0.000000, reg loss=0.000000, step=24514
Dev:   final loss=0.168664, aspect loss=0.168664, opinion loss=0.000000, sentiment loss=0.000000, reg loss=0.000000, step=24514
Dev:   aspect f1=0.4540, opinion f1=0.0000, sentiment acc==0.0000, sentiment f1==0.0000, ABSA f1==0.0000,
Test:  aspect f1=0.4540, opinion f1=0.0000, sentiment acc==0.0000, sentiment f1==0.0000, ABSA f1==0.0000,
Current Max Metrics Index : 14 Current Min Loss Index : 12 Epoch Time: 0m 12s Tau : 0.62

-------------------------------------Iter17-------------------------------------
Train: final loss=0.739421, aspect loss=0.046838, opinion loss=0.000000, domain loss=0.692792, sentiment loss=0.000000, reg loss=0.000000, step=25956
Dev:   final loss=0.191406, aspect loss=0.191406, opinion loss=0.000000, sentiment loss=0.000000, reg loss=0.000000, step=25956
Dev:   aspect f1=0.4530, opinion f1=0.0000, sentiment acc==0.0000, sentiment f1==0.0000, ABSA f1==0.0000,
Test:  aspect f1=0.4530, opinion f1=0.0000, sentiment acc==0.0000, sentiment f1==0.0000, ABSA f1==0.0000,
Current Max Metrics Index : 14 Current Min Loss Index : 12 Epoch Time: 0m 12s Tau : 0.60

-------------------------------------Iter18-------------------------------------
Train: final loss=0.737624, aspect loss=0.044854, opinion loss=0.000000, domain loss=0.692984, sentiment loss=0.000000, reg loss=0.000000, step=27398
Dev:   final loss=0.179552, aspect loss=0.179552, opinion loss=0.000000, sentiment loss=0.000000, reg loss=0.000000, step=27398
Dev:   aspect f1=0.4707, opinion f1=0.0000, sentiment acc==0.0000, sentiment f1==0.0000, ABSA f1==0.0000,
Test:  aspect f1=0.4707, opinion f1=0.0000, sentiment acc==0.0000, sentiment f1==0.0000, ABSA f1==0.0000,
Current Max Metrics Index : 18 Current Min Loss Index : 12 Epoch Time: 0m 12s Tau : 0.58
>> Checkpoint Saved: state_dict/laptop-to-device/[SynBridge]-ATE-F1-0.4707.pth

-------------------------------------Iter19-------------------------------------
Train: final loss=0.736804, aspect loss=0.043985, opinion loss=0.000000, domain loss=0.692765, sentiment loss=0.000000, reg loss=0.000000, step=28840
Dev:   final loss=0.182565, aspect loss=0.182565, opinion loss=0.000000, sentiment loss=0.000000, reg loss=0.000000, step=28840
Dev:   aspect f1=0.4562, opinion f1=0.0000, sentiment acc==0.0000, sentiment f1==0.0000, ABSA f1==0.0000,
Test:  aspect f1=0.4562, opinion f1=0.0000, sentiment acc==0.0000, sentiment f1==0.0000, ABSA f1==0.0000,
Current Max Metrics Index : 18 Current Min Loss Index : 12 Epoch Time: 0m 12s Tau : 0.57

-------------------------------------Iter20-------------------------------------
Train: final loss=0.736284, aspect loss=0.043603, opinion loss=0.000000, domain loss=0.693164, sentiment loss=0.000000, reg loss=0.000000, step=30282
Dev:   final loss=0.168758, aspect loss=0.168758, opinion loss=0.000000, sentiment loss=0.000000, reg loss=0.000000, step=30282
Dev:   aspect f1=0.4715, opinion f1=0.0000, sentiment acc==0.0000, sentiment f1==0.0000, ABSA f1==0.0000,
Test:  aspect f1=0.4715, opinion f1=0.0000, sentiment acc==0.0000, sentiment f1==0.0000, ABSA f1==0.0000,
Current Max Metrics Index : 20 Current Min Loss Index : 12 Epoch Time: 0m 12s Tau : 0.55
>> Checkpoint Saved: state_dict/laptop-to-device/[SynBridge]-ATE-F1-0.4715.pth

-------------------------------------Iter21-------------------------------------
Train: final loss=0.735671, aspect loss=0.042510, opinion loss=0.000000, domain loss=0.693310, sentiment loss=0.000000, reg loss=0.000000, step=31724
Dev:   final loss=0.189467, aspect loss=0.189467, opinion loss=0.000000, sentiment loss=0.000000, reg loss=0.000000, step=31724
Dev:   aspect f1=0.4532, opinion f1=0.0000, sentiment acc==0.0000, sentiment f1==0.0000, ABSA f1==0.0000,
Test:  aspect f1=0.4532, opinion f1=0.0000, sentiment acc==0.0000, sentiment f1==0.0000, ABSA f1==0.0000,
Current Max Metrics Index : 20 Current Min Loss Index : 12 Epoch Time: 0m 12s Tau : 0.53

-------------------------------------Iter22-------------------------------------
Train: final loss=0.734709, aspect loss=0.041618, opinion loss=0.000000, domain loss=0.693034, sentiment loss=0.000000, reg loss=0.000000, step=33166
Dev:   final loss=0.169437, aspect loss=0.169437, opinion loss=0.000000, sentiment loss=0.000000, reg loss=0.000000, step=33166
Dev:   aspect f1=0.4644, opinion f1=0.0000, sentiment acc==0.0000, sentiment f1==0.0000, ABSA f1==0.0000,
Test:  aspect f1=0.4644, opinion f1=0.0000, sentiment acc==0.0000, sentiment f1==0.0000, ABSA f1==0.0000,
Current Max Metrics Index : 20 Current Min Loss Index : 12 Epoch Time: 0m 12s Tau : 0.52

-------------------------------------Iter23-------------------------------------
Train: final loss=0.734066, aspect loss=0.040340, opinion loss=0.000000, domain loss=0.693562, sentiment loss=0.000000, reg loss=0.000000, step=34608
Dev:   final loss=0.176907, aspect loss=0.176907, opinion loss=0.000000, sentiment loss=0.000000, reg loss=0.000000, step=34608
Dev:   aspect f1=0.4589, opinion f1=0.0000, sentiment acc==0.0000, sentiment f1==0.0000, ABSA f1==0.0000,
Test:  aspect f1=0.4589, opinion f1=0.0000, sentiment acc==0.0000, sentiment f1==0.0000, ABSA f1==0.0000,
Current Max Metrics Index : 20 Current Min Loss Index : 12 Epoch Time: 0m 12s Tau : 0.50

-------------------------------------Iter24-------------------------------------
Train: final loss=0.733844, aspect loss=0.040600, opinion loss=0.000000, domain loss=0.693191, sentiment loss=0.000000, reg loss=0.000000, step=36050
Dev:   final loss=0.171468, aspect loss=0.171468, opinion loss=0.000000, sentiment loss=0.000000, reg loss=0.000000, step=36050
Dev:   aspect f1=0.4699, opinion f1=0.0000, sentiment acc==0.0000, sentiment f1==0.0000, ABSA f1==0.0000,
Test:  aspect f1=0.4699, opinion f1=0.0000, sentiment acc==0.0000, sentiment f1==0.0000, ABSA f1==0.0000,
Current Max Metrics Index : 20 Current Min Loss Index : 12 Epoch Time: 0m 12s Tau : 0.49

-------------------------------------Iter25-------------------------------------
Train: final loss=0.731496, aspect loss=0.038895, opinion loss=0.000000, domain loss=0.692681, sentiment loss=0.000000, reg loss=0.000000, step=37492
Dev:   final loss=0.207783, aspect loss=0.207783, opinion loss=0.000000, sentiment loss=0.000000, reg loss=0.000000, step=37492
Dev:   aspect f1=0.4539, opinion f1=0.0000, sentiment acc==0.0000, sentiment f1==0.0000, ABSA f1==0.0000,
Test:  aspect f1=0.4539, opinion f1=0.0000, sentiment acc==0.0000, sentiment f1==0.0000, ABSA f1==0.0000,
Current Max Metrics Index : 20 Current Min Loss Index : 12 Epoch Time: 0m 12s Tau : 0.47

-------------------------------------Iter26-------------------------------------
Train: final loss=0.731209, aspect loss=0.037995, opinion loss=0.000000, domain loss=0.693270, sentiment loss=0.000000, reg loss=0.000000, step=38934
Dev:   final loss=0.169425, aspect loss=0.169425, opinion loss=0.000000, sentiment loss=0.000000, reg loss=0.000000, step=38934
Dev:   aspect f1=0.4652, opinion f1=0.0000, sentiment acc==0.0000, sentiment f1==0.0000, ABSA f1==0.0000,
Test:  aspect f1=0.4652, opinion f1=0.0000, sentiment acc==0.0000, sentiment f1==0.0000, ABSA f1==0.0000,
Current Max Metrics Index : 20 Current Min Loss Index : 12 Epoch Time: 0m 12s Tau : 0.46

-------------------------------------Iter27-------------------------------------
Train: final loss=0.730954, aspect loss=0.037435, opinion loss=0.000000, domain loss=0.693583, sentiment loss=0.000000, reg loss=0.000000, step=40376
Dev:   final loss=0.184671, aspect loss=0.184671, opinion loss=0.000000, sentiment loss=0.000000, reg loss=0.000000, step=40376
Dev:   aspect f1=0.4650, opinion f1=0.0000, sentiment acc==0.0000, sentiment f1==0.0000, ABSA f1==0.0000,
Test:  aspect f1=0.4650, opinion f1=0.0000, sentiment acc==0.0000, sentiment f1==0.0000, ABSA f1==0.0000,
Current Max Metrics Index : 20 Current Min Loss Index : 12 Epoch Time: 0m 12s Tau : 0.44

-------------------------------------Iter28-------------------------------------
Train: final loss=0.729716, aspect loss=0.036500, opinion loss=0.000000, domain loss=0.693460, sentiment loss=0.000000, reg loss=0.000000, step=41818
Dev:   final loss=0.168311, aspect loss=0.168311, opinion loss=0.000000, sentiment loss=0.000000, reg loss=0.000000, step=41818
Dev:   aspect f1=0.4553, opinion f1=0.0000, sentiment acc==0.0000, sentiment f1==0.0000, ABSA f1==0.0000,
Test:  aspect f1=0.4553, opinion f1=0.0000, sentiment acc==0.0000, sentiment f1==0.0000, ABSA f1==0.0000,
Current Max Metrics Index : 20 Current Min Loss Index : 12 Epoch Time: 0m 12s Tau : 0.43

-------------------------------------Iter29-------------------------------------
Train: final loss=0.729975, aspect loss=0.036812, opinion loss=0.000000, domain loss=0.693278, sentiment loss=0.000000, reg loss=0.000000, step=43260
Dev:   final loss=0.192978, aspect loss=0.192978, opinion loss=0.000000, sentiment loss=0.000000, reg loss=0.000000, step=43260
Dev:   aspect f1=0.4676, opinion f1=0.0000, sentiment acc==0.0000, sentiment f1==0.0000, ABSA f1==0.0000,
Test:  aspect f1=0.4676, opinion f1=0.0000, sentiment acc==0.0000, sentiment f1==0.0000, ABSA f1==0.0000,
Current Max Metrics Index : 20 Current Min Loss Index : 12 Epoch Time: 0m 12s Tau : 0.42

-------------------------------------Iter30-------------------------------------
Train: final loss=0.729872, aspect loss=0.036128, opinion loss=0.000000, domain loss=0.693684, sentiment loss=0.000000, reg loss=0.000000, step=44702
Dev:   final loss=0.184784, aspect loss=0.184784, opinion loss=0.000000, sentiment loss=0.000000, reg loss=0.000000, step=44702
Dev:   aspect f1=0.4673, opinion f1=0.0000, sentiment acc==0.0000, sentiment f1==0.0000, ABSA f1==0.0000,
Test:  aspect f1=0.4673, opinion f1=0.0000, sentiment acc==0.0000, sentiment f1==0.0000, ABSA f1==0.0000,
Current Max Metrics Index : 20 Current Min Loss Index : 12 Epoch Time: 0m 12s Tau : 0.41

-------------------------------------Iter31-------------------------------------
Train: final loss=0.727684, aspect loss=0.034510, opinion loss=0.000000, domain loss=0.693261, sentiment loss=0.000000, reg loss=0.000000, step=46144
Dev:   final loss=0.181543, aspect loss=0.181543, opinion loss=0.000000, sentiment loss=0.000000, reg loss=0.000000, step=46144
Dev:   aspect f1=0.4635, opinion f1=0.0000, sentiment acc==0.0000, sentiment f1==0.0000, ABSA f1==0.0000,
Test:  aspect f1=0.4635, opinion f1=0.0000, sentiment acc==0.0000, sentiment f1==0.0000, ABSA f1==0.0000,
Current Max Metrics Index : 20 Current Min Loss Index : 12 Epoch Time: 0m 12s Tau : 0.39

-------------------------------------Iter32-------------------------------------
Train: final loss=0.727599, aspect loss=0.034302, opinion loss=0.000000, domain loss=0.693222, sentiment loss=0.000000, reg loss=0.000000, step=47586
Dev:   final loss=0.189400, aspect loss=0.189400, opinion loss=0.000000, sentiment loss=0.000000, reg loss=0.000000, step=47586
Dev:   aspect f1=0.4674, opinion f1=0.0000, sentiment acc==0.0000, sentiment f1==0.0000, ABSA f1==0.0000,
Test:  aspect f1=0.4674, opinion f1=0.0000, sentiment acc==0.0000, sentiment f1==0.0000, ABSA f1==0.0000,
Current Max Metrics Index : 20 Current Min Loss Index : 12 Epoch Time: 0m 12s Tau : 0.38

-------------------------------------Iter33-------------------------------------
Train: final loss=0.726998, aspect loss=0.033439, opinion loss=0.000000, domain loss=0.693595, sentiment loss=0.000000, reg loss=0.000000, step=49028
Dev:   final loss=0.197607, aspect loss=0.197607, opinion loss=0.000000, sentiment loss=0.000000, reg loss=0.000000, step=49028
Dev:   aspect f1=0.4660, opinion f1=0.0000, sentiment acc==0.0000, sentiment f1==0.0000, ABSA f1==0.0000,
Test:  aspect f1=0.4660, opinion f1=0.0000, sentiment acc==0.0000, sentiment f1==0.0000, ABSA f1==0.0000,
Current Max Metrics Index : 20 Current Min Loss Index : 12 Epoch Time: 0m 12s Tau : 0.37

-------------------------------------Iter34-------------------------------------
Train: final loss=0.727399, aspect loss=0.033661, opinion loss=0.000000, domain loss=0.693607, sentiment loss=0.000000, reg loss=0.000000, step=50470
Dev:   final loss=0.197222, aspect loss=0.197222, opinion loss=0.000000, sentiment loss=0.000000, reg loss=0.000000, step=50470
Dev:   aspect f1=0.4522, opinion f1=0.0000, sentiment acc==0.0000, sentiment f1==0.0000, ABSA f1==0.0000,
Test:  aspect f1=0.4522, opinion f1=0.0000, sentiment acc==0.0000, sentiment f1==0.0000, ABSA f1==0.0000,
Current Max Metrics Index : 20 Current Min Loss Index : 12 Epoch Time: 0m 12s Tau : 0.36

-------------------------------------Iter35-------------------------------------
Train: final loss=0.727141, aspect loss=0.033438, opinion loss=0.000000, domain loss=0.693528, sentiment loss=0.000000, reg loss=0.000000, step=51912
Dev:   final loss=0.202700, aspect loss=0.202700, opinion loss=0.000000, sentiment loss=0.000000, reg loss=0.000000, step=51912
Dev:   aspect f1=0.4518, opinion f1=0.0000, sentiment acc==0.0000, sentiment f1==0.0000, ABSA f1==0.0000,
Test:  aspect f1=0.4518, opinion f1=0.0000, sentiment acc==0.0000, sentiment f1==0.0000, ABSA f1==0.0000,
Current Max Metrics Index : 20 Current Min Loss Index : 12 Epoch Time: 0m 12s Tau : 0.35

-------------------------------------Iter36-------------------------------------
Train: final loss=0.725165, aspect loss=0.032032, opinion loss=0.000000, domain loss=0.693261, sentiment loss=0.000000, reg loss=0.000000, step=53354
Dev:   final loss=0.207660, aspect loss=0.207660, opinion loss=0.000000, sentiment loss=0.000000, reg loss=0.000000, step=53354
Dev:   aspect f1=0.4551, opinion f1=0.0000, sentiment acc==0.0000, sentiment f1==0.0000, ABSA f1==0.0000,
Test:  aspect f1=0.4551, opinion f1=0.0000, sentiment acc==0.0000, sentiment f1==0.0000, ABSA f1==0.0000,
Current Max Metrics Index : 20 Current Min Loss Index : 12 Epoch Time: 0m 12s Tau : 0.34

-------------------------------------Iter37-------------------------------------
Train: final loss=0.725508, aspect loss=0.031342, opinion loss=0.000000, domain loss=0.694240, sentiment loss=0.000000, reg loss=0.000000, step=54796
Dev:   final loss=0.225270, aspect loss=0.225270, opinion loss=0.000000, sentiment loss=0.000000, reg loss=0.000000, step=54796
Dev:   aspect f1=0.4532, opinion f1=0.0000, sentiment acc==0.0000, sentiment f1==0.0000, ABSA f1==0.0000,
Test:  aspect f1=0.4532, opinion f1=0.0000, sentiment acc==0.0000, sentiment f1==0.0000, ABSA f1==0.0000,
Current Max Metrics Index : 20 Current Min Loss Index : 12 Epoch Time: 0m 12s Tau : 0.33

-------------------------------------Iter38-------------------------------------
Train: final loss=0.724840, aspect loss=0.031514, opinion loss=0.000000, domain loss=0.693313, sentiment loss=0.000000, reg loss=0.000000, step=56238
Dev:   final loss=0.199583, aspect loss=0.199583, opinion loss=0.000000, sentiment loss=0.000000, reg loss=0.000000, step=56238
Dev:   aspect f1=0.4627, opinion f1=0.0000, sentiment acc==0.0000, sentiment f1==0.0000, ABSA f1==0.0000,
Test:  aspect f1=0.4627, opinion f1=0.0000, sentiment acc==0.0000, sentiment f1==0.0000, ABSA f1==0.0000,
Current Max Metrics Index : 20 Current Min Loss Index : 12 Epoch Time: 0m 12s Tau : 0.32

-------------------------------------Iter39-------------------------------------
Train: final loss=0.723677, aspect loss=0.030252, opinion loss=0.000000, domain loss=0.693424, sentiment loss=0.000000, reg loss=0.000000, step=57680
Dev:   final loss=0.212630, aspect loss=0.212630, opinion loss=0.000000, sentiment loss=0.000000, reg loss=0.000000, step=57680
Dev:   aspect f1=0.4664, opinion f1=0.0000, sentiment acc==0.0000, sentiment f1==0.0000, ABSA f1==0.0000,
Test:  aspect f1=0.4664, opinion f1=0.0000, sentiment acc==0.0000, sentiment f1==0.0000, ABSA f1==0.0000,
Current Max Metrics Index : 20 Current Min Loss Index : 12 Epoch Time: 0m 12s Tau : 0.31

-------------------------------------Iter40-------------------------------------
Train: final loss=0.724238, aspect loss=0.030509, opinion loss=0.000000, domain loss=0.693537, sentiment loss=0.000000, reg loss=0.000000, step=59122
Dev:   final loss=0.226368, aspect loss=0.226368, opinion loss=0.000000, sentiment loss=0.000000, reg loss=0.000000, step=59122
Dev:   aspect f1=0.4395, opinion f1=0.0000, sentiment acc==0.0000, sentiment f1==0.0000, ABSA f1==0.0000,
Test:  aspect f1=0.4395, opinion f1=0.0000, sentiment acc==0.0000, sentiment f1==0.0000, ABSA f1==0.0000,
Current Max Metrics Index : 20 Current Min Loss Index : 12 Epoch Time: 0m 12s Tau : 0.30

-------------------------------------Iter41-------------------------------------
Train: final loss=0.722968, aspect loss=0.029622, opinion loss=0.000000, domain loss=0.693244, sentiment loss=0.000000, reg loss=0.000000, step=60564
Dev:   final loss=0.212944, aspect loss=0.212944, opinion loss=0.000000, sentiment loss=0.000000, reg loss=0.000000, step=60564
Dev:   aspect f1=0.4508, opinion f1=0.0000, sentiment acc==0.0000, sentiment f1==0.0000, ABSA f1==0.0000,
Test:  aspect f1=0.4508, opinion f1=0.0000, sentiment acc==0.0000, sentiment f1==0.0000, ABSA f1==0.0000,
Current Max Metrics Index : 20 Current Min Loss Index : 12 Epoch Time: 0m 12s Tau : 0.29

-------------------------------------Iter42-------------------------------------
Train: final loss=0.722387, aspect loss=0.029015, opinion loss=0.000000, domain loss=0.693195, sentiment loss=0.000000, reg loss=0.000000, step=62006
Dev:   final loss=0.227171, aspect loss=0.227171, opinion loss=0.000000, sentiment loss=0.000000, reg loss=0.000000, step=62006
Dev:   aspect f1=0.4501, opinion f1=0.0000, sentiment acc==0.0000, sentiment f1==0.0000, ABSA f1==0.0000,
Test:  aspect f1=0.4501, opinion f1=0.0000, sentiment acc==0.0000, sentiment f1==0.0000, ABSA f1==0.0000,
Current Max Metrics Index : 20 Current Min Loss Index : 12 Epoch Time: 0m 12s Tau : 0.28

-------------------------------------Iter43-------------------------------------
Train: final loss=0.722667, aspect loss=0.029030, opinion loss=0.000000, domain loss=0.693712, sentiment loss=0.000000, reg loss=0.000000, step=63448
Dev:   final loss=0.220412, aspect loss=0.220412, opinion loss=0.000000, sentiment loss=0.000000, reg loss=0.000000, step=63448
Dev:   aspect f1=0.4492, opinion f1=0.0000, sentiment acc==0.0000, sentiment f1==0.0000, ABSA f1==0.0000,
Test:  aspect f1=0.4492, opinion f1=0.0000, sentiment acc==0.0000, sentiment f1==0.0000, ABSA f1==0.0000,
Current Max Metrics Index : 20 Current Min Loss Index : 12 Epoch Time: 0m 12s Tau : 0.28

-------------------------------------Iter44-------------------------------------
Train: final loss=0.720964, aspect loss=0.027988, opinion loss=0.000000, domain loss=0.693081, sentiment loss=0.000000, reg loss=0.000000, step=64890
Dev:   final loss=0.228816, aspect loss=0.228816, opinion loss=0.000000, sentiment loss=0.000000, reg loss=0.000000, step=64890
Dev:   aspect f1=0.4540, opinion f1=0.0000, sentiment acc==0.0000, sentiment f1==0.0000, ABSA f1==0.0000,
Test:  aspect f1=0.4540, opinion f1=0.0000, sentiment acc==0.0000, sentiment f1==0.0000, ABSA f1==0.0000,
Current Max Metrics Index : 20 Current Min Loss Index : 12 Epoch Time: 0m 12s Tau : 0.27

-------------------------------------Iter45-------------------------------------
Train: final loss=0.720944, aspect loss=0.027903, opinion loss=0.000000, domain loss=0.693152, sentiment loss=0.000000, reg loss=0.000000, step=66332
Dev:   final loss=0.189078, aspect loss=0.189078, opinion loss=0.000000, sentiment loss=0.000000, reg loss=0.000000, step=66332
Dev:   aspect f1=0.4688, opinion f1=0.0000, sentiment acc==0.0000, sentiment f1==0.0000, ABSA f1==0.0000,
Test:  aspect f1=0.4688, opinion f1=0.0000, sentiment acc==0.0000, sentiment f1==0.0000, ABSA f1==0.0000,
Current Max Metrics Index : 20 Current Min Loss Index : 12 Epoch Time: 0m 12s Tau : 0.26

-------------------------------------Iter46-------------------------------------
Train: final loss=0.720923, aspect loss=0.027863, opinion loss=0.000000, domain loss=0.693067, sentiment loss=0.000000, reg loss=0.000000, step=67774
Dev:   final loss=0.224159, aspect loss=0.224159, opinion loss=0.000000, sentiment loss=0.000000, reg loss=0.000000, step=67774
Dev:   aspect f1=0.4542, opinion f1=0.0000, sentiment acc==0.0000, sentiment f1==0.0000, ABSA f1==0.0000,
Test:  aspect f1=0.4542, opinion f1=0.0000, sentiment acc==0.0000, sentiment f1==0.0000, ABSA f1==0.0000,
Current Max Metrics Index : 20 Current Min Loss Index : 12 Epoch Time: 0m 12s Tau : 0.25

-------------------------------------Iter47-------------------------------------
Train: final loss=0.720578, aspect loss=0.027571, opinion loss=0.000000, domain loss=0.693165, sentiment loss=0.000000, reg loss=0.000000, step=69216
Dev:   final loss=0.227282, aspect loss=0.227282, opinion loss=0.000000, sentiment loss=0.000000, reg loss=0.000000, step=69216
Dev:   aspect f1=0.4446, opinion f1=0.0000, sentiment acc==0.0000, sentiment f1==0.0000, ABSA f1==0.0000,
Test:  aspect f1=0.4446, opinion f1=0.0000, sentiment acc==0.0000, sentiment f1==0.0000, ABSA f1==0.0000,
Current Max Metrics Index : 20 Current Min Loss Index : 12 Epoch Time: 0m 12s Tau : 0.24

-------------------------------------Iter48-------------------------------------
Train: final loss=0.719400, aspect loss=0.026037, opinion loss=0.000000, domain loss=0.693557, sentiment loss=0.000000, reg loss=0.000000, step=70658
Dev:   final loss=0.219574, aspect loss=0.219574, opinion loss=0.000000, sentiment loss=0.000000, reg loss=0.000000, step=70658
Dev:   aspect f1=0.4566, opinion f1=0.0000, sentiment acc==0.0000, sentiment f1==0.0000, ABSA f1==0.0000,
Test:  aspect f1=0.4566, opinion f1=0.0000, sentiment acc==0.0000, sentiment f1==0.0000, ABSA f1==0.0000,
Current Max Metrics Index : 20 Current Min Loss Index : 12 Epoch Time: 0m 12s Tau : 0.24

-------------------------------------Iter49-------------------------------------
Train: final loss=0.718565, aspect loss=0.025846, opinion loss=0.000000, domain loss=0.693061, sentiment loss=0.000000, reg loss=0.000000, step=72100
Dev:   final loss=0.233966, aspect loss=0.233966, opinion loss=0.000000, sentiment loss=0.000000, reg loss=0.000000, step=72100
Dev:   aspect f1=0.4497, opinion f1=0.0000, sentiment acc==0.0000, sentiment f1==0.0000, ABSA f1==0.0000,
Test:  aspect f1=0.4497, opinion f1=0.0000, sentiment acc==0.0000, sentiment f1==0.0000, ABSA f1==0.0000,
Current Max Metrics Index : 20 Current Min Loss Index : 12 Epoch Time: 0m 12s Tau : 0.23

-------------------------------------Iter50-------------------------------------
Train: final loss=0.719046, aspect loss=0.026276, opinion loss=0.000000, domain loss=0.692954, sentiment loss=0.000000, reg loss=0.000000, step=73542
Dev:   final loss=0.230368, aspect loss=0.230368, opinion loss=0.000000, sentiment loss=0.000000, reg loss=0.000000, step=73542
Dev:   aspect f1=0.4510, opinion f1=0.0000, sentiment acc==0.0000, sentiment f1==0.0000, ABSA f1==0.0000,
Test:  aspect f1=0.4510, opinion f1=0.0000, sentiment acc==0.0000, sentiment f1==0.0000, ABSA f1==0.0000,
Current Max Metrics Index : 20 Current Min Loss Index : 12 Epoch Time: 0m 12s Tau : 0.22

-------------------------------------Iter51-------------------------------------
Train: final loss=0.719159, aspect loss=0.026033, opinion loss=0.000000, domain loss=0.693125, sentiment loss=0.000000, reg loss=0.000000, step=74984
Dev:   final loss=0.204804, aspect loss=0.204804, opinion loss=0.000000, sentiment loss=0.000000, reg loss=0.000000, step=74984
Dev:   aspect f1=0.4513, opinion f1=0.0000, sentiment acc==0.0000, sentiment f1==0.0000, ABSA f1==0.0000,
Test:  aspect f1=0.4513, opinion f1=0.0000, sentiment acc==0.0000, sentiment f1==0.0000, ABSA f1==0.0000,
Current Max Metrics Index : 20 Current Min Loss Index : 12 Epoch Time: 0m 12s Tau : 0.22

-------------------------------------Iter52-------------------------------------
Train: final loss=0.718376, aspect loss=0.025537, opinion loss=0.000000, domain loss=0.692846, sentiment loss=0.000000, reg loss=0.000000, step=76426
Dev:   final loss=0.258638, aspect loss=0.258638, opinion loss=0.000000, sentiment loss=0.000000, reg loss=0.000000, step=76426
Dev:   aspect f1=0.4337, opinion f1=0.0000, sentiment acc==0.0000, sentiment f1==0.0000, ABSA f1==0.0000,
Test:  aspect f1=0.4337, opinion f1=0.0000, sentiment acc==0.0000, sentiment f1==0.0000, ABSA f1==0.0000,
Current Max Metrics Index : 20 Current Min Loss Index : 12 Epoch Time: 0m 12s Tau : 0.21

-------------------------------------Iter53-------------------------------------
Train: final loss=0.718023, aspect loss=0.024605, opinion loss=0.000000, domain loss=0.693273, sentiment loss=0.000000, reg loss=0.000000, step=77868
Dev:   final loss=0.217505, aspect loss=0.217505, opinion loss=0.000000, sentiment loss=0.000000, reg loss=0.000000, step=77868
Dev:   aspect f1=0.4533, opinion f1=0.0000, sentiment acc==0.0000, sentiment f1==0.0000, ABSA f1==0.0000,
Test:  aspect f1=0.4533, opinion f1=0.0000, sentiment acc==0.0000, sentiment f1==0.0000, ABSA f1==0.0000,
Current Max Metrics Index : 20 Current Min Loss Index : 12 Epoch Time: 0m 12s Tau : 0.20

-------------------------------------Iter54-------------------------------------
Train: final loss=0.717693, aspect loss=0.024310, opinion loss=0.000000, domain loss=0.693274, sentiment loss=0.000000, reg loss=0.000000, step=79310
Dev:   final loss=0.252522, aspect loss=0.252522, opinion loss=0.000000, sentiment loss=0.000000, reg loss=0.000000, step=79310
Dev:   aspect f1=0.4521, opinion f1=0.0000, sentiment acc==0.0000, sentiment f1==0.0000, ABSA f1==0.0000,
Test:  aspect f1=0.4521, opinion f1=0.0000, sentiment acc==0.0000, sentiment f1==0.0000, ABSA f1==0.0000,
Current Max Metrics Index : 20 Current Min Loss Index : 12 Epoch Time: 0m 12s Tau : 0.20

-------------------------------------Iter55-------------------------------------
Train: final loss=0.717983, aspect loss=0.025008, opinion loss=0.000000, domain loss=0.693105, sentiment loss=0.000000, reg loss=0.000000, step=80752
Dev:   final loss=0.244282, aspect loss=0.244282, opinion loss=0.000000, sentiment loss=0.000000, reg loss=0.000000, step=80752
Dev:   aspect f1=0.4546, opinion f1=0.0000, sentiment acc==0.0000, sentiment f1==0.0000, ABSA f1==0.0000,
Test:  aspect f1=0.4546, opinion f1=0.0000, sentiment acc==0.0000, sentiment f1==0.0000, ABSA f1==0.0000,
Current Max Metrics Index : 20 Current Min Loss Index : 12 Epoch Time: 0m 12s Tau : 0.19

-------------------------------------Iter56-------------------------------------
Train: final loss=0.717817, aspect loss=0.024074, opinion loss=0.000000, domain loss=0.693760, sentiment loss=0.000000, reg loss=0.000000, step=82194
Dev:   final loss=0.258332, aspect loss=0.258332, opinion loss=0.000000, sentiment loss=0.000000, reg loss=0.000000, step=82194
Dev:   aspect f1=0.4532, opinion f1=0.0000, sentiment acc==0.0000, sentiment f1==0.0000, ABSA f1==0.0000,
Test:  aspect f1=0.4532, opinion f1=0.0000, sentiment acc==0.0000, sentiment f1==0.0000, ABSA f1==0.0000,
Current Max Metrics Index : 20 Current Min Loss Index : 12 Epoch Time: 0m 12s Tau : 0.19

-------------------------------------Iter57-------------------------------------
Train: final loss=0.716674, aspect loss=0.023498, opinion loss=0.000000, domain loss=0.693288, sentiment loss=0.000000, reg loss=0.000000, step=83636
Dev:   final loss=0.233770, aspect loss=0.233770, opinion loss=0.000000, sentiment loss=0.000000, reg loss=0.000000, step=83636
Dev:   aspect f1=0.4516, opinion f1=0.0000, sentiment acc==0.0000, sentiment f1==0.0000, ABSA f1==0.0000,
Test:  aspect f1=0.4516, opinion f1=0.0000, sentiment acc==0.0000, sentiment f1==0.0000, ABSA f1==0.0000,
Current Max Metrics Index : 20 Current Min Loss Index : 12 Epoch Time: 0m 12s Tau : 0.18

-------------------------------------Iter58-------------------------------------
Train: final loss=0.717053, aspect loss=0.023805, opinion loss=0.000000, domain loss=0.693058, sentiment loss=0.000000, reg loss=0.000000, step=85078
Dev:   final loss=0.264341, aspect loss=0.264341, opinion loss=0.000000, sentiment loss=0.000000, reg loss=0.000000, step=85078
Dev:   aspect f1=0.4443, opinion f1=0.0000, sentiment acc==0.0000, sentiment f1==0.0000, ABSA f1==0.0000,
Test:  aspect f1=0.4443, opinion f1=0.0000, sentiment acc==0.0000, sentiment f1==0.0000, ABSA f1==0.0000,
Current Max Metrics Index : 20 Current Min Loss Index : 12 Epoch Time: 0m 12s Tau : 0.18

-------------------------------------Iter59-------------------------------------
Train: final loss=0.716206, aspect loss=0.022505, opinion loss=0.000000, domain loss=0.693707, sentiment loss=0.000000, reg loss=0.000000, step=86520
Dev:   final loss=0.244339, aspect loss=0.244339, opinion loss=0.000000, sentiment loss=0.000000, reg loss=0.000000, step=86520
Dev:   aspect f1=0.4626, opinion f1=0.0000, sentiment acc==0.0000, sentiment f1==0.0000, ABSA f1==0.0000,
Test:  aspect f1=0.4626, opinion f1=0.0000, sentiment acc==0.0000, sentiment f1==0.0000, ABSA f1==0.0000,
Current Max Metrics Index : 20 Current Min Loss Index : 12 Epoch Time: 0m 12s Tau : 0.17

-------------------------------------Iter60-------------------------------------
Train: final loss=0.716940, aspect loss=0.023331, opinion loss=0.000000, domain loss=0.693666, sentiment loss=0.000000, reg loss=0.000000, step=87962
Dev:   final loss=0.247568, aspect loss=0.247568, opinion loss=0.000000, sentiment loss=0.000000, reg loss=0.000000, step=87962
Dev:   aspect f1=0.4442, opinion f1=0.0000, sentiment acc==0.0000, sentiment f1==0.0000, ABSA f1==0.0000,
Test:  aspect f1=0.4442, opinion f1=0.0000, sentiment acc==0.0000, sentiment f1==0.0000, ABSA f1==0.0000,
Current Max Metrics Index : 20 Current Min Loss Index : 12 Epoch Time: 0m 12s Tau : 0.17

-------------------------------------Iter61-------------------------------------
Train: final loss=0.716997, aspect loss=0.023546, opinion loss=0.000000, domain loss=0.693610, sentiment loss=0.000000, reg loss=0.000000, step=89404
Dev:   final loss=0.284448, aspect loss=0.284448, opinion loss=0.000000, sentiment loss=0.000000, reg loss=0.000000, step=89404
Dev:   aspect f1=0.4473, opinion f1=0.0000, sentiment acc==0.0000, sentiment f1==0.0000, ABSA f1==0.0000,
Test:  aspect f1=0.4473, opinion f1=0.0000, sentiment acc==0.0000, sentiment f1==0.0000, ABSA f1==0.0000,
Current Max Metrics Index : 20 Current Min Loss Index : 12 Epoch Time: 0m 12s Tau : 0.16

-------------------------------------Iter62-------------------------------------
Train: final loss=0.714666, aspect loss=0.021747, opinion loss=0.000000, domain loss=0.692869, sentiment loss=0.000000, reg loss=0.000000, step=90846
Dev:   final loss=0.262671, aspect loss=0.262671, opinion loss=0.000000, sentiment loss=0.000000, reg loss=0.000000, step=90846
Dev:   aspect f1=0.4539, opinion f1=0.0000, sentiment acc==0.0000, sentiment f1==0.0000, ABSA f1==0.0000,
Test:  aspect f1=0.4539, opinion f1=0.0000, sentiment acc==0.0000, sentiment f1==0.0000, ABSA f1==0.0000,
Current Max Metrics Index : 20 Current Min Loss Index : 12 Epoch Time: 0m 12s Tau : 0.16

-------------------------------------Iter63-------------------------------------
Train: final loss=0.715447, aspect loss=0.021813, opinion loss=0.000000, domain loss=0.693788, sentiment loss=0.000000, reg loss=0.000000, step=92288
Dev:   final loss=0.235445, aspect loss=0.235445, opinion loss=0.000000, sentiment loss=0.000000, reg loss=0.000000, step=92288
Dev:   aspect f1=0.4565, opinion f1=0.0000, sentiment acc==0.0000, sentiment f1==0.0000, ABSA f1==0.0000,
Test:  aspect f1=0.4565, opinion f1=0.0000, sentiment acc==0.0000, sentiment f1==0.0000, ABSA f1==0.0000,
Current Max Metrics Index : 20 Current Min Loss Index : 12 Epoch Time: 0m 12s Tau : 0.15

-------------------------------------Iter64-------------------------------------
Train: final loss=0.715922, aspect loss=0.022729, opinion loss=0.000000, domain loss=0.693218, sentiment loss=0.000000, reg loss=0.000000, step=93730
Dev:   final loss=0.239173, aspect loss=0.239173, opinion loss=0.000000, sentiment loss=0.000000, reg loss=0.000000, step=93730
Dev:   aspect f1=0.4604, opinion f1=0.0000, sentiment acc==0.0000, sentiment f1==0.0000, ABSA f1==0.0000,
Test:  aspect f1=0.4604, opinion f1=0.0000, sentiment acc==0.0000, sentiment f1==0.0000, ABSA f1==0.0000,
Current Max Metrics Index : 20 Current Min Loss Index : 12 Epoch Time: 0m 12s Tau : 0.15

-------------------------------------Iter65-------------------------------------
Train: final loss=0.715579, aspect loss=0.022159, opinion loss=0.000000, domain loss=0.693487, sentiment loss=0.000000, reg loss=0.000000, step=95172
Dev:   final loss=0.245674, aspect loss=0.245674, opinion loss=0.000000, sentiment loss=0.000000, reg loss=0.000000, step=95172
Dev:   aspect f1=0.4548, opinion f1=0.0000, sentiment acc==0.0000, sentiment f1==0.0000, ABSA f1==0.0000,
Test:  aspect f1=0.4548, opinion f1=0.0000, sentiment acc==0.0000, sentiment f1==0.0000, ABSA f1==0.0000,
Current Max Metrics Index : 20 Current Min Loss Index : 12 Epoch Time: 0m 12s Tau : 0.14

-------------------------------------Iter66-------------------------------------
Train: final loss=0.715644, aspect loss=0.022253, opinion loss=0.000000, domain loss=0.693194, sentiment loss=0.000000, reg loss=0.000000, step=96614
Dev:   final loss=0.234867, aspect loss=0.234867, opinion loss=0.000000, sentiment loss=0.000000, reg loss=0.000000, step=96614
Dev:   aspect f1=0.4553, opinion f1=0.0000, sentiment acc==0.0000, sentiment f1==0.0000, ABSA f1==0.0000,
Test:  aspect f1=0.4553, opinion f1=0.0000, sentiment acc==0.0000, sentiment f1==0.0000, ABSA f1==0.0000,
Current Max Metrics Index : 20 Current Min Loss Index : 12 Epoch Time: 0m 12s Tau : 0.14

-------------------------------------Iter67-------------------------------------
Train: final loss=0.714663, aspect loss=0.020947, opinion loss=0.000000, domain loss=0.693578, sentiment loss=0.000000, reg loss=0.000000, step=98056
Dev:   final loss=0.270833, aspect loss=0.270833, opinion loss=0.000000, sentiment loss=0.000000, reg loss=0.000000, step=98056
Dev:   aspect f1=0.4484, opinion f1=0.0000, sentiment acc==0.0000, sentiment f1==0.0000, ABSA f1==0.0000,
Test:  aspect f1=0.4484, opinion f1=0.0000, sentiment acc==0.0000, sentiment f1==0.0000, ABSA f1==0.0000,
Current Max Metrics Index : 20 Current Min Loss Index : 12 Epoch Time: 0m 12s Tau : 0.13

-------------------------------------Iter68-------------------------------------
Train: final loss=0.714578, aspect loss=0.021035, opinion loss=0.000000, domain loss=0.693548, sentiment loss=0.000000, reg loss=0.000000, step=99498
Dev:   final loss=0.263367, aspect loss=0.263367, opinion loss=0.000000, sentiment loss=0.000000, reg loss=0.000000, step=99498
Dev:   aspect f1=0.4513, opinion f1=0.0000, sentiment acc==0.0000, sentiment f1==0.0000, ABSA f1==0.0000,
Test:  aspect f1=0.4513, opinion f1=0.0000, sentiment acc==0.0000, sentiment f1==0.0000, ABSA f1==0.0000,
Current Max Metrics Index : 20 Current Min Loss Index : 12 Epoch Time: 0m 12s Tau : 0.13

-------------------------------------Iter69-------------------------------------
Train: final loss=0.714926, aspect loss=0.021319, opinion loss=0.000000, domain loss=0.693689, sentiment loss=0.000000, reg loss=0.000000, step=100940
Dev:   final loss=0.253570, aspect loss=0.253570, opinion loss=0.000000, sentiment loss=0.000000, reg loss=0.000000, step=100940
Dev:   aspect f1=0.4519, opinion f1=0.0000, sentiment acc==0.0000, sentiment f1==0.0000, ABSA f1==0.0000,
Test:  aspect f1=0.4519, opinion f1=0.0000, sentiment acc==0.0000, sentiment f1==0.0000, ABSA f1==0.0000,
Current Max Metrics Index : 20 Current Min Loss Index : 12 Epoch Time: 0m 12s Tau : 0.13

-------------------------------------Iter70-------------------------------------
Train: final loss=0.714286, aspect loss=0.020708, opinion loss=0.000000, domain loss=0.693544, sentiment loss=0.000000, reg loss=0.000000, step=102382
Dev:   final loss=0.266826, aspect loss=0.266826, opinion loss=0.000000, sentiment loss=0.000000, reg loss=0.000000, step=102382
Dev:   aspect f1=0.4589, opinion f1=0.0000, sentiment acc==0.0000, sentiment f1==0.0000, ABSA f1==0.0000,
Test:  aspect f1=0.4589, opinion f1=0.0000, sentiment acc==0.0000, sentiment f1==0.0000, ABSA f1==0.0000,
Current Max Metrics Index : 20 Current Min Loss Index : 12 Epoch Time: 0m 12s Tau : 0.12

-------------------------------------Iter71-------------------------------------
Train: final loss=0.714084, aspect loss=0.020708, opinion loss=0.000000, domain loss=0.693452, sentiment loss=0.000000, reg loss=0.000000, step=103824
Dev:   final loss=0.262418, aspect loss=0.262418, opinion loss=0.000000, sentiment loss=0.000000, reg loss=0.000000, step=103824
Dev:   aspect f1=0.4547, opinion f1=0.0000, sentiment acc==0.0000, sentiment f1==0.0000, ABSA f1==0.0000,
Test:  aspect f1=0.4547, opinion f1=0.0000, sentiment acc==0.0000, sentiment f1==0.0000, ABSA f1==0.0000,
Current Max Metrics Index : 20 Current Min Loss Index : 12 Epoch Time: 0m 12s Tau : 0.12

-------------------------------------Iter72-------------------------------------
Train: final loss=0.713208, aspect loss=0.019742, opinion loss=0.000000, domain loss=0.693365, sentiment loss=0.000000, reg loss=0.000000, step=105266
Dev:   final loss=0.276473, aspect loss=0.276473, opinion loss=0.000000, sentiment loss=0.000000, reg loss=0.000000, step=105266
Dev:   aspect f1=0.4427, opinion f1=0.0000, sentiment acc==0.0000, sentiment f1==0.0000, ABSA f1==0.0000,
Test:  aspect f1=0.4427, opinion f1=0.0000, sentiment acc==0.0000, sentiment f1==0.0000, ABSA f1==0.0000,
Current Max Metrics Index : 20 Current Min Loss Index : 12 Epoch Time: 0m 12s Tau : 0.12

-------------------------------------Iter73-------------------------------------
Train: final loss=0.713660, aspect loss=0.020564, opinion loss=0.000000, domain loss=0.693181, sentiment loss=0.000000, reg loss=0.000000, step=106708
Dev:   final loss=0.243814, aspect loss=0.243814, opinion loss=0.000000, sentiment loss=0.000000, reg loss=0.000000, step=106708
Dev:   aspect f1=0.4574, opinion f1=0.0000, sentiment acc==0.0000, sentiment f1==0.0000, ABSA f1==0.0000,
Test:  aspect f1=0.4574, opinion f1=0.0000, sentiment acc==0.0000, sentiment f1==0.0000, ABSA f1==0.0000,
Current Max Metrics Index : 20 Current Min Loss Index : 12 Epoch Time: 0m 12s Tau : 0.11

-------------------------------------Iter74-------------------------------------
Train: final loss=0.713455, aspect loss=0.020437, opinion loss=0.000000, domain loss=0.692848, sentiment loss=0.000000, reg loss=0.000000, step=108150
Dev:   final loss=0.235880, aspect loss=0.235880, opinion loss=0.000000, sentiment loss=0.000000, reg loss=0.000000, step=108150
Dev:   aspect f1=0.4708, opinion f1=0.0000, sentiment acc==0.0000, sentiment f1==0.0000, ABSA f1==0.0000,
Test:  aspect f1=0.4708, opinion f1=0.0000, sentiment acc==0.0000, sentiment f1==0.0000, ABSA f1==0.0000,
Current Max Metrics Index : 20 Current Min Loss Index : 12 Epoch Time: 0m 12s Tau : 0.11

-------------------------------------Iter75-------------------------------------
Train: final loss=0.714132, aspect loss=0.020456, opinion loss=0.000000, domain loss=0.693625, sentiment loss=0.000000, reg loss=0.000000, step=109592
Dev:   final loss=0.279104, aspect loss=0.279104, opinion loss=0.000000, sentiment loss=0.000000, reg loss=0.000000, step=109592
Dev:   aspect f1=0.4544, opinion f1=0.0000, sentiment acc==0.0000, sentiment f1==0.0000, ABSA f1==0.0000,
Test:  aspect f1=0.4544, opinion f1=0.0000, sentiment acc==0.0000, sentiment f1==0.0000, ABSA f1==0.0000,
Current Max Metrics Index : 20 Current Min Loss Index : 12 Epoch Time: 0m 12s Tau : 0.11

-------------------------------------Iter76-------------------------------------
Train: final loss=0.714122, aspect loss=0.020866, opinion loss=0.000000, domain loss=0.693197, sentiment loss=0.000000, reg loss=0.000000, step=111034
Dev:   final loss=0.268545, aspect loss=0.268545, opinion loss=0.000000, sentiment loss=0.000000, reg loss=0.000000, step=111034
Dev:   aspect f1=0.4412, opinion f1=0.0000, sentiment acc==0.0000, sentiment f1==0.0000, ABSA f1==0.0000,
Test:  aspect f1=0.4412, opinion f1=0.0000, sentiment acc==0.0000, sentiment f1==0.0000, ABSA f1==0.0000,
Current Max Metrics Index : 20 Current Min Loss Index : 12 Epoch Time: 0m 12s Tau : 0.10

-------------------------------------Iter77-------------------------------------
Train: final loss=0.712967, aspect loss=0.019803, opinion loss=0.000000, domain loss=0.693141, sentiment loss=0.000000, reg loss=0.000000, step=112476
Dev:   final loss=0.279340, aspect loss=0.279340, opinion loss=0.000000, sentiment loss=0.000000, reg loss=0.000000, step=112476
Dev:   aspect f1=0.4436, opinion f1=0.0000, sentiment acc==0.0000, sentiment f1==0.0000, ABSA f1==0.0000,
Test:  aspect f1=0.4436, opinion f1=0.0000, sentiment acc==0.0000, sentiment f1==0.0000, ABSA f1==0.0000,
Current Max Metrics Index : 20 Current Min Loss Index : 12 Epoch Time: 0m 12s Tau : 0.10

-------------------------------------Iter78-------------------------------------
Train: final loss=0.712963, aspect loss=0.019288, opinion loss=0.000000, domain loss=0.693614, sentiment loss=0.000000, reg loss=0.000000, step=113918
Dev:   final loss=0.272161, aspect loss=0.272161, opinion loss=0.000000, sentiment loss=0.000000, reg loss=0.000000, step=113918
Dev:   aspect f1=0.4455, opinion f1=0.0000, sentiment acc==0.0000, sentiment f1==0.0000, ABSA f1==0.0000,
Test:  aspect f1=0.4455, opinion f1=0.0000, sentiment acc==0.0000, sentiment f1==0.0000, ABSA f1==0.0000,
Current Max Metrics Index : 20 Current Min Loss Index : 12 Epoch Time: 0m 12s Tau : 0.10

-------------------------------------Iter79-------------------------------------
Train: final loss=0.712939, aspect loss=0.019440, opinion loss=0.000000, domain loss=0.693502, sentiment loss=0.000000, reg loss=0.000000, step=115360
Dev:   final loss=0.271379, aspect loss=0.271379, opinion loss=0.000000, sentiment loss=0.000000, reg loss=0.000000, step=115360
Dev:   aspect f1=0.4512, opinion f1=0.0000, sentiment acc==0.0000, sentiment f1==0.0000, ABSA f1==0.0000,
Test:  aspect f1=0.4512, opinion f1=0.0000, sentiment acc==0.0000, sentiment f1==0.0000, ABSA f1==0.0000,
Current Max Metrics Index : 20 Current Min Loss Index : 12 Epoch Time: 0m 12s Tau : 0.10

-------------------------------------Iter80-------------------------------------
Train: final loss=0.713141, aspect loss=0.019792, opinion loss=0.000000, domain loss=0.693342, sentiment loss=0.000000, reg loss=0.000000, step=116802
Dev:   final loss=0.263622, aspect loss=0.263622, opinion loss=0.000000, sentiment loss=0.000000, reg loss=0.000000, step=116802
Dev:   aspect f1=0.4490, opinion f1=0.0000, sentiment acc==0.0000, sentiment f1==0.0000, ABSA f1==0.0000,
Test:  aspect f1=0.4490, opinion f1=0.0000, sentiment acc==0.0000, sentiment f1==0.0000, ABSA f1==0.0000,
Current Max Metrics Index : 20 Current Min Loss Index : 12 Epoch Time: 0m 12s Tau : 0.10

-------------------------------------Iter81-------------------------------------
Train: final loss=0.711435, aspect loss=0.018527, opinion loss=0.000000, domain loss=0.693111, sentiment loss=0.000000, reg loss=0.000000, step=118244
Dev:   final loss=0.265710, aspect loss=0.265710, opinion loss=0.000000, sentiment loss=0.000000, reg loss=0.000000, step=118244
Dev:   aspect f1=0.4592, opinion f1=0.0000, sentiment acc==0.0000, sentiment f1==0.0000, ABSA f1==0.0000,
Test:  aspect f1=0.4592, opinion f1=0.0000, sentiment acc==0.0000, sentiment f1==0.0000, ABSA f1==0.0000,
Current Max Metrics Index : 20 Current Min Loss Index : 12 Epoch Time: 0m 12s Tau : 0.10

-------------------------------------Iter82-------------------------------------
Train: final loss=0.711004, aspect loss=0.017557, opinion loss=0.000000, domain loss=0.693479, sentiment loss=0.000000, reg loss=0.000000, step=119686
Dev:   final loss=0.272877, aspect loss=0.272877, opinion loss=0.000000, sentiment loss=0.000000, reg loss=0.000000, step=119686
Dev:   aspect f1=0.4499, opinion f1=0.0000, sentiment acc==0.0000, sentiment f1==0.0000, ABSA f1==0.0000,
Test:  aspect f1=0.4499, opinion f1=0.0000, sentiment acc==0.0000, sentiment f1==0.0000, ABSA f1==0.0000,
Current Max Metrics Index : 20 Current Min Loss Index : 12 Epoch Time: 0m 12s Tau : 0.10

-------------------------------------Iter83-------------------------------------
Train: final loss=0.712180, aspect loss=0.018478, opinion loss=0.000000, domain loss=0.693665, sentiment loss=0.000000, reg loss=0.000000, step=121128
Dev:   final loss=0.276838, aspect loss=0.276838, opinion loss=0.000000, sentiment loss=0.000000, reg loss=0.000000, step=121128
Dev:   aspect f1=0.4490, opinion f1=0.0000, sentiment acc==0.0000, sentiment f1==0.0000, ABSA f1==0.0000,
Test:  aspect f1=0.4490, opinion f1=0.0000, sentiment acc==0.0000, sentiment f1==0.0000, ABSA f1==0.0000,
Current Max Metrics Index : 20 Current Min Loss Index : 12 Epoch Time: 0m 10s Tau : 0.10

-------------------------------------Iter84-------------------------------------
Train: final loss=0.711604, aspect loss=0.018182, opinion loss=0.000000, domain loss=0.693484, sentiment loss=0.000000, reg loss=0.000000, step=122570
Dev:   final loss=0.253595, aspect loss=0.253595, opinion loss=0.000000, sentiment loss=0.000000, reg loss=0.000000, step=122570
Dev:   aspect f1=0.4564, opinion f1=0.0000, sentiment acc==0.0000, sentiment f1==0.0000, ABSA f1==0.0000,
Test:  aspect f1=0.4564, opinion f1=0.0000, sentiment acc==0.0000, sentiment f1==0.0000, ABSA f1==0.0000,
Current Max Metrics Index : 20 Current Min Loss Index : 12 Epoch Time: 0m 12s Tau : 0.10

-------------------------------------Iter85-------------------------------------
Train: final loss=0.711215, aspect loss=0.017777, opinion loss=0.000000, domain loss=0.693415, sentiment loss=0.000000, reg loss=0.000000, step=124012
Dev:   final loss=0.276335, aspect loss=0.276335, opinion loss=0.000000, sentiment loss=0.000000, reg loss=0.000000, step=124012
Dev:   aspect f1=0.4478, opinion f1=0.0000, sentiment acc==0.0000, sentiment f1==0.0000, ABSA f1==0.0000,
Test:  aspect f1=0.4478, opinion f1=0.0000, sentiment acc==0.0000, sentiment f1==0.0000, ABSA f1==0.0000,
Current Max Metrics Index : 20 Current Min Loss Index : 12 Epoch Time: 0m 12s Tau : 0.10

-------------------------------------Iter86-------------------------------------
Train: final loss=0.710770, aspect loss=0.017312, opinion loss=0.000000, domain loss=0.693419, sentiment loss=0.000000, reg loss=0.000000, step=125454
Dev:   final loss=0.307496, aspect loss=0.307496, opinion loss=0.000000, sentiment loss=0.000000, reg loss=0.000000, step=125454
Dev:   aspect f1=0.4453, opinion f1=0.0000, sentiment acc==0.0000, sentiment f1==0.0000, ABSA f1==0.0000,
Test:  aspect f1=0.4453, opinion f1=0.0000, sentiment acc==0.0000, sentiment f1==0.0000, ABSA f1==0.0000,
Current Max Metrics Index : 20 Current Min Loss Index : 12 Epoch Time: 0m 12s Tau : 0.10

-------------------------------------Iter87-------------------------------------
Train: final loss=0.711042, aspect loss=0.017682, opinion loss=0.000000, domain loss=0.693381, sentiment loss=0.000000, reg loss=0.000000, step=126896
Dev:   final loss=0.304327, aspect loss=0.304327, opinion loss=0.000000, sentiment loss=0.000000, reg loss=0.000000, step=126896
Dev:   aspect f1=0.4456, opinion f1=0.0000, sentiment acc==0.0000, sentiment f1==0.0000, ABSA f1==0.0000,
Test:  aspect f1=0.4456, opinion f1=0.0000, sentiment acc==0.0000, sentiment f1==0.0000, ABSA f1==0.0000,
Current Max Metrics Index : 20 Current Min Loss Index : 12 Epoch Time: 0m 12s Tau : 0.10

-------------------------------------Iter88-------------------------------------
Train: final loss=0.711293, aspect loss=0.017752, opinion loss=0.000000, domain loss=0.693452, sentiment loss=0.000000, reg loss=0.000000, step=128338
Dev:   final loss=0.294952, aspect loss=0.294952, opinion loss=0.000000, sentiment loss=0.000000, reg loss=0.000000, step=128338
Dev:   aspect f1=0.4549, opinion f1=0.0000, sentiment acc==0.0000, sentiment f1==0.0000, ABSA f1==0.0000,
Test:  aspect f1=0.4549, opinion f1=0.0000, sentiment acc==0.0000, sentiment f1==0.0000, ABSA f1==0.0000,
Current Max Metrics Index : 20 Current Min Loss Index : 12 Epoch Time: 0m 12s Tau : 0.10

-------------------------------------Iter89-------------------------------------
Train: final loss=0.710520, aspect loss=0.017016, opinion loss=0.000000, domain loss=0.693536, sentiment loss=0.000000, reg loss=0.000000, step=129780
Dev:   final loss=0.268194, aspect loss=0.268194, opinion loss=0.000000, sentiment loss=0.000000, reg loss=0.000000, step=129780
Dev:   aspect f1=0.4559, opinion f1=0.0000, sentiment acc==0.0000, sentiment f1==0.0000, ABSA f1==0.0000,
Test:  aspect f1=0.4559, opinion f1=0.0000, sentiment acc==0.0000, sentiment f1==0.0000, ABSA f1==0.0000,
Current Max Metrics Index : 20 Current Min Loss Index : 12 Epoch Time: 0m 11s Tau : 0.10

-------------------------------------Iter90-------------------------------------
Train: final loss=0.710205, aspect loss=0.016777, opinion loss=0.000000, domain loss=0.693382, sentiment loss=0.000000, reg loss=0.000000, step=131222
Dev:   final loss=0.280279, aspect loss=0.280279, opinion loss=0.000000, sentiment loss=0.000000, reg loss=0.000000, step=131222
Dev:   aspect f1=0.4533, opinion f1=0.0000, sentiment acc==0.0000, sentiment f1==0.0000, ABSA f1==0.0000,
Test:  aspect f1=0.4533, opinion f1=0.0000, sentiment acc==0.0000, sentiment f1==0.0000, ABSA f1==0.0000,
Current Max Metrics Index : 20 Current Min Loss Index : 12 Epoch Time: 0m 12s Tau : 0.10

-------------------------------------Iter91-------------------------------------
Train: final loss=0.709485, aspect loss=0.016224, opinion loss=0.000000, domain loss=0.693338, sentiment loss=0.000000, reg loss=0.000000, step=132664
Dev:   final loss=0.324840, aspect loss=0.324840, opinion loss=0.000000, sentiment loss=0.000000, reg loss=0.000000, step=132664
Dev:   aspect f1=0.4444, opinion f1=0.0000, sentiment acc==0.0000, sentiment f1==0.0000, ABSA f1==0.0000,
Test:  aspect f1=0.4444, opinion f1=0.0000, sentiment acc==0.0000, sentiment f1==0.0000, ABSA f1==0.0000,
Current Max Metrics Index : 20 Current Min Loss Index : 12 Epoch Time: 0m 12s Tau : 0.10

-------------------------------------Iter92-------------------------------------
Train: final loss=0.711288, aspect loss=0.017570, opinion loss=0.000000, domain loss=0.693638, sentiment loss=0.000000, reg loss=0.000000, step=134106
Dev:   final loss=0.272465, aspect loss=0.272465, opinion loss=0.000000, sentiment loss=0.000000, reg loss=0.000000, step=134106
Dev:   aspect f1=0.4507, opinion f1=0.0000, sentiment acc==0.0000, sentiment f1==0.0000, ABSA f1==0.0000,
Test:  aspect f1=0.4507, opinion f1=0.0000, sentiment acc==0.0000, sentiment f1==0.0000, ABSA f1==0.0000,
Current Max Metrics Index : 20 Current Min Loss Index : 12 Epoch Time: 0m 12s Tau : 0.10

-------------------------------------Iter93-------------------------------------
Train: final loss=0.710801, aspect loss=0.017329, opinion loss=0.000000, domain loss=0.693488, sentiment loss=0.000000, reg loss=0.000000, step=135548
Dev:   final loss=0.299291, aspect loss=0.299291, opinion loss=0.000000, sentiment loss=0.000000, reg loss=0.000000, step=135548
Dev:   aspect f1=0.4497, opinion f1=0.0000, sentiment acc==0.0000, sentiment f1==0.0000, ABSA f1==0.0000,
Test:  aspect f1=0.4497, opinion f1=0.0000, sentiment acc==0.0000, sentiment f1==0.0000, ABSA f1==0.0000,
Current Max Metrics Index : 20 Current Min Loss Index : 12 Epoch Time: 0m 12s Tau : 0.10

-------------------------------------Iter94-------------------------------------
Train: final loss=0.711278, aspect loss=0.017912, opinion loss=0.000000, domain loss=0.693438, sentiment loss=0.000000, reg loss=0.000000, step=136990
Dev:   final loss=0.270235, aspect loss=0.270235, opinion loss=0.000000, sentiment loss=0.000000, reg loss=0.000000, step=136990
Dev:   aspect f1=0.4519, opinion f1=0.0000, sentiment acc==0.0000, sentiment f1==0.0000, ABSA f1==0.0000,
Test:  aspect f1=0.4519, opinion f1=0.0000, sentiment acc==0.0000, sentiment f1==0.0000, ABSA f1==0.0000,
Current Max Metrics Index : 20 Current Min Loss Index : 12 Epoch Time: 0m 12s Tau : 0.10

-------------------------------------Iter95-------------------------------------
Train: final loss=0.710224, aspect loss=0.016641, opinion loss=0.000000, domain loss=0.693501, sentiment loss=0.000000, reg loss=0.000000, step=138432
Dev:   final loss=0.300673, aspect loss=0.300673, opinion loss=0.000000, sentiment loss=0.000000, reg loss=0.000000, step=138432
Dev:   aspect f1=0.4485, opinion f1=0.0000, sentiment acc==0.0000, sentiment f1==0.0000, ABSA f1==0.0000,
Test:  aspect f1=0.4485, opinion f1=0.0000, sentiment acc==0.0000, sentiment f1==0.0000, ABSA f1==0.0000,
Current Max Metrics Index : 20 Current Min Loss Index : 12 Epoch Time: 0m 12s Tau : 0.10

-------------------------------------Iter96-------------------------------------
Train: final loss=0.710329, aspect loss=0.016994, opinion loss=0.000000, domain loss=0.693386, sentiment loss=0.000000, reg loss=0.000000, step=139874
Dev:   final loss=0.330412, aspect loss=0.330412, opinion loss=0.000000, sentiment loss=0.000000, reg loss=0.000000, step=139874
Dev:   aspect f1=0.4432, opinion f1=0.0000, sentiment acc==0.0000, sentiment f1==0.0000, ABSA f1==0.0000,
Test:  aspect f1=0.4432, opinion f1=0.0000, sentiment acc==0.0000, sentiment f1==0.0000, ABSA f1==0.0000,
Current Max Metrics Index : 20 Current Min Loss Index : 12 Epoch Time: 0m 12s Tau : 0.10

-------------------------------------Iter97-------------------------------------
Train: final loss=0.710383, aspect loss=0.017226, opinion loss=0.000000, domain loss=0.693121, sentiment loss=0.000000, reg loss=0.000000, step=141316
Dev:   final loss=0.284339, aspect loss=0.284339, opinion loss=0.000000, sentiment loss=0.000000, reg loss=0.000000, step=141316
Dev:   aspect f1=0.4490, opinion f1=0.0000, sentiment acc==0.0000, sentiment f1==0.0000, ABSA f1==0.0000,
Test:  aspect f1=0.4490, opinion f1=0.0000, sentiment acc==0.0000, sentiment f1==0.0000, ABSA f1==0.0000,
Current Max Metrics Index : 20 Current Min Loss Index : 12 Epoch Time: 0m 11s Tau : 0.10

-------------------------------------Iter98-------------------------------------
Train: final loss=0.710105, aspect loss=0.016378, opinion loss=0.000000, domain loss=0.693557, sentiment loss=0.000000, reg loss=0.000000, step=142758
Dev:   final loss=0.279145, aspect loss=0.279145, opinion loss=0.000000, sentiment loss=0.000000, reg loss=0.000000, step=142758
Dev:   aspect f1=0.4531, opinion f1=0.0000, sentiment acc==0.0000, sentiment f1==0.0000, ABSA f1==0.0000,
Test:  aspect f1=0.4531, opinion f1=0.0000, sentiment acc==0.0000, sentiment f1==0.0000, ABSA f1==0.0000,
Current Max Metrics Index : 20 Current Min Loss Index : 12 Epoch Time: 0m 12s Tau : 0.10

-------------------------------------Iter99-------------------------------------
Train: final loss=0.710300, aspect loss=0.016746, opinion loss=0.000000, domain loss=0.693504, sentiment loss=0.000000, reg loss=0.000000, step=144200
Dev:   final loss=0.309923, aspect loss=0.309923, opinion loss=0.000000, sentiment loss=0.000000, reg loss=0.000000, step=144200
Dev:   aspect f1=0.4561, opinion f1=0.0000, sentiment acc==0.0000, sentiment f1==0.0000, ABSA f1==0.0000,
Test:  aspect f1=0.4561, opinion f1=0.0000, sentiment acc==0.0000, sentiment f1==0.0000, ABSA f1==0.0000,
Current Max Metrics Index : 20 Current Min Loss Index : 12 Epoch Time: 0m 12s Tau : 0.10

--------------------------------Mission Complete--------------------------------
Dev Max Metrics Index: 20
aspect f1=47.15, opinion f1=0.00, sentiment acc==0.00, sentiment f1==0.00, ABSA f1==0.00,
Dev Min Loss Index: 12
aspect f1=45.98, opinion f1=0.00, sentiment acc==0.00, sentiment f1==0.00, ABSA f1==0.00,
Running Time: 20m 11s
