> log file: ./log/laptop-to-device/[SynBridge]-210519-093712.log
cuda memory allocated: 10108928
n_trainable_params: 1431975, n_nontrainable_params: 1094700
> training arguments:
>>> source: laptop
>>> target: device
>>> use_unlabel: 1
>>> use_syntactic: 1
>>> use_semantic: 0
>>> split: 3
>>> local_bert_path: F:\NLP\BERT-BASE-UNCASED
>>> model_name: DECNN
>>> batch_size: 8
>>> learning_rate: 0.0001
>>> lr_decay: 1e-05
>>> num_epoch: 100
>>> emb_dim: 100
>>> dep_dim: 50
>>> pos_dim: 50
>>> hidden_dim: 256
>>> keep_prob: 0.5
>>> l2_reg: 1e-05
>>> beta: 0.1
>>> kernel_size: 5
>>> hop_num: 2
>>> class_num: 3
>>> cluster_num: 200
>>> cate_num: 20
>>> seed: 123
>>> log_step: 5
>>> dynamic_gate: 1
>>> valset_num: 0
>>> reuse_embedding: 1
>>> optimizer: <class 'torch.optim.adam.Adam'>
>>> initializer: <function uniform_ at 0x7fc74b26dc80>
>>> device: cuda:0
>>> ablation: None
>>> topk: 10
>>> name: [SynBridge]
>>> dataset_file: {'train': './data/laptop/train3/', 'unlabel': './data/device/train3/', 'test': './data/device/test3/'}
>>> model_class: <class 'models.decnn_base.DECNN'>
>>> inputs_cols: ['sentence', 'mask', 'position', 'keep_prob']
>>> max_sentence_len: 110

-------------------------------------Iter0--------------------------------------
Train: final loss=0.825225, aspect loss=0.130581, opinion loss=0.000000, domain loss=0.694772, sentiment loss=0.000000, reg loss=0.000000, step=1442
Dev:   final loss=0.285241, aspect loss=0.285241, opinion loss=0.000000, sentiment loss=0.000000, reg loss=0.000000, step=1442
Dev:   aspect f1=0.2914, opinion f1=0.0000, sentiment acc==0.0000, sentiment f1==0.0000, ABSA f1==0.0000,
Test:  aspect f1=0.2914, opinion f1=0.0000, sentiment acc==0.0000, sentiment f1==0.0000, ABSA f1==0.0000,
Current Max Metrics Index : 0 Current Min Loss Index : 0 Epoch Time: 0m 12s Tau : 1.00
>> Checkpoint Saved: state_dict/laptop-to-device/[SynBridge]-ATE-F1-0.2914.pth

-------------------------------------Iter1--------------------------------------
Train: final loss=0.786095, aspect loss=0.092130, opinion loss=0.000000, domain loss=0.693904, sentiment loss=0.000000, reg loss=0.000000, step=2884
Dev:   final loss=0.204875, aspect loss=0.204875, opinion loss=0.000000, sentiment loss=0.000000, reg loss=0.000000, step=2884
Dev:   aspect f1=0.3609, opinion f1=0.0000, sentiment acc==0.0000, sentiment f1==0.0000, ABSA f1==0.0000,
Test:  aspect f1=0.3609, opinion f1=0.0000, sentiment acc==0.0000, sentiment f1==0.0000, ABSA f1==0.0000,
Current Max Metrics Index : 1 Current Min Loss Index : 1 Epoch Time: 0m 12s Tau : 0.97
>> Checkpoint Saved: state_dict/laptop-to-device/[SynBridge]-ATE-F1-0.3609.pth

-------------------------------------Iter2--------------------------------------
Train: final loss=0.770964, aspect loss=0.081115, opinion loss=0.000000, domain loss=0.690794, sentiment loss=0.000000, reg loss=0.000000, step=4326
Dev:   final loss=0.208780, aspect loss=0.208780, opinion loss=0.000000, sentiment loss=0.000000, reg loss=0.000000, step=4326
Dev:   aspect f1=0.3801, opinion f1=0.0000, sentiment acc==0.0000, sentiment f1==0.0000, ABSA f1==0.0000,
Test:  aspect f1=0.3801, opinion f1=0.0000, sentiment acc==0.0000, sentiment f1==0.0000, ABSA f1==0.0000,
Current Max Metrics Index : 2 Current Min Loss Index : 1 Epoch Time: 0m 12s Tau : 0.94
>> Checkpoint Saved: state_dict/laptop-to-device/[SynBridge]-ATE-F1-0.3801.pth

-------------------------------------Iter3--------------------------------------
Train: final loss=0.762297, aspect loss=0.073235, opinion loss=0.000000, domain loss=0.689122, sentiment loss=0.000000, reg loss=0.000000, step=5768
Dev:   final loss=0.230764, aspect loss=0.230764, opinion loss=0.000000, sentiment loss=0.000000, reg loss=0.000000, step=5768
Dev:   aspect f1=0.3850, opinion f1=0.0000, sentiment acc==0.0000, sentiment f1==0.0000, ABSA f1==0.0000,
Test:  aspect f1=0.3850, opinion f1=0.0000, sentiment acc==0.0000, sentiment f1==0.0000, ABSA f1==0.0000,
Current Max Metrics Index : 3 Current Min Loss Index : 1 Epoch Time: 0m 12s Tau : 0.91
>> Checkpoint Saved: state_dict/laptop-to-device/[SynBridge]-ATE-F1-0.3850.pth

-------------------------------------Iter4--------------------------------------
Train: final loss=0.760051, aspect loss=0.068900, opinion loss=0.000000, domain loss=0.691549, sentiment loss=0.000000, reg loss=0.000000, step=7210
Dev:   final loss=0.216804, aspect loss=0.216804, opinion loss=0.000000, sentiment loss=0.000000, reg loss=0.000000, step=7210
Dev:   aspect f1=0.4081, opinion f1=0.0000, sentiment acc==0.0000, sentiment f1==0.0000, ABSA f1==0.0000,
Test:  aspect f1=0.4081, opinion f1=0.0000, sentiment acc==0.0000, sentiment f1==0.0000, ABSA f1==0.0000,
Current Max Metrics Index : 4 Current Min Loss Index : 1 Epoch Time: 0m 12s Tau : 0.89
>> Checkpoint Saved: state_dict/laptop-to-device/[SynBridge]-ATE-F1-0.4081.pth

-------------------------------------Iter5--------------------------------------
Train: final loss=0.755421, aspect loss=0.064763, opinion loss=0.000000, domain loss=0.691138, sentiment loss=0.000000, reg loss=0.000000, step=8652
Dev:   final loss=0.193226, aspect loss=0.193226, opinion loss=0.000000, sentiment loss=0.000000, reg loss=0.000000, step=8652
Dev:   aspect f1=0.4241, opinion f1=0.0000, sentiment acc==0.0000, sentiment f1==0.0000, ABSA f1==0.0000,
Test:  aspect f1=0.4241, opinion f1=0.0000, sentiment acc==0.0000, sentiment f1==0.0000, ABSA f1==0.0000,
Current Max Metrics Index : 5 Current Min Loss Index : 5 Epoch Time: 0m 12s Tau : 0.86
>> Checkpoint Saved: state_dict/laptop-to-device/[SynBridge]-ATE-F1-0.4241.pth

-------------------------------------Iter6--------------------------------------
Train: final loss=0.754098, aspect loss=0.062821, opinion loss=0.000000, domain loss=0.691209, sentiment loss=0.000000, reg loss=0.000000, step=10094
Dev:   final loss=0.211661, aspect loss=0.211661, opinion loss=0.000000, sentiment loss=0.000000, reg loss=0.000000, step=10094
Dev:   aspect f1=0.4249, opinion f1=0.0000, sentiment acc==0.0000, sentiment f1==0.0000, ABSA f1==0.0000,
Test:  aspect f1=0.4249, opinion f1=0.0000, sentiment acc==0.0000, sentiment f1==0.0000, ABSA f1==0.0000,
Current Max Metrics Index : 6 Current Min Loss Index : 5 Epoch Time: 0m 12s Tau : 0.84
>> Checkpoint Saved: state_dict/laptop-to-device/[SynBridge]-ATE-F1-0.4249.pth

-------------------------------------Iter7--------------------------------------
Train: final loss=0.751408, aspect loss=0.060545, opinion loss=0.000000, domain loss=0.691264, sentiment loss=0.000000, reg loss=0.000000, step=11536
Dev:   final loss=0.203573, aspect loss=0.203573, opinion loss=0.000000, sentiment loss=0.000000, reg loss=0.000000, step=11536
Dev:   aspect f1=0.4229, opinion f1=0.0000, sentiment acc==0.0000, sentiment f1==0.0000, ABSA f1==0.0000,
Test:  aspect f1=0.4229, opinion f1=0.0000, sentiment acc==0.0000, sentiment f1==0.0000, ABSA f1==0.0000,
Current Max Metrics Index : 6 Current Min Loss Index : 5 Epoch Time: 0m 12s Tau : 0.81

-------------------------------------Iter8--------------------------------------
Train: final loss=0.748494, aspect loss=0.056958, opinion loss=0.000000, domain loss=0.691921, sentiment loss=0.000000, reg loss=0.000000, step=12978
Dev:   final loss=0.209773, aspect loss=0.209773, opinion loss=0.000000, sentiment loss=0.000000, reg loss=0.000000, step=12978
Dev:   aspect f1=0.4266, opinion f1=0.0000, sentiment acc==0.0000, sentiment f1==0.0000, ABSA f1==0.0000,
Test:  aspect f1=0.4266, opinion f1=0.0000, sentiment acc==0.0000, sentiment f1==0.0000, ABSA f1==0.0000,
Current Max Metrics Index : 8 Current Min Loss Index : 5 Epoch Time: 0m 12s Tau : 0.79
>> Checkpoint Saved: state_dict/laptop-to-device/[SynBridge]-ATE-F1-0.4266.pth

-------------------------------------Iter9--------------------------------------
Train: final loss=0.747934, aspect loss=0.056312, opinion loss=0.000000, domain loss=0.692056, sentiment loss=0.000000, reg loss=0.000000, step=14420
Dev:   final loss=0.189338, aspect loss=0.189338, opinion loss=0.000000, sentiment loss=0.000000, reg loss=0.000000, step=14420
Dev:   aspect f1=0.4442, opinion f1=0.0000, sentiment acc==0.0000, sentiment f1==0.0000, ABSA f1==0.0000,
Test:  aspect f1=0.4442, opinion f1=0.0000, sentiment acc==0.0000, sentiment f1==0.0000, ABSA f1==0.0000,
Current Max Metrics Index : 9 Current Min Loss Index : 9 Epoch Time: 0m 12s Tau : 0.76
>> Checkpoint Saved: state_dict/laptop-to-device/[SynBridge]-ATE-F1-0.4442.pth

-------------------------------------Iter10-------------------------------------
Train: final loss=0.747455, aspect loss=0.054724, opinion loss=0.000000, domain loss=0.692879, sentiment loss=0.000000, reg loss=0.000000, step=15862
Dev:   final loss=0.195333, aspect loss=0.195333, opinion loss=0.000000, sentiment loss=0.000000, reg loss=0.000000, step=15862
Dev:   aspect f1=0.4407, opinion f1=0.0000, sentiment acc==0.0000, sentiment f1==0.0000, ABSA f1==0.0000,
Test:  aspect f1=0.4407, opinion f1=0.0000, sentiment acc==0.0000, sentiment f1==0.0000, ABSA f1==0.0000,
Current Max Metrics Index : 9 Current Min Loss Index : 9 Epoch Time: 0m 12s Tau : 0.74

-------------------------------------Iter11-------------------------------------
Train: final loss=0.745313, aspect loss=0.052997, opinion loss=0.000000, domain loss=0.692548, sentiment loss=0.000000, reg loss=0.000000, step=17304
Dev:   final loss=0.228619, aspect loss=0.228619, opinion loss=0.000000, sentiment loss=0.000000, reg loss=0.000000, step=17304
Dev:   aspect f1=0.4242, opinion f1=0.0000, sentiment acc==0.0000, sentiment f1==0.0000, ABSA f1==0.0000,
Test:  aspect f1=0.4242, opinion f1=0.0000, sentiment acc==0.0000, sentiment f1==0.0000, ABSA f1==0.0000,
Current Max Metrics Index : 9 Current Min Loss Index : 9 Epoch Time: 0m 12s Tau : 0.72

-------------------------------------Iter12-------------------------------------
Train: final loss=0.744180, aspect loss=0.051888, opinion loss=0.000000, domain loss=0.692606, sentiment loss=0.000000, reg loss=0.000000, step=18746
Dev:   final loss=0.181501, aspect loss=0.181501, opinion loss=0.000000, sentiment loss=0.000000, reg loss=0.000000, step=18746
Dev:   aspect f1=0.4492, opinion f1=0.0000, sentiment acc==0.0000, sentiment f1==0.0000, ABSA f1==0.0000,
Test:  aspect f1=0.4492, opinion f1=0.0000, sentiment acc==0.0000, sentiment f1==0.0000, ABSA f1==0.0000,
Current Max Metrics Index : 12 Current Min Loss Index : 12 Epoch Time: 0m 12s Tau : 0.70
>> Checkpoint Saved: state_dict/laptop-to-device/[SynBridge]-ATE-F1-0.4492.pth

-------------------------------------Iter13-------------------------------------
Train: final loss=0.742967, aspect loss=0.050590, opinion loss=0.000000, domain loss=0.692461, sentiment loss=0.000000, reg loss=0.000000, step=20188
Dev:   final loss=0.182530, aspect loss=0.182530, opinion loss=0.000000, sentiment loss=0.000000, reg loss=0.000000, step=20188
Dev:   aspect f1=0.4444, opinion f1=0.0000, sentiment acc==0.0000, sentiment f1==0.0000, ABSA f1==0.0000,
Test:  aspect f1=0.4444, opinion f1=0.0000, sentiment acc==0.0000, sentiment f1==0.0000, ABSA f1==0.0000,
Current Max Metrics Index : 12 Current Min Loss Index : 12 Epoch Time: 0m 12s Tau : 0.68

-------------------------------------Iter14-------------------------------------
Train: final loss=0.742274, aspect loss=0.049569, opinion loss=0.000000, domain loss=0.692864, sentiment loss=0.000000, reg loss=0.000000, step=21630
Dev:   final loss=0.187503, aspect loss=0.187503, opinion loss=0.000000, sentiment loss=0.000000, reg loss=0.000000, step=21630
Dev:   aspect f1=0.4446, opinion f1=0.0000, sentiment acc==0.0000, sentiment f1==0.0000, ABSA f1==0.0000,
Test:  aspect f1=0.4446, opinion f1=0.0000, sentiment acc==0.0000, sentiment f1==0.0000, ABSA f1==0.0000,
Current Max Metrics Index : 12 Current Min Loss Index : 12 Epoch Time: 0m 12s Tau : 0.66

-------------------------------------Iter15-------------------------------------
Train: final loss=0.740484, aspect loss=0.048140, opinion loss=0.000000, domain loss=0.692214, sentiment loss=0.000000, reg loss=0.000000, step=23072
Dev:   final loss=0.198200, aspect loss=0.198200, opinion loss=0.000000, sentiment loss=0.000000, reg loss=0.000000, step=23072
Dev:   aspect f1=0.4483, opinion f1=0.0000, sentiment acc==0.0000, sentiment f1==0.0000, ABSA f1==0.0000,
Test:  aspect f1=0.4483, opinion f1=0.0000, sentiment acc==0.0000, sentiment f1==0.0000, ABSA f1==0.0000,
Current Max Metrics Index : 12 Current Min Loss Index : 12 Epoch Time: 0m 12s Tau : 0.64

-------------------------------------Iter16-------------------------------------
Train: final loss=0.740166, aspect loss=0.047290, opinion loss=0.000000, domain loss=0.692952, sentiment loss=0.000000, reg loss=0.000000, step=24514
Dev:   final loss=0.201353, aspect loss=0.201353, opinion loss=0.000000, sentiment loss=0.000000, reg loss=0.000000, step=24514
Dev:   aspect f1=0.4366, opinion f1=0.0000, sentiment acc==0.0000, sentiment f1==0.0000, ABSA f1==0.0000,
Test:  aspect f1=0.4366, opinion f1=0.0000, sentiment acc==0.0000, sentiment f1==0.0000, ABSA f1==0.0000,
Current Max Metrics Index : 12 Current Min Loss Index : 12 Epoch Time: 0m 12s Tau : 0.62

-------------------------------------Iter17-------------------------------------
Train: final loss=0.738901, aspect loss=0.045257, opinion loss=0.000000, domain loss=0.693622, sentiment loss=0.000000, reg loss=0.000000, step=25956
Dev:   final loss=0.206455, aspect loss=0.206455, opinion loss=0.000000, sentiment loss=0.000000, reg loss=0.000000, step=25956
Dev:   aspect f1=0.4356, opinion f1=0.0000, sentiment acc==0.0000, sentiment f1==0.0000, ABSA f1==0.0000,
Test:  aspect f1=0.4356, opinion f1=0.0000, sentiment acc==0.0000, sentiment f1==0.0000, ABSA f1==0.0000,
Current Max Metrics Index : 12 Current Min Loss Index : 12 Epoch Time: 0m 12s Tau : 0.60

-------------------------------------Iter18-------------------------------------
Train: final loss=0.737258, aspect loss=0.044811, opinion loss=0.000000, domain loss=0.692507, sentiment loss=0.000000, reg loss=0.000000, step=27398
Dev:   final loss=0.205867, aspect loss=0.205867, opinion loss=0.000000, sentiment loss=0.000000, reg loss=0.000000, step=27398
Dev:   aspect f1=0.4418, opinion f1=0.0000, sentiment acc==0.0000, sentiment f1==0.0000, ABSA f1==0.0000,
Test:  aspect f1=0.4418, opinion f1=0.0000, sentiment acc==0.0000, sentiment f1==0.0000, ABSA f1==0.0000,
Current Max Metrics Index : 12 Current Min Loss Index : 12 Epoch Time: 0m 12s Tau : 0.58

-------------------------------------Iter19-------------------------------------
Train: final loss=0.736966, aspect loss=0.043900, opinion loss=0.000000, domain loss=0.693115, sentiment loss=0.000000, reg loss=0.000000, step=28840
Dev:   final loss=0.191041, aspect loss=0.191041, opinion loss=0.000000, sentiment loss=0.000000, reg loss=0.000000, step=28840
Dev:   aspect f1=0.4466, opinion f1=0.0000, sentiment acc==0.0000, sentiment f1==0.0000, ABSA f1==0.0000,
Test:  aspect f1=0.4466, opinion f1=0.0000, sentiment acc==0.0000, sentiment f1==0.0000, ABSA f1==0.0000,
Current Max Metrics Index : 12 Current Min Loss Index : 12 Epoch Time: 0m 12s Tau : 0.57

-------------------------------------Iter20-------------------------------------
Train: final loss=0.735513, aspect loss=0.042849, opinion loss=0.000000, domain loss=0.692391, sentiment loss=0.000000, reg loss=0.000000, step=30282
Dev:   final loss=0.185063, aspect loss=0.185063, opinion loss=0.000000, sentiment loss=0.000000, reg loss=0.000000, step=30282
Dev:   aspect f1=0.4428, opinion f1=0.0000, sentiment acc==0.0000, sentiment f1==0.0000, ABSA f1==0.0000,
Test:  aspect f1=0.4428, opinion f1=0.0000, sentiment acc==0.0000, sentiment f1==0.0000, ABSA f1==0.0000,
Current Max Metrics Index : 12 Current Min Loss Index : 12 Epoch Time: 0m 12s Tau : 0.55

-------------------------------------Iter21-------------------------------------
Train: final loss=0.735692, aspect loss=0.041852, opinion loss=0.000000, domain loss=0.693849, sentiment loss=0.000000, reg loss=0.000000, step=31724
Dev:   final loss=0.198134, aspect loss=0.198134, opinion loss=0.000000, sentiment loss=0.000000, reg loss=0.000000, step=31724
Dev:   aspect f1=0.4365, opinion f1=0.0000, sentiment acc==0.0000, sentiment f1==0.0000, ABSA f1==0.0000,
Test:  aspect f1=0.4365, opinion f1=0.0000, sentiment acc==0.0000, sentiment f1==0.0000, ABSA f1==0.0000,
Current Max Metrics Index : 12 Current Min Loss Index : 12 Epoch Time: 0m 12s Tau : 0.53

-------------------------------------Iter22-------------------------------------
Train: final loss=0.735505, aspect loss=0.042149, opinion loss=0.000000, domain loss=0.693202, sentiment loss=0.000000, reg loss=0.000000, step=33166
Dev:   final loss=0.214450, aspect loss=0.214450, opinion loss=0.000000, sentiment loss=0.000000, reg loss=0.000000, step=33166
Dev:   aspect f1=0.4400, opinion f1=0.0000, sentiment acc==0.0000, sentiment f1==0.0000, ABSA f1==0.0000,
Test:  aspect f1=0.4400, opinion f1=0.0000, sentiment acc==0.0000, sentiment f1==0.0000, ABSA f1==0.0000,
Current Max Metrics Index : 12 Current Min Loss Index : 12 Epoch Time: 0m 12s Tau : 0.52

-------------------------------------Iter23-------------------------------------
Train: final loss=0.733640, aspect loss=0.040476, opinion loss=0.000000, domain loss=0.693080, sentiment loss=0.000000, reg loss=0.000000, step=34608
Dev:   final loss=0.195947, aspect loss=0.195947, opinion loss=0.000000, sentiment loss=0.000000, reg loss=0.000000, step=34608
Dev:   aspect f1=0.4354, opinion f1=0.0000, sentiment acc==0.0000, sentiment f1==0.0000, ABSA f1==0.0000,
Test:  aspect f1=0.4354, opinion f1=0.0000, sentiment acc==0.0000, sentiment f1==0.0000, ABSA f1==0.0000,
Current Max Metrics Index : 12 Current Min Loss Index : 12 Epoch Time: 0m 12s Tau : 0.50

-------------------------------------Iter24-------------------------------------
Train: final loss=0.732404, aspect loss=0.039072, opinion loss=0.000000, domain loss=0.693070, sentiment loss=0.000000, reg loss=0.000000, step=36050
Dev:   final loss=0.215188, aspect loss=0.215188, opinion loss=0.000000, sentiment loss=0.000000, reg loss=0.000000, step=36050
Dev:   aspect f1=0.4297, opinion f1=0.0000, sentiment acc==0.0000, sentiment f1==0.0000, ABSA f1==0.0000,
Test:  aspect f1=0.4297, opinion f1=0.0000, sentiment acc==0.0000, sentiment f1==0.0000, ABSA f1==0.0000,
Current Max Metrics Index : 12 Current Min Loss Index : 12 Epoch Time: 0m 12s Tau : 0.49

-------------------------------------Iter25-------------------------------------
Train: final loss=0.732819, aspect loss=0.039137, opinion loss=0.000000, domain loss=0.693686, sentiment loss=0.000000, reg loss=0.000000, step=37492
Dev:   final loss=0.191169, aspect loss=0.191169, opinion loss=0.000000, sentiment loss=0.000000, reg loss=0.000000, step=37492
Dev:   aspect f1=0.4455, opinion f1=0.0000, sentiment acc==0.0000, sentiment f1==0.0000, ABSA f1==0.0000,
Test:  aspect f1=0.4455, opinion f1=0.0000, sentiment acc==0.0000, sentiment f1==0.0000, ABSA f1==0.0000,
Current Max Metrics Index : 12 Current Min Loss Index : 12 Epoch Time: 0m 12s Tau : 0.47

-------------------------------------Iter26-------------------------------------
Train: final loss=0.729715, aspect loss=0.037283, opinion loss=0.000000, domain loss=0.692435, sentiment loss=0.000000, reg loss=0.000000, step=38934
Dev:   final loss=0.215047, aspect loss=0.215047, opinion loss=0.000000, sentiment loss=0.000000, reg loss=0.000000, step=38934
Dev:   aspect f1=0.4237, opinion f1=0.0000, sentiment acc==0.0000, sentiment f1==0.0000, ABSA f1==0.0000,
Test:  aspect f1=0.4237, opinion f1=0.0000, sentiment acc==0.0000, sentiment f1==0.0000, ABSA f1==0.0000,
Current Max Metrics Index : 12 Current Min Loss Index : 12 Epoch Time: 0m 12s Tau : 0.46

-------------------------------------Iter27-------------------------------------
Train: final loss=0.728653, aspect loss=0.036374, opinion loss=0.000000, domain loss=0.692466, sentiment loss=0.000000, reg loss=0.000000, step=40376
Dev:   final loss=0.238877, aspect loss=0.238877, opinion loss=0.000000, sentiment loss=0.000000, reg loss=0.000000, step=40376
Dev:   aspect f1=0.4223, opinion f1=0.0000, sentiment acc==0.0000, sentiment f1==0.0000, ABSA f1==0.0000,
Test:  aspect f1=0.4223, opinion f1=0.0000, sentiment acc==0.0000, sentiment f1==0.0000, ABSA f1==0.0000,
Current Max Metrics Index : 12 Current Min Loss Index : 12 Epoch Time: 0m 12s Tau : 0.44

-------------------------------------Iter28-------------------------------------
Train: final loss=0.729799, aspect loss=0.036017, opinion loss=0.000000, domain loss=0.693769, sentiment loss=0.000000, reg loss=0.000000, step=41818
Dev:   final loss=0.209322, aspect loss=0.209322, opinion loss=0.000000, sentiment loss=0.000000, reg loss=0.000000, step=41818
Dev:   aspect f1=0.4287, opinion f1=0.0000, sentiment acc==0.0000, sentiment f1==0.0000, ABSA f1==0.0000,
Test:  aspect f1=0.4287, opinion f1=0.0000, sentiment acc==0.0000, sentiment f1==0.0000, ABSA f1==0.0000,
Current Max Metrics Index : 12 Current Min Loss Index : 12 Epoch Time: 0m 12s Tau : 0.43

-------------------------------------Iter29-------------------------------------
Train: final loss=0.729492, aspect loss=0.036089, opinion loss=0.000000, domain loss=0.693382, sentiment loss=0.000000, reg loss=0.000000, step=43260
Dev:   final loss=0.211040, aspect loss=0.211040, opinion loss=0.000000, sentiment loss=0.000000, reg loss=0.000000, step=43260
Dev:   aspect f1=0.4291, opinion f1=0.0000, sentiment acc==0.0000, sentiment f1==0.0000, ABSA f1==0.0000,
Test:  aspect f1=0.4291, opinion f1=0.0000, sentiment acc==0.0000, sentiment f1==0.0000, ABSA f1==0.0000,
Current Max Metrics Index : 12 Current Min Loss Index : 12 Epoch Time: 0m 12s Tau : 0.42

-------------------------------------Iter30-------------------------------------
Train: final loss=0.728356, aspect loss=0.034684, opinion loss=0.000000, domain loss=0.693695, sentiment loss=0.000000, reg loss=0.000000, step=44702
Dev:   final loss=0.211517, aspect loss=0.211517, opinion loss=0.000000, sentiment loss=0.000000, reg loss=0.000000, step=44702
Dev:   aspect f1=0.4449, opinion f1=0.0000, sentiment acc==0.0000, sentiment f1==0.0000, ABSA f1==0.0000,
Test:  aspect f1=0.4449, opinion f1=0.0000, sentiment acc==0.0000, sentiment f1==0.0000, ABSA f1==0.0000,
Current Max Metrics Index : 12 Current Min Loss Index : 12 Epoch Time: 0m 12s Tau : 0.41

-------------------------------------Iter31-------------------------------------
Train: final loss=0.727327, aspect loss=0.033953, opinion loss=0.000000, domain loss=0.693471, sentiment loss=0.000000, reg loss=0.000000, step=46144
Dev:   final loss=0.207945, aspect loss=0.207945, opinion loss=0.000000, sentiment loss=0.000000, reg loss=0.000000, step=46144
Dev:   aspect f1=0.4382, opinion f1=0.0000, sentiment acc==0.0000, sentiment f1==0.0000, ABSA f1==0.0000,
Test:  aspect f1=0.4382, opinion f1=0.0000, sentiment acc==0.0000, sentiment f1==0.0000, ABSA f1==0.0000,
Current Max Metrics Index : 12 Current Min Loss Index : 12 Epoch Time: 0m 12s Tau : 0.39

-------------------------------------Iter32-------------------------------------
Train: final loss=0.727247, aspect loss=0.033877, opinion loss=0.000000, domain loss=0.693416, sentiment loss=0.000000, reg loss=0.000000, step=47586
Dev:   final loss=0.239343, aspect loss=0.239343, opinion loss=0.000000, sentiment loss=0.000000, reg loss=0.000000, step=47586
Dev:   aspect f1=0.4136, opinion f1=0.0000, sentiment acc==0.0000, sentiment f1==0.0000, ABSA f1==0.0000,
Test:  aspect f1=0.4136, opinion f1=0.0000, sentiment acc==0.0000, sentiment f1==0.0000, ABSA f1==0.0000,
Current Max Metrics Index : 12 Current Min Loss Index : 12 Epoch Time: 0m 12s Tau : 0.38

-------------------------------------Iter33-------------------------------------
Train: final loss=0.727118, aspect loss=0.033432, opinion loss=0.000000, domain loss=0.693688, sentiment loss=0.000000, reg loss=0.000000, step=49028
Dev:   final loss=0.239645, aspect loss=0.239645, opinion loss=0.000000, sentiment loss=0.000000, reg loss=0.000000, step=49028
Dev:   aspect f1=0.4206, opinion f1=0.0000, sentiment acc==0.0000, sentiment f1==0.0000, ABSA f1==0.0000,
Test:  aspect f1=0.4206, opinion f1=0.0000, sentiment acc==0.0000, sentiment f1==0.0000, ABSA f1==0.0000,
Current Max Metrics Index : 12 Current Min Loss Index : 12 Epoch Time: 0m 12s Tau : 0.37

-------------------------------------Iter34-------------------------------------
Train: final loss=0.726197, aspect loss=0.032703, opinion loss=0.000000, domain loss=0.693472, sentiment loss=0.000000, reg loss=0.000000, step=50470
Dev:   final loss=0.218800, aspect loss=0.218800, opinion loss=0.000000, sentiment loss=0.000000, reg loss=0.000000, step=50470
Dev:   aspect f1=0.4202, opinion f1=0.0000, sentiment acc==0.0000, sentiment f1==0.0000, ABSA f1==0.0000,
Test:  aspect f1=0.4202, opinion f1=0.0000, sentiment acc==0.0000, sentiment f1==0.0000, ABSA f1==0.0000,
Current Max Metrics Index : 12 Current Min Loss Index : 12 Epoch Time: 0m 12s Tau : 0.36

-------------------------------------Iter35-------------------------------------
Train: final loss=0.725993, aspect loss=0.032351, opinion loss=0.000000, domain loss=0.693654, sentiment loss=0.000000, reg loss=0.000000, step=51912
Dev:   final loss=0.237454, aspect loss=0.237454, opinion loss=0.000000, sentiment loss=0.000000, reg loss=0.000000, step=51912
Dev:   aspect f1=0.4164, opinion f1=0.0000, sentiment acc==0.0000, sentiment f1==0.0000, ABSA f1==0.0000,
Test:  aspect f1=0.4164, opinion f1=0.0000, sentiment acc==0.0000, sentiment f1==0.0000, ABSA f1==0.0000,
Current Max Metrics Index : 12 Current Min Loss Index : 12 Epoch Time: 0m 12s Tau : 0.35

-------------------------------------Iter36-------------------------------------
Train: final loss=0.724847, aspect loss=0.031574, opinion loss=0.000000, domain loss=0.693367, sentiment loss=0.000000, reg loss=0.000000, step=53354
Dev:   final loss=0.204578, aspect loss=0.204578, opinion loss=0.000000, sentiment loss=0.000000, reg loss=0.000000, step=53354
Dev:   aspect f1=0.4369, opinion f1=0.0000, sentiment acc==0.0000, sentiment f1==0.0000, ABSA f1==0.0000,
Test:  aspect f1=0.4369, opinion f1=0.0000, sentiment acc==0.0000, sentiment f1==0.0000, ABSA f1==0.0000,
Current Max Metrics Index : 12 Current Min Loss Index : 12 Epoch Time: 0m 12s Tau : 0.34

-------------------------------------Iter37-------------------------------------
Train: final loss=0.724747, aspect loss=0.031432, opinion loss=0.000000, domain loss=0.693223, sentiment loss=0.000000, reg loss=0.000000, step=54796
Dev:   final loss=0.202642, aspect loss=0.202642, opinion loss=0.000000, sentiment loss=0.000000, reg loss=0.000000, step=54796
Dev:   aspect f1=0.4435, opinion f1=0.0000, sentiment acc==0.0000, sentiment f1==0.0000, ABSA f1==0.0000,
Test:  aspect f1=0.4435, opinion f1=0.0000, sentiment acc==0.0000, sentiment f1==0.0000, ABSA f1==0.0000,
Current Max Metrics Index : 12 Current Min Loss Index : 12 Epoch Time: 0m 12s Tau : 0.33

-------------------------------------Iter38-------------------------------------
Train: final loss=0.724893, aspect loss=0.031436, opinion loss=0.000000, domain loss=0.693191, sentiment loss=0.000000, reg loss=0.000000, step=56238
Dev:   final loss=0.252449, aspect loss=0.252449, opinion loss=0.000000, sentiment loss=0.000000, reg loss=0.000000, step=56238
Dev:   aspect f1=0.4153, opinion f1=0.0000, sentiment acc==0.0000, sentiment f1==0.0000, ABSA f1==0.0000,
Test:  aspect f1=0.4153, opinion f1=0.0000, sentiment acc==0.0000, sentiment f1==0.0000, ABSA f1==0.0000,
Current Max Metrics Index : 12 Current Min Loss Index : 12 Epoch Time: 0m 12s Tau : 0.32

-------------------------------------Iter39-------------------------------------
Train: final loss=0.723222, aspect loss=0.030272, opinion loss=0.000000, domain loss=0.692807, sentiment loss=0.000000, reg loss=0.000000, step=57680
Dev:   final loss=0.229007, aspect loss=0.229007, opinion loss=0.000000, sentiment loss=0.000000, reg loss=0.000000, step=57680
Dev:   aspect f1=0.4241, opinion f1=0.0000, sentiment acc==0.0000, sentiment f1==0.0000, ABSA f1==0.0000,
Test:  aspect f1=0.4241, opinion f1=0.0000, sentiment acc==0.0000, sentiment f1==0.0000, ABSA f1==0.0000,
Current Max Metrics Index : 12 Current Min Loss Index : 12 Epoch Time: 0m 12s Tau : 0.31

-------------------------------------Iter40-------------------------------------
Train: final loss=0.723312, aspect loss=0.030091, opinion loss=0.000000, domain loss=0.693206, sentiment loss=0.000000, reg loss=0.000000, step=59122
Dev:   final loss=0.262475, aspect loss=0.262475, opinion loss=0.000000, sentiment loss=0.000000, reg loss=0.000000, step=59122
Dev:   aspect f1=0.4122, opinion f1=0.0000, sentiment acc==0.0000, sentiment f1==0.0000, ABSA f1==0.0000,
Test:  aspect f1=0.4122, opinion f1=0.0000, sentiment acc==0.0000, sentiment f1==0.0000, ABSA f1==0.0000,
Current Max Metrics Index : 12 Current Min Loss Index : 12 Epoch Time: 0m 12s Tau : 0.30

-------------------------------------Iter41-------------------------------------
Train: final loss=0.722099, aspect loss=0.029261, opinion loss=0.000000, domain loss=0.692881, sentiment loss=0.000000, reg loss=0.000000, step=60564
Dev:   final loss=0.243122, aspect loss=0.243122, opinion loss=0.000000, sentiment loss=0.000000, reg loss=0.000000, step=60564
Dev:   aspect f1=0.4267, opinion f1=0.0000, sentiment acc==0.0000, sentiment f1==0.0000, ABSA f1==0.0000,
Test:  aspect f1=0.4267, opinion f1=0.0000, sentiment acc==0.0000, sentiment f1==0.0000, ABSA f1==0.0000,
Current Max Metrics Index : 12 Current Min Loss Index : 12 Epoch Time: 0m 12s Tau : 0.29

-------------------------------------Iter42-------------------------------------
Train: final loss=0.722963, aspect loss=0.029328, opinion loss=0.000000, domain loss=0.693752, sentiment loss=0.000000, reg loss=0.000000, step=62006
Dev:   final loss=0.250409, aspect loss=0.250409, opinion loss=0.000000, sentiment loss=0.000000, reg loss=0.000000, step=62006
Dev:   aspect f1=0.4161, opinion f1=0.0000, sentiment acc==0.0000, sentiment f1==0.0000, ABSA f1==0.0000,
Test:  aspect f1=0.4161, opinion f1=0.0000, sentiment acc==0.0000, sentiment f1==0.0000, ABSA f1==0.0000,
Current Max Metrics Index : 12 Current Min Loss Index : 12 Epoch Time: 0m 12s Tau : 0.28

-------------------------------------Iter43-------------------------------------
Train: final loss=0.721944, aspect loss=0.028749, opinion loss=0.000000, domain loss=0.693105, sentiment loss=0.000000, reg loss=0.000000, step=63448
Dev:   final loss=0.256028, aspect loss=0.256028, opinion loss=0.000000, sentiment loss=0.000000, reg loss=0.000000, step=63448
Dev:   aspect f1=0.4145, opinion f1=0.0000, sentiment acc==0.0000, sentiment f1==0.0000, ABSA f1==0.0000,
Test:  aspect f1=0.4145, opinion f1=0.0000, sentiment acc==0.0000, sentiment f1==0.0000, ABSA f1==0.0000,
Current Max Metrics Index : 12 Current Min Loss Index : 12 Epoch Time: 0m 12s Tau : 0.28

-------------------------------------Iter44-------------------------------------
Train: final loss=0.722192, aspect loss=0.028832, opinion loss=0.000000, domain loss=0.693388, sentiment loss=0.000000, reg loss=0.000000, step=64890
Dev:   final loss=0.250201, aspect loss=0.250201, opinion loss=0.000000, sentiment loss=0.000000, reg loss=0.000000, step=64890
Dev:   aspect f1=0.4185, opinion f1=0.0000, sentiment acc==0.0000, sentiment f1==0.0000, ABSA f1==0.0000,
Test:  aspect f1=0.4185, opinion f1=0.0000, sentiment acc==0.0000, sentiment f1==0.0000, ABSA f1==0.0000,
Current Max Metrics Index : 12 Current Min Loss Index : 12 Epoch Time: 0m 12s Tau : 0.27

-------------------------------------Iter45-------------------------------------
Train: final loss=0.720687, aspect loss=0.027413, opinion loss=0.000000, domain loss=0.693253, sentiment loss=0.000000, reg loss=0.000000, step=66332
Dev:   final loss=0.250960, aspect loss=0.250960, opinion loss=0.000000, sentiment loss=0.000000, reg loss=0.000000, step=66332
Dev:   aspect f1=0.4165, opinion f1=0.0000, sentiment acc==0.0000, sentiment f1==0.0000, ABSA f1==0.0000,
Test:  aspect f1=0.4165, opinion f1=0.0000, sentiment acc==0.0000, sentiment f1==0.0000, ABSA f1==0.0000,
Current Max Metrics Index : 12 Current Min Loss Index : 12 Epoch Time: 0m 12s Tau : 0.26

-------------------------------------Iter46-------------------------------------
Train: final loss=0.720390, aspect loss=0.027410, opinion loss=0.000000, domain loss=0.692809, sentiment loss=0.000000, reg loss=0.000000, step=67774
Dev:   final loss=0.258526, aspect loss=0.258526, opinion loss=0.000000, sentiment loss=0.000000, reg loss=0.000000, step=67774
Dev:   aspect f1=0.4293, opinion f1=0.0000, sentiment acc==0.0000, sentiment f1==0.0000, ABSA f1==0.0000,
Test:  aspect f1=0.4293, opinion f1=0.0000, sentiment acc==0.0000, sentiment f1==0.0000, ABSA f1==0.0000,
Current Max Metrics Index : 12 Current Min Loss Index : 12 Epoch Time: 0m 12s Tau : 0.25

-------------------------------------Iter47-------------------------------------
Train: final loss=0.718956, aspect loss=0.025694, opinion loss=0.000000, domain loss=0.693207, sentiment loss=0.000000, reg loss=0.000000, step=69216
Dev:   final loss=0.246281, aspect loss=0.246281, opinion loss=0.000000, sentiment loss=0.000000, reg loss=0.000000, step=69216
Dev:   aspect f1=0.4280, opinion f1=0.0000, sentiment acc==0.0000, sentiment f1==0.0000, ABSA f1==0.0000,
Test:  aspect f1=0.4280, opinion f1=0.0000, sentiment acc==0.0000, sentiment f1==0.0000, ABSA f1==0.0000,
Current Max Metrics Index : 12 Current Min Loss Index : 12 Epoch Time: 0m 12s Tau : 0.24

-------------------------------------Iter48-------------------------------------
Train: final loss=0.719319, aspect loss=0.025914, opinion loss=0.000000, domain loss=0.693350, sentiment loss=0.000000, reg loss=0.000000, step=70658
Dev:   final loss=0.238072, aspect loss=0.238072, opinion loss=0.000000, sentiment loss=0.000000, reg loss=0.000000, step=70658
Dev:   aspect f1=0.4185, opinion f1=0.0000, sentiment acc==0.0000, sentiment f1==0.0000, ABSA f1==0.0000,
Test:  aspect f1=0.4185, opinion f1=0.0000, sentiment acc==0.0000, sentiment f1==0.0000, ABSA f1==0.0000,
Current Max Metrics Index : 12 Current Min Loss Index : 12 Epoch Time: 0m 12s Tau : 0.24

-------------------------------------Iter49-------------------------------------
Train: final loss=0.718924, aspect loss=0.026271, opinion loss=0.000000, domain loss=0.692506, sentiment loss=0.000000, reg loss=0.000000, step=72100
Dev:   final loss=0.259592, aspect loss=0.259592, opinion loss=0.000000, sentiment loss=0.000000, reg loss=0.000000, step=72100
Dev:   aspect f1=0.4170, opinion f1=0.0000, sentiment acc==0.0000, sentiment f1==0.0000, ABSA f1==0.0000,
Test:  aspect f1=0.4170, opinion f1=0.0000, sentiment acc==0.0000, sentiment f1==0.0000, ABSA f1==0.0000,
Current Max Metrics Index : 12 Current Min Loss Index : 12 Epoch Time: 0m 12s Tau : 0.23

-------------------------------------Iter50-------------------------------------
Train: final loss=0.718908, aspect loss=0.025343, opinion loss=0.000000, domain loss=0.693260, sentiment loss=0.000000, reg loss=0.000000, step=73542
Dev:   final loss=0.246290, aspect loss=0.246290, opinion loss=0.000000, sentiment loss=0.000000, reg loss=0.000000, step=73542
Dev:   aspect f1=0.4187, opinion f1=0.0000, sentiment acc==0.0000, sentiment f1==0.0000, ABSA f1==0.0000,
Test:  aspect f1=0.4187, opinion f1=0.0000, sentiment acc==0.0000, sentiment f1==0.0000, ABSA f1==0.0000,
Current Max Metrics Index : 12 Current Min Loss Index : 12 Epoch Time: 0m 12s Tau : 0.22

-------------------------------------Iter51-------------------------------------
Train: final loss=0.719212, aspect loss=0.025548, opinion loss=0.000000, domain loss=0.693691, sentiment loss=0.000000, reg loss=0.000000, step=74984
Dev:   final loss=0.241642, aspect loss=0.241642, opinion loss=0.000000, sentiment loss=0.000000, reg loss=0.000000, step=74984
Dev:   aspect f1=0.4189, opinion f1=0.0000, sentiment acc==0.0000, sentiment f1==0.0000, ABSA f1==0.0000,
Test:  aspect f1=0.4189, opinion f1=0.0000, sentiment acc==0.0000, sentiment f1==0.0000, ABSA f1==0.0000,
Current Max Metrics Index : 12 Current Min Loss Index : 12 Epoch Time: 0m 12s Tau : 0.22

-------------------------------------Iter52-------------------------------------
Train: final loss=0.719596, aspect loss=0.025731, opinion loss=0.000000, domain loss=0.693836, sentiment loss=0.000000, reg loss=0.000000, step=76426
Dev:   final loss=0.266052, aspect loss=0.266052, opinion loss=0.000000, sentiment loss=0.000000, reg loss=0.000000, step=76426
Dev:   aspect f1=0.4153, opinion f1=0.0000, sentiment acc==0.0000, sentiment f1==0.0000, ABSA f1==0.0000,
Test:  aspect f1=0.4153, opinion f1=0.0000, sentiment acc==0.0000, sentiment f1==0.0000, ABSA f1==0.0000,
Current Max Metrics Index : 12 Current Min Loss Index : 12 Epoch Time: 0m 12s Tau : 0.21

-------------------------------------Iter53-------------------------------------
Train: final loss=0.718164, aspect loss=0.024627, opinion loss=0.000000, domain loss=0.693482, sentiment loss=0.000000, reg loss=0.000000, step=77868
Dev:   final loss=0.277903, aspect loss=0.277903, opinion loss=0.000000, sentiment loss=0.000000, reg loss=0.000000, step=77868
Dev:   aspect f1=0.4229, opinion f1=0.0000, sentiment acc==0.0000, sentiment f1==0.0000, ABSA f1==0.0000,
Test:  aspect f1=0.4229, opinion f1=0.0000, sentiment acc==0.0000, sentiment f1==0.0000, ABSA f1==0.0000,
Current Max Metrics Index : 12 Current Min Loss Index : 12 Epoch Time: 0m 12s Tau : 0.20

-------------------------------------Iter54-------------------------------------
Train: final loss=0.717133, aspect loss=0.023754, opinion loss=0.000000, domain loss=0.693402, sentiment loss=0.000000, reg loss=0.000000, step=79310
Dev:   final loss=0.307783, aspect loss=0.307783, opinion loss=0.000000, sentiment loss=0.000000, reg loss=0.000000, step=79310
Dev:   aspect f1=0.4169, opinion f1=0.0000, sentiment acc==0.0000, sentiment f1==0.0000, ABSA f1==0.0000,
Test:  aspect f1=0.4169, opinion f1=0.0000, sentiment acc==0.0000, sentiment f1==0.0000, ABSA f1==0.0000,
Current Max Metrics Index : 12 Current Min Loss Index : 12 Epoch Time: 0m 12s Tau : 0.20

-------------------------------------Iter55-------------------------------------
Train: final loss=0.716621, aspect loss=0.023576, opinion loss=0.000000, domain loss=0.693094, sentiment loss=0.000000, reg loss=0.000000, step=80752
Dev:   final loss=0.261492, aspect loss=0.261492, opinion loss=0.000000, sentiment loss=0.000000, reg loss=0.000000, step=80752
Dev:   aspect f1=0.4222, opinion f1=0.0000, sentiment acc==0.0000, sentiment f1==0.0000, ABSA f1==0.0000,
Test:  aspect f1=0.4222, opinion f1=0.0000, sentiment acc==0.0000, sentiment f1==0.0000, ABSA f1==0.0000,
Current Max Metrics Index : 12 Current Min Loss Index : 12 Epoch Time: 0m 12s Tau : 0.19

-------------------------------------Iter56-------------------------------------
Train: final loss=0.717408, aspect loss=0.024328, opinion loss=0.000000, domain loss=0.693064, sentiment loss=0.000000, reg loss=0.000000, step=82194
Dev:   final loss=0.249341, aspect loss=0.249341, opinion loss=0.000000, sentiment loss=0.000000, reg loss=0.000000, step=82194
Dev:   aspect f1=0.4233, opinion f1=0.0000, sentiment acc==0.0000, sentiment f1==0.0000, ABSA f1==0.0000,
Test:  aspect f1=0.4233, opinion f1=0.0000, sentiment acc==0.0000, sentiment f1==0.0000, ABSA f1==0.0000,
Current Max Metrics Index : 12 Current Min Loss Index : 12 Epoch Time: 0m 12s Tau : 0.19

-------------------------------------Iter57-------------------------------------
Train: final loss=0.716633, aspect loss=0.023808, opinion loss=0.000000, domain loss=0.692721, sentiment loss=0.000000, reg loss=0.000000, step=83636
Dev:   final loss=0.245468, aspect loss=0.245468, opinion loss=0.000000, sentiment loss=0.000000, reg loss=0.000000, step=83636
Dev:   aspect f1=0.4263, opinion f1=0.0000, sentiment acc==0.0000, sentiment f1==0.0000, ABSA f1==0.0000,
Test:  aspect f1=0.4263, opinion f1=0.0000, sentiment acc==0.0000, sentiment f1==0.0000, ABSA f1==0.0000,
Current Max Metrics Index : 12 Current Min Loss Index : 12 Epoch Time: 0m 12s Tau : 0.18

-------------------------------------Iter58-------------------------------------
Train: final loss=0.716714, aspect loss=0.023230, opinion loss=0.000000, domain loss=0.693301, sentiment loss=0.000000, reg loss=0.000000, step=85078
Dev:   final loss=0.263541, aspect loss=0.263541, opinion loss=0.000000, sentiment loss=0.000000, reg loss=0.000000, step=85078
Dev:   aspect f1=0.4223, opinion f1=0.0000, sentiment acc==0.0000, sentiment f1==0.0000, ABSA f1==0.0000,
Test:  aspect f1=0.4223, opinion f1=0.0000, sentiment acc==0.0000, sentiment f1==0.0000, ABSA f1==0.0000,
Current Max Metrics Index : 12 Current Min Loss Index : 12 Epoch Time: 0m 12s Tau : 0.18

-------------------------------------Iter59-------------------------------------
Train: final loss=0.716074, aspect loss=0.022770, opinion loss=0.000000, domain loss=0.693167, sentiment loss=0.000000, reg loss=0.000000, step=86520
Dev:   final loss=0.255551, aspect loss=0.255551, opinion loss=0.000000, sentiment loss=0.000000, reg loss=0.000000, step=86520
Dev:   aspect f1=0.4166, opinion f1=0.0000, sentiment acc==0.0000, sentiment f1==0.0000, ABSA f1==0.0000,
Test:  aspect f1=0.4166, opinion f1=0.0000, sentiment acc==0.0000, sentiment f1==0.0000, ABSA f1==0.0000,
Current Max Metrics Index : 12 Current Min Loss Index : 12 Epoch Time: 0m 12s Tau : 0.17

-------------------------------------Iter60-------------------------------------
Train: final loss=0.715859, aspect loss=0.022523, opinion loss=0.000000, domain loss=0.693364, sentiment loss=0.000000, reg loss=0.000000, step=87962
Dev:   final loss=0.292315, aspect loss=0.292315, opinion loss=0.000000, sentiment loss=0.000000, reg loss=0.000000, step=87962
Dev:   aspect f1=0.4200, opinion f1=0.0000, sentiment acc==0.0000, sentiment f1==0.0000, ABSA f1==0.0000,
Test:  aspect f1=0.4200, opinion f1=0.0000, sentiment acc==0.0000, sentiment f1==0.0000, ABSA f1==0.0000,
Current Max Metrics Index : 12 Current Min Loss Index : 12 Epoch Time: 0m 12s Tau : 0.17

-------------------------------------Iter61-------------------------------------
Train: final loss=0.715144, aspect loss=0.022457, opinion loss=0.000000, domain loss=0.692596, sentiment loss=0.000000, reg loss=0.000000, step=89404
Dev:   final loss=0.258332, aspect loss=0.258332, opinion loss=0.000000, sentiment loss=0.000000, reg loss=0.000000, step=89404
Dev:   aspect f1=0.4277, opinion f1=0.0000, sentiment acc==0.0000, sentiment f1==0.0000, ABSA f1==0.0000,
Test:  aspect f1=0.4277, opinion f1=0.0000, sentiment acc==0.0000, sentiment f1==0.0000, ABSA f1==0.0000,
Current Max Metrics Index : 12 Current Min Loss Index : 12 Epoch Time: 0m 12s Tau : 0.16

-------------------------------------Iter62-------------------------------------
Train: final loss=0.715668, aspect loss=0.022671, opinion loss=0.000000, domain loss=0.692970, sentiment loss=0.000000, reg loss=0.000000, step=90846
Dev:   final loss=0.259084, aspect loss=0.259084, opinion loss=0.000000, sentiment loss=0.000000, reg loss=0.000000, step=90846
Dev:   aspect f1=0.4287, opinion f1=0.0000, sentiment acc==0.0000, sentiment f1==0.0000, ABSA f1==0.0000,
Test:  aspect f1=0.4287, opinion f1=0.0000, sentiment acc==0.0000, sentiment f1==0.0000, ABSA f1==0.0000,
Current Max Metrics Index : 12 Current Min Loss Index : 12 Epoch Time: 0m 12s Tau : 0.16

-------------------------------------Iter63-------------------------------------
Train: final loss=0.716356, aspect loss=0.022466, opinion loss=0.000000, domain loss=0.693721, sentiment loss=0.000000, reg loss=0.000000, step=92288
Dev:   final loss=0.257003, aspect loss=0.257003, opinion loss=0.000000, sentiment loss=0.000000, reg loss=0.000000, step=92288
Dev:   aspect f1=0.4292, opinion f1=0.0000, sentiment acc==0.0000, sentiment f1==0.0000, ABSA f1==0.0000,
Test:  aspect f1=0.4292, opinion f1=0.0000, sentiment acc==0.0000, sentiment f1==0.0000, ABSA f1==0.0000,
Current Max Metrics Index : 12 Current Min Loss Index : 12 Epoch Time: 0m 12s Tau : 0.15

-------------------------------------Iter64-------------------------------------
Train: final loss=0.714819, aspect loss=0.021664, opinion loss=0.000000, domain loss=0.693218, sentiment loss=0.000000, reg loss=0.000000, step=93730
Dev:   final loss=0.271012, aspect loss=0.271012, opinion loss=0.000000, sentiment loss=0.000000, reg loss=0.000000, step=93730
Dev:   aspect f1=0.4091, opinion f1=0.0000, sentiment acc==0.0000, sentiment f1==0.0000, ABSA f1==0.0000,
Test:  aspect f1=0.4091, opinion f1=0.0000, sentiment acc==0.0000, sentiment f1==0.0000, ABSA f1==0.0000,
Current Max Metrics Index : 12 Current Min Loss Index : 12 Epoch Time: 0m 12s Tau : 0.15

-------------------------------------Iter65-------------------------------------
Train: final loss=0.714649, aspect loss=0.021419, opinion loss=0.000000, domain loss=0.693295, sentiment loss=0.000000, reg loss=0.000000, step=95172
Dev:   final loss=0.279617, aspect loss=0.279617, opinion loss=0.000000, sentiment loss=0.000000, reg loss=0.000000, step=95172
Dev:   aspect f1=0.4194, opinion f1=0.0000, sentiment acc==0.0000, sentiment f1==0.0000, ABSA f1==0.0000,
Test:  aspect f1=0.4194, opinion f1=0.0000, sentiment acc==0.0000, sentiment f1==0.0000, ABSA f1==0.0000,
Current Max Metrics Index : 12 Current Min Loss Index : 12 Epoch Time: 0m 12s Tau : 0.14

-------------------------------------Iter66-------------------------------------
Train: final loss=0.714720, aspect loss=0.020957, opinion loss=0.000000, domain loss=0.693700, sentiment loss=0.000000, reg loss=0.000000, step=96614
Dev:   final loss=0.287329, aspect loss=0.287329, opinion loss=0.000000, sentiment loss=0.000000, reg loss=0.000000, step=96614
Dev:   aspect f1=0.4175, opinion f1=0.0000, sentiment acc==0.0000, sentiment f1==0.0000, ABSA f1==0.0000,
Test:  aspect f1=0.4175, opinion f1=0.0000, sentiment acc==0.0000, sentiment f1==0.0000, ABSA f1==0.0000,
Current Max Metrics Index : 12 Current Min Loss Index : 12 Epoch Time: 0m 12s Tau : 0.14

-------------------------------------Iter67-------------------------------------
Train: final loss=0.714691, aspect loss=0.021430, opinion loss=0.000000, domain loss=0.693264, sentiment loss=0.000000, reg loss=0.000000, step=98056
Dev:   final loss=0.261103, aspect loss=0.261103, opinion loss=0.000000, sentiment loss=0.000000, reg loss=0.000000, step=98056
Dev:   aspect f1=0.4250, opinion f1=0.0000, sentiment acc==0.0000, sentiment f1==0.0000, ABSA f1==0.0000,
Test:  aspect f1=0.4250, opinion f1=0.0000, sentiment acc==0.0000, sentiment f1==0.0000, ABSA f1==0.0000,
Current Max Metrics Index : 12 Current Min Loss Index : 12 Epoch Time: 0m 12s Tau : 0.13

-------------------------------------Iter68-------------------------------------
Train: final loss=0.713634, aspect loss=0.020204, opinion loss=0.000000, domain loss=0.693411, sentiment loss=0.000000, reg loss=0.000000, step=99498
Dev:   final loss=0.262371, aspect loss=0.262371, opinion loss=0.000000, sentiment loss=0.000000, reg loss=0.000000, step=99498
Dev:   aspect f1=0.4285, opinion f1=0.0000, sentiment acc==0.0000, sentiment f1==0.0000, ABSA f1==0.0000,
Test:  aspect f1=0.4285, opinion f1=0.0000, sentiment acc==0.0000, sentiment f1==0.0000, ABSA f1==0.0000,
Current Max Metrics Index : 12 Current Min Loss Index : 12 Epoch Time: 0m 12s Tau : 0.13

-------------------------------------Iter69-------------------------------------
Train: final loss=0.713289, aspect loss=0.020583, opinion loss=0.000000, domain loss=0.692505, sentiment loss=0.000000, reg loss=0.000000, step=100940
Dev:   final loss=0.285811, aspect loss=0.285811, opinion loss=0.000000, sentiment loss=0.000000, reg loss=0.000000, step=100940
Dev:   aspect f1=0.4202, opinion f1=0.0000, sentiment acc==0.0000, sentiment f1==0.0000, ABSA f1==0.0000,
Test:  aspect f1=0.4202, opinion f1=0.0000, sentiment acc==0.0000, sentiment f1==0.0000, ABSA f1==0.0000,
Current Max Metrics Index : 12 Current Min Loss Index : 12 Epoch Time: 0m 12s Tau : 0.13

-------------------------------------Iter70-------------------------------------
Train: final loss=0.712936, aspect loss=0.019682, opinion loss=0.000000, domain loss=0.693155, sentiment loss=0.000000, reg loss=0.000000, step=102382
Dev:   final loss=0.305725, aspect loss=0.305725, opinion loss=0.000000, sentiment loss=0.000000, reg loss=0.000000, step=102382
Dev:   aspect f1=0.4143, opinion f1=0.0000, sentiment acc==0.0000, sentiment f1==0.0000, ABSA f1==0.0000,
Test:  aspect f1=0.4143, opinion f1=0.0000, sentiment acc==0.0000, sentiment f1==0.0000, ABSA f1==0.0000,
Current Max Metrics Index : 12 Current Min Loss Index : 12 Epoch Time: 0m 12s Tau : 0.12

-------------------------------------Iter71-------------------------------------
Train: final loss=0.714038, aspect loss=0.020446, opinion loss=0.000000, domain loss=0.693491, sentiment loss=0.000000, reg loss=0.000000, step=103824
Dev:   final loss=0.278889, aspect loss=0.278889, opinion loss=0.000000, sentiment loss=0.000000, reg loss=0.000000, step=103824
Dev:   aspect f1=0.4313, opinion f1=0.0000, sentiment acc==0.0000, sentiment f1==0.0000, ABSA f1==0.0000,
Test:  aspect f1=0.4313, opinion f1=0.0000, sentiment acc==0.0000, sentiment f1==0.0000, ABSA f1==0.0000,
Current Max Metrics Index : 12 Current Min Loss Index : 12 Epoch Time: 0m 12s Tau : 0.12

-------------------------------------Iter72-------------------------------------
Train: final loss=0.713662, aspect loss=0.020458, opinion loss=0.000000, domain loss=0.693111, sentiment loss=0.000000, reg loss=0.000000, step=105266
Dev:   final loss=0.295087, aspect loss=0.295087, opinion loss=0.000000, sentiment loss=0.000000, reg loss=0.000000, step=105266
Dev:   aspect f1=0.4276, opinion f1=0.0000, sentiment acc==0.0000, sentiment f1==0.0000, ABSA f1==0.0000,
Test:  aspect f1=0.4276, opinion f1=0.0000, sentiment acc==0.0000, sentiment f1==0.0000, ABSA f1==0.0000,
Current Max Metrics Index : 12 Current Min Loss Index : 12 Epoch Time: 0m 12s Tau : 0.12

-------------------------------------Iter73-------------------------------------
Train: final loss=0.713811, aspect loss=0.020682, opinion loss=0.000000, domain loss=0.693084, sentiment loss=0.000000, reg loss=0.000000, step=106708
Dev:   final loss=0.256431, aspect loss=0.256431, opinion loss=0.000000, sentiment loss=0.000000, reg loss=0.000000, step=106708
Dev:   aspect f1=0.4409, opinion f1=0.0000, sentiment acc==0.0000, sentiment f1==0.0000, ABSA f1==0.0000,
Test:  aspect f1=0.4409, opinion f1=0.0000, sentiment acc==0.0000, sentiment f1==0.0000, ABSA f1==0.0000,
Current Max Metrics Index : 12 Current Min Loss Index : 12 Epoch Time: 0m 12s Tau : 0.11

-------------------------------------Iter74-------------------------------------
Train: final loss=0.712656, aspect loss=0.019256, opinion loss=0.000000, domain loss=0.693435, sentiment loss=0.000000, reg loss=0.000000, step=108150
Dev:   final loss=0.314881, aspect loss=0.314881, opinion loss=0.000000, sentiment loss=0.000000, reg loss=0.000000, step=108150
Dev:   aspect f1=0.4079, opinion f1=0.0000, sentiment acc==0.0000, sentiment f1==0.0000, ABSA f1==0.0000,
Test:  aspect f1=0.4079, opinion f1=0.0000, sentiment acc==0.0000, sentiment f1==0.0000, ABSA f1==0.0000,
Current Max Metrics Index : 12 Current Min Loss Index : 12 Epoch Time: 0m 12s Tau : 0.11

-------------------------------------Iter75-------------------------------------
Train: final loss=0.713535, aspect loss=0.020062, opinion loss=0.000000, domain loss=0.693285, sentiment loss=0.000000, reg loss=0.000000, step=109592
Dev:   final loss=0.293289, aspect loss=0.293289, opinion loss=0.000000, sentiment loss=0.000000, reg loss=0.000000, step=109592
Dev:   aspect f1=0.4234, opinion f1=0.0000, sentiment acc==0.0000, sentiment f1==0.0000, ABSA f1==0.0000,
Test:  aspect f1=0.4234, opinion f1=0.0000, sentiment acc==0.0000, sentiment f1==0.0000, ABSA f1==0.0000,
Current Max Metrics Index : 12 Current Min Loss Index : 12 Epoch Time: 0m 12s Tau : 0.11

-------------------------------------Iter76-------------------------------------
Train: final loss=0.713386, aspect loss=0.020157, opinion loss=0.000000, domain loss=0.693208, sentiment loss=0.000000, reg loss=0.000000, step=111034
Dev:   final loss=0.307602, aspect loss=0.307602, opinion loss=0.000000, sentiment loss=0.000000, reg loss=0.000000, step=111034
Dev:   aspect f1=0.4122, opinion f1=0.0000, sentiment acc==0.0000, sentiment f1==0.0000, ABSA f1==0.0000,
Test:  aspect f1=0.4122, opinion f1=0.0000, sentiment acc==0.0000, sentiment f1==0.0000, ABSA f1==0.0000,
Current Max Metrics Index : 12 Current Min Loss Index : 12 Epoch Time: 0m 12s Tau : 0.10

-------------------------------------Iter77-------------------------------------
Train: final loss=0.712949, aspect loss=0.019854, opinion loss=0.000000, domain loss=0.692971, sentiment loss=0.000000, reg loss=0.000000, step=112476
Dev:   final loss=0.330085, aspect loss=0.330085, opinion loss=0.000000, sentiment loss=0.000000, reg loss=0.000000, step=112476
Dev:   aspect f1=0.4071, opinion f1=0.0000, sentiment acc==0.0000, sentiment f1==0.0000, ABSA f1==0.0000,
Test:  aspect f1=0.4071, opinion f1=0.0000, sentiment acc==0.0000, sentiment f1==0.0000, ABSA f1==0.0000,
Current Max Metrics Index : 12 Current Min Loss Index : 12 Epoch Time: 0m 12s Tau : 0.10

-------------------------------------Iter78-------------------------------------
Train: final loss=0.712203, aspect loss=0.019168, opinion loss=0.000000, domain loss=0.692983, sentiment loss=0.000000, reg loss=0.000000, step=113918
Dev:   final loss=0.303220, aspect loss=0.303220, opinion loss=0.000000, sentiment loss=0.000000, reg loss=0.000000, step=113918
Dev:   aspect f1=0.4145, opinion f1=0.0000, sentiment acc==0.0000, sentiment f1==0.0000, ABSA f1==0.0000,
Test:  aspect f1=0.4145, opinion f1=0.0000, sentiment acc==0.0000, sentiment f1==0.0000, ABSA f1==0.0000,
Current Max Metrics Index : 12 Current Min Loss Index : 12 Epoch Time: 0m 12s Tau : 0.10

-------------------------------------Iter79-------------------------------------
Train: final loss=0.711924, aspect loss=0.018534, opinion loss=0.000000, domain loss=0.693400, sentiment loss=0.000000, reg loss=0.000000, step=115360
Dev:   final loss=0.289525, aspect loss=0.289525, opinion loss=0.000000, sentiment loss=0.000000, reg loss=0.000000, step=115360
Dev:   aspect f1=0.4371, opinion f1=0.0000, sentiment acc==0.0000, sentiment f1==0.0000, ABSA f1==0.0000,
Test:  aspect f1=0.4371, opinion f1=0.0000, sentiment acc==0.0000, sentiment f1==0.0000, ABSA f1==0.0000,
Current Max Metrics Index : 12 Current Min Loss Index : 12 Epoch Time: 0m 12s Tau : 0.10

-------------------------------------Iter80-------------------------------------
Train: final loss=0.713276, aspect loss=0.019668, opinion loss=0.000000, domain loss=0.693566, sentiment loss=0.000000, reg loss=0.000000, step=116802
Dev:   final loss=0.320900, aspect loss=0.320900, opinion loss=0.000000, sentiment loss=0.000000, reg loss=0.000000, step=116802
Dev:   aspect f1=0.4180, opinion f1=0.0000, sentiment acc==0.0000, sentiment f1==0.0000, ABSA f1==0.0000,
Test:  aspect f1=0.4180, opinion f1=0.0000, sentiment acc==0.0000, sentiment f1==0.0000, ABSA f1==0.0000,
Current Max Metrics Index : 12 Current Min Loss Index : 12 Epoch Time: 0m 12s Tau : 0.10

-------------------------------------Iter81-------------------------------------
Train: final loss=0.711602, aspect loss=0.018172, opinion loss=0.000000, domain loss=0.693525, sentiment loss=0.000000, reg loss=0.000000, step=118244
Dev:   final loss=0.264982, aspect loss=0.264982, opinion loss=0.000000, sentiment loss=0.000000, reg loss=0.000000, step=118244
Dev:   aspect f1=0.4349, opinion f1=0.0000, sentiment acc==0.0000, sentiment f1==0.0000, ABSA f1==0.0000,
Test:  aspect f1=0.4349, opinion f1=0.0000, sentiment acc==0.0000, sentiment f1==0.0000, ABSA f1==0.0000,
Current Max Metrics Index : 12 Current Min Loss Index : 12 Epoch Time: 0m 12s Tau : 0.10

-------------------------------------Iter82-------------------------------------
Train: final loss=0.712294, aspect loss=0.018765, opinion loss=0.000000, domain loss=0.693461, sentiment loss=0.000000, reg loss=0.000000, step=119686
Dev:   final loss=0.291705, aspect loss=0.291705, opinion loss=0.000000, sentiment loss=0.000000, reg loss=0.000000, step=119686
Dev:   aspect f1=0.4221, opinion f1=0.0000, sentiment acc==0.0000, sentiment f1==0.0000, ABSA f1==0.0000,
Test:  aspect f1=0.4221, opinion f1=0.0000, sentiment acc==0.0000, sentiment f1==0.0000, ABSA f1==0.0000,
Current Max Metrics Index : 12 Current Min Loss Index : 12 Epoch Time: 0m 12s Tau : 0.10

-------------------------------------Iter83-------------------------------------
Train: final loss=0.711640, aspect loss=0.018561, opinion loss=0.000000, domain loss=0.693049, sentiment loss=0.000000, reg loss=0.000000, step=121128
Dev:   final loss=0.289719, aspect loss=0.289719, opinion loss=0.000000, sentiment loss=0.000000, reg loss=0.000000, step=121128
Dev:   aspect f1=0.4217, opinion f1=0.0000, sentiment acc==0.0000, sentiment f1==0.0000, ABSA f1==0.0000,
Test:  aspect f1=0.4217, opinion f1=0.0000, sentiment acc==0.0000, sentiment f1==0.0000, ABSA f1==0.0000,
Current Max Metrics Index : 12 Current Min Loss Index : 12 Epoch Time: 0m 12s Tau : 0.10

-------------------------------------Iter84-------------------------------------
Train: final loss=0.711831, aspect loss=0.018370, opinion loss=0.000000, domain loss=0.693439, sentiment loss=0.000000, reg loss=0.000000, step=122570
Dev:   final loss=0.323193, aspect loss=0.323193, opinion loss=0.000000, sentiment loss=0.000000, reg loss=0.000000, step=122570
Dev:   aspect f1=0.4125, opinion f1=0.0000, sentiment acc==0.0000, sentiment f1==0.0000, ABSA f1==0.0000,
Test:  aspect f1=0.4125, opinion f1=0.0000, sentiment acc==0.0000, sentiment f1==0.0000, ABSA f1==0.0000,
Current Max Metrics Index : 12 Current Min Loss Index : 12 Epoch Time: 0m 12s Tau : 0.10

-------------------------------------Iter85-------------------------------------
Train: final loss=0.711316, aspect loss=0.017962, opinion loss=0.000000, domain loss=0.693308, sentiment loss=0.000000, reg loss=0.000000, step=124012
Dev:   final loss=0.292368, aspect loss=0.292368, opinion loss=0.000000, sentiment loss=0.000000, reg loss=0.000000, step=124012
Dev:   aspect f1=0.4269, opinion f1=0.0000, sentiment acc==0.0000, sentiment f1==0.0000, ABSA f1==0.0000,
Test:  aspect f1=0.4269, opinion f1=0.0000, sentiment acc==0.0000, sentiment f1==0.0000, ABSA f1==0.0000,
Current Max Metrics Index : 12 Current Min Loss Index : 12 Epoch Time: 0m 12s Tau : 0.10

-------------------------------------Iter86-------------------------------------
Train: final loss=0.710533, aspect loss=0.017154, opinion loss=0.000000, domain loss=0.693353, sentiment loss=0.000000, reg loss=0.000000, step=125454
Dev:   final loss=0.293771, aspect loss=0.293771, opinion loss=0.000000, sentiment loss=0.000000, reg loss=0.000000, step=125454
Dev:   aspect f1=0.4213, opinion f1=0.0000, sentiment acc==0.0000, sentiment f1==0.0000, ABSA f1==0.0000,
Test:  aspect f1=0.4213, opinion f1=0.0000, sentiment acc==0.0000, sentiment f1==0.0000, ABSA f1==0.0000,
Current Max Metrics Index : 12 Current Min Loss Index : 12 Epoch Time: 0m 12s Tau : 0.10

-------------------------------------Iter87-------------------------------------
Train: final loss=0.711132, aspect loss=0.017665, opinion loss=0.000000, domain loss=0.693361, sentiment loss=0.000000, reg loss=0.000000, step=126896
Dev:   final loss=0.289319, aspect loss=0.289319, opinion loss=0.000000, sentiment loss=0.000000, reg loss=0.000000, step=126896
Dev:   aspect f1=0.4346, opinion f1=0.0000, sentiment acc==0.0000, sentiment f1==0.0000, ABSA f1==0.0000,
Test:  aspect f1=0.4346, opinion f1=0.0000, sentiment acc==0.0000, sentiment f1==0.0000, ABSA f1==0.0000,
Current Max Metrics Index : 12 Current Min Loss Index : 12 Epoch Time: 0m 12s Tau : 0.10

-------------------------------------Iter88-------------------------------------
Train: final loss=0.711176, aspect loss=0.017622, opinion loss=0.000000, domain loss=0.693574, sentiment loss=0.000000, reg loss=0.000000, step=128338
Dev:   final loss=0.329027, aspect loss=0.329027, opinion loss=0.000000, sentiment loss=0.000000, reg loss=0.000000, step=128338
Dev:   aspect f1=0.4205, opinion f1=0.0000, sentiment acc==0.0000, sentiment f1==0.0000, ABSA f1==0.0000,
Test:  aspect f1=0.4205, opinion f1=0.0000, sentiment acc==0.0000, sentiment f1==0.0000, ABSA f1==0.0000,
Current Max Metrics Index : 12 Current Min Loss Index : 12 Epoch Time: 0m 10s Tau : 0.10

-------------------------------------Iter89-------------------------------------
Train: final loss=0.710350, aspect loss=0.016948, opinion loss=0.000000, domain loss=0.693457, sentiment loss=0.000000, reg loss=0.000000, step=129780
Dev:   final loss=0.330625, aspect loss=0.330625, opinion loss=0.000000, sentiment loss=0.000000, reg loss=0.000000, step=129780
Dev:   aspect f1=0.4197, opinion f1=0.0000, sentiment acc==0.0000, sentiment f1==0.0000, ABSA f1==0.0000,
Test:  aspect f1=0.4197, opinion f1=0.0000, sentiment acc==0.0000, sentiment f1==0.0000, ABSA f1==0.0000,
Current Max Metrics Index : 12 Current Min Loss Index : 12 Epoch Time: 0m 12s Tau : 0.10

-------------------------------------Iter90-------------------------------------
Train: final loss=0.710084, aspect loss=0.016984, opinion loss=0.000000, domain loss=0.693186, sentiment loss=0.000000, reg loss=0.000000, step=131222
Dev:   final loss=0.308527, aspect loss=0.308527, opinion loss=0.000000, sentiment loss=0.000000, reg loss=0.000000, step=131222
Dev:   aspect f1=0.4317, opinion f1=0.0000, sentiment acc==0.0000, sentiment f1==0.0000, ABSA f1==0.0000,
Test:  aspect f1=0.4317, opinion f1=0.0000, sentiment acc==0.0000, sentiment f1==0.0000, ABSA f1==0.0000,
Current Max Metrics Index : 12 Current Min Loss Index : 12 Epoch Time: 0m 12s Tau : 0.10

-------------------------------------Iter91-------------------------------------
Train: final loss=0.710014, aspect loss=0.016647, opinion loss=0.000000, domain loss=0.693350, sentiment loss=0.000000, reg loss=0.000000, step=132664
Dev:   final loss=0.307771, aspect loss=0.307771, opinion loss=0.000000, sentiment loss=0.000000, reg loss=0.000000, step=132664
Dev:   aspect f1=0.4266, opinion f1=0.0000, sentiment acc==0.0000, sentiment f1==0.0000, ABSA f1==0.0000,
Test:  aspect f1=0.4266, opinion f1=0.0000, sentiment acc==0.0000, sentiment f1==0.0000, ABSA f1==0.0000,
Current Max Metrics Index : 12 Current Min Loss Index : 12 Epoch Time: 0m 11s Tau : 0.10

-------------------------------------Iter92-------------------------------------
Train: final loss=0.710254, aspect loss=0.016798, opinion loss=0.000000, domain loss=0.693411, sentiment loss=0.000000, reg loss=0.000000, step=134106
Dev:   final loss=0.288869, aspect loss=0.288869, opinion loss=0.000000, sentiment loss=0.000000, reg loss=0.000000, step=134106
Dev:   aspect f1=0.4292, opinion f1=0.0000, sentiment acc==0.0000, sentiment f1==0.0000, ABSA f1==0.0000,
Test:  aspect f1=0.4292, opinion f1=0.0000, sentiment acc==0.0000, sentiment f1==0.0000, ABSA f1==0.0000,
Current Max Metrics Index : 12 Current Min Loss Index : 12 Epoch Time: 0m 12s Tau : 0.10

-------------------------------------Iter93-------------------------------------
Train: final loss=0.710013, aspect loss=0.016691, opinion loss=0.000000, domain loss=0.693311, sentiment loss=0.000000, reg loss=0.000000, step=135548
Dev:   final loss=0.301016, aspect loss=0.301016, opinion loss=0.000000, sentiment loss=0.000000, reg loss=0.000000, step=135548
Dev:   aspect f1=0.4164, opinion f1=0.0000, sentiment acc==0.0000, sentiment f1==0.0000, ABSA f1==0.0000,
Test:  aspect f1=0.4164, opinion f1=0.0000, sentiment acc==0.0000, sentiment f1==0.0000, ABSA f1==0.0000,
Current Max Metrics Index : 12 Current Min Loss Index : 12 Epoch Time: 0m 12s Tau : 0.10

-------------------------------------Iter94-------------------------------------
Train: final loss=0.710364, aspect loss=0.016858, opinion loss=0.000000, domain loss=0.693495, sentiment loss=0.000000, reg loss=0.000000, step=136990
Dev:   final loss=0.305484, aspect loss=0.305484, opinion loss=0.000000, sentiment loss=0.000000, reg loss=0.000000, step=136990
Dev:   aspect f1=0.4174, opinion f1=0.0000, sentiment acc==0.0000, sentiment f1==0.0000, ABSA f1==0.0000,
Test:  aspect f1=0.4174, opinion f1=0.0000, sentiment acc==0.0000, sentiment f1==0.0000, ABSA f1==0.0000,
Current Max Metrics Index : 12 Current Min Loss Index : 12 Epoch Time: 0m 12s Tau : 0.10

-------------------------------------Iter95-------------------------------------
Train: final loss=0.709707, aspect loss=0.016860, opinion loss=0.000000, domain loss=0.692954, sentiment loss=0.000000, reg loss=0.000000, step=138432
Dev:   final loss=0.296146, aspect loss=0.296146, opinion loss=0.000000, sentiment loss=0.000000, reg loss=0.000000, step=138432
Dev:   aspect f1=0.4245, opinion f1=0.0000, sentiment acc==0.0000, sentiment f1==0.0000, ABSA f1==0.0000,
Test:  aspect f1=0.4245, opinion f1=0.0000, sentiment acc==0.0000, sentiment f1==0.0000, ABSA f1==0.0000,
Current Max Metrics Index : 12 Current Min Loss Index : 12 Epoch Time: 0m 12s Tau : 0.10

-------------------------------------Iter96-------------------------------------
Train: final loss=0.709631, aspect loss=0.016239, opinion loss=0.000000, domain loss=0.693332, sentiment loss=0.000000, reg loss=0.000000, step=139874
Dev:   final loss=0.299222, aspect loss=0.299222, opinion loss=0.000000, sentiment loss=0.000000, reg loss=0.000000, step=139874
Dev:   aspect f1=0.4278, opinion f1=0.0000, sentiment acc==0.0000, sentiment f1==0.0000, ABSA f1==0.0000,
Test:  aspect f1=0.4278, opinion f1=0.0000, sentiment acc==0.0000, sentiment f1==0.0000, ABSA f1==0.0000,
Current Max Metrics Index : 12 Current Min Loss Index : 12 Epoch Time: 0m 12s Tau : 0.10

-------------------------------------Iter97-------------------------------------
Train: final loss=0.710550, aspect loss=0.017281, opinion loss=0.000000, domain loss=0.693251, sentiment loss=0.000000, reg loss=0.000000, step=141316
Dev:   final loss=0.331965, aspect loss=0.331965, opinion loss=0.000000, sentiment loss=0.000000, reg loss=0.000000, step=141316
Dev:   aspect f1=0.4089, opinion f1=0.0000, sentiment acc==0.0000, sentiment f1==0.0000, ABSA f1==0.0000,
Test:  aspect f1=0.4089, opinion f1=0.0000, sentiment acc==0.0000, sentiment f1==0.0000, ABSA f1==0.0000,
Current Max Metrics Index : 12 Current Min Loss Index : 12 Epoch Time: 0m 12s Tau : 0.10

-------------------------------------Iter98-------------------------------------
Train: final loss=0.709844, aspect loss=0.016694, opinion loss=0.000000, domain loss=0.693199, sentiment loss=0.000000, reg loss=0.000000, step=142758
Dev:   final loss=0.307007, aspect loss=0.307007, opinion loss=0.000000, sentiment loss=0.000000, reg loss=0.000000, step=142758
Dev:   aspect f1=0.4210, opinion f1=0.0000, sentiment acc==0.0000, sentiment f1==0.0000, ABSA f1==0.0000,
Test:  aspect f1=0.4210, opinion f1=0.0000, sentiment acc==0.0000, sentiment f1==0.0000, ABSA f1==0.0000,
Current Max Metrics Index : 12 Current Min Loss Index : 12 Epoch Time: 0m 12s Tau : 0.10

-------------------------------------Iter99-------------------------------------
Train: final loss=0.709562, aspect loss=0.016192, opinion loss=0.000000, domain loss=0.693360, sentiment loss=0.000000, reg loss=0.000000, step=144200
Dev:   final loss=0.322785, aspect loss=0.322785, opinion loss=0.000000, sentiment loss=0.000000, reg loss=0.000000, step=144200
Dev:   aspect f1=0.4194, opinion f1=0.0000, sentiment acc==0.0000, sentiment f1==0.0000, ABSA f1==0.0000,
Test:  aspect f1=0.4194, opinion f1=0.0000, sentiment acc==0.0000, sentiment f1==0.0000, ABSA f1==0.0000,
Current Max Metrics Index : 12 Current Min Loss Index : 12 Epoch Time: 0m 12s Tau : 0.10

--------------------------------Mission Complete--------------------------------
Dev Max Metrics Index: 12
aspect f1=44.92, opinion f1=0.00, sentiment acc==0.00, sentiment f1==0.00, ABSA f1==0.00,
Dev Min Loss Index: 12
aspect f1=44.92, opinion f1=0.00, sentiment acc==0.00, sentiment f1==0.00, ABSA f1==0.00,
Running Time: 19m 56s
