> log file: ./log/laptop-to-device/[SynBridge]-210519-072805.log
cuda memory allocated: 10108928
n_trainable_params: 1431975, n_nontrainable_params: 1094700
> training arguments:
>>> source: laptop
>>> target: device
>>> use_unlabel: 1
>>> use_syntactic: 1
>>> use_semantic: 0
>>> split: 2
>>> local_bert_path: F:\NLP\BERT-BASE-UNCASED
>>> model_name: DECNN
>>> batch_size: 8
>>> learning_rate: 0.0001
>>> lr_decay: 1e-05
>>> num_epoch: 100
>>> emb_dim: 100
>>> dep_dim: 50
>>> pos_dim: 50
>>> hidden_dim: 256
>>> keep_prob: 0.5
>>> l2_reg: 1e-05
>>> beta: 0.1
>>> kernel_size: 5
>>> hop_num: 2
>>> class_num: 3
>>> cluster_num: 200
>>> cate_num: 20
>>> seed: 123
>>> log_step: 5
>>> dynamic_gate: 1
>>> valset_num: 0
>>> reuse_embedding: 1
>>> optimizer: <class 'torch.optim.adam.Adam'>
>>> initializer: <function uniform_ at 0x7f545c7d1c80>
>>> device: cuda:0
>>> ablation: None
>>> topk: 10
>>> name: [SynBridge]
>>> dataset_file: {'train': './data/laptop/train2/', 'unlabel': './data/device/train2/', 'test': './data/device/test2/'}
>>> model_class: <class 'models.decnn_base.DECNN'>
>>> inputs_cols: ['sentence', 'mask', 'position', 'keep_prob']
>>> max_sentence_len: 110

-------------------------------------Iter0--------------------------------------
Train: final loss=0.827716, aspect loss=0.132865, opinion loss=0.000000, domain loss=0.694616, sentiment loss=0.000000, reg loss=0.000000, step=1442
Dev:   final loss=0.279720, aspect loss=0.279720, opinion loss=0.000000, sentiment loss=0.000000, reg loss=0.000000, step=1442
Dev:   aspect f1=0.3103, opinion f1=0.0000, sentiment acc==0.0000, sentiment f1==0.0000, ABSA f1==0.0000,
Test:  aspect f1=0.3103, opinion f1=0.0000, sentiment acc==0.0000, sentiment f1==0.0000, ABSA f1==0.0000,
Current Max Metrics Index : 0 Current Min Loss Index : 0 Epoch Time: 0m 12s Tau : 1.00
>> Checkpoint Saved: state_dict/laptop-to-device/[SynBridge]-ATE-F1-0.3103.pth

-------------------------------------Iter1--------------------------------------
Train: final loss=0.786901, aspect loss=0.093303, opinion loss=0.000000, domain loss=0.693677, sentiment loss=0.000000, reg loss=0.000000, step=2884
Dev:   final loss=0.210871, aspect loss=0.210871, opinion loss=0.000000, sentiment loss=0.000000, reg loss=0.000000, step=2884
Dev:   aspect f1=0.3536, opinion f1=0.0000, sentiment acc==0.0000, sentiment f1==0.0000, ABSA f1==0.0000,
Test:  aspect f1=0.3536, opinion f1=0.0000, sentiment acc==0.0000, sentiment f1==0.0000, ABSA f1==0.0000,
Current Max Metrics Index : 1 Current Min Loss Index : 1 Epoch Time: 0m 12s Tau : 0.97
>> Checkpoint Saved: state_dict/laptop-to-device/[SynBridge]-ATE-F1-0.3536.pth

-------------------------------------Iter2--------------------------------------
Train: final loss=0.772909, aspect loss=0.081627, opinion loss=0.000000, domain loss=0.691465, sentiment loss=0.000000, reg loss=0.000000, step=4326
Dev:   final loss=0.207338, aspect loss=0.207338, opinion loss=0.000000, sentiment loss=0.000000, reg loss=0.000000, step=4326
Dev:   aspect f1=0.3708, opinion f1=0.0000, sentiment acc==0.0000, sentiment f1==0.0000, ABSA f1==0.0000,
Test:  aspect f1=0.3708, opinion f1=0.0000, sentiment acc==0.0000, sentiment f1==0.0000, ABSA f1==0.0000,
Current Max Metrics Index : 2 Current Min Loss Index : 2 Epoch Time: 0m 12s Tau : 0.94
>> Checkpoint Saved: state_dict/laptop-to-device/[SynBridge]-ATE-F1-0.3708.pth

-------------------------------------Iter3--------------------------------------
Train: final loss=0.763842, aspect loss=0.075214, opinion loss=0.000000, domain loss=0.688702, sentiment loss=0.000000, reg loss=0.000000, step=5768
Dev:   final loss=0.205511, aspect loss=0.205511, opinion loss=0.000000, sentiment loss=0.000000, reg loss=0.000000, step=5768
Dev:   aspect f1=0.3859, opinion f1=0.0000, sentiment acc==0.0000, sentiment f1==0.0000, ABSA f1==0.0000,
Test:  aspect f1=0.3859, opinion f1=0.0000, sentiment acc==0.0000, sentiment f1==0.0000, ABSA f1==0.0000,
Current Max Metrics Index : 3 Current Min Loss Index : 3 Epoch Time: 0m 12s Tau : 0.91
>> Checkpoint Saved: state_dict/laptop-to-device/[SynBridge]-ATE-F1-0.3859.pth

-------------------------------------Iter4--------------------------------------
Train: final loss=0.759769, aspect loss=0.069630, opinion loss=0.000000, domain loss=0.690161, sentiment loss=0.000000, reg loss=0.000000, step=7210
Dev:   final loss=0.225691, aspect loss=0.225691, opinion loss=0.000000, sentiment loss=0.000000, reg loss=0.000000, step=7210
Dev:   aspect f1=0.3931, opinion f1=0.0000, sentiment acc==0.0000, sentiment f1==0.0000, ABSA f1==0.0000,
Test:  aspect f1=0.3931, opinion f1=0.0000, sentiment acc==0.0000, sentiment f1==0.0000, ABSA f1==0.0000,
Current Max Metrics Index : 4 Current Min Loss Index : 3 Epoch Time: 0m 12s Tau : 0.89
>> Checkpoint Saved: state_dict/laptop-to-device/[SynBridge]-ATE-F1-0.3931.pth

-------------------------------------Iter5--------------------------------------
Train: final loss=0.755860, aspect loss=0.066548, opinion loss=0.000000, domain loss=0.689614, sentiment loss=0.000000, reg loss=0.000000, step=8652
Dev:   final loss=0.218086, aspect loss=0.218086, opinion loss=0.000000, sentiment loss=0.000000, reg loss=0.000000, step=8652
Dev:   aspect f1=0.3927, opinion f1=0.0000, sentiment acc==0.0000, sentiment f1==0.0000, ABSA f1==0.0000,
Test:  aspect f1=0.3927, opinion f1=0.0000, sentiment acc==0.0000, sentiment f1==0.0000, ABSA f1==0.0000,
Current Max Metrics Index : 4 Current Min Loss Index : 3 Epoch Time: 0m 12s Tau : 0.86

-------------------------------------Iter6--------------------------------------
Train: final loss=0.752584, aspect loss=0.063871, opinion loss=0.000000, domain loss=0.689239, sentiment loss=0.000000, reg loss=0.000000, step=10094
Dev:   final loss=0.217246, aspect loss=0.217246, opinion loss=0.000000, sentiment loss=0.000000, reg loss=0.000000, step=10094
Dev:   aspect f1=0.3908, opinion f1=0.0000, sentiment acc==0.0000, sentiment f1==0.0000, ABSA f1==0.0000,
Test:  aspect f1=0.3908, opinion f1=0.0000, sentiment acc==0.0000, sentiment f1==0.0000, ABSA f1==0.0000,
Current Max Metrics Index : 4 Current Min Loss Index : 3 Epoch Time: 0m 12s Tau : 0.84

-------------------------------------Iter7--------------------------------------
Train: final loss=0.751577, aspect loss=0.061911, opinion loss=0.000000, domain loss=0.689949, sentiment loss=0.000000, reg loss=0.000000, step=11536
Dev:   final loss=0.175613, aspect loss=0.175613, opinion loss=0.000000, sentiment loss=0.000000, reg loss=0.000000, step=11536
Dev:   aspect f1=0.4075, opinion f1=0.0000, sentiment acc==0.0000, sentiment f1==0.0000, ABSA f1==0.0000,
Test:  aspect f1=0.4075, opinion f1=0.0000, sentiment acc==0.0000, sentiment f1==0.0000, ABSA f1==0.0000,
Current Max Metrics Index : 7 Current Min Loss Index : 7 Epoch Time: 0m 12s Tau : 0.81
>> Checkpoint Saved: state_dict/laptop-to-device/[SynBridge]-ATE-F1-0.4075.pth

-------------------------------------Iter8--------------------------------------
Train: final loss=0.750406, aspect loss=0.058776, opinion loss=0.000000, domain loss=0.691652, sentiment loss=0.000000, reg loss=0.000000, step=12978
Dev:   final loss=0.226419, aspect loss=0.226419, opinion loss=0.000000, sentiment loss=0.000000, reg loss=0.000000, step=12978
Dev:   aspect f1=0.3946, opinion f1=0.0000, sentiment acc==0.0000, sentiment f1==0.0000, ABSA f1==0.0000,
Test:  aspect f1=0.3946, opinion f1=0.0000, sentiment acc==0.0000, sentiment f1==0.0000, ABSA f1==0.0000,
Current Max Metrics Index : 7 Current Min Loss Index : 7 Epoch Time: 0m 12s Tau : 0.79

-------------------------------------Iter9--------------------------------------
Train: final loss=0.749349, aspect loss=0.057351, opinion loss=0.000000, domain loss=0.692157, sentiment loss=0.000000, reg loss=0.000000, step=14420
Dev:   final loss=0.193259, aspect loss=0.193259, opinion loss=0.000000, sentiment loss=0.000000, reg loss=0.000000, step=14420
Dev:   aspect f1=0.3991, opinion f1=0.0000, sentiment acc==0.0000, sentiment f1==0.0000, ABSA f1==0.0000,
Test:  aspect f1=0.3991, opinion f1=0.0000, sentiment acc==0.0000, sentiment f1==0.0000, ABSA f1==0.0000,
Current Max Metrics Index : 7 Current Min Loss Index : 7 Epoch Time: 0m 12s Tau : 0.76

-------------------------------------Iter10-------------------------------------
Train: final loss=0.747906, aspect loss=0.055278, opinion loss=0.000000, domain loss=0.692770, sentiment loss=0.000000, reg loss=0.000000, step=15862
Dev:   final loss=0.226830, aspect loss=0.226830, opinion loss=0.000000, sentiment loss=0.000000, reg loss=0.000000, step=15862
Dev:   aspect f1=0.4015, opinion f1=0.0000, sentiment acc==0.0000, sentiment f1==0.0000, ABSA f1==0.0000,
Test:  aspect f1=0.4015, opinion f1=0.0000, sentiment acc==0.0000, sentiment f1==0.0000, ABSA f1==0.0000,
Current Max Metrics Index : 7 Current Min Loss Index : 7 Epoch Time: 0m 12s Tau : 0.74

-------------------------------------Iter11-------------------------------------
Train: final loss=0.746881, aspect loss=0.054073, opinion loss=0.000000, domain loss=0.692985, sentiment loss=0.000000, reg loss=0.000000, step=17304
Dev:   final loss=0.161280, aspect loss=0.161280, opinion loss=0.000000, sentiment loss=0.000000, reg loss=0.000000, step=17304
Dev:   aspect f1=0.4172, opinion f1=0.0000, sentiment acc==0.0000, sentiment f1==0.0000, ABSA f1==0.0000,
Test:  aspect f1=0.4172, opinion f1=0.0000, sentiment acc==0.0000, sentiment f1==0.0000, ABSA f1==0.0000,
Current Max Metrics Index : 11 Current Min Loss Index : 11 Epoch Time: 0m 12s Tau : 0.72
>> Checkpoint Saved: state_dict/laptop-to-device/[SynBridge]-ATE-F1-0.4172.pth

-------------------------------------Iter12-------------------------------------
Train: final loss=0.744431, aspect loss=0.053107, opinion loss=0.000000, domain loss=0.691475, sentiment loss=0.000000, reg loss=0.000000, step=18746
Dev:   final loss=0.180232, aspect loss=0.180232, opinion loss=0.000000, sentiment loss=0.000000, reg loss=0.000000, step=18746
Dev:   aspect f1=0.4134, opinion f1=0.0000, sentiment acc==0.0000, sentiment f1==0.0000, ABSA f1==0.0000,
Test:  aspect f1=0.4134, opinion f1=0.0000, sentiment acc==0.0000, sentiment f1==0.0000, ABSA f1==0.0000,
Current Max Metrics Index : 11 Current Min Loss Index : 11 Epoch Time: 0m 12s Tau : 0.70

-------------------------------------Iter13-------------------------------------
Train: final loss=0.742736, aspect loss=0.050954, opinion loss=0.000000, domain loss=0.691834, sentiment loss=0.000000, reg loss=0.000000, step=20188
Dev:   final loss=0.169584, aspect loss=0.169584, opinion loss=0.000000, sentiment loss=0.000000, reg loss=0.000000, step=20188
Dev:   aspect f1=0.4203, opinion f1=0.0000, sentiment acc==0.0000, sentiment f1==0.0000, ABSA f1==0.0000,
Test:  aspect f1=0.4203, opinion f1=0.0000, sentiment acc==0.0000, sentiment f1==0.0000, ABSA f1==0.0000,
Current Max Metrics Index : 13 Current Min Loss Index : 11 Epoch Time: 0m 12s Tau : 0.68
>> Checkpoint Saved: state_dict/laptop-to-device/[SynBridge]-ATE-F1-0.4203.pth

-------------------------------------Iter14-------------------------------------
Train: final loss=0.741647, aspect loss=0.049228, opinion loss=0.000000, domain loss=0.692166, sentiment loss=0.000000, reg loss=0.000000, step=21630
Dev:   final loss=0.163931, aspect loss=0.163931, opinion loss=0.000000, sentiment loss=0.000000, reg loss=0.000000, step=21630
Dev:   aspect f1=0.4289, opinion f1=0.0000, sentiment acc==0.0000, sentiment f1==0.0000, ABSA f1==0.0000,
Test:  aspect f1=0.4289, opinion f1=0.0000, sentiment acc==0.0000, sentiment f1==0.0000, ABSA f1==0.0000,
Current Max Metrics Index : 14 Current Min Loss Index : 11 Epoch Time: 0m 12s Tau : 0.66
>> Checkpoint Saved: state_dict/laptop-to-device/[SynBridge]-ATE-F1-0.4289.pth

-------------------------------------Iter15-------------------------------------
Train: final loss=0.741614, aspect loss=0.049165, opinion loss=0.000000, domain loss=0.692524, sentiment loss=0.000000, reg loss=0.000000, step=23072
Dev:   final loss=0.173351, aspect loss=0.173351, opinion loss=0.000000, sentiment loss=0.000000, reg loss=0.000000, step=23072
Dev:   aspect f1=0.4144, opinion f1=0.0000, sentiment acc==0.0000, sentiment f1==0.0000, ABSA f1==0.0000,
Test:  aspect f1=0.4144, opinion f1=0.0000, sentiment acc==0.0000, sentiment f1==0.0000, ABSA f1==0.0000,
Current Max Metrics Index : 14 Current Min Loss Index : 11 Epoch Time: 0m 12s Tau : 0.64

-------------------------------------Iter16-------------------------------------
Train: final loss=0.738716, aspect loss=0.046581, opinion loss=0.000000, domain loss=0.692413, sentiment loss=0.000000, reg loss=0.000000, step=24514
Dev:   final loss=0.197444, aspect loss=0.197444, opinion loss=0.000000, sentiment loss=0.000000, reg loss=0.000000, step=24514
Dev:   aspect f1=0.4125, opinion f1=0.0000, sentiment acc==0.0000, sentiment f1==0.0000, ABSA f1==0.0000,
Test:  aspect f1=0.4125, opinion f1=0.0000, sentiment acc==0.0000, sentiment f1==0.0000, ABSA f1==0.0000,
Current Max Metrics Index : 14 Current Min Loss Index : 11 Epoch Time: 0m 12s Tau : 0.62

-------------------------------------Iter17-------------------------------------
Train: final loss=0.739472, aspect loss=0.046352, opinion loss=0.000000, domain loss=0.693174, sentiment loss=0.000000, reg loss=0.000000, step=25956
Dev:   final loss=0.175628, aspect loss=0.175628, opinion loss=0.000000, sentiment loss=0.000000, reg loss=0.000000, step=25956
Dev:   aspect f1=0.4222, opinion f1=0.0000, sentiment acc==0.0000, sentiment f1==0.0000, ABSA f1==0.0000,
Test:  aspect f1=0.4222, opinion f1=0.0000, sentiment acc==0.0000, sentiment f1==0.0000, ABSA f1==0.0000,
Current Max Metrics Index : 14 Current Min Loss Index : 11 Epoch Time: 0m 12s Tau : 0.60

-------------------------------------Iter18-------------------------------------
Train: final loss=0.738410, aspect loss=0.045837, opinion loss=0.000000, domain loss=0.692653, sentiment loss=0.000000, reg loss=0.000000, step=27398
Dev:   final loss=0.184187, aspect loss=0.184187, opinion loss=0.000000, sentiment loss=0.000000, reg loss=0.000000, step=27398
Dev:   aspect f1=0.4146, opinion f1=0.0000, sentiment acc==0.0000, sentiment f1==0.0000, ABSA f1==0.0000,
Test:  aspect f1=0.4146, opinion f1=0.0000, sentiment acc==0.0000, sentiment f1==0.0000, ABSA f1==0.0000,
Current Max Metrics Index : 14 Current Min Loss Index : 11 Epoch Time: 0m 12s Tau : 0.58

-------------------------------------Iter19-------------------------------------
Train: final loss=0.737102, aspect loss=0.044473, opinion loss=0.000000, domain loss=0.692782, sentiment loss=0.000000, reg loss=0.000000, step=28840
Dev:   final loss=0.189651, aspect loss=0.189651, opinion loss=0.000000, sentiment loss=0.000000, reg loss=0.000000, step=28840
Dev:   aspect f1=0.4147, opinion f1=0.0000, sentiment acc==0.0000, sentiment f1==0.0000, ABSA f1==0.0000,
Test:  aspect f1=0.4147, opinion f1=0.0000, sentiment acc==0.0000, sentiment f1==0.0000, ABSA f1==0.0000,
Current Max Metrics Index : 14 Current Min Loss Index : 11 Epoch Time: 0m 12s Tau : 0.57

-------------------------------------Iter20-------------------------------------
Train: final loss=0.736227, aspect loss=0.043696, opinion loss=0.000000, domain loss=0.692702, sentiment loss=0.000000, reg loss=0.000000, step=30282
Dev:   final loss=0.168472, aspect loss=0.168472, opinion loss=0.000000, sentiment loss=0.000000, reg loss=0.000000, step=30282
Dev:   aspect f1=0.4268, opinion f1=0.0000, sentiment acc==0.0000, sentiment f1==0.0000, ABSA f1==0.0000,
Test:  aspect f1=0.4268, opinion f1=0.0000, sentiment acc==0.0000, sentiment f1==0.0000, ABSA f1==0.0000,
Current Max Metrics Index : 14 Current Min Loss Index : 11 Epoch Time: 0m 12s Tau : 0.55

-------------------------------------Iter21-------------------------------------
Train: final loss=0.735612, aspect loss=0.042436, opinion loss=0.000000, domain loss=0.693134, sentiment loss=0.000000, reg loss=0.000000, step=31724
Dev:   final loss=0.179030, aspect loss=0.179030, opinion loss=0.000000, sentiment loss=0.000000, reg loss=0.000000, step=31724
Dev:   aspect f1=0.4144, opinion f1=0.0000, sentiment acc==0.0000, sentiment f1==0.0000, ABSA f1==0.0000,
Test:  aspect f1=0.4144, opinion f1=0.0000, sentiment acc==0.0000, sentiment f1==0.0000, ABSA f1==0.0000,
Current Max Metrics Index : 14 Current Min Loss Index : 11 Epoch Time: 0m 12s Tau : 0.53

-------------------------------------Iter22-------------------------------------
Train: final loss=0.734832, aspect loss=0.041576, opinion loss=0.000000, domain loss=0.693125, sentiment loss=0.000000, reg loss=0.000000, step=33166
Dev:   final loss=0.167767, aspect loss=0.167767, opinion loss=0.000000, sentiment loss=0.000000, reg loss=0.000000, step=33166
Dev:   aspect f1=0.4180, opinion f1=0.0000, sentiment acc==0.0000, sentiment f1==0.0000, ABSA f1==0.0000,
Test:  aspect f1=0.4180, opinion f1=0.0000, sentiment acc==0.0000, sentiment f1==0.0000, ABSA f1==0.0000,
Current Max Metrics Index : 14 Current Min Loss Index : 11 Epoch Time: 0m 12s Tau : 0.52

-------------------------------------Iter23-------------------------------------
Train: final loss=0.733769, aspect loss=0.040628, opinion loss=0.000000, domain loss=0.693272, sentiment loss=0.000000, reg loss=0.000000, step=34608
Dev:   final loss=0.191787, aspect loss=0.191787, opinion loss=0.000000, sentiment loss=0.000000, reg loss=0.000000, step=34608
Dev:   aspect f1=0.4171, opinion f1=0.0000, sentiment acc==0.0000, sentiment f1==0.0000, ABSA f1==0.0000,
Test:  aspect f1=0.4171, opinion f1=0.0000, sentiment acc==0.0000, sentiment f1==0.0000, ABSA f1==0.0000,
Current Max Metrics Index : 14 Current Min Loss Index : 11 Epoch Time: 0m 12s Tau : 0.50

-------------------------------------Iter24-------------------------------------
Train: final loss=0.733348, aspect loss=0.040104, opinion loss=0.000000, domain loss=0.693272, sentiment loss=0.000000, reg loss=0.000000, step=36050
Dev:   final loss=0.190229, aspect loss=0.190229, opinion loss=0.000000, sentiment loss=0.000000, reg loss=0.000000, step=36050
Dev:   aspect f1=0.4158, opinion f1=0.0000, sentiment acc==0.0000, sentiment f1==0.0000, ABSA f1==0.0000,
Test:  aspect f1=0.4158, opinion f1=0.0000, sentiment acc==0.0000, sentiment f1==0.0000, ABSA f1==0.0000,
Current Max Metrics Index : 14 Current Min Loss Index : 11 Epoch Time: 0m 12s Tau : 0.49

-------------------------------------Iter25-------------------------------------
Train: final loss=0.732157, aspect loss=0.038903, opinion loss=0.000000, domain loss=0.693357, sentiment loss=0.000000, reg loss=0.000000, step=37492
Dev:   final loss=0.179959, aspect loss=0.179959, opinion loss=0.000000, sentiment loss=0.000000, reg loss=0.000000, step=37492
Dev:   aspect f1=0.4204, opinion f1=0.0000, sentiment acc==0.0000, sentiment f1==0.0000, ABSA f1==0.0000,
Test:  aspect f1=0.4204, opinion f1=0.0000, sentiment acc==0.0000, sentiment f1==0.0000, ABSA f1==0.0000,
Current Max Metrics Index : 14 Current Min Loss Index : 11 Epoch Time: 0m 12s Tau : 0.47

-------------------------------------Iter26-------------------------------------
Train: final loss=0.731438, aspect loss=0.038627, opinion loss=0.000000, domain loss=0.692889, sentiment loss=0.000000, reg loss=0.000000, step=38934
Dev:   final loss=0.158136, aspect loss=0.158136, opinion loss=0.000000, sentiment loss=0.000000, reg loss=0.000000, step=38934
Dev:   aspect f1=0.4284, opinion f1=0.0000, sentiment acc==0.0000, sentiment f1==0.0000, ABSA f1==0.0000,
Test:  aspect f1=0.4284, opinion f1=0.0000, sentiment acc==0.0000, sentiment f1==0.0000, ABSA f1==0.0000,
Current Max Metrics Index : 14 Current Min Loss Index : 26 Epoch Time: 0m 12s Tau : 0.46

-------------------------------------Iter27-------------------------------------
Train: final loss=0.730522, aspect loss=0.037597, opinion loss=0.000000, domain loss=0.692838, sentiment loss=0.000000, reg loss=0.000000, step=40376
Dev:   final loss=0.204856, aspect loss=0.204856, opinion loss=0.000000, sentiment loss=0.000000, reg loss=0.000000, step=40376
Dev:   aspect f1=0.4083, opinion f1=0.0000, sentiment acc==0.0000, sentiment f1==0.0000, ABSA f1==0.0000,
Test:  aspect f1=0.4083, opinion f1=0.0000, sentiment acc==0.0000, sentiment f1==0.0000, ABSA f1==0.0000,
Current Max Metrics Index : 14 Current Min Loss Index : 26 Epoch Time: 0m 12s Tau : 0.44

-------------------------------------Iter28-------------------------------------
Train: final loss=0.731099, aspect loss=0.036936, opinion loss=0.000000, domain loss=0.693941, sentiment loss=0.000000, reg loss=0.000000, step=41818
Dev:   final loss=0.210219, aspect loss=0.210219, opinion loss=0.000000, sentiment loss=0.000000, reg loss=0.000000, step=41818
Dev:   aspect f1=0.4069, opinion f1=0.0000, sentiment acc==0.0000, sentiment f1==0.0000, ABSA f1==0.0000,
Test:  aspect f1=0.4069, opinion f1=0.0000, sentiment acc==0.0000, sentiment f1==0.0000, ABSA f1==0.0000,
Current Max Metrics Index : 14 Current Min Loss Index : 26 Epoch Time: 0m 12s Tau : 0.43

-------------------------------------Iter29-------------------------------------
Train: final loss=0.729208, aspect loss=0.035831, opinion loss=0.000000, domain loss=0.693387, sentiment loss=0.000000, reg loss=0.000000, step=43260
Dev:   final loss=0.217571, aspect loss=0.217571, opinion loss=0.000000, sentiment loss=0.000000, reg loss=0.000000, step=43260
Dev:   aspect f1=0.4040, opinion f1=0.0000, sentiment acc==0.0000, sentiment f1==0.0000, ABSA f1==0.0000,
Test:  aspect f1=0.4040, opinion f1=0.0000, sentiment acc==0.0000, sentiment f1==0.0000, ABSA f1==0.0000,
Current Max Metrics Index : 14 Current Min Loss Index : 26 Epoch Time: 0m 12s Tau : 0.42

-------------------------------------Iter30-------------------------------------
Train: final loss=0.729053, aspect loss=0.035336, opinion loss=0.000000, domain loss=0.693719, sentiment loss=0.000000, reg loss=0.000000, step=44702
Dev:   final loss=0.197041, aspect loss=0.197041, opinion loss=0.000000, sentiment loss=0.000000, reg loss=0.000000, step=44702
Dev:   aspect f1=0.4087, opinion f1=0.0000, sentiment acc==0.0000, sentiment f1==0.0000, ABSA f1==0.0000,
Test:  aspect f1=0.4087, opinion f1=0.0000, sentiment acc==0.0000, sentiment f1==0.0000, ABSA f1==0.0000,
Current Max Metrics Index : 14 Current Min Loss Index : 26 Epoch Time: 0m 12s Tau : 0.41

-------------------------------------Iter31-------------------------------------
Train: final loss=0.729000, aspect loss=0.035384, opinion loss=0.000000, domain loss=0.693576, sentiment loss=0.000000, reg loss=0.000000, step=46144
Dev:   final loss=0.203341, aspect loss=0.203341, opinion loss=0.000000, sentiment loss=0.000000, reg loss=0.000000, step=46144
Dev:   aspect f1=0.4096, opinion f1=0.0000, sentiment acc==0.0000, sentiment f1==0.0000, ABSA f1==0.0000,
Test:  aspect f1=0.4096, opinion f1=0.0000, sentiment acc==0.0000, sentiment f1==0.0000, ABSA f1==0.0000,
Current Max Metrics Index : 14 Current Min Loss Index : 26 Epoch Time: 0m 12s Tau : 0.39

-------------------------------------Iter32-------------------------------------
Train: final loss=0.727660, aspect loss=0.034055, opinion loss=0.000000, domain loss=0.693522, sentiment loss=0.000000, reg loss=0.000000, step=47586
Dev:   final loss=0.209992, aspect loss=0.209992, opinion loss=0.000000, sentiment loss=0.000000, reg loss=0.000000, step=47586
Dev:   aspect f1=0.4083, opinion f1=0.0000, sentiment acc==0.0000, sentiment f1==0.0000, ABSA f1==0.0000,
Test:  aspect f1=0.4083, opinion f1=0.0000, sentiment acc==0.0000, sentiment f1==0.0000, ABSA f1==0.0000,
Current Max Metrics Index : 14 Current Min Loss Index : 26 Epoch Time: 0m 12s Tau : 0.38

-------------------------------------Iter33-------------------------------------
Train: final loss=0.727402, aspect loss=0.033875, opinion loss=0.000000, domain loss=0.693552, sentiment loss=0.000000, reg loss=0.000000, step=49028
Dev:   final loss=0.236820, aspect loss=0.236820, opinion loss=0.000000, sentiment loss=0.000000, reg loss=0.000000, step=49028
Dev:   aspect f1=0.3912, opinion f1=0.0000, sentiment acc==0.0000, sentiment f1==0.0000, ABSA f1==0.0000,
Test:  aspect f1=0.3912, opinion f1=0.0000, sentiment acc==0.0000, sentiment f1==0.0000, ABSA f1==0.0000,
Current Max Metrics Index : 14 Current Min Loss Index : 26 Epoch Time: 0m 12s Tau : 0.37

-------------------------------------Iter34-------------------------------------
Train: final loss=0.727142, aspect loss=0.033754, opinion loss=0.000000, domain loss=0.693312, sentiment loss=0.000000, reg loss=0.000000, step=50470
Dev:   final loss=0.194247, aspect loss=0.194247, opinion loss=0.000000, sentiment loss=0.000000, reg loss=0.000000, step=50470
Dev:   aspect f1=0.4127, opinion f1=0.0000, sentiment acc==0.0000, sentiment f1==0.0000, ABSA f1==0.0000,
Test:  aspect f1=0.4127, opinion f1=0.0000, sentiment acc==0.0000, sentiment f1==0.0000, ABSA f1==0.0000,
Current Max Metrics Index : 14 Current Min Loss Index : 26 Epoch Time: 0m 12s Tau : 0.36

-------------------------------------Iter35-------------------------------------
Train: final loss=0.726255, aspect loss=0.033215, opinion loss=0.000000, domain loss=0.693081, sentiment loss=0.000000, reg loss=0.000000, step=51912
Dev:   final loss=0.200273, aspect loss=0.200273, opinion loss=0.000000, sentiment loss=0.000000, reg loss=0.000000, step=51912
Dev:   aspect f1=0.4122, opinion f1=0.0000, sentiment acc==0.0000, sentiment f1==0.0000, ABSA f1==0.0000,
Test:  aspect f1=0.4122, opinion f1=0.0000, sentiment acc==0.0000, sentiment f1==0.0000, ABSA f1==0.0000,
Current Max Metrics Index : 14 Current Min Loss Index : 26 Epoch Time: 0m 12s Tau : 0.35

-------------------------------------Iter36-------------------------------------
Train: final loss=0.725133, aspect loss=0.032129, opinion loss=0.000000, domain loss=0.692965, sentiment loss=0.000000, reg loss=0.000000, step=53354
Dev:   final loss=0.212656, aspect loss=0.212656, opinion loss=0.000000, sentiment loss=0.000000, reg loss=0.000000, step=53354
Dev:   aspect f1=0.4068, opinion f1=0.0000, sentiment acc==0.0000, sentiment f1==0.0000, ABSA f1==0.0000,
Test:  aspect f1=0.4068, opinion f1=0.0000, sentiment acc==0.0000, sentiment f1==0.0000, ABSA f1==0.0000,
Current Max Metrics Index : 14 Current Min Loss Index : 26 Epoch Time: 0m 12s Tau : 0.34

-------------------------------------Iter37-------------------------------------
Train: final loss=0.725882, aspect loss=0.032694, opinion loss=0.000000, domain loss=0.693115, sentiment loss=0.000000, reg loss=0.000000, step=54796
Dev:   final loss=0.200445, aspect loss=0.200445, opinion loss=0.000000, sentiment loss=0.000000, reg loss=0.000000, step=54796
Dev:   aspect f1=0.4081, opinion f1=0.0000, sentiment acc==0.0000, sentiment f1==0.0000, ABSA f1==0.0000,
Test:  aspect f1=0.4081, opinion f1=0.0000, sentiment acc==0.0000, sentiment f1==0.0000, ABSA f1==0.0000,
Current Max Metrics Index : 14 Current Min Loss Index : 26 Epoch Time: 0m 12s Tau : 0.33

-------------------------------------Iter38-------------------------------------
Train: final loss=0.724508, aspect loss=0.030833, opinion loss=0.000000, domain loss=0.693526, sentiment loss=0.000000, reg loss=0.000000, step=56238
Dev:   final loss=0.220846, aspect loss=0.220846, opinion loss=0.000000, sentiment loss=0.000000, reg loss=0.000000, step=56238
Dev:   aspect f1=0.4046, opinion f1=0.0000, sentiment acc==0.0000, sentiment f1==0.0000, ABSA f1==0.0000,
Test:  aspect f1=0.4046, opinion f1=0.0000, sentiment acc==0.0000, sentiment f1==0.0000, ABSA f1==0.0000,
Current Max Metrics Index : 14 Current Min Loss Index : 26 Epoch Time: 0m 12s Tau : 0.32

-------------------------------------Iter39-------------------------------------
Train: final loss=0.724255, aspect loss=0.030855, opinion loss=0.000000, domain loss=0.693369, sentiment loss=0.000000, reg loss=0.000000, step=57680
Dev:   final loss=0.230336, aspect loss=0.230336, opinion loss=0.000000, sentiment loss=0.000000, reg loss=0.000000, step=57680
Dev:   aspect f1=0.4045, opinion f1=0.0000, sentiment acc==0.0000, sentiment f1==0.0000, ABSA f1==0.0000,
Test:  aspect f1=0.4045, opinion f1=0.0000, sentiment acc==0.0000, sentiment f1==0.0000, ABSA f1==0.0000,
Current Max Metrics Index : 14 Current Min Loss Index : 26 Epoch Time: 0m 12s Tau : 0.31

-------------------------------------Iter40-------------------------------------
Train: final loss=0.724328, aspect loss=0.030576, opinion loss=0.000000, domain loss=0.693594, sentiment loss=0.000000, reg loss=0.000000, step=59122
Dev:   final loss=0.207930, aspect loss=0.207930, opinion loss=0.000000, sentiment loss=0.000000, reg loss=0.000000, step=59122
Dev:   aspect f1=0.4077, opinion f1=0.0000, sentiment acc==0.0000, sentiment f1==0.0000, ABSA f1==0.0000,
Test:  aspect f1=0.4077, opinion f1=0.0000, sentiment acc==0.0000, sentiment f1==0.0000, ABSA f1==0.0000,
Current Max Metrics Index : 14 Current Min Loss Index : 26 Epoch Time: 0m 12s Tau : 0.30

-------------------------------------Iter41-------------------------------------
Train: final loss=0.722928, aspect loss=0.029961, opinion loss=0.000000, domain loss=0.692803, sentiment loss=0.000000, reg loss=0.000000, step=60564
Dev:   final loss=0.223520, aspect loss=0.223520, opinion loss=0.000000, sentiment loss=0.000000, reg loss=0.000000, step=60564
Dev:   aspect f1=0.4105, opinion f1=0.0000, sentiment acc==0.0000, sentiment f1==0.0000, ABSA f1==0.0000,
Test:  aspect f1=0.4105, opinion f1=0.0000, sentiment acc==0.0000, sentiment f1==0.0000, ABSA f1==0.0000,
Current Max Metrics Index : 14 Current Min Loss Index : 26 Epoch Time: 0m 12s Tau : 0.29

-------------------------------------Iter42-------------------------------------
Train: final loss=0.723077, aspect loss=0.029479, opinion loss=0.000000, domain loss=0.693598, sentiment loss=0.000000, reg loss=0.000000, step=62006
Dev:   final loss=0.225375, aspect loss=0.225375, opinion loss=0.000000, sentiment loss=0.000000, reg loss=0.000000, step=62006
Dev:   aspect f1=0.4125, opinion f1=0.0000, sentiment acc==0.0000, sentiment f1==0.0000, ABSA f1==0.0000,
Test:  aspect f1=0.4125, opinion f1=0.0000, sentiment acc==0.0000, sentiment f1==0.0000, ABSA f1==0.0000,
Current Max Metrics Index : 14 Current Min Loss Index : 26 Epoch Time: 0m 12s Tau : 0.28

-------------------------------------Iter43-------------------------------------
Train: final loss=0.722402, aspect loss=0.029329, opinion loss=0.000000, domain loss=0.692995, sentiment loss=0.000000, reg loss=0.000000, step=63448
Dev:   final loss=0.218713, aspect loss=0.218713, opinion loss=0.000000, sentiment loss=0.000000, reg loss=0.000000, step=63448
Dev:   aspect f1=0.4024, opinion f1=0.0000, sentiment acc==0.0000, sentiment f1==0.0000, ABSA f1==0.0000,
Test:  aspect f1=0.4024, opinion f1=0.0000, sentiment acc==0.0000, sentiment f1==0.0000, ABSA f1==0.0000,
Current Max Metrics Index : 14 Current Min Loss Index : 26 Epoch Time: 0m 12s Tau : 0.28

-------------------------------------Iter44-------------------------------------
Train: final loss=0.721673, aspect loss=0.028501, opinion loss=0.000000, domain loss=0.693227, sentiment loss=0.000000, reg loss=0.000000, step=64890
Dev:   final loss=0.245571, aspect loss=0.245571, opinion loss=0.000000, sentiment loss=0.000000, reg loss=0.000000, step=64890
Dev:   aspect f1=0.3976, opinion f1=0.0000, sentiment acc==0.0000, sentiment f1==0.0000, ABSA f1==0.0000,
Test:  aspect f1=0.3976, opinion f1=0.0000, sentiment acc==0.0000, sentiment f1==0.0000, ABSA f1==0.0000,
Current Max Metrics Index : 14 Current Min Loss Index : 26 Epoch Time: 0m 12s Tau : 0.27

-------------------------------------Iter45-------------------------------------
Train: final loss=0.720755, aspect loss=0.027317, opinion loss=0.000000, domain loss=0.693411, sentiment loss=0.000000, reg loss=0.000000, step=66332
Dev:   final loss=0.243111, aspect loss=0.243111, opinion loss=0.000000, sentiment loss=0.000000, reg loss=0.000000, step=66332
Dev:   aspect f1=0.4015, opinion f1=0.0000, sentiment acc==0.0000, sentiment f1==0.0000, ABSA f1==0.0000,
Test:  aspect f1=0.4015, opinion f1=0.0000, sentiment acc==0.0000, sentiment f1==0.0000, ABSA f1==0.0000,
Current Max Metrics Index : 14 Current Min Loss Index : 26 Epoch Time: 0m 12s Tau : 0.26

-------------------------------------Iter46-------------------------------------
Train: final loss=0.719577, aspect loss=0.027305, opinion loss=0.000000, domain loss=0.692489, sentiment loss=0.000000, reg loss=0.000000, step=67774
Dev:   final loss=0.200914, aspect loss=0.200914, opinion loss=0.000000, sentiment loss=0.000000, reg loss=0.000000, step=67774
Dev:   aspect f1=0.4211, opinion f1=0.0000, sentiment acc==0.0000, sentiment f1==0.0000, ABSA f1==0.0000,
Test:  aspect f1=0.4211, opinion f1=0.0000, sentiment acc==0.0000, sentiment f1==0.0000, ABSA f1==0.0000,
Current Max Metrics Index : 14 Current Min Loss Index : 26 Epoch Time: 0m 12s Tau : 0.25

-------------------------------------Iter47-------------------------------------
Train: final loss=0.720606, aspect loss=0.026954, opinion loss=0.000000, domain loss=0.693282, sentiment loss=0.000000, reg loss=0.000000, step=69216
Dev:   final loss=0.231646, aspect loss=0.231646, opinion loss=0.000000, sentiment loss=0.000000, reg loss=0.000000, step=69216
Dev:   aspect f1=0.4050, opinion f1=0.0000, sentiment acc==0.0000, sentiment f1==0.0000, ABSA f1==0.0000,
Test:  aspect f1=0.4050, opinion f1=0.0000, sentiment acc==0.0000, sentiment f1==0.0000, ABSA f1==0.0000,
Current Max Metrics Index : 14 Current Min Loss Index : 26 Epoch Time: 0m 12s Tau : 0.24

-------------------------------------Iter48-------------------------------------
Train: final loss=0.719925, aspect loss=0.026940, opinion loss=0.000000, domain loss=0.693109, sentiment loss=0.000000, reg loss=0.000000, step=70658
Dev:   final loss=0.228037, aspect loss=0.228037, opinion loss=0.000000, sentiment loss=0.000000, reg loss=0.000000, step=70658
Dev:   aspect f1=0.4022, opinion f1=0.0000, sentiment acc==0.0000, sentiment f1==0.0000, ABSA f1==0.0000,
Test:  aspect f1=0.4022, opinion f1=0.0000, sentiment acc==0.0000, sentiment f1==0.0000, ABSA f1==0.0000,
Current Max Metrics Index : 14 Current Min Loss Index : 26 Epoch Time: 0m 12s Tau : 0.24

-------------------------------------Iter49-------------------------------------
Train: final loss=0.718398, aspect loss=0.025460, opinion loss=0.000000, domain loss=0.692718, sentiment loss=0.000000, reg loss=0.000000, step=72100
Dev:   final loss=0.247902, aspect loss=0.247902, opinion loss=0.000000, sentiment loss=0.000000, reg loss=0.000000, step=72100
Dev:   aspect f1=0.3952, opinion f1=0.0000, sentiment acc==0.0000, sentiment f1==0.0000, ABSA f1==0.0000,
Test:  aspect f1=0.3952, opinion f1=0.0000, sentiment acc==0.0000, sentiment f1==0.0000, ABSA f1==0.0000,
Current Max Metrics Index : 14 Current Min Loss Index : 26 Epoch Time: 0m 12s Tau : 0.23

-------------------------------------Iter50-------------------------------------
Train: final loss=0.719839, aspect loss=0.026431, opinion loss=0.000000, domain loss=0.693457, sentiment loss=0.000000, reg loss=0.000000, step=73542
Dev:   final loss=0.227227, aspect loss=0.227227, opinion loss=0.000000, sentiment loss=0.000000, reg loss=0.000000, step=73542
Dev:   aspect f1=0.4047, opinion f1=0.0000, sentiment acc==0.0000, sentiment f1==0.0000, ABSA f1==0.0000,
Test:  aspect f1=0.4047, opinion f1=0.0000, sentiment acc==0.0000, sentiment f1==0.0000, ABSA f1==0.0000,
Current Max Metrics Index : 14 Current Min Loss Index : 26 Epoch Time: 0m 12s Tau : 0.22

-------------------------------------Iter51-------------------------------------
Train: final loss=0.718782, aspect loss=0.025481, opinion loss=0.000000, domain loss=0.693392, sentiment loss=0.000000, reg loss=0.000000, step=74984
Dev:   final loss=0.238597, aspect loss=0.238597, opinion loss=0.000000, sentiment loss=0.000000, reg loss=0.000000, step=74984
Dev:   aspect f1=0.4027, opinion f1=0.0000, sentiment acc==0.0000, sentiment f1==0.0000, ABSA f1==0.0000,
Test:  aspect f1=0.4027, opinion f1=0.0000, sentiment acc==0.0000, sentiment f1==0.0000, ABSA f1==0.0000,
Current Max Metrics Index : 14 Current Min Loss Index : 26 Epoch Time: 0m 12s Tau : 0.22

-------------------------------------Iter52-------------------------------------
Train: final loss=0.718891, aspect loss=0.025347, opinion loss=0.000000, domain loss=0.693545, sentiment loss=0.000000, reg loss=0.000000, step=76426
Dev:   final loss=0.247562, aspect loss=0.247562, opinion loss=0.000000, sentiment loss=0.000000, reg loss=0.000000, step=76426
Dev:   aspect f1=0.3964, opinion f1=0.0000, sentiment acc==0.0000, sentiment f1==0.0000, ABSA f1==0.0000,
Test:  aspect f1=0.3964, opinion f1=0.0000, sentiment acc==0.0000, sentiment f1==0.0000, ABSA f1==0.0000,
Current Max Metrics Index : 14 Current Min Loss Index : 26 Epoch Time: 0m 12s Tau : 0.21

-------------------------------------Iter53-------------------------------------
Train: final loss=0.718810, aspect loss=0.025449, opinion loss=0.000000, domain loss=0.693235, sentiment loss=0.000000, reg loss=0.000000, step=77868
Dev:   final loss=0.256758, aspect loss=0.256758, opinion loss=0.000000, sentiment loss=0.000000, reg loss=0.000000, step=77868
Dev:   aspect f1=0.3993, opinion f1=0.0000, sentiment acc==0.0000, sentiment f1==0.0000, ABSA f1==0.0000,
Test:  aspect f1=0.3993, opinion f1=0.0000, sentiment acc==0.0000, sentiment f1==0.0000, ABSA f1==0.0000,
Current Max Metrics Index : 14 Current Min Loss Index : 26 Epoch Time: 0m 12s Tau : 0.20

-------------------------------------Iter54-------------------------------------
Train: final loss=0.719175, aspect loss=0.025800, opinion loss=0.000000, domain loss=0.693387, sentiment loss=0.000000, reg loss=0.000000, step=79310
Dev:   final loss=0.230196, aspect loss=0.230196, opinion loss=0.000000, sentiment loss=0.000000, reg loss=0.000000, step=79310
Dev:   aspect f1=0.3990, opinion f1=0.0000, sentiment acc==0.0000, sentiment f1==0.0000, ABSA f1==0.0000,
Test:  aspect f1=0.3990, opinion f1=0.0000, sentiment acc==0.0000, sentiment f1==0.0000, ABSA f1==0.0000,
Current Max Metrics Index : 14 Current Min Loss Index : 26 Epoch Time: 0m 12s Tau : 0.20

-------------------------------------Iter55-------------------------------------
Train: final loss=0.718187, aspect loss=0.024944, opinion loss=0.000000, domain loss=0.693268, sentiment loss=0.000000, reg loss=0.000000, step=80752
Dev:   final loss=0.213802, aspect loss=0.213802, opinion loss=0.000000, sentiment loss=0.000000, reg loss=0.000000, step=80752
Dev:   aspect f1=0.4066, opinion f1=0.0000, sentiment acc==0.0000, sentiment f1==0.0000, ABSA f1==0.0000,
Test:  aspect f1=0.4066, opinion f1=0.0000, sentiment acc==0.0000, sentiment f1==0.0000, ABSA f1==0.0000,
Current Max Metrics Index : 14 Current Min Loss Index : 26 Epoch Time: 0m 12s Tau : 0.19

-------------------------------------Iter56-------------------------------------
Train: final loss=0.717685, aspect loss=0.024551, opinion loss=0.000000, domain loss=0.693127, sentiment loss=0.000000, reg loss=0.000000, step=82194
Dev:   final loss=0.230931, aspect loss=0.230931, opinion loss=0.000000, sentiment loss=0.000000, reg loss=0.000000, step=82194
Dev:   aspect f1=0.4071, opinion f1=0.0000, sentiment acc==0.0000, sentiment f1==0.0000, ABSA f1==0.0000,
Test:  aspect f1=0.4071, opinion f1=0.0000, sentiment acc==0.0000, sentiment f1==0.0000, ABSA f1==0.0000,
Current Max Metrics Index : 14 Current Min Loss Index : 26 Epoch Time: 0m 12s Tau : 0.19

-------------------------------------Iter57-------------------------------------
Train: final loss=0.717877, aspect loss=0.024529, opinion loss=0.000000, domain loss=0.693229, sentiment loss=0.000000, reg loss=0.000000, step=83636
Dev:   final loss=0.276602, aspect loss=0.276602, opinion loss=0.000000, sentiment loss=0.000000, reg loss=0.000000, step=83636
Dev:   aspect f1=0.3964, opinion f1=0.0000, sentiment acc==0.0000, sentiment f1==0.0000, ABSA f1==0.0000,
Test:  aspect f1=0.3964, opinion f1=0.0000, sentiment acc==0.0000, sentiment f1==0.0000, ABSA f1==0.0000,
Current Max Metrics Index : 14 Current Min Loss Index : 26 Epoch Time: 0m 12s Tau : 0.18

-------------------------------------Iter58-------------------------------------
Train: final loss=0.717499, aspect loss=0.024114, opinion loss=0.000000, domain loss=0.693499, sentiment loss=0.000000, reg loss=0.000000, step=85078
Dev:   final loss=0.240232, aspect loss=0.240232, opinion loss=0.000000, sentiment loss=0.000000, reg loss=0.000000, step=85078
Dev:   aspect f1=0.4065, opinion f1=0.0000, sentiment acc==0.0000, sentiment f1==0.0000, ABSA f1==0.0000,
Test:  aspect f1=0.4065, opinion f1=0.0000, sentiment acc==0.0000, sentiment f1==0.0000, ABSA f1==0.0000,
Current Max Metrics Index : 14 Current Min Loss Index : 26 Epoch Time: 0m 12s Tau : 0.18

-------------------------------------Iter59-------------------------------------
Train: final loss=0.717784, aspect loss=0.024402, opinion loss=0.000000, domain loss=0.693260, sentiment loss=0.000000, reg loss=0.000000, step=86520
Dev:   final loss=0.226321, aspect loss=0.226321, opinion loss=0.000000, sentiment loss=0.000000, reg loss=0.000000, step=86520
Dev:   aspect f1=0.4030, opinion f1=0.0000, sentiment acc==0.0000, sentiment f1==0.0000, ABSA f1==0.0000,
Test:  aspect f1=0.4030, opinion f1=0.0000, sentiment acc==0.0000, sentiment f1==0.0000, ABSA f1==0.0000,
Current Max Metrics Index : 14 Current Min Loss Index : 26 Epoch Time: 0m 12s Tau : 0.17

-------------------------------------Iter60-------------------------------------
Train: final loss=0.716799, aspect loss=0.023186, opinion loss=0.000000, domain loss=0.693537, sentiment loss=0.000000, reg loss=0.000000, step=87962
Dev:   final loss=0.252693, aspect loss=0.252693, opinion loss=0.000000, sentiment loss=0.000000, reg loss=0.000000, step=87962
Dev:   aspect f1=0.3966, opinion f1=0.0000, sentiment acc==0.0000, sentiment f1==0.0000, ABSA f1==0.0000,
Test:  aspect f1=0.3966, opinion f1=0.0000, sentiment acc==0.0000, sentiment f1==0.0000, ABSA f1==0.0000,
Current Max Metrics Index : 14 Current Min Loss Index : 26 Epoch Time: 0m 12s Tau : 0.17

-------------------------------------Iter61-------------------------------------
Train: final loss=0.715413, aspect loss=0.022355, opinion loss=0.000000, domain loss=0.692874, sentiment loss=0.000000, reg loss=0.000000, step=89404
Dev:   final loss=0.265183, aspect loss=0.265183, opinion loss=0.000000, sentiment loss=0.000000, reg loss=0.000000, step=89404
Dev:   aspect f1=0.3893, opinion f1=0.0000, sentiment acc==0.0000, sentiment f1==0.0000, ABSA f1==0.0000,
Test:  aspect f1=0.3893, opinion f1=0.0000, sentiment acc==0.0000, sentiment f1==0.0000, ABSA f1==0.0000,
Current Max Metrics Index : 14 Current Min Loss Index : 26 Epoch Time: 0m 12s Tau : 0.16

-------------------------------------Iter62-------------------------------------
Train: final loss=0.715293, aspect loss=0.021688, opinion loss=0.000000, domain loss=0.693470, sentiment loss=0.000000, reg loss=0.000000, step=90846
Dev:   final loss=0.254621, aspect loss=0.254621, opinion loss=0.000000, sentiment loss=0.000000, reg loss=0.000000, step=90846
Dev:   aspect f1=0.4022, opinion f1=0.0000, sentiment acc==0.0000, sentiment f1==0.0000, ABSA f1==0.0000,
Test:  aspect f1=0.4022, opinion f1=0.0000, sentiment acc==0.0000, sentiment f1==0.0000, ABSA f1==0.0000,
Current Max Metrics Index : 14 Current Min Loss Index : 26 Epoch Time: 0m 12s Tau : 0.16

-------------------------------------Iter63-------------------------------------
Train: final loss=0.715514, aspect loss=0.021618, opinion loss=0.000000, domain loss=0.693758, sentiment loss=0.000000, reg loss=0.000000, step=92288
Dev:   final loss=0.230876, aspect loss=0.230876, opinion loss=0.000000, sentiment loss=0.000000, reg loss=0.000000, step=92288
Dev:   aspect f1=0.4104, opinion f1=0.0000, sentiment acc==0.0000, sentiment f1==0.0000, ABSA f1==0.0000,
Test:  aspect f1=0.4104, opinion f1=0.0000, sentiment acc==0.0000, sentiment f1==0.0000, ABSA f1==0.0000,
Current Max Metrics Index : 14 Current Min Loss Index : 26 Epoch Time: 0m 12s Tau : 0.15

-------------------------------------Iter64-------------------------------------
Train: final loss=0.715478, aspect loss=0.021916, opinion loss=0.000000, domain loss=0.693487, sentiment loss=0.000000, reg loss=0.000000, step=93730
Dev:   final loss=0.234620, aspect loss=0.234620, opinion loss=0.000000, sentiment loss=0.000000, reg loss=0.000000, step=93730
Dev:   aspect f1=0.4043, opinion f1=0.0000, sentiment acc==0.0000, sentiment f1==0.0000, ABSA f1==0.0000,
Test:  aspect f1=0.4043, opinion f1=0.0000, sentiment acc==0.0000, sentiment f1==0.0000, ABSA f1==0.0000,
Current Max Metrics Index : 14 Current Min Loss Index : 26 Epoch Time: 0m 12s Tau : 0.15

-------------------------------------Iter65-------------------------------------
Train: final loss=0.715085, aspect loss=0.021564, opinion loss=0.000000, domain loss=0.693583, sentiment loss=0.000000, reg loss=0.000000, step=95172
Dev:   final loss=0.235227, aspect loss=0.235227, opinion loss=0.000000, sentiment loss=0.000000, reg loss=0.000000, step=95172
Dev:   aspect f1=0.4090, opinion f1=0.0000, sentiment acc==0.0000, sentiment f1==0.0000, ABSA f1==0.0000,
Test:  aspect f1=0.4090, opinion f1=0.0000, sentiment acc==0.0000, sentiment f1==0.0000, ABSA f1==0.0000,
Current Max Metrics Index : 14 Current Min Loss Index : 26 Epoch Time: 0m 12s Tau : 0.14

-------------------------------------Iter66-------------------------------------
Train: final loss=0.715585, aspect loss=0.021920, opinion loss=0.000000, domain loss=0.693547, sentiment loss=0.000000, reg loss=0.000000, step=96614
Dev:   final loss=0.240334, aspect loss=0.240334, opinion loss=0.000000, sentiment loss=0.000000, reg loss=0.000000, step=96614
Dev:   aspect f1=0.4086, opinion f1=0.0000, sentiment acc==0.0000, sentiment f1==0.0000, ABSA f1==0.0000,
Test:  aspect f1=0.4086, opinion f1=0.0000, sentiment acc==0.0000, sentiment f1==0.0000, ABSA f1==0.0000,
Current Max Metrics Index : 14 Current Min Loss Index : 26 Epoch Time: 0m 12s Tau : 0.14

-------------------------------------Iter67-------------------------------------
Train: final loss=0.714588, aspect loss=0.021252, opinion loss=0.000000, domain loss=0.693294, sentiment loss=0.000000, reg loss=0.000000, step=98056
Dev:   final loss=0.253355, aspect loss=0.253355, opinion loss=0.000000, sentiment loss=0.000000, reg loss=0.000000, step=98056
Dev:   aspect f1=0.4049, opinion f1=0.0000, sentiment acc==0.0000, sentiment f1==0.0000, ABSA f1==0.0000,
Test:  aspect f1=0.4049, opinion f1=0.0000, sentiment acc==0.0000, sentiment f1==0.0000, ABSA f1==0.0000,
Current Max Metrics Index : 14 Current Min Loss Index : 26 Epoch Time: 0m 12s Tau : 0.13

-------------------------------------Iter68-------------------------------------
Train: final loss=0.715524, aspect loss=0.021679, opinion loss=0.000000, domain loss=0.693669, sentiment loss=0.000000, reg loss=0.000000, step=99498
Dev:   final loss=0.272417, aspect loss=0.272417, opinion loss=0.000000, sentiment loss=0.000000, reg loss=0.000000, step=99498
Dev:   aspect f1=0.3959, opinion f1=0.0000, sentiment acc==0.0000, sentiment f1==0.0000, ABSA f1==0.0000,
Test:  aspect f1=0.3959, opinion f1=0.0000, sentiment acc==0.0000, sentiment f1==0.0000, ABSA f1==0.0000,
Current Max Metrics Index : 14 Current Min Loss Index : 26 Epoch Time: 0m 12s Tau : 0.13

-------------------------------------Iter69-------------------------------------
Train: final loss=0.714037, aspect loss=0.020960, opinion loss=0.000000, domain loss=0.692989, sentiment loss=0.000000, reg loss=0.000000, step=100940
Dev:   final loss=0.236736, aspect loss=0.236736, opinion loss=0.000000, sentiment loss=0.000000, reg loss=0.000000, step=100940
Dev:   aspect f1=0.4099, opinion f1=0.0000, sentiment acc==0.0000, sentiment f1==0.0000, ABSA f1==0.0000,
Test:  aspect f1=0.4099, opinion f1=0.0000, sentiment acc==0.0000, sentiment f1==0.0000, ABSA f1==0.0000,
Current Max Metrics Index : 14 Current Min Loss Index : 26 Epoch Time: 0m 12s Tau : 0.13

-------------------------------------Iter70-------------------------------------
Train: final loss=0.714119, aspect loss=0.020515, opinion loss=0.000000, domain loss=0.693532, sentiment loss=0.000000, reg loss=0.000000, step=102382
Dev:   final loss=0.264026, aspect loss=0.264026, opinion loss=0.000000, sentiment loss=0.000000, reg loss=0.000000, step=102382
Dev:   aspect f1=0.4043, opinion f1=0.0000, sentiment acc==0.0000, sentiment f1==0.0000, ABSA f1==0.0000,
Test:  aspect f1=0.4043, opinion f1=0.0000, sentiment acc==0.0000, sentiment f1==0.0000, ABSA f1==0.0000,
Current Max Metrics Index : 14 Current Min Loss Index : 26 Epoch Time: 0m 12s Tau : 0.12

-------------------------------------Iter71-------------------------------------
Train: final loss=0.714716, aspect loss=0.021245, opinion loss=0.000000, domain loss=0.693252, sentiment loss=0.000000, reg loss=0.000000, step=103824
Dev:   final loss=0.293474, aspect loss=0.293474, opinion loss=0.000000, sentiment loss=0.000000, reg loss=0.000000, step=103824
Dev:   aspect f1=0.3981, opinion f1=0.0000, sentiment acc==0.0000, sentiment f1==0.0000, ABSA f1==0.0000,
Test:  aspect f1=0.3981, opinion f1=0.0000, sentiment acc==0.0000, sentiment f1==0.0000, ABSA f1==0.0000,
Current Max Metrics Index : 14 Current Min Loss Index : 26 Epoch Time: 0m 12s Tau : 0.12

-------------------------------------Iter72-------------------------------------
Train: final loss=0.713107, aspect loss=0.019985, opinion loss=0.000000, domain loss=0.692965, sentiment loss=0.000000, reg loss=0.000000, step=105266
Dev:   final loss=0.284274, aspect loss=0.284274, opinion loss=0.000000, sentiment loss=0.000000, reg loss=0.000000, step=105266
Dev:   aspect f1=0.3990, opinion f1=0.0000, sentiment acc==0.0000, sentiment f1==0.0000, ABSA f1==0.0000,
Test:  aspect f1=0.3990, opinion f1=0.0000, sentiment acc==0.0000, sentiment f1==0.0000, ABSA f1==0.0000,
Current Max Metrics Index : 14 Current Min Loss Index : 26 Epoch Time: 0m 12s Tau : 0.12

-------------------------------------Iter73-------------------------------------
Train: final loss=0.713667, aspect loss=0.020454, opinion loss=0.000000, domain loss=0.693336, sentiment loss=0.000000, reg loss=0.000000, step=106708
Dev:   final loss=0.266410, aspect loss=0.266410, opinion loss=0.000000, sentiment loss=0.000000, reg loss=0.000000, step=106708
Dev:   aspect f1=0.4059, opinion f1=0.0000, sentiment acc==0.0000, sentiment f1==0.0000, ABSA f1==0.0000,
Test:  aspect f1=0.4059, opinion f1=0.0000, sentiment acc==0.0000, sentiment f1==0.0000, ABSA f1==0.0000,
Current Max Metrics Index : 14 Current Min Loss Index : 26 Epoch Time: 0m 12s Tau : 0.11

-------------------------------------Iter74-------------------------------------
Train: final loss=0.713727, aspect loss=0.020124, opinion loss=0.000000, domain loss=0.693489, sentiment loss=0.000000, reg loss=0.000000, step=108150
Dev:   final loss=0.276290, aspect loss=0.276290, opinion loss=0.000000, sentiment loss=0.000000, reg loss=0.000000, step=108150
Dev:   aspect f1=0.4083, opinion f1=0.0000, sentiment acc==0.0000, sentiment f1==0.0000, ABSA f1==0.0000,
Test:  aspect f1=0.4083, opinion f1=0.0000, sentiment acc==0.0000, sentiment f1==0.0000, ABSA f1==0.0000,
Current Max Metrics Index : 14 Current Min Loss Index : 26 Epoch Time: 0m 12s Tau : 0.11

-------------------------------------Iter75-------------------------------------
Train: final loss=0.712996, aspect loss=0.019785, opinion loss=0.000000, domain loss=0.693228, sentiment loss=0.000000, reg loss=0.000000, step=109592
Dev:   final loss=0.255385, aspect loss=0.255385, opinion loss=0.000000, sentiment loss=0.000000, reg loss=0.000000, step=109592
Dev:   aspect f1=0.4020, opinion f1=0.0000, sentiment acc==0.0000, sentiment f1==0.0000, ABSA f1==0.0000,
Test:  aspect f1=0.4020, opinion f1=0.0000, sentiment acc==0.0000, sentiment f1==0.0000, ABSA f1==0.0000,
Current Max Metrics Index : 14 Current Min Loss Index : 26 Epoch Time: 0m 12s Tau : 0.11

-------------------------------------Iter76-------------------------------------
Train: final loss=0.712721, aspect loss=0.019711, opinion loss=0.000000, domain loss=0.693019, sentiment loss=0.000000, reg loss=0.000000, step=111034
Dev:   final loss=0.279486, aspect loss=0.279486, opinion loss=0.000000, sentiment loss=0.000000, reg loss=0.000000, step=111034
Dev:   aspect f1=0.4030, opinion f1=0.0000, sentiment acc==0.0000, sentiment f1==0.0000, ABSA f1==0.0000,
Test:  aspect f1=0.4030, opinion f1=0.0000, sentiment acc==0.0000, sentiment f1==0.0000, ABSA f1==0.0000,
Current Max Metrics Index : 14 Current Min Loss Index : 26 Epoch Time: 0m 12s Tau : 0.10

-------------------------------------Iter77-------------------------------------
Train: final loss=0.712780, aspect loss=0.019649, opinion loss=0.000000, domain loss=0.693031, sentiment loss=0.000000, reg loss=0.000000, step=112476
Dev:   final loss=0.274944, aspect loss=0.274944, opinion loss=0.000000, sentiment loss=0.000000, reg loss=0.000000, step=112476
Dev:   aspect f1=0.4071, opinion f1=0.0000, sentiment acc==0.0000, sentiment f1==0.0000, ABSA f1==0.0000,
Test:  aspect f1=0.4071, opinion f1=0.0000, sentiment acc==0.0000, sentiment f1==0.0000, ABSA f1==0.0000,
Current Max Metrics Index : 14 Current Min Loss Index : 26 Epoch Time: 0m 12s Tau : 0.10

-------------------------------------Iter78-------------------------------------
Train: final loss=0.713268, aspect loss=0.019716, opinion loss=0.000000, domain loss=0.693415, sentiment loss=0.000000, reg loss=0.000000, step=113918
Dev:   final loss=0.250063, aspect loss=0.250063, opinion loss=0.000000, sentiment loss=0.000000, reg loss=0.000000, step=113918
Dev:   aspect f1=0.4065, opinion f1=0.0000, sentiment acc==0.0000, sentiment f1==0.0000, ABSA f1==0.0000,
Test:  aspect f1=0.4065, opinion f1=0.0000, sentiment acc==0.0000, sentiment f1==0.0000, ABSA f1==0.0000,
Current Max Metrics Index : 14 Current Min Loss Index : 26 Epoch Time: 0m 12s Tau : 0.10

-------------------------------------Iter79-------------------------------------
Train: final loss=0.713603, aspect loss=0.020251, opinion loss=0.000000, domain loss=0.693277, sentiment loss=0.000000, reg loss=0.000000, step=115360
Dev:   final loss=0.276521, aspect loss=0.276521, opinion loss=0.000000, sentiment loss=0.000000, reg loss=0.000000, step=115360
Dev:   aspect f1=0.3906, opinion f1=0.0000, sentiment acc==0.0000, sentiment f1==0.0000, ABSA f1==0.0000,
Test:  aspect f1=0.3906, opinion f1=0.0000, sentiment acc==0.0000, sentiment f1==0.0000, ABSA f1==0.0000,
Current Max Metrics Index : 14 Current Min Loss Index : 26 Epoch Time: 0m 12s Tau : 0.10

-------------------------------------Iter80-------------------------------------
Train: final loss=0.712505, aspect loss=0.019249, opinion loss=0.000000, domain loss=0.693160, sentiment loss=0.000000, reg loss=0.000000, step=116802
Dev:   final loss=0.286750, aspect loss=0.286750, opinion loss=0.000000, sentiment loss=0.000000, reg loss=0.000000, step=116802
Dev:   aspect f1=0.3834, opinion f1=0.0000, sentiment acc==0.0000, sentiment f1==0.0000, ABSA f1==0.0000,
Test:  aspect f1=0.3834, opinion f1=0.0000, sentiment acc==0.0000, sentiment f1==0.0000, ABSA f1==0.0000,
Current Max Metrics Index : 14 Current Min Loss Index : 26 Epoch Time: 0m 12s Tau : 0.10

-------------------------------------Iter81-------------------------------------
Train: final loss=0.712702, aspect loss=0.019474, opinion loss=0.000000, domain loss=0.693140, sentiment loss=0.000000, reg loss=0.000000, step=118244
Dev:   final loss=0.272012, aspect loss=0.272012, opinion loss=0.000000, sentiment loss=0.000000, reg loss=0.000000, step=118244
Dev:   aspect f1=0.4002, opinion f1=0.0000, sentiment acc==0.0000, sentiment f1==0.0000, ABSA f1==0.0000,
Test:  aspect f1=0.4002, opinion f1=0.0000, sentiment acc==0.0000, sentiment f1==0.0000, ABSA f1==0.0000,
Current Max Metrics Index : 14 Current Min Loss Index : 26 Epoch Time: 0m 12s Tau : 0.10

-------------------------------------Iter82-------------------------------------
Train: final loss=0.711579, aspect loss=0.018526, opinion loss=0.000000, domain loss=0.692936, sentiment loss=0.000000, reg loss=0.000000, step=119686
Dev:   final loss=0.252472, aspect loss=0.252472, opinion loss=0.000000, sentiment loss=0.000000, reg loss=0.000000, step=119686
Dev:   aspect f1=0.4112, opinion f1=0.0000, sentiment acc==0.0000, sentiment f1==0.0000, ABSA f1==0.0000,
Test:  aspect f1=0.4112, opinion f1=0.0000, sentiment acc==0.0000, sentiment f1==0.0000, ABSA f1==0.0000,
Current Max Metrics Index : 14 Current Min Loss Index : 26 Epoch Time: 0m 12s Tau : 0.10

-------------------------------------Iter83-------------------------------------
Train: final loss=0.711296, aspect loss=0.018245, opinion loss=0.000000, domain loss=0.693034, sentiment loss=0.000000, reg loss=0.000000, step=121128
Dev:   final loss=0.273814, aspect loss=0.273814, opinion loss=0.000000, sentiment loss=0.000000, reg loss=0.000000, step=121128
Dev:   aspect f1=0.4010, opinion f1=0.0000, sentiment acc==0.0000, sentiment f1==0.0000, ABSA f1==0.0000,
Test:  aspect f1=0.4010, opinion f1=0.0000, sentiment acc==0.0000, sentiment f1==0.0000, ABSA f1==0.0000,
Current Max Metrics Index : 14 Current Min Loss Index : 26 Epoch Time: 0m 12s Tau : 0.10

-------------------------------------Iter84-------------------------------------
Train: final loss=0.712341, aspect loss=0.018772, opinion loss=0.000000, domain loss=0.693511, sentiment loss=0.000000, reg loss=0.000000, step=122570
Dev:   final loss=0.256393, aspect loss=0.256393, opinion loss=0.000000, sentiment loss=0.000000, reg loss=0.000000, step=122570
Dev:   aspect f1=0.4046, opinion f1=0.0000, sentiment acc==0.0000, sentiment f1==0.0000, ABSA f1==0.0000,
Test:  aspect f1=0.4046, opinion f1=0.0000, sentiment acc==0.0000, sentiment f1==0.0000, ABSA f1==0.0000,
Current Max Metrics Index : 14 Current Min Loss Index : 26 Epoch Time: 0m 12s Tau : 0.10

-------------------------------------Iter85-------------------------------------
Train: final loss=0.712655, aspect loss=0.019259, opinion loss=0.000000, domain loss=0.693389, sentiment loss=0.000000, reg loss=0.000000, step=124012
Dev:   final loss=0.278552, aspect loss=0.278552, opinion loss=0.000000, sentiment loss=0.000000, reg loss=0.000000, step=124012
Dev:   aspect f1=0.4102, opinion f1=0.0000, sentiment acc==0.0000, sentiment f1==0.0000, ABSA f1==0.0000,
Test:  aspect f1=0.4102, opinion f1=0.0000, sentiment acc==0.0000, sentiment f1==0.0000, ABSA f1==0.0000,
Current Max Metrics Index : 14 Current Min Loss Index : 26 Epoch Time: 0m 12s Tau : 0.10

-------------------------------------Iter86-------------------------------------
Train: final loss=0.711447, aspect loss=0.018308, opinion loss=0.000000, domain loss=0.693384, sentiment loss=0.000000, reg loss=0.000000, step=125454
Dev:   final loss=0.259114, aspect loss=0.259114, opinion loss=0.000000, sentiment loss=0.000000, reg loss=0.000000, step=125454
Dev:   aspect f1=0.4033, opinion f1=0.0000, sentiment acc==0.0000, sentiment f1==0.0000, ABSA f1==0.0000,
Test:  aspect f1=0.4033, opinion f1=0.0000, sentiment acc==0.0000, sentiment f1==0.0000, ABSA f1==0.0000,
Current Max Metrics Index : 14 Current Min Loss Index : 26 Epoch Time: 0m 12s Tau : 0.10

-------------------------------------Iter87-------------------------------------
Train: final loss=0.711239, aspect loss=0.017964, opinion loss=0.000000, domain loss=0.693303, sentiment loss=0.000000, reg loss=0.000000, step=126896
Dev:   final loss=0.274358, aspect loss=0.274358, opinion loss=0.000000, sentiment loss=0.000000, reg loss=0.000000, step=126896
Dev:   aspect f1=0.4045, opinion f1=0.0000, sentiment acc==0.0000, sentiment f1==0.0000, ABSA f1==0.0000,
Test:  aspect f1=0.4045, opinion f1=0.0000, sentiment acc==0.0000, sentiment f1==0.0000, ABSA f1==0.0000,
Current Max Metrics Index : 14 Current Min Loss Index : 26 Epoch Time: 0m 12s Tau : 0.10

-------------------------------------Iter88-------------------------------------
Train: final loss=0.711333, aspect loss=0.018094, opinion loss=0.000000, domain loss=0.693329, sentiment loss=0.000000, reg loss=0.000000, step=128338
Dev:   final loss=0.307104, aspect loss=0.307104, opinion loss=0.000000, sentiment loss=0.000000, reg loss=0.000000, step=128338
Dev:   aspect f1=0.4099, opinion f1=0.0000, sentiment acc==0.0000, sentiment f1==0.0000, ABSA f1==0.0000,
Test:  aspect f1=0.4099, opinion f1=0.0000, sentiment acc==0.0000, sentiment f1==0.0000, ABSA f1==0.0000,
Current Max Metrics Index : 14 Current Min Loss Index : 26 Epoch Time: 0m 12s Tau : 0.10

-------------------------------------Iter89-------------------------------------
Train: final loss=0.711742, aspect loss=0.018061, opinion loss=0.000000, domain loss=0.693613, sentiment loss=0.000000, reg loss=0.000000, step=129780
Dev:   final loss=0.306725, aspect loss=0.306725, opinion loss=0.000000, sentiment loss=0.000000, reg loss=0.000000, step=129780
Dev:   aspect f1=0.4065, opinion f1=0.0000, sentiment acc==0.0000, sentiment f1==0.0000, ABSA f1==0.0000,
Test:  aspect f1=0.4065, opinion f1=0.0000, sentiment acc==0.0000, sentiment f1==0.0000, ABSA f1==0.0000,
Current Max Metrics Index : 14 Current Min Loss Index : 26 Epoch Time: 0m 12s Tau : 0.10

-------------------------------------Iter90-------------------------------------
Train: final loss=0.710696, aspect loss=0.017740, opinion loss=0.000000, domain loss=0.693002, sentiment loss=0.000000, reg loss=0.000000, step=131222
Dev:   final loss=0.258548, aspect loss=0.258548, opinion loss=0.000000, sentiment loss=0.000000, reg loss=0.000000, step=131222
Dev:   aspect f1=0.4068, opinion f1=0.0000, sentiment acc==0.0000, sentiment f1==0.0000, ABSA f1==0.0000,
Test:  aspect f1=0.4068, opinion f1=0.0000, sentiment acc==0.0000, sentiment f1==0.0000, ABSA f1==0.0000,
Current Max Metrics Index : 14 Current Min Loss Index : 26 Epoch Time: 0m 12s Tau : 0.10

-------------------------------------Iter91-------------------------------------
Train: final loss=0.710217, aspect loss=0.017072, opinion loss=0.000000, domain loss=0.693227, sentiment loss=0.000000, reg loss=0.000000, step=132664
Dev:   final loss=0.261842, aspect loss=0.261842, opinion loss=0.000000, sentiment loss=0.000000, reg loss=0.000000, step=132664
Dev:   aspect f1=0.4138, opinion f1=0.0000, sentiment acc==0.0000, sentiment f1==0.0000, ABSA f1==0.0000,
Test:  aspect f1=0.4138, opinion f1=0.0000, sentiment acc==0.0000, sentiment f1==0.0000, ABSA f1==0.0000,
Current Max Metrics Index : 14 Current Min Loss Index : 26 Epoch Time: 0m 10s Tau : 0.10

-------------------------------------Iter92-------------------------------------
Train: final loss=0.711483, aspect loss=0.017859, opinion loss=0.000000, domain loss=0.693430, sentiment loss=0.000000, reg loss=0.000000, step=134106
Dev:   final loss=0.262178, aspect loss=0.262178, opinion loss=0.000000, sentiment loss=0.000000, reg loss=0.000000, step=134106
Dev:   aspect f1=0.4064, opinion f1=0.0000, sentiment acc==0.0000, sentiment f1==0.0000, ABSA f1==0.0000,
Test:  aspect f1=0.4064, opinion f1=0.0000, sentiment acc==0.0000, sentiment f1==0.0000, ABSA f1==0.0000,
Current Max Metrics Index : 14 Current Min Loss Index : 26 Epoch Time: 0m 11s Tau : 0.10

-------------------------------------Iter93-------------------------------------
Train: final loss=0.711427, aspect loss=0.018182, opinion loss=0.000000, domain loss=0.693279, sentiment loss=0.000000, reg loss=0.000000, step=135548
Dev:   final loss=0.249787, aspect loss=0.249787, opinion loss=0.000000, sentiment loss=0.000000, reg loss=0.000000, step=135548
Dev:   aspect f1=0.4137, opinion f1=0.0000, sentiment acc==0.0000, sentiment f1==0.0000, ABSA f1==0.0000,
Test:  aspect f1=0.4137, opinion f1=0.0000, sentiment acc==0.0000, sentiment f1==0.0000, ABSA f1==0.0000,
Current Max Metrics Index : 14 Current Min Loss Index : 26 Epoch Time: 0m 12s Tau : 0.10

-------------------------------------Iter94-------------------------------------
Train: final loss=0.710764, aspect loss=0.017507, opinion loss=0.000000, domain loss=0.693239, sentiment loss=0.000000, reg loss=0.000000, step=136990
Dev:   final loss=0.283900, aspect loss=0.283900, opinion loss=0.000000, sentiment loss=0.000000, reg loss=0.000000, step=136990
Dev:   aspect f1=0.4127, opinion f1=0.0000, sentiment acc==0.0000, sentiment f1==0.0000, ABSA f1==0.0000,
Test:  aspect f1=0.4127, opinion f1=0.0000, sentiment acc==0.0000, sentiment f1==0.0000, ABSA f1==0.0000,
Current Max Metrics Index : 14 Current Min Loss Index : 26 Epoch Time: 0m 12s Tau : 0.10

-------------------------------------Iter95-------------------------------------
Train: final loss=0.710478, aspect loss=0.017303, opinion loss=0.000000, domain loss=0.693198, sentiment loss=0.000000, reg loss=0.000000, step=138432
Dev:   final loss=0.309635, aspect loss=0.309635, opinion loss=0.000000, sentiment loss=0.000000, reg loss=0.000000, step=138432
Dev:   aspect f1=0.4000, opinion f1=0.0000, sentiment acc==0.0000, sentiment f1==0.0000, ABSA f1==0.0000,
Test:  aspect f1=0.4000, opinion f1=0.0000, sentiment acc==0.0000, sentiment f1==0.0000, ABSA f1==0.0000,
Current Max Metrics Index : 14 Current Min Loss Index : 26 Epoch Time: 0m 11s Tau : 0.10

-------------------------------------Iter96-------------------------------------
Train: final loss=0.710637, aspect loss=0.017295, opinion loss=0.000000, domain loss=0.693371, sentiment loss=0.000000, reg loss=0.000000, step=139874
Dev:   final loss=0.278503, aspect loss=0.278503, opinion loss=0.000000, sentiment loss=0.000000, reg loss=0.000000, step=139874
Dev:   aspect f1=0.3988, opinion f1=0.0000, sentiment acc==0.0000, sentiment f1==0.0000, ABSA f1==0.0000,
Test:  aspect f1=0.3988, opinion f1=0.0000, sentiment acc==0.0000, sentiment f1==0.0000, ABSA f1==0.0000,
Current Max Metrics Index : 14 Current Min Loss Index : 26 Epoch Time: 0m 12s Tau : 0.10

-------------------------------------Iter97-------------------------------------
Train: final loss=0.709830, aspect loss=0.016404, opinion loss=0.000000, domain loss=0.693282, sentiment loss=0.000000, reg loss=0.000000, step=141316
Dev:   final loss=0.289101, aspect loss=0.289101, opinion loss=0.000000, sentiment loss=0.000000, reg loss=0.000000, step=141316
Dev:   aspect f1=0.4064, opinion f1=0.0000, sentiment acc==0.0000, sentiment f1==0.0000, ABSA f1==0.0000,
Test:  aspect f1=0.4064, opinion f1=0.0000, sentiment acc==0.0000, sentiment f1==0.0000, ABSA f1==0.0000,
Current Max Metrics Index : 14 Current Min Loss Index : 26 Epoch Time: 0m 12s Tau : 0.10

-------------------------------------Iter98-------------------------------------
Train: final loss=0.710599, aspect loss=0.017027, opinion loss=0.000000, domain loss=0.693421, sentiment loss=0.000000, reg loss=0.000000, step=142758
Dev:   final loss=0.261935, aspect loss=0.261935, opinion loss=0.000000, sentiment loss=0.000000, reg loss=0.000000, step=142758
Dev:   aspect f1=0.4111, opinion f1=0.0000, sentiment acc==0.0000, sentiment f1==0.0000, ABSA f1==0.0000,
Test:  aspect f1=0.4111, opinion f1=0.0000, sentiment acc==0.0000, sentiment f1==0.0000, ABSA f1==0.0000,
Current Max Metrics Index : 14 Current Min Loss Index : 26 Epoch Time: 0m 12s Tau : 0.10

-------------------------------------Iter99-------------------------------------
Train: final loss=0.710156, aspect loss=0.016734, opinion loss=0.000000, domain loss=0.693335, sentiment loss=0.000000, reg loss=0.000000, step=144200
Dev:   final loss=0.269532, aspect loss=0.269532, opinion loss=0.000000, sentiment loss=0.000000, reg loss=0.000000, step=144200
Dev:   aspect f1=0.4119, opinion f1=0.0000, sentiment acc==0.0000, sentiment f1==0.0000, ABSA f1==0.0000,
Test:  aspect f1=0.4119, opinion f1=0.0000, sentiment acc==0.0000, sentiment f1==0.0000, ABSA f1==0.0000,
Current Max Metrics Index : 14 Current Min Loss Index : 26 Epoch Time: 0m 12s Tau : 0.10

--------------------------------Mission Complete--------------------------------
Dev Max Metrics Index: 14
aspect f1=42.89, opinion f1=0.00, sentiment acc==0.00, sentiment f1==0.00, ABSA f1==0.00,
Dev Min Loss Index: 26
aspect f1=42.84, opinion f1=0.00, sentiment acc==0.00, sentiment f1==0.00, ABSA f1==0.00,
Running Time: 19m 42s
