> log file: ./log/laptop-to-restaurant/[SynBridge]-210519-191155.log
cuda memory allocated: 10108928
n_trainable_params: 1431975, n_nontrainable_params: 1094700
> training arguments:
>>> source: laptop
>>> target: restaurant
>>> use_unlabel: 1
>>> use_syntactic: 1
>>> use_semantic: 0
>>> split: 2
>>> local_bert_path: F:\NLP\BERT-BASE-UNCASED
>>> model_name: DECNN
>>> batch_size: 8
>>> learning_rate: 0.0001
>>> lr_decay: 1e-05
>>> num_epoch: 100
>>> emb_dim: 100
>>> dep_dim: 50
>>> pos_dim: 50
>>> hidden_dim: 256
>>> keep_prob: 0.5
>>> l2_reg: 1e-05
>>> beta: 0.1
>>> kernel_size: 5
>>> hop_num: 2
>>> class_num: 3
>>> cluster_num: 200
>>> cate_num: 20
>>> seed: 111
>>> log_step: 5
>>> dynamic_gate: 1
>>> valset_num: 0
>>> reuse_embedding: 1
>>> optimizer: <class 'torch.optim.adam.Adam'>
>>> initializer: <function uniform_ at 0x7ff25e926c80>
>>> device: cuda:0
>>> ablation: None
>>> topk: 10
>>> name: [SynBridge]
>>> dataset_file: {'train': './data/laptop/train2/', 'unlabel': './data/restaurant/train2/', 'test': './data/restaurant/test2/'}
>>> model_class: <class 'models.decnn_base.DECNN'>
>>> inputs_cols: ['sentence', 'mask', 'position', 'keep_prob']
>>> max_sentence_len: 110

-------------------------------------Iter0--------------------------------------
Train: final loss=0.791490, aspect loss=0.116894, opinion loss=0.000000, domain loss=0.673683, sentiment loss=0.000000, reg loss=0.000000, step=1818
Dev:   final loss=0.230120, aspect loss=0.230120, opinion loss=0.000000, sentiment loss=0.000000, reg loss=0.000000, step=1818
Dev:   aspect f1=0.3168, opinion f1=0.0000, sentiment acc==0.0000, sentiment f1==0.0000, ABSA f1==0.0000,
Test:  aspect f1=0.3168, opinion f1=0.0000, sentiment acc==0.0000, sentiment f1==0.0000, ABSA f1==0.0000,
Current Max Metrics Index : 0 Current Min Loss Index : 0 Epoch Time: 0m 15s Tau : 1.00
>> Checkpoint Saved: state_dict/laptop-to-restaurant/[SynBridge]-ATE-F1-0.3168.pth

-------------------------------------Iter1--------------------------------------
Train: final loss=0.754833, aspect loss=0.081090, opinion loss=0.000000, domain loss=0.672854, sentiment loss=0.000000, reg loss=0.000000, step=3636
Dev:   final loss=0.211925, aspect loss=0.211925, opinion loss=0.000000, sentiment loss=0.000000, reg loss=0.000000, step=3636
Dev:   aspect f1=0.3857, opinion f1=0.0000, sentiment acc==0.0000, sentiment f1==0.0000, ABSA f1==0.0000,
Test:  aspect f1=0.3857, opinion f1=0.0000, sentiment acc==0.0000, sentiment f1==0.0000, ABSA f1==0.0000,
Current Max Metrics Index : 1 Current Min Loss Index : 1 Epoch Time: 0m 15s Tau : 0.97
>> Checkpoint Saved: state_dict/laptop-to-restaurant/[SynBridge]-ATE-F1-0.3857.pth

-------------------------------------Iter2--------------------------------------
Train: final loss=0.741671, aspect loss=0.070061, opinion loss=0.000000, domain loss=0.671548, sentiment loss=0.000000, reg loss=0.000000, step=5454
Dev:   final loss=0.202168, aspect loss=0.202168, opinion loss=0.000000, sentiment loss=0.000000, reg loss=0.000000, step=5454
Dev:   aspect f1=0.4774, opinion f1=0.0000, sentiment acc==0.0000, sentiment f1==0.0000, ABSA f1==0.0000,
Test:  aspect f1=0.4774, opinion f1=0.0000, sentiment acc==0.0000, sentiment f1==0.0000, ABSA f1==0.0000,
Current Max Metrics Index : 2 Current Min Loss Index : 2 Epoch Time: 0m 15s Tau : 0.94
>> Checkpoint Saved: state_dict/laptop-to-restaurant/[SynBridge]-ATE-F1-0.4774.pth

-------------------------------------Iter3--------------------------------------
Train: final loss=0.734371, aspect loss=0.064437, opinion loss=0.000000, domain loss=0.669543, sentiment loss=0.000000, reg loss=0.000000, step=7272
Dev:   final loss=0.189346, aspect loss=0.189346, opinion loss=0.000000, sentiment loss=0.000000, reg loss=0.000000, step=7272
Dev:   aspect f1=0.5695, opinion f1=0.0000, sentiment acc==0.0000, sentiment f1==0.0000, ABSA f1==0.0000,
Test:  aspect f1=0.5695, opinion f1=0.0000, sentiment acc==0.0000, sentiment f1==0.0000, ABSA f1==0.0000,
Current Max Metrics Index : 3 Current Min Loss Index : 3 Epoch Time: 0m 15s Tau : 0.91
>> Checkpoint Saved: state_dict/laptop-to-restaurant/[SynBridge]-ATE-F1-0.5695.pth

-------------------------------------Iter4--------------------------------------
Train: final loss=0.730880, aspect loss=0.060437, opinion loss=0.000000, domain loss=0.669741, sentiment loss=0.000000, reg loss=0.000000, step=9090
Dev:   final loss=0.191841, aspect loss=0.191841, opinion loss=0.000000, sentiment loss=0.000000, reg loss=0.000000, step=9090
Dev:   aspect f1=0.5836, opinion f1=0.0000, sentiment acc==0.0000, sentiment f1==0.0000, ABSA f1==0.0000,
Test:  aspect f1=0.5836, opinion f1=0.0000, sentiment acc==0.0000, sentiment f1==0.0000, ABSA f1==0.0000,
Current Max Metrics Index : 4 Current Min Loss Index : 3 Epoch Time: 0m 15s Tau : 0.89
>> Checkpoint Saved: state_dict/laptop-to-restaurant/[SynBridge]-ATE-F1-0.5836.pth

-------------------------------------Iter5--------------------------------------
Train: final loss=0.727661, aspect loss=0.057119, opinion loss=0.000000, domain loss=0.670492, sentiment loss=0.000000, reg loss=0.000000, step=10908
Dev:   final loss=0.180087, aspect loss=0.180087, opinion loss=0.000000, sentiment loss=0.000000, reg loss=0.000000, step=10908
Dev:   aspect f1=0.6086, opinion f1=0.0000, sentiment acc==0.0000, sentiment f1==0.0000, ABSA f1==0.0000,
Test:  aspect f1=0.6086, opinion f1=0.0000, sentiment acc==0.0000, sentiment f1==0.0000, ABSA f1==0.0000,
Current Max Metrics Index : 5 Current Min Loss Index : 5 Epoch Time: 0m 15s Tau : 0.86
>> Checkpoint Saved: state_dict/laptop-to-restaurant/[SynBridge]-ATE-F1-0.6086.pth

-------------------------------------Iter6--------------------------------------
Train: final loss=0.729020, aspect loss=0.056217, opinion loss=0.000000, domain loss=0.671300, sentiment loss=0.000000, reg loss=0.000000, step=12726
Dev:   final loss=0.181272, aspect loss=0.181272, opinion loss=0.000000, sentiment loss=0.000000, reg loss=0.000000, step=12726
Dev:   aspect f1=0.5765, opinion f1=0.0000, sentiment acc==0.0000, sentiment f1==0.0000, ABSA f1==0.0000,
Test:  aspect f1=0.5765, opinion f1=0.0000, sentiment acc==0.0000, sentiment f1==0.0000, ABSA f1==0.0000,
Current Max Metrics Index : 5 Current Min Loss Index : 5 Epoch Time: 0m 15s Tau : 0.84

-------------------------------------Iter7--------------------------------------
Train: final loss=0.726171, aspect loss=0.053169, opinion loss=0.000000, domain loss=0.671856, sentiment loss=0.000000, reg loss=0.000000, step=14544
Dev:   final loss=0.181424, aspect loss=0.181424, opinion loss=0.000000, sentiment loss=0.000000, reg loss=0.000000, step=14544
Dev:   aspect f1=0.6025, opinion f1=0.0000, sentiment acc==0.0000, sentiment f1==0.0000, ABSA f1==0.0000,
Test:  aspect f1=0.6025, opinion f1=0.0000, sentiment acc==0.0000, sentiment f1==0.0000, ABSA f1==0.0000,
Current Max Metrics Index : 5 Current Min Loss Index : 5 Epoch Time: 0m 15s Tau : 0.81

-------------------------------------Iter8--------------------------------------
Train: final loss=0.723834, aspect loss=0.051100, opinion loss=0.000000, domain loss=0.671187, sentiment loss=0.000000, reg loss=0.000000, step=16362
Dev:   final loss=0.181951, aspect loss=0.181951, opinion loss=0.000000, sentiment loss=0.000000, reg loss=0.000000, step=16362
Dev:   aspect f1=0.5791, opinion f1=0.0000, sentiment acc==0.0000, sentiment f1==0.0000, ABSA f1==0.0000,
Test:  aspect f1=0.5791, opinion f1=0.0000, sentiment acc==0.0000, sentiment f1==0.0000, ABSA f1==0.0000,
Current Max Metrics Index : 5 Current Min Loss Index : 5 Epoch Time: 0m 15s Tau : 0.79

-------------------------------------Iter9--------------------------------------
Train: final loss=0.722557, aspect loss=0.049083, opinion loss=0.000000, domain loss=0.671895, sentiment loss=0.000000, reg loss=0.000000, step=18180
Dev:   final loss=0.189001, aspect loss=0.189001, opinion loss=0.000000, sentiment loss=0.000000, reg loss=0.000000, step=18180
Dev:   aspect f1=0.5732, opinion f1=0.0000, sentiment acc==0.0000, sentiment f1==0.0000, ABSA f1==0.0000,
Test:  aspect f1=0.5732, opinion f1=0.0000, sentiment acc==0.0000, sentiment f1==0.0000, ABSA f1==0.0000,
Current Max Metrics Index : 5 Current Min Loss Index : 5 Epoch Time: 0m 15s Tau : 0.76

-------------------------------------Iter10-------------------------------------
Train: final loss=0.720915, aspect loss=0.047412, opinion loss=0.000000, domain loss=0.671967, sentiment loss=0.000000, reg loss=0.000000, step=19998
Dev:   final loss=0.194342, aspect loss=0.194342, opinion loss=0.000000, sentiment loss=0.000000, reg loss=0.000000, step=19998
Dev:   aspect f1=0.5607, opinion f1=0.0000, sentiment acc==0.0000, sentiment f1==0.0000, ABSA f1==0.0000,
Test:  aspect f1=0.5607, opinion f1=0.0000, sentiment acc==0.0000, sentiment f1==0.0000, ABSA f1==0.0000,
Current Max Metrics Index : 5 Current Min Loss Index : 5 Epoch Time: 0m 15s Tau : 0.74

-------------------------------------Iter11-------------------------------------
Train: final loss=0.718640, aspect loss=0.046117, opinion loss=0.000000, domain loss=0.670391, sentiment loss=0.000000, reg loss=0.000000, step=21816
Dev:   final loss=0.188779, aspect loss=0.188779, opinion loss=0.000000, sentiment loss=0.000000, reg loss=0.000000, step=21816
Dev:   aspect f1=0.5799, opinion f1=0.0000, sentiment acc==0.0000, sentiment f1==0.0000, ABSA f1==0.0000,
Test:  aspect f1=0.5799, opinion f1=0.0000, sentiment acc==0.0000, sentiment f1==0.0000, ABSA f1==0.0000,
Current Max Metrics Index : 5 Current Min Loss Index : 5 Epoch Time: 0m 15s Tau : 0.72

-------------------------------------Iter12-------------------------------------
Train: final loss=0.717998, aspect loss=0.045267, opinion loss=0.000000, domain loss=0.671912, sentiment loss=0.000000, reg loss=0.000000, step=23634
Dev:   final loss=0.189404, aspect loss=0.189404, opinion loss=0.000000, sentiment loss=0.000000, reg loss=0.000000, step=23634
Dev:   aspect f1=0.5811, opinion f1=0.0000, sentiment acc==0.0000, sentiment f1==0.0000, ABSA f1==0.0000,
Test:  aspect f1=0.5811, opinion f1=0.0000, sentiment acc==0.0000, sentiment f1==0.0000, ABSA f1==0.0000,
Current Max Metrics Index : 5 Current Min Loss Index : 5 Epoch Time: 0m 15s Tau : 0.70

-------------------------------------Iter13-------------------------------------
Train: final loss=0.717287, aspect loss=0.044264, opinion loss=0.000000, domain loss=0.671865, sentiment loss=0.000000, reg loss=0.000000, step=25452
Dev:   final loss=0.177662, aspect loss=0.177662, opinion loss=0.000000, sentiment loss=0.000000, reg loss=0.000000, step=25452
Dev:   aspect f1=0.6174, opinion f1=0.0000, sentiment acc==0.0000, sentiment f1==0.0000, ABSA f1==0.0000,
Test:  aspect f1=0.6174, opinion f1=0.0000, sentiment acc==0.0000, sentiment f1==0.0000, ABSA f1==0.0000,
Current Max Metrics Index : 13 Current Min Loss Index : 13 Epoch Time: 0m 15s Tau : 0.68
>> Checkpoint Saved: state_dict/laptop-to-restaurant/[SynBridge]-ATE-F1-0.6174.pth

-------------------------------------Iter14-------------------------------------
Train: final loss=0.714518, aspect loss=0.042452, opinion loss=0.000000, domain loss=0.671369, sentiment loss=0.000000, reg loss=0.000000, step=27270
Dev:   final loss=0.203987, aspect loss=0.203987, opinion loss=0.000000, sentiment loss=0.000000, reg loss=0.000000, step=27270
Dev:   aspect f1=0.5532, opinion f1=0.0000, sentiment acc==0.0000, sentiment f1==0.0000, ABSA f1==0.0000,
Test:  aspect f1=0.5532, opinion f1=0.0000, sentiment acc==0.0000, sentiment f1==0.0000, ABSA f1==0.0000,
Current Max Metrics Index : 13 Current Min Loss Index : 13 Epoch Time: 0m 15s Tau : 0.66

-------------------------------------Iter15-------------------------------------
Train: final loss=0.713674, aspect loss=0.041459, opinion loss=0.000000, domain loss=0.671363, sentiment loss=0.000000, reg loss=0.000000, step=29088
Dev:   final loss=0.202241, aspect loss=0.202241, opinion loss=0.000000, sentiment loss=0.000000, reg loss=0.000000, step=29088
Dev:   aspect f1=0.5538, opinion f1=0.0000, sentiment acc==0.0000, sentiment f1==0.0000, ABSA f1==0.0000,
Test:  aspect f1=0.5538, opinion f1=0.0000, sentiment acc==0.0000, sentiment f1==0.0000, ABSA f1==0.0000,
Current Max Metrics Index : 13 Current Min Loss Index : 13 Epoch Time: 0m 15s Tau : 0.64

-------------------------------------Iter16-------------------------------------
Train: final loss=0.713209, aspect loss=0.040267, opinion loss=0.000000, domain loss=0.671780, sentiment loss=0.000000, reg loss=0.000000, step=30906
Dev:   final loss=0.180002, aspect loss=0.180002, opinion loss=0.000000, sentiment loss=0.000000, reg loss=0.000000, step=30906
Dev:   aspect f1=0.5972, opinion f1=0.0000, sentiment acc==0.0000, sentiment f1==0.0000, ABSA f1==0.0000,
Test:  aspect f1=0.5972, opinion f1=0.0000, sentiment acc==0.0000, sentiment f1==0.0000, ABSA f1==0.0000,
Current Max Metrics Index : 13 Current Min Loss Index : 13 Epoch Time: 0m 15s Tau : 0.62

-------------------------------------Iter17-------------------------------------
Train: final loss=0.713069, aspect loss=0.039850, opinion loss=0.000000, domain loss=0.671632, sentiment loss=0.000000, reg loss=0.000000, step=32724
Dev:   final loss=0.177312, aspect loss=0.177312, opinion loss=0.000000, sentiment loss=0.000000, reg loss=0.000000, step=32724
Dev:   aspect f1=0.6149, opinion f1=0.0000, sentiment acc==0.0000, sentiment f1==0.0000, ABSA f1==0.0000,
Test:  aspect f1=0.6149, opinion f1=0.0000, sentiment acc==0.0000, sentiment f1==0.0000, ABSA f1==0.0000,
Current Max Metrics Index : 13 Current Min Loss Index : 17 Epoch Time: 0m 15s Tau : 0.60

-------------------------------------Iter18-------------------------------------
Train: final loss=0.710396, aspect loss=0.038430, opinion loss=0.000000, domain loss=0.671311, sentiment loss=0.000000, reg loss=0.000000, step=34542
Dev:   final loss=0.196278, aspect loss=0.196278, opinion loss=0.000000, sentiment loss=0.000000, reg loss=0.000000, step=34542
Dev:   aspect f1=0.5887, opinion f1=0.0000, sentiment acc==0.0000, sentiment f1==0.0000, ABSA f1==0.0000,
Test:  aspect f1=0.5887, opinion f1=0.0000, sentiment acc==0.0000, sentiment f1==0.0000, ABSA f1==0.0000,
Current Max Metrics Index : 13 Current Min Loss Index : 17 Epoch Time: 0m 15s Tau : 0.58

-------------------------------------Iter19-------------------------------------
Train: final loss=0.707970, aspect loss=0.036602, opinion loss=0.000000, domain loss=0.671035, sentiment loss=0.000000, reg loss=0.000000, step=36360
Dev:   final loss=0.185499, aspect loss=0.185499, opinion loss=0.000000, sentiment loss=0.000000, reg loss=0.000000, step=36360
Dev:   aspect f1=0.6103, opinion f1=0.0000, sentiment acc==0.0000, sentiment f1==0.0000, ABSA f1==0.0000,
Test:  aspect f1=0.6103, opinion f1=0.0000, sentiment acc==0.0000, sentiment f1==0.0000, ABSA f1==0.0000,
Current Max Metrics Index : 13 Current Min Loss Index : 17 Epoch Time: 0m 15s Tau : 0.57

-------------------------------------Iter20-------------------------------------
Train: final loss=0.710975, aspect loss=0.037109, opinion loss=0.000000, domain loss=0.672343, sentiment loss=0.000000, reg loss=0.000000, step=38178
Dev:   final loss=0.184820, aspect loss=0.184820, opinion loss=0.000000, sentiment loss=0.000000, reg loss=0.000000, step=38178
Dev:   aspect f1=0.6080, opinion f1=0.0000, sentiment acc==0.0000, sentiment f1==0.0000, ABSA f1==0.0000,
Test:  aspect f1=0.6080, opinion f1=0.0000, sentiment acc==0.0000, sentiment f1==0.0000, ABSA f1==0.0000,
Current Max Metrics Index : 13 Current Min Loss Index : 17 Epoch Time: 0m 15s Tau : 0.55

-------------------------------------Iter21-------------------------------------
Train: final loss=0.709023, aspect loss=0.035911, opinion loss=0.000000, domain loss=0.671282, sentiment loss=0.000000, reg loss=0.000000, step=39996
Dev:   final loss=0.208620, aspect loss=0.208620, opinion loss=0.000000, sentiment loss=0.000000, reg loss=0.000000, step=39996
Dev:   aspect f1=0.5650, opinion f1=0.0000, sentiment acc==0.0000, sentiment f1==0.0000, ABSA f1==0.0000,
Test:  aspect f1=0.5650, opinion f1=0.0000, sentiment acc==0.0000, sentiment f1==0.0000, ABSA f1==0.0000,
Current Max Metrics Index : 13 Current Min Loss Index : 17 Epoch Time: 0m 15s Tau : 0.53

-------------------------------------Iter22-------------------------------------
Train: final loss=0.707604, aspect loss=0.035506, opinion loss=0.000000, domain loss=0.671399, sentiment loss=0.000000, reg loss=0.000000, step=41814
Dev:   final loss=0.192358, aspect loss=0.192358, opinion loss=0.000000, sentiment loss=0.000000, reg loss=0.000000, step=41814
Dev:   aspect f1=0.6094, opinion f1=0.0000, sentiment acc==0.0000, sentiment f1==0.0000, ABSA f1==0.0000,
Test:  aspect f1=0.6094, opinion f1=0.0000, sentiment acc==0.0000, sentiment f1==0.0000, ABSA f1==0.0000,
Current Max Metrics Index : 13 Current Min Loss Index : 17 Epoch Time: 0m 15s Tau : 0.52

-------------------------------------Iter23-------------------------------------
Train: final loss=0.707328, aspect loss=0.034315, opinion loss=0.000000, domain loss=0.671410, sentiment loss=0.000000, reg loss=0.000000, step=43632
Dev:   final loss=0.217319, aspect loss=0.217319, opinion loss=0.000000, sentiment loss=0.000000, reg loss=0.000000, step=43632
Dev:   aspect f1=0.5912, opinion f1=0.0000, sentiment acc==0.0000, sentiment f1==0.0000, ABSA f1==0.0000,
Test:  aspect f1=0.5912, opinion f1=0.0000, sentiment acc==0.0000, sentiment f1==0.0000, ABSA f1==0.0000,
Current Max Metrics Index : 13 Current Min Loss Index : 17 Epoch Time: 0m 15s Tau : 0.50

-------------------------------------Iter24-------------------------------------
Train: final loss=0.707134, aspect loss=0.033821, opinion loss=0.000000, domain loss=0.671768, sentiment loss=0.000000, reg loss=0.000000, step=45450
Dev:   final loss=0.200716, aspect loss=0.200716, opinion loss=0.000000, sentiment loss=0.000000, reg loss=0.000000, step=45450
Dev:   aspect f1=0.5947, opinion f1=0.0000, sentiment acc==0.0000, sentiment f1==0.0000, ABSA f1==0.0000,
Test:  aspect f1=0.5947, opinion f1=0.0000, sentiment acc==0.0000, sentiment f1==0.0000, ABSA f1==0.0000,
Current Max Metrics Index : 13 Current Min Loss Index : 17 Epoch Time: 0m 15s Tau : 0.49

-------------------------------------Iter25-------------------------------------
Train: final loss=0.707099, aspect loss=0.033724, opinion loss=0.000000, domain loss=0.671501, sentiment loss=0.000000, reg loss=0.000000, step=47268
Dev:   final loss=0.206021, aspect loss=0.206021, opinion loss=0.000000, sentiment loss=0.000000, reg loss=0.000000, step=47268
Dev:   aspect f1=0.6080, opinion f1=0.0000, sentiment acc==0.0000, sentiment f1==0.0000, ABSA f1==0.0000,
Test:  aspect f1=0.6080, opinion f1=0.0000, sentiment acc==0.0000, sentiment f1==0.0000, ABSA f1==0.0000,
Current Max Metrics Index : 13 Current Min Loss Index : 17 Epoch Time: 0m 15s Tau : 0.47

-------------------------------------Iter26-------------------------------------
Train: final loss=0.706516, aspect loss=0.033610, opinion loss=0.000000, domain loss=0.671527, sentiment loss=0.000000, reg loss=0.000000, step=49086
Dev:   final loss=0.194450, aspect loss=0.194450, opinion loss=0.000000, sentiment loss=0.000000, reg loss=0.000000, step=49086
Dev:   aspect f1=0.6019, opinion f1=0.0000, sentiment acc==0.0000, sentiment f1==0.0000, ABSA f1==0.0000,
Test:  aspect f1=0.6019, opinion f1=0.0000, sentiment acc==0.0000, sentiment f1==0.0000, ABSA f1==0.0000,
Current Max Metrics Index : 13 Current Min Loss Index : 17 Epoch Time: 0m 16s Tau : 0.46

-------------------------------------Iter27-------------------------------------
Train: final loss=0.704268, aspect loss=0.031910, opinion loss=0.000000, domain loss=0.671570, sentiment loss=0.000000, reg loss=0.000000, step=50904
Dev:   final loss=0.201703, aspect loss=0.201703, opinion loss=0.000000, sentiment loss=0.000000, reg loss=0.000000, step=50904
Dev:   aspect f1=0.6048, opinion f1=0.0000, sentiment acc==0.0000, sentiment f1==0.0000, ABSA f1==0.0000,
Test:  aspect f1=0.6048, opinion f1=0.0000, sentiment acc==0.0000, sentiment f1==0.0000, ABSA f1==0.0000,
Current Max Metrics Index : 13 Current Min Loss Index : 17 Epoch Time: 0m 16s Tau : 0.44

-------------------------------------Iter28-------------------------------------
Train: final loss=0.703957, aspect loss=0.031806, opinion loss=0.000000, domain loss=0.671253, sentiment loss=0.000000, reg loss=0.000000, step=52722
Dev:   final loss=0.188224, aspect loss=0.188224, opinion loss=0.000000, sentiment loss=0.000000, reg loss=0.000000, step=52722
Dev:   aspect f1=0.6125, opinion f1=0.0000, sentiment acc==0.0000, sentiment f1==0.0000, ABSA f1==0.0000,
Test:  aspect f1=0.6125, opinion f1=0.0000, sentiment acc==0.0000, sentiment f1==0.0000, ABSA f1==0.0000,
Current Max Metrics Index : 13 Current Min Loss Index : 17 Epoch Time: 0m 15s Tau : 0.43

-------------------------------------Iter29-------------------------------------
Train: final loss=0.703727, aspect loss=0.031152, opinion loss=0.000000, domain loss=0.671274, sentiment loss=0.000000, reg loss=0.000000, step=54540
Dev:   final loss=0.218413, aspect loss=0.218413, opinion loss=0.000000, sentiment loss=0.000000, reg loss=0.000000, step=54540
Dev:   aspect f1=0.5775, opinion f1=0.0000, sentiment acc==0.0000, sentiment f1==0.0000, ABSA f1==0.0000,
Test:  aspect f1=0.5775, opinion f1=0.0000, sentiment acc==0.0000, sentiment f1==0.0000, ABSA f1==0.0000,
Current Max Metrics Index : 13 Current Min Loss Index : 17 Epoch Time: 0m 16s Tau : 0.42

-------------------------------------Iter30-------------------------------------
Train: final loss=0.703133, aspect loss=0.030183, opinion loss=0.000000, domain loss=0.671886, sentiment loss=0.000000, reg loss=0.000000, step=56358
Dev:   final loss=0.206944, aspect loss=0.206944, opinion loss=0.000000, sentiment loss=0.000000, reg loss=0.000000, step=56358
Dev:   aspect f1=0.6013, opinion f1=0.0000, sentiment acc==0.0000, sentiment f1==0.0000, ABSA f1==0.0000,
Test:  aspect f1=0.6013, opinion f1=0.0000, sentiment acc==0.0000, sentiment f1==0.0000, ABSA f1==0.0000,
Current Max Metrics Index : 13 Current Min Loss Index : 17 Epoch Time: 0m 15s Tau : 0.41

-------------------------------------Iter31-------------------------------------
Train: final loss=0.703008, aspect loss=0.029681, opinion loss=0.000000, domain loss=0.671835, sentiment loss=0.000000, reg loss=0.000000, step=58176
Dev:   final loss=0.206699, aspect loss=0.206699, opinion loss=0.000000, sentiment loss=0.000000, reg loss=0.000000, step=58176
Dev:   aspect f1=0.6139, opinion f1=0.0000, sentiment acc==0.0000, sentiment f1==0.0000, ABSA f1==0.0000,
Test:  aspect f1=0.6139, opinion f1=0.0000, sentiment acc==0.0000, sentiment f1==0.0000, ABSA f1==0.0000,
Current Max Metrics Index : 13 Current Min Loss Index : 17 Epoch Time: 0m 15s Tau : 0.39

-------------------------------------Iter32-------------------------------------
Train: final loss=0.701393, aspect loss=0.028958, opinion loss=0.000000, domain loss=0.671988, sentiment loss=0.000000, reg loss=0.000000, step=59994
Dev:   final loss=0.205218, aspect loss=0.205218, opinion loss=0.000000, sentiment loss=0.000000, reg loss=0.000000, step=59994
Dev:   aspect f1=0.6228, opinion f1=0.0000, sentiment acc==0.0000, sentiment f1==0.0000, ABSA f1==0.0000,
Test:  aspect f1=0.6228, opinion f1=0.0000, sentiment acc==0.0000, sentiment f1==0.0000, ABSA f1==0.0000,
Current Max Metrics Index : 32 Current Min Loss Index : 17 Epoch Time: 0m 16s Tau : 0.38
>> Checkpoint Saved: state_dict/laptop-to-restaurant/[SynBridge]-ATE-F1-0.6228.pth

-------------------------------------Iter33-------------------------------------
Train: final loss=0.701415, aspect loss=0.029004, opinion loss=0.000000, domain loss=0.671710, sentiment loss=0.000000, reg loss=0.000000, step=61812
Dev:   final loss=0.200101, aspect loss=0.200101, opinion loss=0.000000, sentiment loss=0.000000, reg loss=0.000000, step=61812
Dev:   aspect f1=0.6094, opinion f1=0.0000, sentiment acc==0.0000, sentiment f1==0.0000, ABSA f1==0.0000,
Test:  aspect f1=0.6094, opinion f1=0.0000, sentiment acc==0.0000, sentiment f1==0.0000, ABSA f1==0.0000,
Current Max Metrics Index : 32 Current Min Loss Index : 17 Epoch Time: 0m 16s Tau : 0.37

-------------------------------------Iter34-------------------------------------
Train: final loss=0.699923, aspect loss=0.027556, opinion loss=0.000000, domain loss=0.671597, sentiment loss=0.000000, reg loss=0.000000, step=63630
Dev:   final loss=0.205685, aspect loss=0.205685, opinion loss=0.000000, sentiment loss=0.000000, reg loss=0.000000, step=63630
Dev:   aspect f1=0.6282, opinion f1=0.0000, sentiment acc==0.0000, sentiment f1==0.0000, ABSA f1==0.0000,
Test:  aspect f1=0.6282, opinion f1=0.0000, sentiment acc==0.0000, sentiment f1==0.0000, ABSA f1==0.0000,
Current Max Metrics Index : 34 Current Min Loss Index : 17 Epoch Time: 0m 15s Tau : 0.36
>> Checkpoint Saved: state_dict/laptop-to-restaurant/[SynBridge]-ATE-F1-0.6282.pth

-------------------------------------Iter35-------------------------------------
Train: final loss=0.700792, aspect loss=0.028312, opinion loss=0.000000, domain loss=0.671650, sentiment loss=0.000000, reg loss=0.000000, step=65448
Dev:   final loss=0.212446, aspect loss=0.212446, opinion loss=0.000000, sentiment loss=0.000000, reg loss=0.000000, step=65448
Dev:   aspect f1=0.6178, opinion f1=0.0000, sentiment acc==0.0000, sentiment f1==0.0000, ABSA f1==0.0000,
Test:  aspect f1=0.6178, opinion f1=0.0000, sentiment acc==0.0000, sentiment f1==0.0000, ABSA f1==0.0000,
Current Max Metrics Index : 34 Current Min Loss Index : 17 Epoch Time: 0m 15s Tau : 0.35

-------------------------------------Iter36-------------------------------------
Train: final loss=0.700918, aspect loss=0.027174, opinion loss=0.000000, domain loss=0.671797, sentiment loss=0.000000, reg loss=0.000000, step=67266
Dev:   final loss=0.220421, aspect loss=0.220421, opinion loss=0.000000, sentiment loss=0.000000, reg loss=0.000000, step=67266
Dev:   aspect f1=0.6095, opinion f1=0.0000, sentiment acc==0.0000, sentiment f1==0.0000, ABSA f1==0.0000,
Test:  aspect f1=0.6095, opinion f1=0.0000, sentiment acc==0.0000, sentiment f1==0.0000, ABSA f1==0.0000,
Current Max Metrics Index : 34 Current Min Loss Index : 17 Epoch Time: 0m 15s Tau : 0.34

-------------------------------------Iter37-------------------------------------
Train: final loss=0.698687, aspect loss=0.026271, opinion loss=0.000000, domain loss=0.671617, sentiment loss=0.000000, reg loss=0.000000, step=69084
Dev:   final loss=0.222165, aspect loss=0.222165, opinion loss=0.000000, sentiment loss=0.000000, reg loss=0.000000, step=69084
Dev:   aspect f1=0.6168, opinion f1=0.0000, sentiment acc==0.0000, sentiment f1==0.0000, ABSA f1==0.0000,
Test:  aspect f1=0.6168, opinion f1=0.0000, sentiment acc==0.0000, sentiment f1==0.0000, ABSA f1==0.0000,
Current Max Metrics Index : 34 Current Min Loss Index : 17 Epoch Time: 0m 15s Tau : 0.33

-------------------------------------Iter38-------------------------------------
Train: final loss=0.699055, aspect loss=0.026274, opinion loss=0.000000, domain loss=0.671771, sentiment loss=0.000000, reg loss=0.000000, step=70902
Dev:   final loss=0.212975, aspect loss=0.212975, opinion loss=0.000000, sentiment loss=0.000000, reg loss=0.000000, step=70902
Dev:   aspect f1=0.6134, opinion f1=0.0000, sentiment acc==0.0000, sentiment f1==0.0000, ABSA f1==0.0000,
Test:  aspect f1=0.6134, opinion f1=0.0000, sentiment acc==0.0000, sentiment f1==0.0000, ABSA f1==0.0000,
Current Max Metrics Index : 34 Current Min Loss Index : 17 Epoch Time: 0m 15s Tau : 0.32

-------------------------------------Iter39-------------------------------------
Train: final loss=0.698474, aspect loss=0.025889, opinion loss=0.000000, domain loss=0.672092, sentiment loss=0.000000, reg loss=0.000000, step=72720
Dev:   final loss=0.204653, aspect loss=0.204653, opinion loss=0.000000, sentiment loss=0.000000, reg loss=0.000000, step=72720
Dev:   aspect f1=0.6268, opinion f1=0.0000, sentiment acc==0.0000, sentiment f1==0.0000, ABSA f1==0.0000,
Test:  aspect f1=0.6268, opinion f1=0.0000, sentiment acc==0.0000, sentiment f1==0.0000, ABSA f1==0.0000,
Current Max Metrics Index : 34 Current Min Loss Index : 17 Epoch Time: 0m 15s Tau : 0.31

-------------------------------------Iter40-------------------------------------
Train: final loss=0.698764, aspect loss=0.025328, opinion loss=0.000000, domain loss=0.672090, sentiment loss=0.000000, reg loss=0.000000, step=74538
Dev:   final loss=0.215761, aspect loss=0.215761, opinion loss=0.000000, sentiment loss=0.000000, reg loss=0.000000, step=74538
Dev:   aspect f1=0.6210, opinion f1=0.0000, sentiment acc==0.0000, sentiment f1==0.0000, ABSA f1==0.0000,
Test:  aspect f1=0.6210, opinion f1=0.0000, sentiment acc==0.0000, sentiment f1==0.0000, ABSA f1==0.0000,
Current Max Metrics Index : 34 Current Min Loss Index : 17 Epoch Time: 0m 16s Tau : 0.30

-------------------------------------Iter41-------------------------------------
Train: final loss=0.698183, aspect loss=0.025658, opinion loss=0.000000, domain loss=0.671891, sentiment loss=0.000000, reg loss=0.000000, step=76356
Dev:   final loss=0.205827, aspect loss=0.205827, opinion loss=0.000000, sentiment loss=0.000000, reg loss=0.000000, step=76356
Dev:   aspect f1=0.6180, opinion f1=0.0000, sentiment acc==0.0000, sentiment f1==0.0000, ABSA f1==0.0000,
Test:  aspect f1=0.6180, opinion f1=0.0000, sentiment acc==0.0000, sentiment f1==0.0000, ABSA f1==0.0000,
Current Max Metrics Index : 34 Current Min Loss Index : 17 Epoch Time: 0m 16s Tau : 0.29

-------------------------------------Iter42-------------------------------------
Train: final loss=0.696980, aspect loss=0.024067, opinion loss=0.000000, domain loss=0.671858, sentiment loss=0.000000, reg loss=0.000000, step=78174
Dev:   final loss=0.205583, aspect loss=0.205583, opinion loss=0.000000, sentiment loss=0.000000, reg loss=0.000000, step=78174
Dev:   aspect f1=0.6300, opinion f1=0.0000, sentiment acc==0.0000, sentiment f1==0.0000, ABSA f1==0.0000,
Test:  aspect f1=0.6300, opinion f1=0.0000, sentiment acc==0.0000, sentiment f1==0.0000, ABSA f1==0.0000,
Current Max Metrics Index : 42 Current Min Loss Index : 17 Epoch Time: 0m 15s Tau : 0.28
>> Checkpoint Saved: state_dict/laptop-to-restaurant/[SynBridge]-ATE-F1-0.6300.pth

-------------------------------------Iter43-------------------------------------
Train: final loss=0.697099, aspect loss=0.024227, opinion loss=0.000000, domain loss=0.671894, sentiment loss=0.000000, reg loss=0.000000, step=79992
Dev:   final loss=0.194532, aspect loss=0.194532, opinion loss=0.000000, sentiment loss=0.000000, reg loss=0.000000, step=79992
Dev:   aspect f1=0.6372, opinion f1=0.0000, sentiment acc==0.0000, sentiment f1==0.0000, ABSA f1==0.0000,
Test:  aspect f1=0.6372, opinion f1=0.0000, sentiment acc==0.0000, sentiment f1==0.0000, ABSA f1==0.0000,
Current Max Metrics Index : 43 Current Min Loss Index : 17 Epoch Time: 0m 16s Tau : 0.28
>> Checkpoint Saved: state_dict/laptop-to-restaurant/[SynBridge]-ATE-F1-0.6372.pth

-------------------------------------Iter44-------------------------------------
Train: final loss=0.697893, aspect loss=0.024304, opinion loss=0.000000, domain loss=0.671874, sentiment loss=0.000000, reg loss=0.000000, step=81810
Dev:   final loss=0.214580, aspect loss=0.214580, opinion loss=0.000000, sentiment loss=0.000000, reg loss=0.000000, step=81810
Dev:   aspect f1=0.6059, opinion f1=0.0000, sentiment acc==0.0000, sentiment f1==0.0000, ABSA f1==0.0000,
Test:  aspect f1=0.6059, opinion f1=0.0000, sentiment acc==0.0000, sentiment f1==0.0000, ABSA f1==0.0000,
Current Max Metrics Index : 43 Current Min Loss Index : 17 Epoch Time: 0m 15s Tau : 0.27

-------------------------------------Iter45-------------------------------------
Train: final loss=0.696152, aspect loss=0.024086, opinion loss=0.000000, domain loss=0.671562, sentiment loss=0.000000, reg loss=0.000000, step=83628
Dev:   final loss=0.230327, aspect loss=0.230327, opinion loss=0.000000, sentiment loss=0.000000, reg loss=0.000000, step=83628
Dev:   aspect f1=0.6076, opinion f1=0.0000, sentiment acc==0.0000, sentiment f1==0.0000, ABSA f1==0.0000,
Test:  aspect f1=0.6076, opinion f1=0.0000, sentiment acc==0.0000, sentiment f1==0.0000, ABSA f1==0.0000,
Current Max Metrics Index : 43 Current Min Loss Index : 17 Epoch Time: 0m 15s Tau : 0.26

-------------------------------------Iter46-------------------------------------
Train: final loss=0.695835, aspect loss=0.023295, opinion loss=0.000000, domain loss=0.671832, sentiment loss=0.000000, reg loss=0.000000, step=85446
Dev:   final loss=0.213885, aspect loss=0.213885, opinion loss=0.000000, sentiment loss=0.000000, reg loss=0.000000, step=85446
Dev:   aspect f1=0.6275, opinion f1=0.0000, sentiment acc==0.0000, sentiment f1==0.0000, ABSA f1==0.0000,
Test:  aspect f1=0.6275, opinion f1=0.0000, sentiment acc==0.0000, sentiment f1==0.0000, ABSA f1==0.0000,
Current Max Metrics Index : 43 Current Min Loss Index : 17 Epoch Time: 0m 16s Tau : 0.25

-------------------------------------Iter47-------------------------------------
Train: final loss=0.696019, aspect loss=0.023339, opinion loss=0.000000, domain loss=0.671830, sentiment loss=0.000000, reg loss=0.000000, step=87264
Dev:   final loss=0.212202, aspect loss=0.212202, opinion loss=0.000000, sentiment loss=0.000000, reg loss=0.000000, step=87264
Dev:   aspect f1=0.6231, opinion f1=0.0000, sentiment acc==0.0000, sentiment f1==0.0000, ABSA f1==0.0000,
Test:  aspect f1=0.6231, opinion f1=0.0000, sentiment acc==0.0000, sentiment f1==0.0000, ABSA f1==0.0000,
Current Max Metrics Index : 43 Current Min Loss Index : 17 Epoch Time: 0m 15s Tau : 0.24

-------------------------------------Iter48-------------------------------------
Train: final loss=0.695172, aspect loss=0.022480, opinion loss=0.000000, domain loss=0.671828, sentiment loss=0.000000, reg loss=0.000000, step=89082
Dev:   final loss=0.237221, aspect loss=0.237221, opinion loss=0.000000, sentiment loss=0.000000, reg loss=0.000000, step=89082
Dev:   aspect f1=0.6232, opinion f1=0.0000, sentiment acc==0.0000, sentiment f1==0.0000, ABSA f1==0.0000,
Test:  aspect f1=0.6232, opinion f1=0.0000, sentiment acc==0.0000, sentiment f1==0.0000, ABSA f1==0.0000,
Current Max Metrics Index : 43 Current Min Loss Index : 17 Epoch Time: 0m 16s Tau : 0.24

-------------------------------------Iter49-------------------------------------
Train: final loss=0.695445, aspect loss=0.022448, opinion loss=0.000000, domain loss=0.671551, sentiment loss=0.000000, reg loss=0.000000, step=90900
Dev:   final loss=0.213127, aspect loss=0.213127, opinion loss=0.000000, sentiment loss=0.000000, reg loss=0.000000, step=90900
Dev:   aspect f1=0.6278, opinion f1=0.0000, sentiment acc==0.0000, sentiment f1==0.0000, ABSA f1==0.0000,
Test:  aspect f1=0.6278, opinion f1=0.0000, sentiment acc==0.0000, sentiment f1==0.0000, ABSA f1==0.0000,
Current Max Metrics Index : 43 Current Min Loss Index : 17 Epoch Time: 0m 15s Tau : 0.23

-------------------------------------Iter50-------------------------------------
Train: final loss=0.696218, aspect loss=0.022513, opinion loss=0.000000, domain loss=0.671812, sentiment loss=0.000000, reg loss=0.000000, step=92718
Dev:   final loss=0.209193, aspect loss=0.209193, opinion loss=0.000000, sentiment loss=0.000000, reg loss=0.000000, step=92718
Dev:   aspect f1=0.6349, opinion f1=0.0000, sentiment acc==0.0000, sentiment f1==0.0000, ABSA f1==0.0000,
Test:  aspect f1=0.6349, opinion f1=0.0000, sentiment acc==0.0000, sentiment f1==0.0000, ABSA f1==0.0000,
Current Max Metrics Index : 43 Current Min Loss Index : 17 Epoch Time: 0m 16s Tau : 0.22

-------------------------------------Iter51-------------------------------------
Train: final loss=0.695375, aspect loss=0.022396, opinion loss=0.000000, domain loss=0.671952, sentiment loss=0.000000, reg loss=0.000000, step=94536
Dev:   final loss=0.216147, aspect loss=0.216147, opinion loss=0.000000, sentiment loss=0.000000, reg loss=0.000000, step=94536
Dev:   aspect f1=0.6370, opinion f1=0.0000, sentiment acc==0.0000, sentiment f1==0.0000, ABSA f1==0.0000,
Test:  aspect f1=0.6370, opinion f1=0.0000, sentiment acc==0.0000, sentiment f1==0.0000, ABSA f1==0.0000,
Current Max Metrics Index : 43 Current Min Loss Index : 17 Epoch Time: 0m 15s Tau : 0.22

-------------------------------------Iter52-------------------------------------
Train: final loss=0.694818, aspect loss=0.021743, opinion loss=0.000000, domain loss=0.671813, sentiment loss=0.000000, reg loss=0.000000, step=96354
Dev:   final loss=0.212469, aspect loss=0.212469, opinion loss=0.000000, sentiment loss=0.000000, reg loss=0.000000, step=96354
Dev:   aspect f1=0.6405, opinion f1=0.0000, sentiment acc==0.0000, sentiment f1==0.0000, ABSA f1==0.0000,
Test:  aspect f1=0.6405, opinion f1=0.0000, sentiment acc==0.0000, sentiment f1==0.0000, ABSA f1==0.0000,
Current Max Metrics Index : 52 Current Min Loss Index : 17 Epoch Time: 0m 15s Tau : 0.21
>> Checkpoint Saved: state_dict/laptop-to-restaurant/[SynBridge]-ATE-F1-0.6405.pth

-------------------------------------Iter53-------------------------------------
Train: final loss=0.693700, aspect loss=0.021981, opinion loss=0.000000, domain loss=0.671649, sentiment loss=0.000000, reg loss=0.000000, step=98172
Dev:   final loss=0.220055, aspect loss=0.220055, opinion loss=0.000000, sentiment loss=0.000000, reg loss=0.000000, step=98172
Dev:   aspect f1=0.6325, opinion f1=0.0000, sentiment acc==0.0000, sentiment f1==0.0000, ABSA f1==0.0000,
Test:  aspect f1=0.6325, opinion f1=0.0000, sentiment acc==0.0000, sentiment f1==0.0000, ABSA f1==0.0000,
Current Max Metrics Index : 52 Current Min Loss Index : 17 Epoch Time: 0m 16s Tau : 0.20

-------------------------------------Iter54-------------------------------------
Train: final loss=0.693310, aspect loss=0.020811, opinion loss=0.000000, domain loss=0.671953, sentiment loss=0.000000, reg loss=0.000000, step=99990
Dev:   final loss=0.217912, aspect loss=0.217912, opinion loss=0.000000, sentiment loss=0.000000, reg loss=0.000000, step=99990
Dev:   aspect f1=0.6222, opinion f1=0.0000, sentiment acc==0.0000, sentiment f1==0.0000, ABSA f1==0.0000,
Test:  aspect f1=0.6222, opinion f1=0.0000, sentiment acc==0.0000, sentiment f1==0.0000, ABSA f1==0.0000,
Current Max Metrics Index : 52 Current Min Loss Index : 17 Epoch Time: 0m 15s Tau : 0.20

-------------------------------------Iter55-------------------------------------
Train: final loss=0.693171, aspect loss=0.020617, opinion loss=0.000000, domain loss=0.671788, sentiment loss=0.000000, reg loss=0.000000, step=101808
Dev:   final loss=0.222065, aspect loss=0.222065, opinion loss=0.000000, sentiment loss=0.000000, reg loss=0.000000, step=101808
Dev:   aspect f1=0.6227, opinion f1=0.0000, sentiment acc==0.0000, sentiment f1==0.0000, ABSA f1==0.0000,
Test:  aspect f1=0.6227, opinion f1=0.0000, sentiment acc==0.0000, sentiment f1==0.0000, ABSA f1==0.0000,
Current Max Metrics Index : 52 Current Min Loss Index : 17 Epoch Time: 0m 15s Tau : 0.19

-------------------------------------Iter56-------------------------------------
Train: final loss=0.693160, aspect loss=0.020558, opinion loss=0.000000, domain loss=0.671642, sentiment loss=0.000000, reg loss=0.000000, step=103626
Dev:   final loss=0.230924, aspect loss=0.230924, opinion loss=0.000000, sentiment loss=0.000000, reg loss=0.000000, step=103626
Dev:   aspect f1=0.6211, opinion f1=0.0000, sentiment acc==0.0000, sentiment f1==0.0000, ABSA f1==0.0000,
Test:  aspect f1=0.6211, opinion f1=0.0000, sentiment acc==0.0000, sentiment f1==0.0000, ABSA f1==0.0000,
Current Max Metrics Index : 52 Current Min Loss Index : 17 Epoch Time: 0m 15s Tau : 0.19

-------------------------------------Iter57-------------------------------------
Train: final loss=0.694274, aspect loss=0.021401, opinion loss=0.000000, domain loss=0.672021, sentiment loss=0.000000, reg loss=0.000000, step=105444
Dev:   final loss=0.227698, aspect loss=0.227698, opinion loss=0.000000, sentiment loss=0.000000, reg loss=0.000000, step=105444
Dev:   aspect f1=0.6090, opinion f1=0.0000, sentiment acc==0.0000, sentiment f1==0.0000, ABSA f1==0.0000,
Test:  aspect f1=0.6090, opinion f1=0.0000, sentiment acc==0.0000, sentiment f1==0.0000, ABSA f1==0.0000,
Current Max Metrics Index : 52 Current Min Loss Index : 17 Epoch Time: 0m 15s Tau : 0.18

-------------------------------------Iter58-------------------------------------
Train: final loss=0.693994, aspect loss=0.021075, opinion loss=0.000000, domain loss=0.672188, sentiment loss=0.000000, reg loss=0.000000, step=107262
Dev:   final loss=0.221926, aspect loss=0.221926, opinion loss=0.000000, sentiment loss=0.000000, reg loss=0.000000, step=107262
Dev:   aspect f1=0.6187, opinion f1=0.0000, sentiment acc==0.0000, sentiment f1==0.0000, ABSA f1==0.0000,
Test:  aspect f1=0.6187, opinion f1=0.0000, sentiment acc==0.0000, sentiment f1==0.0000, ABSA f1==0.0000,
Current Max Metrics Index : 52 Current Min Loss Index : 17 Epoch Time: 0m 16s Tau : 0.18

-------------------------------------Iter59-------------------------------------
Train: final loss=0.692220, aspect loss=0.019860, opinion loss=0.000000, domain loss=0.671348, sentiment loss=0.000000, reg loss=0.000000, step=109080
Dev:   final loss=0.263190, aspect loss=0.263190, opinion loss=0.000000, sentiment loss=0.000000, reg loss=0.000000, step=109080
Dev:   aspect f1=0.6013, opinion f1=0.0000, sentiment acc==0.0000, sentiment f1==0.0000, ABSA f1==0.0000,
Test:  aspect f1=0.6013, opinion f1=0.0000, sentiment acc==0.0000, sentiment f1==0.0000, ABSA f1==0.0000,
Current Max Metrics Index : 52 Current Min Loss Index : 17 Epoch Time: 0m 15s Tau : 0.17

-------------------------------------Iter60-------------------------------------
Train: final loss=0.692677, aspect loss=0.019203, opinion loss=0.000000, domain loss=0.672023, sentiment loss=0.000000, reg loss=0.000000, step=110898
Dev:   final loss=0.245232, aspect loss=0.245232, opinion loss=0.000000, sentiment loss=0.000000, reg loss=0.000000, step=110898
Dev:   aspect f1=0.6227, opinion f1=0.0000, sentiment acc==0.0000, sentiment f1==0.0000, ABSA f1==0.0000,
Test:  aspect f1=0.6227, opinion f1=0.0000, sentiment acc==0.0000, sentiment f1==0.0000, ABSA f1==0.0000,
Current Max Metrics Index : 52 Current Min Loss Index : 17 Epoch Time: 0m 16s Tau : 0.17

-------------------------------------Iter61-------------------------------------
Train: final loss=0.692310, aspect loss=0.019682, opinion loss=0.000000, domain loss=0.672121, sentiment loss=0.000000, reg loss=0.000000, step=112716
Dev:   final loss=0.245072, aspect loss=0.245072, opinion loss=0.000000, sentiment loss=0.000000, reg loss=0.000000, step=112716
Dev:   aspect f1=0.6141, opinion f1=0.0000, sentiment acc==0.0000, sentiment f1==0.0000, ABSA f1==0.0000,
Test:  aspect f1=0.6141, opinion f1=0.0000, sentiment acc==0.0000, sentiment f1==0.0000, ABSA f1==0.0000,
Current Max Metrics Index : 52 Current Min Loss Index : 17 Epoch Time: 0m 16s Tau : 0.16

-------------------------------------Iter62-------------------------------------
Train: final loss=0.692200, aspect loss=0.019320, opinion loss=0.000000, domain loss=0.671979, sentiment loss=0.000000, reg loss=0.000000, step=114534
Dev:   final loss=0.240358, aspect loss=0.240358, opinion loss=0.000000, sentiment loss=0.000000, reg loss=0.000000, step=114534
Dev:   aspect f1=0.6153, opinion f1=0.0000, sentiment acc==0.0000, sentiment f1==0.0000, ABSA f1==0.0000,
Test:  aspect f1=0.6153, opinion f1=0.0000, sentiment acc==0.0000, sentiment f1==0.0000, ABSA f1==0.0000,
Current Max Metrics Index : 52 Current Min Loss Index : 17 Epoch Time: 0m 15s Tau : 0.16

-------------------------------------Iter63-------------------------------------
Train: final loss=0.690575, aspect loss=0.018143, opinion loss=0.000000, domain loss=0.672085, sentiment loss=0.000000, reg loss=0.000000, step=116352
Dev:   final loss=0.250423, aspect loss=0.250423, opinion loss=0.000000, sentiment loss=0.000000, reg loss=0.000000, step=116352
Dev:   aspect f1=0.6188, opinion f1=0.0000, sentiment acc==0.0000, sentiment f1==0.0000, ABSA f1==0.0000,
Test:  aspect f1=0.6188, opinion f1=0.0000, sentiment acc==0.0000, sentiment f1==0.0000, ABSA f1==0.0000,
Current Max Metrics Index : 52 Current Min Loss Index : 17 Epoch Time: 0m 15s Tau : 0.15

-------------------------------------Iter64-------------------------------------
Train: final loss=0.691092, aspect loss=0.018757, opinion loss=0.000000, domain loss=0.672034, sentiment loss=0.000000, reg loss=0.000000, step=118170
Dev:   final loss=0.259336, aspect loss=0.259336, opinion loss=0.000000, sentiment loss=0.000000, reg loss=0.000000, step=118170
Dev:   aspect f1=0.6007, opinion f1=0.0000, sentiment acc==0.0000, sentiment f1==0.0000, ABSA f1==0.0000,
Test:  aspect f1=0.6007, opinion f1=0.0000, sentiment acc==0.0000, sentiment f1==0.0000, ABSA f1==0.0000,
Current Max Metrics Index : 52 Current Min Loss Index : 17 Epoch Time: 0m 15s Tau : 0.15

-------------------------------------Iter65-------------------------------------
Train: final loss=0.692991, aspect loss=0.019308, opinion loss=0.000000, domain loss=0.672117, sentiment loss=0.000000, reg loss=0.000000, step=119988
Dev:   final loss=0.242882, aspect loss=0.242882, opinion loss=0.000000, sentiment loss=0.000000, reg loss=0.000000, step=119988
Dev:   aspect f1=0.6095, opinion f1=0.0000, sentiment acc==0.0000, sentiment f1==0.0000, ABSA f1==0.0000,
Test:  aspect f1=0.6095, opinion f1=0.0000, sentiment acc==0.0000, sentiment f1==0.0000, ABSA f1==0.0000,
Current Max Metrics Index : 52 Current Min Loss Index : 17 Epoch Time: 0m 15s Tau : 0.14

-------------------------------------Iter66-------------------------------------
Train: final loss=0.689702, aspect loss=0.017897, opinion loss=0.000000, domain loss=0.671936, sentiment loss=0.000000, reg loss=0.000000, step=121806
Dev:   final loss=0.229423, aspect loss=0.229423, opinion loss=0.000000, sentiment loss=0.000000, reg loss=0.000000, step=121806
Dev:   aspect f1=0.6120, opinion f1=0.0000, sentiment acc==0.0000, sentiment f1==0.0000, ABSA f1==0.0000,
Test:  aspect f1=0.6120, opinion f1=0.0000, sentiment acc==0.0000, sentiment f1==0.0000, ABSA f1==0.0000,
Current Max Metrics Index : 52 Current Min Loss Index : 17 Epoch Time: 0m 16s Tau : 0.14

-------------------------------------Iter67-------------------------------------
Train: final loss=0.691639, aspect loss=0.018416, opinion loss=0.000000, domain loss=0.671601, sentiment loss=0.000000, reg loss=0.000000, step=123624
Dev:   final loss=0.230085, aspect loss=0.230085, opinion loss=0.000000, sentiment loss=0.000000, reg loss=0.000000, step=123624
Dev:   aspect f1=0.6214, opinion f1=0.0000, sentiment acc==0.0000, sentiment f1==0.0000, ABSA f1==0.0000,
Test:  aspect f1=0.6214, opinion f1=0.0000, sentiment acc==0.0000, sentiment f1==0.0000, ABSA f1==0.0000,
Current Max Metrics Index : 52 Current Min Loss Index : 17 Epoch Time: 0m 15s Tau : 0.13

-------------------------------------Iter68-------------------------------------
Train: final loss=0.690611, aspect loss=0.017605, opinion loss=0.000000, domain loss=0.672223, sentiment loss=0.000000, reg loss=0.000000, step=125442
Dev:   final loss=0.221543, aspect loss=0.221543, opinion loss=0.000000, sentiment loss=0.000000, reg loss=0.000000, step=125442
Dev:   aspect f1=0.6239, opinion f1=0.0000, sentiment acc==0.0000, sentiment f1==0.0000, ABSA f1==0.0000,
Test:  aspect f1=0.6239, opinion f1=0.0000, sentiment acc==0.0000, sentiment f1==0.0000, ABSA f1==0.0000,
Current Max Metrics Index : 52 Current Min Loss Index : 17 Epoch Time: 0m 15s Tau : 0.13

-------------------------------------Iter69-------------------------------------
Train: final loss=0.691426, aspect loss=0.017735, opinion loss=0.000000, domain loss=0.671772, sentiment loss=0.000000, reg loss=0.000000, step=127260
Dev:   final loss=0.236630, aspect loss=0.236630, opinion loss=0.000000, sentiment loss=0.000000, reg loss=0.000000, step=127260
Dev:   aspect f1=0.6095, opinion f1=0.0000, sentiment acc==0.0000, sentiment f1==0.0000, ABSA f1==0.0000,
Test:  aspect f1=0.6095, opinion f1=0.0000, sentiment acc==0.0000, sentiment f1==0.0000, ABSA f1==0.0000,
Current Max Metrics Index : 52 Current Min Loss Index : 17 Epoch Time: 0m 16s Tau : 0.13

-------------------------------------Iter70-------------------------------------
Train: final loss=0.691161, aspect loss=0.017713, opinion loss=0.000000, domain loss=0.671765, sentiment loss=0.000000, reg loss=0.000000, step=129078
Dev:   final loss=0.249497, aspect loss=0.249497, opinion loss=0.000000, sentiment loss=0.000000, reg loss=0.000000, step=129078
Dev:   aspect f1=0.6220, opinion f1=0.0000, sentiment acc==0.0000, sentiment f1==0.0000, ABSA f1==0.0000,
Test:  aspect f1=0.6220, opinion f1=0.0000, sentiment acc==0.0000, sentiment f1==0.0000, ABSA f1==0.0000,
Current Max Metrics Index : 52 Current Min Loss Index : 17 Epoch Time: 0m 16s Tau : 0.12

-------------------------------------Iter71-------------------------------------
Train: final loss=0.689877, aspect loss=0.017654, opinion loss=0.000000, domain loss=0.671924, sentiment loss=0.000000, reg loss=0.000000, step=130896
Dev:   final loss=0.250700, aspect loss=0.250700, opinion loss=0.000000, sentiment loss=0.000000, reg loss=0.000000, step=130896
Dev:   aspect f1=0.6186, opinion f1=0.0000, sentiment acc==0.0000, sentiment f1==0.0000, ABSA f1==0.0000,
Test:  aspect f1=0.6186, opinion f1=0.0000, sentiment acc==0.0000, sentiment f1==0.0000, ABSA f1==0.0000,
Current Max Metrics Index : 52 Current Min Loss Index : 17 Epoch Time: 0m 16s Tau : 0.12

-------------------------------------Iter72-------------------------------------
Train: final loss=0.690479, aspect loss=0.017611, opinion loss=0.000000, domain loss=0.671784, sentiment loss=0.000000, reg loss=0.000000, step=132714
Dev:   final loss=0.266303, aspect loss=0.266303, opinion loss=0.000000, sentiment loss=0.000000, reg loss=0.000000, step=132714
Dev:   aspect f1=0.6066, opinion f1=0.0000, sentiment acc==0.0000, sentiment f1==0.0000, ABSA f1==0.0000,
Test:  aspect f1=0.6066, opinion f1=0.0000, sentiment acc==0.0000, sentiment f1==0.0000, ABSA f1==0.0000,
Current Max Metrics Index : 52 Current Min Loss Index : 17 Epoch Time: 0m 16s Tau : 0.12

-------------------------------------Iter73-------------------------------------
Train: final loss=0.690908, aspect loss=0.017330, opinion loss=0.000000, domain loss=0.671924, sentiment loss=0.000000, reg loss=0.000000, step=134532
Dev:   final loss=0.261246, aspect loss=0.261246, opinion loss=0.000000, sentiment loss=0.000000, reg loss=0.000000, step=134532
Dev:   aspect f1=0.6284, opinion f1=0.0000, sentiment acc==0.0000, sentiment f1==0.0000, ABSA f1==0.0000,
Test:  aspect f1=0.6284, opinion f1=0.0000, sentiment acc==0.0000, sentiment f1==0.0000, ABSA f1==0.0000,
Current Max Metrics Index : 52 Current Min Loss Index : 17 Epoch Time: 0m 15s Tau : 0.11

-------------------------------------Iter74-------------------------------------
Train: final loss=0.689840, aspect loss=0.017098, opinion loss=0.000000, domain loss=0.671796, sentiment loss=0.000000, reg loss=0.000000, step=136350
Dev:   final loss=0.266037, aspect loss=0.266037, opinion loss=0.000000, sentiment loss=0.000000, reg loss=0.000000, step=136350
Dev:   aspect f1=0.6085, opinion f1=0.0000, sentiment acc==0.0000, sentiment f1==0.0000, ABSA f1==0.0000,
Test:  aspect f1=0.6085, opinion f1=0.0000, sentiment acc==0.0000, sentiment f1==0.0000, ABSA f1==0.0000,
Current Max Metrics Index : 52 Current Min Loss Index : 17 Epoch Time: 0m 15s Tau : 0.11

-------------------------------------Iter75-------------------------------------
Train: final loss=0.690128, aspect loss=0.017231, opinion loss=0.000000, domain loss=0.672098, sentiment loss=0.000000, reg loss=0.000000, step=138168
Dev:   final loss=0.238966, aspect loss=0.238966, opinion loss=0.000000, sentiment loss=0.000000, reg loss=0.000000, step=138168
Dev:   aspect f1=0.6293, opinion f1=0.0000, sentiment acc==0.0000, sentiment f1==0.0000, ABSA f1==0.0000,
Test:  aspect f1=0.6293, opinion f1=0.0000, sentiment acc==0.0000, sentiment f1==0.0000, ABSA f1==0.0000,
Current Max Metrics Index : 52 Current Min Loss Index : 17 Epoch Time: 0m 12s Tau : 0.11

-------------------------------------Iter76-------------------------------------
Train: final loss=0.689244, aspect loss=0.016314, opinion loss=0.000000, domain loss=0.671984, sentiment loss=0.000000, reg loss=0.000000, step=139986
Dev:   final loss=0.283229, aspect loss=0.283229, opinion loss=0.000000, sentiment loss=0.000000, reg loss=0.000000, step=139986
Dev:   aspect f1=0.6007, opinion f1=0.0000, sentiment acc==0.0000, sentiment f1==0.0000, ABSA f1==0.0000,
Test:  aspect f1=0.6007, opinion f1=0.0000, sentiment acc==0.0000, sentiment f1==0.0000, ABSA f1==0.0000,
Current Max Metrics Index : 52 Current Min Loss Index : 17 Epoch Time: 0m 15s Tau : 0.10

-------------------------------------Iter77-------------------------------------
Train: final loss=0.689740, aspect loss=0.016412, opinion loss=0.000000, domain loss=0.672060, sentiment loss=0.000000, reg loss=0.000000, step=141804
Dev:   final loss=0.260206, aspect loss=0.260206, opinion loss=0.000000, sentiment loss=0.000000, reg loss=0.000000, step=141804
Dev:   aspect f1=0.6138, opinion f1=0.0000, sentiment acc==0.0000, sentiment f1==0.0000, ABSA f1==0.0000,
Test:  aspect f1=0.6138, opinion f1=0.0000, sentiment acc==0.0000, sentiment f1==0.0000, ABSA f1==0.0000,
Current Max Metrics Index : 52 Current Min Loss Index : 17 Epoch Time: 0m 15s Tau : 0.10

-------------------------------------Iter78-------------------------------------
Train: final loss=0.689242, aspect loss=0.016135, opinion loss=0.000000, domain loss=0.671990, sentiment loss=0.000000, reg loss=0.000000, step=143622
Dev:   final loss=0.267825, aspect loss=0.267825, opinion loss=0.000000, sentiment loss=0.000000, reg loss=0.000000, step=143622
Dev:   aspect f1=0.5965, opinion f1=0.0000, sentiment acc==0.0000, sentiment f1==0.0000, ABSA f1==0.0000,
Test:  aspect f1=0.5965, opinion f1=0.0000, sentiment acc==0.0000, sentiment f1==0.0000, ABSA f1==0.0000,
Current Max Metrics Index : 52 Current Min Loss Index : 17 Epoch Time: 0m 15s Tau : 0.10

-------------------------------------Iter79-------------------------------------
Train: final loss=0.689749, aspect loss=0.015974, opinion loss=0.000000, domain loss=0.671846, sentiment loss=0.000000, reg loss=0.000000, step=145440
Dev:   final loss=0.263004, aspect loss=0.263004, opinion loss=0.000000, sentiment loss=0.000000, reg loss=0.000000, step=145440
Dev:   aspect f1=0.6068, opinion f1=0.0000, sentiment acc==0.0000, sentiment f1==0.0000, ABSA f1==0.0000,
Test:  aspect f1=0.6068, opinion f1=0.0000, sentiment acc==0.0000, sentiment f1==0.0000, ABSA f1==0.0000,
Current Max Metrics Index : 52 Current Min Loss Index : 17 Epoch Time: 0m 15s Tau : 0.10

-------------------------------------Iter80-------------------------------------
Train: final loss=0.689540, aspect loss=0.016809, opinion loss=0.000000, domain loss=0.671808, sentiment loss=0.000000, reg loss=0.000000, step=147258
Dev:   final loss=0.275939, aspect loss=0.275939, opinion loss=0.000000, sentiment loss=0.000000, reg loss=0.000000, step=147258
Dev:   aspect f1=0.6036, opinion f1=0.0000, sentiment acc==0.0000, sentiment f1==0.0000, ABSA f1==0.0000,
Test:  aspect f1=0.6036, opinion f1=0.0000, sentiment acc==0.0000, sentiment f1==0.0000, ABSA f1==0.0000,
Current Max Metrics Index : 52 Current Min Loss Index : 17 Epoch Time: 0m 15s Tau : 0.10

-------------------------------------Iter81-------------------------------------
Train: final loss=0.690149, aspect loss=0.016382, opinion loss=0.000000, domain loss=0.671829, sentiment loss=0.000000, reg loss=0.000000, step=149076
Dev:   final loss=0.251135, aspect loss=0.251135, opinion loss=0.000000, sentiment loss=0.000000, reg loss=0.000000, step=149076
Dev:   aspect f1=0.6156, opinion f1=0.0000, sentiment acc==0.0000, sentiment f1==0.0000, ABSA f1==0.0000,
Test:  aspect f1=0.6156, opinion f1=0.0000, sentiment acc==0.0000, sentiment f1==0.0000, ABSA f1==0.0000,
Current Max Metrics Index : 52 Current Min Loss Index : 17 Epoch Time: 0m 15s Tau : 0.10

-------------------------------------Iter82-------------------------------------
Train: final loss=0.689891, aspect loss=0.016100, opinion loss=0.000000, domain loss=0.671850, sentiment loss=0.000000, reg loss=0.000000, step=150894
Dev:   final loss=0.251252, aspect loss=0.251252, opinion loss=0.000000, sentiment loss=0.000000, reg loss=0.000000, step=150894
Dev:   aspect f1=0.6106, opinion f1=0.0000, sentiment acc==0.0000, sentiment f1==0.0000, ABSA f1==0.0000,
Test:  aspect f1=0.6106, opinion f1=0.0000, sentiment acc==0.0000, sentiment f1==0.0000, ABSA f1==0.0000,
Current Max Metrics Index : 52 Current Min Loss Index : 17 Epoch Time: 0m 15s Tau : 0.10

-------------------------------------Iter83-------------------------------------
Train: final loss=0.689004, aspect loss=0.016272, opinion loss=0.000000, domain loss=0.672195, sentiment loss=0.000000, reg loss=0.000000, step=152712
Dev:   final loss=0.259856, aspect loss=0.259856, opinion loss=0.000000, sentiment loss=0.000000, reg loss=0.000000, step=152712
Dev:   aspect f1=0.6044, opinion f1=0.0000, sentiment acc==0.0000, sentiment f1==0.0000, ABSA f1==0.0000,
Test:  aspect f1=0.6044, opinion f1=0.0000, sentiment acc==0.0000, sentiment f1==0.0000, ABSA f1==0.0000,
Current Max Metrics Index : 52 Current Min Loss Index : 17 Epoch Time: 0m 15s Tau : 0.10

-------------------------------------Iter84-------------------------------------
Train: final loss=0.688739, aspect loss=0.015605, opinion loss=0.000000, domain loss=0.672226, sentiment loss=0.000000, reg loss=0.000000, step=154530
Dev:   final loss=0.240815, aspect loss=0.240815, opinion loss=0.000000, sentiment loss=0.000000, reg loss=0.000000, step=154530
Dev:   aspect f1=0.6288, opinion f1=0.0000, sentiment acc==0.0000, sentiment f1==0.0000, ABSA f1==0.0000,
Test:  aspect f1=0.6288, opinion f1=0.0000, sentiment acc==0.0000, sentiment f1==0.0000, ABSA f1==0.0000,
Current Max Metrics Index : 52 Current Min Loss Index : 17 Epoch Time: 0m 15s Tau : 0.10

-------------------------------------Iter85-------------------------------------
Train: final loss=0.688361, aspect loss=0.015739, opinion loss=0.000000, domain loss=0.671478, sentiment loss=0.000000, reg loss=0.000000, step=156348
Dev:   final loss=0.252645, aspect loss=0.252645, opinion loss=0.000000, sentiment loss=0.000000, reg loss=0.000000, step=156348
Dev:   aspect f1=0.6184, opinion f1=0.0000, sentiment acc==0.0000, sentiment f1==0.0000, ABSA f1==0.0000,
Test:  aspect f1=0.6184, opinion f1=0.0000, sentiment acc==0.0000, sentiment f1==0.0000, ABSA f1==0.0000,
Current Max Metrics Index : 52 Current Min Loss Index : 17 Epoch Time: 0m 15s Tau : 0.10

-------------------------------------Iter86-------------------------------------
Train: final loss=0.689469, aspect loss=0.015699, opinion loss=0.000000, domain loss=0.671967, sentiment loss=0.000000, reg loss=0.000000, step=158166
Dev:   final loss=0.262304, aspect loss=0.262304, opinion loss=0.000000, sentiment loss=0.000000, reg loss=0.000000, step=158166
Dev:   aspect f1=0.6131, opinion f1=0.0000, sentiment acc==0.0000, sentiment f1==0.0000, ABSA f1==0.0000,
Test:  aspect f1=0.6131, opinion f1=0.0000, sentiment acc==0.0000, sentiment f1==0.0000, ABSA f1==0.0000,
Current Max Metrics Index : 52 Current Min Loss Index : 17 Epoch Time: 0m 15s Tau : 0.10

-------------------------------------Iter87-------------------------------------
Train: final loss=0.687749, aspect loss=0.015513, opinion loss=0.000000, domain loss=0.671602, sentiment loss=0.000000, reg loss=0.000000, step=159984
Dev:   final loss=0.260020, aspect loss=0.260020, opinion loss=0.000000, sentiment loss=0.000000, reg loss=0.000000, step=159984
Dev:   aspect f1=0.6019, opinion f1=0.0000, sentiment acc==0.0000, sentiment f1==0.0000, ABSA f1==0.0000,
Test:  aspect f1=0.6019, opinion f1=0.0000, sentiment acc==0.0000, sentiment f1==0.0000, ABSA f1==0.0000,
Current Max Metrics Index : 52 Current Min Loss Index : 17 Epoch Time: 0m 15s Tau : 0.10

-------------------------------------Iter88-------------------------------------
Train: final loss=0.689929, aspect loss=0.016100, opinion loss=0.000000, domain loss=0.672042, sentiment loss=0.000000, reg loss=0.000000, step=161802
Dev:   final loss=0.250178, aspect loss=0.250178, opinion loss=0.000000, sentiment loss=0.000000, reg loss=0.000000, step=161802
Dev:   aspect f1=0.6070, opinion f1=0.0000, sentiment acc==0.0000, sentiment f1==0.0000, ABSA f1==0.0000,
Test:  aspect f1=0.6070, opinion f1=0.0000, sentiment acc==0.0000, sentiment f1==0.0000, ABSA f1==0.0000,
Current Max Metrics Index : 52 Current Min Loss Index : 17 Epoch Time: 0m 16s Tau : 0.10

-------------------------------------Iter89-------------------------------------
Train: final loss=0.688579, aspect loss=0.015227, opinion loss=0.000000, domain loss=0.672166, sentiment loss=0.000000, reg loss=0.000000, step=163620
Dev:   final loss=0.262073, aspect loss=0.262073, opinion loss=0.000000, sentiment loss=0.000000, reg loss=0.000000, step=163620
Dev:   aspect f1=0.6133, opinion f1=0.0000, sentiment acc==0.0000, sentiment f1==0.0000, ABSA f1==0.0000,
Test:  aspect f1=0.6133, opinion f1=0.0000, sentiment acc==0.0000, sentiment f1==0.0000, ABSA f1==0.0000,
Current Max Metrics Index : 52 Current Min Loss Index : 17 Epoch Time: 0m 16s Tau : 0.10

-------------------------------------Iter90-------------------------------------
Train: final loss=0.687841, aspect loss=0.014920, opinion loss=0.000000, domain loss=0.672147, sentiment loss=0.000000, reg loss=0.000000, step=165438
Dev:   final loss=0.267810, aspect loss=0.267810, opinion loss=0.000000, sentiment loss=0.000000, reg loss=0.000000, step=165438
Dev:   aspect f1=0.6126, opinion f1=0.0000, sentiment acc==0.0000, sentiment f1==0.0000, ABSA f1==0.0000,
Test:  aspect f1=0.6126, opinion f1=0.0000, sentiment acc==0.0000, sentiment f1==0.0000, ABSA f1==0.0000,
Current Max Metrics Index : 52 Current Min Loss Index : 17 Epoch Time: 0m 16s Tau : 0.10

-------------------------------------Iter91-------------------------------------
Train: final loss=0.688404, aspect loss=0.015130, opinion loss=0.000000, domain loss=0.671847, sentiment loss=0.000000, reg loss=0.000000, step=167256
Dev:   final loss=0.267048, aspect loss=0.267048, opinion loss=0.000000, sentiment loss=0.000000, reg loss=0.000000, step=167256
Dev:   aspect f1=0.6187, opinion f1=0.0000, sentiment acc==0.0000, sentiment f1==0.0000, ABSA f1==0.0000,
Test:  aspect f1=0.6187, opinion f1=0.0000, sentiment acc==0.0000, sentiment f1==0.0000, ABSA f1==0.0000,
Current Max Metrics Index : 52 Current Min Loss Index : 17 Epoch Time: 0m 15s Tau : 0.10

-------------------------------------Iter92-------------------------------------
Train: final loss=0.688084, aspect loss=0.014692, opinion loss=0.000000, domain loss=0.671846, sentiment loss=0.000000, reg loss=0.000000, step=169074
Dev:   final loss=0.253946, aspect loss=0.253946, opinion loss=0.000000, sentiment loss=0.000000, reg loss=0.000000, step=169074
Dev:   aspect f1=0.6065, opinion f1=0.0000, sentiment acc==0.0000, sentiment f1==0.0000, ABSA f1==0.0000,
Test:  aspect f1=0.6065, opinion f1=0.0000, sentiment acc==0.0000, sentiment f1==0.0000, ABSA f1==0.0000,
Current Max Metrics Index : 52 Current Min Loss Index : 17 Epoch Time: 0m 15s Tau : 0.10

-------------------------------------Iter93-------------------------------------
Train: final loss=0.688191, aspect loss=0.015579, opinion loss=0.000000, domain loss=0.671973, sentiment loss=0.000000, reg loss=0.000000, step=170892
Dev:   final loss=0.251900, aspect loss=0.251900, opinion loss=0.000000, sentiment loss=0.000000, reg loss=0.000000, step=170892
Dev:   aspect f1=0.6220, opinion f1=0.0000, sentiment acc==0.0000, sentiment f1==0.0000, ABSA f1==0.0000,
Test:  aspect f1=0.6220, opinion f1=0.0000, sentiment acc==0.0000, sentiment f1==0.0000, ABSA f1==0.0000,
Current Max Metrics Index : 52 Current Min Loss Index : 17 Epoch Time: 0m 15s Tau : 0.10

-------------------------------------Iter94-------------------------------------
Train: final loss=0.687994, aspect loss=0.014578, opinion loss=0.000000, domain loss=0.671988, sentiment loss=0.000000, reg loss=0.000000, step=172710
Dev:   final loss=0.269598, aspect loss=0.269598, opinion loss=0.000000, sentiment loss=0.000000, reg loss=0.000000, step=172710
Dev:   aspect f1=0.6123, opinion f1=0.0000, sentiment acc==0.0000, sentiment f1==0.0000, ABSA f1==0.0000,
Test:  aspect f1=0.6123, opinion f1=0.0000, sentiment acc==0.0000, sentiment f1==0.0000, ABSA f1==0.0000,
Current Max Metrics Index : 52 Current Min Loss Index : 17 Epoch Time: 0m 15s Tau : 0.10

-------------------------------------Iter95-------------------------------------
Train: final loss=0.688647, aspect loss=0.014594, opinion loss=0.000000, domain loss=0.671973, sentiment loss=0.000000, reg loss=0.000000, step=174528
Dev:   final loss=0.273248, aspect loss=0.273248, opinion loss=0.000000, sentiment loss=0.000000, reg loss=0.000000, step=174528
Dev:   aspect f1=0.6059, opinion f1=0.0000, sentiment acc==0.0000, sentiment f1==0.0000, ABSA f1==0.0000,
Test:  aspect f1=0.6059, opinion f1=0.0000, sentiment acc==0.0000, sentiment f1==0.0000, ABSA f1==0.0000,
Current Max Metrics Index : 52 Current Min Loss Index : 17 Epoch Time: 0m 15s Tau : 0.10

-------------------------------------Iter96-------------------------------------
Train: final loss=0.687786, aspect loss=0.014504, opinion loss=0.000000, domain loss=0.671891, sentiment loss=0.000000, reg loss=0.000000, step=176346
Dev:   final loss=0.276127, aspect loss=0.276127, opinion loss=0.000000, sentiment loss=0.000000, reg loss=0.000000, step=176346
Dev:   aspect f1=0.6133, opinion f1=0.0000, sentiment acc==0.0000, sentiment f1==0.0000, ABSA f1==0.0000,
Test:  aspect f1=0.6133, opinion f1=0.0000, sentiment acc==0.0000, sentiment f1==0.0000, ABSA f1==0.0000,
Current Max Metrics Index : 52 Current Min Loss Index : 17 Epoch Time: 0m 15s Tau : 0.10

-------------------------------------Iter97-------------------------------------
Train: final loss=0.687150, aspect loss=0.014606, opinion loss=0.000000, domain loss=0.671906, sentiment loss=0.000000, reg loss=0.000000, step=178164
Dev:   final loss=0.278510, aspect loss=0.278510, opinion loss=0.000000, sentiment loss=0.000000, reg loss=0.000000, step=178164
Dev:   aspect f1=0.5932, opinion f1=0.0000, sentiment acc==0.0000, sentiment f1==0.0000, ABSA f1==0.0000,
Test:  aspect f1=0.5932, opinion f1=0.0000, sentiment acc==0.0000, sentiment f1==0.0000, ABSA f1==0.0000,
Current Max Metrics Index : 52 Current Min Loss Index : 17 Epoch Time: 0m 15s Tau : 0.10

-------------------------------------Iter98-------------------------------------
Train: final loss=0.687432, aspect loss=0.014630, opinion loss=0.000000, domain loss=0.671947, sentiment loss=0.000000, reg loss=0.000000, step=179982
Dev:   final loss=0.249650, aspect loss=0.249650, opinion loss=0.000000, sentiment loss=0.000000, reg loss=0.000000, step=179982
Dev:   aspect f1=0.6232, opinion f1=0.0000, sentiment acc==0.0000, sentiment f1==0.0000, ABSA f1==0.0000,
Test:  aspect f1=0.6232, opinion f1=0.0000, sentiment acc==0.0000, sentiment f1==0.0000, ABSA f1==0.0000,
Current Max Metrics Index : 52 Current Min Loss Index : 17 Epoch Time: 0m 15s Tau : 0.10

-------------------------------------Iter99-------------------------------------
Train: final loss=0.686456, aspect loss=0.013943, opinion loss=0.000000, domain loss=0.672086, sentiment loss=0.000000, reg loss=0.000000, step=181800
Dev:   final loss=0.244726, aspect loss=0.244726, opinion loss=0.000000, sentiment loss=0.000000, reg loss=0.000000, step=181800
Dev:   aspect f1=0.6210, opinion f1=0.0000, sentiment acc==0.0000, sentiment f1==0.0000, ABSA f1==0.0000,
Test:  aspect f1=0.6210, opinion f1=0.0000, sentiment acc==0.0000, sentiment f1==0.0000, ABSA f1==0.0000,
Current Max Metrics Index : 52 Current Min Loss Index : 17 Epoch Time: 0m 15s Tau : 0.10

--------------------------------Mission Complete--------------------------------
Dev Max Metrics Index: 52
aspect f1=64.05, opinion f1=0.00, sentiment acc==0.00, sentiment f1==0.00, ABSA f1==0.00,
Dev Min Loss Index: 17
aspect f1=61.49, opinion f1=0.00, sentiment acc==0.00, sentiment f1==0.00, ABSA f1==0.00,
Running Time: 25m 42s
