> log file: ./log/device-to-restaurant/[SemBridge]-210519-091451.log
cuda memory allocated: 10108928
n_trainable_params: 1431975, n_nontrainable_params: 1094700
> training arguments:
>>> source: device
>>> target: restaurant
>>> use_unlabel: 1
>>> use_syntactic: 0
>>> use_semantic: 1
>>> split: 3
>>> local_bert_path: F:\NLP\BERT-BASE-UNCASED
>>> model_name: DECNN
>>> batch_size: 8
>>> learning_rate: 0.0001
>>> lr_decay: 1e-05
>>> num_epoch: 100
>>> emb_dim: 100
>>> dep_dim: 50
>>> pos_dim: 50
>>> hidden_dim: 256
>>> keep_prob: 0.5
>>> l2_reg: 1e-05
>>> beta: 0.1
>>> kernel_size: 5
>>> hop_num: 2
>>> class_num: 3
>>> cluster_num: 200
>>> cate_num: 20
>>> seed: 123
>>> log_step: 5
>>> dynamic_gate: 1
>>> valset_num: 0
>>> reuse_embedding: 1
>>> optimizer: <class 'torch.optim.adam.Adam'>
>>> initializer: <function uniform_ at 0x7f2c8f024c80>
>>> device: cuda:0
>>> ablation: None
>>> topk: 10
>>> name: [SemBridge]
>>> dataset_file: {'train': './data/device/train3/', 'unlabel': './data/restaurant/train3/', 'test': './data/restaurant/test3/'}
>>> model_class: <class 'models.decnn_base.DECNN'>
>>> inputs_cols: ['sentence', 'mask', 'position', 'keep_prob']
>>> max_sentence_len: 110

-------------------------------------Iter0--------------------------------------
Train: final loss=0.611501, aspect loss=0.090634, opinion loss=0.000000, domain loss=0.512434, sentiment loss=0.000000, reg loss=0.000000, step=1376
Dev:   final loss=0.318795, aspect loss=0.318795, opinion loss=0.000000, sentiment loss=0.000000, reg loss=0.000000, step=1376
Dev:   aspect f1=0.4449, opinion f1=0.0000, sentiment acc==0.0000, sentiment f1==0.0000, ABSA f1==0.0000,
Test:  aspect f1=0.4449, opinion f1=0.0000, sentiment acc==0.0000, sentiment f1==0.0000, ABSA f1==0.0000,
Current Max Metrics Index : 0 Current Min Loss Index : 0 Epoch Time: 0m 12s Tau : 1.00
>> Checkpoint Saved: state_dict/device-to-restaurant/[SemBridge]-ATE-F1-0.4449.pth

-------------------------------------Iter1--------------------------------------
Train: final loss=0.573583, aspect loss=0.063587, opinion loss=0.000000, domain loss=0.502664, sentiment loss=0.000000, reg loss=0.000000, step=2752
Dev:   final loss=0.282244, aspect loss=0.282244, opinion loss=0.000000, sentiment loss=0.000000, reg loss=0.000000, step=2752
Dev:   aspect f1=0.5040, opinion f1=0.0000, sentiment acc==0.0000, sentiment f1==0.0000, ABSA f1==0.0000,
Test:  aspect f1=0.5040, opinion f1=0.0000, sentiment acc==0.0000, sentiment f1==0.0000, ABSA f1==0.0000,
Current Max Metrics Index : 1 Current Min Loss Index : 1 Epoch Time: 0m 12s Tau : 0.97
>> Checkpoint Saved: state_dict/device-to-restaurant/[SemBridge]-ATE-F1-0.5040.pth

-------------------------------------Iter2--------------------------------------
Train: final loss=0.564436, aspect loss=0.055993, opinion loss=0.000000, domain loss=0.500798, sentiment loss=0.000000, reg loss=0.000000, step=4128
Dev:   final loss=0.251469, aspect loss=0.251469, opinion loss=0.000000, sentiment loss=0.000000, reg loss=0.000000, step=4128
Dev:   aspect f1=0.5477, opinion f1=0.0000, sentiment acc==0.0000, sentiment f1==0.0000, ABSA f1==0.0000,
Test:  aspect f1=0.5477, opinion f1=0.0000, sentiment acc==0.0000, sentiment f1==0.0000, ABSA f1==0.0000,
Current Max Metrics Index : 2 Current Min Loss Index : 2 Epoch Time: 0m 12s Tau : 0.94
>> Checkpoint Saved: state_dict/device-to-restaurant/[SemBridge]-ATE-F1-0.5477.pth

-------------------------------------Iter3--------------------------------------
Train: final loss=0.564351, aspect loss=0.053894, opinion loss=0.000000, domain loss=0.503582, sentiment loss=0.000000, reg loss=0.000000, step=5504
Dev:   final loss=0.250724, aspect loss=0.250724, opinion loss=0.000000, sentiment loss=0.000000, reg loss=0.000000, step=5504
Dev:   aspect f1=0.5641, opinion f1=0.0000, sentiment acc==0.0000, sentiment f1==0.0000, ABSA f1==0.0000,
Test:  aspect f1=0.5641, opinion f1=0.0000, sentiment acc==0.0000, sentiment f1==0.0000, ABSA f1==0.0000,
Current Max Metrics Index : 3 Current Min Loss Index : 3 Epoch Time: 0m 12s Tau : 0.91
>> Checkpoint Saved: state_dict/device-to-restaurant/[SemBridge]-ATE-F1-0.5641.pth

-------------------------------------Iter4--------------------------------------
Train: final loss=0.564359, aspect loss=0.050090, opinion loss=0.000000, domain loss=0.504851, sentiment loss=0.000000, reg loss=0.000000, step=6880
Dev:   final loss=0.248019, aspect loss=0.248019, opinion loss=0.000000, sentiment loss=0.000000, reg loss=0.000000, step=6880
Dev:   aspect f1=0.5797, opinion f1=0.0000, sentiment acc==0.0000, sentiment f1==0.0000, ABSA f1==0.0000,
Test:  aspect f1=0.5797, opinion f1=0.0000, sentiment acc==0.0000, sentiment f1==0.0000, ABSA f1==0.0000,
Current Max Metrics Index : 4 Current Min Loss Index : 4 Epoch Time: 0m 12s Tau : 0.89
>> Checkpoint Saved: state_dict/device-to-restaurant/[SemBridge]-ATE-F1-0.5797.pth

-------------------------------------Iter5--------------------------------------
Train: final loss=0.560534, aspect loss=0.048080, opinion loss=0.000000, domain loss=0.505230, sentiment loss=0.000000, reg loss=0.000000, step=8256
Dev:   final loss=0.229866, aspect loss=0.229866, opinion loss=0.000000, sentiment loss=0.000000, reg loss=0.000000, step=8256
Dev:   aspect f1=0.5483, opinion f1=0.0000, sentiment acc==0.0000, sentiment f1==0.0000, ABSA f1==0.0000,
Test:  aspect f1=0.5483, opinion f1=0.0000, sentiment acc==0.0000, sentiment f1==0.0000, ABSA f1==0.0000,
Current Max Metrics Index : 4 Current Min Loss Index : 5 Epoch Time: 0m 13s Tau : 0.86

-------------------------------------Iter6--------------------------------------
Train: final loss=0.560544, aspect loss=0.047148, opinion loss=0.000000, domain loss=0.505320, sentiment loss=0.000000, reg loss=0.000000, step=9632
Dev:   final loss=0.233143, aspect loss=0.233143, opinion loss=0.000000, sentiment loss=0.000000, reg loss=0.000000, step=9632
Dev:   aspect f1=0.5769, opinion f1=0.0000, sentiment acc==0.0000, sentiment f1==0.0000, ABSA f1==0.0000,
Test:  aspect f1=0.5769, opinion f1=0.0000, sentiment acc==0.0000, sentiment f1==0.0000, ABSA f1==0.0000,
Current Max Metrics Index : 4 Current Min Loss Index : 5 Epoch Time: 0m 12s Tau : 0.84

-------------------------------------Iter7--------------------------------------
Train: final loss=0.555863, aspect loss=0.045103, opinion loss=0.000000, domain loss=0.504875, sentiment loss=0.000000, reg loss=0.000000, step=11008
Dev:   final loss=0.227234, aspect loss=0.227234, opinion loss=0.000000, sentiment loss=0.000000, reg loss=0.000000, step=11008
Dev:   aspect f1=0.5569, opinion f1=0.0000, sentiment acc==0.0000, sentiment f1==0.0000, ABSA f1==0.0000,
Test:  aspect f1=0.5569, opinion f1=0.0000, sentiment acc==0.0000, sentiment f1==0.0000, ABSA f1==0.0000,
Current Max Metrics Index : 4 Current Min Loss Index : 7 Epoch Time: 0m 12s Tau : 0.81

-------------------------------------Iter8--------------------------------------
Train: final loss=0.557314, aspect loss=0.044330, opinion loss=0.000000, domain loss=0.505467, sentiment loss=0.000000, reg loss=0.000000, step=12384
Dev:   final loss=0.227418, aspect loss=0.227418, opinion loss=0.000000, sentiment loss=0.000000, reg loss=0.000000, step=12384
Dev:   aspect f1=0.5650, opinion f1=0.0000, sentiment acc==0.0000, sentiment f1==0.0000, ABSA f1==0.0000,
Test:  aspect f1=0.5650, opinion f1=0.0000, sentiment acc==0.0000, sentiment f1==0.0000, ABSA f1==0.0000,
Current Max Metrics Index : 4 Current Min Loss Index : 7 Epoch Time: 0m 12s Tau : 0.79

-------------------------------------Iter9--------------------------------------
Train: final loss=0.555537, aspect loss=0.043327, opinion loss=0.000000, domain loss=0.505337, sentiment loss=0.000000, reg loss=0.000000, step=13760
Dev:   final loss=0.219694, aspect loss=0.219694, opinion loss=0.000000, sentiment loss=0.000000, reg loss=0.000000, step=13760
Dev:   aspect f1=0.5562, opinion f1=0.0000, sentiment acc==0.0000, sentiment f1==0.0000, ABSA f1==0.0000,
Test:  aspect f1=0.5562, opinion f1=0.0000, sentiment acc==0.0000, sentiment f1==0.0000, ABSA f1==0.0000,
Current Max Metrics Index : 4 Current Min Loss Index : 9 Epoch Time: 0m 11s Tau : 0.76

-------------------------------------Iter10-------------------------------------
Train: final loss=0.556235, aspect loss=0.041344, opinion loss=0.000000, domain loss=0.505689, sentiment loss=0.000000, reg loss=0.000000, step=15136
Dev:   final loss=0.220909, aspect loss=0.220909, opinion loss=0.000000, sentiment loss=0.000000, reg loss=0.000000, step=15136
Dev:   aspect f1=0.5827, opinion f1=0.0000, sentiment acc==0.0000, sentiment f1==0.0000, ABSA f1==0.0000,
Test:  aspect f1=0.5827, opinion f1=0.0000, sentiment acc==0.0000, sentiment f1==0.0000, ABSA f1==0.0000,
Current Max Metrics Index : 10 Current Min Loss Index : 9 Epoch Time: 0m 9s Tau : 0.74
>> Checkpoint Saved: state_dict/device-to-restaurant/[SemBridge]-ATE-F1-0.5827.pth

-------------------------------------Iter11-------------------------------------
Train: final loss=0.554422, aspect loss=0.041680, opinion loss=0.000000, domain loss=0.505604, sentiment loss=0.000000, reg loss=0.000000, step=16512
Dev:   final loss=0.225294, aspect loss=0.225294, opinion loss=0.000000, sentiment loss=0.000000, reg loss=0.000000, step=16512
Dev:   aspect f1=0.5801, opinion f1=0.0000, sentiment acc==0.0000, sentiment f1==0.0000, ABSA f1==0.0000,
Test:  aspect f1=0.5801, opinion f1=0.0000, sentiment acc==0.0000, sentiment f1==0.0000, ABSA f1==0.0000,
Current Max Metrics Index : 10 Current Min Loss Index : 9 Epoch Time: 0m 11s Tau : 0.72

-------------------------------------Iter12-------------------------------------
Train: final loss=0.553507, aspect loss=0.040283, opinion loss=0.000000, domain loss=0.505478, sentiment loss=0.000000, reg loss=0.000000, step=17888
Dev:   final loss=0.226110, aspect loss=0.226110, opinion loss=0.000000, sentiment loss=0.000000, reg loss=0.000000, step=17888
Dev:   aspect f1=0.5775, opinion f1=0.0000, sentiment acc==0.0000, sentiment f1==0.0000, ABSA f1==0.0000,
Test:  aspect f1=0.5775, opinion f1=0.0000, sentiment acc==0.0000, sentiment f1==0.0000, ABSA f1==0.0000,
Current Max Metrics Index : 10 Current Min Loss Index : 9 Epoch Time: 0m 12s Tau : 0.70

-------------------------------------Iter13-------------------------------------
Train: final loss=0.550111, aspect loss=0.039423, opinion loss=0.000000, domain loss=0.505285, sentiment loss=0.000000, reg loss=0.000000, step=19264
Dev:   final loss=0.226659, aspect loss=0.226659, opinion loss=0.000000, sentiment loss=0.000000, reg loss=0.000000, step=19264
Dev:   aspect f1=0.5607, opinion f1=0.0000, sentiment acc==0.0000, sentiment f1==0.0000, ABSA f1==0.0000,
Test:  aspect f1=0.5607, opinion f1=0.0000, sentiment acc==0.0000, sentiment f1==0.0000, ABSA f1==0.0000,
Current Max Metrics Index : 10 Current Min Loss Index : 9 Epoch Time: 0m 11s Tau : 0.68

-------------------------------------Iter14-------------------------------------
Train: final loss=0.553804, aspect loss=0.038999, opinion loss=0.000000, domain loss=0.505582, sentiment loss=0.000000, reg loss=0.000000, step=20640
Dev:   final loss=0.232383, aspect loss=0.232383, opinion loss=0.000000, sentiment loss=0.000000, reg loss=0.000000, step=20640
Dev:   aspect f1=0.5706, opinion f1=0.0000, sentiment acc==0.0000, sentiment f1==0.0000, ABSA f1==0.0000,
Test:  aspect f1=0.5706, opinion f1=0.0000, sentiment acc==0.0000, sentiment f1==0.0000, ABSA f1==0.0000,
Current Max Metrics Index : 10 Current Min Loss Index : 9 Epoch Time: 0m 12s Tau : 0.66

-------------------------------------Iter15-------------------------------------
Train: final loss=0.552426, aspect loss=0.038426, opinion loss=0.000000, domain loss=0.505188, sentiment loss=0.000000, reg loss=0.000000, step=22016
Dev:   final loss=0.234904, aspect loss=0.234904, opinion loss=0.000000, sentiment loss=0.000000, reg loss=0.000000, step=22016
Dev:   aspect f1=0.5683, opinion f1=0.0000, sentiment acc==0.0000, sentiment f1==0.0000, ABSA f1==0.0000,
Test:  aspect f1=0.5683, opinion f1=0.0000, sentiment acc==0.0000, sentiment f1==0.0000, ABSA f1==0.0000,
Current Max Metrics Index : 10 Current Min Loss Index : 9 Epoch Time: 0m 12s Tau : 0.64

-------------------------------------Iter16-------------------------------------
Train: final loss=0.549831, aspect loss=0.037738, opinion loss=0.000000, domain loss=0.505716, sentiment loss=0.000000, reg loss=0.000000, step=23392
Dev:   final loss=0.221941, aspect loss=0.221941, opinion loss=0.000000, sentiment loss=0.000000, reg loss=0.000000, step=23392
Dev:   aspect f1=0.5752, opinion f1=0.0000, sentiment acc==0.0000, sentiment f1==0.0000, ABSA f1==0.0000,
Test:  aspect f1=0.5752, opinion f1=0.0000, sentiment acc==0.0000, sentiment f1==0.0000, ABSA f1==0.0000,
Current Max Metrics Index : 10 Current Min Loss Index : 9 Epoch Time: 0m 12s Tau : 0.62

-------------------------------------Iter17-------------------------------------
Train: final loss=0.549794, aspect loss=0.036906, opinion loss=0.000000, domain loss=0.505018, sentiment loss=0.000000, reg loss=0.000000, step=24768
Dev:   final loss=0.247115, aspect loss=0.247115, opinion loss=0.000000, sentiment loss=0.000000, reg loss=0.000000, step=24768
Dev:   aspect f1=0.5644, opinion f1=0.0000, sentiment acc==0.0000, sentiment f1==0.0000, ABSA f1==0.0000,
Test:  aspect f1=0.5644, opinion f1=0.0000, sentiment acc==0.0000, sentiment f1==0.0000, ABSA f1==0.0000,
Current Max Metrics Index : 10 Current Min Loss Index : 9 Epoch Time: 0m 12s Tau : 0.60

-------------------------------------Iter18-------------------------------------
Train: final loss=0.549014, aspect loss=0.034959, opinion loss=0.000000, domain loss=0.505594, sentiment loss=0.000000, reg loss=0.000000, step=26144
Dev:   final loss=0.241612, aspect loss=0.241612, opinion loss=0.000000, sentiment loss=0.000000, reg loss=0.000000, step=26144
Dev:   aspect f1=0.5674, opinion f1=0.0000, sentiment acc==0.0000, sentiment f1==0.0000, ABSA f1==0.0000,
Test:  aspect f1=0.5674, opinion f1=0.0000, sentiment acc==0.0000, sentiment f1==0.0000, ABSA f1==0.0000,
Current Max Metrics Index : 10 Current Min Loss Index : 9 Epoch Time: 0m 12s Tau : 0.58

-------------------------------------Iter19-------------------------------------
Train: final loss=0.549899, aspect loss=0.035193, opinion loss=0.000000, domain loss=0.505638, sentiment loss=0.000000, reg loss=0.000000, step=27520
Dev:   final loss=0.253467, aspect loss=0.253467, opinion loss=0.000000, sentiment loss=0.000000, reg loss=0.000000, step=27520
Dev:   aspect f1=0.5734, opinion f1=0.0000, sentiment acc==0.0000, sentiment f1==0.0000, ABSA f1==0.0000,
Test:  aspect f1=0.5734, opinion f1=0.0000, sentiment acc==0.0000, sentiment f1==0.0000, ABSA f1==0.0000,
Current Max Metrics Index : 10 Current Min Loss Index : 9 Epoch Time: 0m 12s Tau : 0.57

-------------------------------------Iter20-------------------------------------
Train: final loss=0.549859, aspect loss=0.034634, opinion loss=0.000000, domain loss=0.505844, sentiment loss=0.000000, reg loss=0.000000, step=28896
Dev:   final loss=0.229460, aspect loss=0.229460, opinion loss=0.000000, sentiment loss=0.000000, reg loss=0.000000, step=28896
Dev:   aspect f1=0.5746, opinion f1=0.0000, sentiment acc==0.0000, sentiment f1==0.0000, ABSA f1==0.0000,
Test:  aspect f1=0.5746, opinion f1=0.0000, sentiment acc==0.0000, sentiment f1==0.0000, ABSA f1==0.0000,
Current Max Metrics Index : 10 Current Min Loss Index : 9 Epoch Time: 0m 12s Tau : 0.55

-------------------------------------Iter21-------------------------------------
Train: final loss=0.546634, aspect loss=0.033634, opinion loss=0.000000, domain loss=0.505348, sentiment loss=0.000000, reg loss=0.000000, step=30272
Dev:   final loss=0.250203, aspect loss=0.250203, opinion loss=0.000000, sentiment loss=0.000000, reg loss=0.000000, step=30272
Dev:   aspect f1=0.5775, opinion f1=0.0000, sentiment acc==0.0000, sentiment f1==0.0000, ABSA f1==0.0000,
Test:  aspect f1=0.5775, opinion f1=0.0000, sentiment acc==0.0000, sentiment f1==0.0000, ABSA f1==0.0000,
Current Max Metrics Index : 10 Current Min Loss Index : 9 Epoch Time: 0m 12s Tau : 0.53

-------------------------------------Iter22-------------------------------------
Train: final loss=0.545193, aspect loss=0.033456, opinion loss=0.000000, domain loss=0.505679, sentiment loss=0.000000, reg loss=0.000000, step=31648
Dev:   final loss=0.233565, aspect loss=0.233565, opinion loss=0.000000, sentiment loss=0.000000, reg loss=0.000000, step=31648
Dev:   aspect f1=0.5750, opinion f1=0.0000, sentiment acc==0.0000, sentiment f1==0.0000, ABSA f1==0.0000,
Test:  aspect f1=0.5750, opinion f1=0.0000, sentiment acc==0.0000, sentiment f1==0.0000, ABSA f1==0.0000,
Current Max Metrics Index : 10 Current Min Loss Index : 9 Epoch Time: 0m 12s Tau : 0.52

-------------------------------------Iter23-------------------------------------
Train: final loss=0.544630, aspect loss=0.032441, opinion loss=0.000000, domain loss=0.505503, sentiment loss=0.000000, reg loss=0.000000, step=33024
Dev:   final loss=0.262143, aspect loss=0.262143, opinion loss=0.000000, sentiment loss=0.000000, reg loss=0.000000, step=33024
Dev:   aspect f1=0.5648, opinion f1=0.0000, sentiment acc==0.0000, sentiment f1==0.0000, ABSA f1==0.0000,
Test:  aspect f1=0.5648, opinion f1=0.0000, sentiment acc==0.0000, sentiment f1==0.0000, ABSA f1==0.0000,
Current Max Metrics Index : 10 Current Min Loss Index : 9 Epoch Time: 0m 12s Tau : 0.50

-------------------------------------Iter24-------------------------------------
Train: final loss=0.544391, aspect loss=0.032296, opinion loss=0.000000, domain loss=0.505529, sentiment loss=0.000000, reg loss=0.000000, step=34400
Dev:   final loss=0.236681, aspect loss=0.236681, opinion loss=0.000000, sentiment loss=0.000000, reg loss=0.000000, step=34400
Dev:   aspect f1=0.5773, opinion f1=0.0000, sentiment acc==0.0000, sentiment f1==0.0000, ABSA f1==0.0000,
Test:  aspect f1=0.5773, opinion f1=0.0000, sentiment acc==0.0000, sentiment f1==0.0000, ABSA f1==0.0000,
Current Max Metrics Index : 10 Current Min Loss Index : 9 Epoch Time: 0m 12s Tau : 0.49

-------------------------------------Iter25-------------------------------------
Train: final loss=0.547110, aspect loss=0.032783, opinion loss=0.000000, domain loss=0.505581, sentiment loss=0.000000, reg loss=0.000000, step=35776
Dev:   final loss=0.236046, aspect loss=0.236046, opinion loss=0.000000, sentiment loss=0.000000, reg loss=0.000000, step=35776
Dev:   aspect f1=0.5875, opinion f1=0.0000, sentiment acc==0.0000, sentiment f1==0.0000, ABSA f1==0.0000,
Test:  aspect f1=0.5875, opinion f1=0.0000, sentiment acc==0.0000, sentiment f1==0.0000, ABSA f1==0.0000,
Current Max Metrics Index : 25 Current Min Loss Index : 9 Epoch Time: 0m 12s Tau : 0.47
>> Checkpoint Saved: state_dict/device-to-restaurant/[SemBridge]-ATE-F1-0.5875.pth

-------------------------------------Iter26-------------------------------------
Train: final loss=0.544410, aspect loss=0.031574, opinion loss=0.000000, domain loss=0.504804, sentiment loss=0.000000, reg loss=0.000000, step=37152
Dev:   final loss=0.263791, aspect loss=0.263791, opinion loss=0.000000, sentiment loss=0.000000, reg loss=0.000000, step=37152
Dev:   aspect f1=0.5775, opinion f1=0.0000, sentiment acc==0.0000, sentiment f1==0.0000, ABSA f1==0.0000,
Test:  aspect f1=0.5775, opinion f1=0.0000, sentiment acc==0.0000, sentiment f1==0.0000, ABSA f1==0.0000,
Current Max Metrics Index : 25 Current Min Loss Index : 9 Epoch Time: 0m 12s Tau : 0.46

-------------------------------------Iter27-------------------------------------
Train: final loss=0.544226, aspect loss=0.030935, opinion loss=0.000000, domain loss=0.505406, sentiment loss=0.000000, reg loss=0.000000, step=38528
Dev:   final loss=0.242443, aspect loss=0.242443, opinion loss=0.000000, sentiment loss=0.000000, reg loss=0.000000, step=38528
Dev:   aspect f1=0.5884, opinion f1=0.0000, sentiment acc==0.0000, sentiment f1==0.0000, ABSA f1==0.0000,
Test:  aspect f1=0.5884, opinion f1=0.0000, sentiment acc==0.0000, sentiment f1==0.0000, ABSA f1==0.0000,
Current Max Metrics Index : 27 Current Min Loss Index : 9 Epoch Time: 0m 12s Tau : 0.44
>> Checkpoint Saved: state_dict/device-to-restaurant/[SemBridge]-ATE-F1-0.5884.pth

-------------------------------------Iter28-------------------------------------
Train: final loss=0.544407, aspect loss=0.029882, opinion loss=0.000000, domain loss=0.505479, sentiment loss=0.000000, reg loss=0.000000, step=39904
Dev:   final loss=0.284350, aspect loss=0.284350, opinion loss=0.000000, sentiment loss=0.000000, reg loss=0.000000, step=39904
Dev:   aspect f1=0.5752, opinion f1=0.0000, sentiment acc==0.0000, sentiment f1==0.0000, ABSA f1==0.0000,
Test:  aspect f1=0.5752, opinion f1=0.0000, sentiment acc==0.0000, sentiment f1==0.0000, ABSA f1==0.0000,
Current Max Metrics Index : 27 Current Min Loss Index : 9 Epoch Time: 0m 12s Tau : 0.43

-------------------------------------Iter29-------------------------------------
Train: final loss=0.542091, aspect loss=0.029842, opinion loss=0.000000, domain loss=0.505480, sentiment loss=0.000000, reg loss=0.000000, step=41280
Dev:   final loss=0.257281, aspect loss=0.257281, opinion loss=0.000000, sentiment loss=0.000000, reg loss=0.000000, step=41280
Dev:   aspect f1=0.5770, opinion f1=0.0000, sentiment acc==0.0000, sentiment f1==0.0000, ABSA f1==0.0000,
Test:  aspect f1=0.5770, opinion f1=0.0000, sentiment acc==0.0000, sentiment f1==0.0000, ABSA f1==0.0000,
Current Max Metrics Index : 27 Current Min Loss Index : 9 Epoch Time: 0m 12s Tau : 0.42

-------------------------------------Iter30-------------------------------------
Train: final loss=0.540748, aspect loss=0.029277, opinion loss=0.000000, domain loss=0.505635, sentiment loss=0.000000, reg loss=0.000000, step=42656
Dev:   final loss=0.250157, aspect loss=0.250157, opinion loss=0.000000, sentiment loss=0.000000, reg loss=0.000000, step=42656
Dev:   aspect f1=0.5819, opinion f1=0.0000, sentiment acc==0.0000, sentiment f1==0.0000, ABSA f1==0.0000,
Test:  aspect f1=0.5819, opinion f1=0.0000, sentiment acc==0.0000, sentiment f1==0.0000, ABSA f1==0.0000,
Current Max Metrics Index : 27 Current Min Loss Index : 9 Epoch Time: 0m 12s Tau : 0.41

-------------------------------------Iter31-------------------------------------
Train: final loss=0.541063, aspect loss=0.028357, opinion loss=0.000000, domain loss=0.504778, sentiment loss=0.000000, reg loss=0.000000, step=44032
Dev:   final loss=0.264266, aspect loss=0.264266, opinion loss=0.000000, sentiment loss=0.000000, reg loss=0.000000, step=44032
Dev:   aspect f1=0.5786, opinion f1=0.0000, sentiment acc==0.0000, sentiment f1==0.0000, ABSA f1==0.0000,
Test:  aspect f1=0.5786, opinion f1=0.0000, sentiment acc==0.0000, sentiment f1==0.0000, ABSA f1==0.0000,
Current Max Metrics Index : 27 Current Min Loss Index : 9 Epoch Time: 0m 12s Tau : 0.39

-------------------------------------Iter32-------------------------------------
Train: final loss=0.543889, aspect loss=0.029363, opinion loss=0.000000, domain loss=0.505433, sentiment loss=0.000000, reg loss=0.000000, step=45408
Dev:   final loss=0.236932, aspect loss=0.236932, opinion loss=0.000000, sentiment loss=0.000000, reg loss=0.000000, step=45408
Dev:   aspect f1=0.5849, opinion f1=0.0000, sentiment acc==0.0000, sentiment f1==0.0000, ABSA f1==0.0000,
Test:  aspect f1=0.5849, opinion f1=0.0000, sentiment acc==0.0000, sentiment f1==0.0000, ABSA f1==0.0000,
Current Max Metrics Index : 27 Current Min Loss Index : 9 Epoch Time: 0m 12s Tau : 0.38

-------------------------------------Iter33-------------------------------------
Train: final loss=0.543791, aspect loss=0.027861, opinion loss=0.000000, domain loss=0.505433, sentiment loss=0.000000, reg loss=0.000000, step=46784
Dev:   final loss=0.255173, aspect loss=0.255173, opinion loss=0.000000, sentiment loss=0.000000, reg loss=0.000000, step=46784
Dev:   aspect f1=0.5929, opinion f1=0.0000, sentiment acc==0.0000, sentiment f1==0.0000, ABSA f1==0.0000,
Test:  aspect f1=0.5929, opinion f1=0.0000, sentiment acc==0.0000, sentiment f1==0.0000, ABSA f1==0.0000,
Current Max Metrics Index : 33 Current Min Loss Index : 9 Epoch Time: 0m 12s Tau : 0.37
>> Checkpoint Saved: state_dict/device-to-restaurant/[SemBridge]-ATE-F1-0.5929.pth

-------------------------------------Iter34-------------------------------------
Train: final loss=0.537852, aspect loss=0.027582, opinion loss=0.000000, domain loss=0.505569, sentiment loss=0.000000, reg loss=0.000000, step=48160
Dev:   final loss=0.252561, aspect loss=0.252561, opinion loss=0.000000, sentiment loss=0.000000, reg loss=0.000000, step=48160
Dev:   aspect f1=0.5862, opinion f1=0.0000, sentiment acc==0.0000, sentiment f1==0.0000, ABSA f1==0.0000,
Test:  aspect f1=0.5862, opinion f1=0.0000, sentiment acc==0.0000, sentiment f1==0.0000, ABSA f1==0.0000,
Current Max Metrics Index : 33 Current Min Loss Index : 9 Epoch Time: 0m 12s Tau : 0.36

-------------------------------------Iter35-------------------------------------
Train: final loss=0.539491, aspect loss=0.027290, opinion loss=0.000000, domain loss=0.505509, sentiment loss=0.000000, reg loss=0.000000, step=49536
Dev:   final loss=0.260798, aspect loss=0.260798, opinion loss=0.000000, sentiment loss=0.000000, reg loss=0.000000, step=49536
Dev:   aspect f1=0.5830, opinion f1=0.0000, sentiment acc==0.0000, sentiment f1==0.0000, ABSA f1==0.0000,
Test:  aspect f1=0.5830, opinion f1=0.0000, sentiment acc==0.0000, sentiment f1==0.0000, ABSA f1==0.0000,
Current Max Metrics Index : 33 Current Min Loss Index : 9 Epoch Time: 0m 12s Tau : 0.35

-------------------------------------Iter36-------------------------------------
Train: final loss=0.540973, aspect loss=0.026959, opinion loss=0.000000, domain loss=0.505589, sentiment loss=0.000000, reg loss=0.000000, step=50912
Dev:   final loss=0.284164, aspect loss=0.284164, opinion loss=0.000000, sentiment loss=0.000000, reg loss=0.000000, step=50912
Dev:   aspect f1=0.5820, opinion f1=0.0000, sentiment acc==0.0000, sentiment f1==0.0000, ABSA f1==0.0000,
Test:  aspect f1=0.5820, opinion f1=0.0000, sentiment acc==0.0000, sentiment f1==0.0000, ABSA f1==0.0000,
Current Max Metrics Index : 33 Current Min Loss Index : 9 Epoch Time: 0m 12s Tau : 0.34

-------------------------------------Iter37-------------------------------------
Train: final loss=0.537849, aspect loss=0.026160, opinion loss=0.000000, domain loss=0.505306, sentiment loss=0.000000, reg loss=0.000000, step=52288
Dev:   final loss=0.274290, aspect loss=0.274290, opinion loss=0.000000, sentiment loss=0.000000, reg loss=0.000000, step=52288
Dev:   aspect f1=0.5861, opinion f1=0.0000, sentiment acc==0.0000, sentiment f1==0.0000, ABSA f1==0.0000,
Test:  aspect f1=0.5861, opinion f1=0.0000, sentiment acc==0.0000, sentiment f1==0.0000, ABSA f1==0.0000,
Current Max Metrics Index : 33 Current Min Loss Index : 9 Epoch Time: 0m 12s Tau : 0.33

-------------------------------------Iter38-------------------------------------
Train: final loss=0.539341, aspect loss=0.026709, opinion loss=0.000000, domain loss=0.505268, sentiment loss=0.000000, reg loss=0.000000, step=53664
Dev:   final loss=0.275356, aspect loss=0.275356, opinion loss=0.000000, sentiment loss=0.000000, reg loss=0.000000, step=53664
Dev:   aspect f1=0.5775, opinion f1=0.0000, sentiment acc==0.0000, sentiment f1==0.0000, ABSA f1==0.0000,
Test:  aspect f1=0.5775, opinion f1=0.0000, sentiment acc==0.0000, sentiment f1==0.0000, ABSA f1==0.0000,
Current Max Metrics Index : 33 Current Min Loss Index : 9 Epoch Time: 0m 12s Tau : 0.32

-------------------------------------Iter39-------------------------------------
Train: final loss=0.540516, aspect loss=0.025809, opinion loss=0.000000, domain loss=0.505041, sentiment loss=0.000000, reg loss=0.000000, step=55040
Dev:   final loss=0.263169, aspect loss=0.263169, opinion loss=0.000000, sentiment loss=0.000000, reg loss=0.000000, step=55040
Dev:   aspect f1=0.5936, opinion f1=0.0000, sentiment acc==0.0000, sentiment f1==0.0000, ABSA f1==0.0000,
Test:  aspect f1=0.5936, opinion f1=0.0000, sentiment acc==0.0000, sentiment f1==0.0000, ABSA f1==0.0000,
Current Max Metrics Index : 39 Current Min Loss Index : 9 Epoch Time: 0m 12s Tau : 0.31
>> Checkpoint Saved: state_dict/device-to-restaurant/[SemBridge]-ATE-F1-0.5936.pth

-------------------------------------Iter40-------------------------------------
Train: final loss=0.538704, aspect loss=0.025345, opinion loss=0.000000, domain loss=0.505326, sentiment loss=0.000000, reg loss=0.000000, step=56416
Dev:   final loss=0.261969, aspect loss=0.261969, opinion loss=0.000000, sentiment loss=0.000000, reg loss=0.000000, step=56416
Dev:   aspect f1=0.5896, opinion f1=0.0000, sentiment acc==0.0000, sentiment f1==0.0000, ABSA f1==0.0000,
Test:  aspect f1=0.5896, opinion f1=0.0000, sentiment acc==0.0000, sentiment f1==0.0000, ABSA f1==0.0000,
Current Max Metrics Index : 39 Current Min Loss Index : 9 Epoch Time: 0m 12s Tau : 0.30

-------------------------------------Iter41-------------------------------------
Train: final loss=0.538942, aspect loss=0.024993, opinion loss=0.000000, domain loss=0.505238, sentiment loss=0.000000, reg loss=0.000000, step=57792
Dev:   final loss=0.274952, aspect loss=0.274952, opinion loss=0.000000, sentiment loss=0.000000, reg loss=0.000000, step=57792
Dev:   aspect f1=0.5902, opinion f1=0.0000, sentiment acc==0.0000, sentiment f1==0.0000, ABSA f1==0.0000,
Test:  aspect f1=0.5902, opinion f1=0.0000, sentiment acc==0.0000, sentiment f1==0.0000, ABSA f1==0.0000,
Current Max Metrics Index : 39 Current Min Loss Index : 9 Epoch Time: 0m 12s Tau : 0.29

-------------------------------------Iter42-------------------------------------
Train: final loss=0.539104, aspect loss=0.025519, opinion loss=0.000000, domain loss=0.505665, sentiment loss=0.000000, reg loss=0.000000, step=59168
Dev:   final loss=0.255236, aspect loss=0.255236, opinion loss=0.000000, sentiment loss=0.000000, reg loss=0.000000, step=59168
Dev:   aspect f1=0.5851, opinion f1=0.0000, sentiment acc==0.0000, sentiment f1==0.0000, ABSA f1==0.0000,
Test:  aspect f1=0.5851, opinion f1=0.0000, sentiment acc==0.0000, sentiment f1==0.0000, ABSA f1==0.0000,
Current Max Metrics Index : 39 Current Min Loss Index : 9 Epoch Time: 0m 12s Tau : 0.28

-------------------------------------Iter43-------------------------------------
Train: final loss=0.537699, aspect loss=0.024298, opinion loss=0.000000, domain loss=0.505594, sentiment loss=0.000000, reg loss=0.000000, step=60544
Dev:   final loss=0.276587, aspect loss=0.276587, opinion loss=0.000000, sentiment loss=0.000000, reg loss=0.000000, step=60544
Dev:   aspect f1=0.5844, opinion f1=0.0000, sentiment acc==0.0000, sentiment f1==0.0000, ABSA f1==0.0000,
Test:  aspect f1=0.5844, opinion f1=0.0000, sentiment acc==0.0000, sentiment f1==0.0000, ABSA f1==0.0000,
Current Max Metrics Index : 39 Current Min Loss Index : 9 Epoch Time: 0m 12s Tau : 0.28

-------------------------------------Iter44-------------------------------------
Train: final loss=0.538134, aspect loss=0.024517, opinion loss=0.000000, domain loss=0.505567, sentiment loss=0.000000, reg loss=0.000000, step=61920
Dev:   final loss=0.253642, aspect loss=0.253642, opinion loss=0.000000, sentiment loss=0.000000, reg loss=0.000000, step=61920
Dev:   aspect f1=0.5822, opinion f1=0.0000, sentiment acc==0.0000, sentiment f1==0.0000, ABSA f1==0.0000,
Test:  aspect f1=0.5822, opinion f1=0.0000, sentiment acc==0.0000, sentiment f1==0.0000, ABSA f1==0.0000,
Current Max Metrics Index : 39 Current Min Loss Index : 9 Epoch Time: 0m 12s Tau : 0.27

-------------------------------------Iter45-------------------------------------
Train: final loss=0.537402, aspect loss=0.024236, opinion loss=0.000000, domain loss=0.505602, sentiment loss=0.000000, reg loss=0.000000, step=63296
Dev:   final loss=0.237367, aspect loss=0.237367, opinion loss=0.000000, sentiment loss=0.000000, reg loss=0.000000, step=63296
Dev:   aspect f1=0.5873, opinion f1=0.0000, sentiment acc==0.0000, sentiment f1==0.0000, ABSA f1==0.0000,
Test:  aspect f1=0.5873, opinion f1=0.0000, sentiment acc==0.0000, sentiment f1==0.0000, ABSA f1==0.0000,
Current Max Metrics Index : 39 Current Min Loss Index : 9 Epoch Time: 0m 12s Tau : 0.26

-------------------------------------Iter46-------------------------------------
Train: final loss=0.536024, aspect loss=0.023358, opinion loss=0.000000, domain loss=0.505094, sentiment loss=0.000000, reg loss=0.000000, step=64672
Dev:   final loss=0.272173, aspect loss=0.272173, opinion loss=0.000000, sentiment loss=0.000000, reg loss=0.000000, step=64672
Dev:   aspect f1=0.5877, opinion f1=0.0000, sentiment acc==0.0000, sentiment f1==0.0000, ABSA f1==0.0000,
Test:  aspect f1=0.5877, opinion f1=0.0000, sentiment acc==0.0000, sentiment f1==0.0000, ABSA f1==0.0000,
Current Max Metrics Index : 39 Current Min Loss Index : 9 Epoch Time: 0m 12s Tau : 0.25

-------------------------------------Iter47-------------------------------------
Train: final loss=0.536021, aspect loss=0.023535, opinion loss=0.000000, domain loss=0.505406, sentiment loss=0.000000, reg loss=0.000000, step=66048
Dev:   final loss=0.276498, aspect loss=0.276498, opinion loss=0.000000, sentiment loss=0.000000, reg loss=0.000000, step=66048
Dev:   aspect f1=0.5764, opinion f1=0.0000, sentiment acc==0.0000, sentiment f1==0.0000, ABSA f1==0.0000,
Test:  aspect f1=0.5764, opinion f1=0.0000, sentiment acc==0.0000, sentiment f1==0.0000, ABSA f1==0.0000,
Current Max Metrics Index : 39 Current Min Loss Index : 9 Epoch Time: 0m 12s Tau : 0.24

-------------------------------------Iter48-------------------------------------
Train: final loss=0.537186, aspect loss=0.023006, opinion loss=0.000000, domain loss=0.505553, sentiment loss=0.000000, reg loss=0.000000, step=67424
Dev:   final loss=0.283836, aspect loss=0.283836, opinion loss=0.000000, sentiment loss=0.000000, reg loss=0.000000, step=67424
Dev:   aspect f1=0.5869, opinion f1=0.0000, sentiment acc==0.0000, sentiment f1==0.0000, ABSA f1==0.0000,
Test:  aspect f1=0.5869, opinion f1=0.0000, sentiment acc==0.0000, sentiment f1==0.0000, ABSA f1==0.0000,
Current Max Metrics Index : 39 Current Min Loss Index : 9 Epoch Time: 0m 12s Tau : 0.24

-------------------------------------Iter49-------------------------------------
Train: final loss=0.533991, aspect loss=0.021718, opinion loss=0.000000, domain loss=0.505290, sentiment loss=0.000000, reg loss=0.000000, step=68800
Dev:   final loss=0.286655, aspect loss=0.286655, opinion loss=0.000000, sentiment loss=0.000000, reg loss=0.000000, step=68800
Dev:   aspect f1=0.5839, opinion f1=0.0000, sentiment acc==0.0000, sentiment f1==0.0000, ABSA f1==0.0000,
Test:  aspect f1=0.5839, opinion f1=0.0000, sentiment acc==0.0000, sentiment f1==0.0000, ABSA f1==0.0000,
Current Max Metrics Index : 39 Current Min Loss Index : 9 Epoch Time: 0m 12s Tau : 0.23

-------------------------------------Iter50-------------------------------------
Train: final loss=0.534973, aspect loss=0.022570, opinion loss=0.000000, domain loss=0.505464, sentiment loss=0.000000, reg loss=0.000000, step=70176
Dev:   final loss=0.249917, aspect loss=0.249917, opinion loss=0.000000, sentiment loss=0.000000, reg loss=0.000000, step=70176
Dev:   aspect f1=0.5868, opinion f1=0.0000, sentiment acc==0.0000, sentiment f1==0.0000, ABSA f1==0.0000,
Test:  aspect f1=0.5868, opinion f1=0.0000, sentiment acc==0.0000, sentiment f1==0.0000, ABSA f1==0.0000,
Current Max Metrics Index : 39 Current Min Loss Index : 9 Epoch Time: 0m 12s Tau : 0.22

-------------------------------------Iter51-------------------------------------
Train: final loss=0.536987, aspect loss=0.022076, opinion loss=0.000000, domain loss=0.505345, sentiment loss=0.000000, reg loss=0.000000, step=71552
Dev:   final loss=0.243248, aspect loss=0.243248, opinion loss=0.000000, sentiment loss=0.000000, reg loss=0.000000, step=71552
Dev:   aspect f1=0.5804, opinion f1=0.0000, sentiment acc==0.0000, sentiment f1==0.0000, ABSA f1==0.0000,
Test:  aspect f1=0.5804, opinion f1=0.0000, sentiment acc==0.0000, sentiment f1==0.0000, ABSA f1==0.0000,
Current Max Metrics Index : 39 Current Min Loss Index : 9 Epoch Time: 0m 12s Tau : 0.22

-------------------------------------Iter52-------------------------------------
Train: final loss=0.535736, aspect loss=0.020998, opinion loss=0.000000, domain loss=0.505489, sentiment loss=0.000000, reg loss=0.000000, step=72928
Dev:   final loss=0.262527, aspect loss=0.262527, opinion loss=0.000000, sentiment loss=0.000000, reg loss=0.000000, step=72928
Dev:   aspect f1=0.5862, opinion f1=0.0000, sentiment acc==0.0000, sentiment f1==0.0000, ABSA f1==0.0000,
Test:  aspect f1=0.5862, opinion f1=0.0000, sentiment acc==0.0000, sentiment f1==0.0000, ABSA f1==0.0000,
Current Max Metrics Index : 39 Current Min Loss Index : 9 Epoch Time: 0m 12s Tau : 0.21

-------------------------------------Iter53-------------------------------------
Train: final loss=0.535336, aspect loss=0.020962, opinion loss=0.000000, domain loss=0.505170, sentiment loss=0.000000, reg loss=0.000000, step=74304
Dev:   final loss=0.297056, aspect loss=0.297056, opinion loss=0.000000, sentiment loss=0.000000, reg loss=0.000000, step=74304
Dev:   aspect f1=0.5860, opinion f1=0.0000, sentiment acc==0.0000, sentiment f1==0.0000, ABSA f1==0.0000,
Test:  aspect f1=0.5860, opinion f1=0.0000, sentiment acc==0.0000, sentiment f1==0.0000, ABSA f1==0.0000,
Current Max Metrics Index : 39 Current Min Loss Index : 9 Epoch Time: 0m 12s Tau : 0.20

-------------------------------------Iter54-------------------------------------
Train: final loss=0.533114, aspect loss=0.020544, opinion loss=0.000000, domain loss=0.505356, sentiment loss=0.000000, reg loss=0.000000, step=75680
Dev:   final loss=0.315814, aspect loss=0.315814, opinion loss=0.000000, sentiment loss=0.000000, reg loss=0.000000, step=75680
Dev:   aspect f1=0.5616, opinion f1=0.0000, sentiment acc==0.0000, sentiment f1==0.0000, ABSA f1==0.0000,
Test:  aspect f1=0.5616, opinion f1=0.0000, sentiment acc==0.0000, sentiment f1==0.0000, ABSA f1==0.0000,
Current Max Metrics Index : 39 Current Min Loss Index : 9 Epoch Time: 0m 12s Tau : 0.20

-------------------------------------Iter55-------------------------------------
Train: final loss=0.535384, aspect loss=0.020804, opinion loss=0.000000, domain loss=0.505534, sentiment loss=0.000000, reg loss=0.000000, step=77056
Dev:   final loss=0.273577, aspect loss=0.273577, opinion loss=0.000000, sentiment loss=0.000000, reg loss=0.000000, step=77056
Dev:   aspect f1=0.5817, opinion f1=0.0000, sentiment acc==0.0000, sentiment f1==0.0000, ABSA f1==0.0000,
Test:  aspect f1=0.5817, opinion f1=0.0000, sentiment acc==0.0000, sentiment f1==0.0000, ABSA f1==0.0000,
Current Max Metrics Index : 39 Current Min Loss Index : 9 Epoch Time: 0m 12s Tau : 0.19

-------------------------------------Iter56-------------------------------------
Train: final loss=0.533623, aspect loss=0.019770, opinion loss=0.000000, domain loss=0.505538, sentiment loss=0.000000, reg loss=0.000000, step=78432
Dev:   final loss=0.285953, aspect loss=0.285953, opinion loss=0.000000, sentiment loss=0.000000, reg loss=0.000000, step=78432
Dev:   aspect f1=0.5818, opinion f1=0.0000, sentiment acc==0.0000, sentiment f1==0.0000, ABSA f1==0.0000,
Test:  aspect f1=0.5818, opinion f1=0.0000, sentiment acc==0.0000, sentiment f1==0.0000, ABSA f1==0.0000,
Current Max Metrics Index : 39 Current Min Loss Index : 9 Epoch Time: 0m 12s Tau : 0.19

-------------------------------------Iter57-------------------------------------
Train: final loss=0.533103, aspect loss=0.019913, opinion loss=0.000000, domain loss=0.505713, sentiment loss=0.000000, reg loss=0.000000, step=79808
Dev:   final loss=0.257003, aspect loss=0.257003, opinion loss=0.000000, sentiment loss=0.000000, reg loss=0.000000, step=79808
Dev:   aspect f1=0.5754, opinion f1=0.0000, sentiment acc==0.0000, sentiment f1==0.0000, ABSA f1==0.0000,
Test:  aspect f1=0.5754, opinion f1=0.0000, sentiment acc==0.0000, sentiment f1==0.0000, ABSA f1==0.0000,
Current Max Metrics Index : 39 Current Min Loss Index : 9 Epoch Time: 0m 12s Tau : 0.18

-------------------------------------Iter58-------------------------------------
Train: final loss=0.535169, aspect loss=0.019465, opinion loss=0.000000, domain loss=0.505597, sentiment loss=0.000000, reg loss=0.000000, step=81184
Dev:   final loss=0.279007, aspect loss=0.279007, opinion loss=0.000000, sentiment loss=0.000000, reg loss=0.000000, step=81184
Dev:   aspect f1=0.5709, opinion f1=0.0000, sentiment acc==0.0000, sentiment f1==0.0000, ABSA f1==0.0000,
Test:  aspect f1=0.5709, opinion f1=0.0000, sentiment acc==0.0000, sentiment f1==0.0000, ABSA f1==0.0000,
Current Max Metrics Index : 39 Current Min Loss Index : 9 Epoch Time: 0m 12s Tau : 0.18

-------------------------------------Iter59-------------------------------------
Train: final loss=0.534716, aspect loss=0.019299, opinion loss=0.000000, domain loss=0.505712, sentiment loss=0.000000, reg loss=0.000000, step=82560
Dev:   final loss=0.281227, aspect loss=0.281227, opinion loss=0.000000, sentiment loss=0.000000, reg loss=0.000000, step=82560
Dev:   aspect f1=0.5746, opinion f1=0.0000, sentiment acc==0.0000, sentiment f1==0.0000, ABSA f1==0.0000,
Test:  aspect f1=0.5746, opinion f1=0.0000, sentiment acc==0.0000, sentiment f1==0.0000, ABSA f1==0.0000,
Current Max Metrics Index : 39 Current Min Loss Index : 9 Epoch Time: 0m 12s Tau : 0.17

-------------------------------------Iter60-------------------------------------
Train: final loss=0.533168, aspect loss=0.019633, opinion loss=0.000000, domain loss=0.505212, sentiment loss=0.000000, reg loss=0.000000, step=83936
Dev:   final loss=0.293824, aspect loss=0.293824, opinion loss=0.000000, sentiment loss=0.000000, reg loss=0.000000, step=83936
Dev:   aspect f1=0.5844, opinion f1=0.0000, sentiment acc==0.0000, sentiment f1==0.0000, ABSA f1==0.0000,
Test:  aspect f1=0.5844, opinion f1=0.0000, sentiment acc==0.0000, sentiment f1==0.0000, ABSA f1==0.0000,
Current Max Metrics Index : 39 Current Min Loss Index : 9 Epoch Time: 0m 12s Tau : 0.17

-------------------------------------Iter61-------------------------------------
Train: final loss=0.532498, aspect loss=0.019133, opinion loss=0.000000, domain loss=0.505137, sentiment loss=0.000000, reg loss=0.000000, step=85312
Dev:   final loss=0.272424, aspect loss=0.272424, opinion loss=0.000000, sentiment loss=0.000000, reg loss=0.000000, step=85312
Dev:   aspect f1=0.5787, opinion f1=0.0000, sentiment acc==0.0000, sentiment f1==0.0000, ABSA f1==0.0000,
Test:  aspect f1=0.5787, opinion f1=0.0000, sentiment acc==0.0000, sentiment f1==0.0000, ABSA f1==0.0000,
Current Max Metrics Index : 39 Current Min Loss Index : 9 Epoch Time: 0m 12s Tau : 0.16

-------------------------------------Iter62-------------------------------------
Train: final loss=0.533185, aspect loss=0.019360, opinion loss=0.000000, domain loss=0.505383, sentiment loss=0.000000, reg loss=0.000000, step=86688
Dev:   final loss=0.284286, aspect loss=0.284286, opinion loss=0.000000, sentiment loss=0.000000, reg loss=0.000000, step=86688
Dev:   aspect f1=0.5808, opinion f1=0.0000, sentiment acc==0.0000, sentiment f1==0.0000, ABSA f1==0.0000,
Test:  aspect f1=0.5808, opinion f1=0.0000, sentiment acc==0.0000, sentiment f1==0.0000, ABSA f1==0.0000,
Current Max Metrics Index : 39 Current Min Loss Index : 9 Epoch Time: 0m 12s Tau : 0.16

-------------------------------------Iter63-------------------------------------
Train: final loss=0.532827, aspect loss=0.019224, opinion loss=0.000000, domain loss=0.505422, sentiment loss=0.000000, reg loss=0.000000, step=88064
Dev:   final loss=0.273784, aspect loss=0.273784, opinion loss=0.000000, sentiment loss=0.000000, reg loss=0.000000, step=88064
Dev:   aspect f1=0.5802, opinion f1=0.0000, sentiment acc==0.0000, sentiment f1==0.0000, ABSA f1==0.0000,
Test:  aspect f1=0.5802, opinion f1=0.0000, sentiment acc==0.0000, sentiment f1==0.0000, ABSA f1==0.0000,
Current Max Metrics Index : 39 Current Min Loss Index : 9 Epoch Time: 0m 12s Tau : 0.15

-------------------------------------Iter64-------------------------------------
Train: final loss=0.531271, aspect loss=0.018556, opinion loss=0.000000, domain loss=0.505513, sentiment loss=0.000000, reg loss=0.000000, step=89440
Dev:   final loss=0.264714, aspect loss=0.264714, opinion loss=0.000000, sentiment loss=0.000000, reg loss=0.000000, step=89440
Dev:   aspect f1=0.5829, opinion f1=0.0000, sentiment acc==0.0000, sentiment f1==0.0000, ABSA f1==0.0000,
Test:  aspect f1=0.5829, opinion f1=0.0000, sentiment acc==0.0000, sentiment f1==0.0000, ABSA f1==0.0000,
Current Max Metrics Index : 39 Current Min Loss Index : 9 Epoch Time: 0m 12s Tau : 0.15

-------------------------------------Iter65-------------------------------------
Train: final loss=0.531152, aspect loss=0.018231, opinion loss=0.000000, domain loss=0.505604, sentiment loss=0.000000, reg loss=0.000000, step=90816
Dev:   final loss=0.273878, aspect loss=0.273878, opinion loss=0.000000, sentiment loss=0.000000, reg loss=0.000000, step=90816
Dev:   aspect f1=0.5861, opinion f1=0.0000, sentiment acc==0.0000, sentiment f1==0.0000, ABSA f1==0.0000,
Test:  aspect f1=0.5861, opinion f1=0.0000, sentiment acc==0.0000, sentiment f1==0.0000, ABSA f1==0.0000,
Current Max Metrics Index : 39 Current Min Loss Index : 9 Epoch Time: 0m 12s Tau : 0.14

-------------------------------------Iter66-------------------------------------
Train: final loss=0.530089, aspect loss=0.017742, opinion loss=0.000000, domain loss=0.505673, sentiment loss=0.000000, reg loss=0.000000, step=92192
Dev:   final loss=0.311217, aspect loss=0.311217, opinion loss=0.000000, sentiment loss=0.000000, reg loss=0.000000, step=92192
Dev:   aspect f1=0.5873, opinion f1=0.0000, sentiment acc==0.0000, sentiment f1==0.0000, ABSA f1==0.0000,
Test:  aspect f1=0.5873, opinion f1=0.0000, sentiment acc==0.0000, sentiment f1==0.0000, ABSA f1==0.0000,
Current Max Metrics Index : 39 Current Min Loss Index : 9 Epoch Time: 0m 12s Tau : 0.14

-------------------------------------Iter67-------------------------------------
Train: final loss=0.531335, aspect loss=0.017933, opinion loss=0.000000, domain loss=0.505391, sentiment loss=0.000000, reg loss=0.000000, step=93568
Dev:   final loss=0.272571, aspect loss=0.272571, opinion loss=0.000000, sentiment loss=0.000000, reg loss=0.000000, step=93568
Dev:   aspect f1=0.5834, opinion f1=0.0000, sentiment acc==0.0000, sentiment f1==0.0000, ABSA f1==0.0000,
Test:  aspect f1=0.5834, opinion f1=0.0000, sentiment acc==0.0000, sentiment f1==0.0000, ABSA f1==0.0000,
Current Max Metrics Index : 39 Current Min Loss Index : 9 Epoch Time: 0m 12s Tau : 0.13

-------------------------------------Iter68-------------------------------------
Train: final loss=0.530900, aspect loss=0.017774, opinion loss=0.000000, domain loss=0.505572, sentiment loss=0.000000, reg loss=0.000000, step=94944
Dev:   final loss=0.258169, aspect loss=0.258169, opinion loss=0.000000, sentiment loss=0.000000, reg loss=0.000000, step=94944
Dev:   aspect f1=0.5843, opinion f1=0.0000, sentiment acc==0.0000, sentiment f1==0.0000, ABSA f1==0.0000,
Test:  aspect f1=0.5843, opinion f1=0.0000, sentiment acc==0.0000, sentiment f1==0.0000, ABSA f1==0.0000,
Current Max Metrics Index : 39 Current Min Loss Index : 9 Epoch Time: 0m 12s Tau : 0.13

-------------------------------------Iter69-------------------------------------
Train: final loss=0.532932, aspect loss=0.017483, opinion loss=0.000000, domain loss=0.505250, sentiment loss=0.000000, reg loss=0.000000, step=96320
Dev:   final loss=0.281033, aspect loss=0.281033, opinion loss=0.000000, sentiment loss=0.000000, reg loss=0.000000, step=96320
Dev:   aspect f1=0.5910, opinion f1=0.0000, sentiment acc==0.0000, sentiment f1==0.0000, ABSA f1==0.0000,
Test:  aspect f1=0.5910, opinion f1=0.0000, sentiment acc==0.0000, sentiment f1==0.0000, ABSA f1==0.0000,
Current Max Metrics Index : 39 Current Min Loss Index : 9 Epoch Time: 0m 12s Tau : 0.13

-------------------------------------Iter70-------------------------------------
Train: final loss=0.529936, aspect loss=0.017786, opinion loss=0.000000, domain loss=0.505533, sentiment loss=0.000000, reg loss=0.000000, step=97696
Dev:   final loss=0.264545, aspect loss=0.264545, opinion loss=0.000000, sentiment loss=0.000000, reg loss=0.000000, step=97696
Dev:   aspect f1=0.5876, opinion f1=0.0000, sentiment acc==0.0000, sentiment f1==0.0000, ABSA f1==0.0000,
Test:  aspect f1=0.5876, opinion f1=0.0000, sentiment acc==0.0000, sentiment f1==0.0000, ABSA f1==0.0000,
Current Max Metrics Index : 39 Current Min Loss Index : 9 Epoch Time: 0m 12s Tau : 0.12

-------------------------------------Iter71-------------------------------------
Train: final loss=0.530543, aspect loss=0.017429, opinion loss=0.000000, domain loss=0.505431, sentiment loss=0.000000, reg loss=0.000000, step=99072
Dev:   final loss=0.277903, aspect loss=0.277903, opinion loss=0.000000, sentiment loss=0.000000, reg loss=0.000000, step=99072
Dev:   aspect f1=0.5861, opinion f1=0.0000, sentiment acc==0.0000, sentiment f1==0.0000, ABSA f1==0.0000,
Test:  aspect f1=0.5861, opinion f1=0.0000, sentiment acc==0.0000, sentiment f1==0.0000, ABSA f1==0.0000,
Current Max Metrics Index : 39 Current Min Loss Index : 9 Epoch Time: 0m 12s Tau : 0.12

-------------------------------------Iter72-------------------------------------
Train: final loss=0.532624, aspect loss=0.017098, opinion loss=0.000000, domain loss=0.505391, sentiment loss=0.000000, reg loss=0.000000, step=100448
Dev:   final loss=0.266722, aspect loss=0.266722, opinion loss=0.000000, sentiment loss=0.000000, reg loss=0.000000, step=100448
Dev:   aspect f1=0.5927, opinion f1=0.0000, sentiment acc==0.0000, sentiment f1==0.0000, ABSA f1==0.0000,
Test:  aspect f1=0.5927, opinion f1=0.0000, sentiment acc==0.0000, sentiment f1==0.0000, ABSA f1==0.0000,
Current Max Metrics Index : 39 Current Min Loss Index : 9 Epoch Time: 0m 12s Tau : 0.12

-------------------------------------Iter73-------------------------------------
Train: final loss=0.530134, aspect loss=0.017255, opinion loss=0.000000, domain loss=0.505477, sentiment loss=0.000000, reg loss=0.000000, step=101824
Dev:   final loss=0.291586, aspect loss=0.291586, opinion loss=0.000000, sentiment loss=0.000000, reg loss=0.000000, step=101824
Dev:   aspect f1=0.5826, opinion f1=0.0000, sentiment acc==0.0000, sentiment f1==0.0000, ABSA f1==0.0000,
Test:  aspect f1=0.5826, opinion f1=0.0000, sentiment acc==0.0000, sentiment f1==0.0000, ABSA f1==0.0000,
Current Max Metrics Index : 39 Current Min Loss Index : 9 Epoch Time: 0m 12s Tau : 0.11

-------------------------------------Iter74-------------------------------------
Train: final loss=0.527580, aspect loss=0.016934, opinion loss=0.000000, domain loss=0.505430, sentiment loss=0.000000, reg loss=0.000000, step=103200
Dev:   final loss=0.285873, aspect loss=0.285873, opinion loss=0.000000, sentiment loss=0.000000, reg loss=0.000000, step=103200
Dev:   aspect f1=0.5868, opinion f1=0.0000, sentiment acc==0.0000, sentiment f1==0.0000, ABSA f1==0.0000,
Test:  aspect f1=0.5868, opinion f1=0.0000, sentiment acc==0.0000, sentiment f1==0.0000, ABSA f1==0.0000,
Current Max Metrics Index : 39 Current Min Loss Index : 9 Epoch Time: 0m 12s Tau : 0.11

-------------------------------------Iter75-------------------------------------
Train: final loss=0.531070, aspect loss=0.016607, opinion loss=0.000000, domain loss=0.505341, sentiment loss=0.000000, reg loss=0.000000, step=104576
Dev:   final loss=0.281827, aspect loss=0.281827, opinion loss=0.000000, sentiment loss=0.000000, reg loss=0.000000, step=104576
Dev:   aspect f1=0.5791, opinion f1=0.0000, sentiment acc==0.0000, sentiment f1==0.0000, ABSA f1==0.0000,
Test:  aspect f1=0.5791, opinion f1=0.0000, sentiment acc==0.0000, sentiment f1==0.0000, ABSA f1==0.0000,
Current Max Metrics Index : 39 Current Min Loss Index : 9 Epoch Time: 0m 12s Tau : 0.11

-------------------------------------Iter76-------------------------------------
Train: final loss=0.530329, aspect loss=0.017094, opinion loss=0.000000, domain loss=0.505259, sentiment loss=0.000000, reg loss=0.000000, step=105952
Dev:   final loss=0.280262, aspect loss=0.280262, opinion loss=0.000000, sentiment loss=0.000000, reg loss=0.000000, step=105952
Dev:   aspect f1=0.5871, opinion f1=0.0000, sentiment acc==0.0000, sentiment f1==0.0000, ABSA f1==0.0000,
Test:  aspect f1=0.5871, opinion f1=0.0000, sentiment acc==0.0000, sentiment f1==0.0000, ABSA f1==0.0000,
Current Max Metrics Index : 39 Current Min Loss Index : 9 Epoch Time: 0m 12s Tau : 0.10

-------------------------------------Iter77-------------------------------------
Train: final loss=0.529765, aspect loss=0.016542, opinion loss=0.000000, domain loss=0.505066, sentiment loss=0.000000, reg loss=0.000000, step=107328
Dev:   final loss=0.292434, aspect loss=0.292434, opinion loss=0.000000, sentiment loss=0.000000, reg loss=0.000000, step=107328
Dev:   aspect f1=0.5771, opinion f1=0.0000, sentiment acc==0.0000, sentiment f1==0.0000, ABSA f1==0.0000,
Test:  aspect f1=0.5771, opinion f1=0.0000, sentiment acc==0.0000, sentiment f1==0.0000, ABSA f1==0.0000,
Current Max Metrics Index : 39 Current Min Loss Index : 9 Epoch Time: 0m 12s Tau : 0.10

-------------------------------------Iter78-------------------------------------
Train: final loss=0.529243, aspect loss=0.015960, opinion loss=0.000000, domain loss=0.505637, sentiment loss=0.000000, reg loss=0.000000, step=108704
Dev:   final loss=0.275596, aspect loss=0.275596, opinion loss=0.000000, sentiment loss=0.000000, reg loss=0.000000, step=108704
Dev:   aspect f1=0.5884, opinion f1=0.0000, sentiment acc==0.0000, sentiment f1==0.0000, ABSA f1==0.0000,
Test:  aspect f1=0.5884, opinion f1=0.0000, sentiment acc==0.0000, sentiment f1==0.0000, ABSA f1==0.0000,
Current Max Metrics Index : 39 Current Min Loss Index : 9 Epoch Time: 0m 12s Tau : 0.10

-------------------------------------Iter79-------------------------------------
Train: final loss=0.529053, aspect loss=0.016392, opinion loss=0.000000, domain loss=0.505435, sentiment loss=0.000000, reg loss=0.000000, step=110080
Dev:   final loss=0.283392, aspect loss=0.283392, opinion loss=0.000000, sentiment loss=0.000000, reg loss=0.000000, step=110080
Dev:   aspect f1=0.5784, opinion f1=0.0000, sentiment acc==0.0000, sentiment f1==0.0000, ABSA f1==0.0000,
Test:  aspect f1=0.5784, opinion f1=0.0000, sentiment acc==0.0000, sentiment f1==0.0000, ABSA f1==0.0000,
Current Max Metrics Index : 39 Current Min Loss Index : 9 Epoch Time: 0m 12s Tau : 0.10

-------------------------------------Iter80-------------------------------------
Train: final loss=0.529287, aspect loss=0.015980, opinion loss=0.000000, domain loss=0.505649, sentiment loss=0.000000, reg loss=0.000000, step=111456
Dev:   final loss=0.263058, aspect loss=0.263058, opinion loss=0.000000, sentiment loss=0.000000, reg loss=0.000000, step=111456
Dev:   aspect f1=0.5946, opinion f1=0.0000, sentiment acc==0.0000, sentiment f1==0.0000, ABSA f1==0.0000,
Test:  aspect f1=0.5946, opinion f1=0.0000, sentiment acc==0.0000, sentiment f1==0.0000, ABSA f1==0.0000,
Current Max Metrics Index : 80 Current Min Loss Index : 9 Epoch Time: 0m 12s Tau : 0.10
>> Checkpoint Saved: state_dict/device-to-restaurant/[SemBridge]-ATE-F1-0.5946.pth

-------------------------------------Iter81-------------------------------------
Train: final loss=0.529796, aspect loss=0.014887, opinion loss=0.000000, domain loss=0.505569, sentiment loss=0.000000, reg loss=0.000000, step=112832
Dev:   final loss=0.303198, aspect loss=0.303198, opinion loss=0.000000, sentiment loss=0.000000, reg loss=0.000000, step=112832
Dev:   aspect f1=0.5861, opinion f1=0.0000, sentiment acc==0.0000, sentiment f1==0.0000, ABSA f1==0.0000,
Test:  aspect f1=0.5861, opinion f1=0.0000, sentiment acc==0.0000, sentiment f1==0.0000, ABSA f1==0.0000,
Current Max Metrics Index : 80 Current Min Loss Index : 9 Epoch Time: 0m 12s Tau : 0.10

-------------------------------------Iter82-------------------------------------
Train: final loss=0.527406, aspect loss=0.015498, opinion loss=0.000000, domain loss=0.505430, sentiment loss=0.000000, reg loss=0.000000, step=114208
Dev:   final loss=0.296938, aspect loss=0.296938, opinion loss=0.000000, sentiment loss=0.000000, reg loss=0.000000, step=114208
Dev:   aspect f1=0.5871, opinion f1=0.0000, sentiment acc==0.0000, sentiment f1==0.0000, ABSA f1==0.0000,
Test:  aspect f1=0.5871, opinion f1=0.0000, sentiment acc==0.0000, sentiment f1==0.0000, ABSA f1==0.0000,
Current Max Metrics Index : 80 Current Min Loss Index : 9 Epoch Time: 0m 12s Tau : 0.10

-------------------------------------Iter83-------------------------------------
Train: final loss=0.530123, aspect loss=0.015377, opinion loss=0.000000, domain loss=0.505603, sentiment loss=0.000000, reg loss=0.000000, step=115584
Dev:   final loss=0.280359, aspect loss=0.280359, opinion loss=0.000000, sentiment loss=0.000000, reg loss=0.000000, step=115584
Dev:   aspect f1=0.5850, opinion f1=0.0000, sentiment acc==0.0000, sentiment f1==0.0000, ABSA f1==0.0000,
Test:  aspect f1=0.5850, opinion f1=0.0000, sentiment acc==0.0000, sentiment f1==0.0000, ABSA f1==0.0000,
Current Max Metrics Index : 80 Current Min Loss Index : 9 Epoch Time: 0m 12s Tau : 0.10

-------------------------------------Iter84-------------------------------------
Train: final loss=0.528658, aspect loss=0.015490, opinion loss=0.000000, domain loss=0.505383, sentiment loss=0.000000, reg loss=0.000000, step=116960
Dev:   final loss=0.271642, aspect loss=0.271642, opinion loss=0.000000, sentiment loss=0.000000, reg loss=0.000000, step=116960
Dev:   aspect f1=0.5900, opinion f1=0.0000, sentiment acc==0.0000, sentiment f1==0.0000, ABSA f1==0.0000,
Test:  aspect f1=0.5900, opinion f1=0.0000, sentiment acc==0.0000, sentiment f1==0.0000, ABSA f1==0.0000,
Current Max Metrics Index : 80 Current Min Loss Index : 9 Epoch Time: 0m 12s Tau : 0.10

-------------------------------------Iter85-------------------------------------
Train: final loss=0.529288, aspect loss=0.015016, opinion loss=0.000000, domain loss=0.505306, sentiment loss=0.000000, reg loss=0.000000, step=118336
Dev:   final loss=0.281841, aspect loss=0.281841, opinion loss=0.000000, sentiment loss=0.000000, reg loss=0.000000, step=118336
Dev:   aspect f1=0.5870, opinion f1=0.0000, sentiment acc==0.0000, sentiment f1==0.0000, ABSA f1==0.0000,
Test:  aspect f1=0.5870, opinion f1=0.0000, sentiment acc==0.0000, sentiment f1==0.0000, ABSA f1==0.0000,
Current Max Metrics Index : 80 Current Min Loss Index : 9 Epoch Time: 0m 12s Tau : 0.10

-------------------------------------Iter86-------------------------------------
Train: final loss=0.529579, aspect loss=0.014565, opinion loss=0.000000, domain loss=0.505398, sentiment loss=0.000000, reg loss=0.000000, step=119712
Dev:   final loss=0.268258, aspect loss=0.268258, opinion loss=0.000000, sentiment loss=0.000000, reg loss=0.000000, step=119712
Dev:   aspect f1=0.5846, opinion f1=0.0000, sentiment acc==0.0000, sentiment f1==0.0000, ABSA f1==0.0000,
Test:  aspect f1=0.5846, opinion f1=0.0000, sentiment acc==0.0000, sentiment f1==0.0000, ABSA f1==0.0000,
Current Max Metrics Index : 80 Current Min Loss Index : 9 Epoch Time: 0m 12s Tau : 0.10

-------------------------------------Iter87-------------------------------------
Train: final loss=0.528932, aspect loss=0.014811, opinion loss=0.000000, domain loss=0.505561, sentiment loss=0.000000, reg loss=0.000000, step=121088
Dev:   final loss=0.270466, aspect loss=0.270466, opinion loss=0.000000, sentiment loss=0.000000, reg loss=0.000000, step=121088
Dev:   aspect f1=0.5873, opinion f1=0.0000, sentiment acc==0.0000, sentiment f1==0.0000, ABSA f1==0.0000,
Test:  aspect f1=0.5873, opinion f1=0.0000, sentiment acc==0.0000, sentiment f1==0.0000, ABSA f1==0.0000,
Current Max Metrics Index : 80 Current Min Loss Index : 9 Epoch Time: 0m 12s Tau : 0.10

-------------------------------------Iter88-------------------------------------
Train: final loss=0.527689, aspect loss=0.014496, opinion loss=0.000000, domain loss=0.505595, sentiment loss=0.000000, reg loss=0.000000, step=122464
Dev:   final loss=0.276890, aspect loss=0.276890, opinion loss=0.000000, sentiment loss=0.000000, reg loss=0.000000, step=122464
Dev:   aspect f1=0.5895, opinion f1=0.0000, sentiment acc==0.0000, sentiment f1==0.0000, ABSA f1==0.0000,
Test:  aspect f1=0.5895, opinion f1=0.0000, sentiment acc==0.0000, sentiment f1==0.0000, ABSA f1==0.0000,
Current Max Metrics Index : 80 Current Min Loss Index : 9 Epoch Time: 0m 12s Tau : 0.10

-------------------------------------Iter89-------------------------------------
Train: final loss=0.528651, aspect loss=0.015218, opinion loss=0.000000, domain loss=0.505419, sentiment loss=0.000000, reg loss=0.000000, step=123840
Dev:   final loss=0.271685, aspect loss=0.271685, opinion loss=0.000000, sentiment loss=0.000000, reg loss=0.000000, step=123840
Dev:   aspect f1=0.5837, opinion f1=0.0000, sentiment acc==0.0000, sentiment f1==0.0000, ABSA f1==0.0000,
Test:  aspect f1=0.5837, opinion f1=0.0000, sentiment acc==0.0000, sentiment f1==0.0000, ABSA f1==0.0000,
Current Max Metrics Index : 80 Current Min Loss Index : 9 Epoch Time: 0m 12s Tau : 0.10

-------------------------------------Iter90-------------------------------------
Train: final loss=0.530565, aspect loss=0.014287, opinion loss=0.000000, domain loss=0.505436, sentiment loss=0.000000, reg loss=0.000000, step=125216
Dev:   final loss=0.291564, aspect loss=0.291564, opinion loss=0.000000, sentiment loss=0.000000, reg loss=0.000000, step=125216
Dev:   aspect f1=0.5882, opinion f1=0.0000, sentiment acc==0.0000, sentiment f1==0.0000, ABSA f1==0.0000,
Test:  aspect f1=0.5882, opinion f1=0.0000, sentiment acc==0.0000, sentiment f1==0.0000, ABSA f1==0.0000,
Current Max Metrics Index : 80 Current Min Loss Index : 9 Epoch Time: 0m 12s Tau : 0.10

-------------------------------------Iter91-------------------------------------
Train: final loss=0.527608, aspect loss=0.014889, opinion loss=0.000000, domain loss=0.505527, sentiment loss=0.000000, reg loss=0.000000, step=126592
Dev:   final loss=0.269935, aspect loss=0.269935, opinion loss=0.000000, sentiment loss=0.000000, reg loss=0.000000, step=126592
Dev:   aspect f1=0.5822, opinion f1=0.0000, sentiment acc==0.0000, sentiment f1==0.0000, ABSA f1==0.0000,
Test:  aspect f1=0.5822, opinion f1=0.0000, sentiment acc==0.0000, sentiment f1==0.0000, ABSA f1==0.0000,
Current Max Metrics Index : 80 Current Min Loss Index : 9 Epoch Time: 0m 12s Tau : 0.10

-------------------------------------Iter92-------------------------------------
Train: final loss=0.530120, aspect loss=0.014517, opinion loss=0.000000, domain loss=0.505685, sentiment loss=0.000000, reg loss=0.000000, step=127968
Dev:   final loss=0.275365, aspect loss=0.275365, opinion loss=0.000000, sentiment loss=0.000000, reg loss=0.000000, step=127968
Dev:   aspect f1=0.5854, opinion f1=0.0000, sentiment acc==0.0000, sentiment f1==0.0000, ABSA f1==0.0000,
Test:  aspect f1=0.5854, opinion f1=0.0000, sentiment acc==0.0000, sentiment f1==0.0000, ABSA f1==0.0000,
Current Max Metrics Index : 80 Current Min Loss Index : 9 Epoch Time: 0m 12s Tau : 0.10

-------------------------------------Iter93-------------------------------------
Train: final loss=0.527270, aspect loss=0.014045, opinion loss=0.000000, domain loss=0.505426, sentiment loss=0.000000, reg loss=0.000000, step=129344
Dev:   final loss=0.296412, aspect loss=0.296412, opinion loss=0.000000, sentiment loss=0.000000, reg loss=0.000000, step=129344
Dev:   aspect f1=0.5856, opinion f1=0.0000, sentiment acc==0.0000, sentiment f1==0.0000, ABSA f1==0.0000,
Test:  aspect f1=0.5856, opinion f1=0.0000, sentiment acc==0.0000, sentiment f1==0.0000, ABSA f1==0.0000,
Current Max Metrics Index : 80 Current Min Loss Index : 9 Epoch Time: 0m 12s Tau : 0.10

-------------------------------------Iter94-------------------------------------
Train: final loss=0.528258, aspect loss=0.014671, opinion loss=0.000000, domain loss=0.505355, sentiment loss=0.000000, reg loss=0.000000, step=130720
Dev:   final loss=0.282854, aspect loss=0.282854, opinion loss=0.000000, sentiment loss=0.000000, reg loss=0.000000, step=130720
Dev:   aspect f1=0.5898, opinion f1=0.0000, sentiment acc==0.0000, sentiment f1==0.0000, ABSA f1==0.0000,
Test:  aspect f1=0.5898, opinion f1=0.0000, sentiment acc==0.0000, sentiment f1==0.0000, ABSA f1==0.0000,
Current Max Metrics Index : 80 Current Min Loss Index : 9 Epoch Time: 0m 12s Tau : 0.10

-------------------------------------Iter95-------------------------------------
Train: final loss=0.530825, aspect loss=0.014418, opinion loss=0.000000, domain loss=0.505732, sentiment loss=0.000000, reg loss=0.000000, step=132096
Dev:   final loss=0.286195, aspect loss=0.286195, opinion loss=0.000000, sentiment loss=0.000000, reg loss=0.000000, step=132096
Dev:   aspect f1=0.5855, opinion f1=0.0000, sentiment acc==0.0000, sentiment f1==0.0000, ABSA f1==0.0000,
Test:  aspect f1=0.5855, opinion f1=0.0000, sentiment acc==0.0000, sentiment f1==0.0000, ABSA f1==0.0000,
Current Max Metrics Index : 80 Current Min Loss Index : 9 Epoch Time: 0m 12s Tau : 0.10

-------------------------------------Iter96-------------------------------------
Train: final loss=0.527226, aspect loss=0.013685, opinion loss=0.000000, domain loss=0.505540, sentiment loss=0.000000, reg loss=0.000000, step=133472
Dev:   final loss=0.280970, aspect loss=0.280970, opinion loss=0.000000, sentiment loss=0.000000, reg loss=0.000000, step=133472
Dev:   aspect f1=0.5742, opinion f1=0.0000, sentiment acc==0.0000, sentiment f1==0.0000, ABSA f1==0.0000,
Test:  aspect f1=0.5742, opinion f1=0.0000, sentiment acc==0.0000, sentiment f1==0.0000, ABSA f1==0.0000,
Current Max Metrics Index : 80 Current Min Loss Index : 9 Epoch Time: 0m 12s Tau : 0.10

-------------------------------------Iter97-------------------------------------
Train: final loss=0.527217, aspect loss=0.014191, opinion loss=0.000000, domain loss=0.505525, sentiment loss=0.000000, reg loss=0.000000, step=134848
Dev:   final loss=0.288464, aspect loss=0.288464, opinion loss=0.000000, sentiment loss=0.000000, reg loss=0.000000, step=134848
Dev:   aspect f1=0.5769, opinion f1=0.0000, sentiment acc==0.0000, sentiment f1==0.0000, ABSA f1==0.0000,
Test:  aspect f1=0.5769, opinion f1=0.0000, sentiment acc==0.0000, sentiment f1==0.0000, ABSA f1==0.0000,
Current Max Metrics Index : 80 Current Min Loss Index : 9 Epoch Time: 0m 12s Tau : 0.10

-------------------------------------Iter98-------------------------------------
Train: final loss=0.525608, aspect loss=0.012714, opinion loss=0.000000, domain loss=0.505210, sentiment loss=0.000000, reg loss=0.000000, step=136224
Dev:   final loss=0.292011, aspect loss=0.292011, opinion loss=0.000000, sentiment loss=0.000000, reg loss=0.000000, step=136224
Dev:   aspect f1=0.5836, opinion f1=0.0000, sentiment acc==0.0000, sentiment f1==0.0000, ABSA f1==0.0000,
Test:  aspect f1=0.5836, opinion f1=0.0000, sentiment acc==0.0000, sentiment f1==0.0000, ABSA f1==0.0000,
Current Max Metrics Index : 80 Current Min Loss Index : 9 Epoch Time: 0m 12s Tau : 0.10

-------------------------------------Iter99-------------------------------------
Train: final loss=0.526277, aspect loss=0.013475, opinion loss=0.000000, domain loss=0.505662, sentiment loss=0.000000, reg loss=0.000000, step=137600
Dev:   final loss=0.300302, aspect loss=0.300302, opinion loss=0.000000, sentiment loss=0.000000, reg loss=0.000000, step=137600
Dev:   aspect f1=0.5795, opinion f1=0.0000, sentiment acc==0.0000, sentiment f1==0.0000, ABSA f1==0.0000,
Test:  aspect f1=0.5795, opinion f1=0.0000, sentiment acc==0.0000, sentiment f1==0.0000, ABSA f1==0.0000,
Current Max Metrics Index : 80 Current Min Loss Index : 9 Epoch Time: 0m 12s Tau : 0.10

--------------------------------Mission Complete--------------------------------
Dev Max Metrics Index: 80
aspect f1=59.46, opinion f1=0.00, sentiment acc==0.00, sentiment f1==0.00, ABSA f1==0.00,
Dev Min Loss Index: 9
aspect f1=55.62, opinion f1=0.00, sentiment acc==0.00, sentiment f1==0.00, ABSA f1==0.00,
Running Time: 20m 11s
