> log file: ./log/device-to-restaurant/[SemBridge]-210519-112253.log
cuda memory allocated: 10108928
n_trainable_params: 1431975, n_nontrainable_params: 1094700
> training arguments:
>>> source: device
>>> target: restaurant
>>> use_unlabel: 1
>>> use_syntactic: 0
>>> use_semantic: 1
>>> split: 1
>>> local_bert_path: F:\NLP\BERT-BASE-UNCASED
>>> model_name: DECNN
>>> batch_size: 8
>>> learning_rate: 0.0001
>>> lr_decay: 1e-05
>>> num_epoch: 100
>>> emb_dim: 100
>>> dep_dim: 50
>>> pos_dim: 50
>>> hidden_dim: 256
>>> keep_prob: 0.5
>>> l2_reg: 1e-05
>>> beta: 0.1
>>> kernel_size: 5
>>> hop_num: 2
>>> class_num: 3
>>> cluster_num: 200
>>> cate_num: 20
>>> seed: 321
>>> log_step: 5
>>> dynamic_gate: 1
>>> valset_num: 0
>>> reuse_embedding: 1
>>> optimizer: <class 'torch.optim.adam.Adam'>
>>> initializer: <function uniform_ at 0x7f7060937c80>
>>> device: cuda:0
>>> ablation: None
>>> topk: 10
>>> name: [SemBridge]
>>> dataset_file: {'train': './data/device/train1/', 'unlabel': './data/restaurant/train1/', 'test': './data/restaurant/test1/'}
>>> model_class: <class 'models.decnn_base.DECNN'>
>>> inputs_cols: ['sentence', 'mask', 'position', 'keep_prob']
>>> max_sentence_len: 110

-------------------------------------Iter0--------------------------------------
Train: final loss=0.612886, aspect loss=0.091245, opinion loss=0.000000, domain loss=0.509457, sentiment loss=0.000000, reg loss=0.000000, step=1372
Dev:   final loss=0.280829, aspect loss=0.280829, opinion loss=0.000000, sentiment loss=0.000000, reg loss=0.000000, step=1372
Dev:   aspect f1=0.5215, opinion f1=0.0000, sentiment acc==0.0000, sentiment f1==0.0000, ABSA f1==0.0000,
Test:  aspect f1=0.5215, opinion f1=0.0000, sentiment acc==0.0000, sentiment f1==0.0000, ABSA f1==0.0000,
Current Max Metrics Index : 0 Current Min Loss Index : 0 Epoch Time: 0m 12s Tau : 1.00
>> Checkpoint Saved: state_dict/device-to-restaurant/[SemBridge]-ATE-F1-0.5215.pth

-------------------------------------Iter1--------------------------------------
Train: final loss=0.573268, aspect loss=0.063685, opinion loss=0.000000, domain loss=0.500794, sentiment loss=0.000000, reg loss=0.000000, step=2744
Dev:   final loss=0.237882, aspect loss=0.237882, opinion loss=0.000000, sentiment loss=0.000000, reg loss=0.000000, step=2744
Dev:   aspect f1=0.5463, opinion f1=0.0000, sentiment acc==0.0000, sentiment f1==0.0000, ABSA f1==0.0000,
Test:  aspect f1=0.5463, opinion f1=0.0000, sentiment acc==0.0000, sentiment f1==0.0000, ABSA f1==0.0000,
Current Max Metrics Index : 1 Current Min Loss Index : 1 Epoch Time: 0m 12s Tau : 0.97
>> Checkpoint Saved: state_dict/device-to-restaurant/[SemBridge]-ATE-F1-0.5463.pth

-------------------------------------Iter2--------------------------------------
Train: final loss=0.560519, aspect loss=0.056565, opinion loss=0.000000, domain loss=0.496118, sentiment loss=0.000000, reg loss=0.000000, step=4116
Dev:   final loss=0.236726, aspect loss=0.236726, opinion loss=0.000000, sentiment loss=0.000000, reg loss=0.000000, step=4116
Dev:   aspect f1=0.5600, opinion f1=0.0000, sentiment acc==0.0000, sentiment f1==0.0000, ABSA f1==0.0000,
Test:  aspect f1=0.5600, opinion f1=0.0000, sentiment acc==0.0000, sentiment f1==0.0000, ABSA f1==0.0000,
Current Max Metrics Index : 2 Current Min Loss Index : 2 Epoch Time: 0m 12s Tau : 0.94
>> Checkpoint Saved: state_dict/device-to-restaurant/[SemBridge]-ATE-F1-0.5600.pth

-------------------------------------Iter3--------------------------------------
Train: final loss=0.560030, aspect loss=0.052228, opinion loss=0.000000, domain loss=0.499886, sentiment loss=0.000000, reg loss=0.000000, step=5488
Dev:   final loss=0.235213, aspect loss=0.235213, opinion loss=0.000000, sentiment loss=0.000000, reg loss=0.000000, step=5488
Dev:   aspect f1=0.5787, opinion f1=0.0000, sentiment acc==0.0000, sentiment f1==0.0000, ABSA f1==0.0000,
Test:  aspect f1=0.5787, opinion f1=0.0000, sentiment acc==0.0000, sentiment f1==0.0000, ABSA f1==0.0000,
Current Max Metrics Index : 3 Current Min Loss Index : 3 Epoch Time: 0m 12s Tau : 0.91
>> Checkpoint Saved: state_dict/device-to-restaurant/[SemBridge]-ATE-F1-0.5787.pth

-------------------------------------Iter4--------------------------------------
Train: final loss=0.558705, aspect loss=0.049754, opinion loss=0.000000, domain loss=0.501802, sentiment loss=0.000000, reg loss=0.000000, step=6860
Dev:   final loss=0.234765, aspect loss=0.234765, opinion loss=0.000000, sentiment loss=0.000000, reg loss=0.000000, step=6860
Dev:   aspect f1=0.5769, opinion f1=0.0000, sentiment acc==0.0000, sentiment f1==0.0000, ABSA f1==0.0000,
Test:  aspect f1=0.5769, opinion f1=0.0000, sentiment acc==0.0000, sentiment f1==0.0000, ABSA f1==0.0000,
Current Max Metrics Index : 3 Current Min Loss Index : 4 Epoch Time: 0m 12s Tau : 0.89

-------------------------------------Iter5--------------------------------------
Train: final loss=0.557515, aspect loss=0.047555, opinion loss=0.000000, domain loss=0.500725, sentiment loss=0.000000, reg loss=0.000000, step=8232
Dev:   final loss=0.223781, aspect loss=0.223781, opinion loss=0.000000, sentiment loss=0.000000, reg loss=0.000000, step=8232
Dev:   aspect f1=0.5796, opinion f1=0.0000, sentiment acc==0.0000, sentiment f1==0.0000, ABSA f1==0.0000,
Test:  aspect f1=0.5796, opinion f1=0.0000, sentiment acc==0.0000, sentiment f1==0.0000, ABSA f1==0.0000,
Current Max Metrics Index : 5 Current Min Loss Index : 5 Epoch Time: 0m 13s Tau : 0.86
>> Checkpoint Saved: state_dict/device-to-restaurant/[SemBridge]-ATE-F1-0.5796.pth

-------------------------------------Iter6--------------------------------------
Train: final loss=0.557032, aspect loss=0.045775, opinion loss=0.000000, domain loss=0.501283, sentiment loss=0.000000, reg loss=0.000000, step=9604
Dev:   final loss=0.232959, aspect loss=0.232959, opinion loss=0.000000, sentiment loss=0.000000, reg loss=0.000000, step=9604
Dev:   aspect f1=0.5846, opinion f1=0.0000, sentiment acc==0.0000, sentiment f1==0.0000, ABSA f1==0.0000,
Test:  aspect f1=0.5846, opinion f1=0.0000, sentiment acc==0.0000, sentiment f1==0.0000, ABSA f1==0.0000,
Current Max Metrics Index : 6 Current Min Loss Index : 5 Epoch Time: 0m 13s Tau : 0.84
>> Checkpoint Saved: state_dict/device-to-restaurant/[SemBridge]-ATE-F1-0.5846.pth

-------------------------------------Iter7--------------------------------------
Train: final loss=0.555247, aspect loss=0.044927, opinion loss=0.000000, domain loss=0.500067, sentiment loss=0.000000, reg loss=0.000000, step=10976
Dev:   final loss=0.228199, aspect loss=0.228199, opinion loss=0.000000, sentiment loss=0.000000, reg loss=0.000000, step=10976
Dev:   aspect f1=0.5816, opinion f1=0.0000, sentiment acc==0.0000, sentiment f1==0.0000, ABSA f1==0.0000,
Test:  aspect f1=0.5816, opinion f1=0.0000, sentiment acc==0.0000, sentiment f1==0.0000, ABSA f1==0.0000,
Current Max Metrics Index : 6 Current Min Loss Index : 5 Epoch Time: 0m 12s Tau : 0.81

-------------------------------------Iter8--------------------------------------
Train: final loss=0.554151, aspect loss=0.042497, opinion loss=0.000000, domain loss=0.502326, sentiment loss=0.000000, reg loss=0.000000, step=12348
Dev:   final loss=0.219736, aspect loss=0.219736, opinion loss=0.000000, sentiment loss=0.000000, reg loss=0.000000, step=12348
Dev:   aspect f1=0.5784, opinion f1=0.0000, sentiment acc==0.0000, sentiment f1==0.0000, ABSA f1==0.0000,
Test:  aspect f1=0.5784, opinion f1=0.0000, sentiment acc==0.0000, sentiment f1==0.0000, ABSA f1==0.0000,
Current Max Metrics Index : 6 Current Min Loss Index : 8 Epoch Time: 0m 12s Tau : 0.79

-------------------------------------Iter9--------------------------------------
Train: final loss=0.551881, aspect loss=0.042714, opinion loss=0.000000, domain loss=0.501591, sentiment loss=0.000000, reg loss=0.000000, step=13720
Dev:   final loss=0.212640, aspect loss=0.212640, opinion loss=0.000000, sentiment loss=0.000000, reg loss=0.000000, step=13720
Dev:   aspect f1=0.5912, opinion f1=0.0000, sentiment acc==0.0000, sentiment f1==0.0000, ABSA f1==0.0000,
Test:  aspect f1=0.5912, opinion f1=0.0000, sentiment acc==0.0000, sentiment f1==0.0000, ABSA f1==0.0000,
Current Max Metrics Index : 9 Current Min Loss Index : 9 Epoch Time: 0m 12s Tau : 0.76
>> Checkpoint Saved: state_dict/device-to-restaurant/[SemBridge]-ATE-F1-0.5912.pth

-------------------------------------Iter10-------------------------------------
Train: final loss=0.549805, aspect loss=0.041234, opinion loss=0.000000, domain loss=0.501441, sentiment loss=0.000000, reg loss=0.000000, step=15092
Dev:   final loss=0.228748, aspect loss=0.228748, opinion loss=0.000000, sentiment loss=0.000000, reg loss=0.000000, step=15092
Dev:   aspect f1=0.5734, opinion f1=0.0000, sentiment acc==0.0000, sentiment f1==0.0000, ABSA f1==0.0000,
Test:  aspect f1=0.5734, opinion f1=0.0000, sentiment acc==0.0000, sentiment f1==0.0000, ABSA f1==0.0000,
Current Max Metrics Index : 9 Current Min Loss Index : 9 Epoch Time: 0m 12s Tau : 0.74

-------------------------------------Iter11-------------------------------------
Train: final loss=0.548941, aspect loss=0.040158, opinion loss=0.000000, domain loss=0.502271, sentiment loss=0.000000, reg loss=0.000000, step=16464
Dev:   final loss=0.219597, aspect loss=0.219597, opinion loss=0.000000, sentiment loss=0.000000, reg loss=0.000000, step=16464
Dev:   aspect f1=0.5787, opinion f1=0.0000, sentiment acc==0.0000, sentiment f1==0.0000, ABSA f1==0.0000,
Test:  aspect f1=0.5787, opinion f1=0.0000, sentiment acc==0.0000, sentiment f1==0.0000, ABSA f1==0.0000,
Current Max Metrics Index : 9 Current Min Loss Index : 9 Epoch Time: 0m 12s Tau : 0.72

-------------------------------------Iter12-------------------------------------
Train: final loss=0.550912, aspect loss=0.039307, opinion loss=0.000000, domain loss=0.502079, sentiment loss=0.000000, reg loss=0.000000, step=17836
Dev:   final loss=0.226417, aspect loss=0.226417, opinion loss=0.000000, sentiment loss=0.000000, reg loss=0.000000, step=17836
Dev:   aspect f1=0.5682, opinion f1=0.0000, sentiment acc==0.0000, sentiment f1==0.0000, ABSA f1==0.0000,
Test:  aspect f1=0.5682, opinion f1=0.0000, sentiment acc==0.0000, sentiment f1==0.0000, ABSA f1==0.0000,
Current Max Metrics Index : 9 Current Min Loss Index : 9 Epoch Time: 0m 13s Tau : 0.70

-------------------------------------Iter13-------------------------------------
Train: final loss=0.551130, aspect loss=0.038602, opinion loss=0.000000, domain loss=0.502105, sentiment loss=0.000000, reg loss=0.000000, step=19208
Dev:   final loss=0.215896, aspect loss=0.215896, opinion loss=0.000000, sentiment loss=0.000000, reg loss=0.000000, step=19208
Dev:   aspect f1=0.5971, opinion f1=0.0000, sentiment acc==0.0000, sentiment f1==0.0000, ABSA f1==0.0000,
Test:  aspect f1=0.5971, opinion f1=0.0000, sentiment acc==0.0000, sentiment f1==0.0000, ABSA f1==0.0000,
Current Max Metrics Index : 13 Current Min Loss Index : 9 Epoch Time: 0m 12s Tau : 0.68
>> Checkpoint Saved: state_dict/device-to-restaurant/[SemBridge]-ATE-F1-0.5971.pth

-------------------------------------Iter14-------------------------------------
Train: final loss=0.547630, aspect loss=0.038053, opinion loss=0.000000, domain loss=0.501879, sentiment loss=0.000000, reg loss=0.000000, step=20580
Dev:   final loss=0.216144, aspect loss=0.216144, opinion loss=0.000000, sentiment loss=0.000000, reg loss=0.000000, step=20580
Dev:   aspect f1=0.5840, opinion f1=0.0000, sentiment acc==0.0000, sentiment f1==0.0000, ABSA f1==0.0000,
Test:  aspect f1=0.5840, opinion f1=0.0000, sentiment acc==0.0000, sentiment f1==0.0000, ABSA f1==0.0000,
Current Max Metrics Index : 13 Current Min Loss Index : 9 Epoch Time: 0m 10s Tau : 0.66

-------------------------------------Iter15-------------------------------------
Train: final loss=0.546627, aspect loss=0.037089, opinion loss=0.000000, domain loss=0.502104, sentiment loss=0.000000, reg loss=0.000000, step=21952
Dev:   final loss=0.213317, aspect loss=0.213317, opinion loss=0.000000, sentiment loss=0.000000, reg loss=0.000000, step=21952
Dev:   aspect f1=0.5796, opinion f1=0.0000, sentiment acc==0.0000, sentiment f1==0.0000, ABSA f1==0.0000,
Test:  aspect f1=0.5796, opinion f1=0.0000, sentiment acc==0.0000, sentiment f1==0.0000, ABSA f1==0.0000,
Current Max Metrics Index : 13 Current Min Loss Index : 9 Epoch Time: 0m 11s Tau : 0.64

-------------------------------------Iter16-------------------------------------
Train: final loss=0.544827, aspect loss=0.036601, opinion loss=0.000000, domain loss=0.501984, sentiment loss=0.000000, reg loss=0.000000, step=23324
Dev:   final loss=0.214622, aspect loss=0.214622, opinion loss=0.000000, sentiment loss=0.000000, reg loss=0.000000, step=23324
Dev:   aspect f1=0.5557, opinion f1=0.0000, sentiment acc==0.0000, sentiment f1==0.0000, ABSA f1==0.0000,
Test:  aspect f1=0.5557, opinion f1=0.0000, sentiment acc==0.0000, sentiment f1==0.0000, ABSA f1==0.0000,
Current Max Metrics Index : 13 Current Min Loss Index : 9 Epoch Time: 0m 12s Tau : 0.62

-------------------------------------Iter17-------------------------------------
Train: final loss=0.548358, aspect loss=0.036226, opinion loss=0.000000, domain loss=0.502156, sentiment loss=0.000000, reg loss=0.000000, step=24696
Dev:   final loss=0.225443, aspect loss=0.225443, opinion loss=0.000000, sentiment loss=0.000000, reg loss=0.000000, step=24696
Dev:   aspect f1=0.5841, opinion f1=0.0000, sentiment acc==0.0000, sentiment f1==0.0000, ABSA f1==0.0000,
Test:  aspect f1=0.5841, opinion f1=0.0000, sentiment acc==0.0000, sentiment f1==0.0000, ABSA f1==0.0000,
Current Max Metrics Index : 13 Current Min Loss Index : 9 Epoch Time: 0m 11s Tau : 0.60

-------------------------------------Iter18-------------------------------------
Train: final loss=0.546113, aspect loss=0.035320, opinion loss=0.000000, domain loss=0.502070, sentiment loss=0.000000, reg loss=0.000000, step=26068
Dev:   final loss=0.226116, aspect loss=0.226116, opinion loss=0.000000, sentiment loss=0.000000, reg loss=0.000000, step=26068
Dev:   aspect f1=0.5884, opinion f1=0.0000, sentiment acc==0.0000, sentiment f1==0.0000, ABSA f1==0.0000,
Test:  aspect f1=0.5884, opinion f1=0.0000, sentiment acc==0.0000, sentiment f1==0.0000, ABSA f1==0.0000,
Current Max Metrics Index : 13 Current Min Loss Index : 9 Epoch Time: 0m 11s Tau : 0.58

-------------------------------------Iter19-------------------------------------
Train: final loss=0.542479, aspect loss=0.035143, opinion loss=0.000000, domain loss=0.501973, sentiment loss=0.000000, reg loss=0.000000, step=27440
Dev:   final loss=0.228661, aspect loss=0.228661, opinion loss=0.000000, sentiment loss=0.000000, reg loss=0.000000, step=27440
Dev:   aspect f1=0.5697, opinion f1=0.0000, sentiment acc==0.0000, sentiment f1==0.0000, ABSA f1==0.0000,
Test:  aspect f1=0.5697, opinion f1=0.0000, sentiment acc==0.0000, sentiment f1==0.0000, ABSA f1==0.0000,
Current Max Metrics Index : 13 Current Min Loss Index : 9 Epoch Time: 0m 11s Tau : 0.57

-------------------------------------Iter20-------------------------------------
Train: final loss=0.542732, aspect loss=0.033003, opinion loss=0.000000, domain loss=0.501750, sentiment loss=0.000000, reg loss=0.000000, step=28812
Dev:   final loss=0.225724, aspect loss=0.225724, opinion loss=0.000000, sentiment loss=0.000000, reg loss=0.000000, step=28812
Dev:   aspect f1=0.5725, opinion f1=0.0000, sentiment acc==0.0000, sentiment f1==0.0000, ABSA f1==0.0000,
Test:  aspect f1=0.5725, opinion f1=0.0000, sentiment acc==0.0000, sentiment f1==0.0000, ABSA f1==0.0000,
Current Max Metrics Index : 13 Current Min Loss Index : 9 Epoch Time: 0m 11s Tau : 0.55

-------------------------------------Iter21-------------------------------------
Train: final loss=0.544559, aspect loss=0.033636, opinion loss=0.000000, domain loss=0.502209, sentiment loss=0.000000, reg loss=0.000000, step=30184
Dev:   final loss=0.226840, aspect loss=0.226840, opinion loss=0.000000, sentiment loss=0.000000, reg loss=0.000000, step=30184
Dev:   aspect f1=0.5700, opinion f1=0.0000, sentiment acc==0.0000, sentiment f1==0.0000, ABSA f1==0.0000,
Test:  aspect f1=0.5700, opinion f1=0.0000, sentiment acc==0.0000, sentiment f1==0.0000, ABSA f1==0.0000,
Current Max Metrics Index : 13 Current Min Loss Index : 9 Epoch Time: 0m 11s Tau : 0.53

-------------------------------------Iter22-------------------------------------
Train: final loss=0.543330, aspect loss=0.033116, opinion loss=0.000000, domain loss=0.501835, sentiment loss=0.000000, reg loss=0.000000, step=31556
Dev:   final loss=0.221160, aspect loss=0.221160, opinion loss=0.000000, sentiment loss=0.000000, reg loss=0.000000, step=31556
Dev:   aspect f1=0.5797, opinion f1=0.0000, sentiment acc==0.0000, sentiment f1==0.0000, ABSA f1==0.0000,
Test:  aspect f1=0.5797, opinion f1=0.0000, sentiment acc==0.0000, sentiment f1==0.0000, ABSA f1==0.0000,
Current Max Metrics Index : 13 Current Min Loss Index : 9 Epoch Time: 0m 11s Tau : 0.52

-------------------------------------Iter23-------------------------------------
Train: final loss=0.539941, aspect loss=0.032567, opinion loss=0.000000, domain loss=0.502153, sentiment loss=0.000000, reg loss=0.000000, step=32928
Dev:   final loss=0.238235, aspect loss=0.238235, opinion loss=0.000000, sentiment loss=0.000000, reg loss=0.000000, step=32928
Dev:   aspect f1=0.5975, opinion f1=0.0000, sentiment acc==0.0000, sentiment f1==0.0000, ABSA f1==0.0000,
Test:  aspect f1=0.5975, opinion f1=0.0000, sentiment acc==0.0000, sentiment f1==0.0000, ABSA f1==0.0000,
Current Max Metrics Index : 23 Current Min Loss Index : 9 Epoch Time: 0m 11s Tau : 0.50
>> Checkpoint Saved: state_dict/device-to-restaurant/[SemBridge]-ATE-F1-0.5975.pth

-------------------------------------Iter24-------------------------------------
Train: final loss=0.542379, aspect loss=0.032224, opinion loss=0.000000, domain loss=0.501507, sentiment loss=0.000000, reg loss=0.000000, step=34300
Dev:   final loss=0.218681, aspect loss=0.218681, opinion loss=0.000000, sentiment loss=0.000000, reg loss=0.000000, step=34300
Dev:   aspect f1=0.5951, opinion f1=0.0000, sentiment acc==0.0000, sentiment f1==0.0000, ABSA f1==0.0000,
Test:  aspect f1=0.5951, opinion f1=0.0000, sentiment acc==0.0000, sentiment f1==0.0000, ABSA f1==0.0000,
Current Max Metrics Index : 23 Current Min Loss Index : 9 Epoch Time: 0m 11s Tau : 0.49

-------------------------------------Iter25-------------------------------------
Train: final loss=0.542266, aspect loss=0.030924, opinion loss=0.000000, domain loss=0.501727, sentiment loss=0.000000, reg loss=0.000000, step=35672
Dev:   final loss=0.233950, aspect loss=0.233950, opinion loss=0.000000, sentiment loss=0.000000, reg loss=0.000000, step=35672
Dev:   aspect f1=0.5856, opinion f1=0.0000, sentiment acc==0.0000, sentiment f1==0.0000, ABSA f1==0.0000,
Test:  aspect f1=0.5856, opinion f1=0.0000, sentiment acc==0.0000, sentiment f1==0.0000, ABSA f1==0.0000,
Current Max Metrics Index : 23 Current Min Loss Index : 9 Epoch Time: 0m 12s Tau : 0.47

-------------------------------------Iter26-------------------------------------
Train: final loss=0.539555, aspect loss=0.031157, opinion loss=0.000000, domain loss=0.502364, sentiment loss=0.000000, reg loss=0.000000, step=37044
Dev:   final loss=0.232133, aspect loss=0.232133, opinion loss=0.000000, sentiment loss=0.000000, reg loss=0.000000, step=37044
Dev:   aspect f1=0.5966, opinion f1=0.0000, sentiment acc==0.0000, sentiment f1==0.0000, ABSA f1==0.0000,
Test:  aspect f1=0.5966, opinion f1=0.0000, sentiment acc==0.0000, sentiment f1==0.0000, ABSA f1==0.0000,
Current Max Metrics Index : 23 Current Min Loss Index : 9 Epoch Time: 0m 12s Tau : 0.46

-------------------------------------Iter27-------------------------------------
Train: final loss=0.540347, aspect loss=0.029916, opinion loss=0.000000, domain loss=0.501914, sentiment loss=0.000000, reg loss=0.000000, step=38416
Dev:   final loss=0.229425, aspect loss=0.229425, opinion loss=0.000000, sentiment loss=0.000000, reg loss=0.000000, step=38416
Dev:   aspect f1=0.5945, opinion f1=0.0000, sentiment acc==0.0000, sentiment f1==0.0000, ABSA f1==0.0000,
Test:  aspect f1=0.5945, opinion f1=0.0000, sentiment acc==0.0000, sentiment f1==0.0000, ABSA f1==0.0000,
Current Max Metrics Index : 23 Current Min Loss Index : 9 Epoch Time: 0m 11s Tau : 0.44

-------------------------------------Iter28-------------------------------------
Train: final loss=0.542800, aspect loss=0.029158, opinion loss=0.000000, domain loss=0.501952, sentiment loss=0.000000, reg loss=0.000000, step=39788
Dev:   final loss=0.218715, aspect loss=0.218715, opinion loss=0.000000, sentiment loss=0.000000, reg loss=0.000000, step=39788
Dev:   aspect f1=0.5994, opinion f1=0.0000, sentiment acc==0.0000, sentiment f1==0.0000, ABSA f1==0.0000,
Test:  aspect f1=0.5994, opinion f1=0.0000, sentiment acc==0.0000, sentiment f1==0.0000, ABSA f1==0.0000,
Current Max Metrics Index : 28 Current Min Loss Index : 9 Epoch Time: 0m 11s Tau : 0.43
>> Checkpoint Saved: state_dict/device-to-restaurant/[SemBridge]-ATE-F1-0.5994.pth

-------------------------------------Iter29-------------------------------------
Train: final loss=0.540056, aspect loss=0.029488, opinion loss=0.000000, domain loss=0.501855, sentiment loss=0.000000, reg loss=0.000000, step=41160
Dev:   final loss=0.226657, aspect loss=0.226657, opinion loss=0.000000, sentiment loss=0.000000, reg loss=0.000000, step=41160
Dev:   aspect f1=0.6069, opinion f1=0.0000, sentiment acc==0.0000, sentiment f1==0.0000, ABSA f1==0.0000,
Test:  aspect f1=0.6069, opinion f1=0.0000, sentiment acc==0.0000, sentiment f1==0.0000, ABSA f1==0.0000,
Current Max Metrics Index : 29 Current Min Loss Index : 9 Epoch Time: 0m 11s Tau : 0.42
>> Checkpoint Saved: state_dict/device-to-restaurant/[SemBridge]-ATE-F1-0.6069.pth

-------------------------------------Iter30-------------------------------------
Train: final loss=0.538173, aspect loss=0.029018, opinion loss=0.000000, domain loss=0.501620, sentiment loss=0.000000, reg loss=0.000000, step=42532
Dev:   final loss=0.245018, aspect loss=0.245018, opinion loss=0.000000, sentiment loss=0.000000, reg loss=0.000000, step=42532
Dev:   aspect f1=0.5989, opinion f1=0.0000, sentiment acc==0.0000, sentiment f1==0.0000, ABSA f1==0.0000,
Test:  aspect f1=0.5989, opinion f1=0.0000, sentiment acc==0.0000, sentiment f1==0.0000, ABSA f1==0.0000,
Current Max Metrics Index : 29 Current Min Loss Index : 9 Epoch Time: 0m 11s Tau : 0.41

-------------------------------------Iter31-------------------------------------
Train: final loss=0.538734, aspect loss=0.028144, opinion loss=0.000000, domain loss=0.501250, sentiment loss=0.000000, reg loss=0.000000, step=43904
Dev:   final loss=0.255345, aspect loss=0.255345, opinion loss=0.000000, sentiment loss=0.000000, reg loss=0.000000, step=43904
Dev:   aspect f1=0.6024, opinion f1=0.0000, sentiment acc==0.0000, sentiment f1==0.0000, ABSA f1==0.0000,
Test:  aspect f1=0.6024, opinion f1=0.0000, sentiment acc==0.0000, sentiment f1==0.0000, ABSA f1==0.0000,
Current Max Metrics Index : 29 Current Min Loss Index : 9 Epoch Time: 0m 12s Tau : 0.39

-------------------------------------Iter32-------------------------------------
Train: final loss=0.537006, aspect loss=0.027887, opinion loss=0.000000, domain loss=0.501899, sentiment loss=0.000000, reg loss=0.000000, step=45276
Dev:   final loss=0.243077, aspect loss=0.243077, opinion loss=0.000000, sentiment loss=0.000000, reg loss=0.000000, step=45276
Dev:   aspect f1=0.6099, opinion f1=0.0000, sentiment acc==0.0000, sentiment f1==0.0000, ABSA f1==0.0000,
Test:  aspect f1=0.6099, opinion f1=0.0000, sentiment acc==0.0000, sentiment f1==0.0000, ABSA f1==0.0000,
Current Max Metrics Index : 32 Current Min Loss Index : 9 Epoch Time: 0m 12s Tau : 0.38
>> Checkpoint Saved: state_dict/device-to-restaurant/[SemBridge]-ATE-F1-0.6099.pth

-------------------------------------Iter33-------------------------------------
Train: final loss=0.536413, aspect loss=0.027234, opinion loss=0.000000, domain loss=0.501811, sentiment loss=0.000000, reg loss=0.000000, step=46648
Dev:   final loss=0.244904, aspect loss=0.244904, opinion loss=0.000000, sentiment loss=0.000000, reg loss=0.000000, step=46648
Dev:   aspect f1=0.6024, opinion f1=0.0000, sentiment acc==0.0000, sentiment f1==0.0000, ABSA f1==0.0000,
Test:  aspect f1=0.6024, opinion f1=0.0000, sentiment acc==0.0000, sentiment f1==0.0000, ABSA f1==0.0000,
Current Max Metrics Index : 32 Current Min Loss Index : 9 Epoch Time: 0m 12s Tau : 0.37

-------------------------------------Iter34-------------------------------------
Train: final loss=0.538478, aspect loss=0.027224, opinion loss=0.000000, domain loss=0.501618, sentiment loss=0.000000, reg loss=0.000000, step=48020
Dev:   final loss=0.238083, aspect loss=0.238083, opinion loss=0.000000, sentiment loss=0.000000, reg loss=0.000000, step=48020
Dev:   aspect f1=0.6012, opinion f1=0.0000, sentiment acc==0.0000, sentiment f1==0.0000, ABSA f1==0.0000,
Test:  aspect f1=0.6012, opinion f1=0.0000, sentiment acc==0.0000, sentiment f1==0.0000, ABSA f1==0.0000,
Current Max Metrics Index : 32 Current Min Loss Index : 9 Epoch Time: 0m 12s Tau : 0.36

-------------------------------------Iter35-------------------------------------
Train: final loss=0.536852, aspect loss=0.027188, opinion loss=0.000000, domain loss=0.502447, sentiment loss=0.000000, reg loss=0.000000, step=49392
Dev:   final loss=0.225157, aspect loss=0.225157, opinion loss=0.000000, sentiment loss=0.000000, reg loss=0.000000, step=49392
Dev:   aspect f1=0.5967, opinion f1=0.0000, sentiment acc==0.0000, sentiment f1==0.0000, ABSA f1==0.0000,
Test:  aspect f1=0.5967, opinion f1=0.0000, sentiment acc==0.0000, sentiment f1==0.0000, ABSA f1==0.0000,
Current Max Metrics Index : 32 Current Min Loss Index : 9 Epoch Time: 0m 12s Tau : 0.35

-------------------------------------Iter36-------------------------------------
Train: final loss=0.535446, aspect loss=0.025902, opinion loss=0.000000, domain loss=0.502149, sentiment loss=0.000000, reg loss=0.000000, step=50764
Dev:   final loss=0.232280, aspect loss=0.232280, opinion loss=0.000000, sentiment loss=0.000000, reg loss=0.000000, step=50764
Dev:   aspect f1=0.5901, opinion f1=0.0000, sentiment acc==0.0000, sentiment f1==0.0000, ABSA f1==0.0000,
Test:  aspect f1=0.5901, opinion f1=0.0000, sentiment acc==0.0000, sentiment f1==0.0000, ABSA f1==0.0000,
Current Max Metrics Index : 32 Current Min Loss Index : 9 Epoch Time: 0m 12s Tau : 0.34

-------------------------------------Iter37-------------------------------------
Train: final loss=0.533754, aspect loss=0.025426, opinion loss=0.000000, domain loss=0.502189, sentiment loss=0.000000, reg loss=0.000000, step=52136
Dev:   final loss=0.231606, aspect loss=0.231606, opinion loss=0.000000, sentiment loss=0.000000, reg loss=0.000000, step=52136
Dev:   aspect f1=0.5933, opinion f1=0.0000, sentiment acc==0.0000, sentiment f1==0.0000, ABSA f1==0.0000,
Test:  aspect f1=0.5933, opinion f1=0.0000, sentiment acc==0.0000, sentiment f1==0.0000, ABSA f1==0.0000,
Current Max Metrics Index : 32 Current Min Loss Index : 9 Epoch Time: 0m 11s Tau : 0.33

-------------------------------------Iter38-------------------------------------
Train: final loss=0.534523, aspect loss=0.026243, opinion loss=0.000000, domain loss=0.501847, sentiment loss=0.000000, reg loss=0.000000, step=53508
Dev:   final loss=0.245422, aspect loss=0.245422, opinion loss=0.000000, sentiment loss=0.000000, reg loss=0.000000, step=53508
Dev:   aspect f1=0.6065, opinion f1=0.0000, sentiment acc==0.0000, sentiment f1==0.0000, ABSA f1==0.0000,
Test:  aspect f1=0.6065, opinion f1=0.0000, sentiment acc==0.0000, sentiment f1==0.0000, ABSA f1==0.0000,
Current Max Metrics Index : 32 Current Min Loss Index : 9 Epoch Time: 0m 11s Tau : 0.32

-------------------------------------Iter39-------------------------------------
Train: final loss=0.534745, aspect loss=0.024948, opinion loss=0.000000, domain loss=0.501584, sentiment loss=0.000000, reg loss=0.000000, step=54880
Dev:   final loss=0.245646, aspect loss=0.245646, opinion loss=0.000000, sentiment loss=0.000000, reg loss=0.000000, step=54880
Dev:   aspect f1=0.6034, opinion f1=0.0000, sentiment acc==0.0000, sentiment f1==0.0000, ABSA f1==0.0000,
Test:  aspect f1=0.6034, opinion f1=0.0000, sentiment acc==0.0000, sentiment f1==0.0000, ABSA f1==0.0000,
Current Max Metrics Index : 32 Current Min Loss Index : 9 Epoch Time: 0m 11s Tau : 0.31

-------------------------------------Iter40-------------------------------------
Train: final loss=0.532724, aspect loss=0.024300, opinion loss=0.000000, domain loss=0.501904, sentiment loss=0.000000, reg loss=0.000000, step=56252
Dev:   final loss=0.240247, aspect loss=0.240247, opinion loss=0.000000, sentiment loss=0.000000, reg loss=0.000000, step=56252
Dev:   aspect f1=0.5934, opinion f1=0.0000, sentiment acc==0.0000, sentiment f1==0.0000, ABSA f1==0.0000,
Test:  aspect f1=0.5934, opinion f1=0.0000, sentiment acc==0.0000, sentiment f1==0.0000, ABSA f1==0.0000,
Current Max Metrics Index : 32 Current Min Loss Index : 9 Epoch Time: 0m 11s Tau : 0.30

-------------------------------------Iter41-------------------------------------
Train: final loss=0.534301, aspect loss=0.024498, opinion loss=0.000000, domain loss=0.501954, sentiment loss=0.000000, reg loss=0.000000, step=57624
Dev:   final loss=0.246898, aspect loss=0.246898, opinion loss=0.000000, sentiment loss=0.000000, reg loss=0.000000, step=57624
Dev:   aspect f1=0.6002, opinion f1=0.0000, sentiment acc==0.0000, sentiment f1==0.0000, ABSA f1==0.0000,
Test:  aspect f1=0.6002, opinion f1=0.0000, sentiment acc==0.0000, sentiment f1==0.0000, ABSA f1==0.0000,
Current Max Metrics Index : 32 Current Min Loss Index : 9 Epoch Time: 0m 11s Tau : 0.29

-------------------------------------Iter42-------------------------------------
Train: final loss=0.534711, aspect loss=0.023784, opinion loss=0.000000, domain loss=0.502116, sentiment loss=0.000000, reg loss=0.000000, step=58996
Dev:   final loss=0.251539, aspect loss=0.251539, opinion loss=0.000000, sentiment loss=0.000000, reg loss=0.000000, step=58996
Dev:   aspect f1=0.6001, opinion f1=0.0000, sentiment acc==0.0000, sentiment f1==0.0000, ABSA f1==0.0000,
Test:  aspect f1=0.6001, opinion f1=0.0000, sentiment acc==0.0000, sentiment f1==0.0000, ABSA f1==0.0000,
Current Max Metrics Index : 32 Current Min Loss Index : 9 Epoch Time: 0m 11s Tau : 0.28

-------------------------------------Iter43-------------------------------------
Train: final loss=0.538186, aspect loss=0.023349, opinion loss=0.000000, domain loss=0.502127, sentiment loss=0.000000, reg loss=0.000000, step=60368
Dev:   final loss=0.237754, aspect loss=0.237754, opinion loss=0.000000, sentiment loss=0.000000, reg loss=0.000000, step=60368
Dev:   aspect f1=0.6033, opinion f1=0.0000, sentiment acc==0.0000, sentiment f1==0.0000, ABSA f1==0.0000,
Test:  aspect f1=0.6033, opinion f1=0.0000, sentiment acc==0.0000, sentiment f1==0.0000, ABSA f1==0.0000,
Current Max Metrics Index : 32 Current Min Loss Index : 9 Epoch Time: 0m 12s Tau : 0.28

-------------------------------------Iter44-------------------------------------
Train: final loss=0.532796, aspect loss=0.023488, opinion loss=0.000000, domain loss=0.501939, sentiment loss=0.000000, reg loss=0.000000, step=61740
Dev:   final loss=0.230838, aspect loss=0.230838, opinion loss=0.000000, sentiment loss=0.000000, reg loss=0.000000, step=61740
Dev:   aspect f1=0.6005, opinion f1=0.0000, sentiment acc==0.0000, sentiment f1==0.0000, ABSA f1==0.0000,
Test:  aspect f1=0.6005, opinion f1=0.0000, sentiment acc==0.0000, sentiment f1==0.0000, ABSA f1==0.0000,
Current Max Metrics Index : 32 Current Min Loss Index : 9 Epoch Time: 0m 12s Tau : 0.27

-------------------------------------Iter45-------------------------------------
Train: final loss=0.533826, aspect loss=0.023364, opinion loss=0.000000, domain loss=0.501801, sentiment loss=0.000000, reg loss=0.000000, step=63112
Dev:   final loss=0.234278, aspect loss=0.234278, opinion loss=0.000000, sentiment loss=0.000000, reg loss=0.000000, step=63112
Dev:   aspect f1=0.6008, opinion f1=0.0000, sentiment acc==0.0000, sentiment f1==0.0000, ABSA f1==0.0000,
Test:  aspect f1=0.6008, opinion f1=0.0000, sentiment acc==0.0000, sentiment f1==0.0000, ABSA f1==0.0000,
Current Max Metrics Index : 32 Current Min Loss Index : 9 Epoch Time: 0m 12s Tau : 0.26

-------------------------------------Iter46-------------------------------------
Train: final loss=0.531063, aspect loss=0.022449, opinion loss=0.000000, domain loss=0.501632, sentiment loss=0.000000, reg loss=0.000000, step=64484
Dev:   final loss=0.252390, aspect loss=0.252390, opinion loss=0.000000, sentiment loss=0.000000, reg loss=0.000000, step=64484
Dev:   aspect f1=0.6011, opinion f1=0.0000, sentiment acc==0.0000, sentiment f1==0.0000, ABSA f1==0.0000,
Test:  aspect f1=0.6011, opinion f1=0.0000, sentiment acc==0.0000, sentiment f1==0.0000, ABSA f1==0.0000,
Current Max Metrics Index : 32 Current Min Loss Index : 9 Epoch Time: 0m 12s Tau : 0.25

-------------------------------------Iter47-------------------------------------
Train: final loss=0.534501, aspect loss=0.022430, opinion loss=0.000000, domain loss=0.502069, sentiment loss=0.000000, reg loss=0.000000, step=65856
Dev:   final loss=0.274263, aspect loss=0.274263, opinion loss=0.000000, sentiment loss=0.000000, reg loss=0.000000, step=65856
Dev:   aspect f1=0.6053, opinion f1=0.0000, sentiment acc==0.0000, sentiment f1==0.0000, ABSA f1==0.0000,
Test:  aspect f1=0.6053, opinion f1=0.0000, sentiment acc==0.0000, sentiment f1==0.0000, ABSA f1==0.0000,
Current Max Metrics Index : 32 Current Min Loss Index : 9 Epoch Time: 0m 12s Tau : 0.24

-------------------------------------Iter48-------------------------------------
Train: final loss=0.531105, aspect loss=0.021528, opinion loss=0.000000, domain loss=0.502056, sentiment loss=0.000000, reg loss=0.000000, step=67228
Dev:   final loss=0.269084, aspect loss=0.269084, opinion loss=0.000000, sentiment loss=0.000000, reg loss=0.000000, step=67228
Dev:   aspect f1=0.6074, opinion f1=0.0000, sentiment acc==0.0000, sentiment f1==0.0000, ABSA f1==0.0000,
Test:  aspect f1=0.6074, opinion f1=0.0000, sentiment acc==0.0000, sentiment f1==0.0000, ABSA f1==0.0000,
Current Max Metrics Index : 32 Current Min Loss Index : 9 Epoch Time: 0m 12s Tau : 0.24

-------------------------------------Iter49-------------------------------------
Train: final loss=0.531681, aspect loss=0.021818, opinion loss=0.000000, domain loss=0.502031, sentiment loss=0.000000, reg loss=0.000000, step=68600
Dev:   final loss=0.271643, aspect loss=0.271643, opinion loss=0.000000, sentiment loss=0.000000, reg loss=0.000000, step=68600
Dev:   aspect f1=0.6051, opinion f1=0.0000, sentiment acc==0.0000, sentiment f1==0.0000, ABSA f1==0.0000,
Test:  aspect f1=0.6051, opinion f1=0.0000, sentiment acc==0.0000, sentiment f1==0.0000, ABSA f1==0.0000,
Current Max Metrics Index : 32 Current Min Loss Index : 9 Epoch Time: 0m 12s Tau : 0.23

-------------------------------------Iter50-------------------------------------
Train: final loss=0.531501, aspect loss=0.022075, opinion loss=0.000000, domain loss=0.501971, sentiment loss=0.000000, reg loss=0.000000, step=69972
Dev:   final loss=0.258794, aspect loss=0.258794, opinion loss=0.000000, sentiment loss=0.000000, reg loss=0.000000, step=69972
Dev:   aspect f1=0.6008, opinion f1=0.0000, sentiment acc==0.0000, sentiment f1==0.0000, ABSA f1==0.0000,
Test:  aspect f1=0.6008, opinion f1=0.0000, sentiment acc==0.0000, sentiment f1==0.0000, ABSA f1==0.0000,
Current Max Metrics Index : 32 Current Min Loss Index : 9 Epoch Time: 0m 12s Tau : 0.22

-------------------------------------Iter51-------------------------------------
Train: final loss=0.530859, aspect loss=0.021133, opinion loss=0.000000, domain loss=0.501834, sentiment loss=0.000000, reg loss=0.000000, step=71344
Dev:   final loss=0.246709, aspect loss=0.246709, opinion loss=0.000000, sentiment loss=0.000000, reg loss=0.000000, step=71344
Dev:   aspect f1=0.6094, opinion f1=0.0000, sentiment acc==0.0000, sentiment f1==0.0000, ABSA f1==0.0000,
Test:  aspect f1=0.6094, opinion f1=0.0000, sentiment acc==0.0000, sentiment f1==0.0000, ABSA f1==0.0000,
Current Max Metrics Index : 32 Current Min Loss Index : 9 Epoch Time: 0m 12s Tau : 0.22

-------------------------------------Iter52-------------------------------------
Train: final loss=0.531871, aspect loss=0.020996, opinion loss=0.000000, domain loss=0.501980, sentiment loss=0.000000, reg loss=0.000000, step=72716
Dev:   final loss=0.237901, aspect loss=0.237901, opinion loss=0.000000, sentiment loss=0.000000, reg loss=0.000000, step=72716
Dev:   aspect f1=0.6004, opinion f1=0.0000, sentiment acc==0.0000, sentiment f1==0.0000, ABSA f1==0.0000,
Test:  aspect f1=0.6004, opinion f1=0.0000, sentiment acc==0.0000, sentiment f1==0.0000, ABSA f1==0.0000,
Current Max Metrics Index : 32 Current Min Loss Index : 9 Epoch Time: 0m 12s Tau : 0.21

-------------------------------------Iter53-------------------------------------
Train: final loss=0.529317, aspect loss=0.020686, opinion loss=0.000000, domain loss=0.501887, sentiment loss=0.000000, reg loss=0.000000, step=74088
Dev:   final loss=0.246237, aspect loss=0.246237, opinion loss=0.000000, sentiment loss=0.000000, reg loss=0.000000, step=74088
Dev:   aspect f1=0.6068, opinion f1=0.0000, sentiment acc==0.0000, sentiment f1==0.0000, ABSA f1==0.0000,
Test:  aspect f1=0.6068, opinion f1=0.0000, sentiment acc==0.0000, sentiment f1==0.0000, ABSA f1==0.0000,
Current Max Metrics Index : 32 Current Min Loss Index : 9 Epoch Time: 0m 12s Tau : 0.20

-------------------------------------Iter54-------------------------------------
Train: final loss=0.532193, aspect loss=0.020959, opinion loss=0.000000, domain loss=0.502049, sentiment loss=0.000000, reg loss=0.000000, step=75460
Dev:   final loss=0.233498, aspect loss=0.233498, opinion loss=0.000000, sentiment loss=0.000000, reg loss=0.000000, step=75460
Dev:   aspect f1=0.5943, opinion f1=0.0000, sentiment acc==0.0000, sentiment f1==0.0000, ABSA f1==0.0000,
Test:  aspect f1=0.5943, opinion f1=0.0000, sentiment acc==0.0000, sentiment f1==0.0000, ABSA f1==0.0000,
Current Max Metrics Index : 32 Current Min Loss Index : 9 Epoch Time: 0m 12s Tau : 0.20

-------------------------------------Iter55-------------------------------------
Train: final loss=0.530327, aspect loss=0.020222, opinion loss=0.000000, domain loss=0.502049, sentiment loss=0.000000, reg loss=0.000000, step=76832
Dev:   final loss=0.260386, aspect loss=0.260386, opinion loss=0.000000, sentiment loss=0.000000, reg loss=0.000000, step=76832
Dev:   aspect f1=0.5831, opinion f1=0.0000, sentiment acc==0.0000, sentiment f1==0.0000, ABSA f1==0.0000,
Test:  aspect f1=0.5831, opinion f1=0.0000, sentiment acc==0.0000, sentiment f1==0.0000, ABSA f1==0.0000,
Current Max Metrics Index : 32 Current Min Loss Index : 9 Epoch Time: 0m 12s Tau : 0.19

-------------------------------------Iter56-------------------------------------
Train: final loss=0.528954, aspect loss=0.020238, opinion loss=0.000000, domain loss=0.502213, sentiment loss=0.000000, reg loss=0.000000, step=78204
Dev:   final loss=0.276592, aspect loss=0.276592, opinion loss=0.000000, sentiment loss=0.000000, reg loss=0.000000, step=78204
Dev:   aspect f1=0.5910, opinion f1=0.0000, sentiment acc==0.0000, sentiment f1==0.0000, ABSA f1==0.0000,
Test:  aspect f1=0.5910, opinion f1=0.0000, sentiment acc==0.0000, sentiment f1==0.0000, ABSA f1==0.0000,
Current Max Metrics Index : 32 Current Min Loss Index : 9 Epoch Time: 0m 12s Tau : 0.19

-------------------------------------Iter57-------------------------------------
Train: final loss=0.529655, aspect loss=0.019709, opinion loss=0.000000, domain loss=0.502164, sentiment loss=0.000000, reg loss=0.000000, step=79576
Dev:   final loss=0.264419, aspect loss=0.264419, opinion loss=0.000000, sentiment loss=0.000000, reg loss=0.000000, step=79576
Dev:   aspect f1=0.6050, opinion f1=0.0000, sentiment acc==0.0000, sentiment f1==0.0000, ABSA f1==0.0000,
Test:  aspect f1=0.6050, opinion f1=0.0000, sentiment acc==0.0000, sentiment f1==0.0000, ABSA f1==0.0000,
Current Max Metrics Index : 32 Current Min Loss Index : 9 Epoch Time: 0m 12s Tau : 0.18

-------------------------------------Iter58-------------------------------------
Train: final loss=0.531018, aspect loss=0.019449, opinion loss=0.000000, domain loss=0.501963, sentiment loss=0.000000, reg loss=0.000000, step=80948
Dev:   final loss=0.261937, aspect loss=0.261937, opinion loss=0.000000, sentiment loss=0.000000, reg loss=0.000000, step=80948
Dev:   aspect f1=0.5970, opinion f1=0.0000, sentiment acc==0.0000, sentiment f1==0.0000, ABSA f1==0.0000,
Test:  aspect f1=0.5970, opinion f1=0.0000, sentiment acc==0.0000, sentiment f1==0.0000, ABSA f1==0.0000,
Current Max Metrics Index : 32 Current Min Loss Index : 9 Epoch Time: 0m 12s Tau : 0.18

-------------------------------------Iter59-------------------------------------
Train: final loss=0.530378, aspect loss=0.020214, opinion loss=0.000000, domain loss=0.501806, sentiment loss=0.000000, reg loss=0.000000, step=82320
Dev:   final loss=0.267283, aspect loss=0.267283, opinion loss=0.000000, sentiment loss=0.000000, reg loss=0.000000, step=82320
Dev:   aspect f1=0.5967, opinion f1=0.0000, sentiment acc==0.0000, sentiment f1==0.0000, ABSA f1==0.0000,
Test:  aspect f1=0.5967, opinion f1=0.0000, sentiment acc==0.0000, sentiment f1==0.0000, ABSA f1==0.0000,
Current Max Metrics Index : 32 Current Min Loss Index : 9 Epoch Time: 0m 12s Tau : 0.17

-------------------------------------Iter60-------------------------------------
Train: final loss=0.529619, aspect loss=0.019242, opinion loss=0.000000, domain loss=0.501973, sentiment loss=0.000000, reg loss=0.000000, step=83692
Dev:   final loss=0.279420, aspect loss=0.279420, opinion loss=0.000000, sentiment loss=0.000000, reg loss=0.000000, step=83692
Dev:   aspect f1=0.5932, opinion f1=0.0000, sentiment acc==0.0000, sentiment f1==0.0000, ABSA f1==0.0000,
Test:  aspect f1=0.5932, opinion f1=0.0000, sentiment acc==0.0000, sentiment f1==0.0000, ABSA f1==0.0000,
Current Max Metrics Index : 32 Current Min Loss Index : 9 Epoch Time: 0m 12s Tau : 0.17

-------------------------------------Iter61-------------------------------------
Train: final loss=0.529973, aspect loss=0.018771, opinion loss=0.000000, domain loss=0.501918, sentiment loss=0.000000, reg loss=0.000000, step=85064
Dev:   final loss=0.259217, aspect loss=0.259217, opinion loss=0.000000, sentiment loss=0.000000, reg loss=0.000000, step=85064
Dev:   aspect f1=0.6021, opinion f1=0.0000, sentiment acc==0.0000, sentiment f1==0.0000, ABSA f1==0.0000,
Test:  aspect f1=0.6021, opinion f1=0.0000, sentiment acc==0.0000, sentiment f1==0.0000, ABSA f1==0.0000,
Current Max Metrics Index : 32 Current Min Loss Index : 9 Epoch Time: 0m 12s Tau : 0.16

-------------------------------------Iter62-------------------------------------
Train: final loss=0.528427, aspect loss=0.019068, opinion loss=0.000000, domain loss=0.501832, sentiment loss=0.000000, reg loss=0.000000, step=86436
Dev:   final loss=0.253617, aspect loss=0.253617, opinion loss=0.000000, sentiment loss=0.000000, reg loss=0.000000, step=86436
Dev:   aspect f1=0.6112, opinion f1=0.0000, sentiment acc==0.0000, sentiment f1==0.0000, ABSA f1==0.0000,
Test:  aspect f1=0.6112, opinion f1=0.0000, sentiment acc==0.0000, sentiment f1==0.0000, ABSA f1==0.0000,
Current Max Metrics Index : 62 Current Min Loss Index : 9 Epoch Time: 0m 12s Tau : 0.16
>> Checkpoint Saved: state_dict/device-to-restaurant/[SemBridge]-ATE-F1-0.6112.pth

-------------------------------------Iter63-------------------------------------
Train: final loss=0.528494, aspect loss=0.017893, opinion loss=0.000000, domain loss=0.501736, sentiment loss=0.000000, reg loss=0.000000, step=87808
Dev:   final loss=0.272870, aspect loss=0.272870, opinion loss=0.000000, sentiment loss=0.000000, reg loss=0.000000, step=87808
Dev:   aspect f1=0.5964, opinion f1=0.0000, sentiment acc==0.0000, sentiment f1==0.0000, ABSA f1==0.0000,
Test:  aspect f1=0.5964, opinion f1=0.0000, sentiment acc==0.0000, sentiment f1==0.0000, ABSA f1==0.0000,
Current Max Metrics Index : 62 Current Min Loss Index : 9 Epoch Time: 0m 12s Tau : 0.15

-------------------------------------Iter64-------------------------------------
Train: final loss=0.529850, aspect loss=0.018721, opinion loss=0.000000, domain loss=0.501920, sentiment loss=0.000000, reg loss=0.000000, step=89180
Dev:   final loss=0.265222, aspect loss=0.265222, opinion loss=0.000000, sentiment loss=0.000000, reg loss=0.000000, step=89180
Dev:   aspect f1=0.6010, opinion f1=0.0000, sentiment acc==0.0000, sentiment f1==0.0000, ABSA f1==0.0000,
Test:  aspect f1=0.6010, opinion f1=0.0000, sentiment acc==0.0000, sentiment f1==0.0000, ABSA f1==0.0000,
Current Max Metrics Index : 62 Current Min Loss Index : 9 Epoch Time: 0m 12s Tau : 0.15

-------------------------------------Iter65-------------------------------------
Train: final loss=0.528616, aspect loss=0.018306, opinion loss=0.000000, domain loss=0.501442, sentiment loss=0.000000, reg loss=0.000000, step=90552
Dev:   final loss=0.238081, aspect loss=0.238081, opinion loss=0.000000, sentiment loss=0.000000, reg loss=0.000000, step=90552
Dev:   aspect f1=0.6067, opinion f1=0.0000, sentiment acc==0.0000, sentiment f1==0.0000, ABSA f1==0.0000,
Test:  aspect f1=0.6067, opinion f1=0.0000, sentiment acc==0.0000, sentiment f1==0.0000, ABSA f1==0.0000,
Current Max Metrics Index : 62 Current Min Loss Index : 9 Epoch Time: 0m 12s Tau : 0.14

-------------------------------------Iter66-------------------------------------
Train: final loss=0.522252, aspect loss=0.017552, opinion loss=0.000000, domain loss=0.502130, sentiment loss=0.000000, reg loss=0.000000, step=91924
Dev:   final loss=0.276556, aspect loss=0.276556, opinion loss=0.000000, sentiment loss=0.000000, reg loss=0.000000, step=91924
Dev:   aspect f1=0.6027, opinion f1=0.0000, sentiment acc==0.0000, sentiment f1==0.0000, ABSA f1==0.0000,
Test:  aspect f1=0.6027, opinion f1=0.0000, sentiment acc==0.0000, sentiment f1==0.0000, ABSA f1==0.0000,
Current Max Metrics Index : 62 Current Min Loss Index : 9 Epoch Time: 0m 12s Tau : 0.14

-------------------------------------Iter67-------------------------------------
Train: final loss=0.528456, aspect loss=0.017532, opinion loss=0.000000, domain loss=0.502060, sentiment loss=0.000000, reg loss=0.000000, step=93296
Dev:   final loss=0.266385, aspect loss=0.266385, opinion loss=0.000000, sentiment loss=0.000000, reg loss=0.000000, step=93296
Dev:   aspect f1=0.6002, opinion f1=0.0000, sentiment acc==0.0000, sentiment f1==0.0000, ABSA f1==0.0000,
Test:  aspect f1=0.6002, opinion f1=0.0000, sentiment acc==0.0000, sentiment f1==0.0000, ABSA f1==0.0000,
Current Max Metrics Index : 62 Current Min Loss Index : 9 Epoch Time: 0m 12s Tau : 0.13

-------------------------------------Iter68-------------------------------------
Train: final loss=0.528244, aspect loss=0.016862, opinion loss=0.000000, domain loss=0.501839, sentiment loss=0.000000, reg loss=0.000000, step=94668
Dev:   final loss=0.254258, aspect loss=0.254258, opinion loss=0.000000, sentiment loss=0.000000, reg loss=0.000000, step=94668
Dev:   aspect f1=0.5970, opinion f1=0.0000, sentiment acc==0.0000, sentiment f1==0.0000, ABSA f1==0.0000,
Test:  aspect f1=0.5970, opinion f1=0.0000, sentiment acc==0.0000, sentiment f1==0.0000, ABSA f1==0.0000,
Current Max Metrics Index : 62 Current Min Loss Index : 9 Epoch Time: 0m 12s Tau : 0.13

-------------------------------------Iter69-------------------------------------
Train: final loss=0.527128, aspect loss=0.017523, opinion loss=0.000000, domain loss=0.502139, sentiment loss=0.000000, reg loss=0.000000, step=96040
Dev:   final loss=0.267607, aspect loss=0.267607, opinion loss=0.000000, sentiment loss=0.000000, reg loss=0.000000, step=96040
Dev:   aspect f1=0.5970, opinion f1=0.0000, sentiment acc==0.0000, sentiment f1==0.0000, ABSA f1==0.0000,
Test:  aspect f1=0.5970, opinion f1=0.0000, sentiment acc==0.0000, sentiment f1==0.0000, ABSA f1==0.0000,
Current Max Metrics Index : 62 Current Min Loss Index : 9 Epoch Time: 0m 12s Tau : 0.13

-------------------------------------Iter70-------------------------------------
Train: final loss=0.528069, aspect loss=0.017106, opinion loss=0.000000, domain loss=0.501910, sentiment loss=0.000000, reg loss=0.000000, step=97412
Dev:   final loss=0.251072, aspect loss=0.251072, opinion loss=0.000000, sentiment loss=0.000000, reg loss=0.000000, step=97412
Dev:   aspect f1=0.6107, opinion f1=0.0000, sentiment acc==0.0000, sentiment f1==0.0000, ABSA f1==0.0000,
Test:  aspect f1=0.6107, opinion f1=0.0000, sentiment acc==0.0000, sentiment f1==0.0000, ABSA f1==0.0000,
Current Max Metrics Index : 62 Current Min Loss Index : 9 Epoch Time: 0m 12s Tau : 0.12

-------------------------------------Iter71-------------------------------------
Train: final loss=0.527470, aspect loss=0.016313, opinion loss=0.000000, domain loss=0.501928, sentiment loss=0.000000, reg loss=0.000000, step=98784
Dev:   final loss=0.270604, aspect loss=0.270604, opinion loss=0.000000, sentiment loss=0.000000, reg loss=0.000000, step=98784
Dev:   aspect f1=0.6093, opinion f1=0.0000, sentiment acc==0.0000, sentiment f1==0.0000, ABSA f1==0.0000,
Test:  aspect f1=0.6093, opinion f1=0.0000, sentiment acc==0.0000, sentiment f1==0.0000, ABSA f1==0.0000,
Current Max Metrics Index : 62 Current Min Loss Index : 9 Epoch Time: 0m 12s Tau : 0.12

-------------------------------------Iter72-------------------------------------
Train: final loss=0.528338, aspect loss=0.017069, opinion loss=0.000000, domain loss=0.501847, sentiment loss=0.000000, reg loss=0.000000, step=100156
Dev:   final loss=0.270079, aspect loss=0.270079, opinion loss=0.000000, sentiment loss=0.000000, reg loss=0.000000, step=100156
Dev:   aspect f1=0.5965, opinion f1=0.0000, sentiment acc==0.0000, sentiment f1==0.0000, ABSA f1==0.0000,
Test:  aspect f1=0.5965, opinion f1=0.0000, sentiment acc==0.0000, sentiment f1==0.0000, ABSA f1==0.0000,
Current Max Metrics Index : 62 Current Min Loss Index : 9 Epoch Time: 0m 12s Tau : 0.12

-------------------------------------Iter73-------------------------------------
Train: final loss=0.525814, aspect loss=0.016364, opinion loss=0.000000, domain loss=0.501630, sentiment loss=0.000000, reg loss=0.000000, step=101528
Dev:   final loss=0.284254, aspect loss=0.284254, opinion loss=0.000000, sentiment loss=0.000000, reg loss=0.000000, step=101528
Dev:   aspect f1=0.5936, opinion f1=0.0000, sentiment acc==0.0000, sentiment f1==0.0000, ABSA f1==0.0000,
Test:  aspect f1=0.5936, opinion f1=0.0000, sentiment acc==0.0000, sentiment f1==0.0000, ABSA f1==0.0000,
Current Max Metrics Index : 62 Current Min Loss Index : 9 Epoch Time: 0m 12s Tau : 0.11

-------------------------------------Iter74-------------------------------------
Train: final loss=0.528520, aspect loss=0.016582, opinion loss=0.000000, domain loss=0.501812, sentiment loss=0.000000, reg loss=0.000000, step=102900
Dev:   final loss=0.260290, aspect loss=0.260290, opinion loss=0.000000, sentiment loss=0.000000, reg loss=0.000000, step=102900
Dev:   aspect f1=0.5905, opinion f1=0.0000, sentiment acc==0.0000, sentiment f1==0.0000, ABSA f1==0.0000,
Test:  aspect f1=0.5905, opinion f1=0.0000, sentiment acc==0.0000, sentiment f1==0.0000, ABSA f1==0.0000,
Current Max Metrics Index : 62 Current Min Loss Index : 9 Epoch Time: 0m 12s Tau : 0.11

-------------------------------------Iter75-------------------------------------
Train: final loss=0.524660, aspect loss=0.016073, opinion loss=0.000000, domain loss=0.501934, sentiment loss=0.000000, reg loss=0.000000, step=104272
Dev:   final loss=0.291491, aspect loss=0.291491, opinion loss=0.000000, sentiment loss=0.000000, reg loss=0.000000, step=104272
Dev:   aspect f1=0.5991, opinion f1=0.0000, sentiment acc==0.0000, sentiment f1==0.0000, ABSA f1==0.0000,
Test:  aspect f1=0.5991, opinion f1=0.0000, sentiment acc==0.0000, sentiment f1==0.0000, ABSA f1==0.0000,
Current Max Metrics Index : 62 Current Min Loss Index : 9 Epoch Time: 0m 12s Tau : 0.11

-------------------------------------Iter76-------------------------------------
Train: final loss=0.528047, aspect loss=0.016477, opinion loss=0.000000, domain loss=0.502007, sentiment loss=0.000000, reg loss=0.000000, step=105644
Dev:   final loss=0.279395, aspect loss=0.279395, opinion loss=0.000000, sentiment loss=0.000000, reg loss=0.000000, step=105644
Dev:   aspect f1=0.5949, opinion f1=0.0000, sentiment acc==0.0000, sentiment f1==0.0000, ABSA f1==0.0000,
Test:  aspect f1=0.5949, opinion f1=0.0000, sentiment acc==0.0000, sentiment f1==0.0000, ABSA f1==0.0000,
Current Max Metrics Index : 62 Current Min Loss Index : 9 Epoch Time: 0m 12s Tau : 0.10

-------------------------------------Iter77-------------------------------------
Train: final loss=0.528958, aspect loss=0.016333, opinion loss=0.000000, domain loss=0.502082, sentiment loss=0.000000, reg loss=0.000000, step=107016
Dev:   final loss=0.254632, aspect loss=0.254632, opinion loss=0.000000, sentiment loss=0.000000, reg loss=0.000000, step=107016
Dev:   aspect f1=0.6096, opinion f1=0.0000, sentiment acc==0.0000, sentiment f1==0.0000, ABSA f1==0.0000,
Test:  aspect f1=0.6096, opinion f1=0.0000, sentiment acc==0.0000, sentiment f1==0.0000, ABSA f1==0.0000,
Current Max Metrics Index : 62 Current Min Loss Index : 9 Epoch Time: 0m 12s Tau : 0.10

-------------------------------------Iter78-------------------------------------
Train: final loss=0.524502, aspect loss=0.015765, opinion loss=0.000000, domain loss=0.501832, sentiment loss=0.000000, reg loss=0.000000, step=108388
Dev:   final loss=0.288496, aspect loss=0.288496, opinion loss=0.000000, sentiment loss=0.000000, reg loss=0.000000, step=108388
Dev:   aspect f1=0.5974, opinion f1=0.0000, sentiment acc==0.0000, sentiment f1==0.0000, ABSA f1==0.0000,
Test:  aspect f1=0.5974, opinion f1=0.0000, sentiment acc==0.0000, sentiment f1==0.0000, ABSA f1==0.0000,
Current Max Metrics Index : 62 Current Min Loss Index : 9 Epoch Time: 0m 12s Tau : 0.10

-------------------------------------Iter79-------------------------------------
Train: final loss=0.526144, aspect loss=0.015066, opinion loss=0.000000, domain loss=0.501780, sentiment loss=0.000000, reg loss=0.000000, step=109760
Dev:   final loss=0.262387, aspect loss=0.262387, opinion loss=0.000000, sentiment loss=0.000000, reg loss=0.000000, step=109760
Dev:   aspect f1=0.5961, opinion f1=0.0000, sentiment acc==0.0000, sentiment f1==0.0000, ABSA f1==0.0000,
Test:  aspect f1=0.5961, opinion f1=0.0000, sentiment acc==0.0000, sentiment f1==0.0000, ABSA f1==0.0000,
Current Max Metrics Index : 62 Current Min Loss Index : 9 Epoch Time: 0m 12s Tau : 0.10

-------------------------------------Iter80-------------------------------------
Train: final loss=0.523382, aspect loss=0.014697, opinion loss=0.000000, domain loss=0.501816, sentiment loss=0.000000, reg loss=0.000000, step=111132
Dev:   final loss=0.272538, aspect loss=0.272538, opinion loss=0.000000, sentiment loss=0.000000, reg loss=0.000000, step=111132
Dev:   aspect f1=0.6024, opinion f1=0.0000, sentiment acc==0.0000, sentiment f1==0.0000, ABSA f1==0.0000,
Test:  aspect f1=0.6024, opinion f1=0.0000, sentiment acc==0.0000, sentiment f1==0.0000, ABSA f1==0.0000,
Current Max Metrics Index : 62 Current Min Loss Index : 9 Epoch Time: 0m 12s Tau : 0.10

-------------------------------------Iter81-------------------------------------
Train: final loss=0.523871, aspect loss=0.015378, opinion loss=0.000000, domain loss=0.501794, sentiment loss=0.000000, reg loss=0.000000, step=112504
Dev:   final loss=0.288318, aspect loss=0.288318, opinion loss=0.000000, sentiment loss=0.000000, reg loss=0.000000, step=112504
Dev:   aspect f1=0.5981, opinion f1=0.0000, sentiment acc==0.0000, sentiment f1==0.0000, ABSA f1==0.0000,
Test:  aspect f1=0.5981, opinion f1=0.0000, sentiment acc==0.0000, sentiment f1==0.0000, ABSA f1==0.0000,
Current Max Metrics Index : 62 Current Min Loss Index : 9 Epoch Time: 0m 12s Tau : 0.10

-------------------------------------Iter82-------------------------------------
Train: final loss=0.525453, aspect loss=0.015164, opinion loss=0.000000, domain loss=0.501936, sentiment loss=0.000000, reg loss=0.000000, step=113876
Dev:   final loss=0.277294, aspect loss=0.277294, opinion loss=0.000000, sentiment loss=0.000000, reg loss=0.000000, step=113876
Dev:   aspect f1=0.5946, opinion f1=0.0000, sentiment acc==0.0000, sentiment f1==0.0000, ABSA f1==0.0000,
Test:  aspect f1=0.5946, opinion f1=0.0000, sentiment acc==0.0000, sentiment f1==0.0000, ABSA f1==0.0000,
Current Max Metrics Index : 62 Current Min Loss Index : 9 Epoch Time: 0m 12s Tau : 0.10

-------------------------------------Iter83-------------------------------------
Train: final loss=0.526298, aspect loss=0.014674, opinion loss=0.000000, domain loss=0.502106, sentiment loss=0.000000, reg loss=0.000000, step=115248
Dev:   final loss=0.277977, aspect loss=0.277977, opinion loss=0.000000, sentiment loss=0.000000, reg loss=0.000000, step=115248
Dev:   aspect f1=0.5890, opinion f1=0.0000, sentiment acc==0.0000, sentiment f1==0.0000, ABSA f1==0.0000,
Test:  aspect f1=0.5890, opinion f1=0.0000, sentiment acc==0.0000, sentiment f1==0.0000, ABSA f1==0.0000,
Current Max Metrics Index : 62 Current Min Loss Index : 9 Epoch Time: 0m 12s Tau : 0.10

-------------------------------------Iter84-------------------------------------
Train: final loss=0.523359, aspect loss=0.015525, opinion loss=0.000000, domain loss=0.501754, sentiment loss=0.000000, reg loss=0.000000, step=116620
Dev:   final loss=0.269016, aspect loss=0.269016, opinion loss=0.000000, sentiment loss=0.000000, reg loss=0.000000, step=116620
Dev:   aspect f1=0.5879, opinion f1=0.0000, sentiment acc==0.0000, sentiment f1==0.0000, ABSA f1==0.0000,
Test:  aspect f1=0.5879, opinion f1=0.0000, sentiment acc==0.0000, sentiment f1==0.0000, ABSA f1==0.0000,
Current Max Metrics Index : 62 Current Min Loss Index : 9 Epoch Time: 0m 12s Tau : 0.10

-------------------------------------Iter85-------------------------------------
Train: final loss=0.524163, aspect loss=0.014478, opinion loss=0.000000, domain loss=0.501991, sentiment loss=0.000000, reg loss=0.000000, step=117992
Dev:   final loss=0.271038, aspect loss=0.271038, opinion loss=0.000000, sentiment loss=0.000000, reg loss=0.000000, step=117992
Dev:   aspect f1=0.6023, opinion f1=0.0000, sentiment acc==0.0000, sentiment f1==0.0000, ABSA f1==0.0000,
Test:  aspect f1=0.6023, opinion f1=0.0000, sentiment acc==0.0000, sentiment f1==0.0000, ABSA f1==0.0000,
Current Max Metrics Index : 62 Current Min Loss Index : 9 Epoch Time: 0m 12s Tau : 0.10

-------------------------------------Iter86-------------------------------------
Train: final loss=0.525729, aspect loss=0.014023, opinion loss=0.000000, domain loss=0.501922, sentiment loss=0.000000, reg loss=0.000000, step=119364
Dev:   final loss=0.288806, aspect loss=0.288806, opinion loss=0.000000, sentiment loss=0.000000, reg loss=0.000000, step=119364
Dev:   aspect f1=0.6007, opinion f1=0.0000, sentiment acc==0.0000, sentiment f1==0.0000, ABSA f1==0.0000,
Test:  aspect f1=0.6007, opinion f1=0.0000, sentiment acc==0.0000, sentiment f1==0.0000, ABSA f1==0.0000,
Current Max Metrics Index : 62 Current Min Loss Index : 9 Epoch Time: 0m 12s Tau : 0.10

-------------------------------------Iter87-------------------------------------
Train: final loss=0.523687, aspect loss=0.015055, opinion loss=0.000000, domain loss=0.501914, sentiment loss=0.000000, reg loss=0.000000, step=120736
Dev:   final loss=0.271706, aspect loss=0.271706, opinion loss=0.000000, sentiment loss=0.000000, reg loss=0.000000, step=120736
Dev:   aspect f1=0.5932, opinion f1=0.0000, sentiment acc==0.0000, sentiment f1==0.0000, ABSA f1==0.0000,
Test:  aspect f1=0.5932, opinion f1=0.0000, sentiment acc==0.0000, sentiment f1==0.0000, ABSA f1==0.0000,
Current Max Metrics Index : 62 Current Min Loss Index : 9 Epoch Time: 0m 12s Tau : 0.10

-------------------------------------Iter88-------------------------------------
Train: final loss=0.523379, aspect loss=0.014243, opinion loss=0.000000, domain loss=0.501347, sentiment loss=0.000000, reg loss=0.000000, step=122108
Dev:   final loss=0.257285, aspect loss=0.257285, opinion loss=0.000000, sentiment loss=0.000000, reg loss=0.000000, step=122108
Dev:   aspect f1=0.5956, opinion f1=0.0000, sentiment acc==0.0000, sentiment f1==0.0000, ABSA f1==0.0000,
Test:  aspect f1=0.5956, opinion f1=0.0000, sentiment acc==0.0000, sentiment f1==0.0000, ABSA f1==0.0000,
Current Max Metrics Index : 62 Current Min Loss Index : 9 Epoch Time: 0m 12s Tau : 0.10

-------------------------------------Iter89-------------------------------------
Train: final loss=0.527047, aspect loss=0.014221, opinion loss=0.000000, domain loss=0.502219, sentiment loss=0.000000, reg loss=0.000000, step=123480
Dev:   final loss=0.265248, aspect loss=0.265248, opinion loss=0.000000, sentiment loss=0.000000, reg loss=0.000000, step=123480
Dev:   aspect f1=0.5841, opinion f1=0.0000, sentiment acc==0.0000, sentiment f1==0.0000, ABSA f1==0.0000,
Test:  aspect f1=0.5841, opinion f1=0.0000, sentiment acc==0.0000, sentiment f1==0.0000, ABSA f1==0.0000,
Current Max Metrics Index : 62 Current Min Loss Index : 9 Epoch Time: 0m 12s Tau : 0.10

-------------------------------------Iter90-------------------------------------
Train: final loss=0.524953, aspect loss=0.014519, opinion loss=0.000000, domain loss=0.501936, sentiment loss=0.000000, reg loss=0.000000, step=124852
Dev:   final loss=0.273858, aspect loss=0.273858, opinion loss=0.000000, sentiment loss=0.000000, reg loss=0.000000, step=124852
Dev:   aspect f1=0.5917, opinion f1=0.0000, sentiment acc==0.0000, sentiment f1==0.0000, ABSA f1==0.0000,
Test:  aspect f1=0.5917, opinion f1=0.0000, sentiment acc==0.0000, sentiment f1==0.0000, ABSA f1==0.0000,
Current Max Metrics Index : 62 Current Min Loss Index : 9 Epoch Time: 0m 12s Tau : 0.10

-------------------------------------Iter91-------------------------------------
Train: final loss=0.528226, aspect loss=0.013884, opinion loss=0.000000, domain loss=0.501923, sentiment loss=0.000000, reg loss=0.000000, step=126224
Dev:   final loss=0.281129, aspect loss=0.281129, opinion loss=0.000000, sentiment loss=0.000000, reg loss=0.000000, step=126224
Dev:   aspect f1=0.5816, opinion f1=0.0000, sentiment acc==0.0000, sentiment f1==0.0000, ABSA f1==0.0000,
Test:  aspect f1=0.5816, opinion f1=0.0000, sentiment acc==0.0000, sentiment f1==0.0000, ABSA f1==0.0000,
Current Max Metrics Index : 62 Current Min Loss Index : 9 Epoch Time: 0m 12s Tau : 0.10

-------------------------------------Iter92-------------------------------------
Train: final loss=0.521867, aspect loss=0.013788, opinion loss=0.000000, domain loss=0.502034, sentiment loss=0.000000, reg loss=0.000000, step=127596
Dev:   final loss=0.291239, aspect loss=0.291239, opinion loss=0.000000, sentiment loss=0.000000, reg loss=0.000000, step=127596
Dev:   aspect f1=0.5823, opinion f1=0.0000, sentiment acc==0.0000, sentiment f1==0.0000, ABSA f1==0.0000,
Test:  aspect f1=0.5823, opinion f1=0.0000, sentiment acc==0.0000, sentiment f1==0.0000, ABSA f1==0.0000,
Current Max Metrics Index : 62 Current Min Loss Index : 9 Epoch Time: 0m 12s Tau : 0.10

-------------------------------------Iter93-------------------------------------
Train: final loss=0.523880, aspect loss=0.014031, opinion loss=0.000000, domain loss=0.501698, sentiment loss=0.000000, reg loss=0.000000, step=128968
Dev:   final loss=0.274566, aspect loss=0.274566, opinion loss=0.000000, sentiment loss=0.000000, reg loss=0.000000, step=128968
Dev:   aspect f1=0.6009, opinion f1=0.0000, sentiment acc==0.0000, sentiment f1==0.0000, ABSA f1==0.0000,
Test:  aspect f1=0.6009, opinion f1=0.0000, sentiment acc==0.0000, sentiment f1==0.0000, ABSA f1==0.0000,
Current Max Metrics Index : 62 Current Min Loss Index : 9 Epoch Time: 0m 12s Tau : 0.10

-------------------------------------Iter94-------------------------------------
Train: final loss=0.522779, aspect loss=0.014341, opinion loss=0.000000, domain loss=0.501644, sentiment loss=0.000000, reg loss=0.000000, step=130340
Dev:   final loss=0.253978, aspect loss=0.253978, opinion loss=0.000000, sentiment loss=0.000000, reg loss=0.000000, step=130340
Dev:   aspect f1=0.5895, opinion f1=0.0000, sentiment acc==0.0000, sentiment f1==0.0000, ABSA f1==0.0000,
Test:  aspect f1=0.5895, opinion f1=0.0000, sentiment acc==0.0000, sentiment f1==0.0000, ABSA f1==0.0000,
Current Max Metrics Index : 62 Current Min Loss Index : 9 Epoch Time: 0m 12s Tau : 0.10

-------------------------------------Iter95-------------------------------------
Train: final loss=0.524653, aspect loss=0.013479, opinion loss=0.000000, domain loss=0.501438, sentiment loss=0.000000, reg loss=0.000000, step=131712
Dev:   final loss=0.276068, aspect loss=0.276068, opinion loss=0.000000, sentiment loss=0.000000, reg loss=0.000000, step=131712
Dev:   aspect f1=0.6009, opinion f1=0.0000, sentiment acc==0.0000, sentiment f1==0.0000, ABSA f1==0.0000,
Test:  aspect f1=0.6009, opinion f1=0.0000, sentiment acc==0.0000, sentiment f1==0.0000, ABSA f1==0.0000,
Current Max Metrics Index : 62 Current Min Loss Index : 9 Epoch Time: 0m 12s Tau : 0.10

-------------------------------------Iter96-------------------------------------
Train: final loss=0.525155, aspect loss=0.014194, opinion loss=0.000000, domain loss=0.501975, sentiment loss=0.000000, reg loss=0.000000, step=133084
Dev:   final loss=0.277614, aspect loss=0.277614, opinion loss=0.000000, sentiment loss=0.000000, reg loss=0.000000, step=133084
Dev:   aspect f1=0.6032, opinion f1=0.0000, sentiment acc==0.0000, sentiment f1==0.0000, ABSA f1==0.0000,
Test:  aspect f1=0.6032, opinion f1=0.0000, sentiment acc==0.0000, sentiment f1==0.0000, ABSA f1==0.0000,
Current Max Metrics Index : 62 Current Min Loss Index : 9 Epoch Time: 0m 12s Tau : 0.10

-------------------------------------Iter97-------------------------------------
Train: final loss=0.523713, aspect loss=0.013636, opinion loss=0.000000, domain loss=0.502091, sentiment loss=0.000000, reg loss=0.000000, step=134456
Dev:   final loss=0.271222, aspect loss=0.271222, opinion loss=0.000000, sentiment loss=0.000000, reg loss=0.000000, step=134456
Dev:   aspect f1=0.5977, opinion f1=0.0000, sentiment acc==0.0000, sentiment f1==0.0000, ABSA f1==0.0000,
Test:  aspect f1=0.5977, opinion f1=0.0000, sentiment acc==0.0000, sentiment f1==0.0000, ABSA f1==0.0000,
Current Max Metrics Index : 62 Current Min Loss Index : 9 Epoch Time: 0m 12s Tau : 0.10

-------------------------------------Iter98-------------------------------------
Train: final loss=0.523742, aspect loss=0.014546, opinion loss=0.000000, domain loss=0.501737, sentiment loss=0.000000, reg loss=0.000000, step=135828
Dev:   final loss=0.259658, aspect loss=0.259658, opinion loss=0.000000, sentiment loss=0.000000, reg loss=0.000000, step=135828
Dev:   aspect f1=0.6004, opinion f1=0.0000, sentiment acc==0.0000, sentiment f1==0.0000, ABSA f1==0.0000,
Test:  aspect f1=0.6004, opinion f1=0.0000, sentiment acc==0.0000, sentiment f1==0.0000, ABSA f1==0.0000,
Current Max Metrics Index : 62 Current Min Loss Index : 9 Epoch Time: 0m 12s Tau : 0.10

-------------------------------------Iter99-------------------------------------
Train: final loss=0.523640, aspect loss=0.013251, opinion loss=0.000000, domain loss=0.501612, sentiment loss=0.000000, reg loss=0.000000, step=137200
Dev:   final loss=0.285720, aspect loss=0.285720, opinion loss=0.000000, sentiment loss=0.000000, reg loss=0.000000, step=137200
Dev:   aspect f1=0.5794, opinion f1=0.0000, sentiment acc==0.0000, sentiment f1==0.0000, ABSA f1==0.0000,
Test:  aspect f1=0.5794, opinion f1=0.0000, sentiment acc==0.0000, sentiment f1==0.0000, ABSA f1==0.0000,
Current Max Metrics Index : 62 Current Min Loss Index : 9 Epoch Time: 0m 12s Tau : 0.10

--------------------------------Mission Complete--------------------------------
Dev Max Metrics Index: 62
aspect f1=61.12, opinion f1=0.00, sentiment acc==0.00, sentiment f1==0.00, ABSA f1==0.00,
Dev Min Loss Index: 9
aspect f1=59.12, opinion f1=0.00, sentiment acc==0.00, sentiment f1==0.00, ABSA f1==0.00,
Running Time: 19m 53s
