> log file: ./log/device-to-restaurant/[SemBridge]-210519-174701.log
cuda memory allocated: 10108928
n_trainable_params: 1431975, n_nontrainable_params: 1094700
> training arguments:
>>> source: device
>>> target: restaurant
>>> use_unlabel: 1
>>> use_syntactic: 0
>>> use_semantic: 1
>>> split: 1
>>> local_bert_path: F:\NLP\BERT-BASE-UNCASED
>>> model_name: DECNN
>>> batch_size: 8
>>> learning_rate: 0.0001
>>> lr_decay: 1e-05
>>> num_epoch: 100
>>> emb_dim: 100
>>> dep_dim: 50
>>> pos_dim: 50
>>> hidden_dim: 256
>>> keep_prob: 0.5
>>> l2_reg: 1e-05
>>> beta: 0.1
>>> kernel_size: 5
>>> hop_num: 2
>>> class_num: 3
>>> cluster_num: 200
>>> cate_num: 20
>>> seed: 111
>>> log_step: 5
>>> dynamic_gate: 1
>>> valset_num: 0
>>> reuse_embedding: 1
>>> optimizer: <class 'torch.optim.adam.Adam'>
>>> initializer: <function uniform_ at 0x7fd29402cc80>
>>> device: cuda:0
>>> ablation: None
>>> topk: 10
>>> name: [SemBridge]
>>> dataset_file: {'train': './data/device/train1/', 'unlabel': './data/restaurant/train1/', 'test': './data/restaurant/test1/'}
>>> model_class: <class 'models.decnn_base.DECNN'>
>>> inputs_cols: ['sentence', 'mask', 'position', 'keep_prob']
>>> max_sentence_len: 110

-------------------------------------Iter0--------------------------------------
Train: final loss=0.605304, aspect loss=0.089190, opinion loss=0.000000, domain loss=0.507020, sentiment loss=0.000000, reg loss=0.000000, step=1372
Dev:   final loss=0.269992, aspect loss=0.269992, opinion loss=0.000000, sentiment loss=0.000000, reg loss=0.000000, step=1372
Dev:   aspect f1=0.4981, opinion f1=0.0000, sentiment acc==0.0000, sentiment f1==0.0000, ABSA f1==0.0000,
Test:  aspect f1=0.4981, opinion f1=0.0000, sentiment acc==0.0000, sentiment f1==0.0000, ABSA f1==0.0000,
Current Max Metrics Index : 0 Current Min Loss Index : 0 Epoch Time: 0m 12s Tau : 1.00
>> Checkpoint Saved: state_dict/device-to-restaurant/[SemBridge]-ATE-F1-0.4981.pth

-------------------------------------Iter1--------------------------------------
Train: final loss=0.569171, aspect loss=0.062603, opinion loss=0.000000, domain loss=0.498832, sentiment loss=0.000000, reg loss=0.000000, step=2744
Dev:   final loss=0.258365, aspect loss=0.258365, opinion loss=0.000000, sentiment loss=0.000000, reg loss=0.000000, step=2744
Dev:   aspect f1=0.5382, opinion f1=0.0000, sentiment acc==0.0000, sentiment f1==0.0000, ABSA f1==0.0000,
Test:  aspect f1=0.5382, opinion f1=0.0000, sentiment acc==0.0000, sentiment f1==0.0000, ABSA f1==0.0000,
Current Max Metrics Index : 1 Current Min Loss Index : 1 Epoch Time: 0m 12s Tau : 0.97
>> Checkpoint Saved: state_dict/device-to-restaurant/[SemBridge]-ATE-F1-0.5382.pth

-------------------------------------Iter2--------------------------------------
Train: final loss=0.554103, aspect loss=0.055423, opinion loss=0.000000, domain loss=0.492955, sentiment loss=0.000000, reg loss=0.000000, step=4116
Dev:   final loss=0.237351, aspect loss=0.237351, opinion loss=0.000000, sentiment loss=0.000000, reg loss=0.000000, step=4116
Dev:   aspect f1=0.5553, opinion f1=0.0000, sentiment acc==0.0000, sentiment f1==0.0000, ABSA f1==0.0000,
Test:  aspect f1=0.5553, opinion f1=0.0000, sentiment acc==0.0000, sentiment f1==0.0000, ABSA f1==0.0000,
Current Max Metrics Index : 2 Current Min Loss Index : 2 Epoch Time: 0m 12s Tau : 0.94
>> Checkpoint Saved: state_dict/device-to-restaurant/[SemBridge]-ATE-F1-0.5553.pth

-------------------------------------Iter3--------------------------------------
Train: final loss=0.558541, aspect loss=0.051503, opinion loss=0.000000, domain loss=0.499287, sentiment loss=0.000000, reg loss=0.000000, step=5488
Dev:   final loss=0.244076, aspect loss=0.244076, opinion loss=0.000000, sentiment loss=0.000000, reg loss=0.000000, step=5488
Dev:   aspect f1=0.5637, opinion f1=0.0000, sentiment acc==0.0000, sentiment f1==0.0000, ABSA f1==0.0000,
Test:  aspect f1=0.5637, opinion f1=0.0000, sentiment acc==0.0000, sentiment f1==0.0000, ABSA f1==0.0000,
Current Max Metrics Index : 3 Current Min Loss Index : 2 Epoch Time: 0m 12s Tau : 0.91
>> Checkpoint Saved: state_dict/device-to-restaurant/[SemBridge]-ATE-F1-0.5637.pth

-------------------------------------Iter4--------------------------------------
Train: final loss=0.558199, aspect loss=0.048255, opinion loss=0.000000, domain loss=0.501127, sentiment loss=0.000000, reg loss=0.000000, step=6860
Dev:   final loss=0.237384, aspect loss=0.237384, opinion loss=0.000000, sentiment loss=0.000000, reg loss=0.000000, step=6860
Dev:   aspect f1=0.5811, opinion f1=0.0000, sentiment acc==0.0000, sentiment f1==0.0000, ABSA f1==0.0000,
Test:  aspect f1=0.5811, opinion f1=0.0000, sentiment acc==0.0000, sentiment f1==0.0000, ABSA f1==0.0000,
Current Max Metrics Index : 4 Current Min Loss Index : 2 Epoch Time: 0m 12s Tau : 0.89
>> Checkpoint Saved: state_dict/device-to-restaurant/[SemBridge]-ATE-F1-0.5811.pth

-------------------------------------Iter5--------------------------------------
Train: final loss=0.556668, aspect loss=0.046709, opinion loss=0.000000, domain loss=0.501116, sentiment loss=0.000000, reg loss=0.000000, step=8232
Dev:   final loss=0.226651, aspect loss=0.226651, opinion loss=0.000000, sentiment loss=0.000000, reg loss=0.000000, step=8232
Dev:   aspect f1=0.5841, opinion f1=0.0000, sentiment acc==0.0000, sentiment f1==0.0000, ABSA f1==0.0000,
Test:  aspect f1=0.5841, opinion f1=0.0000, sentiment acc==0.0000, sentiment f1==0.0000, ABSA f1==0.0000,
Current Max Metrics Index : 5 Current Min Loss Index : 5 Epoch Time: 0m 13s Tau : 0.86
>> Checkpoint Saved: state_dict/device-to-restaurant/[SemBridge]-ATE-F1-0.5841.pth

-------------------------------------Iter6--------------------------------------
Train: final loss=0.558196, aspect loss=0.044941, opinion loss=0.000000, domain loss=0.501602, sentiment loss=0.000000, reg loss=0.000000, step=9604
Dev:   final loss=0.226481, aspect loss=0.226481, opinion loss=0.000000, sentiment loss=0.000000, reg loss=0.000000, step=9604
Dev:   aspect f1=0.5871, opinion f1=0.0000, sentiment acc==0.0000, sentiment f1==0.0000, ABSA f1==0.0000,
Test:  aspect f1=0.5871, opinion f1=0.0000, sentiment acc==0.0000, sentiment f1==0.0000, ABSA f1==0.0000,
Current Max Metrics Index : 6 Current Min Loss Index : 6 Epoch Time: 0m 12s Tau : 0.84
>> Checkpoint Saved: state_dict/device-to-restaurant/[SemBridge]-ATE-F1-0.5871.pth

-------------------------------------Iter7--------------------------------------
Train: final loss=0.552441, aspect loss=0.043984, opinion loss=0.000000, domain loss=0.501369, sentiment loss=0.000000, reg loss=0.000000, step=10976
Dev:   final loss=0.218251, aspect loss=0.218251, opinion loss=0.000000, sentiment loss=0.000000, reg loss=0.000000, step=10976
Dev:   aspect f1=0.5925, opinion f1=0.0000, sentiment acc==0.0000, sentiment f1==0.0000, ABSA f1==0.0000,
Test:  aspect f1=0.5925, opinion f1=0.0000, sentiment acc==0.0000, sentiment f1==0.0000, ABSA f1==0.0000,
Current Max Metrics Index : 7 Current Min Loss Index : 7 Epoch Time: 0m 12s Tau : 0.81
>> Checkpoint Saved: state_dict/device-to-restaurant/[SemBridge]-ATE-F1-0.5925.pth

-------------------------------------Iter8--------------------------------------
Train: final loss=0.553172, aspect loss=0.043325, opinion loss=0.000000, domain loss=0.501777, sentiment loss=0.000000, reg loss=0.000000, step=12348
Dev:   final loss=0.221262, aspect loss=0.221262, opinion loss=0.000000, sentiment loss=0.000000, reg loss=0.000000, step=12348
Dev:   aspect f1=0.5688, opinion f1=0.0000, sentiment acc==0.0000, sentiment f1==0.0000, ABSA f1==0.0000,
Test:  aspect f1=0.5688, opinion f1=0.0000, sentiment acc==0.0000, sentiment f1==0.0000, ABSA f1==0.0000,
Current Max Metrics Index : 7 Current Min Loss Index : 7 Epoch Time: 0m 12s Tau : 0.79

-------------------------------------Iter9--------------------------------------
Train: final loss=0.552328, aspect loss=0.042151, opinion loss=0.000000, domain loss=0.501824, sentiment loss=0.000000, reg loss=0.000000, step=13720
Dev:   final loss=0.234160, aspect loss=0.234160, opinion loss=0.000000, sentiment loss=0.000000, reg loss=0.000000, step=13720
Dev:   aspect f1=0.5732, opinion f1=0.0000, sentiment acc==0.0000, sentiment f1==0.0000, ABSA f1==0.0000,
Test:  aspect f1=0.5732, opinion f1=0.0000, sentiment acc==0.0000, sentiment f1==0.0000, ABSA f1==0.0000,
Current Max Metrics Index : 7 Current Min Loss Index : 7 Epoch Time: 0m 12s Tau : 0.76

-------------------------------------Iter10-------------------------------------
Train: final loss=0.553584, aspect loss=0.041331, opinion loss=0.000000, domain loss=0.502029, sentiment loss=0.000000, reg loss=0.000000, step=15092
Dev:   final loss=0.213807, aspect loss=0.213807, opinion loss=0.000000, sentiment loss=0.000000, reg loss=0.000000, step=15092
Dev:   aspect f1=0.5737, opinion f1=0.0000, sentiment acc==0.0000, sentiment f1==0.0000, ABSA f1==0.0000,
Test:  aspect f1=0.5737, opinion f1=0.0000, sentiment acc==0.0000, sentiment f1==0.0000, ABSA f1==0.0000,
Current Max Metrics Index : 7 Current Min Loss Index : 10 Epoch Time: 0m 12s Tau : 0.74

-------------------------------------Iter11-------------------------------------
Train: final loss=0.552359, aspect loss=0.039701, opinion loss=0.000000, domain loss=0.501929, sentiment loss=0.000000, reg loss=0.000000, step=16464
Dev:   final loss=0.219873, aspect loss=0.219873, opinion loss=0.000000, sentiment loss=0.000000, reg loss=0.000000, step=16464
Dev:   aspect f1=0.5898, opinion f1=0.0000, sentiment acc==0.0000, sentiment f1==0.0000, ABSA f1==0.0000,
Test:  aspect f1=0.5898, opinion f1=0.0000, sentiment acc==0.0000, sentiment f1==0.0000, ABSA f1==0.0000,
Current Max Metrics Index : 7 Current Min Loss Index : 10 Epoch Time: 0m 12s Tau : 0.72

-------------------------------------Iter12-------------------------------------
Train: final loss=0.550713, aspect loss=0.039766, opinion loss=0.000000, domain loss=0.501277, sentiment loss=0.000000, reg loss=0.000000, step=17836
Dev:   final loss=0.222691, aspect loss=0.222691, opinion loss=0.000000, sentiment loss=0.000000, reg loss=0.000000, step=17836
Dev:   aspect f1=0.5865, opinion f1=0.0000, sentiment acc==0.0000, sentiment f1==0.0000, ABSA f1==0.0000,
Test:  aspect f1=0.5865, opinion f1=0.0000, sentiment acc==0.0000, sentiment f1==0.0000, ABSA f1==0.0000,
Current Max Metrics Index : 7 Current Min Loss Index : 10 Epoch Time: 0m 12s Tau : 0.70

-------------------------------------Iter13-------------------------------------
Train: final loss=0.548784, aspect loss=0.038515, opinion loss=0.000000, domain loss=0.501709, sentiment loss=0.000000, reg loss=0.000000, step=19208
Dev:   final loss=0.234686, aspect loss=0.234686, opinion loss=0.000000, sentiment loss=0.000000, reg loss=0.000000, step=19208
Dev:   aspect f1=0.5743, opinion f1=0.0000, sentiment acc==0.0000, sentiment f1==0.0000, ABSA f1==0.0000,
Test:  aspect f1=0.5743, opinion f1=0.0000, sentiment acc==0.0000, sentiment f1==0.0000, ABSA f1==0.0000,
Current Max Metrics Index : 7 Current Min Loss Index : 10 Epoch Time: 0m 12s Tau : 0.68

-------------------------------------Iter14-------------------------------------
Train: final loss=0.547455, aspect loss=0.037875, opinion loss=0.000000, domain loss=0.501740, sentiment loss=0.000000, reg loss=0.000000, step=20580
Dev:   final loss=0.228261, aspect loss=0.228261, opinion loss=0.000000, sentiment loss=0.000000, reg loss=0.000000, step=20580
Dev:   aspect f1=0.5571, opinion f1=0.0000, sentiment acc==0.0000, sentiment f1==0.0000, ABSA f1==0.0000,
Test:  aspect f1=0.5571, opinion f1=0.0000, sentiment acc==0.0000, sentiment f1==0.0000, ABSA f1==0.0000,
Current Max Metrics Index : 7 Current Min Loss Index : 10 Epoch Time: 0m 12s Tau : 0.66

-------------------------------------Iter15-------------------------------------
Train: final loss=0.546566, aspect loss=0.037132, opinion loss=0.000000, domain loss=0.501861, sentiment loss=0.000000, reg loss=0.000000, step=21952
Dev:   final loss=0.221609, aspect loss=0.221609, opinion loss=0.000000, sentiment loss=0.000000, reg loss=0.000000, step=21952
Dev:   aspect f1=0.5827, opinion f1=0.0000, sentiment acc==0.0000, sentiment f1==0.0000, ABSA f1==0.0000,
Test:  aspect f1=0.5827, opinion f1=0.0000, sentiment acc==0.0000, sentiment f1==0.0000, ABSA f1==0.0000,
Current Max Metrics Index : 7 Current Min Loss Index : 10 Epoch Time: 0m 12s Tau : 0.64

-------------------------------------Iter16-------------------------------------
Train: final loss=0.545678, aspect loss=0.035922, opinion loss=0.000000, domain loss=0.501890, sentiment loss=0.000000, reg loss=0.000000, step=23324
Dev:   final loss=0.218553, aspect loss=0.218553, opinion loss=0.000000, sentiment loss=0.000000, reg loss=0.000000, step=23324
Dev:   aspect f1=0.5783, opinion f1=0.0000, sentiment acc==0.0000, sentiment f1==0.0000, ABSA f1==0.0000,
Test:  aspect f1=0.5783, opinion f1=0.0000, sentiment acc==0.0000, sentiment f1==0.0000, ABSA f1==0.0000,
Current Max Metrics Index : 7 Current Min Loss Index : 10 Epoch Time: 0m 12s Tau : 0.62

-------------------------------------Iter17-------------------------------------
Train: final loss=0.546534, aspect loss=0.036022, opinion loss=0.000000, domain loss=0.501976, sentiment loss=0.000000, reg loss=0.000000, step=24696
Dev:   final loss=0.223822, aspect loss=0.223822, opinion loss=0.000000, sentiment loss=0.000000, reg loss=0.000000, step=24696
Dev:   aspect f1=0.5816, opinion f1=0.0000, sentiment acc==0.0000, sentiment f1==0.0000, ABSA f1==0.0000,
Test:  aspect f1=0.5816, opinion f1=0.0000, sentiment acc==0.0000, sentiment f1==0.0000, ABSA f1==0.0000,
Current Max Metrics Index : 7 Current Min Loss Index : 10 Epoch Time: 0m 13s Tau : 0.60

-------------------------------------Iter18-------------------------------------
Train: final loss=0.545539, aspect loss=0.034818, opinion loss=0.000000, domain loss=0.501899, sentiment loss=0.000000, reg loss=0.000000, step=26068
Dev:   final loss=0.226211, aspect loss=0.226211, opinion loss=0.000000, sentiment loss=0.000000, reg loss=0.000000, step=26068
Dev:   aspect f1=0.5889, opinion f1=0.0000, sentiment acc==0.0000, sentiment f1==0.0000, ABSA f1==0.0000,
Test:  aspect f1=0.5889, opinion f1=0.0000, sentiment acc==0.0000, sentiment f1==0.0000, ABSA f1==0.0000,
Current Max Metrics Index : 7 Current Min Loss Index : 10 Epoch Time: 0m 13s Tau : 0.58

-------------------------------------Iter19-------------------------------------
Train: final loss=0.543271, aspect loss=0.034437, opinion loss=0.000000, domain loss=0.501985, sentiment loss=0.000000, reg loss=0.000000, step=27440
Dev:   final loss=0.218689, aspect loss=0.218689, opinion loss=0.000000, sentiment loss=0.000000, reg loss=0.000000, step=27440
Dev:   aspect f1=0.5869, opinion f1=0.0000, sentiment acc==0.0000, sentiment f1==0.0000, ABSA f1==0.0000,
Test:  aspect f1=0.5869, opinion f1=0.0000, sentiment acc==0.0000, sentiment f1==0.0000, ABSA f1==0.0000,
Current Max Metrics Index : 7 Current Min Loss Index : 10 Epoch Time: 0m 12s Tau : 0.57

-------------------------------------Iter20-------------------------------------
Train: final loss=0.542086, aspect loss=0.033781, opinion loss=0.000000, domain loss=0.501847, sentiment loss=0.000000, reg loss=0.000000, step=28812
Dev:   final loss=0.224160, aspect loss=0.224160, opinion loss=0.000000, sentiment loss=0.000000, reg loss=0.000000, step=28812
Dev:   aspect f1=0.5862, opinion f1=0.0000, sentiment acc==0.0000, sentiment f1==0.0000, ABSA f1==0.0000,
Test:  aspect f1=0.5862, opinion f1=0.0000, sentiment acc==0.0000, sentiment f1==0.0000, ABSA f1==0.0000,
Current Max Metrics Index : 7 Current Min Loss Index : 10 Epoch Time: 0m 12s Tau : 0.55

-------------------------------------Iter21-------------------------------------
Train: final loss=0.542782, aspect loss=0.033168, opinion loss=0.000000, domain loss=0.501838, sentiment loss=0.000000, reg loss=0.000000, step=30184
Dev:   final loss=0.226935, aspect loss=0.226935, opinion loss=0.000000, sentiment loss=0.000000, reg loss=0.000000, step=30184
Dev:   aspect f1=0.5949, opinion f1=0.0000, sentiment acc==0.0000, sentiment f1==0.0000, ABSA f1==0.0000,
Test:  aspect f1=0.5949, opinion f1=0.0000, sentiment acc==0.0000, sentiment f1==0.0000, ABSA f1==0.0000,
Current Max Metrics Index : 21 Current Min Loss Index : 10 Epoch Time: 0m 12s Tau : 0.53
>> Checkpoint Saved: state_dict/device-to-restaurant/[SemBridge]-ATE-F1-0.5949.pth

-------------------------------------Iter22-------------------------------------
Train: final loss=0.541716, aspect loss=0.032679, opinion loss=0.000000, domain loss=0.501778, sentiment loss=0.000000, reg loss=0.000000, step=31556
Dev:   final loss=0.228995, aspect loss=0.228995, opinion loss=0.000000, sentiment loss=0.000000, reg loss=0.000000, step=31556
Dev:   aspect f1=0.5891, opinion f1=0.0000, sentiment acc==0.0000, sentiment f1==0.0000, ABSA f1==0.0000,
Test:  aspect f1=0.5891, opinion f1=0.0000, sentiment acc==0.0000, sentiment f1==0.0000, ABSA f1==0.0000,
Current Max Metrics Index : 21 Current Min Loss Index : 10 Epoch Time: 0m 12s Tau : 0.52

-------------------------------------Iter23-------------------------------------
Train: final loss=0.543924, aspect loss=0.031857, opinion loss=0.000000, domain loss=0.501731, sentiment loss=0.000000, reg loss=0.000000, step=32928
Dev:   final loss=0.230591, aspect loss=0.230591, opinion loss=0.000000, sentiment loss=0.000000, reg loss=0.000000, step=32928
Dev:   aspect f1=0.5888, opinion f1=0.0000, sentiment acc==0.0000, sentiment f1==0.0000, ABSA f1==0.0000,
Test:  aspect f1=0.5888, opinion f1=0.0000, sentiment acc==0.0000, sentiment f1==0.0000, ABSA f1==0.0000,
Current Max Metrics Index : 21 Current Min Loss Index : 10 Epoch Time: 0m 12s Tau : 0.50

-------------------------------------Iter24-------------------------------------
Train: final loss=0.538977, aspect loss=0.031460, opinion loss=0.000000, domain loss=0.502140, sentiment loss=0.000000, reg loss=0.000000, step=34300
Dev:   final loss=0.256708, aspect loss=0.256708, opinion loss=0.000000, sentiment loss=0.000000, reg loss=0.000000, step=34300
Dev:   aspect f1=0.5782, opinion f1=0.0000, sentiment acc==0.0000, sentiment f1==0.0000, ABSA f1==0.0000,
Test:  aspect f1=0.5782, opinion f1=0.0000, sentiment acc==0.0000, sentiment f1==0.0000, ABSA f1==0.0000,
Current Max Metrics Index : 21 Current Min Loss Index : 10 Epoch Time: 0m 12s Tau : 0.49

-------------------------------------Iter25-------------------------------------
Train: final loss=0.542239, aspect loss=0.030670, opinion loss=0.000000, domain loss=0.501732, sentiment loss=0.000000, reg loss=0.000000, step=35672
Dev:   final loss=0.252250, aspect loss=0.252250, opinion loss=0.000000, sentiment loss=0.000000, reg loss=0.000000, step=35672
Dev:   aspect f1=0.5759, opinion f1=0.0000, sentiment acc==0.0000, sentiment f1==0.0000, ABSA f1==0.0000,
Test:  aspect f1=0.5759, opinion f1=0.0000, sentiment acc==0.0000, sentiment f1==0.0000, ABSA f1==0.0000,
Current Max Metrics Index : 21 Current Min Loss Index : 10 Epoch Time: 0m 12s Tau : 0.47

-------------------------------------Iter26-------------------------------------
Train: final loss=0.542752, aspect loss=0.030058, opinion loss=0.000000, domain loss=0.502124, sentiment loss=0.000000, reg loss=0.000000, step=37044
Dev:   final loss=0.233399, aspect loss=0.233399, opinion loss=0.000000, sentiment loss=0.000000, reg loss=0.000000, step=37044
Dev:   aspect f1=0.5904, opinion f1=0.0000, sentiment acc==0.0000, sentiment f1==0.0000, ABSA f1==0.0000,
Test:  aspect f1=0.5904, opinion f1=0.0000, sentiment acc==0.0000, sentiment f1==0.0000, ABSA f1==0.0000,
Current Max Metrics Index : 21 Current Min Loss Index : 10 Epoch Time: 0m 10s Tau : 0.46

-------------------------------------Iter27-------------------------------------
Train: final loss=0.540185, aspect loss=0.030025, opinion loss=0.000000, domain loss=0.501653, sentiment loss=0.000000, reg loss=0.000000, step=38416
Dev:   final loss=0.246600, aspect loss=0.246600, opinion loss=0.000000, sentiment loss=0.000000, reg loss=0.000000, step=38416
Dev:   aspect f1=0.5868, opinion f1=0.0000, sentiment acc==0.0000, sentiment f1==0.0000, ABSA f1==0.0000,
Test:  aspect f1=0.5868, opinion f1=0.0000, sentiment acc==0.0000, sentiment f1==0.0000, ABSA f1==0.0000,
Current Max Metrics Index : 21 Current Min Loss Index : 10 Epoch Time: 0m 10s Tau : 0.44

-------------------------------------Iter28-------------------------------------
Train: final loss=0.536541, aspect loss=0.029226, opinion loss=0.000000, domain loss=0.501768, sentiment loss=0.000000, reg loss=0.000000, step=39788
Dev:   final loss=0.222101, aspect loss=0.222101, opinion loss=0.000000, sentiment loss=0.000000, reg loss=0.000000, step=39788
Dev:   aspect f1=0.5866, opinion f1=0.0000, sentiment acc==0.0000, sentiment f1==0.0000, ABSA f1==0.0000,
Test:  aspect f1=0.5866, opinion f1=0.0000, sentiment acc==0.0000, sentiment f1==0.0000, ABSA f1==0.0000,
Current Max Metrics Index : 21 Current Min Loss Index : 10 Epoch Time: 0m 11s Tau : 0.43

-------------------------------------Iter29-------------------------------------
Train: final loss=0.540135, aspect loss=0.028542, opinion loss=0.000000, domain loss=0.501958, sentiment loss=0.000000, reg loss=0.000000, step=41160
Dev:   final loss=0.224546, aspect loss=0.224546, opinion loss=0.000000, sentiment loss=0.000000, reg loss=0.000000, step=41160
Dev:   aspect f1=0.5991, opinion f1=0.0000, sentiment acc==0.0000, sentiment f1==0.0000, ABSA f1==0.0000,
Test:  aspect f1=0.5991, opinion f1=0.0000, sentiment acc==0.0000, sentiment f1==0.0000, ABSA f1==0.0000,
Current Max Metrics Index : 29 Current Min Loss Index : 10 Epoch Time: 0m 11s Tau : 0.42
>> Checkpoint Saved: state_dict/device-to-restaurant/[SemBridge]-ATE-F1-0.5991.pth

-------------------------------------Iter30-------------------------------------
Train: final loss=0.538798, aspect loss=0.028206, opinion loss=0.000000, domain loss=0.501901, sentiment loss=0.000000, reg loss=0.000000, step=42532
Dev:   final loss=0.227857, aspect loss=0.227857, opinion loss=0.000000, sentiment loss=0.000000, reg loss=0.000000, step=42532
Dev:   aspect f1=0.5905, opinion f1=0.0000, sentiment acc==0.0000, sentiment f1==0.0000, ABSA f1==0.0000,
Test:  aspect f1=0.5905, opinion f1=0.0000, sentiment acc==0.0000, sentiment f1==0.0000, ABSA f1==0.0000,
Current Max Metrics Index : 29 Current Min Loss Index : 10 Epoch Time: 0m 12s Tau : 0.41

-------------------------------------Iter31-------------------------------------
Train: final loss=0.537671, aspect loss=0.028154, opinion loss=0.000000, domain loss=0.501946, sentiment loss=0.000000, reg loss=0.000000, step=43904
Dev:   final loss=0.234311, aspect loss=0.234311, opinion loss=0.000000, sentiment loss=0.000000, reg loss=0.000000, step=43904
Dev:   aspect f1=0.5867, opinion f1=0.0000, sentiment acc==0.0000, sentiment f1==0.0000, ABSA f1==0.0000,
Test:  aspect f1=0.5867, opinion f1=0.0000, sentiment acc==0.0000, sentiment f1==0.0000, ABSA f1==0.0000,
Current Max Metrics Index : 29 Current Min Loss Index : 10 Epoch Time: 0m 11s Tau : 0.39

-------------------------------------Iter32-------------------------------------
Train: final loss=0.537217, aspect loss=0.027660, opinion loss=0.000000, domain loss=0.501822, sentiment loss=0.000000, reg loss=0.000000, step=45276
Dev:   final loss=0.233130, aspect loss=0.233130, opinion loss=0.000000, sentiment loss=0.000000, reg loss=0.000000, step=45276
Dev:   aspect f1=0.5906, opinion f1=0.0000, sentiment acc==0.0000, sentiment f1==0.0000, ABSA f1==0.0000,
Test:  aspect f1=0.5906, opinion f1=0.0000, sentiment acc==0.0000, sentiment f1==0.0000, ABSA f1==0.0000,
Current Max Metrics Index : 29 Current Min Loss Index : 10 Epoch Time: 0m 11s Tau : 0.38

-------------------------------------Iter33-------------------------------------
Train: final loss=0.535194, aspect loss=0.027070, opinion loss=0.000000, domain loss=0.501725, sentiment loss=0.000000, reg loss=0.000000, step=46648
Dev:   final loss=0.226072, aspect loss=0.226072, opinion loss=0.000000, sentiment loss=0.000000, reg loss=0.000000, step=46648
Dev:   aspect f1=0.5918, opinion f1=0.0000, sentiment acc==0.0000, sentiment f1==0.0000, ABSA f1==0.0000,
Test:  aspect f1=0.5918, opinion f1=0.0000, sentiment acc==0.0000, sentiment f1==0.0000, ABSA f1==0.0000,
Current Max Metrics Index : 29 Current Min Loss Index : 10 Epoch Time: 0m 12s Tau : 0.37

-------------------------------------Iter34-------------------------------------
Train: final loss=0.537893, aspect loss=0.026196, opinion loss=0.000000, domain loss=0.501871, sentiment loss=0.000000, reg loss=0.000000, step=48020
Dev:   final loss=0.235182, aspect loss=0.235182, opinion loss=0.000000, sentiment loss=0.000000, reg loss=0.000000, step=48020
Dev:   aspect f1=0.5969, opinion f1=0.0000, sentiment acc==0.0000, sentiment f1==0.0000, ABSA f1==0.0000,
Test:  aspect f1=0.5969, opinion f1=0.0000, sentiment acc==0.0000, sentiment f1==0.0000, ABSA f1==0.0000,
Current Max Metrics Index : 29 Current Min Loss Index : 10 Epoch Time: 0m 12s Tau : 0.36

-------------------------------------Iter35-------------------------------------
Train: final loss=0.533013, aspect loss=0.026088, opinion loss=0.000000, domain loss=0.501810, sentiment loss=0.000000, reg loss=0.000000, step=49392
Dev:   final loss=0.259270, aspect loss=0.259270, opinion loss=0.000000, sentiment loss=0.000000, reg loss=0.000000, step=49392
Dev:   aspect f1=0.6072, opinion f1=0.0000, sentiment acc==0.0000, sentiment f1==0.0000, ABSA f1==0.0000,
Test:  aspect f1=0.6072, opinion f1=0.0000, sentiment acc==0.0000, sentiment f1==0.0000, ABSA f1==0.0000,
Current Max Metrics Index : 35 Current Min Loss Index : 10 Epoch Time: 0m 12s Tau : 0.35
>> Checkpoint Saved: state_dict/device-to-restaurant/[SemBridge]-ATE-F1-0.6072.pth

-------------------------------------Iter36-------------------------------------
Train: final loss=0.533239, aspect loss=0.025587, opinion loss=0.000000, domain loss=0.501850, sentiment loss=0.000000, reg loss=0.000000, step=50764
Dev:   final loss=0.243717, aspect loss=0.243717, opinion loss=0.000000, sentiment loss=0.000000, reg loss=0.000000, step=50764
Dev:   aspect f1=0.5962, opinion f1=0.0000, sentiment acc==0.0000, sentiment f1==0.0000, ABSA f1==0.0000,
Test:  aspect f1=0.5962, opinion f1=0.0000, sentiment acc==0.0000, sentiment f1==0.0000, ABSA f1==0.0000,
Current Max Metrics Index : 35 Current Min Loss Index : 10 Epoch Time: 0m 11s Tau : 0.34

-------------------------------------Iter37-------------------------------------
Train: final loss=0.535532, aspect loss=0.024969, opinion loss=0.000000, domain loss=0.501930, sentiment loss=0.000000, reg loss=0.000000, step=52136
Dev:   final loss=0.243483, aspect loss=0.243483, opinion loss=0.000000, sentiment loss=0.000000, reg loss=0.000000, step=52136
Dev:   aspect f1=0.6041, opinion f1=0.0000, sentiment acc==0.0000, sentiment f1==0.0000, ABSA f1==0.0000,
Test:  aspect f1=0.6041, opinion f1=0.0000, sentiment acc==0.0000, sentiment f1==0.0000, ABSA f1==0.0000,
Current Max Metrics Index : 35 Current Min Loss Index : 10 Epoch Time: 0m 11s Tau : 0.33

-------------------------------------Iter38-------------------------------------
Train: final loss=0.535329, aspect loss=0.025354, opinion loss=0.000000, domain loss=0.501761, sentiment loss=0.000000, reg loss=0.000000, step=53508
Dev:   final loss=0.222393, aspect loss=0.222393, opinion loss=0.000000, sentiment loss=0.000000, reg loss=0.000000, step=53508
Dev:   aspect f1=0.6033, opinion f1=0.0000, sentiment acc==0.0000, sentiment f1==0.0000, ABSA f1==0.0000,
Test:  aspect f1=0.6033, opinion f1=0.0000, sentiment acc==0.0000, sentiment f1==0.0000, ABSA f1==0.0000,
Current Max Metrics Index : 35 Current Min Loss Index : 10 Epoch Time: 0m 11s Tau : 0.32

-------------------------------------Iter39-------------------------------------
Train: final loss=0.535208, aspect loss=0.024602, opinion loss=0.000000, domain loss=0.501642, sentiment loss=0.000000, reg loss=0.000000, step=54880
Dev:   final loss=0.242006, aspect loss=0.242006, opinion loss=0.000000, sentiment loss=0.000000, reg loss=0.000000, step=54880
Dev:   aspect f1=0.5929, opinion f1=0.0000, sentiment acc==0.0000, sentiment f1==0.0000, ABSA f1==0.0000,
Test:  aspect f1=0.5929, opinion f1=0.0000, sentiment acc==0.0000, sentiment f1==0.0000, ABSA f1==0.0000,
Current Max Metrics Index : 35 Current Min Loss Index : 10 Epoch Time: 0m 11s Tau : 0.31

-------------------------------------Iter40-------------------------------------
Train: final loss=0.532962, aspect loss=0.023868, opinion loss=0.000000, domain loss=0.502167, sentiment loss=0.000000, reg loss=0.000000, step=56252
Dev:   final loss=0.240252, aspect loss=0.240252, opinion loss=0.000000, sentiment loss=0.000000, reg loss=0.000000, step=56252
Dev:   aspect f1=0.5995, opinion f1=0.0000, sentiment acc==0.0000, sentiment f1==0.0000, ABSA f1==0.0000,
Test:  aspect f1=0.5995, opinion f1=0.0000, sentiment acc==0.0000, sentiment f1==0.0000, ABSA f1==0.0000,
Current Max Metrics Index : 35 Current Min Loss Index : 10 Epoch Time: 0m 12s Tau : 0.30

-------------------------------------Iter41-------------------------------------
Train: final loss=0.532777, aspect loss=0.024161, opinion loss=0.000000, domain loss=0.501560, sentiment loss=0.000000, reg loss=0.000000, step=57624
Dev:   final loss=0.253611, aspect loss=0.253611, opinion loss=0.000000, sentiment loss=0.000000, reg loss=0.000000, step=57624
Dev:   aspect f1=0.6009, opinion f1=0.0000, sentiment acc==0.0000, sentiment f1==0.0000, ABSA f1==0.0000,
Test:  aspect f1=0.6009, opinion f1=0.0000, sentiment acc==0.0000, sentiment f1==0.0000, ABSA f1==0.0000,
Current Max Metrics Index : 35 Current Min Loss Index : 10 Epoch Time: 0m 12s Tau : 0.29

-------------------------------------Iter42-------------------------------------
Train: final loss=0.533848, aspect loss=0.023443, opinion loss=0.000000, domain loss=0.501828, sentiment loss=0.000000, reg loss=0.000000, step=58996
Dev:   final loss=0.253422, aspect loss=0.253422, opinion loss=0.000000, sentiment loss=0.000000, reg loss=0.000000, step=58996
Dev:   aspect f1=0.5982, opinion f1=0.0000, sentiment acc==0.0000, sentiment f1==0.0000, ABSA f1==0.0000,
Test:  aspect f1=0.5982, opinion f1=0.0000, sentiment acc==0.0000, sentiment f1==0.0000, ABSA f1==0.0000,
Current Max Metrics Index : 35 Current Min Loss Index : 10 Epoch Time: 0m 11s Tau : 0.28

-------------------------------------Iter43-------------------------------------
Train: final loss=0.533660, aspect loss=0.023533, opinion loss=0.000000, domain loss=0.501690, sentiment loss=0.000000, reg loss=0.000000, step=60368
Dev:   final loss=0.261772, aspect loss=0.261772, opinion loss=0.000000, sentiment loss=0.000000, reg loss=0.000000, step=60368
Dev:   aspect f1=0.5880, opinion f1=0.0000, sentiment acc==0.0000, sentiment f1==0.0000, ABSA f1==0.0000,
Test:  aspect f1=0.5880, opinion f1=0.0000, sentiment acc==0.0000, sentiment f1==0.0000, ABSA f1==0.0000,
Current Max Metrics Index : 35 Current Min Loss Index : 10 Epoch Time: 0m 12s Tau : 0.28

-------------------------------------Iter44-------------------------------------
Train: final loss=0.531593, aspect loss=0.022144, opinion loss=0.000000, domain loss=0.501691, sentiment loss=0.000000, reg loss=0.000000, step=61740
Dev:   final loss=0.238827, aspect loss=0.238827, opinion loss=0.000000, sentiment loss=0.000000, reg loss=0.000000, step=61740
Dev:   aspect f1=0.5917, opinion f1=0.0000, sentiment acc==0.0000, sentiment f1==0.0000, ABSA f1==0.0000,
Test:  aspect f1=0.5917, opinion f1=0.0000, sentiment acc==0.0000, sentiment f1==0.0000, ABSA f1==0.0000,
Current Max Metrics Index : 35 Current Min Loss Index : 10 Epoch Time: 0m 11s Tau : 0.27

-------------------------------------Iter45-------------------------------------
Train: final loss=0.532031, aspect loss=0.022780, opinion loss=0.000000, domain loss=0.501465, sentiment loss=0.000000, reg loss=0.000000, step=63112
Dev:   final loss=0.227473, aspect loss=0.227473, opinion loss=0.000000, sentiment loss=0.000000, reg loss=0.000000, step=63112
Dev:   aspect f1=0.5967, opinion f1=0.0000, sentiment acc==0.0000, sentiment f1==0.0000, ABSA f1==0.0000,
Test:  aspect f1=0.5967, opinion f1=0.0000, sentiment acc==0.0000, sentiment f1==0.0000, ABSA f1==0.0000,
Current Max Metrics Index : 35 Current Min Loss Index : 10 Epoch Time: 0m 11s Tau : 0.26

-------------------------------------Iter46-------------------------------------
Train: final loss=0.534513, aspect loss=0.022757, opinion loss=0.000000, domain loss=0.501903, sentiment loss=0.000000, reg loss=0.000000, step=64484
Dev:   final loss=0.250252, aspect loss=0.250252, opinion loss=0.000000, sentiment loss=0.000000, reg loss=0.000000, step=64484
Dev:   aspect f1=0.5938, opinion f1=0.0000, sentiment acc==0.0000, sentiment f1==0.0000, ABSA f1==0.0000,
Test:  aspect f1=0.5938, opinion f1=0.0000, sentiment acc==0.0000, sentiment f1==0.0000, ABSA f1==0.0000,
Current Max Metrics Index : 35 Current Min Loss Index : 10 Epoch Time: 0m 11s Tau : 0.25

-------------------------------------Iter47-------------------------------------
Train: final loss=0.531329, aspect loss=0.022350, opinion loss=0.000000, domain loss=0.501733, sentiment loss=0.000000, reg loss=0.000000, step=65856
Dev:   final loss=0.238903, aspect loss=0.238903, opinion loss=0.000000, sentiment loss=0.000000, reg loss=0.000000, step=65856
Dev:   aspect f1=0.5945, opinion f1=0.0000, sentiment acc==0.0000, sentiment f1==0.0000, ABSA f1==0.0000,
Test:  aspect f1=0.5945, opinion f1=0.0000, sentiment acc==0.0000, sentiment f1==0.0000, ABSA f1==0.0000,
Current Max Metrics Index : 35 Current Min Loss Index : 10 Epoch Time: 0m 11s Tau : 0.24

-------------------------------------Iter48-------------------------------------
Train: final loss=0.531667, aspect loss=0.021381, opinion loss=0.000000, domain loss=0.501930, sentiment loss=0.000000, reg loss=0.000000, step=67228
Dev:   final loss=0.248898, aspect loss=0.248898, opinion loss=0.000000, sentiment loss=0.000000, reg loss=0.000000, step=67228
Dev:   aspect f1=0.5893, opinion f1=0.0000, sentiment acc==0.0000, sentiment f1==0.0000, ABSA f1==0.0000,
Test:  aspect f1=0.5893, opinion f1=0.0000, sentiment acc==0.0000, sentiment f1==0.0000, ABSA f1==0.0000,
Current Max Metrics Index : 35 Current Min Loss Index : 10 Epoch Time: 0m 12s Tau : 0.24

-------------------------------------Iter49-------------------------------------
Train: final loss=0.529360, aspect loss=0.020663, opinion loss=0.000000, domain loss=0.501931, sentiment loss=0.000000, reg loss=0.000000, step=68600
Dev:   final loss=0.245956, aspect loss=0.245956, opinion loss=0.000000, sentiment loss=0.000000, reg loss=0.000000, step=68600
Dev:   aspect f1=0.5968, opinion f1=0.0000, sentiment acc==0.0000, sentiment f1==0.0000, ABSA f1==0.0000,
Test:  aspect f1=0.5968, opinion f1=0.0000, sentiment acc==0.0000, sentiment f1==0.0000, ABSA f1==0.0000,
Current Max Metrics Index : 35 Current Min Loss Index : 10 Epoch Time: 0m 12s Tau : 0.23

-------------------------------------Iter50-------------------------------------
Train: final loss=0.531064, aspect loss=0.021095, opinion loss=0.000000, domain loss=0.502063, sentiment loss=0.000000, reg loss=0.000000, step=69972
Dev:   final loss=0.239760, aspect loss=0.239760, opinion loss=0.000000, sentiment loss=0.000000, reg loss=0.000000, step=69972
Dev:   aspect f1=0.5964, opinion f1=0.0000, sentiment acc==0.0000, sentiment f1==0.0000, ABSA f1==0.0000,
Test:  aspect f1=0.5964, opinion f1=0.0000, sentiment acc==0.0000, sentiment f1==0.0000, ABSA f1==0.0000,
Current Max Metrics Index : 35 Current Min Loss Index : 10 Epoch Time: 0m 12s Tau : 0.22

-------------------------------------Iter51-------------------------------------
Train: final loss=0.529062, aspect loss=0.020265, opinion loss=0.000000, domain loss=0.501804, sentiment loss=0.000000, reg loss=0.000000, step=71344
Dev:   final loss=0.261649, aspect loss=0.261649, opinion loss=0.000000, sentiment loss=0.000000, reg loss=0.000000, step=71344
Dev:   aspect f1=0.6050, opinion f1=0.0000, sentiment acc==0.0000, sentiment f1==0.0000, ABSA f1==0.0000,
Test:  aspect f1=0.6050, opinion f1=0.0000, sentiment acc==0.0000, sentiment f1==0.0000, ABSA f1==0.0000,
Current Max Metrics Index : 35 Current Min Loss Index : 10 Epoch Time: 0m 12s Tau : 0.22

-------------------------------------Iter52-------------------------------------
Train: final loss=0.531027, aspect loss=0.020754, opinion loss=0.000000, domain loss=0.501215, sentiment loss=0.000000, reg loss=0.000000, step=72716
Dev:   final loss=0.243954, aspect loss=0.243954, opinion loss=0.000000, sentiment loss=0.000000, reg loss=0.000000, step=72716
Dev:   aspect f1=0.5926, opinion f1=0.0000, sentiment acc==0.0000, sentiment f1==0.0000, ABSA f1==0.0000,
Test:  aspect f1=0.5926, opinion f1=0.0000, sentiment acc==0.0000, sentiment f1==0.0000, ABSA f1==0.0000,
Current Max Metrics Index : 35 Current Min Loss Index : 10 Epoch Time: 0m 12s Tau : 0.21

-------------------------------------Iter53-------------------------------------
Train: final loss=0.529383, aspect loss=0.020341, opinion loss=0.000000, domain loss=0.502037, sentiment loss=0.000000, reg loss=0.000000, step=74088
Dev:   final loss=0.248881, aspect loss=0.248881, opinion loss=0.000000, sentiment loss=0.000000, reg loss=0.000000, step=74088
Dev:   aspect f1=0.5996, opinion f1=0.0000, sentiment acc==0.0000, sentiment f1==0.0000, ABSA f1==0.0000,
Test:  aspect f1=0.5996, opinion f1=0.0000, sentiment acc==0.0000, sentiment f1==0.0000, ABSA f1==0.0000,
Current Max Metrics Index : 35 Current Min Loss Index : 10 Epoch Time: 0m 12s Tau : 0.20

-------------------------------------Iter54-------------------------------------
Train: final loss=0.528628, aspect loss=0.019386, opinion loss=0.000000, domain loss=0.501984, sentiment loss=0.000000, reg loss=0.000000, step=75460
Dev:   final loss=0.259523, aspect loss=0.259523, opinion loss=0.000000, sentiment loss=0.000000, reg loss=0.000000, step=75460
Dev:   aspect f1=0.6003, opinion f1=0.0000, sentiment acc==0.0000, sentiment f1==0.0000, ABSA f1==0.0000,
Test:  aspect f1=0.6003, opinion f1=0.0000, sentiment acc==0.0000, sentiment f1==0.0000, ABSA f1==0.0000,
Current Max Metrics Index : 35 Current Min Loss Index : 10 Epoch Time: 0m 12s Tau : 0.20

-------------------------------------Iter55-------------------------------------
Train: final loss=0.529366, aspect loss=0.020164, opinion loss=0.000000, domain loss=0.501848, sentiment loss=0.000000, reg loss=0.000000, step=76832
Dev:   final loss=0.242859, aspect loss=0.242859, opinion loss=0.000000, sentiment loss=0.000000, reg loss=0.000000, step=76832
Dev:   aspect f1=0.5966, opinion f1=0.0000, sentiment acc==0.0000, sentiment f1==0.0000, ABSA f1==0.0000,
Test:  aspect f1=0.5966, opinion f1=0.0000, sentiment acc==0.0000, sentiment f1==0.0000, ABSA f1==0.0000,
Current Max Metrics Index : 35 Current Min Loss Index : 10 Epoch Time: 0m 12s Tau : 0.19

-------------------------------------Iter56-------------------------------------
Train: final loss=0.526959, aspect loss=0.018888, opinion loss=0.000000, domain loss=0.501968, sentiment loss=0.000000, reg loss=0.000000, step=78204
Dev:   final loss=0.242056, aspect loss=0.242056, opinion loss=0.000000, sentiment loss=0.000000, reg loss=0.000000, step=78204
Dev:   aspect f1=0.6041, opinion f1=0.0000, sentiment acc==0.0000, sentiment f1==0.0000, ABSA f1==0.0000,
Test:  aspect f1=0.6041, opinion f1=0.0000, sentiment acc==0.0000, sentiment f1==0.0000, ABSA f1==0.0000,
Current Max Metrics Index : 35 Current Min Loss Index : 10 Epoch Time: 0m 12s Tau : 0.19

-------------------------------------Iter57-------------------------------------
Train: final loss=0.528552, aspect loss=0.019104, opinion loss=0.000000, domain loss=0.501848, sentiment loss=0.000000, reg loss=0.000000, step=79576
Dev:   final loss=0.254881, aspect loss=0.254881, opinion loss=0.000000, sentiment loss=0.000000, reg loss=0.000000, step=79576
Dev:   aspect f1=0.6010, opinion f1=0.0000, sentiment acc==0.0000, sentiment f1==0.0000, ABSA f1==0.0000,
Test:  aspect f1=0.6010, opinion f1=0.0000, sentiment acc==0.0000, sentiment f1==0.0000, ABSA f1==0.0000,
Current Max Metrics Index : 35 Current Min Loss Index : 10 Epoch Time: 0m 12s Tau : 0.18

-------------------------------------Iter58-------------------------------------
Train: final loss=0.527437, aspect loss=0.019158, opinion loss=0.000000, domain loss=0.501928, sentiment loss=0.000000, reg loss=0.000000, step=80948
Dev:   final loss=0.251741, aspect loss=0.251741, opinion loss=0.000000, sentiment loss=0.000000, reg loss=0.000000, step=80948
Dev:   aspect f1=0.6030, opinion f1=0.0000, sentiment acc==0.0000, sentiment f1==0.0000, ABSA f1==0.0000,
Test:  aspect f1=0.6030, opinion f1=0.0000, sentiment acc==0.0000, sentiment f1==0.0000, ABSA f1==0.0000,
Current Max Metrics Index : 35 Current Min Loss Index : 10 Epoch Time: 0m 12s Tau : 0.18

-------------------------------------Iter59-------------------------------------
Train: final loss=0.528777, aspect loss=0.019657, opinion loss=0.000000, domain loss=0.501871, sentiment loss=0.000000, reg loss=0.000000, step=82320
Dev:   final loss=0.248110, aspect loss=0.248110, opinion loss=0.000000, sentiment loss=0.000000, reg loss=0.000000, step=82320
Dev:   aspect f1=0.6002, opinion f1=0.0000, sentiment acc==0.0000, sentiment f1==0.0000, ABSA f1==0.0000,
Test:  aspect f1=0.6002, opinion f1=0.0000, sentiment acc==0.0000, sentiment f1==0.0000, ABSA f1==0.0000,
Current Max Metrics Index : 35 Current Min Loss Index : 10 Epoch Time: 0m 12s Tau : 0.17

-------------------------------------Iter60-------------------------------------
Train: final loss=0.529312, aspect loss=0.018605, opinion loss=0.000000, domain loss=0.501785, sentiment loss=0.000000, reg loss=0.000000, step=83692
Dev:   final loss=0.237797, aspect loss=0.237797, opinion loss=0.000000, sentiment loss=0.000000, reg loss=0.000000, step=83692
Dev:   aspect f1=0.5956, opinion f1=0.0000, sentiment acc==0.0000, sentiment f1==0.0000, ABSA f1==0.0000,
Test:  aspect f1=0.5956, opinion f1=0.0000, sentiment acc==0.0000, sentiment f1==0.0000, ABSA f1==0.0000,
Current Max Metrics Index : 35 Current Min Loss Index : 10 Epoch Time: 0m 12s Tau : 0.17

-------------------------------------Iter61-------------------------------------
Train: final loss=0.529998, aspect loss=0.018691, opinion loss=0.000000, domain loss=0.501758, sentiment loss=0.000000, reg loss=0.000000, step=85064
Dev:   final loss=0.256790, aspect loss=0.256790, opinion loss=0.000000, sentiment loss=0.000000, reg loss=0.000000, step=85064
Dev:   aspect f1=0.6107, opinion f1=0.0000, sentiment acc==0.0000, sentiment f1==0.0000, ABSA f1==0.0000,
Test:  aspect f1=0.6107, opinion f1=0.0000, sentiment acc==0.0000, sentiment f1==0.0000, ABSA f1==0.0000,
Current Max Metrics Index : 61 Current Min Loss Index : 10 Epoch Time: 0m 12s Tau : 0.16
>> Checkpoint Saved: state_dict/device-to-restaurant/[SemBridge]-ATE-F1-0.6107.pth

-------------------------------------Iter62-------------------------------------
Train: final loss=0.526185, aspect loss=0.018063, opinion loss=0.000000, domain loss=0.501485, sentiment loss=0.000000, reg loss=0.000000, step=86436
Dev:   final loss=0.261942, aspect loss=0.261942, opinion loss=0.000000, sentiment loss=0.000000, reg loss=0.000000, step=86436
Dev:   aspect f1=0.5846, opinion f1=0.0000, sentiment acc==0.0000, sentiment f1==0.0000, ABSA f1==0.0000,
Test:  aspect f1=0.5846, opinion f1=0.0000, sentiment acc==0.0000, sentiment f1==0.0000, ABSA f1==0.0000,
Current Max Metrics Index : 61 Current Min Loss Index : 10 Epoch Time: 0m 12s Tau : 0.16

-------------------------------------Iter63-------------------------------------
Train: final loss=0.529143, aspect loss=0.017844, opinion loss=0.000000, domain loss=0.501988, sentiment loss=0.000000, reg loss=0.000000, step=87808
Dev:   final loss=0.253789, aspect loss=0.253789, opinion loss=0.000000, sentiment loss=0.000000, reg loss=0.000000, step=87808
Dev:   aspect f1=0.5904, opinion f1=0.0000, sentiment acc==0.0000, sentiment f1==0.0000, ABSA f1==0.0000,
Test:  aspect f1=0.5904, opinion f1=0.0000, sentiment acc==0.0000, sentiment f1==0.0000, ABSA f1==0.0000,
Current Max Metrics Index : 61 Current Min Loss Index : 10 Epoch Time: 0m 12s Tau : 0.15

-------------------------------------Iter64-------------------------------------
Train: final loss=0.528836, aspect loss=0.017338, opinion loss=0.000000, domain loss=0.501582, sentiment loss=0.000000, reg loss=0.000000, step=89180
Dev:   final loss=0.263797, aspect loss=0.263797, opinion loss=0.000000, sentiment loss=0.000000, reg loss=0.000000, step=89180
Dev:   aspect f1=0.5939, opinion f1=0.0000, sentiment acc==0.0000, sentiment f1==0.0000, ABSA f1==0.0000,
Test:  aspect f1=0.5939, opinion f1=0.0000, sentiment acc==0.0000, sentiment f1==0.0000, ABSA f1==0.0000,
Current Max Metrics Index : 61 Current Min Loss Index : 10 Epoch Time: 0m 12s Tau : 0.15

-------------------------------------Iter65-------------------------------------
Train: final loss=0.528501, aspect loss=0.017504, opinion loss=0.000000, domain loss=0.501890, sentiment loss=0.000000, reg loss=0.000000, step=90552
Dev:   final loss=0.249016, aspect loss=0.249016, opinion loss=0.000000, sentiment loss=0.000000, reg loss=0.000000, step=90552
Dev:   aspect f1=0.5993, opinion f1=0.0000, sentiment acc==0.0000, sentiment f1==0.0000, ABSA f1==0.0000,
Test:  aspect f1=0.5993, opinion f1=0.0000, sentiment acc==0.0000, sentiment f1==0.0000, ABSA f1==0.0000,
Current Max Metrics Index : 61 Current Min Loss Index : 10 Epoch Time: 0m 12s Tau : 0.14

-------------------------------------Iter66-------------------------------------
Train: final loss=0.527458, aspect loss=0.017439, opinion loss=0.000000, domain loss=0.501620, sentiment loss=0.000000, reg loss=0.000000, step=91924
Dev:   final loss=0.249069, aspect loss=0.249069, opinion loss=0.000000, sentiment loss=0.000000, reg loss=0.000000, step=91924
Dev:   aspect f1=0.5975, opinion f1=0.0000, sentiment acc==0.0000, sentiment f1==0.0000, ABSA f1==0.0000,
Test:  aspect f1=0.5975, opinion f1=0.0000, sentiment acc==0.0000, sentiment f1==0.0000, ABSA f1==0.0000,
Current Max Metrics Index : 61 Current Min Loss Index : 10 Epoch Time: 0m 12s Tau : 0.14

-------------------------------------Iter67-------------------------------------
Train: final loss=0.527601, aspect loss=0.017612, opinion loss=0.000000, domain loss=0.501784, sentiment loss=0.000000, reg loss=0.000000, step=93296
Dev:   final loss=0.255505, aspect loss=0.255505, opinion loss=0.000000, sentiment loss=0.000000, reg loss=0.000000, step=93296
Dev:   aspect f1=0.5979, opinion f1=0.0000, sentiment acc==0.0000, sentiment f1==0.0000, ABSA f1==0.0000,
Test:  aspect f1=0.5979, opinion f1=0.0000, sentiment acc==0.0000, sentiment f1==0.0000, ABSA f1==0.0000,
Current Max Metrics Index : 61 Current Min Loss Index : 10 Epoch Time: 0m 12s Tau : 0.13

-------------------------------------Iter68-------------------------------------
Train: final loss=0.528173, aspect loss=0.016975, opinion loss=0.000000, domain loss=0.501690, sentiment loss=0.000000, reg loss=0.000000, step=94668
Dev:   final loss=0.264651, aspect loss=0.264651, opinion loss=0.000000, sentiment loss=0.000000, reg loss=0.000000, step=94668
Dev:   aspect f1=0.5976, opinion f1=0.0000, sentiment acc==0.0000, sentiment f1==0.0000, ABSA f1==0.0000,
Test:  aspect f1=0.5976, opinion f1=0.0000, sentiment acc==0.0000, sentiment f1==0.0000, ABSA f1==0.0000,
Current Max Metrics Index : 61 Current Min Loss Index : 10 Epoch Time: 0m 12s Tau : 0.13

-------------------------------------Iter69-------------------------------------
Train: final loss=0.529096, aspect loss=0.016632, opinion loss=0.000000, domain loss=0.501847, sentiment loss=0.000000, reg loss=0.000000, step=96040
Dev:   final loss=0.271169, aspect loss=0.271169, opinion loss=0.000000, sentiment loss=0.000000, reg loss=0.000000, step=96040
Dev:   aspect f1=0.5962, opinion f1=0.0000, sentiment acc==0.0000, sentiment f1==0.0000, ABSA f1==0.0000,
Test:  aspect f1=0.5962, opinion f1=0.0000, sentiment acc==0.0000, sentiment f1==0.0000, ABSA f1==0.0000,
Current Max Metrics Index : 61 Current Min Loss Index : 10 Epoch Time: 0m 12s Tau : 0.13

-------------------------------------Iter70-------------------------------------
Train: final loss=0.526945, aspect loss=0.016157, opinion loss=0.000000, domain loss=0.501907, sentiment loss=0.000000, reg loss=0.000000, step=97412
Dev:   final loss=0.267131, aspect loss=0.267131, opinion loss=0.000000, sentiment loss=0.000000, reg loss=0.000000, step=97412
Dev:   aspect f1=0.5946, opinion f1=0.0000, sentiment acc==0.0000, sentiment f1==0.0000, ABSA f1==0.0000,
Test:  aspect f1=0.5946, opinion f1=0.0000, sentiment acc==0.0000, sentiment f1==0.0000, ABSA f1==0.0000,
Current Max Metrics Index : 61 Current Min Loss Index : 10 Epoch Time: 0m 12s Tau : 0.12

-------------------------------------Iter71-------------------------------------
Train: final loss=0.525903, aspect loss=0.016097, opinion loss=0.000000, domain loss=0.501773, sentiment loss=0.000000, reg loss=0.000000, step=98784
Dev:   final loss=0.261481, aspect loss=0.261481, opinion loss=0.000000, sentiment loss=0.000000, reg loss=0.000000, step=98784
Dev:   aspect f1=0.5943, opinion f1=0.0000, sentiment acc==0.0000, sentiment f1==0.0000, ABSA f1==0.0000,
Test:  aspect f1=0.5943, opinion f1=0.0000, sentiment acc==0.0000, sentiment f1==0.0000, ABSA f1==0.0000,
Current Max Metrics Index : 61 Current Min Loss Index : 10 Epoch Time: 0m 12s Tau : 0.12

-------------------------------------Iter72-------------------------------------
Train: final loss=0.528059, aspect loss=0.015625, opinion loss=0.000000, domain loss=0.501852, sentiment loss=0.000000, reg loss=0.000000, step=100156
Dev:   final loss=0.261998, aspect loss=0.261998, opinion loss=0.000000, sentiment loss=0.000000, reg loss=0.000000, step=100156
Dev:   aspect f1=0.5954, opinion f1=0.0000, sentiment acc==0.0000, sentiment f1==0.0000, ABSA f1==0.0000,
Test:  aspect f1=0.5954, opinion f1=0.0000, sentiment acc==0.0000, sentiment f1==0.0000, ABSA f1==0.0000,
Current Max Metrics Index : 61 Current Min Loss Index : 10 Epoch Time: 0m 12s Tau : 0.12

-------------------------------------Iter73-------------------------------------
Train: final loss=0.523715, aspect loss=0.016001, opinion loss=0.000000, domain loss=0.501644, sentiment loss=0.000000, reg loss=0.000000, step=101528
Dev:   final loss=0.264612, aspect loss=0.264612, opinion loss=0.000000, sentiment loss=0.000000, reg loss=0.000000, step=101528
Dev:   aspect f1=0.6079, opinion f1=0.0000, sentiment acc==0.0000, sentiment f1==0.0000, ABSA f1==0.0000,
Test:  aspect f1=0.6079, opinion f1=0.0000, sentiment acc==0.0000, sentiment f1==0.0000, ABSA f1==0.0000,
Current Max Metrics Index : 61 Current Min Loss Index : 10 Epoch Time: 0m 12s Tau : 0.11

-------------------------------------Iter74-------------------------------------
Train: final loss=0.525674, aspect loss=0.016378, opinion loss=0.000000, domain loss=0.501844, sentiment loss=0.000000, reg loss=0.000000, step=102900
Dev:   final loss=0.273268, aspect loss=0.273268, opinion loss=0.000000, sentiment loss=0.000000, reg loss=0.000000, step=102900
Dev:   aspect f1=0.5911, opinion f1=0.0000, sentiment acc==0.0000, sentiment f1==0.0000, ABSA f1==0.0000,
Test:  aspect f1=0.5911, opinion f1=0.0000, sentiment acc==0.0000, sentiment f1==0.0000, ABSA f1==0.0000,
Current Max Metrics Index : 61 Current Min Loss Index : 10 Epoch Time: 0m 12s Tau : 0.11

-------------------------------------Iter75-------------------------------------
Train: final loss=0.526483, aspect loss=0.016094, opinion loss=0.000000, domain loss=0.501926, sentiment loss=0.000000, reg loss=0.000000, step=104272
Dev:   final loss=0.288419, aspect loss=0.288419, opinion loss=0.000000, sentiment loss=0.000000, reg loss=0.000000, step=104272
Dev:   aspect f1=0.5917, opinion f1=0.0000, sentiment acc==0.0000, sentiment f1==0.0000, ABSA f1==0.0000,
Test:  aspect f1=0.5917, opinion f1=0.0000, sentiment acc==0.0000, sentiment f1==0.0000, ABSA f1==0.0000,
Current Max Metrics Index : 61 Current Min Loss Index : 10 Epoch Time: 0m 12s Tau : 0.11

-------------------------------------Iter76-------------------------------------
Train: final loss=0.527915, aspect loss=0.015888, opinion loss=0.000000, domain loss=0.501732, sentiment loss=0.000000, reg loss=0.000000, step=105644
Dev:   final loss=0.276158, aspect loss=0.276158, opinion loss=0.000000, sentiment loss=0.000000, reg loss=0.000000, step=105644
Dev:   aspect f1=0.5870, opinion f1=0.0000, sentiment acc==0.0000, sentiment f1==0.0000, ABSA f1==0.0000,
Test:  aspect f1=0.5870, opinion f1=0.0000, sentiment acc==0.0000, sentiment f1==0.0000, ABSA f1==0.0000,
Current Max Metrics Index : 61 Current Min Loss Index : 10 Epoch Time: 0m 12s Tau : 0.10

-------------------------------------Iter77-------------------------------------
Train: final loss=0.523949, aspect loss=0.014721, opinion loss=0.000000, domain loss=0.501677, sentiment loss=0.000000, reg loss=0.000000, step=107016
Dev:   final loss=0.273518, aspect loss=0.273518, opinion loss=0.000000, sentiment loss=0.000000, reg loss=0.000000, step=107016
Dev:   aspect f1=0.5965, opinion f1=0.0000, sentiment acc==0.0000, sentiment f1==0.0000, ABSA f1==0.0000,
Test:  aspect f1=0.5965, opinion f1=0.0000, sentiment acc==0.0000, sentiment f1==0.0000, ABSA f1==0.0000,
Current Max Metrics Index : 61 Current Min Loss Index : 10 Epoch Time: 0m 12s Tau : 0.10

-------------------------------------Iter78-------------------------------------
Train: final loss=0.525369, aspect loss=0.015935, opinion loss=0.000000, domain loss=0.501405, sentiment loss=0.000000, reg loss=0.000000, step=108388
Dev:   final loss=0.256779, aspect loss=0.256779, opinion loss=0.000000, sentiment loss=0.000000, reg loss=0.000000, step=108388
Dev:   aspect f1=0.5979, opinion f1=0.0000, sentiment acc==0.0000, sentiment f1==0.0000, ABSA f1==0.0000,
Test:  aspect f1=0.5979, opinion f1=0.0000, sentiment acc==0.0000, sentiment f1==0.0000, ABSA f1==0.0000,
Current Max Metrics Index : 61 Current Min Loss Index : 10 Epoch Time: 0m 12s Tau : 0.10

-------------------------------------Iter79-------------------------------------
Train: final loss=0.524984, aspect loss=0.014815, opinion loss=0.000000, domain loss=0.501777, sentiment loss=0.000000, reg loss=0.000000, step=109760
Dev:   final loss=0.266044, aspect loss=0.266044, opinion loss=0.000000, sentiment loss=0.000000, reg loss=0.000000, step=109760
Dev:   aspect f1=0.5957, opinion f1=0.0000, sentiment acc==0.0000, sentiment f1==0.0000, ABSA f1==0.0000,
Test:  aspect f1=0.5957, opinion f1=0.0000, sentiment acc==0.0000, sentiment f1==0.0000, ABSA f1==0.0000,
Current Max Metrics Index : 61 Current Min Loss Index : 10 Epoch Time: 0m 12s Tau : 0.10

-------------------------------------Iter80-------------------------------------
Train: final loss=0.522509, aspect loss=0.014769, opinion loss=0.000000, domain loss=0.501789, sentiment loss=0.000000, reg loss=0.000000, step=111132
Dev:   final loss=0.274041, aspect loss=0.274041, opinion loss=0.000000, sentiment loss=0.000000, reg loss=0.000000, step=111132
Dev:   aspect f1=0.5904, opinion f1=0.0000, sentiment acc==0.0000, sentiment f1==0.0000, ABSA f1==0.0000,
Test:  aspect f1=0.5904, opinion f1=0.0000, sentiment acc==0.0000, sentiment f1==0.0000, ABSA f1==0.0000,
Current Max Metrics Index : 61 Current Min Loss Index : 10 Epoch Time: 0m 12s Tau : 0.10

-------------------------------------Iter81-------------------------------------
Train: final loss=0.525230, aspect loss=0.015431, opinion loss=0.000000, domain loss=0.501691, sentiment loss=0.000000, reg loss=0.000000, step=112504
Dev:   final loss=0.271976, aspect loss=0.271976, opinion loss=0.000000, sentiment loss=0.000000, reg loss=0.000000, step=112504
Dev:   aspect f1=0.5962, opinion f1=0.0000, sentiment acc==0.0000, sentiment f1==0.0000, ABSA f1==0.0000,
Test:  aspect f1=0.5962, opinion f1=0.0000, sentiment acc==0.0000, sentiment f1==0.0000, ABSA f1==0.0000,
Current Max Metrics Index : 61 Current Min Loss Index : 10 Epoch Time: 0m 12s Tau : 0.10

-------------------------------------Iter82-------------------------------------
Train: final loss=0.526239, aspect loss=0.014973, opinion loss=0.000000, domain loss=0.501788, sentiment loss=0.000000, reg loss=0.000000, step=113876
Dev:   final loss=0.274032, aspect loss=0.274032, opinion loss=0.000000, sentiment loss=0.000000, reg loss=0.000000, step=113876
Dev:   aspect f1=0.6074, opinion f1=0.0000, sentiment acc==0.0000, sentiment f1==0.0000, ABSA f1==0.0000,
Test:  aspect f1=0.6074, opinion f1=0.0000, sentiment acc==0.0000, sentiment f1==0.0000, ABSA f1==0.0000,
Current Max Metrics Index : 61 Current Min Loss Index : 10 Epoch Time: 0m 12s Tau : 0.10

-------------------------------------Iter83-------------------------------------
Train: final loss=0.524152, aspect loss=0.014402, opinion loss=0.000000, domain loss=0.501774, sentiment loss=0.000000, reg loss=0.000000, step=115248
Dev:   final loss=0.267962, aspect loss=0.267962, opinion loss=0.000000, sentiment loss=0.000000, reg loss=0.000000, step=115248
Dev:   aspect f1=0.5965, opinion f1=0.0000, sentiment acc==0.0000, sentiment f1==0.0000, ABSA f1==0.0000,
Test:  aspect f1=0.5965, opinion f1=0.0000, sentiment acc==0.0000, sentiment f1==0.0000, ABSA f1==0.0000,
Current Max Metrics Index : 61 Current Min Loss Index : 10 Epoch Time: 0m 12s Tau : 0.10

-------------------------------------Iter84-------------------------------------
Train: final loss=0.525771, aspect loss=0.014258, opinion loss=0.000000, domain loss=0.501935, sentiment loss=0.000000, reg loss=0.000000, step=116620
Dev:   final loss=0.261245, aspect loss=0.261245, opinion loss=0.000000, sentiment loss=0.000000, reg loss=0.000000, step=116620
Dev:   aspect f1=0.6004, opinion f1=0.0000, sentiment acc==0.0000, sentiment f1==0.0000, ABSA f1==0.0000,
Test:  aspect f1=0.6004, opinion f1=0.0000, sentiment acc==0.0000, sentiment f1==0.0000, ABSA f1==0.0000,
Current Max Metrics Index : 61 Current Min Loss Index : 10 Epoch Time: 0m 12s Tau : 0.10

-------------------------------------Iter85-------------------------------------
Train: final loss=0.525819, aspect loss=0.014996, opinion loss=0.000000, domain loss=0.501834, sentiment loss=0.000000, reg loss=0.000000, step=117992
Dev:   final loss=0.270826, aspect loss=0.270826, opinion loss=0.000000, sentiment loss=0.000000, reg loss=0.000000, step=117992
Dev:   aspect f1=0.5913, opinion f1=0.0000, sentiment acc==0.0000, sentiment f1==0.0000, ABSA f1==0.0000,
Test:  aspect f1=0.5913, opinion f1=0.0000, sentiment acc==0.0000, sentiment f1==0.0000, ABSA f1==0.0000,
Current Max Metrics Index : 61 Current Min Loss Index : 10 Epoch Time: 0m 12s Tau : 0.10

-------------------------------------Iter86-------------------------------------
Train: final loss=0.524471, aspect loss=0.014890, opinion loss=0.000000, domain loss=0.501796, sentiment loss=0.000000, reg loss=0.000000, step=119364
Dev:   final loss=0.241514, aspect loss=0.241514, opinion loss=0.000000, sentiment loss=0.000000, reg loss=0.000000, step=119364
Dev:   aspect f1=0.5949, opinion f1=0.0000, sentiment acc==0.0000, sentiment f1==0.0000, ABSA f1==0.0000,
Test:  aspect f1=0.5949, opinion f1=0.0000, sentiment acc==0.0000, sentiment f1==0.0000, ABSA f1==0.0000,
Current Max Metrics Index : 61 Current Min Loss Index : 10 Epoch Time: 0m 12s Tau : 0.10

-------------------------------------Iter87-------------------------------------
Train: final loss=0.524241, aspect loss=0.013916, opinion loss=0.000000, domain loss=0.501814, sentiment loss=0.000000, reg loss=0.000000, step=120736
Dev:   final loss=0.276567, aspect loss=0.276567, opinion loss=0.000000, sentiment loss=0.000000, reg loss=0.000000, step=120736
Dev:   aspect f1=0.5821, opinion f1=0.0000, sentiment acc==0.0000, sentiment f1==0.0000, ABSA f1==0.0000,
Test:  aspect f1=0.5821, opinion f1=0.0000, sentiment acc==0.0000, sentiment f1==0.0000, ABSA f1==0.0000,
Current Max Metrics Index : 61 Current Min Loss Index : 10 Epoch Time: 0m 12s Tau : 0.10

-------------------------------------Iter88-------------------------------------
Train: final loss=0.525126, aspect loss=0.013704, opinion loss=0.000000, domain loss=0.501857, sentiment loss=0.000000, reg loss=0.000000, step=122108
Dev:   final loss=0.294490, aspect loss=0.294490, opinion loss=0.000000, sentiment loss=0.000000, reg loss=0.000000, step=122108
Dev:   aspect f1=0.5966, opinion f1=0.0000, sentiment acc==0.0000, sentiment f1==0.0000, ABSA f1==0.0000,
Test:  aspect f1=0.5966, opinion f1=0.0000, sentiment acc==0.0000, sentiment f1==0.0000, ABSA f1==0.0000,
Current Max Metrics Index : 61 Current Min Loss Index : 10 Epoch Time: 0m 12s Tau : 0.10

-------------------------------------Iter89-------------------------------------
Train: final loss=0.521942, aspect loss=0.013547, opinion loss=0.000000, domain loss=0.501614, sentiment loss=0.000000, reg loss=0.000000, step=123480
Dev:   final loss=0.279313, aspect loss=0.279313, opinion loss=0.000000, sentiment loss=0.000000, reg loss=0.000000, step=123480
Dev:   aspect f1=0.5921, opinion f1=0.0000, sentiment acc==0.0000, sentiment f1==0.0000, ABSA f1==0.0000,
Test:  aspect f1=0.5921, opinion f1=0.0000, sentiment acc==0.0000, sentiment f1==0.0000, ABSA f1==0.0000,
Current Max Metrics Index : 61 Current Min Loss Index : 10 Epoch Time: 0m 12s Tau : 0.10

-------------------------------------Iter90-------------------------------------
Train: final loss=0.523221, aspect loss=0.013643, opinion loss=0.000000, domain loss=0.501821, sentiment loss=0.000000, reg loss=0.000000, step=124852
Dev:   final loss=0.289260, aspect loss=0.289260, opinion loss=0.000000, sentiment loss=0.000000, reg loss=0.000000, step=124852
Dev:   aspect f1=0.5887, opinion f1=0.0000, sentiment acc==0.0000, sentiment f1==0.0000, ABSA f1==0.0000,
Test:  aspect f1=0.5887, opinion f1=0.0000, sentiment acc==0.0000, sentiment f1==0.0000, ABSA f1==0.0000,
Current Max Metrics Index : 61 Current Min Loss Index : 10 Epoch Time: 0m 12s Tau : 0.10

-------------------------------------Iter91-------------------------------------
Train: final loss=0.523034, aspect loss=0.014138, opinion loss=0.000000, domain loss=0.501729, sentiment loss=0.000000, reg loss=0.000000, step=126224
Dev:   final loss=0.279063, aspect loss=0.279063, opinion loss=0.000000, sentiment loss=0.000000, reg loss=0.000000, step=126224
Dev:   aspect f1=0.5952, opinion f1=0.0000, sentiment acc==0.0000, sentiment f1==0.0000, ABSA f1==0.0000,
Test:  aspect f1=0.5952, opinion f1=0.0000, sentiment acc==0.0000, sentiment f1==0.0000, ABSA f1==0.0000,
Current Max Metrics Index : 61 Current Min Loss Index : 10 Epoch Time: 0m 12s Tau : 0.10

-------------------------------------Iter92-------------------------------------
Train: final loss=0.522116, aspect loss=0.013831, opinion loss=0.000000, domain loss=0.501303, sentiment loss=0.000000, reg loss=0.000000, step=127596
Dev:   final loss=0.286094, aspect loss=0.286094, opinion loss=0.000000, sentiment loss=0.000000, reg loss=0.000000, step=127596
Dev:   aspect f1=0.5918, opinion f1=0.0000, sentiment acc==0.0000, sentiment f1==0.0000, ABSA f1==0.0000,
Test:  aspect f1=0.5918, opinion f1=0.0000, sentiment acc==0.0000, sentiment f1==0.0000, ABSA f1==0.0000,
Current Max Metrics Index : 61 Current Min Loss Index : 10 Epoch Time: 0m 12s Tau : 0.10

-------------------------------------Iter93-------------------------------------
Train: final loss=0.524399, aspect loss=0.013127, opinion loss=0.000000, domain loss=0.501759, sentiment loss=0.000000, reg loss=0.000000, step=128968
Dev:   final loss=0.272092, aspect loss=0.272092, opinion loss=0.000000, sentiment loss=0.000000, reg loss=0.000000, step=128968
Dev:   aspect f1=0.5981, opinion f1=0.0000, sentiment acc==0.0000, sentiment f1==0.0000, ABSA f1==0.0000,
Test:  aspect f1=0.5981, opinion f1=0.0000, sentiment acc==0.0000, sentiment f1==0.0000, ABSA f1==0.0000,
Current Max Metrics Index : 61 Current Min Loss Index : 10 Epoch Time: 0m 12s Tau : 0.10

-------------------------------------Iter94-------------------------------------
Train: final loss=0.523136, aspect loss=0.013107, opinion loss=0.000000, domain loss=0.501869, sentiment loss=0.000000, reg loss=0.000000, step=130340
Dev:   final loss=0.276898, aspect loss=0.276898, opinion loss=0.000000, sentiment loss=0.000000, reg loss=0.000000, step=130340
Dev:   aspect f1=0.5955, opinion f1=0.0000, sentiment acc==0.0000, sentiment f1==0.0000, ABSA f1==0.0000,
Test:  aspect f1=0.5955, opinion f1=0.0000, sentiment acc==0.0000, sentiment f1==0.0000, ABSA f1==0.0000,
Current Max Metrics Index : 61 Current Min Loss Index : 10 Epoch Time: 0m 12s Tau : 0.10

-------------------------------------Iter95-------------------------------------
Train: final loss=0.519930, aspect loss=0.012491, opinion loss=0.000000, domain loss=0.501876, sentiment loss=0.000000, reg loss=0.000000, step=131712
Dev:   final loss=0.308250, aspect loss=0.308250, opinion loss=0.000000, sentiment loss=0.000000, reg loss=0.000000, step=131712
Dev:   aspect f1=0.6073, opinion f1=0.0000, sentiment acc==0.0000, sentiment f1==0.0000, ABSA f1==0.0000,
Test:  aspect f1=0.6073, opinion f1=0.0000, sentiment acc==0.0000, sentiment f1==0.0000, ABSA f1==0.0000,
Current Max Metrics Index : 61 Current Min Loss Index : 10 Epoch Time: 0m 12s Tau : 0.10

-------------------------------------Iter96-------------------------------------
Train: final loss=0.525832, aspect loss=0.013074, opinion loss=0.000000, domain loss=0.501853, sentiment loss=0.000000, reg loss=0.000000, step=133084
Dev:   final loss=0.291192, aspect loss=0.291192, opinion loss=0.000000, sentiment loss=0.000000, reg loss=0.000000, step=133084
Dev:   aspect f1=0.6017, opinion f1=0.0000, sentiment acc==0.0000, sentiment f1==0.0000, ABSA f1==0.0000,
Test:  aspect f1=0.6017, opinion f1=0.0000, sentiment acc==0.0000, sentiment f1==0.0000, ABSA f1==0.0000,
Current Max Metrics Index : 61 Current Min Loss Index : 10 Epoch Time: 0m 12s Tau : 0.10

-------------------------------------Iter97-------------------------------------
Train: final loss=0.522224, aspect loss=0.013251, opinion loss=0.000000, domain loss=0.501911, sentiment loss=0.000000, reg loss=0.000000, step=134456
Dev:   final loss=0.278355, aspect loss=0.278355, opinion loss=0.000000, sentiment loss=0.000000, reg loss=0.000000, step=134456
Dev:   aspect f1=0.6048, opinion f1=0.0000, sentiment acc==0.0000, sentiment f1==0.0000, ABSA f1==0.0000,
Test:  aspect f1=0.6048, opinion f1=0.0000, sentiment acc==0.0000, sentiment f1==0.0000, ABSA f1==0.0000,
Current Max Metrics Index : 61 Current Min Loss Index : 10 Epoch Time: 0m 12s Tau : 0.10

-------------------------------------Iter98-------------------------------------
Train: final loss=0.523723, aspect loss=0.013752, opinion loss=0.000000, domain loss=0.501877, sentiment loss=0.000000, reg loss=0.000000, step=135828
Dev:   final loss=0.260288, aspect loss=0.260288, opinion loss=0.000000, sentiment loss=0.000000, reg loss=0.000000, step=135828
Dev:   aspect f1=0.6006, opinion f1=0.0000, sentiment acc==0.0000, sentiment f1==0.0000, ABSA f1==0.0000,
Test:  aspect f1=0.6006, opinion f1=0.0000, sentiment acc==0.0000, sentiment f1==0.0000, ABSA f1==0.0000,
Current Max Metrics Index : 61 Current Min Loss Index : 10 Epoch Time: 0m 12s Tau : 0.10

-------------------------------------Iter99-------------------------------------
Train: final loss=0.523117, aspect loss=0.013179, opinion loss=0.000000, domain loss=0.501845, sentiment loss=0.000000, reg loss=0.000000, step=137200
Dev:   final loss=0.252119, aspect loss=0.252119, opinion loss=0.000000, sentiment loss=0.000000, reg loss=0.000000, step=137200
Dev:   aspect f1=0.5957, opinion f1=0.0000, sentiment acc==0.0000, sentiment f1==0.0000, ABSA f1==0.0000,
Test:  aspect f1=0.5957, opinion f1=0.0000, sentiment acc==0.0000, sentiment f1==0.0000, ABSA f1==0.0000,
Current Max Metrics Index : 61 Current Min Loss Index : 10 Epoch Time: 0m 12s Tau : 0.10

--------------------------------Mission Complete--------------------------------
Dev Max Metrics Index: 61
aspect f1=61.07, opinion f1=0.00, sentiment acc==0.00, sentiment f1==0.00, ABSA f1==0.00,
Dev Min Loss Index: 10
aspect f1=57.37, opinion f1=0.00, sentiment acc==0.00, sentiment f1==0.00, ABSA f1==0.00,
Running Time: 19m 55s
