> log file: ./log/restaurant-to-laptop/[SemBridge]-210519-205001.log
cuda memory allocated: 10108928
n_trainable_params: 1431975, n_nontrainable_params: 1094700
> training arguments:
>>> source: restaurant
>>> target: laptop
>>> use_unlabel: 1
>>> use_syntactic: 0
>>> use_semantic: 1
>>> split: 3
>>> local_bert_path: F:\NLP\BERT-BASE-UNCASED
>>> model_name: DECNN
>>> batch_size: 8
>>> learning_rate: 0.0001
>>> lr_decay: 1e-05
>>> num_epoch: 100
>>> emb_dim: 100
>>> dep_dim: 50
>>> pos_dim: 50
>>> hidden_dim: 256
>>> keep_prob: 0.5
>>> l2_reg: 1e-05
>>> beta: 0.1
>>> kernel_size: 5
>>> hop_num: 2
>>> class_num: 3
>>> cluster_num: 200
>>> cate_num: 20
>>> seed: 111
>>> log_step: 5
>>> dynamic_gate: 1
>>> valset_num: 0
>>> reuse_embedding: 1
>>> optimizer: <class 'torch.optim.adam.Adam'>
>>> initializer: <function uniform_ at 0x7feb5d0dcc80>
>>> device: cuda:0
>>> ablation: None
>>> topk: 10
>>> name: [SemBridge]
>>> dataset_file: {'train': './data/restaurant/train3/', 'unlabel': './data/laptop/train3/', 'test': './data/laptop/test3/'}
>>> model_class: <class 'models.decnn_base.DECNN'>
>>> inputs_cols: ['sentence', 'mask', 'position', 'keep_prob']
>>> max_sentence_len: 110

-------------------------------------Iter0--------------------------------------
Train: final loss=0.845699, aspect loss=0.168970, opinion loss=0.000000, domain loss=0.675588, sentiment loss=0.000000, reg loss=0.000000, step=1818
Dev:   final loss=0.214553, aspect loss=0.214553, opinion loss=0.000000, sentiment loss=0.000000, reg loss=0.000000, step=1818
Dev:   aspect f1=0.3628, opinion f1=0.0000, sentiment acc==0.0000, sentiment f1==0.0000, ABSA f1==0.0000,
Test:  aspect f1=0.3628, opinion f1=0.0000, sentiment acc==0.0000, sentiment f1==0.0000, ABSA f1==0.0000,
Current Max Metrics Index : 0 Current Min Loss Index : 0 Epoch Time: 0m 14s Tau : 1.00
>> Checkpoint Saved: state_dict/restaurant-to-laptop/[SemBridge]-ATE-F1-0.3628.pth

-------------------------------------Iter1--------------------------------------
Train: final loss=0.779450, aspect loss=0.114129, opinion loss=0.000000, domain loss=0.665186, sentiment loss=0.000000, reg loss=0.000000, step=3636
Dev:   final loss=0.194567, aspect loss=0.194567, opinion loss=0.000000, sentiment loss=0.000000, reg loss=0.000000, step=3636
Dev:   aspect f1=0.4450, opinion f1=0.0000, sentiment acc==0.0000, sentiment f1==0.0000, ABSA f1==0.0000,
Test:  aspect f1=0.4450, opinion f1=0.0000, sentiment acc==0.0000, sentiment f1==0.0000, ABSA f1==0.0000,
Current Max Metrics Index : 1 Current Min Loss Index : 1 Epoch Time: 0m 14s Tau : 0.97
>> Checkpoint Saved: state_dict/restaurant-to-laptop/[SemBridge]-ATE-F1-0.4450.pth

-------------------------------------Iter2--------------------------------------
Train: final loss=0.768969, aspect loss=0.102984, opinion loss=0.000000, domain loss=0.665964, sentiment loss=0.000000, reg loss=0.000000, step=5454
Dev:   final loss=0.186308, aspect loss=0.186308, opinion loss=0.000000, sentiment loss=0.000000, reg loss=0.000000, step=5454
Dev:   aspect f1=0.4623, opinion f1=0.0000, sentiment acc==0.0000, sentiment f1==0.0000, ABSA f1==0.0000,
Test:  aspect f1=0.4623, opinion f1=0.0000, sentiment acc==0.0000, sentiment f1==0.0000, ABSA f1==0.0000,
Current Max Metrics Index : 2 Current Min Loss Index : 2 Epoch Time: 0m 14s Tau : 0.94
>> Checkpoint Saved: state_dict/restaurant-to-laptop/[SemBridge]-ATE-F1-0.4623.pth

-------------------------------------Iter3--------------------------------------
Train: final loss=0.763855, aspect loss=0.096767, opinion loss=0.000000, domain loss=0.666042, sentiment loss=0.000000, reg loss=0.000000, step=7272
Dev:   final loss=0.177537, aspect loss=0.177537, opinion loss=0.000000, sentiment loss=0.000000, reg loss=0.000000, step=7272
Dev:   aspect f1=0.4607, opinion f1=0.0000, sentiment acc==0.0000, sentiment f1==0.0000, ABSA f1==0.0000,
Test:  aspect f1=0.4607, opinion f1=0.0000, sentiment acc==0.0000, sentiment f1==0.0000, ABSA f1==0.0000,
Current Max Metrics Index : 2 Current Min Loss Index : 3 Epoch Time: 0m 14s Tau : 0.91

-------------------------------------Iter4--------------------------------------
Train: final loss=0.759859, aspect loss=0.093393, opinion loss=0.000000, domain loss=0.665413, sentiment loss=0.000000, reg loss=0.000000, step=9090
Dev:   final loss=0.196873, aspect loss=0.196873, opinion loss=0.000000, sentiment loss=0.000000, reg loss=0.000000, step=9090
Dev:   aspect f1=0.4457, opinion f1=0.0000, sentiment acc==0.0000, sentiment f1==0.0000, ABSA f1==0.0000,
Test:  aspect f1=0.4457, opinion f1=0.0000, sentiment acc==0.0000, sentiment f1==0.0000, ABSA f1==0.0000,
Current Max Metrics Index : 2 Current Min Loss Index : 3 Epoch Time: 0m 14s Tau : 0.89

-------------------------------------Iter5--------------------------------------
Train: final loss=0.757927, aspect loss=0.089179, opinion loss=0.000000, domain loss=0.667954, sentiment loss=0.000000, reg loss=0.000000, step=10908
Dev:   final loss=0.173492, aspect loss=0.173492, opinion loss=0.000000, sentiment loss=0.000000, reg loss=0.000000, step=10908
Dev:   aspect f1=0.4616, opinion f1=0.0000, sentiment acc==0.0000, sentiment f1==0.0000, ABSA f1==0.0000,
Test:  aspect f1=0.4616, opinion f1=0.0000, sentiment acc==0.0000, sentiment f1==0.0000, ABSA f1==0.0000,
Current Max Metrics Index : 2 Current Min Loss Index : 5 Epoch Time: 0m 14s Tau : 0.86

-------------------------------------Iter6--------------------------------------
Train: final loss=0.755690, aspect loss=0.086342, opinion loss=0.000000, domain loss=0.668395, sentiment loss=0.000000, reg loss=0.000000, step=12726
Dev:   final loss=0.169224, aspect loss=0.169224, opinion loss=0.000000, sentiment loss=0.000000, reg loss=0.000000, step=12726
Dev:   aspect f1=0.4819, opinion f1=0.0000, sentiment acc==0.0000, sentiment f1==0.0000, ABSA f1==0.0000,
Test:  aspect f1=0.4819, opinion f1=0.0000, sentiment acc==0.0000, sentiment f1==0.0000, ABSA f1==0.0000,
Current Max Metrics Index : 6 Current Min Loss Index : 6 Epoch Time: 0m 14s Tau : 0.84
>> Checkpoint Saved: state_dict/restaurant-to-laptop/[SemBridge]-ATE-F1-0.4819.pth

-------------------------------------Iter7--------------------------------------
Train: final loss=0.753790, aspect loss=0.083103, opinion loss=0.000000, domain loss=0.669625, sentiment loss=0.000000, reg loss=0.000000, step=14544
Dev:   final loss=0.180323, aspect loss=0.180323, opinion loss=0.000000, sentiment loss=0.000000, reg loss=0.000000, step=14544
Dev:   aspect f1=0.4685, opinion f1=0.0000, sentiment acc==0.0000, sentiment f1==0.0000, ABSA f1==0.0000,
Test:  aspect f1=0.4685, opinion f1=0.0000, sentiment acc==0.0000, sentiment f1==0.0000, ABSA f1==0.0000,
Current Max Metrics Index : 6 Current Min Loss Index : 6 Epoch Time: 0m 14s Tau : 0.81

-------------------------------------Iter8--------------------------------------
Train: final loss=0.753732, aspect loss=0.082100, opinion loss=0.000000, domain loss=0.670719, sentiment loss=0.000000, reg loss=0.000000, step=16362
Dev:   final loss=0.189247, aspect loss=0.189247, opinion loss=0.000000, sentiment loss=0.000000, reg loss=0.000000, step=16362
Dev:   aspect f1=0.4698, opinion f1=0.0000, sentiment acc==0.0000, sentiment f1==0.0000, ABSA f1==0.0000,
Test:  aspect f1=0.4698, opinion f1=0.0000, sentiment acc==0.0000, sentiment f1==0.0000, ABSA f1==0.0000,
Current Max Metrics Index : 6 Current Min Loss Index : 6 Epoch Time: 0m 14s Tau : 0.79

-------------------------------------Iter9--------------------------------------
Train: final loss=0.751704, aspect loss=0.080024, opinion loss=0.000000, domain loss=0.670800, sentiment loss=0.000000, reg loss=0.000000, step=18180
Dev:   final loss=0.170018, aspect loss=0.170018, opinion loss=0.000000, sentiment loss=0.000000, reg loss=0.000000, step=18180
Dev:   aspect f1=0.4816, opinion f1=0.0000, sentiment acc==0.0000, sentiment f1==0.0000, ABSA f1==0.0000,
Test:  aspect f1=0.4816, opinion f1=0.0000, sentiment acc==0.0000, sentiment f1==0.0000, ABSA f1==0.0000,
Current Max Metrics Index : 6 Current Min Loss Index : 6 Epoch Time: 0m 14s Tau : 0.76

-------------------------------------Iter10-------------------------------------
Train: final loss=0.750211, aspect loss=0.078492, opinion loss=0.000000, domain loss=0.670684, sentiment loss=0.000000, reg loss=0.000000, step=19998
Dev:   final loss=0.175029, aspect loss=0.175029, opinion loss=0.000000, sentiment loss=0.000000, reg loss=0.000000, step=19998
Dev:   aspect f1=0.4727, opinion f1=0.0000, sentiment acc==0.0000, sentiment f1==0.0000, ABSA f1==0.0000,
Test:  aspect f1=0.4727, opinion f1=0.0000, sentiment acc==0.0000, sentiment f1==0.0000, ABSA f1==0.0000,
Current Max Metrics Index : 6 Current Min Loss Index : 6 Epoch Time: 0m 14s Tau : 0.74

-------------------------------------Iter11-------------------------------------
Train: final loss=0.747597, aspect loss=0.075713, opinion loss=0.000000, domain loss=0.670739, sentiment loss=0.000000, reg loss=0.000000, step=21816
Dev:   final loss=0.178835, aspect loss=0.178835, opinion loss=0.000000, sentiment loss=0.000000, reg loss=0.000000, step=21816
Dev:   aspect f1=0.4618, opinion f1=0.0000, sentiment acc==0.0000, sentiment f1==0.0000, ABSA f1==0.0000,
Test:  aspect f1=0.4618, opinion f1=0.0000, sentiment acc==0.0000, sentiment f1==0.0000, ABSA f1==0.0000,
Current Max Metrics Index : 6 Current Min Loss Index : 6 Epoch Time: 0m 14s Tau : 0.72

-------------------------------------Iter12-------------------------------------
Train: final loss=0.745992, aspect loss=0.074520, opinion loss=0.000000, domain loss=0.670876, sentiment loss=0.000000, reg loss=0.000000, step=23634
Dev:   final loss=0.198202, aspect loss=0.198202, opinion loss=0.000000, sentiment loss=0.000000, reg loss=0.000000, step=23634
Dev:   aspect f1=0.4744, opinion f1=0.0000, sentiment acc==0.0000, sentiment f1==0.0000, ABSA f1==0.0000,
Test:  aspect f1=0.4744, opinion f1=0.0000, sentiment acc==0.0000, sentiment f1==0.0000, ABSA f1==0.0000,
Current Max Metrics Index : 6 Current Min Loss Index : 6 Epoch Time: 0m 14s Tau : 0.70

-------------------------------------Iter13-------------------------------------
Train: final loss=0.745566, aspect loss=0.073529, opinion loss=0.000000, domain loss=0.670885, sentiment loss=0.000000, reg loss=0.000000, step=25452
Dev:   final loss=0.179581, aspect loss=0.179581, opinion loss=0.000000, sentiment loss=0.000000, reg loss=0.000000, step=25452
Dev:   aspect f1=0.4671, opinion f1=0.0000, sentiment acc==0.0000, sentiment f1==0.0000, ABSA f1==0.0000,
Test:  aspect f1=0.4671, opinion f1=0.0000, sentiment acc==0.0000, sentiment f1==0.0000, ABSA f1==0.0000,
Current Max Metrics Index : 6 Current Min Loss Index : 6 Epoch Time: 0m 14s Tau : 0.68

-------------------------------------Iter14-------------------------------------
Train: final loss=0.743070, aspect loss=0.072287, opinion loss=0.000000, domain loss=0.670433, sentiment loss=0.000000, reg loss=0.000000, step=27270
Dev:   final loss=0.178461, aspect loss=0.178461, opinion loss=0.000000, sentiment loss=0.000000, reg loss=0.000000, step=27270
Dev:   aspect f1=0.4678, opinion f1=0.0000, sentiment acc==0.0000, sentiment f1==0.0000, ABSA f1==0.0000,
Test:  aspect f1=0.4678, opinion f1=0.0000, sentiment acc==0.0000, sentiment f1==0.0000, ABSA f1==0.0000,
Current Max Metrics Index : 6 Current Min Loss Index : 6 Epoch Time: 0m 14s Tau : 0.66

-------------------------------------Iter15-------------------------------------
Train: final loss=0.742498, aspect loss=0.070956, opinion loss=0.000000, domain loss=0.670750, sentiment loss=0.000000, reg loss=0.000000, step=29088
Dev:   final loss=0.180257, aspect loss=0.180257, opinion loss=0.000000, sentiment loss=0.000000, reg loss=0.000000, step=29088
Dev:   aspect f1=0.4670, opinion f1=0.0000, sentiment acc==0.0000, sentiment f1==0.0000, ABSA f1==0.0000,
Test:  aspect f1=0.4670, opinion f1=0.0000, sentiment acc==0.0000, sentiment f1==0.0000, ABSA f1==0.0000,
Current Max Metrics Index : 6 Current Min Loss Index : 6 Epoch Time: 0m 14s Tau : 0.64

-------------------------------------Iter16-------------------------------------
Train: final loss=0.741432, aspect loss=0.069863, opinion loss=0.000000, domain loss=0.671494, sentiment loss=0.000000, reg loss=0.000000, step=30906
Dev:   final loss=0.188454, aspect loss=0.188454, opinion loss=0.000000, sentiment loss=0.000000, reg loss=0.000000, step=30906
Dev:   aspect f1=0.4755, opinion f1=0.0000, sentiment acc==0.0000, sentiment f1==0.0000, ABSA f1==0.0000,
Test:  aspect f1=0.4755, opinion f1=0.0000, sentiment acc==0.0000, sentiment f1==0.0000, ABSA f1==0.0000,
Current Max Metrics Index : 6 Current Min Loss Index : 6 Epoch Time: 0m 14s Tau : 0.62

-------------------------------------Iter17-------------------------------------
Train: final loss=0.741357, aspect loss=0.068804, opinion loss=0.000000, domain loss=0.671174, sentiment loss=0.000000, reg loss=0.000000, step=32724
Dev:   final loss=0.184149, aspect loss=0.184149, opinion loss=0.000000, sentiment loss=0.000000, reg loss=0.000000, step=32724
Dev:   aspect f1=0.4728, opinion f1=0.0000, sentiment acc==0.0000, sentiment f1==0.0000, ABSA f1==0.0000,
Test:  aspect f1=0.4728, opinion f1=0.0000, sentiment acc==0.0000, sentiment f1==0.0000, ABSA f1==0.0000,
Current Max Metrics Index : 6 Current Min Loss Index : 6 Epoch Time: 0m 14s Tau : 0.60

-------------------------------------Iter18-------------------------------------
Train: final loss=0.740385, aspect loss=0.067463, opinion loss=0.000000, domain loss=0.671245, sentiment loss=0.000000, reg loss=0.000000, step=34542
Dev:   final loss=0.185217, aspect loss=0.185217, opinion loss=0.000000, sentiment loss=0.000000, reg loss=0.000000, step=34542
Dev:   aspect f1=0.4684, opinion f1=0.0000, sentiment acc==0.0000, sentiment f1==0.0000, ABSA f1==0.0000,
Test:  aspect f1=0.4684, opinion f1=0.0000, sentiment acc==0.0000, sentiment f1==0.0000, ABSA f1==0.0000,
Current Max Metrics Index : 6 Current Min Loss Index : 6 Epoch Time: 0m 14s Tau : 0.58

-------------------------------------Iter19-------------------------------------
Train: final loss=0.738508, aspect loss=0.066796, opinion loss=0.000000, domain loss=0.670780, sentiment loss=0.000000, reg loss=0.000000, step=36360
Dev:   final loss=0.183094, aspect loss=0.183094, opinion loss=0.000000, sentiment loss=0.000000, reg loss=0.000000, step=36360
Dev:   aspect f1=0.4679, opinion f1=0.0000, sentiment acc==0.0000, sentiment f1==0.0000, ABSA f1==0.0000,
Test:  aspect f1=0.4679, opinion f1=0.0000, sentiment acc==0.0000, sentiment f1==0.0000, ABSA f1==0.0000,
Current Max Metrics Index : 6 Current Min Loss Index : 6 Epoch Time: 0m 14s Tau : 0.57

-------------------------------------Iter20-------------------------------------
Train: final loss=0.740209, aspect loss=0.066374, opinion loss=0.000000, domain loss=0.672232, sentiment loss=0.000000, reg loss=0.000000, step=38178
Dev:   final loss=0.178371, aspect loss=0.178371, opinion loss=0.000000, sentiment loss=0.000000, reg loss=0.000000, step=38178
Dev:   aspect f1=0.4553, opinion f1=0.0000, sentiment acc==0.0000, sentiment f1==0.0000, ABSA f1==0.0000,
Test:  aspect f1=0.4553, opinion f1=0.0000, sentiment acc==0.0000, sentiment f1==0.0000, ABSA f1==0.0000,
Current Max Metrics Index : 6 Current Min Loss Index : 6 Epoch Time: 0m 14s Tau : 0.55

-------------------------------------Iter21-------------------------------------
Train: final loss=0.737179, aspect loss=0.064223, opinion loss=0.000000, domain loss=0.671711, sentiment loss=0.000000, reg loss=0.000000, step=39996
Dev:   final loss=0.199790, aspect loss=0.199790, opinion loss=0.000000, sentiment loss=0.000000, reg loss=0.000000, step=39996
Dev:   aspect f1=0.4716, opinion f1=0.0000, sentiment acc==0.0000, sentiment f1==0.0000, ABSA f1==0.0000,
Test:  aspect f1=0.4716, opinion f1=0.0000, sentiment acc==0.0000, sentiment f1==0.0000, ABSA f1==0.0000,
Current Max Metrics Index : 6 Current Min Loss Index : 6 Epoch Time: 0m 14s Tau : 0.53

-------------------------------------Iter22-------------------------------------
Train: final loss=0.736145, aspect loss=0.064313, opinion loss=0.000000, domain loss=0.671503, sentiment loss=0.000000, reg loss=0.000000, step=41814
Dev:   final loss=0.203405, aspect loss=0.203405, opinion loss=0.000000, sentiment loss=0.000000, reg loss=0.000000, step=41814
Dev:   aspect f1=0.4646, opinion f1=0.0000, sentiment acc==0.0000, sentiment f1==0.0000, ABSA f1==0.0000,
Test:  aspect f1=0.4646, opinion f1=0.0000, sentiment acc==0.0000, sentiment f1==0.0000, ABSA f1==0.0000,
Current Max Metrics Index : 6 Current Min Loss Index : 6 Epoch Time: 0m 14s Tau : 0.52

-------------------------------------Iter23-------------------------------------
Train: final loss=0.736232, aspect loss=0.063778, opinion loss=0.000000, domain loss=0.672036, sentiment loss=0.000000, reg loss=0.000000, step=43632
Dev:   final loss=0.191695, aspect loss=0.191695, opinion loss=0.000000, sentiment loss=0.000000, reg loss=0.000000, step=43632
Dev:   aspect f1=0.4505, opinion f1=0.0000, sentiment acc==0.0000, sentiment f1==0.0000, ABSA f1==0.0000,
Test:  aspect f1=0.4505, opinion f1=0.0000, sentiment acc==0.0000, sentiment f1==0.0000, ABSA f1==0.0000,
Current Max Metrics Index : 6 Current Min Loss Index : 6 Epoch Time: 0m 14s Tau : 0.50

-------------------------------------Iter24-------------------------------------
Train: final loss=0.735446, aspect loss=0.062437, opinion loss=0.000000, domain loss=0.671994, sentiment loss=0.000000, reg loss=0.000000, step=45450
Dev:   final loss=0.201785, aspect loss=0.201785, opinion loss=0.000000, sentiment loss=0.000000, reg loss=0.000000, step=45450
Dev:   aspect f1=0.4635, opinion f1=0.0000, sentiment acc==0.0000, sentiment f1==0.0000, ABSA f1==0.0000,
Test:  aspect f1=0.4635, opinion f1=0.0000, sentiment acc==0.0000, sentiment f1==0.0000, ABSA f1==0.0000,
Current Max Metrics Index : 6 Current Min Loss Index : 6 Epoch Time: 0m 14s Tau : 0.49

-------------------------------------Iter25-------------------------------------
Train: final loss=0.734436, aspect loss=0.062231, opinion loss=0.000000, domain loss=0.672062, sentiment loss=0.000000, reg loss=0.000000, step=47268
Dev:   final loss=0.186836, aspect loss=0.186836, opinion loss=0.000000, sentiment loss=0.000000, reg loss=0.000000, step=47268
Dev:   aspect f1=0.4545, opinion f1=0.0000, sentiment acc==0.0000, sentiment f1==0.0000, ABSA f1==0.0000,
Test:  aspect f1=0.4545, opinion f1=0.0000, sentiment acc==0.0000, sentiment f1==0.0000, ABSA f1==0.0000,
Current Max Metrics Index : 6 Current Min Loss Index : 6 Epoch Time: 0m 14s Tau : 0.47

-------------------------------------Iter26-------------------------------------
Train: final loss=0.733909, aspect loss=0.061767, opinion loss=0.000000, domain loss=0.671515, sentiment loss=0.000000, reg loss=0.000000, step=49086
Dev:   final loss=0.204410, aspect loss=0.204410, opinion loss=0.000000, sentiment loss=0.000000, reg loss=0.000000, step=49086
Dev:   aspect f1=0.4526, opinion f1=0.0000, sentiment acc==0.0000, sentiment f1==0.0000, ABSA f1==0.0000,
Test:  aspect f1=0.4526, opinion f1=0.0000, sentiment acc==0.0000, sentiment f1==0.0000, ABSA f1==0.0000,
Current Max Metrics Index : 6 Current Min Loss Index : 6 Epoch Time: 0m 14s Tau : 0.46

-------------------------------------Iter27-------------------------------------
Train: final loss=0.732772, aspect loss=0.060514, opinion loss=0.000000, domain loss=0.671619, sentiment loss=0.000000, reg loss=0.000000, step=50904
Dev:   final loss=0.193356, aspect loss=0.193356, opinion loss=0.000000, sentiment loss=0.000000, reg loss=0.000000, step=50904
Dev:   aspect f1=0.4499, opinion f1=0.0000, sentiment acc==0.0000, sentiment f1==0.0000, ABSA f1==0.0000,
Test:  aspect f1=0.4499, opinion f1=0.0000, sentiment acc==0.0000, sentiment f1==0.0000, ABSA f1==0.0000,
Current Max Metrics Index : 6 Current Min Loss Index : 6 Epoch Time: 0m 14s Tau : 0.44

-------------------------------------Iter28-------------------------------------
Train: final loss=0.731484, aspect loss=0.059122, opinion loss=0.000000, domain loss=0.671635, sentiment loss=0.000000, reg loss=0.000000, step=52722
Dev:   final loss=0.201495, aspect loss=0.201495, opinion loss=0.000000, sentiment loss=0.000000, reg loss=0.000000, step=52722
Dev:   aspect f1=0.4555, opinion f1=0.0000, sentiment acc==0.0000, sentiment f1==0.0000, ABSA f1==0.0000,
Test:  aspect f1=0.4555, opinion f1=0.0000, sentiment acc==0.0000, sentiment f1==0.0000, ABSA f1==0.0000,
Current Max Metrics Index : 6 Current Min Loss Index : 6 Epoch Time: 0m 10s Tau : 0.43

-------------------------------------Iter29-------------------------------------
Train: final loss=0.732493, aspect loss=0.059253, opinion loss=0.000000, domain loss=0.672152, sentiment loss=0.000000, reg loss=0.000000, step=54540
Dev:   final loss=0.213529, aspect loss=0.213529, opinion loss=0.000000, sentiment loss=0.000000, reg loss=0.000000, step=54540
Dev:   aspect f1=0.4596, opinion f1=0.0000, sentiment acc==0.0000, sentiment f1==0.0000, ABSA f1==0.0000,
Test:  aspect f1=0.4596, opinion f1=0.0000, sentiment acc==0.0000, sentiment f1==0.0000, ABSA f1==0.0000,
Current Max Metrics Index : 6 Current Min Loss Index : 6 Epoch Time: 0m 15s Tau : 0.42

-------------------------------------Iter30-------------------------------------
Train: final loss=0.730650, aspect loss=0.058148, opinion loss=0.000000, domain loss=0.671635, sentiment loss=0.000000, reg loss=0.000000, step=56358
Dev:   final loss=0.220258, aspect loss=0.220258, opinion loss=0.000000, sentiment loss=0.000000, reg loss=0.000000, step=56358
Dev:   aspect f1=0.4594, opinion f1=0.0000, sentiment acc==0.0000, sentiment f1==0.0000, ABSA f1==0.0000,
Test:  aspect f1=0.4594, opinion f1=0.0000, sentiment acc==0.0000, sentiment f1==0.0000, ABSA f1==0.0000,
Current Max Metrics Index : 6 Current Min Loss Index : 6 Epoch Time: 0m 15s Tau : 0.41

-------------------------------------Iter31-------------------------------------
Train: final loss=0.729297, aspect loss=0.056936, opinion loss=0.000000, domain loss=0.671417, sentiment loss=0.000000, reg loss=0.000000, step=58176
Dev:   final loss=0.199917, aspect loss=0.199917, opinion loss=0.000000, sentiment loss=0.000000, reg loss=0.000000, step=58176
Dev:   aspect f1=0.4626, opinion f1=0.0000, sentiment acc==0.0000, sentiment f1==0.0000, ABSA f1==0.0000,
Test:  aspect f1=0.4626, opinion f1=0.0000, sentiment acc==0.0000, sentiment f1==0.0000, ABSA f1==0.0000,
Current Max Metrics Index : 6 Current Min Loss Index : 6 Epoch Time: 0m 15s Tau : 0.39

-------------------------------------Iter32-------------------------------------
Train: final loss=0.728504, aspect loss=0.055808, opinion loss=0.000000, domain loss=0.671548, sentiment loss=0.000000, reg loss=0.000000, step=59994
Dev:   final loss=0.231383, aspect loss=0.231383, opinion loss=0.000000, sentiment loss=0.000000, reg loss=0.000000, step=59994
Dev:   aspect f1=0.4617, opinion f1=0.0000, sentiment acc==0.0000, sentiment f1==0.0000, ABSA f1==0.0000,
Test:  aspect f1=0.4617, opinion f1=0.0000, sentiment acc==0.0000, sentiment f1==0.0000, ABSA f1==0.0000,
Current Max Metrics Index : 6 Current Min Loss Index : 6 Epoch Time: 0m 15s Tau : 0.38

-------------------------------------Iter33-------------------------------------
Train: final loss=0.729132, aspect loss=0.055841, opinion loss=0.000000, domain loss=0.671855, sentiment loss=0.000000, reg loss=0.000000, step=61812
Dev:   final loss=0.220657, aspect loss=0.220657, opinion loss=0.000000, sentiment loss=0.000000, reg loss=0.000000, step=61812
Dev:   aspect f1=0.4704, opinion f1=0.0000, sentiment acc==0.0000, sentiment f1==0.0000, ABSA f1==0.0000,
Test:  aspect f1=0.4704, opinion f1=0.0000, sentiment acc==0.0000, sentiment f1==0.0000, ABSA f1==0.0000,
Current Max Metrics Index : 6 Current Min Loss Index : 6 Epoch Time: 0m 15s Tau : 0.37

-------------------------------------Iter34-------------------------------------
Train: final loss=0.727554, aspect loss=0.054875, opinion loss=0.000000, domain loss=0.671516, sentiment loss=0.000000, reg loss=0.000000, step=63630
Dev:   final loss=0.209195, aspect loss=0.209195, opinion loss=0.000000, sentiment loss=0.000000, reg loss=0.000000, step=63630
Dev:   aspect f1=0.4595, opinion f1=0.0000, sentiment acc==0.0000, sentiment f1==0.0000, ABSA f1==0.0000,
Test:  aspect f1=0.4595, opinion f1=0.0000, sentiment acc==0.0000, sentiment f1==0.0000, ABSA f1==0.0000,
Current Max Metrics Index : 6 Current Min Loss Index : 6 Epoch Time: 0m 15s Tau : 0.36

-------------------------------------Iter35-------------------------------------
Train: final loss=0.727365, aspect loss=0.055014, opinion loss=0.000000, domain loss=0.671697, sentiment loss=0.000000, reg loss=0.000000, step=65448
Dev:   final loss=0.206997, aspect loss=0.206997, opinion loss=0.000000, sentiment loss=0.000000, reg loss=0.000000, step=65448
Dev:   aspect f1=0.4672, opinion f1=0.0000, sentiment acc==0.0000, sentiment f1==0.0000, ABSA f1==0.0000,
Test:  aspect f1=0.4672, opinion f1=0.0000, sentiment acc==0.0000, sentiment f1==0.0000, ABSA f1==0.0000,
Current Max Metrics Index : 6 Current Min Loss Index : 6 Epoch Time: 0m 15s Tau : 0.35

-------------------------------------Iter36-------------------------------------
Train: final loss=0.726807, aspect loss=0.054420, opinion loss=0.000000, domain loss=0.671242, sentiment loss=0.000000, reg loss=0.000000, step=67266
Dev:   final loss=0.225126, aspect loss=0.225126, opinion loss=0.000000, sentiment loss=0.000000, reg loss=0.000000, step=67266
Dev:   aspect f1=0.4550, opinion f1=0.0000, sentiment acc==0.0000, sentiment f1==0.0000, ABSA f1==0.0000,
Test:  aspect f1=0.4550, opinion f1=0.0000, sentiment acc==0.0000, sentiment f1==0.0000, ABSA f1==0.0000,
Current Max Metrics Index : 6 Current Min Loss Index : 6 Epoch Time: 0m 15s Tau : 0.34

-------------------------------------Iter37-------------------------------------
Train: final loss=0.726956, aspect loss=0.053775, opinion loss=0.000000, domain loss=0.671829, sentiment loss=0.000000, reg loss=0.000000, step=69084
Dev:   final loss=0.202561, aspect loss=0.202561, opinion loss=0.000000, sentiment loss=0.000000, reg loss=0.000000, step=69084
Dev:   aspect f1=0.4645, opinion f1=0.0000, sentiment acc==0.0000, sentiment f1==0.0000, ABSA f1==0.0000,
Test:  aspect f1=0.4645, opinion f1=0.0000, sentiment acc==0.0000, sentiment f1==0.0000, ABSA f1==0.0000,
Current Max Metrics Index : 6 Current Min Loss Index : 6 Epoch Time: 0m 15s Tau : 0.33

-------------------------------------Iter38-------------------------------------
Train: final loss=0.726614, aspect loss=0.053479, opinion loss=0.000000, domain loss=0.671701, sentiment loss=0.000000, reg loss=0.000000, step=70902
Dev:   final loss=0.228017, aspect loss=0.228017, opinion loss=0.000000, sentiment loss=0.000000, reg loss=0.000000, step=70902
Dev:   aspect f1=0.4609, opinion f1=0.0000, sentiment acc==0.0000, sentiment f1==0.0000, ABSA f1==0.0000,
Test:  aspect f1=0.4609, opinion f1=0.0000, sentiment acc==0.0000, sentiment f1==0.0000, ABSA f1==0.0000,
Current Max Metrics Index : 6 Current Min Loss Index : 6 Epoch Time: 0m 15s Tau : 0.32

-------------------------------------Iter39-------------------------------------
Train: final loss=0.725749, aspect loss=0.052564, opinion loss=0.000000, domain loss=0.672229, sentiment loss=0.000000, reg loss=0.000000, step=72720
Dev:   final loss=0.220056, aspect loss=0.220056, opinion loss=0.000000, sentiment loss=0.000000, reg loss=0.000000, step=72720
Dev:   aspect f1=0.4611, opinion f1=0.0000, sentiment acc==0.0000, sentiment f1==0.0000, ABSA f1==0.0000,
Test:  aspect f1=0.4611, opinion f1=0.0000, sentiment acc==0.0000, sentiment f1==0.0000, ABSA f1==0.0000,
Current Max Metrics Index : 6 Current Min Loss Index : 6 Epoch Time: 0m 15s Tau : 0.31

-------------------------------------Iter40-------------------------------------
Train: final loss=0.723934, aspect loss=0.051262, opinion loss=0.000000, domain loss=0.671660, sentiment loss=0.000000, reg loss=0.000000, step=74538
Dev:   final loss=0.221454, aspect loss=0.221454, opinion loss=0.000000, sentiment loss=0.000000, reg loss=0.000000, step=74538
Dev:   aspect f1=0.4554, opinion f1=0.0000, sentiment acc==0.0000, sentiment f1==0.0000, ABSA f1==0.0000,
Test:  aspect f1=0.4554, opinion f1=0.0000, sentiment acc==0.0000, sentiment f1==0.0000, ABSA f1==0.0000,
Current Max Metrics Index : 6 Current Min Loss Index : 6 Epoch Time: 0m 15s Tau : 0.30

-------------------------------------Iter41-------------------------------------
Train: final loss=0.724744, aspect loss=0.052035, opinion loss=0.000000, domain loss=0.671640, sentiment loss=0.000000, reg loss=0.000000, step=76356
Dev:   final loss=0.225690, aspect loss=0.225690, opinion loss=0.000000, sentiment loss=0.000000, reg loss=0.000000, step=76356
Dev:   aspect f1=0.4560, opinion f1=0.0000, sentiment acc==0.0000, sentiment f1==0.0000, ABSA f1==0.0000,
Test:  aspect f1=0.4560, opinion f1=0.0000, sentiment acc==0.0000, sentiment f1==0.0000, ABSA f1==0.0000,
Current Max Metrics Index : 6 Current Min Loss Index : 6 Epoch Time: 0m 15s Tau : 0.29

-------------------------------------Iter42-------------------------------------
Train: final loss=0.725045, aspect loss=0.051870, opinion loss=0.000000, domain loss=0.671530, sentiment loss=0.000000, reg loss=0.000000, step=78174
Dev:   final loss=0.199973, aspect loss=0.199973, opinion loss=0.000000, sentiment loss=0.000000, reg loss=0.000000, step=78174
Dev:   aspect f1=0.4520, opinion f1=0.0000, sentiment acc==0.0000, sentiment f1==0.0000, ABSA f1==0.0000,
Test:  aspect f1=0.4520, opinion f1=0.0000, sentiment acc==0.0000, sentiment f1==0.0000, ABSA f1==0.0000,
Current Max Metrics Index : 6 Current Min Loss Index : 6 Epoch Time: 0m 15s Tau : 0.28

-------------------------------------Iter43-------------------------------------
Train: final loss=0.724814, aspect loss=0.051056, opinion loss=0.000000, domain loss=0.672019, sentiment loss=0.000000, reg loss=0.000000, step=79992
Dev:   final loss=0.214029, aspect loss=0.214029, opinion loss=0.000000, sentiment loss=0.000000, reg loss=0.000000, step=79992
Dev:   aspect f1=0.4356, opinion f1=0.0000, sentiment acc==0.0000, sentiment f1==0.0000, ABSA f1==0.0000,
Test:  aspect f1=0.4356, opinion f1=0.0000, sentiment acc==0.0000, sentiment f1==0.0000, ABSA f1==0.0000,
Current Max Metrics Index : 6 Current Min Loss Index : 6 Epoch Time: 0m 15s Tau : 0.28

-------------------------------------Iter44-------------------------------------
Train: final loss=0.722060, aspect loss=0.049737, opinion loss=0.000000, domain loss=0.671401, sentiment loss=0.000000, reg loss=0.000000, step=81810
Dev:   final loss=0.213566, aspect loss=0.213566, opinion loss=0.000000, sentiment loss=0.000000, reg loss=0.000000, step=81810
Dev:   aspect f1=0.4556, opinion f1=0.0000, sentiment acc==0.0000, sentiment f1==0.0000, ABSA f1==0.0000,
Test:  aspect f1=0.4556, opinion f1=0.0000, sentiment acc==0.0000, sentiment f1==0.0000, ABSA f1==0.0000,
Current Max Metrics Index : 6 Current Min Loss Index : 6 Epoch Time: 0m 15s Tau : 0.27

-------------------------------------Iter45-------------------------------------
Train: final loss=0.723142, aspect loss=0.050019, opinion loss=0.000000, domain loss=0.671617, sentiment loss=0.000000, reg loss=0.000000, step=83628
Dev:   final loss=0.208511, aspect loss=0.208511, opinion loss=0.000000, sentiment loss=0.000000, reg loss=0.000000, step=83628
Dev:   aspect f1=0.4627, opinion f1=0.0000, sentiment acc==0.0000, sentiment f1==0.0000, ABSA f1==0.0000,
Test:  aspect f1=0.4627, opinion f1=0.0000, sentiment acc==0.0000, sentiment f1==0.0000, ABSA f1==0.0000,
Current Max Metrics Index : 6 Current Min Loss Index : 6 Epoch Time: 0m 15s Tau : 0.26

-------------------------------------Iter46-------------------------------------
Train: final loss=0.721772, aspect loss=0.049525, opinion loss=0.000000, domain loss=0.671062, sentiment loss=0.000000, reg loss=0.000000, step=85446
Dev:   final loss=0.227533, aspect loss=0.227533, opinion loss=0.000000, sentiment loss=0.000000, reg loss=0.000000, step=85446
Dev:   aspect f1=0.4578, opinion f1=0.0000, sentiment acc==0.0000, sentiment f1==0.0000, ABSA f1==0.0000,
Test:  aspect f1=0.4578, opinion f1=0.0000, sentiment acc==0.0000, sentiment f1==0.0000, ABSA f1==0.0000,
Current Max Metrics Index : 6 Current Min Loss Index : 6 Epoch Time: 0m 15s Tau : 0.25

-------------------------------------Iter47-------------------------------------
Train: final loss=0.720362, aspect loss=0.048006, opinion loss=0.000000, domain loss=0.671758, sentiment loss=0.000000, reg loss=0.000000, step=87264
Dev:   final loss=0.218914, aspect loss=0.218914, opinion loss=0.000000, sentiment loss=0.000000, reg loss=0.000000, step=87264
Dev:   aspect f1=0.4511, opinion f1=0.0000, sentiment acc==0.0000, sentiment f1==0.0000, ABSA f1==0.0000,
Test:  aspect f1=0.4511, opinion f1=0.0000, sentiment acc==0.0000, sentiment f1==0.0000, ABSA f1==0.0000,
Current Max Metrics Index : 6 Current Min Loss Index : 6 Epoch Time: 0m 15s Tau : 0.24

-------------------------------------Iter48-------------------------------------
Train: final loss=0.722143, aspect loss=0.049062, opinion loss=0.000000, domain loss=0.671743, sentiment loss=0.000000, reg loss=0.000000, step=89082
Dev:   final loss=0.230143, aspect loss=0.230143, opinion loss=0.000000, sentiment loss=0.000000, reg loss=0.000000, step=89082
Dev:   aspect f1=0.4490, opinion f1=0.0000, sentiment acc==0.0000, sentiment f1==0.0000, ABSA f1==0.0000,
Test:  aspect f1=0.4490, opinion f1=0.0000, sentiment acc==0.0000, sentiment f1==0.0000, ABSA f1==0.0000,
Current Max Metrics Index : 6 Current Min Loss Index : 6 Epoch Time: 0m 15s Tau : 0.24

-------------------------------------Iter49-------------------------------------
Train: final loss=0.721744, aspect loss=0.048928, opinion loss=0.000000, domain loss=0.671393, sentiment loss=0.000000, reg loss=0.000000, step=90900
Dev:   final loss=0.218597, aspect loss=0.218597, opinion loss=0.000000, sentiment loss=0.000000, reg loss=0.000000, step=90900
Dev:   aspect f1=0.4381, opinion f1=0.0000, sentiment acc==0.0000, sentiment f1==0.0000, ABSA f1==0.0000,
Test:  aspect f1=0.4381, opinion f1=0.0000, sentiment acc==0.0000, sentiment f1==0.0000, ABSA f1==0.0000,
Current Max Metrics Index : 6 Current Min Loss Index : 6 Epoch Time: 0m 15s Tau : 0.23

-------------------------------------Iter50-------------------------------------
Train: final loss=0.720661, aspect loss=0.047670, opinion loss=0.000000, domain loss=0.671945, sentiment loss=0.000000, reg loss=0.000000, step=92718
Dev:   final loss=0.221635, aspect loss=0.221635, opinion loss=0.000000, sentiment loss=0.000000, reg loss=0.000000, step=92718
Dev:   aspect f1=0.4567, opinion f1=0.0000, sentiment acc==0.0000, sentiment f1==0.0000, ABSA f1==0.0000,
Test:  aspect f1=0.4567, opinion f1=0.0000, sentiment acc==0.0000, sentiment f1==0.0000, ABSA f1==0.0000,
Current Max Metrics Index : 6 Current Min Loss Index : 6 Epoch Time: 0m 15s Tau : 0.22

-------------------------------------Iter51-------------------------------------
Train: final loss=0.720037, aspect loss=0.047520, opinion loss=0.000000, domain loss=0.671580, sentiment loss=0.000000, reg loss=0.000000, step=94536
Dev:   final loss=0.228659, aspect loss=0.228659, opinion loss=0.000000, sentiment loss=0.000000, reg loss=0.000000, step=94536
Dev:   aspect f1=0.4399, opinion f1=0.0000, sentiment acc==0.0000, sentiment f1==0.0000, ABSA f1==0.0000,
Test:  aspect f1=0.4399, opinion f1=0.0000, sentiment acc==0.0000, sentiment f1==0.0000, ABSA f1==0.0000,
Current Max Metrics Index : 6 Current Min Loss Index : 6 Epoch Time: 0m 15s Tau : 0.22

-------------------------------------Iter52-------------------------------------
Train: final loss=0.720251, aspect loss=0.046724, opinion loss=0.000000, domain loss=0.672127, sentiment loss=0.000000, reg loss=0.000000, step=96354
Dev:   final loss=0.256585, aspect loss=0.256585, opinion loss=0.000000, sentiment loss=0.000000, reg loss=0.000000, step=96354
Dev:   aspect f1=0.4448, opinion f1=0.0000, sentiment acc==0.0000, sentiment f1==0.0000, ABSA f1==0.0000,
Test:  aspect f1=0.4448, opinion f1=0.0000, sentiment acc==0.0000, sentiment f1==0.0000, ABSA f1==0.0000,
Current Max Metrics Index : 6 Current Min Loss Index : 6 Epoch Time: 0m 15s Tau : 0.21

-------------------------------------Iter53-------------------------------------
Train: final loss=0.720093, aspect loss=0.047650, opinion loss=0.000000, domain loss=0.671082, sentiment loss=0.000000, reg loss=0.000000, step=98172
Dev:   final loss=0.225039, aspect loss=0.225039, opinion loss=0.000000, sentiment loss=0.000000, reg loss=0.000000, step=98172
Dev:   aspect f1=0.4592, opinion f1=0.0000, sentiment acc==0.0000, sentiment f1==0.0000, ABSA f1==0.0000,
Test:  aspect f1=0.4592, opinion f1=0.0000, sentiment acc==0.0000, sentiment f1==0.0000, ABSA f1==0.0000,
Current Max Metrics Index : 6 Current Min Loss Index : 6 Epoch Time: 0m 15s Tau : 0.20

-------------------------------------Iter54-------------------------------------
Train: final loss=0.720669, aspect loss=0.046837, opinion loss=0.000000, domain loss=0.671920, sentiment loss=0.000000, reg loss=0.000000, step=99990
Dev:   final loss=0.237805, aspect loss=0.237805, opinion loss=0.000000, sentiment loss=0.000000, reg loss=0.000000, step=99990
Dev:   aspect f1=0.4617, opinion f1=0.0000, sentiment acc==0.0000, sentiment f1==0.0000, ABSA f1==0.0000,
Test:  aspect f1=0.4617, opinion f1=0.0000, sentiment acc==0.0000, sentiment f1==0.0000, ABSA f1==0.0000,
Current Max Metrics Index : 6 Current Min Loss Index : 6 Epoch Time: 0m 15s Tau : 0.20

-------------------------------------Iter55-------------------------------------
Train: final loss=0.719788, aspect loss=0.046625, opinion loss=0.000000, domain loss=0.671994, sentiment loss=0.000000, reg loss=0.000000, step=101808
Dev:   final loss=0.240938, aspect loss=0.240938, opinion loss=0.000000, sentiment loss=0.000000, reg loss=0.000000, step=101808
Dev:   aspect f1=0.4556, opinion f1=0.0000, sentiment acc==0.0000, sentiment f1==0.0000, ABSA f1==0.0000,
Test:  aspect f1=0.4556, opinion f1=0.0000, sentiment acc==0.0000, sentiment f1==0.0000, ABSA f1==0.0000,
Current Max Metrics Index : 6 Current Min Loss Index : 6 Epoch Time: 0m 15s Tau : 0.19

-------------------------------------Iter56-------------------------------------
Train: final loss=0.718539, aspect loss=0.045766, opinion loss=0.000000, domain loss=0.672036, sentiment loss=0.000000, reg loss=0.000000, step=103626
Dev:   final loss=0.221529, aspect loss=0.221529, opinion loss=0.000000, sentiment loss=0.000000, reg loss=0.000000, step=103626
Dev:   aspect f1=0.4562, opinion f1=0.0000, sentiment acc==0.0000, sentiment f1==0.0000, ABSA f1==0.0000,
Test:  aspect f1=0.4562, opinion f1=0.0000, sentiment acc==0.0000, sentiment f1==0.0000, ABSA f1==0.0000,
Current Max Metrics Index : 6 Current Min Loss Index : 6 Epoch Time: 0m 15s Tau : 0.19

-------------------------------------Iter57-------------------------------------
Train: final loss=0.718129, aspect loss=0.045520, opinion loss=0.000000, domain loss=0.671418, sentiment loss=0.000000, reg loss=0.000000, step=105444
Dev:   final loss=0.223734, aspect loss=0.223734, opinion loss=0.000000, sentiment loss=0.000000, reg loss=0.000000, step=105444
Dev:   aspect f1=0.4544, opinion f1=0.0000, sentiment acc==0.0000, sentiment f1==0.0000, ABSA f1==0.0000,
Test:  aspect f1=0.4544, opinion f1=0.0000, sentiment acc==0.0000, sentiment f1==0.0000, ABSA f1==0.0000,
Current Max Metrics Index : 6 Current Min Loss Index : 6 Epoch Time: 0m 15s Tau : 0.18

-------------------------------------Iter58-------------------------------------
Train: final loss=0.717530, aspect loss=0.045332, opinion loss=0.000000, domain loss=0.671717, sentiment loss=0.000000, reg loss=0.000000, step=107262
Dev:   final loss=0.233540, aspect loss=0.233540, opinion loss=0.000000, sentiment loss=0.000000, reg loss=0.000000, step=107262
Dev:   aspect f1=0.4645, opinion f1=0.0000, sentiment acc==0.0000, sentiment f1==0.0000, ABSA f1==0.0000,
Test:  aspect f1=0.4645, opinion f1=0.0000, sentiment acc==0.0000, sentiment f1==0.0000, ABSA f1==0.0000,
Current Max Metrics Index : 6 Current Min Loss Index : 6 Epoch Time: 0m 15s Tau : 0.18

-------------------------------------Iter59-------------------------------------
Train: final loss=0.716807, aspect loss=0.044770, opinion loss=0.000000, domain loss=0.671994, sentiment loss=0.000000, reg loss=0.000000, step=109080
Dev:   final loss=0.221304, aspect loss=0.221304, opinion loss=0.000000, sentiment loss=0.000000, reg loss=0.000000, step=109080
Dev:   aspect f1=0.4597, opinion f1=0.0000, sentiment acc==0.0000, sentiment f1==0.0000, ABSA f1==0.0000,
Test:  aspect f1=0.4597, opinion f1=0.0000, sentiment acc==0.0000, sentiment f1==0.0000, ABSA f1==0.0000,
Current Max Metrics Index : 6 Current Min Loss Index : 6 Epoch Time: 0m 15s Tau : 0.17

-------------------------------------Iter60-------------------------------------
Train: final loss=0.718273, aspect loss=0.045403, opinion loss=0.000000, domain loss=0.671854, sentiment loss=0.000000, reg loss=0.000000, step=110898
Dev:   final loss=0.219392, aspect loss=0.219392, opinion loss=0.000000, sentiment loss=0.000000, reg loss=0.000000, step=110898
Dev:   aspect f1=0.4559, opinion f1=0.0000, sentiment acc==0.0000, sentiment f1==0.0000, ABSA f1==0.0000,
Test:  aspect f1=0.4559, opinion f1=0.0000, sentiment acc==0.0000, sentiment f1==0.0000, ABSA f1==0.0000,
Current Max Metrics Index : 6 Current Min Loss Index : 6 Epoch Time: 0m 15s Tau : 0.17

-------------------------------------Iter61-------------------------------------
Train: final loss=0.716150, aspect loss=0.043484, opinion loss=0.000000, domain loss=0.671626, sentiment loss=0.000000, reg loss=0.000000, step=112716
Dev:   final loss=0.231740, aspect loss=0.231740, opinion loss=0.000000, sentiment loss=0.000000, reg loss=0.000000, step=112716
Dev:   aspect f1=0.4511, opinion f1=0.0000, sentiment acc==0.0000, sentiment f1==0.0000, ABSA f1==0.0000,
Test:  aspect f1=0.4511, opinion f1=0.0000, sentiment acc==0.0000, sentiment f1==0.0000, ABSA f1==0.0000,
Current Max Metrics Index : 6 Current Min Loss Index : 6 Epoch Time: 0m 15s Tau : 0.16

-------------------------------------Iter62-------------------------------------
Train: final loss=0.716508, aspect loss=0.044885, opinion loss=0.000000, domain loss=0.671424, sentiment loss=0.000000, reg loss=0.000000, step=114534
Dev:   final loss=0.236666, aspect loss=0.236666, opinion loss=0.000000, sentiment loss=0.000000, reg loss=0.000000, step=114534
Dev:   aspect f1=0.4556, opinion f1=0.0000, sentiment acc==0.0000, sentiment f1==0.0000, ABSA f1==0.0000,
Test:  aspect f1=0.4556, opinion f1=0.0000, sentiment acc==0.0000, sentiment f1==0.0000, ABSA f1==0.0000,
Current Max Metrics Index : 6 Current Min Loss Index : 6 Epoch Time: 0m 15s Tau : 0.16

-------------------------------------Iter63-------------------------------------
Train: final loss=0.717183, aspect loss=0.044219, opinion loss=0.000000, domain loss=0.671875, sentiment loss=0.000000, reg loss=0.000000, step=116352
Dev:   final loss=0.247215, aspect loss=0.247215, opinion loss=0.000000, sentiment loss=0.000000, reg loss=0.000000, step=116352
Dev:   aspect f1=0.4561, opinion f1=0.0000, sentiment acc==0.0000, sentiment f1==0.0000, ABSA f1==0.0000,
Test:  aspect f1=0.4561, opinion f1=0.0000, sentiment acc==0.0000, sentiment f1==0.0000, ABSA f1==0.0000,
Current Max Metrics Index : 6 Current Min Loss Index : 6 Epoch Time: 0m 15s Tau : 0.15

-------------------------------------Iter64-------------------------------------
Train: final loss=0.718371, aspect loss=0.044864, opinion loss=0.000000, domain loss=0.672195, sentiment loss=0.000000, reg loss=0.000000, step=118170
Dev:   final loss=0.250352, aspect loss=0.250352, opinion loss=0.000000, sentiment loss=0.000000, reg loss=0.000000, step=118170
Dev:   aspect f1=0.4540, opinion f1=0.0000, sentiment acc==0.0000, sentiment f1==0.0000, ABSA f1==0.0000,
Test:  aspect f1=0.4540, opinion f1=0.0000, sentiment acc==0.0000, sentiment f1==0.0000, ABSA f1==0.0000,
Current Max Metrics Index : 6 Current Min Loss Index : 6 Epoch Time: 0m 15s Tau : 0.15

-------------------------------------Iter65-------------------------------------
Train: final loss=0.717141, aspect loss=0.044002, opinion loss=0.000000, domain loss=0.671740, sentiment loss=0.000000, reg loss=0.000000, step=119988
Dev:   final loss=0.235019, aspect loss=0.235019, opinion loss=0.000000, sentiment loss=0.000000, reg loss=0.000000, step=119988
Dev:   aspect f1=0.4577, opinion f1=0.0000, sentiment acc==0.0000, sentiment f1==0.0000, ABSA f1==0.0000,
Test:  aspect f1=0.4577, opinion f1=0.0000, sentiment acc==0.0000, sentiment f1==0.0000, ABSA f1==0.0000,
Current Max Metrics Index : 6 Current Min Loss Index : 6 Epoch Time: 0m 15s Tau : 0.14

-------------------------------------Iter66-------------------------------------
Train: final loss=0.716686, aspect loss=0.043503, opinion loss=0.000000, domain loss=0.671607, sentiment loss=0.000000, reg loss=0.000000, step=121806
Dev:   final loss=0.229212, aspect loss=0.229212, opinion loss=0.000000, sentiment loss=0.000000, reg loss=0.000000, step=121806
Dev:   aspect f1=0.4597, opinion f1=0.0000, sentiment acc==0.0000, sentiment f1==0.0000, ABSA f1==0.0000,
Test:  aspect f1=0.4597, opinion f1=0.0000, sentiment acc==0.0000, sentiment f1==0.0000, ABSA f1==0.0000,
Current Max Metrics Index : 6 Current Min Loss Index : 6 Epoch Time: 0m 15s Tau : 0.14

-------------------------------------Iter67-------------------------------------
Train: final loss=0.715456, aspect loss=0.042548, opinion loss=0.000000, domain loss=0.671379, sentiment loss=0.000000, reg loss=0.000000, step=123624
Dev:   final loss=0.250250, aspect loss=0.250250, opinion loss=0.000000, sentiment loss=0.000000, reg loss=0.000000, step=123624
Dev:   aspect f1=0.4528, opinion f1=0.0000, sentiment acc==0.0000, sentiment f1==0.0000, ABSA f1==0.0000,
Test:  aspect f1=0.4528, opinion f1=0.0000, sentiment acc==0.0000, sentiment f1==0.0000, ABSA f1==0.0000,
Current Max Metrics Index : 6 Current Min Loss Index : 6 Epoch Time: 0m 15s Tau : 0.13

-------------------------------------Iter68-------------------------------------
Train: final loss=0.716612, aspect loss=0.043349, opinion loss=0.000000, domain loss=0.671883, sentiment loss=0.000000, reg loss=0.000000, step=125442
Dev:   final loss=0.219972, aspect loss=0.219972, opinion loss=0.000000, sentiment loss=0.000000, reg loss=0.000000, step=125442
Dev:   aspect f1=0.4621, opinion f1=0.0000, sentiment acc==0.0000, sentiment f1==0.0000, ABSA f1==0.0000,
Test:  aspect f1=0.4621, opinion f1=0.0000, sentiment acc==0.0000, sentiment f1==0.0000, ABSA f1==0.0000,
Current Max Metrics Index : 6 Current Min Loss Index : 6 Epoch Time: 0m 15s Tau : 0.13

-------------------------------------Iter69-------------------------------------
Train: final loss=0.716707, aspect loss=0.043219, opinion loss=0.000000, domain loss=0.672222, sentiment loss=0.000000, reg loss=0.000000, step=127260
Dev:   final loss=0.239896, aspect loss=0.239896, opinion loss=0.000000, sentiment loss=0.000000, reg loss=0.000000, step=127260
Dev:   aspect f1=0.4629, opinion f1=0.0000, sentiment acc==0.0000, sentiment f1==0.0000, ABSA f1==0.0000,
Test:  aspect f1=0.4629, opinion f1=0.0000, sentiment acc==0.0000, sentiment f1==0.0000, ABSA f1==0.0000,
Current Max Metrics Index : 6 Current Min Loss Index : 6 Epoch Time: 0m 15s Tau : 0.13

-------------------------------------Iter70-------------------------------------
Train: final loss=0.716009, aspect loss=0.043048, opinion loss=0.000000, domain loss=0.671763, sentiment loss=0.000000, reg loss=0.000000, step=129078
Dev:   final loss=0.248415, aspect loss=0.248415, opinion loss=0.000000, sentiment loss=0.000000, reg loss=0.000000, step=129078
Dev:   aspect f1=0.4578, opinion f1=0.0000, sentiment acc==0.0000, sentiment f1==0.0000, ABSA f1==0.0000,
Test:  aspect f1=0.4578, opinion f1=0.0000, sentiment acc==0.0000, sentiment f1==0.0000, ABSA f1==0.0000,
Current Max Metrics Index : 6 Current Min Loss Index : 6 Epoch Time: 0m 15s Tau : 0.12

-------------------------------------Iter71-------------------------------------
Train: final loss=0.714655, aspect loss=0.041373, opinion loss=0.000000, domain loss=0.671777, sentiment loss=0.000000, reg loss=0.000000, step=130896
Dev:   final loss=0.239745, aspect loss=0.239745, opinion loss=0.000000, sentiment loss=0.000000, reg loss=0.000000, step=130896
Dev:   aspect f1=0.4498, opinion f1=0.0000, sentiment acc==0.0000, sentiment f1==0.0000, ABSA f1==0.0000,
Test:  aspect f1=0.4498, opinion f1=0.0000, sentiment acc==0.0000, sentiment f1==0.0000, ABSA f1==0.0000,
Current Max Metrics Index : 6 Current Min Loss Index : 6 Epoch Time: 0m 15s Tau : 0.12

-------------------------------------Iter72-------------------------------------
Train: final loss=0.714160, aspect loss=0.041015, opinion loss=0.000000, domain loss=0.671960, sentiment loss=0.000000, reg loss=0.000000, step=132714
Dev:   final loss=0.239453, aspect loss=0.239453, opinion loss=0.000000, sentiment loss=0.000000, reg loss=0.000000, step=132714
Dev:   aspect f1=0.4554, opinion f1=0.0000, sentiment acc==0.0000, sentiment f1==0.0000, ABSA f1==0.0000,
Test:  aspect f1=0.4554, opinion f1=0.0000, sentiment acc==0.0000, sentiment f1==0.0000, ABSA f1==0.0000,
Current Max Metrics Index : 6 Current Min Loss Index : 6 Epoch Time: 0m 15s Tau : 0.12

-------------------------------------Iter73-------------------------------------
Train: final loss=0.714420, aspect loss=0.041993, opinion loss=0.000000, domain loss=0.671657, sentiment loss=0.000000, reg loss=0.000000, step=134532
Dev:   final loss=0.244960, aspect loss=0.244960, opinion loss=0.000000, sentiment loss=0.000000, reg loss=0.000000, step=134532
Dev:   aspect f1=0.4390, opinion f1=0.0000, sentiment acc==0.0000, sentiment f1==0.0000, ABSA f1==0.0000,
Test:  aspect f1=0.4390, opinion f1=0.0000, sentiment acc==0.0000, sentiment f1==0.0000, ABSA f1==0.0000,
Current Max Metrics Index : 6 Current Min Loss Index : 6 Epoch Time: 0m 15s Tau : 0.11

-------------------------------------Iter74-------------------------------------
Train: final loss=0.714422, aspect loss=0.041661, opinion loss=0.000000, domain loss=0.671754, sentiment loss=0.000000, reg loss=0.000000, step=136350
Dev:   final loss=0.218920, aspect loss=0.218920, opinion loss=0.000000, sentiment loss=0.000000, reg loss=0.000000, step=136350
Dev:   aspect f1=0.4564, opinion f1=0.0000, sentiment acc==0.0000, sentiment f1==0.0000, ABSA f1==0.0000,
Test:  aspect f1=0.4564, opinion f1=0.0000, sentiment acc==0.0000, sentiment f1==0.0000, ABSA f1==0.0000,
Current Max Metrics Index : 6 Current Min Loss Index : 6 Epoch Time: 0m 15s Tau : 0.11

-------------------------------------Iter75-------------------------------------
Train: final loss=0.713426, aspect loss=0.041088, opinion loss=0.000000, domain loss=0.671424, sentiment loss=0.000000, reg loss=0.000000, step=138168
Dev:   final loss=0.247228, aspect loss=0.247228, opinion loss=0.000000, sentiment loss=0.000000, reg loss=0.000000, step=138168
Dev:   aspect f1=0.4618, opinion f1=0.0000, sentiment acc==0.0000, sentiment f1==0.0000, ABSA f1==0.0000,
Test:  aspect f1=0.4618, opinion f1=0.0000, sentiment acc==0.0000, sentiment f1==0.0000, ABSA f1==0.0000,
Current Max Metrics Index : 6 Current Min Loss Index : 6 Epoch Time: 0m 15s Tau : 0.11

-------------------------------------Iter76-------------------------------------
Train: final loss=0.713998, aspect loss=0.040648, opinion loss=0.000000, domain loss=0.672065, sentiment loss=0.000000, reg loss=0.000000, step=139986
Dev:   final loss=0.256614, aspect loss=0.256614, opinion loss=0.000000, sentiment loss=0.000000, reg loss=0.000000, step=139986
Dev:   aspect f1=0.4514, opinion f1=0.0000, sentiment acc==0.0000, sentiment f1==0.0000, ABSA f1==0.0000,
Test:  aspect f1=0.4514, opinion f1=0.0000, sentiment acc==0.0000, sentiment f1==0.0000, ABSA f1==0.0000,
Current Max Metrics Index : 6 Current Min Loss Index : 6 Epoch Time: 0m 15s Tau : 0.10

-------------------------------------Iter77-------------------------------------
Train: final loss=0.713682, aspect loss=0.041588, opinion loss=0.000000, domain loss=0.671582, sentiment loss=0.000000, reg loss=0.000000, step=141804
Dev:   final loss=0.232115, aspect loss=0.232115, opinion loss=0.000000, sentiment loss=0.000000, reg loss=0.000000, step=141804
Dev:   aspect f1=0.4608, opinion f1=0.0000, sentiment acc==0.0000, sentiment f1==0.0000, ABSA f1==0.0000,
Test:  aspect f1=0.4608, opinion f1=0.0000, sentiment acc==0.0000, sentiment f1==0.0000, ABSA f1==0.0000,
Current Max Metrics Index : 6 Current Min Loss Index : 6 Epoch Time: 0m 15s Tau : 0.10

-------------------------------------Iter78-------------------------------------
Train: final loss=0.713680, aspect loss=0.040125, opinion loss=0.000000, domain loss=0.671879, sentiment loss=0.000000, reg loss=0.000000, step=143622
Dev:   final loss=0.240215, aspect loss=0.240215, opinion loss=0.000000, sentiment loss=0.000000, reg loss=0.000000, step=143622
Dev:   aspect f1=0.4588, opinion f1=0.0000, sentiment acc==0.0000, sentiment f1==0.0000, ABSA f1==0.0000,
Test:  aspect f1=0.4588, opinion f1=0.0000, sentiment acc==0.0000, sentiment f1==0.0000, ABSA f1==0.0000,
Current Max Metrics Index : 6 Current Min Loss Index : 6 Epoch Time: 0m 15s Tau : 0.10

-------------------------------------Iter79-------------------------------------
Train: final loss=0.713525, aspect loss=0.040335, opinion loss=0.000000, domain loss=0.671986, sentiment loss=0.000000, reg loss=0.000000, step=145440
Dev:   final loss=0.237703, aspect loss=0.237703, opinion loss=0.000000, sentiment loss=0.000000, reg loss=0.000000, step=145440
Dev:   aspect f1=0.4497, opinion f1=0.0000, sentiment acc==0.0000, sentiment f1==0.0000, ABSA f1==0.0000,
Test:  aspect f1=0.4497, opinion f1=0.0000, sentiment acc==0.0000, sentiment f1==0.0000, ABSA f1==0.0000,
Current Max Metrics Index : 6 Current Min Loss Index : 6 Epoch Time: 0m 15s Tau : 0.10

-------------------------------------Iter80-------------------------------------
Train: final loss=0.713209, aspect loss=0.040736, opinion loss=0.000000, domain loss=0.672038, sentiment loss=0.000000, reg loss=0.000000, step=147258
Dev:   final loss=0.236445, aspect loss=0.236445, opinion loss=0.000000, sentiment loss=0.000000, reg loss=0.000000, step=147258
Dev:   aspect f1=0.4511, opinion f1=0.0000, sentiment acc==0.0000, sentiment f1==0.0000, ABSA f1==0.0000,
Test:  aspect f1=0.4511, opinion f1=0.0000, sentiment acc==0.0000, sentiment f1==0.0000, ABSA f1==0.0000,
Current Max Metrics Index : 6 Current Min Loss Index : 6 Epoch Time: 0m 15s Tau : 0.10

-------------------------------------Iter81-------------------------------------
Train: final loss=0.713481, aspect loss=0.040417, opinion loss=0.000000, domain loss=0.671792, sentiment loss=0.000000, reg loss=0.000000, step=149076
Dev:   final loss=0.240448, aspect loss=0.240448, opinion loss=0.000000, sentiment loss=0.000000, reg loss=0.000000, step=149076
Dev:   aspect f1=0.4413, opinion f1=0.0000, sentiment acc==0.0000, sentiment f1==0.0000, ABSA f1==0.0000,
Test:  aspect f1=0.4413, opinion f1=0.0000, sentiment acc==0.0000, sentiment f1==0.0000, ABSA f1==0.0000,
Current Max Metrics Index : 6 Current Min Loss Index : 6 Epoch Time: 0m 15s Tau : 0.10

-------------------------------------Iter82-------------------------------------
Train: final loss=0.711895, aspect loss=0.039750, opinion loss=0.000000, domain loss=0.671886, sentiment loss=0.000000, reg loss=0.000000, step=150894
Dev:   final loss=0.247123, aspect loss=0.247123, opinion loss=0.000000, sentiment loss=0.000000, reg loss=0.000000, step=150894
Dev:   aspect f1=0.4383, opinion f1=0.0000, sentiment acc==0.0000, sentiment f1==0.0000, ABSA f1==0.0000,
Test:  aspect f1=0.4383, opinion f1=0.0000, sentiment acc==0.0000, sentiment f1==0.0000, ABSA f1==0.0000,
Current Max Metrics Index : 6 Current Min Loss Index : 6 Epoch Time: 0m 15s Tau : 0.10

-------------------------------------Iter83-------------------------------------
Train: final loss=0.712369, aspect loss=0.039887, opinion loss=0.000000, domain loss=0.671782, sentiment loss=0.000000, reg loss=0.000000, step=152712
Dev:   final loss=0.264881, aspect loss=0.264881, opinion loss=0.000000, sentiment loss=0.000000, reg loss=0.000000, step=152712
Dev:   aspect f1=0.4426, opinion f1=0.0000, sentiment acc==0.0000, sentiment f1==0.0000, ABSA f1==0.0000,
Test:  aspect f1=0.4426, opinion f1=0.0000, sentiment acc==0.0000, sentiment f1==0.0000, ABSA f1==0.0000,
Current Max Metrics Index : 6 Current Min Loss Index : 6 Epoch Time: 0m 15s Tau : 0.10

-------------------------------------Iter84-------------------------------------
Train: final loss=0.713021, aspect loss=0.039280, opinion loss=0.000000, domain loss=0.671883, sentiment loss=0.000000, reg loss=0.000000, step=154530
Dev:   final loss=0.228410, aspect loss=0.228410, opinion loss=0.000000, sentiment loss=0.000000, reg loss=0.000000, step=154530
Dev:   aspect f1=0.4377, opinion f1=0.0000, sentiment acc==0.0000, sentiment f1==0.0000, ABSA f1==0.0000,
Test:  aspect f1=0.4377, opinion f1=0.0000, sentiment acc==0.0000, sentiment f1==0.0000, ABSA f1==0.0000,
Current Max Metrics Index : 6 Current Min Loss Index : 6 Epoch Time: 0m 15s Tau : 0.10

-------------------------------------Iter85-------------------------------------
Train: final loss=0.712475, aspect loss=0.039361, opinion loss=0.000000, domain loss=0.671813, sentiment loss=0.000000, reg loss=0.000000, step=156348
Dev:   final loss=0.251776, aspect loss=0.251776, opinion loss=0.000000, sentiment loss=0.000000, reg loss=0.000000, step=156348
Dev:   aspect f1=0.4424, opinion f1=0.0000, sentiment acc==0.0000, sentiment f1==0.0000, ABSA f1==0.0000,
Test:  aspect f1=0.4424, opinion f1=0.0000, sentiment acc==0.0000, sentiment f1==0.0000, ABSA f1==0.0000,
Current Max Metrics Index : 6 Current Min Loss Index : 6 Epoch Time: 0m 15s Tau : 0.10

-------------------------------------Iter86-------------------------------------
Train: final loss=0.711830, aspect loss=0.038535, opinion loss=0.000000, domain loss=0.671919, sentiment loss=0.000000, reg loss=0.000000, step=158166
Dev:   final loss=0.252699, aspect loss=0.252699, opinion loss=0.000000, sentiment loss=0.000000, reg loss=0.000000, step=158166
Dev:   aspect f1=0.4371, opinion f1=0.0000, sentiment acc==0.0000, sentiment f1==0.0000, ABSA f1==0.0000,
Test:  aspect f1=0.4371, opinion f1=0.0000, sentiment acc==0.0000, sentiment f1==0.0000, ABSA f1==0.0000,
Current Max Metrics Index : 6 Current Min Loss Index : 6 Epoch Time: 0m 15s Tau : 0.10

-------------------------------------Iter87-------------------------------------
Train: final loss=0.712688, aspect loss=0.039671, opinion loss=0.000000, domain loss=0.672314, sentiment loss=0.000000, reg loss=0.000000, step=159984
Dev:   final loss=0.232711, aspect loss=0.232711, opinion loss=0.000000, sentiment loss=0.000000, reg loss=0.000000, step=159984
Dev:   aspect f1=0.4393, opinion f1=0.0000, sentiment acc==0.0000, sentiment f1==0.0000, ABSA f1==0.0000,
Test:  aspect f1=0.4393, opinion f1=0.0000, sentiment acc==0.0000, sentiment f1==0.0000, ABSA f1==0.0000,
Current Max Metrics Index : 6 Current Min Loss Index : 6 Epoch Time: 0m 15s Tau : 0.10

-------------------------------------Iter88-------------------------------------
Train: final loss=0.709713, aspect loss=0.038284, opinion loss=0.000000, domain loss=0.671551, sentiment loss=0.000000, reg loss=0.000000, step=161802
Dev:   final loss=0.230447, aspect loss=0.230447, opinion loss=0.000000, sentiment loss=0.000000, reg loss=0.000000, step=161802
Dev:   aspect f1=0.4397, opinion f1=0.0000, sentiment acc==0.0000, sentiment f1==0.0000, ABSA f1==0.0000,
Test:  aspect f1=0.4397, opinion f1=0.0000, sentiment acc==0.0000, sentiment f1==0.0000, ABSA f1==0.0000,
Current Max Metrics Index : 6 Current Min Loss Index : 6 Epoch Time: 0m 15s Tau : 0.10

-------------------------------------Iter89-------------------------------------
Train: final loss=0.711994, aspect loss=0.038976, opinion loss=0.000000, domain loss=0.672085, sentiment loss=0.000000, reg loss=0.000000, step=163620
Dev:   final loss=0.226507, aspect loss=0.226507, opinion loss=0.000000, sentiment loss=0.000000, reg loss=0.000000, step=163620
Dev:   aspect f1=0.4441, opinion f1=0.0000, sentiment acc==0.0000, sentiment f1==0.0000, ABSA f1==0.0000,
Test:  aspect f1=0.4441, opinion f1=0.0000, sentiment acc==0.0000, sentiment f1==0.0000, ABSA f1==0.0000,
Current Max Metrics Index : 6 Current Min Loss Index : 6 Epoch Time: 0m 15s Tau : 0.10

-------------------------------------Iter90-------------------------------------
Train: final loss=0.711108, aspect loss=0.038232, opinion loss=0.000000, domain loss=0.671730, sentiment loss=0.000000, reg loss=0.000000, step=165438
Dev:   final loss=0.230744, aspect loss=0.230744, opinion loss=0.000000, sentiment loss=0.000000, reg loss=0.000000, step=165438
Dev:   aspect f1=0.4386, opinion f1=0.0000, sentiment acc==0.0000, sentiment f1==0.0000, ABSA f1==0.0000,
Test:  aspect f1=0.4386, opinion f1=0.0000, sentiment acc==0.0000, sentiment f1==0.0000, ABSA f1==0.0000,
Current Max Metrics Index : 6 Current Min Loss Index : 6 Epoch Time: 0m 15s Tau : 0.10

-------------------------------------Iter91-------------------------------------
Train: final loss=0.711189, aspect loss=0.038671, opinion loss=0.000000, domain loss=0.671745, sentiment loss=0.000000, reg loss=0.000000, step=167256
Dev:   final loss=0.236372, aspect loss=0.236372, opinion loss=0.000000, sentiment loss=0.000000, reg loss=0.000000, step=167256
Dev:   aspect f1=0.4460, opinion f1=0.0000, sentiment acc==0.0000, sentiment f1==0.0000, ABSA f1==0.0000,
Test:  aspect f1=0.4460, opinion f1=0.0000, sentiment acc==0.0000, sentiment f1==0.0000, ABSA f1==0.0000,
Current Max Metrics Index : 6 Current Min Loss Index : 6 Epoch Time: 0m 15s Tau : 0.10

-------------------------------------Iter92-------------------------------------
Train: final loss=0.712360, aspect loss=0.038470, opinion loss=0.000000, domain loss=0.672343, sentiment loss=0.000000, reg loss=0.000000, step=169074
Dev:   final loss=0.234486, aspect loss=0.234486, opinion loss=0.000000, sentiment loss=0.000000, reg loss=0.000000, step=169074
Dev:   aspect f1=0.4361, opinion f1=0.0000, sentiment acc==0.0000, sentiment f1==0.0000, ABSA f1==0.0000,
Test:  aspect f1=0.4361, opinion f1=0.0000, sentiment acc==0.0000, sentiment f1==0.0000, ABSA f1==0.0000,
Current Max Metrics Index : 6 Current Min Loss Index : 6 Epoch Time: 0m 15s Tau : 0.10

-------------------------------------Iter93-------------------------------------
Train: final loss=0.711365, aspect loss=0.038230, opinion loss=0.000000, domain loss=0.671911, sentiment loss=0.000000, reg loss=0.000000, step=170892
Dev:   final loss=0.259563, aspect loss=0.259563, opinion loss=0.000000, sentiment loss=0.000000, reg loss=0.000000, step=170892
Dev:   aspect f1=0.4401, opinion f1=0.0000, sentiment acc==0.0000, sentiment f1==0.0000, ABSA f1==0.0000,
Test:  aspect f1=0.4401, opinion f1=0.0000, sentiment acc==0.0000, sentiment f1==0.0000, ABSA f1==0.0000,
Current Max Metrics Index : 6 Current Min Loss Index : 6 Epoch Time: 0m 15s Tau : 0.10

-------------------------------------Iter94-------------------------------------
Train: final loss=0.711869, aspect loss=0.038470, opinion loss=0.000000, domain loss=0.672076, sentiment loss=0.000000, reg loss=0.000000, step=172710
Dev:   final loss=0.242052, aspect loss=0.242052, opinion loss=0.000000, sentiment loss=0.000000, reg loss=0.000000, step=172710
Dev:   aspect f1=0.4463, opinion f1=0.0000, sentiment acc==0.0000, sentiment f1==0.0000, ABSA f1==0.0000,
Test:  aspect f1=0.4463, opinion f1=0.0000, sentiment acc==0.0000, sentiment f1==0.0000, ABSA f1==0.0000,
Current Max Metrics Index : 6 Current Min Loss Index : 6 Epoch Time: 0m 15s Tau : 0.10

-------------------------------------Iter95-------------------------------------
Train: final loss=0.710413, aspect loss=0.038385, opinion loss=0.000000, domain loss=0.672014, sentiment loss=0.000000, reg loss=0.000000, step=174528
Dev:   final loss=0.231785, aspect loss=0.231785, opinion loss=0.000000, sentiment loss=0.000000, reg loss=0.000000, step=174528
Dev:   aspect f1=0.4420, opinion f1=0.0000, sentiment acc==0.0000, sentiment f1==0.0000, ABSA f1==0.0000,
Test:  aspect f1=0.4420, opinion f1=0.0000, sentiment acc==0.0000, sentiment f1==0.0000, ABSA f1==0.0000,
Current Max Metrics Index : 6 Current Min Loss Index : 6 Epoch Time: 0m 15s Tau : 0.10

-------------------------------------Iter96-------------------------------------
Train: final loss=0.710660, aspect loss=0.037688, opinion loss=0.000000, domain loss=0.671842, sentiment loss=0.000000, reg loss=0.000000, step=176346
Dev:   final loss=0.225142, aspect loss=0.225142, opinion loss=0.000000, sentiment loss=0.000000, reg loss=0.000000, step=176346
Dev:   aspect f1=0.4257, opinion f1=0.0000, sentiment acc==0.0000, sentiment f1==0.0000, ABSA f1==0.0000,
Test:  aspect f1=0.4257, opinion f1=0.0000, sentiment acc==0.0000, sentiment f1==0.0000, ABSA f1==0.0000,
Current Max Metrics Index : 6 Current Min Loss Index : 6 Epoch Time: 0m 15s Tau : 0.10

-------------------------------------Iter97-------------------------------------
Train: final loss=0.710377, aspect loss=0.037614, opinion loss=0.000000, domain loss=0.672155, sentiment loss=0.000000, reg loss=0.000000, step=178164
Dev:   final loss=0.241926, aspect loss=0.241926, opinion loss=0.000000, sentiment loss=0.000000, reg loss=0.000000, step=178164
Dev:   aspect f1=0.4443, opinion f1=0.0000, sentiment acc==0.0000, sentiment f1==0.0000, ABSA f1==0.0000,
Test:  aspect f1=0.4443, opinion f1=0.0000, sentiment acc==0.0000, sentiment f1==0.0000, ABSA f1==0.0000,
Current Max Metrics Index : 6 Current Min Loss Index : 6 Epoch Time: 0m 15s Tau : 0.10

-------------------------------------Iter98-------------------------------------
Train: final loss=0.710742, aspect loss=0.037410, opinion loss=0.000000, domain loss=0.671965, sentiment loss=0.000000, reg loss=0.000000, step=179982
Dev:   final loss=0.228873, aspect loss=0.228873, opinion loss=0.000000, sentiment loss=0.000000, reg loss=0.000000, step=179982
Dev:   aspect f1=0.4390, opinion f1=0.0000, sentiment acc==0.0000, sentiment f1==0.0000, ABSA f1==0.0000,
Test:  aspect f1=0.4390, opinion f1=0.0000, sentiment acc==0.0000, sentiment f1==0.0000, ABSA f1==0.0000,
Current Max Metrics Index : 6 Current Min Loss Index : 6 Epoch Time: 0m 15s Tau : 0.10

-------------------------------------Iter99-------------------------------------
Train: final loss=0.710033, aspect loss=0.037553, opinion loss=0.000000, domain loss=0.671999, sentiment loss=0.000000, reg loss=0.000000, step=181800
Dev:   final loss=0.234189, aspect loss=0.234189, opinion loss=0.000000, sentiment loss=0.000000, reg loss=0.000000, step=181800
Dev:   aspect f1=0.4372, opinion f1=0.0000, sentiment acc==0.0000, sentiment f1==0.0000, ABSA f1==0.0000,
Test:  aspect f1=0.4372, opinion f1=0.0000, sentiment acc==0.0000, sentiment f1==0.0000, ABSA f1==0.0000,
Current Max Metrics Index : 6 Current Min Loss Index : 6 Epoch Time: 0m 15s Tau : 0.10

--------------------------------Mission Complete--------------------------------
Dev Max Metrics Index: 6
aspect f1=48.19, opinion f1=0.00, sentiment acc==0.00, sentiment f1==0.00, ABSA f1==0.00,
Dev Min Loss Index: 6
aspect f1=48.19, opinion f1=0.00, sentiment acc==0.00, sentiment f1==0.00, ABSA f1==0.00,
Running Time: 24m 25s
