> log file: ./log/restaurant-to-laptop/[SemBridge]-210519-121707.log
cuda memory allocated: 10108928
n_trainable_params: 1431975, n_nontrainable_params: 1094700
> training arguments:
>>> source: restaurant
>>> target: laptop
>>> use_unlabel: 1
>>> use_syntactic: 0
>>> use_semantic: 1
>>> split: 2
>>> local_bert_path: F:\NLP\BERT-BASE-UNCASED
>>> model_name: DECNN
>>> batch_size: 8
>>> learning_rate: 0.0001
>>> lr_decay: 1e-05
>>> num_epoch: 100
>>> emb_dim: 100
>>> dep_dim: 50
>>> pos_dim: 50
>>> hidden_dim: 256
>>> keep_prob: 0.5
>>> l2_reg: 1e-05
>>> beta: 0.1
>>> kernel_size: 5
>>> hop_num: 2
>>> class_num: 3
>>> cluster_num: 200
>>> cate_num: 20
>>> seed: 321
>>> log_step: 5
>>> dynamic_gate: 1
>>> valset_num: 0
>>> reuse_embedding: 1
>>> optimizer: <class 'torch.optim.adam.Adam'>
>>> initializer: <function uniform_ at 0x7f66b19d0c80>
>>> device: cuda:0
>>> ablation: None
>>> topk: 10
>>> name: [SemBridge]
>>> dataset_file: {'train': './data/restaurant/train2/', 'unlabel': './data/laptop/train2/', 'test': './data/laptop/test2/'}
>>> model_class: <class 'models.decnn_base.DECNN'>
>>> inputs_cols: ['sentence', 'mask', 'position', 'keep_prob']
>>> max_sentence_len: 110

-------------------------------------Iter0--------------------------------------
Train: final loss=0.844724, aspect loss=0.170162, opinion loss=0.000000, domain loss=0.674009, sentiment loss=0.000000, reg loss=0.000000, step=1818
Dev:   final loss=0.212404, aspect loss=0.212404, opinion loss=0.000000, sentiment loss=0.000000, reg loss=0.000000, step=1818
Dev:   aspect f1=0.3261, opinion f1=0.0000, sentiment acc==0.0000, sentiment f1==0.0000, ABSA f1==0.0000,
Test:  aspect f1=0.3261, opinion f1=0.0000, sentiment acc==0.0000, sentiment f1==0.0000, ABSA f1==0.0000,
Current Max Metrics Index : 0 Current Min Loss Index : 0 Epoch Time: 0m 14s Tau : 1.00
>> Checkpoint Saved: state_dict/restaurant-to-laptop/[SemBridge]-ATE-F1-0.3261.pth

-------------------------------------Iter1--------------------------------------
Train: final loss=0.784461, aspect loss=0.114509, opinion loss=0.000000, domain loss=0.668894, sentiment loss=0.000000, reg loss=0.000000, step=3636
Dev:   final loss=0.206130, aspect loss=0.206130, opinion loss=0.000000, sentiment loss=0.000000, reg loss=0.000000, step=3636
Dev:   aspect f1=0.3905, opinion f1=0.0000, sentiment acc==0.0000, sentiment f1==0.0000, ABSA f1==0.0000,
Test:  aspect f1=0.3905, opinion f1=0.0000, sentiment acc==0.0000, sentiment f1==0.0000, ABSA f1==0.0000,
Current Max Metrics Index : 1 Current Min Loss Index : 1 Epoch Time: 0m 14s Tau : 0.97
>> Checkpoint Saved: state_dict/restaurant-to-laptop/[SemBridge]-ATE-F1-0.3905.pth

-------------------------------------Iter2--------------------------------------
Train: final loss=0.771573, aspect loss=0.103999, opinion loss=0.000000, domain loss=0.665659, sentiment loss=0.000000, reg loss=0.000000, step=5454
Dev:   final loss=0.173313, aspect loss=0.173313, opinion loss=0.000000, sentiment loss=0.000000, reg loss=0.000000, step=5454
Dev:   aspect f1=0.4416, opinion f1=0.0000, sentiment acc==0.0000, sentiment f1==0.0000, ABSA f1==0.0000,
Test:  aspect f1=0.4416, opinion f1=0.0000, sentiment acc==0.0000, sentiment f1==0.0000, ABSA f1==0.0000,
Current Max Metrics Index : 2 Current Min Loss Index : 2 Epoch Time: 0m 14s Tau : 0.94
>> Checkpoint Saved: state_dict/restaurant-to-laptop/[SemBridge]-ATE-F1-0.4416.pth

-------------------------------------Iter3--------------------------------------
Train: final loss=0.766279, aspect loss=0.097654, opinion loss=0.000000, domain loss=0.666559, sentiment loss=0.000000, reg loss=0.000000, step=7272
Dev:   final loss=0.171719, aspect loss=0.171719, opinion loss=0.000000, sentiment loss=0.000000, reg loss=0.000000, step=7272
Dev:   aspect f1=0.4561, opinion f1=0.0000, sentiment acc==0.0000, sentiment f1==0.0000, ABSA f1==0.0000,
Test:  aspect f1=0.4561, opinion f1=0.0000, sentiment acc==0.0000, sentiment f1==0.0000, ABSA f1==0.0000,
Current Max Metrics Index : 3 Current Min Loss Index : 3 Epoch Time: 0m 14s Tau : 0.91
>> Checkpoint Saved: state_dict/restaurant-to-laptop/[SemBridge]-ATE-F1-0.4561.pth

-------------------------------------Iter4--------------------------------------
Train: final loss=0.762013, aspect loss=0.092669, opinion loss=0.000000, domain loss=0.668393, sentiment loss=0.000000, reg loss=0.000000, step=9090
Dev:   final loss=0.166604, aspect loss=0.166604, opinion loss=0.000000, sentiment loss=0.000000, reg loss=0.000000, step=9090
Dev:   aspect f1=0.4614, opinion f1=0.0000, sentiment acc==0.0000, sentiment f1==0.0000, ABSA f1==0.0000,
Test:  aspect f1=0.4614, opinion f1=0.0000, sentiment acc==0.0000, sentiment f1==0.0000, ABSA f1==0.0000,
Current Max Metrics Index : 4 Current Min Loss Index : 4 Epoch Time: 0m 14s Tau : 0.89
>> Checkpoint Saved: state_dict/restaurant-to-laptop/[SemBridge]-ATE-F1-0.4614.pth

-------------------------------------Iter5--------------------------------------
Train: final loss=0.761104, aspect loss=0.089942, opinion loss=0.000000, domain loss=0.669738, sentiment loss=0.000000, reg loss=0.000000, step=10908
Dev:   final loss=0.161141, aspect loss=0.161141, opinion loss=0.000000, sentiment loss=0.000000, reg loss=0.000000, step=10908
Dev:   aspect f1=0.4530, opinion f1=0.0000, sentiment acc==0.0000, sentiment f1==0.0000, ABSA f1==0.0000,
Test:  aspect f1=0.4530, opinion f1=0.0000, sentiment acc==0.0000, sentiment f1==0.0000, ABSA f1==0.0000,
Current Max Metrics Index : 4 Current Min Loss Index : 5 Epoch Time: 0m 14s Tau : 0.86

-------------------------------------Iter6--------------------------------------
Train: final loss=0.756558, aspect loss=0.085738, opinion loss=0.000000, domain loss=0.669364, sentiment loss=0.000000, reg loss=0.000000, step=12726
Dev:   final loss=0.158905, aspect loss=0.158905, opinion loss=0.000000, sentiment loss=0.000000, reg loss=0.000000, step=12726
Dev:   aspect f1=0.4592, opinion f1=0.0000, sentiment acc==0.0000, sentiment f1==0.0000, ABSA f1==0.0000,
Test:  aspect f1=0.4592, opinion f1=0.0000, sentiment acc==0.0000, sentiment f1==0.0000, ABSA f1==0.0000,
Current Max Metrics Index : 4 Current Min Loss Index : 6 Epoch Time: 0m 15s Tau : 0.84

-------------------------------------Iter7--------------------------------------
Train: final loss=0.755973, aspect loss=0.083412, opinion loss=0.000000, domain loss=0.671151, sentiment loss=0.000000, reg loss=0.000000, step=14544
Dev:   final loss=0.164626, aspect loss=0.164626, opinion loss=0.000000, sentiment loss=0.000000, reg loss=0.000000, step=14544
Dev:   aspect f1=0.4845, opinion f1=0.0000, sentiment acc==0.0000, sentiment f1==0.0000, ABSA f1==0.0000,
Test:  aspect f1=0.4845, opinion f1=0.0000, sentiment acc==0.0000, sentiment f1==0.0000, ABSA f1==0.0000,
Current Max Metrics Index : 7 Current Min Loss Index : 6 Epoch Time: 0m 14s Tau : 0.81
>> Checkpoint Saved: state_dict/restaurant-to-laptop/[SemBridge]-ATE-F1-0.4845.pth

-------------------------------------Iter8--------------------------------------
Train: final loss=0.754255, aspect loss=0.082654, opinion loss=0.000000, domain loss=0.671260, sentiment loss=0.000000, reg loss=0.000000, step=16362
Dev:   final loss=0.157484, aspect loss=0.157484, opinion loss=0.000000, sentiment loss=0.000000, reg loss=0.000000, step=16362
Dev:   aspect f1=0.4744, opinion f1=0.0000, sentiment acc==0.0000, sentiment f1==0.0000, ABSA f1==0.0000,
Test:  aspect f1=0.4744, opinion f1=0.0000, sentiment acc==0.0000, sentiment f1==0.0000, ABSA f1==0.0000,
Current Max Metrics Index : 7 Current Min Loss Index : 8 Epoch Time: 0m 14s Tau : 0.79

-------------------------------------Iter9--------------------------------------
Train: final loss=0.753118, aspect loss=0.080777, opinion loss=0.000000, domain loss=0.671601, sentiment loss=0.000000, reg loss=0.000000, step=18180
Dev:   final loss=0.157095, aspect loss=0.157095, opinion loss=0.000000, sentiment loss=0.000000, reg loss=0.000000, step=18180
Dev:   aspect f1=0.4513, opinion f1=0.0000, sentiment acc==0.0000, sentiment f1==0.0000, ABSA f1==0.0000,
Test:  aspect f1=0.4513, opinion f1=0.0000, sentiment acc==0.0000, sentiment f1==0.0000, ABSA f1==0.0000,
Current Max Metrics Index : 7 Current Min Loss Index : 9 Epoch Time: 0m 14s Tau : 0.76

-------------------------------------Iter10-------------------------------------
Train: final loss=0.751749, aspect loss=0.077988, opinion loss=0.000000, domain loss=0.672407, sentiment loss=0.000000, reg loss=0.000000, step=19998
Dev:   final loss=0.156608, aspect loss=0.156608, opinion loss=0.000000, sentiment loss=0.000000, reg loss=0.000000, step=19998
Dev:   aspect f1=0.4697, opinion f1=0.0000, sentiment acc==0.0000, sentiment f1==0.0000, ABSA f1==0.0000,
Test:  aspect f1=0.4697, opinion f1=0.0000, sentiment acc==0.0000, sentiment f1==0.0000, ABSA f1==0.0000,
Current Max Metrics Index : 7 Current Min Loss Index : 10 Epoch Time: 0m 14s Tau : 0.74

-------------------------------------Iter11-------------------------------------
Train: final loss=0.748275, aspect loss=0.075656, opinion loss=0.000000, domain loss=0.671502, sentiment loss=0.000000, reg loss=0.000000, step=21816
Dev:   final loss=0.155622, aspect loss=0.155622, opinion loss=0.000000, sentiment loss=0.000000, reg loss=0.000000, step=21816
Dev:   aspect f1=0.4762, opinion f1=0.0000, sentiment acc==0.0000, sentiment f1==0.0000, ABSA f1==0.0000,
Test:  aspect f1=0.4762, opinion f1=0.0000, sentiment acc==0.0000, sentiment f1==0.0000, ABSA f1==0.0000,
Current Max Metrics Index : 7 Current Min Loss Index : 11 Epoch Time: 0m 14s Tau : 0.72

-------------------------------------Iter12-------------------------------------
Train: final loss=0.749347, aspect loss=0.075245, opinion loss=0.000000, domain loss=0.672553, sentiment loss=0.000000, reg loss=0.000000, step=23634
Dev:   final loss=0.152556, aspect loss=0.152556, opinion loss=0.000000, sentiment loss=0.000000, reg loss=0.000000, step=23634
Dev:   aspect f1=0.4949, opinion f1=0.0000, sentiment acc==0.0000, sentiment f1==0.0000, ABSA f1==0.0000,
Test:  aspect f1=0.4949, opinion f1=0.0000, sentiment acc==0.0000, sentiment f1==0.0000, ABSA f1==0.0000,
Current Max Metrics Index : 12 Current Min Loss Index : 12 Epoch Time: 0m 14s Tau : 0.70
>> Checkpoint Saved: state_dict/restaurant-to-laptop/[SemBridge]-ATE-F1-0.4949.pth

-------------------------------------Iter13-------------------------------------
Train: final loss=0.747019, aspect loss=0.074210, opinion loss=0.000000, domain loss=0.671929, sentiment loss=0.000000, reg loss=0.000000, step=25452
Dev:   final loss=0.151057, aspect loss=0.151057, opinion loss=0.000000, sentiment loss=0.000000, reg loss=0.000000, step=25452
Dev:   aspect f1=0.4551, opinion f1=0.0000, sentiment acc==0.0000, sentiment f1==0.0000, ABSA f1==0.0000,
Test:  aspect f1=0.4551, opinion f1=0.0000, sentiment acc==0.0000, sentiment f1==0.0000, ABSA f1==0.0000,
Current Max Metrics Index : 12 Current Min Loss Index : 13 Epoch Time: 0m 13s Tau : 0.68

-------------------------------------Iter14-------------------------------------
Train: final loss=0.745456, aspect loss=0.072036, opinion loss=0.000000, domain loss=0.672528, sentiment loss=0.000000, reg loss=0.000000, step=27270
Dev:   final loss=0.155779, aspect loss=0.155779, opinion loss=0.000000, sentiment loss=0.000000, reg loss=0.000000, step=27270
Dev:   aspect f1=0.4877, opinion f1=0.0000, sentiment acc==0.0000, sentiment f1==0.0000, ABSA f1==0.0000,
Test:  aspect f1=0.4877, opinion f1=0.0000, sentiment acc==0.0000, sentiment f1==0.0000, ABSA f1==0.0000,
Current Max Metrics Index : 12 Current Min Loss Index : 13 Epoch Time: 0m 12s Tau : 0.66

-------------------------------------Iter15-------------------------------------
Train: final loss=0.745735, aspect loss=0.071848, opinion loss=0.000000, domain loss=0.672312, sentiment loss=0.000000, reg loss=0.000000, step=29088
Dev:   final loss=0.147572, aspect loss=0.147572, opinion loss=0.000000, sentiment loss=0.000000, reg loss=0.000000, step=29088
Dev:   aspect f1=0.4834, opinion f1=0.0000, sentiment acc==0.0000, sentiment f1==0.0000, ABSA f1==0.0000,
Test:  aspect f1=0.4834, opinion f1=0.0000, sentiment acc==0.0000, sentiment f1==0.0000, ABSA f1==0.0000,
Current Max Metrics Index : 12 Current Min Loss Index : 15 Epoch Time: 0m 14s Tau : 0.64

-------------------------------------Iter16-------------------------------------
Train: final loss=0.744559, aspect loss=0.071271, opinion loss=0.000000, domain loss=0.672460, sentiment loss=0.000000, reg loss=0.000000, step=30906
Dev:   final loss=0.154917, aspect loss=0.154917, opinion loss=0.000000, sentiment loss=0.000000, reg loss=0.000000, step=30906
Dev:   aspect f1=0.4596, opinion f1=0.0000, sentiment acc==0.0000, sentiment f1==0.0000, ABSA f1==0.0000,
Test:  aspect f1=0.4596, opinion f1=0.0000, sentiment acc==0.0000, sentiment f1==0.0000, ABSA f1==0.0000,
Current Max Metrics Index : 12 Current Min Loss Index : 15 Epoch Time: 0m 14s Tau : 0.62

-------------------------------------Iter17-------------------------------------
Train: final loss=0.743038, aspect loss=0.069624, opinion loss=0.000000, domain loss=0.672296, sentiment loss=0.000000, reg loss=0.000000, step=32724
Dev:   final loss=0.149881, aspect loss=0.149881, opinion loss=0.000000, sentiment loss=0.000000, reg loss=0.000000, step=32724
Dev:   aspect f1=0.4695, opinion f1=0.0000, sentiment acc==0.0000, sentiment f1==0.0000, ABSA f1==0.0000,
Test:  aspect f1=0.4695, opinion f1=0.0000, sentiment acc==0.0000, sentiment f1==0.0000, ABSA f1==0.0000,
Current Max Metrics Index : 12 Current Min Loss Index : 15 Epoch Time: 0m 14s Tau : 0.60

-------------------------------------Iter18-------------------------------------
Train: final loss=0.741721, aspect loss=0.068641, opinion loss=0.000000, domain loss=0.672310, sentiment loss=0.000000, reg loss=0.000000, step=34542
Dev:   final loss=0.156026, aspect loss=0.156026, opinion loss=0.000000, sentiment loss=0.000000, reg loss=0.000000, step=34542
Dev:   aspect f1=0.4833, opinion f1=0.0000, sentiment acc==0.0000, sentiment f1==0.0000, ABSA f1==0.0000,
Test:  aspect f1=0.4833, opinion f1=0.0000, sentiment acc==0.0000, sentiment f1==0.0000, ABSA f1==0.0000,
Current Max Metrics Index : 12 Current Min Loss Index : 15 Epoch Time: 0m 14s Tau : 0.58

-------------------------------------Iter19-------------------------------------
Train: final loss=0.740102, aspect loss=0.067104, opinion loss=0.000000, domain loss=0.671982, sentiment loss=0.000000, reg loss=0.000000, step=36360
Dev:   final loss=0.149160, aspect loss=0.149160, opinion loss=0.000000, sentiment loss=0.000000, reg loss=0.000000, step=36360
Dev:   aspect f1=0.4897, opinion f1=0.0000, sentiment acc==0.0000, sentiment f1==0.0000, ABSA f1==0.0000,
Test:  aspect f1=0.4897, opinion f1=0.0000, sentiment acc==0.0000, sentiment f1==0.0000, ABSA f1==0.0000,
Current Max Metrics Index : 12 Current Min Loss Index : 15 Epoch Time: 0m 14s Tau : 0.57

-------------------------------------Iter20-------------------------------------
Train: final loss=0.737961, aspect loss=0.065181, opinion loss=0.000000, domain loss=0.672007, sentiment loss=0.000000, reg loss=0.000000, step=38178
Dev:   final loss=0.153805, aspect loss=0.153805, opinion loss=0.000000, sentiment loss=0.000000, reg loss=0.000000, step=38178
Dev:   aspect f1=0.4801, opinion f1=0.0000, sentiment acc==0.0000, sentiment f1==0.0000, ABSA f1==0.0000,
Test:  aspect f1=0.4801, opinion f1=0.0000, sentiment acc==0.0000, sentiment f1==0.0000, ABSA f1==0.0000,
Current Max Metrics Index : 12 Current Min Loss Index : 15 Epoch Time: 0m 14s Tau : 0.55

-------------------------------------Iter21-------------------------------------
Train: final loss=0.739307, aspect loss=0.065718, opinion loss=0.000000, domain loss=0.672238, sentiment loss=0.000000, reg loss=0.000000, step=39996
Dev:   final loss=0.153225, aspect loss=0.153225, opinion loss=0.000000, sentiment loss=0.000000, reg loss=0.000000, step=39996
Dev:   aspect f1=0.4915, opinion f1=0.0000, sentiment acc==0.0000, sentiment f1==0.0000, ABSA f1==0.0000,
Test:  aspect f1=0.4915, opinion f1=0.0000, sentiment acc==0.0000, sentiment f1==0.0000, ABSA f1==0.0000,
Current Max Metrics Index : 12 Current Min Loss Index : 15 Epoch Time: 0m 14s Tau : 0.53

-------------------------------------Iter22-------------------------------------
Train: final loss=0.738583, aspect loss=0.064510, opinion loss=0.000000, domain loss=0.672475, sentiment loss=0.000000, reg loss=0.000000, step=41814
Dev:   final loss=0.160217, aspect loss=0.160217, opinion loss=0.000000, sentiment loss=0.000000, reg loss=0.000000, step=41814
Dev:   aspect f1=0.5008, opinion f1=0.0000, sentiment acc==0.0000, sentiment f1==0.0000, ABSA f1==0.0000,
Test:  aspect f1=0.5008, opinion f1=0.0000, sentiment acc==0.0000, sentiment f1==0.0000, ABSA f1==0.0000,
Current Max Metrics Index : 22 Current Min Loss Index : 15 Epoch Time: 0m 14s Tau : 0.52
>> Checkpoint Saved: state_dict/restaurant-to-laptop/[SemBridge]-ATE-F1-0.5008.pth

-------------------------------------Iter23-------------------------------------
Train: final loss=0.736696, aspect loss=0.063754, opinion loss=0.000000, domain loss=0.672083, sentiment loss=0.000000, reg loss=0.000000, step=43632
Dev:   final loss=0.155873, aspect loss=0.155873, opinion loss=0.000000, sentiment loss=0.000000, reg loss=0.000000, step=43632
Dev:   aspect f1=0.4950, opinion f1=0.0000, sentiment acc==0.0000, sentiment f1==0.0000, ABSA f1==0.0000,
Test:  aspect f1=0.4950, opinion f1=0.0000, sentiment acc==0.0000, sentiment f1==0.0000, ABSA f1==0.0000,
Current Max Metrics Index : 22 Current Min Loss Index : 15 Epoch Time: 0m 14s Tau : 0.50

-------------------------------------Iter24-------------------------------------
Train: final loss=0.736292, aspect loss=0.062213, opinion loss=0.000000, domain loss=0.672399, sentiment loss=0.000000, reg loss=0.000000, step=45450
Dev:   final loss=0.155888, aspect loss=0.155888, opinion loss=0.000000, sentiment loss=0.000000, reg loss=0.000000, step=45450
Dev:   aspect f1=0.5241, opinion f1=0.0000, sentiment acc==0.0000, sentiment f1==0.0000, ABSA f1==0.0000,
Test:  aspect f1=0.5241, opinion f1=0.0000, sentiment acc==0.0000, sentiment f1==0.0000, ABSA f1==0.0000,
Current Max Metrics Index : 24 Current Min Loss Index : 15 Epoch Time: 0m 14s Tau : 0.49
>> Checkpoint Saved: state_dict/restaurant-to-laptop/[SemBridge]-ATE-F1-0.5241.pth

-------------------------------------Iter25-------------------------------------
Train: final loss=0.734387, aspect loss=0.061580, opinion loss=0.000000, domain loss=0.672064, sentiment loss=0.000000, reg loss=0.000000, step=47268
Dev:   final loss=0.161564, aspect loss=0.161564, opinion loss=0.000000, sentiment loss=0.000000, reg loss=0.000000, step=47268
Dev:   aspect f1=0.5069, opinion f1=0.0000, sentiment acc==0.0000, sentiment f1==0.0000, ABSA f1==0.0000,
Test:  aspect f1=0.5069, opinion f1=0.0000, sentiment acc==0.0000, sentiment f1==0.0000, ABSA f1==0.0000,
Current Max Metrics Index : 24 Current Min Loss Index : 15 Epoch Time: 0m 14s Tau : 0.47

-------------------------------------Iter26-------------------------------------
Train: final loss=0.734886, aspect loss=0.061986, opinion loss=0.000000, domain loss=0.672164, sentiment loss=0.000000, reg loss=0.000000, step=49086
Dev:   final loss=0.158995, aspect loss=0.158995, opinion loss=0.000000, sentiment loss=0.000000, reg loss=0.000000, step=49086
Dev:   aspect f1=0.5028, opinion f1=0.0000, sentiment acc==0.0000, sentiment f1==0.0000, ABSA f1==0.0000,
Test:  aspect f1=0.5028, opinion f1=0.0000, sentiment acc==0.0000, sentiment f1==0.0000, ABSA f1==0.0000,
Current Max Metrics Index : 24 Current Min Loss Index : 15 Epoch Time: 0m 14s Tau : 0.46

-------------------------------------Iter27-------------------------------------
Train: final loss=0.733696, aspect loss=0.060588, opinion loss=0.000000, domain loss=0.672126, sentiment loss=0.000000, reg loss=0.000000, step=50904
Dev:   final loss=0.159234, aspect loss=0.159234, opinion loss=0.000000, sentiment loss=0.000000, reg loss=0.000000, step=50904
Dev:   aspect f1=0.5116, opinion f1=0.0000, sentiment acc==0.0000, sentiment f1==0.0000, ABSA f1==0.0000,
Test:  aspect f1=0.5116, opinion f1=0.0000, sentiment acc==0.0000, sentiment f1==0.0000, ABSA f1==0.0000,
Current Max Metrics Index : 24 Current Min Loss Index : 15 Epoch Time: 0m 14s Tau : 0.44

-------------------------------------Iter28-------------------------------------
Train: final loss=0.733677, aspect loss=0.059858, opinion loss=0.000000, domain loss=0.672086, sentiment loss=0.000000, reg loss=0.000000, step=52722
Dev:   final loss=0.157629, aspect loss=0.157629, opinion loss=0.000000, sentiment loss=0.000000, reg loss=0.000000, step=52722
Dev:   aspect f1=0.4993, opinion f1=0.0000, sentiment acc==0.0000, sentiment f1==0.0000, ABSA f1==0.0000,
Test:  aspect f1=0.4993, opinion f1=0.0000, sentiment acc==0.0000, sentiment f1==0.0000, ABSA f1==0.0000,
Current Max Metrics Index : 24 Current Min Loss Index : 15 Epoch Time: 0m 14s Tau : 0.43

-------------------------------------Iter29-------------------------------------
Train: final loss=0.731150, aspect loss=0.058192, opinion loss=0.000000, domain loss=0.671935, sentiment loss=0.000000, reg loss=0.000000, step=54540
Dev:   final loss=0.157633, aspect loss=0.157633, opinion loss=0.000000, sentiment loss=0.000000, reg loss=0.000000, step=54540
Dev:   aspect f1=0.5067, opinion f1=0.0000, sentiment acc==0.0000, sentiment f1==0.0000, ABSA f1==0.0000,
Test:  aspect f1=0.5067, opinion f1=0.0000, sentiment acc==0.0000, sentiment f1==0.0000, ABSA f1==0.0000,
Current Max Metrics Index : 24 Current Min Loss Index : 15 Epoch Time: 0m 14s Tau : 0.42

-------------------------------------Iter30-------------------------------------
Train: final loss=0.731762, aspect loss=0.058564, opinion loss=0.000000, domain loss=0.671836, sentiment loss=0.000000, reg loss=0.000000, step=56358
Dev:   final loss=0.162362, aspect loss=0.162362, opinion loss=0.000000, sentiment loss=0.000000, reg loss=0.000000, step=56358
Dev:   aspect f1=0.4737, opinion f1=0.0000, sentiment acc==0.0000, sentiment f1==0.0000, ABSA f1==0.0000,
Test:  aspect f1=0.4737, opinion f1=0.0000, sentiment acc==0.0000, sentiment f1==0.0000, ABSA f1==0.0000,
Current Max Metrics Index : 24 Current Min Loss Index : 15 Epoch Time: 0m 14s Tau : 0.41

-------------------------------------Iter31-------------------------------------
Train: final loss=0.730995, aspect loss=0.057299, opinion loss=0.000000, domain loss=0.672557, sentiment loss=0.000000, reg loss=0.000000, step=58176
Dev:   final loss=0.163995, aspect loss=0.163995, opinion loss=0.000000, sentiment loss=0.000000, reg loss=0.000000, step=58176
Dev:   aspect f1=0.4962, opinion f1=0.0000, sentiment acc==0.0000, sentiment f1==0.0000, ABSA f1==0.0000,
Test:  aspect f1=0.4962, opinion f1=0.0000, sentiment acc==0.0000, sentiment f1==0.0000, ABSA f1==0.0000,
Current Max Metrics Index : 24 Current Min Loss Index : 15 Epoch Time: 0m 14s Tau : 0.39

-------------------------------------Iter32-------------------------------------
Train: final loss=0.729877, aspect loss=0.056466, opinion loss=0.000000, domain loss=0.672403, sentiment loss=0.000000, reg loss=0.000000, step=59994
Dev:   final loss=0.159294, aspect loss=0.159294, opinion loss=0.000000, sentiment loss=0.000000, reg loss=0.000000, step=59994
Dev:   aspect f1=0.4829, opinion f1=0.0000, sentiment acc==0.0000, sentiment f1==0.0000, ABSA f1==0.0000,
Test:  aspect f1=0.4829, opinion f1=0.0000, sentiment acc==0.0000, sentiment f1==0.0000, ABSA f1==0.0000,
Current Max Metrics Index : 24 Current Min Loss Index : 15 Epoch Time: 0m 14s Tau : 0.38

-------------------------------------Iter33-------------------------------------
Train: final loss=0.730258, aspect loss=0.056615, opinion loss=0.000000, domain loss=0.671911, sentiment loss=0.000000, reg loss=0.000000, step=61812
Dev:   final loss=0.162003, aspect loss=0.162003, opinion loss=0.000000, sentiment loss=0.000000, reg loss=0.000000, step=61812
Dev:   aspect f1=0.4870, opinion f1=0.0000, sentiment acc==0.0000, sentiment f1==0.0000, ABSA f1==0.0000,
Test:  aspect f1=0.4870, opinion f1=0.0000, sentiment acc==0.0000, sentiment f1==0.0000, ABSA f1==0.0000,
Current Max Metrics Index : 24 Current Min Loss Index : 15 Epoch Time: 0m 14s Tau : 0.37

-------------------------------------Iter34-------------------------------------
Train: final loss=0.728441, aspect loss=0.055162, opinion loss=0.000000, domain loss=0.672146, sentiment loss=0.000000, reg loss=0.000000, step=63630
Dev:   final loss=0.163356, aspect loss=0.163356, opinion loss=0.000000, sentiment loss=0.000000, reg loss=0.000000, step=63630
Dev:   aspect f1=0.4788, opinion f1=0.0000, sentiment acc==0.0000, sentiment f1==0.0000, ABSA f1==0.0000,
Test:  aspect f1=0.4788, opinion f1=0.0000, sentiment acc==0.0000, sentiment f1==0.0000, ABSA f1==0.0000,
Current Max Metrics Index : 24 Current Min Loss Index : 15 Epoch Time: 0m 14s Tau : 0.36

-------------------------------------Iter35-------------------------------------
Train: final loss=0.730588, aspect loss=0.057014, opinion loss=0.000000, domain loss=0.672284, sentiment loss=0.000000, reg loss=0.000000, step=65448
Dev:   final loss=0.166921, aspect loss=0.166921, opinion loss=0.000000, sentiment loss=0.000000, reg loss=0.000000, step=65448
Dev:   aspect f1=0.5017, opinion f1=0.0000, sentiment acc==0.0000, sentiment f1==0.0000, ABSA f1==0.0000,
Test:  aspect f1=0.5017, opinion f1=0.0000, sentiment acc==0.0000, sentiment f1==0.0000, ABSA f1==0.0000,
Current Max Metrics Index : 24 Current Min Loss Index : 15 Epoch Time: 0m 14s Tau : 0.35

-------------------------------------Iter36-------------------------------------
Train: final loss=0.727140, aspect loss=0.054315, opinion loss=0.000000, domain loss=0.671733, sentiment loss=0.000000, reg loss=0.000000, step=67266
Dev:   final loss=0.167108, aspect loss=0.167108, opinion loss=0.000000, sentiment loss=0.000000, reg loss=0.000000, step=67266
Dev:   aspect f1=0.4879, opinion f1=0.0000, sentiment acc==0.0000, sentiment f1==0.0000, ABSA f1==0.0000,
Test:  aspect f1=0.4879, opinion f1=0.0000, sentiment acc==0.0000, sentiment f1==0.0000, ABSA f1==0.0000,
Current Max Metrics Index : 24 Current Min Loss Index : 15 Epoch Time: 0m 14s Tau : 0.34

-------------------------------------Iter37-------------------------------------
Train: final loss=0.728384, aspect loss=0.054800, opinion loss=0.000000, domain loss=0.672187, sentiment loss=0.000000, reg loss=0.000000, step=69084
Dev:   final loss=0.166536, aspect loss=0.166536, opinion loss=0.000000, sentiment loss=0.000000, reg loss=0.000000, step=69084
Dev:   aspect f1=0.5149, opinion f1=0.0000, sentiment acc==0.0000, sentiment f1==0.0000, ABSA f1==0.0000,
Test:  aspect f1=0.5149, opinion f1=0.0000, sentiment acc==0.0000, sentiment f1==0.0000, ABSA f1==0.0000,
Current Max Metrics Index : 24 Current Min Loss Index : 15 Epoch Time: 0m 14s Tau : 0.33

-------------------------------------Iter38-------------------------------------
Train: final loss=0.727804, aspect loss=0.054581, opinion loss=0.000000, domain loss=0.672023, sentiment loss=0.000000, reg loss=0.000000, step=70902
Dev:   final loss=0.166622, aspect loss=0.166622, opinion loss=0.000000, sentiment loss=0.000000, reg loss=0.000000, step=70902
Dev:   aspect f1=0.5024, opinion f1=0.0000, sentiment acc==0.0000, sentiment f1==0.0000, ABSA f1==0.0000,
Test:  aspect f1=0.5024, opinion f1=0.0000, sentiment acc==0.0000, sentiment f1==0.0000, ABSA f1==0.0000,
Current Max Metrics Index : 24 Current Min Loss Index : 15 Epoch Time: 0m 14s Tau : 0.32

-------------------------------------Iter39-------------------------------------
Train: final loss=0.726797, aspect loss=0.053930, opinion loss=0.000000, domain loss=0.672081, sentiment loss=0.000000, reg loss=0.000000, step=72720
Dev:   final loss=0.161178, aspect loss=0.161178, opinion loss=0.000000, sentiment loss=0.000000, reg loss=0.000000, step=72720
Dev:   aspect f1=0.4993, opinion f1=0.0000, sentiment acc==0.0000, sentiment f1==0.0000, ABSA f1==0.0000,
Test:  aspect f1=0.4993, opinion f1=0.0000, sentiment acc==0.0000, sentiment f1==0.0000, ABSA f1==0.0000,
Current Max Metrics Index : 24 Current Min Loss Index : 15 Epoch Time: 0m 14s Tau : 0.31

-------------------------------------Iter40-------------------------------------
Train: final loss=0.726432, aspect loss=0.053337, opinion loss=0.000000, domain loss=0.672268, sentiment loss=0.000000, reg loss=0.000000, step=74538
Dev:   final loss=0.157689, aspect loss=0.157689, opinion loss=0.000000, sentiment loss=0.000000, reg loss=0.000000, step=74538
Dev:   aspect f1=0.4936, opinion f1=0.0000, sentiment acc==0.0000, sentiment f1==0.0000, ABSA f1==0.0000,
Test:  aspect f1=0.4936, opinion f1=0.0000, sentiment acc==0.0000, sentiment f1==0.0000, ABSA f1==0.0000,
Current Max Metrics Index : 24 Current Min Loss Index : 15 Epoch Time: 0m 14s Tau : 0.30

-------------------------------------Iter41-------------------------------------
Train: final loss=0.726177, aspect loss=0.052687, opinion loss=0.000000, domain loss=0.672016, sentiment loss=0.000000, reg loss=0.000000, step=76356
Dev:   final loss=0.158367, aspect loss=0.158367, opinion loss=0.000000, sentiment loss=0.000000, reg loss=0.000000, step=76356
Dev:   aspect f1=0.4977, opinion f1=0.0000, sentiment acc==0.0000, sentiment f1==0.0000, ABSA f1==0.0000,
Test:  aspect f1=0.4977, opinion f1=0.0000, sentiment acc==0.0000, sentiment f1==0.0000, ABSA f1==0.0000,
Current Max Metrics Index : 24 Current Min Loss Index : 15 Epoch Time: 0m 14s Tau : 0.29

-------------------------------------Iter42-------------------------------------
Train: final loss=0.725604, aspect loss=0.052551, opinion loss=0.000000, domain loss=0.671573, sentiment loss=0.000000, reg loss=0.000000, step=78174
Dev:   final loss=0.163294, aspect loss=0.163294, opinion loss=0.000000, sentiment loss=0.000000, reg loss=0.000000, step=78174
Dev:   aspect f1=0.4977, opinion f1=0.0000, sentiment acc==0.0000, sentiment f1==0.0000, ABSA f1==0.0000,
Test:  aspect f1=0.4977, opinion f1=0.0000, sentiment acc==0.0000, sentiment f1==0.0000, ABSA f1==0.0000,
Current Max Metrics Index : 24 Current Min Loss Index : 15 Epoch Time: 0m 14s Tau : 0.28

-------------------------------------Iter43-------------------------------------
Train: final loss=0.725475, aspect loss=0.052110, opinion loss=0.000000, domain loss=0.672368, sentiment loss=0.000000, reg loss=0.000000, step=79992
Dev:   final loss=0.161216, aspect loss=0.161216, opinion loss=0.000000, sentiment loss=0.000000, reg loss=0.000000, step=79992
Dev:   aspect f1=0.4931, opinion f1=0.0000, sentiment acc==0.0000, sentiment f1==0.0000, ABSA f1==0.0000,
Test:  aspect f1=0.4931, opinion f1=0.0000, sentiment acc==0.0000, sentiment f1==0.0000, ABSA f1==0.0000,
Current Max Metrics Index : 24 Current Min Loss Index : 15 Epoch Time: 0m 14s Tau : 0.28

-------------------------------------Iter44-------------------------------------
Train: final loss=0.724962, aspect loss=0.051141, opinion loss=0.000000, domain loss=0.672181, sentiment loss=0.000000, reg loss=0.000000, step=81810
Dev:   final loss=0.172892, aspect loss=0.172892, opinion loss=0.000000, sentiment loss=0.000000, reg loss=0.000000, step=81810
Dev:   aspect f1=0.4951, opinion f1=0.0000, sentiment acc==0.0000, sentiment f1==0.0000, ABSA f1==0.0000,
Test:  aspect f1=0.4951, opinion f1=0.0000, sentiment acc==0.0000, sentiment f1==0.0000, ABSA f1==0.0000,
Current Max Metrics Index : 24 Current Min Loss Index : 15 Epoch Time: 0m 14s Tau : 0.27

-------------------------------------Iter45-------------------------------------
Train: final loss=0.724295, aspect loss=0.050338, opinion loss=0.000000, domain loss=0.672445, sentiment loss=0.000000, reg loss=0.000000, step=83628
Dev:   final loss=0.164832, aspect loss=0.164832, opinion loss=0.000000, sentiment loss=0.000000, reg loss=0.000000, step=83628
Dev:   aspect f1=0.5040, opinion f1=0.0000, sentiment acc==0.0000, sentiment f1==0.0000, ABSA f1==0.0000,
Test:  aspect f1=0.5040, opinion f1=0.0000, sentiment acc==0.0000, sentiment f1==0.0000, ABSA f1==0.0000,
Current Max Metrics Index : 24 Current Min Loss Index : 15 Epoch Time: 0m 15s Tau : 0.26

-------------------------------------Iter46-------------------------------------
Train: final loss=0.723219, aspect loss=0.049890, opinion loss=0.000000, domain loss=0.671901, sentiment loss=0.000000, reg loss=0.000000, step=85446
Dev:   final loss=0.160909, aspect loss=0.160909, opinion loss=0.000000, sentiment loss=0.000000, reg loss=0.000000, step=85446
Dev:   aspect f1=0.4748, opinion f1=0.0000, sentiment acc==0.0000, sentiment f1==0.0000, ABSA f1==0.0000,
Test:  aspect f1=0.4748, opinion f1=0.0000, sentiment acc==0.0000, sentiment f1==0.0000, ABSA f1==0.0000,
Current Max Metrics Index : 24 Current Min Loss Index : 15 Epoch Time: 0m 15s Tau : 0.25

-------------------------------------Iter47-------------------------------------
Train: final loss=0.723496, aspect loss=0.049526, opinion loss=0.000000, domain loss=0.672191, sentiment loss=0.000000, reg loss=0.000000, step=87264
Dev:   final loss=0.160697, aspect loss=0.160697, opinion loss=0.000000, sentiment loss=0.000000, reg loss=0.000000, step=87264
Dev:   aspect f1=0.5037, opinion f1=0.0000, sentiment acc==0.0000, sentiment f1==0.0000, ABSA f1==0.0000,
Test:  aspect f1=0.5037, opinion f1=0.0000, sentiment acc==0.0000, sentiment f1==0.0000, ABSA f1==0.0000,
Current Max Metrics Index : 24 Current Min Loss Index : 15 Epoch Time: 0m 14s Tau : 0.24

-------------------------------------Iter48-------------------------------------
Train: final loss=0.723508, aspect loss=0.049163, opinion loss=0.000000, domain loss=0.672445, sentiment loss=0.000000, reg loss=0.000000, step=89082
Dev:   final loss=0.167479, aspect loss=0.167479, opinion loss=0.000000, sentiment loss=0.000000, reg loss=0.000000, step=89082
Dev:   aspect f1=0.4926, opinion f1=0.0000, sentiment acc==0.0000, sentiment f1==0.0000, ABSA f1==0.0000,
Test:  aspect f1=0.4926, opinion f1=0.0000, sentiment acc==0.0000, sentiment f1==0.0000, ABSA f1==0.0000,
Current Max Metrics Index : 24 Current Min Loss Index : 15 Epoch Time: 0m 15s Tau : 0.24

-------------------------------------Iter49-------------------------------------
Train: final loss=0.720872, aspect loss=0.047913, opinion loss=0.000000, domain loss=0.672207, sentiment loss=0.000000, reg loss=0.000000, step=90900
Dev:   final loss=0.172186, aspect loss=0.172186, opinion loss=0.000000, sentiment loss=0.000000, reg loss=0.000000, step=90900
Dev:   aspect f1=0.4719, opinion f1=0.0000, sentiment acc==0.0000, sentiment f1==0.0000, ABSA f1==0.0000,
Test:  aspect f1=0.4719, opinion f1=0.0000, sentiment acc==0.0000, sentiment f1==0.0000, ABSA f1==0.0000,
Current Max Metrics Index : 24 Current Min Loss Index : 15 Epoch Time: 0m 14s Tau : 0.23

-------------------------------------Iter50-------------------------------------
Train: final loss=0.722881, aspect loss=0.049432, opinion loss=0.000000, domain loss=0.671941, sentiment loss=0.000000, reg loss=0.000000, step=92718
Dev:   final loss=0.163183, aspect loss=0.163183, opinion loss=0.000000, sentiment loss=0.000000, reg loss=0.000000, step=92718
Dev:   aspect f1=0.5044, opinion f1=0.0000, sentiment acc==0.0000, sentiment f1==0.0000, ABSA f1==0.0000,
Test:  aspect f1=0.5044, opinion f1=0.0000, sentiment acc==0.0000, sentiment f1==0.0000, ABSA f1==0.0000,
Current Max Metrics Index : 24 Current Min Loss Index : 15 Epoch Time: 0m 14s Tau : 0.22

-------------------------------------Iter51-------------------------------------
Train: final loss=0.720762, aspect loss=0.047946, opinion loss=0.000000, domain loss=0.672106, sentiment loss=0.000000, reg loss=0.000000, step=94536
Dev:   final loss=0.162855, aspect loss=0.162855, opinion loss=0.000000, sentiment loss=0.000000, reg loss=0.000000, step=94536
Dev:   aspect f1=0.5093, opinion f1=0.0000, sentiment acc==0.0000, sentiment f1==0.0000, ABSA f1==0.0000,
Test:  aspect f1=0.5093, opinion f1=0.0000, sentiment acc==0.0000, sentiment f1==0.0000, ABSA f1==0.0000,
Current Max Metrics Index : 24 Current Min Loss Index : 15 Epoch Time: 0m 15s Tau : 0.22

-------------------------------------Iter52-------------------------------------
Train: final loss=0.721425, aspect loss=0.048152, opinion loss=0.000000, domain loss=0.672128, sentiment loss=0.000000, reg loss=0.000000, step=96354
Dev:   final loss=0.162227, aspect loss=0.162227, opinion loss=0.000000, sentiment loss=0.000000, reg loss=0.000000, step=96354
Dev:   aspect f1=0.4989, opinion f1=0.0000, sentiment acc==0.0000, sentiment f1==0.0000, ABSA f1==0.0000,
Test:  aspect f1=0.4989, opinion f1=0.0000, sentiment acc==0.0000, sentiment f1==0.0000, ABSA f1==0.0000,
Current Max Metrics Index : 24 Current Min Loss Index : 15 Epoch Time: 0m 14s Tau : 0.21

-------------------------------------Iter53-------------------------------------
Train: final loss=0.721303, aspect loss=0.048077, opinion loss=0.000000, domain loss=0.672151, sentiment loss=0.000000, reg loss=0.000000, step=98172
Dev:   final loss=0.168353, aspect loss=0.168353, opinion loss=0.000000, sentiment loss=0.000000, reg loss=0.000000, step=98172
Dev:   aspect f1=0.4927, opinion f1=0.0000, sentiment acc==0.0000, sentiment f1==0.0000, ABSA f1==0.0000,
Test:  aspect f1=0.4927, opinion f1=0.0000, sentiment acc==0.0000, sentiment f1==0.0000, ABSA f1==0.0000,
Current Max Metrics Index : 24 Current Min Loss Index : 15 Epoch Time: 0m 15s Tau : 0.20

-------------------------------------Iter54-------------------------------------
Train: final loss=0.721456, aspect loss=0.047714, opinion loss=0.000000, domain loss=0.672024, sentiment loss=0.000000, reg loss=0.000000, step=99990
Dev:   final loss=0.171028, aspect loss=0.171028, opinion loss=0.000000, sentiment loss=0.000000, reg loss=0.000000, step=99990
Dev:   aspect f1=0.4830, opinion f1=0.0000, sentiment acc==0.0000, sentiment f1==0.0000, ABSA f1==0.0000,
Test:  aspect f1=0.4830, opinion f1=0.0000, sentiment acc==0.0000, sentiment f1==0.0000, ABSA f1==0.0000,
Current Max Metrics Index : 24 Current Min Loss Index : 15 Epoch Time: 0m 15s Tau : 0.20

-------------------------------------Iter55-------------------------------------
Train: final loss=0.720230, aspect loss=0.047372, opinion loss=0.000000, domain loss=0.672359, sentiment loss=0.000000, reg loss=0.000000, step=101808
Dev:   final loss=0.166023, aspect loss=0.166023, opinion loss=0.000000, sentiment loss=0.000000, reg loss=0.000000, step=101808
Dev:   aspect f1=0.4821, opinion f1=0.0000, sentiment acc==0.0000, sentiment f1==0.0000, ABSA f1==0.0000,
Test:  aspect f1=0.4821, opinion f1=0.0000, sentiment acc==0.0000, sentiment f1==0.0000, ABSA f1==0.0000,
Current Max Metrics Index : 24 Current Min Loss Index : 15 Epoch Time: 0m 15s Tau : 0.19

-------------------------------------Iter56-------------------------------------
Train: final loss=0.720003, aspect loss=0.046949, opinion loss=0.000000, domain loss=0.672046, sentiment loss=0.000000, reg loss=0.000000, step=103626
Dev:   final loss=0.160770, aspect loss=0.160770, opinion loss=0.000000, sentiment loss=0.000000, reg loss=0.000000, step=103626
Dev:   aspect f1=0.4758, opinion f1=0.0000, sentiment acc==0.0000, sentiment f1==0.0000, ABSA f1==0.0000,
Test:  aspect f1=0.4758, opinion f1=0.0000, sentiment acc==0.0000, sentiment f1==0.0000, ABSA f1==0.0000,
Current Max Metrics Index : 24 Current Min Loss Index : 15 Epoch Time: 0m 14s Tau : 0.19

-------------------------------------Iter57-------------------------------------
Train: final loss=0.720366, aspect loss=0.046773, opinion loss=0.000000, domain loss=0.672310, sentiment loss=0.000000, reg loss=0.000000, step=105444
Dev:   final loss=0.163023, aspect loss=0.163023, opinion loss=0.000000, sentiment loss=0.000000, reg loss=0.000000, step=105444
Dev:   aspect f1=0.4791, opinion f1=0.0000, sentiment acc==0.0000, sentiment f1==0.0000, ABSA f1==0.0000,
Test:  aspect f1=0.4791, opinion f1=0.0000, sentiment acc==0.0000, sentiment f1==0.0000, ABSA f1==0.0000,
Current Max Metrics Index : 24 Current Min Loss Index : 15 Epoch Time: 0m 14s Tau : 0.18

-------------------------------------Iter58-------------------------------------
Train: final loss=0.720033, aspect loss=0.046755, opinion loss=0.000000, domain loss=0.672018, sentiment loss=0.000000, reg loss=0.000000, step=107262
Dev:   final loss=0.182489, aspect loss=0.182489, opinion loss=0.000000, sentiment loss=0.000000, reg loss=0.000000, step=107262
Dev:   aspect f1=0.4664, opinion f1=0.0000, sentiment acc==0.0000, sentiment f1==0.0000, ABSA f1==0.0000,
Test:  aspect f1=0.4664, opinion f1=0.0000, sentiment acc==0.0000, sentiment f1==0.0000, ABSA f1==0.0000,
Current Max Metrics Index : 24 Current Min Loss Index : 15 Epoch Time: 0m 14s Tau : 0.18

-------------------------------------Iter59-------------------------------------
Train: final loss=0.719419, aspect loss=0.045809, opinion loss=0.000000, domain loss=0.671914, sentiment loss=0.000000, reg loss=0.000000, step=109080
Dev:   final loss=0.171655, aspect loss=0.171655, opinion loss=0.000000, sentiment loss=0.000000, reg loss=0.000000, step=109080
Dev:   aspect f1=0.4952, opinion f1=0.0000, sentiment acc==0.0000, sentiment f1==0.0000, ABSA f1==0.0000,
Test:  aspect f1=0.4952, opinion f1=0.0000, sentiment acc==0.0000, sentiment f1==0.0000, ABSA f1==0.0000,
Current Max Metrics Index : 24 Current Min Loss Index : 15 Epoch Time: 0m 14s Tau : 0.17

-------------------------------------Iter60-------------------------------------
Train: final loss=0.718565, aspect loss=0.044849, opinion loss=0.000000, domain loss=0.672208, sentiment loss=0.000000, reg loss=0.000000, step=110898
Dev:   final loss=0.170143, aspect loss=0.170143, opinion loss=0.000000, sentiment loss=0.000000, reg loss=0.000000, step=110898
Dev:   aspect f1=0.4775, opinion f1=0.0000, sentiment acc==0.0000, sentiment f1==0.0000, ABSA f1==0.0000,
Test:  aspect f1=0.4775, opinion f1=0.0000, sentiment acc==0.0000, sentiment f1==0.0000, ABSA f1==0.0000,
Current Max Metrics Index : 24 Current Min Loss Index : 15 Epoch Time: 0m 14s Tau : 0.17

-------------------------------------Iter61-------------------------------------
Train: final loss=0.717862, aspect loss=0.045721, opinion loss=0.000000, domain loss=0.671900, sentiment loss=0.000000, reg loss=0.000000, step=112716
Dev:   final loss=0.177922, aspect loss=0.177922, opinion loss=0.000000, sentiment loss=0.000000, reg loss=0.000000, step=112716
Dev:   aspect f1=0.4815, opinion f1=0.0000, sentiment acc==0.0000, sentiment f1==0.0000, ABSA f1==0.0000,
Test:  aspect f1=0.4815, opinion f1=0.0000, sentiment acc==0.0000, sentiment f1==0.0000, ABSA f1==0.0000,
Current Max Metrics Index : 24 Current Min Loss Index : 15 Epoch Time: 0m 15s Tau : 0.16

-------------------------------------Iter62-------------------------------------
Train: final loss=0.718829, aspect loss=0.045359, opinion loss=0.000000, domain loss=0.672164, sentiment loss=0.000000, reg loss=0.000000, step=114534
Dev:   final loss=0.171628, aspect loss=0.171628, opinion loss=0.000000, sentiment loss=0.000000, reg loss=0.000000, step=114534
Dev:   aspect f1=0.4849, opinion f1=0.0000, sentiment acc==0.0000, sentiment f1==0.0000, ABSA f1==0.0000,
Test:  aspect f1=0.4849, opinion f1=0.0000, sentiment acc==0.0000, sentiment f1==0.0000, ABSA f1==0.0000,
Current Max Metrics Index : 24 Current Min Loss Index : 15 Epoch Time: 0m 15s Tau : 0.16

-------------------------------------Iter63-------------------------------------
Train: final loss=0.717533, aspect loss=0.044798, opinion loss=0.000000, domain loss=0.671605, sentiment loss=0.000000, reg loss=0.000000, step=116352
Dev:   final loss=0.165156, aspect loss=0.165156, opinion loss=0.000000, sentiment loss=0.000000, reg loss=0.000000, step=116352
Dev:   aspect f1=0.4787, opinion f1=0.0000, sentiment acc==0.0000, sentiment f1==0.0000, ABSA f1==0.0000,
Test:  aspect f1=0.4787, opinion f1=0.0000, sentiment acc==0.0000, sentiment f1==0.0000, ABSA f1==0.0000,
Current Max Metrics Index : 24 Current Min Loss Index : 15 Epoch Time: 0m 14s Tau : 0.15

-------------------------------------Iter64-------------------------------------
Train: final loss=0.717027, aspect loss=0.043638, opinion loss=0.000000, domain loss=0.672071, sentiment loss=0.000000, reg loss=0.000000, step=118170
Dev:   final loss=0.164193, aspect loss=0.164193, opinion loss=0.000000, sentiment loss=0.000000, reg loss=0.000000, step=118170
Dev:   aspect f1=0.4868, opinion f1=0.0000, sentiment acc==0.0000, sentiment f1==0.0000, ABSA f1==0.0000,
Test:  aspect f1=0.4868, opinion f1=0.0000, sentiment acc==0.0000, sentiment f1==0.0000, ABSA f1==0.0000,
Current Max Metrics Index : 24 Current Min Loss Index : 15 Epoch Time: 0m 14s Tau : 0.15

-------------------------------------Iter65-------------------------------------
Train: final loss=0.717519, aspect loss=0.044228, opinion loss=0.000000, domain loss=0.672083, sentiment loss=0.000000, reg loss=0.000000, step=119988
Dev:   final loss=0.168865, aspect loss=0.168865, opinion loss=0.000000, sentiment loss=0.000000, reg loss=0.000000, step=119988
Dev:   aspect f1=0.4864, opinion f1=0.0000, sentiment acc==0.0000, sentiment f1==0.0000, ABSA f1==0.0000,
Test:  aspect f1=0.4864, opinion f1=0.0000, sentiment acc==0.0000, sentiment f1==0.0000, ABSA f1==0.0000,
Current Max Metrics Index : 24 Current Min Loss Index : 15 Epoch Time: 0m 15s Tau : 0.14

-------------------------------------Iter66-------------------------------------
Train: final loss=0.717614, aspect loss=0.043636, opinion loss=0.000000, domain loss=0.672388, sentiment loss=0.000000, reg loss=0.000000, step=121806
Dev:   final loss=0.175726, aspect loss=0.175726, opinion loss=0.000000, sentiment loss=0.000000, reg loss=0.000000, step=121806
Dev:   aspect f1=0.4848, opinion f1=0.0000, sentiment acc==0.0000, sentiment f1==0.0000, ABSA f1==0.0000,
Test:  aspect f1=0.4848, opinion f1=0.0000, sentiment acc==0.0000, sentiment f1==0.0000, ABSA f1==0.0000,
Current Max Metrics Index : 24 Current Min Loss Index : 15 Epoch Time: 0m 15s Tau : 0.14

-------------------------------------Iter67-------------------------------------
Train: final loss=0.716671, aspect loss=0.043905, opinion loss=0.000000, domain loss=0.672097, sentiment loss=0.000000, reg loss=0.000000, step=123624
Dev:   final loss=0.169715, aspect loss=0.169715, opinion loss=0.000000, sentiment loss=0.000000, reg loss=0.000000, step=123624
Dev:   aspect f1=0.4965, opinion f1=0.0000, sentiment acc==0.0000, sentiment f1==0.0000, ABSA f1==0.0000,
Test:  aspect f1=0.4965, opinion f1=0.0000, sentiment acc==0.0000, sentiment f1==0.0000, ABSA f1==0.0000,
Current Max Metrics Index : 24 Current Min Loss Index : 15 Epoch Time: 0m 14s Tau : 0.13

-------------------------------------Iter68-------------------------------------
Train: final loss=0.716499, aspect loss=0.042979, opinion loss=0.000000, domain loss=0.672119, sentiment loss=0.000000, reg loss=0.000000, step=125442
Dev:   final loss=0.170219, aspect loss=0.170219, opinion loss=0.000000, sentiment loss=0.000000, reg loss=0.000000, step=125442
Dev:   aspect f1=0.4934, opinion f1=0.0000, sentiment acc==0.0000, sentiment f1==0.0000, ABSA f1==0.0000,
Test:  aspect f1=0.4934, opinion f1=0.0000, sentiment acc==0.0000, sentiment f1==0.0000, ABSA f1==0.0000,
Current Max Metrics Index : 24 Current Min Loss Index : 15 Epoch Time: 0m 14s Tau : 0.13

-------------------------------------Iter69-------------------------------------
Train: final loss=0.716443, aspect loss=0.043451, opinion loss=0.000000, domain loss=0.672248, sentiment loss=0.000000, reg loss=0.000000, step=127260
Dev:   final loss=0.164481, aspect loss=0.164481, opinion loss=0.000000, sentiment loss=0.000000, reg loss=0.000000, step=127260
Dev:   aspect f1=0.4819, opinion f1=0.0000, sentiment acc==0.0000, sentiment f1==0.0000, ABSA f1==0.0000,
Test:  aspect f1=0.4819, opinion f1=0.0000, sentiment acc==0.0000, sentiment f1==0.0000, ABSA f1==0.0000,
Current Max Metrics Index : 24 Current Min Loss Index : 15 Epoch Time: 0m 14s Tau : 0.13

-------------------------------------Iter70-------------------------------------
Train: final loss=0.716489, aspect loss=0.043239, opinion loss=0.000000, domain loss=0.671997, sentiment loss=0.000000, reg loss=0.000000, step=129078
Dev:   final loss=0.168970, aspect loss=0.168970, opinion loss=0.000000, sentiment loss=0.000000, reg loss=0.000000, step=129078
Dev:   aspect f1=0.4936, opinion f1=0.0000, sentiment acc==0.0000, sentiment f1==0.0000, ABSA f1==0.0000,
Test:  aspect f1=0.4936, opinion f1=0.0000, sentiment acc==0.0000, sentiment f1==0.0000, ABSA f1==0.0000,
Current Max Metrics Index : 24 Current Min Loss Index : 15 Epoch Time: 0m 14s Tau : 0.12

-------------------------------------Iter71-------------------------------------
Train: final loss=0.715616, aspect loss=0.042405, opinion loss=0.000000, domain loss=0.672158, sentiment loss=0.000000, reg loss=0.000000, step=130896
Dev:   final loss=0.172259, aspect loss=0.172259, opinion loss=0.000000, sentiment loss=0.000000, reg loss=0.000000, step=130896
Dev:   aspect f1=0.5022, opinion f1=0.0000, sentiment acc==0.0000, sentiment f1==0.0000, ABSA f1==0.0000,
Test:  aspect f1=0.5022, opinion f1=0.0000, sentiment acc==0.0000, sentiment f1==0.0000, ABSA f1==0.0000,
Current Max Metrics Index : 24 Current Min Loss Index : 15 Epoch Time: 0m 15s Tau : 0.12

-------------------------------------Iter72-------------------------------------
Train: final loss=0.715383, aspect loss=0.042682, opinion loss=0.000000, domain loss=0.672541, sentiment loss=0.000000, reg loss=0.000000, step=132714
Dev:   final loss=0.173541, aspect loss=0.173541, opinion loss=0.000000, sentiment loss=0.000000, reg loss=0.000000, step=132714
Dev:   aspect f1=0.4822, opinion f1=0.0000, sentiment acc==0.0000, sentiment f1==0.0000, ABSA f1==0.0000,
Test:  aspect f1=0.4822, opinion f1=0.0000, sentiment acc==0.0000, sentiment f1==0.0000, ABSA f1==0.0000,
Current Max Metrics Index : 24 Current Min Loss Index : 15 Epoch Time: 0m 14s Tau : 0.12

-------------------------------------Iter73-------------------------------------
Train: final loss=0.716033, aspect loss=0.042699, opinion loss=0.000000, domain loss=0.672427, sentiment loss=0.000000, reg loss=0.000000, step=134532
Dev:   final loss=0.178392, aspect loss=0.178392, opinion loss=0.000000, sentiment loss=0.000000, reg loss=0.000000, step=134532
Dev:   aspect f1=0.4625, opinion f1=0.0000, sentiment acc==0.0000, sentiment f1==0.0000, ABSA f1==0.0000,
Test:  aspect f1=0.4625, opinion f1=0.0000, sentiment acc==0.0000, sentiment f1==0.0000, ABSA f1==0.0000,
Current Max Metrics Index : 24 Current Min Loss Index : 15 Epoch Time: 0m 15s Tau : 0.11

-------------------------------------Iter74-------------------------------------
Train: final loss=0.715969, aspect loss=0.041842, opinion loss=0.000000, domain loss=0.672573, sentiment loss=0.000000, reg loss=0.000000, step=136350
Dev:   final loss=0.175465, aspect loss=0.175465, opinion loss=0.000000, sentiment loss=0.000000, reg loss=0.000000, step=136350
Dev:   aspect f1=0.4751, opinion f1=0.0000, sentiment acc==0.0000, sentiment f1==0.0000, ABSA f1==0.0000,
Test:  aspect f1=0.4751, opinion f1=0.0000, sentiment acc==0.0000, sentiment f1==0.0000, ABSA f1==0.0000,
Current Max Metrics Index : 24 Current Min Loss Index : 15 Epoch Time: 0m 15s Tau : 0.11

-------------------------------------Iter75-------------------------------------
Train: final loss=0.714837, aspect loss=0.041455, opinion loss=0.000000, domain loss=0.672087, sentiment loss=0.000000, reg loss=0.000000, step=138168
Dev:   final loss=0.170168, aspect loss=0.170168, opinion loss=0.000000, sentiment loss=0.000000, reg loss=0.000000, step=138168
Dev:   aspect f1=0.4751, opinion f1=0.0000, sentiment acc==0.0000, sentiment f1==0.0000, ABSA f1==0.0000,
Test:  aspect f1=0.4751, opinion f1=0.0000, sentiment acc==0.0000, sentiment f1==0.0000, ABSA f1==0.0000,
Current Max Metrics Index : 24 Current Min Loss Index : 15 Epoch Time: 0m 14s Tau : 0.11

-------------------------------------Iter76-------------------------------------
Train: final loss=0.715244, aspect loss=0.041813, opinion loss=0.000000, domain loss=0.672280, sentiment loss=0.000000, reg loss=0.000000, step=139986
Dev:   final loss=0.165269, aspect loss=0.165269, opinion loss=0.000000, sentiment loss=0.000000, reg loss=0.000000, step=139986
Dev:   aspect f1=0.4885, opinion f1=0.0000, sentiment acc==0.0000, sentiment f1==0.0000, ABSA f1==0.0000,
Test:  aspect f1=0.4885, opinion f1=0.0000, sentiment acc==0.0000, sentiment f1==0.0000, ABSA f1==0.0000,
Current Max Metrics Index : 24 Current Min Loss Index : 15 Epoch Time: 0m 15s Tau : 0.10

-------------------------------------Iter77-------------------------------------
Train: final loss=0.715091, aspect loss=0.041737, opinion loss=0.000000, domain loss=0.671891, sentiment loss=0.000000, reg loss=0.000000, step=141804
Dev:   final loss=0.174467, aspect loss=0.174467, opinion loss=0.000000, sentiment loss=0.000000, reg loss=0.000000, step=141804
Dev:   aspect f1=0.4849, opinion f1=0.0000, sentiment acc==0.0000, sentiment f1==0.0000, ABSA f1==0.0000,
Test:  aspect f1=0.4849, opinion f1=0.0000, sentiment acc==0.0000, sentiment f1==0.0000, ABSA f1==0.0000,
Current Max Metrics Index : 24 Current Min Loss Index : 15 Epoch Time: 0m 14s Tau : 0.10

-------------------------------------Iter78-------------------------------------
Train: final loss=0.714369, aspect loss=0.040941, opinion loss=0.000000, domain loss=0.672733, sentiment loss=0.000000, reg loss=0.000000, step=143622
Dev:   final loss=0.170791, aspect loss=0.170791, opinion loss=0.000000, sentiment loss=0.000000, reg loss=0.000000, step=143622
Dev:   aspect f1=0.4992, opinion f1=0.0000, sentiment acc==0.0000, sentiment f1==0.0000, ABSA f1==0.0000,
Test:  aspect f1=0.4992, opinion f1=0.0000, sentiment acc==0.0000, sentiment f1==0.0000, ABSA f1==0.0000,
Current Max Metrics Index : 24 Current Min Loss Index : 15 Epoch Time: 0m 15s Tau : 0.10

-------------------------------------Iter79-------------------------------------
Train: final loss=0.713651, aspect loss=0.041319, opinion loss=0.000000, domain loss=0.671986, sentiment loss=0.000000, reg loss=0.000000, step=145440
Dev:   final loss=0.180138, aspect loss=0.180138, opinion loss=0.000000, sentiment loss=0.000000, reg loss=0.000000, step=145440
Dev:   aspect f1=0.4690, opinion f1=0.0000, sentiment acc==0.0000, sentiment f1==0.0000, ABSA f1==0.0000,
Test:  aspect f1=0.4690, opinion f1=0.0000, sentiment acc==0.0000, sentiment f1==0.0000, ABSA f1==0.0000,
Current Max Metrics Index : 24 Current Min Loss Index : 15 Epoch Time: 0m 15s Tau : 0.10

-------------------------------------Iter80-------------------------------------
Train: final loss=0.712978, aspect loss=0.039575, opinion loss=0.000000, domain loss=0.672306, sentiment loss=0.000000, reg loss=0.000000, step=147258
Dev:   final loss=0.170439, aspect loss=0.170439, opinion loss=0.000000, sentiment loss=0.000000, reg loss=0.000000, step=147258
Dev:   aspect f1=0.4759, opinion f1=0.0000, sentiment acc==0.0000, sentiment f1==0.0000, ABSA f1==0.0000,
Test:  aspect f1=0.4759, opinion f1=0.0000, sentiment acc==0.0000, sentiment f1==0.0000, ABSA f1==0.0000,
Current Max Metrics Index : 24 Current Min Loss Index : 15 Epoch Time: 0m 14s Tau : 0.10

-------------------------------------Iter81-------------------------------------
Train: final loss=0.713476, aspect loss=0.040802, opinion loss=0.000000, domain loss=0.672103, sentiment loss=0.000000, reg loss=0.000000, step=149076
Dev:   final loss=0.175459, aspect loss=0.175459, opinion loss=0.000000, sentiment loss=0.000000, reg loss=0.000000, step=149076
Dev:   aspect f1=0.4748, opinion f1=0.0000, sentiment acc==0.0000, sentiment f1==0.0000, ABSA f1==0.0000,
Test:  aspect f1=0.4748, opinion f1=0.0000, sentiment acc==0.0000, sentiment f1==0.0000, ABSA f1==0.0000,
Current Max Metrics Index : 24 Current Min Loss Index : 15 Epoch Time: 0m 15s Tau : 0.10

-------------------------------------Iter82-------------------------------------
Train: final loss=0.713304, aspect loss=0.040711, opinion loss=0.000000, domain loss=0.672183, sentiment loss=0.000000, reg loss=0.000000, step=150894
Dev:   final loss=0.174853, aspect loss=0.174853, opinion loss=0.000000, sentiment loss=0.000000, reg loss=0.000000, step=150894
Dev:   aspect f1=0.4749, opinion f1=0.0000, sentiment acc==0.0000, sentiment f1==0.0000, ABSA f1==0.0000,
Test:  aspect f1=0.4749, opinion f1=0.0000, sentiment acc==0.0000, sentiment f1==0.0000, ABSA f1==0.0000,
Current Max Metrics Index : 24 Current Min Loss Index : 15 Epoch Time: 0m 15s Tau : 0.10

-------------------------------------Iter83-------------------------------------
Train: final loss=0.712766, aspect loss=0.039640, opinion loss=0.000000, domain loss=0.672207, sentiment loss=0.000000, reg loss=0.000000, step=152712
Dev:   final loss=0.173533, aspect loss=0.173533, opinion loss=0.000000, sentiment loss=0.000000, reg loss=0.000000, step=152712
Dev:   aspect f1=0.4904, opinion f1=0.0000, sentiment acc==0.0000, sentiment f1==0.0000, ABSA f1==0.0000,
Test:  aspect f1=0.4904, opinion f1=0.0000, sentiment acc==0.0000, sentiment f1==0.0000, ABSA f1==0.0000,
Current Max Metrics Index : 24 Current Min Loss Index : 15 Epoch Time: 0m 15s Tau : 0.10

-------------------------------------Iter84-------------------------------------
Train: final loss=0.713150, aspect loss=0.039825, opinion loss=0.000000, domain loss=0.672512, sentiment loss=0.000000, reg loss=0.000000, step=154530
Dev:   final loss=0.171280, aspect loss=0.171280, opinion loss=0.000000, sentiment loss=0.000000, reg loss=0.000000, step=154530
Dev:   aspect f1=0.4759, opinion f1=0.0000, sentiment acc==0.0000, sentiment f1==0.0000, ABSA f1==0.0000,
Test:  aspect f1=0.4759, opinion f1=0.0000, sentiment acc==0.0000, sentiment f1==0.0000, ABSA f1==0.0000,
Current Max Metrics Index : 24 Current Min Loss Index : 15 Epoch Time: 0m 15s Tau : 0.10

-------------------------------------Iter85-------------------------------------
Train: final loss=0.713227, aspect loss=0.040066, opinion loss=0.000000, domain loss=0.672020, sentiment loss=0.000000, reg loss=0.000000, step=156348
Dev:   final loss=0.167272, aspect loss=0.167272, opinion loss=0.000000, sentiment loss=0.000000, reg loss=0.000000, step=156348
Dev:   aspect f1=0.4845, opinion f1=0.0000, sentiment acc==0.0000, sentiment f1==0.0000, ABSA f1==0.0000,
Test:  aspect f1=0.4845, opinion f1=0.0000, sentiment acc==0.0000, sentiment f1==0.0000, ABSA f1==0.0000,
Current Max Metrics Index : 24 Current Min Loss Index : 15 Epoch Time: 0m 15s Tau : 0.10

-------------------------------------Iter86-------------------------------------
Train: final loss=0.713342, aspect loss=0.040351, opinion loss=0.000000, domain loss=0.672295, sentiment loss=0.000000, reg loss=0.000000, step=158166
Dev:   final loss=0.174147, aspect loss=0.174147, opinion loss=0.000000, sentiment loss=0.000000, reg loss=0.000000, step=158166
Dev:   aspect f1=0.4837, opinion f1=0.0000, sentiment acc==0.0000, sentiment f1==0.0000, ABSA f1==0.0000,
Test:  aspect f1=0.4837, opinion f1=0.0000, sentiment acc==0.0000, sentiment f1==0.0000, ABSA f1==0.0000,
Current Max Metrics Index : 24 Current Min Loss Index : 15 Epoch Time: 0m 15s Tau : 0.10

-------------------------------------Iter87-------------------------------------
Train: final loss=0.712186, aspect loss=0.039937, opinion loss=0.000000, domain loss=0.672225, sentiment loss=0.000000, reg loss=0.000000, step=159984
Dev:   final loss=0.172345, aspect loss=0.172345, opinion loss=0.000000, sentiment loss=0.000000, reg loss=0.000000, step=159984
Dev:   aspect f1=0.4761, opinion f1=0.0000, sentiment acc==0.0000, sentiment f1==0.0000, ABSA f1==0.0000,
Test:  aspect f1=0.4761, opinion f1=0.0000, sentiment acc==0.0000, sentiment f1==0.0000, ABSA f1==0.0000,
Current Max Metrics Index : 24 Current Min Loss Index : 15 Epoch Time: 0m 14s Tau : 0.10

-------------------------------------Iter88-------------------------------------
Train: final loss=0.712117, aspect loss=0.039235, opinion loss=0.000000, domain loss=0.672168, sentiment loss=0.000000, reg loss=0.000000, step=161802
Dev:   final loss=0.178651, aspect loss=0.178651, opinion loss=0.000000, sentiment loss=0.000000, reg loss=0.000000, step=161802
Dev:   aspect f1=0.4843, opinion f1=0.0000, sentiment acc==0.0000, sentiment f1==0.0000, ABSA f1==0.0000,
Test:  aspect f1=0.4843, opinion f1=0.0000, sentiment acc==0.0000, sentiment f1==0.0000, ABSA f1==0.0000,
Current Max Metrics Index : 24 Current Min Loss Index : 15 Epoch Time: 0m 15s Tau : 0.10

-------------------------------------Iter89-------------------------------------
Train: final loss=0.712112, aspect loss=0.038312, opinion loss=0.000000, domain loss=0.672350, sentiment loss=0.000000, reg loss=0.000000, step=163620
Dev:   final loss=0.184035, aspect loss=0.184035, opinion loss=0.000000, sentiment loss=0.000000, reg loss=0.000000, step=163620
Dev:   aspect f1=0.4578, opinion f1=0.0000, sentiment acc==0.0000, sentiment f1==0.0000, ABSA f1==0.0000,
Test:  aspect f1=0.4578, opinion f1=0.0000, sentiment acc==0.0000, sentiment f1==0.0000, ABSA f1==0.0000,
Current Max Metrics Index : 24 Current Min Loss Index : 15 Epoch Time: 0m 15s Tau : 0.10

-------------------------------------Iter90-------------------------------------
Train: final loss=0.712918, aspect loss=0.039275, opinion loss=0.000000, domain loss=0.672271, sentiment loss=0.000000, reg loss=0.000000, step=165438
Dev:   final loss=0.173918, aspect loss=0.173918, opinion loss=0.000000, sentiment loss=0.000000, reg loss=0.000000, step=165438
Dev:   aspect f1=0.4788, opinion f1=0.0000, sentiment acc==0.0000, sentiment f1==0.0000, ABSA f1==0.0000,
Test:  aspect f1=0.4788, opinion f1=0.0000, sentiment acc==0.0000, sentiment f1==0.0000, ABSA f1==0.0000,
Current Max Metrics Index : 24 Current Min Loss Index : 15 Epoch Time: 0m 14s Tau : 0.10

-------------------------------------Iter91-------------------------------------
Train: final loss=0.712224, aspect loss=0.038939, opinion loss=0.000000, domain loss=0.672007, sentiment loss=0.000000, reg loss=0.000000, step=167256
Dev:   final loss=0.171026, aspect loss=0.171026, opinion loss=0.000000, sentiment loss=0.000000, reg loss=0.000000, step=167256
Dev:   aspect f1=0.4958, opinion f1=0.0000, sentiment acc==0.0000, sentiment f1==0.0000, ABSA f1==0.0000,
Test:  aspect f1=0.4958, opinion f1=0.0000, sentiment acc==0.0000, sentiment f1==0.0000, ABSA f1==0.0000,
Current Max Metrics Index : 24 Current Min Loss Index : 15 Epoch Time: 0m 14s Tau : 0.10

-------------------------------------Iter92-------------------------------------
Train: final loss=0.710720, aspect loss=0.037905, opinion loss=0.000000, domain loss=0.672170, sentiment loss=0.000000, reg loss=0.000000, step=169074
Dev:   final loss=0.178688, aspect loss=0.178688, opinion loss=0.000000, sentiment loss=0.000000, reg loss=0.000000, step=169074
Dev:   aspect f1=0.4882, opinion f1=0.0000, sentiment acc==0.0000, sentiment f1==0.0000, ABSA f1==0.0000,
Test:  aspect f1=0.4882, opinion f1=0.0000, sentiment acc==0.0000, sentiment f1==0.0000, ABSA f1==0.0000,
Current Max Metrics Index : 24 Current Min Loss Index : 15 Epoch Time: 0m 15s Tau : 0.10

-------------------------------------Iter93-------------------------------------
Train: final loss=0.710913, aspect loss=0.037609, opinion loss=0.000000, domain loss=0.672119, sentiment loss=0.000000, reg loss=0.000000, step=170892
Dev:   final loss=0.177278, aspect loss=0.177278, opinion loss=0.000000, sentiment loss=0.000000, reg loss=0.000000, step=170892
Dev:   aspect f1=0.4892, opinion f1=0.0000, sentiment acc==0.0000, sentiment f1==0.0000, ABSA f1==0.0000,
Test:  aspect f1=0.4892, opinion f1=0.0000, sentiment acc==0.0000, sentiment f1==0.0000, ABSA f1==0.0000,
Current Max Metrics Index : 24 Current Min Loss Index : 15 Epoch Time: 0m 15s Tau : 0.10

-------------------------------------Iter94-------------------------------------
Train: final loss=0.710740, aspect loss=0.038717, opinion loss=0.000000, domain loss=0.672097, sentiment loss=0.000000, reg loss=0.000000, step=172710
Dev:   final loss=0.185921, aspect loss=0.185921, opinion loss=0.000000, sentiment loss=0.000000, reg loss=0.000000, step=172710
Dev:   aspect f1=0.4781, opinion f1=0.0000, sentiment acc==0.0000, sentiment f1==0.0000, ABSA f1==0.0000,
Test:  aspect f1=0.4781, opinion f1=0.0000, sentiment acc==0.0000, sentiment f1==0.0000, ABSA f1==0.0000,
Current Max Metrics Index : 24 Current Min Loss Index : 15 Epoch Time: 0m 15s Tau : 0.10

-------------------------------------Iter95-------------------------------------
Train: final loss=0.712238, aspect loss=0.039104, opinion loss=0.000000, domain loss=0.672334, sentiment loss=0.000000, reg loss=0.000000, step=174528
Dev:   final loss=0.180967, aspect loss=0.180967, opinion loss=0.000000, sentiment loss=0.000000, reg loss=0.000000, step=174528
Dev:   aspect f1=0.4518, opinion f1=0.0000, sentiment acc==0.0000, sentiment f1==0.0000, ABSA f1==0.0000,
Test:  aspect f1=0.4518, opinion f1=0.0000, sentiment acc==0.0000, sentiment f1==0.0000, ABSA f1==0.0000,
Current Max Metrics Index : 24 Current Min Loss Index : 15 Epoch Time: 0m 15s Tau : 0.10

-------------------------------------Iter96-------------------------------------
Train: final loss=0.712057, aspect loss=0.038812, opinion loss=0.000000, domain loss=0.671975, sentiment loss=0.000000, reg loss=0.000000, step=176346
Dev:   final loss=0.180116, aspect loss=0.180116, opinion loss=0.000000, sentiment loss=0.000000, reg loss=0.000000, step=176346
Dev:   aspect f1=0.4644, opinion f1=0.0000, sentiment acc==0.0000, sentiment f1==0.0000, ABSA f1==0.0000,
Test:  aspect f1=0.4644, opinion f1=0.0000, sentiment acc==0.0000, sentiment f1==0.0000, ABSA f1==0.0000,
Current Max Metrics Index : 24 Current Min Loss Index : 15 Epoch Time: 0m 15s Tau : 0.10

-------------------------------------Iter97-------------------------------------
Train: final loss=0.711145, aspect loss=0.038117, opinion loss=0.000000, domain loss=0.672127, sentiment loss=0.000000, reg loss=0.000000, step=178164
Dev:   final loss=0.178086, aspect loss=0.178086, opinion loss=0.000000, sentiment loss=0.000000, reg loss=0.000000, step=178164
Dev:   aspect f1=0.4513, opinion f1=0.0000, sentiment acc==0.0000, sentiment f1==0.0000, ABSA f1==0.0000,
Test:  aspect f1=0.4513, opinion f1=0.0000, sentiment acc==0.0000, sentiment f1==0.0000, ABSA f1==0.0000,
Current Max Metrics Index : 24 Current Min Loss Index : 15 Epoch Time: 0m 15s Tau : 0.10

-------------------------------------Iter98-------------------------------------
Train: final loss=0.710493, aspect loss=0.038196, opinion loss=0.000000, domain loss=0.671673, sentiment loss=0.000000, reg loss=0.000000, step=179982
Dev:   final loss=0.181813, aspect loss=0.181813, opinion loss=0.000000, sentiment loss=0.000000, reg loss=0.000000, step=179982
Dev:   aspect f1=0.4620, opinion f1=0.0000, sentiment acc==0.0000, sentiment f1==0.0000, ABSA f1==0.0000,
Test:  aspect f1=0.4620, opinion f1=0.0000, sentiment acc==0.0000, sentiment f1==0.0000, ABSA f1==0.0000,
Current Max Metrics Index : 24 Current Min Loss Index : 15 Epoch Time: 0m 15s Tau : 0.10

-------------------------------------Iter99-------------------------------------
Train: final loss=0.710686, aspect loss=0.037475, opinion loss=0.000000, domain loss=0.672279, sentiment loss=0.000000, reg loss=0.000000, step=181800
Dev:   final loss=0.170798, aspect loss=0.170798, opinion loss=0.000000, sentiment loss=0.000000, reg loss=0.000000, step=181800
Dev:   aspect f1=0.4567, opinion f1=0.0000, sentiment acc==0.0000, sentiment f1==0.0000, ABSA f1==0.0000,
Test:  aspect f1=0.4567, opinion f1=0.0000, sentiment acc==0.0000, sentiment f1==0.0000, ABSA f1==0.0000,
Current Max Metrics Index : 24 Current Min Loss Index : 15 Epoch Time: 0m 15s Tau : 0.10

--------------------------------Mission Complete--------------------------------
Dev Max Metrics Index: 24
aspect f1=52.41, opinion f1=0.00, sentiment acc==0.00, sentiment f1==0.00, ABSA f1==0.00,
Dev Min Loss Index: 15
aspect f1=48.34, opinion f1=0.00, sentiment acc==0.00, sentiment f1==0.00, ABSA f1==0.00,
Running Time: 24m 9s
