> log file: ./log/restaurant-to-laptop/[SemBridge]-210519-100909.log
cuda memory allocated: 10108928
n_trainable_params: 1431975, n_nontrainable_params: 1094700
> training arguments:
>>> source: restaurant
>>> target: laptop
>>> use_unlabel: 1
>>> use_syntactic: 0
>>> use_semantic: 1
>>> split: 1
>>> local_bert_path: F:\NLP\BERT-BASE-UNCASED
>>> model_name: DECNN
>>> batch_size: 8
>>> learning_rate: 0.0001
>>> lr_decay: 1e-05
>>> num_epoch: 100
>>> emb_dim: 100
>>> dep_dim: 50
>>> pos_dim: 50
>>> hidden_dim: 256
>>> keep_prob: 0.5
>>> l2_reg: 1e-05
>>> beta: 0.1
>>> kernel_size: 5
>>> hop_num: 2
>>> class_num: 3
>>> cluster_num: 200
>>> cate_num: 20
>>> seed: 321
>>> log_step: 5
>>> dynamic_gate: 1
>>> valset_num: 0
>>> reuse_embedding: 1
>>> optimizer: <class 'torch.optim.adam.Adam'>
>>> initializer: <function uniform_ at 0x7f6d34f27c80>
>>> device: cuda:0
>>> ablation: None
>>> topk: 10
>>> name: [SemBridge]
>>> dataset_file: {'train': './data/restaurant/train1/', 'unlabel': './data/laptop/train1/', 'test': './data/laptop/test1/'}
>>> model_class: <class 'models.decnn_base.DECNN'>
>>> inputs_cols: ['sentence', 'mask', 'position', 'keep_prob']
>>> max_sentence_len: 110

-------------------------------------Iter0--------------------------------------
Train: final loss=0.845328, aspect loss=0.169822, opinion loss=0.000000, domain loss=0.674324, sentiment loss=0.000000, reg loss=0.000000, step=1818
Dev:   final loss=0.196254, aspect loss=0.196254, opinion loss=0.000000, sentiment loss=0.000000, reg loss=0.000000, step=1818
Dev:   aspect f1=0.3740, opinion f1=0.0000, sentiment acc==0.0000, sentiment f1==0.0000, ABSA f1==0.0000,
Test:  aspect f1=0.3740, opinion f1=0.0000, sentiment acc==0.0000, sentiment f1==0.0000, ABSA f1==0.0000,
Current Max Metrics Index : 0 Current Min Loss Index : 0 Epoch Time: 0m 14s Tau : 1.00
>> Checkpoint Saved: state_dict/restaurant-to-laptop/[SemBridge]-ATE-F1-0.3740.pth

-------------------------------------Iter1--------------------------------------
Train: final loss=0.783599, aspect loss=0.115723, opinion loss=0.000000, domain loss=0.667078, sentiment loss=0.000000, reg loss=0.000000, step=3636
Dev:   final loss=0.185723, aspect loss=0.185723, opinion loss=0.000000, sentiment loss=0.000000, reg loss=0.000000, step=3636
Dev:   aspect f1=0.4411, opinion f1=0.0000, sentiment acc==0.0000, sentiment f1==0.0000, ABSA f1==0.0000,
Test:  aspect f1=0.4411, opinion f1=0.0000, sentiment acc==0.0000, sentiment f1==0.0000, ABSA f1==0.0000,
Current Max Metrics Index : 1 Current Min Loss Index : 1 Epoch Time: 0m 14s Tau : 0.97
>> Checkpoint Saved: state_dict/restaurant-to-laptop/[SemBridge]-ATE-F1-0.4411.pth

-------------------------------------Iter2--------------------------------------
Train: final loss=0.769501, aspect loss=0.103177, opinion loss=0.000000, domain loss=0.665080, sentiment loss=0.000000, reg loss=0.000000, step=5454
Dev:   final loss=0.182927, aspect loss=0.182927, opinion loss=0.000000, sentiment loss=0.000000, reg loss=0.000000, step=5454
Dev:   aspect f1=0.4901, opinion f1=0.0000, sentiment acc==0.0000, sentiment f1==0.0000, ABSA f1==0.0000,
Test:  aspect f1=0.4901, opinion f1=0.0000, sentiment acc==0.0000, sentiment f1==0.0000, ABSA f1==0.0000,
Current Max Metrics Index : 2 Current Min Loss Index : 2 Epoch Time: 0m 14s Tau : 0.94
>> Checkpoint Saved: state_dict/restaurant-to-laptop/[SemBridge]-ATE-F1-0.4901.pth

-------------------------------------Iter3--------------------------------------
Train: final loss=0.765528, aspect loss=0.098624, opinion loss=0.000000, domain loss=0.665889, sentiment loss=0.000000, reg loss=0.000000, step=7272
Dev:   final loss=0.164720, aspect loss=0.164720, opinion loss=0.000000, sentiment loss=0.000000, reg loss=0.000000, step=7272
Dev:   aspect f1=0.4689, opinion f1=0.0000, sentiment acc==0.0000, sentiment f1==0.0000, ABSA f1==0.0000,
Test:  aspect f1=0.4689, opinion f1=0.0000, sentiment acc==0.0000, sentiment f1==0.0000, ABSA f1==0.0000,
Current Max Metrics Index : 2 Current Min Loss Index : 3 Epoch Time: 0m 14s Tau : 0.91

-------------------------------------Iter4--------------------------------------
Train: final loss=0.761909, aspect loss=0.093415, opinion loss=0.000000, domain loss=0.667569, sentiment loss=0.000000, reg loss=0.000000, step=9090
Dev:   final loss=0.161033, aspect loss=0.161033, opinion loss=0.000000, sentiment loss=0.000000, reg loss=0.000000, step=9090
Dev:   aspect f1=0.4856, opinion f1=0.0000, sentiment acc==0.0000, sentiment f1==0.0000, ABSA f1==0.0000,
Test:  aspect f1=0.4856, opinion f1=0.0000, sentiment acc==0.0000, sentiment f1==0.0000, ABSA f1==0.0000,
Current Max Metrics Index : 2 Current Min Loss Index : 4 Epoch Time: 0m 14s Tau : 0.89

-------------------------------------Iter5--------------------------------------
Train: final loss=0.760001, aspect loss=0.089173, opinion loss=0.000000, domain loss=0.669185, sentiment loss=0.000000, reg loss=0.000000, step=10908
Dev:   final loss=0.164482, aspect loss=0.164482, opinion loss=0.000000, sentiment loss=0.000000, reg loss=0.000000, step=10908
Dev:   aspect f1=0.5056, opinion f1=0.0000, sentiment acc==0.0000, sentiment f1==0.0000, ABSA f1==0.0000,
Test:  aspect f1=0.5056, opinion f1=0.0000, sentiment acc==0.0000, sentiment f1==0.0000, ABSA f1==0.0000,
Current Max Metrics Index : 5 Current Min Loss Index : 4 Epoch Time: 0m 14s Tau : 0.86
>> Checkpoint Saved: state_dict/restaurant-to-laptop/[SemBridge]-ATE-F1-0.5056.pth

-------------------------------------Iter6--------------------------------------
Train: final loss=0.757302, aspect loss=0.086209, opinion loss=0.000000, domain loss=0.669793, sentiment loss=0.000000, reg loss=0.000000, step=12726
Dev:   final loss=0.154378, aspect loss=0.154378, opinion loss=0.000000, sentiment loss=0.000000, reg loss=0.000000, step=12726
Dev:   aspect f1=0.4904, opinion f1=0.0000, sentiment acc==0.0000, sentiment f1==0.0000, ABSA f1==0.0000,
Test:  aspect f1=0.4904, opinion f1=0.0000, sentiment acc==0.0000, sentiment f1==0.0000, ABSA f1==0.0000,
Current Max Metrics Index : 5 Current Min Loss Index : 6 Epoch Time: 0m 14s Tau : 0.84

-------------------------------------Iter7--------------------------------------
Train: final loss=0.756044, aspect loss=0.084233, opinion loss=0.000000, domain loss=0.671025, sentiment loss=0.000000, reg loss=0.000000, step=14544
Dev:   final loss=0.154630, aspect loss=0.154630, opinion loss=0.000000, sentiment loss=0.000000, reg loss=0.000000, step=14544
Dev:   aspect f1=0.4876, opinion f1=0.0000, sentiment acc==0.0000, sentiment f1==0.0000, ABSA f1==0.0000,
Test:  aspect f1=0.4876, opinion f1=0.0000, sentiment acc==0.0000, sentiment f1==0.0000, ABSA f1==0.0000,
Current Max Metrics Index : 5 Current Min Loss Index : 6 Epoch Time: 0m 14s Tau : 0.81

-------------------------------------Iter8--------------------------------------
Train: final loss=0.754300, aspect loss=0.081613, opinion loss=0.000000, domain loss=0.671434, sentiment loss=0.000000, reg loss=0.000000, step=16362
Dev:   final loss=0.160102, aspect loss=0.160102, opinion loss=0.000000, sentiment loss=0.000000, reg loss=0.000000, step=16362
Dev:   aspect f1=0.5117, opinion f1=0.0000, sentiment acc==0.0000, sentiment f1==0.0000, ABSA f1==0.0000,
Test:  aspect f1=0.5117, opinion f1=0.0000, sentiment acc==0.0000, sentiment f1==0.0000, ABSA f1==0.0000,
Current Max Metrics Index : 8 Current Min Loss Index : 6 Epoch Time: 0m 14s Tau : 0.79
>> Checkpoint Saved: state_dict/restaurant-to-laptop/[SemBridge]-ATE-F1-0.5117.pth

-------------------------------------Iter9--------------------------------------
Train: final loss=0.751046, aspect loss=0.079402, opinion loss=0.000000, domain loss=0.671199, sentiment loss=0.000000, reg loss=0.000000, step=18180
Dev:   final loss=0.155570, aspect loss=0.155570, opinion loss=0.000000, sentiment loss=0.000000, reg loss=0.000000, step=18180
Dev:   aspect f1=0.5073, opinion f1=0.0000, sentiment acc==0.0000, sentiment f1==0.0000, ABSA f1==0.0000,
Test:  aspect f1=0.5073, opinion f1=0.0000, sentiment acc==0.0000, sentiment f1==0.0000, ABSA f1==0.0000,
Current Max Metrics Index : 8 Current Min Loss Index : 6 Epoch Time: 0m 14s Tau : 0.76

-------------------------------------Iter10-------------------------------------
Train: final loss=0.750049, aspect loss=0.078263, opinion loss=0.000000, domain loss=0.671235, sentiment loss=0.000000, reg loss=0.000000, step=19998
Dev:   final loss=0.156227, aspect loss=0.156227, opinion loss=0.000000, sentiment loss=0.000000, reg loss=0.000000, step=19998
Dev:   aspect f1=0.5128, opinion f1=0.0000, sentiment acc==0.0000, sentiment f1==0.0000, ABSA f1==0.0000,
Test:  aspect f1=0.5128, opinion f1=0.0000, sentiment acc==0.0000, sentiment f1==0.0000, ABSA f1==0.0000,
Current Max Metrics Index : 10 Current Min Loss Index : 6 Epoch Time: 0m 11s Tau : 0.74
>> Checkpoint Saved: state_dict/restaurant-to-laptop/[SemBridge]-ATE-F1-0.5128.pth

-------------------------------------Iter11-------------------------------------
Train: final loss=0.750437, aspect loss=0.077136, opinion loss=0.000000, domain loss=0.671506, sentiment loss=0.000000, reg loss=0.000000, step=21816
Dev:   final loss=0.153850, aspect loss=0.153850, opinion loss=0.000000, sentiment loss=0.000000, reg loss=0.000000, step=21816
Dev:   aspect f1=0.5007, opinion f1=0.0000, sentiment acc==0.0000, sentiment f1==0.0000, ABSA f1==0.0000,
Test:  aspect f1=0.5007, opinion f1=0.0000, sentiment acc==0.0000, sentiment f1==0.0000, ABSA f1==0.0000,
Current Max Metrics Index : 10 Current Min Loss Index : 11 Epoch Time: 0m 15s Tau : 0.72

-------------------------------------Iter12-------------------------------------
Train: final loss=0.748950, aspect loss=0.075830, opinion loss=0.000000, domain loss=0.671592, sentiment loss=0.000000, reg loss=0.000000, step=23634
Dev:   final loss=0.153005, aspect loss=0.153005, opinion loss=0.000000, sentiment loss=0.000000, reg loss=0.000000, step=23634
Dev:   aspect f1=0.5160, opinion f1=0.0000, sentiment acc==0.0000, sentiment f1==0.0000, ABSA f1==0.0000,
Test:  aspect f1=0.5160, opinion f1=0.0000, sentiment acc==0.0000, sentiment f1==0.0000, ABSA f1==0.0000,
Current Max Metrics Index : 12 Current Min Loss Index : 12 Epoch Time: 0m 14s Tau : 0.70
>> Checkpoint Saved: state_dict/restaurant-to-laptop/[SemBridge]-ATE-F1-0.5160.pth

-------------------------------------Iter13-------------------------------------
Train: final loss=0.745858, aspect loss=0.073357, opinion loss=0.000000, domain loss=0.671509, sentiment loss=0.000000, reg loss=0.000000, step=25452
Dev:   final loss=0.155735, aspect loss=0.155735, opinion loss=0.000000, sentiment loss=0.000000, reg loss=0.000000, step=25452
Dev:   aspect f1=0.5146, opinion f1=0.0000, sentiment acc==0.0000, sentiment f1==0.0000, ABSA f1==0.0000,
Test:  aspect f1=0.5146, opinion f1=0.0000, sentiment acc==0.0000, sentiment f1==0.0000, ABSA f1==0.0000,
Current Max Metrics Index : 12 Current Min Loss Index : 12 Epoch Time: 0m 14s Tau : 0.68

-------------------------------------Iter14-------------------------------------
Train: final loss=0.745915, aspect loss=0.072843, opinion loss=0.000000, domain loss=0.672620, sentiment loss=0.000000, reg loss=0.000000, step=27270
Dev:   final loss=0.154635, aspect loss=0.154635, opinion loss=0.000000, sentiment loss=0.000000, reg loss=0.000000, step=27270
Dev:   aspect f1=0.5138, opinion f1=0.0000, sentiment acc==0.0000, sentiment f1==0.0000, ABSA f1==0.0000,
Test:  aspect f1=0.5138, opinion f1=0.0000, sentiment acc==0.0000, sentiment f1==0.0000, ABSA f1==0.0000,
Current Max Metrics Index : 12 Current Min Loss Index : 12 Epoch Time: 0m 15s Tau : 0.66

-------------------------------------Iter15-------------------------------------
Train: final loss=0.745034, aspect loss=0.071720, opinion loss=0.000000, domain loss=0.671946, sentiment loss=0.000000, reg loss=0.000000, step=29088
Dev:   final loss=0.150983, aspect loss=0.150983, opinion loss=0.000000, sentiment loss=0.000000, reg loss=0.000000, step=29088
Dev:   aspect f1=0.5153, opinion f1=0.0000, sentiment acc==0.0000, sentiment f1==0.0000, ABSA f1==0.0000,
Test:  aspect f1=0.5153, opinion f1=0.0000, sentiment acc==0.0000, sentiment f1==0.0000, ABSA f1==0.0000,
Current Max Metrics Index : 12 Current Min Loss Index : 15 Epoch Time: 0m 15s Tau : 0.64

-------------------------------------Iter16-------------------------------------
Train: final loss=0.742105, aspect loss=0.069578, opinion loss=0.000000, domain loss=0.672171, sentiment loss=0.000000, reg loss=0.000000, step=30906
Dev:   final loss=0.157862, aspect loss=0.157862, opinion loss=0.000000, sentiment loss=0.000000, reg loss=0.000000, step=30906
Dev:   aspect f1=0.5163, opinion f1=0.0000, sentiment acc==0.0000, sentiment f1==0.0000, ABSA f1==0.0000,
Test:  aspect f1=0.5163, opinion f1=0.0000, sentiment acc==0.0000, sentiment f1==0.0000, ABSA f1==0.0000,
Current Max Metrics Index : 16 Current Min Loss Index : 15 Epoch Time: 0m 14s Tau : 0.62
>> Checkpoint Saved: state_dict/restaurant-to-laptop/[SemBridge]-ATE-F1-0.5163.pth

-------------------------------------Iter17-------------------------------------
Train: final loss=0.743158, aspect loss=0.069461, opinion loss=0.000000, domain loss=0.672102, sentiment loss=0.000000, reg loss=0.000000, step=32724
Dev:   final loss=0.153365, aspect loss=0.153365, opinion loss=0.000000, sentiment loss=0.000000, reg loss=0.000000, step=32724
Dev:   aspect f1=0.5323, opinion f1=0.0000, sentiment acc==0.0000, sentiment f1==0.0000, ABSA f1==0.0000,
Test:  aspect f1=0.5323, opinion f1=0.0000, sentiment acc==0.0000, sentiment f1==0.0000, ABSA f1==0.0000,
Current Max Metrics Index : 17 Current Min Loss Index : 15 Epoch Time: 0m 15s Tau : 0.60
>> Checkpoint Saved: state_dict/restaurant-to-laptop/[SemBridge]-ATE-F1-0.5323.pth

-------------------------------------Iter18-------------------------------------
Train: final loss=0.741588, aspect loss=0.068493, opinion loss=0.000000, domain loss=0.671948, sentiment loss=0.000000, reg loss=0.000000, step=34542
Dev:   final loss=0.152743, aspect loss=0.152743, opinion loss=0.000000, sentiment loss=0.000000, reg loss=0.000000, step=34542
Dev:   aspect f1=0.5268, opinion f1=0.0000, sentiment acc==0.0000, sentiment f1==0.0000, ABSA f1==0.0000,
Test:  aspect f1=0.5268, opinion f1=0.0000, sentiment acc==0.0000, sentiment f1==0.0000, ABSA f1==0.0000,
Current Max Metrics Index : 17 Current Min Loss Index : 15 Epoch Time: 0m 15s Tau : 0.58

-------------------------------------Iter19-------------------------------------
Train: final loss=0.741781, aspect loss=0.067743, opinion loss=0.000000, domain loss=0.672172, sentiment loss=0.000000, reg loss=0.000000, step=36360
Dev:   final loss=0.156395, aspect loss=0.156395, opinion loss=0.000000, sentiment loss=0.000000, reg loss=0.000000, step=36360
Dev:   aspect f1=0.5125, opinion f1=0.0000, sentiment acc==0.0000, sentiment f1==0.0000, ABSA f1==0.0000,
Test:  aspect f1=0.5125, opinion f1=0.0000, sentiment acc==0.0000, sentiment f1==0.0000, ABSA f1==0.0000,
Current Max Metrics Index : 17 Current Min Loss Index : 15 Epoch Time: 0m 15s Tau : 0.57

-------------------------------------Iter20-------------------------------------
Train: final loss=0.738681, aspect loss=0.065627, opinion loss=0.000000, domain loss=0.672153, sentiment loss=0.000000, reg loss=0.000000, step=38178
Dev:   final loss=0.154004, aspect loss=0.154004, opinion loss=0.000000, sentiment loss=0.000000, reg loss=0.000000, step=38178
Dev:   aspect f1=0.5090, opinion f1=0.0000, sentiment acc==0.0000, sentiment f1==0.0000, ABSA f1==0.0000,
Test:  aspect f1=0.5090, opinion f1=0.0000, sentiment acc==0.0000, sentiment f1==0.0000, ABSA f1==0.0000,
Current Max Metrics Index : 17 Current Min Loss Index : 15 Epoch Time: 0m 14s Tau : 0.55

-------------------------------------Iter21-------------------------------------
Train: final loss=0.737006, aspect loss=0.063954, opinion loss=0.000000, domain loss=0.672117, sentiment loss=0.000000, reg loss=0.000000, step=39996
Dev:   final loss=0.157740, aspect loss=0.157740, opinion loss=0.000000, sentiment loss=0.000000, reg loss=0.000000, step=39996
Dev:   aspect f1=0.5135, opinion f1=0.0000, sentiment acc==0.0000, sentiment f1==0.0000, ABSA f1==0.0000,
Test:  aspect f1=0.5135, opinion f1=0.0000, sentiment acc==0.0000, sentiment f1==0.0000, ABSA f1==0.0000,
Current Max Metrics Index : 17 Current Min Loss Index : 15 Epoch Time: 0m 14s Tau : 0.53

-------------------------------------Iter22-------------------------------------
Train: final loss=0.738091, aspect loss=0.064509, opinion loss=0.000000, domain loss=0.672340, sentiment loss=0.000000, reg loss=0.000000, step=41814
Dev:   final loss=0.160434, aspect loss=0.160434, opinion loss=0.000000, sentiment loss=0.000000, reg loss=0.000000, step=41814
Dev:   aspect f1=0.5028, opinion f1=0.0000, sentiment acc==0.0000, sentiment f1==0.0000, ABSA f1==0.0000,
Test:  aspect f1=0.5028, opinion f1=0.0000, sentiment acc==0.0000, sentiment f1==0.0000, ABSA f1==0.0000,
Current Max Metrics Index : 17 Current Min Loss Index : 15 Epoch Time: 0m 14s Tau : 0.52

-------------------------------------Iter23-------------------------------------
Train: final loss=0.735672, aspect loss=0.062667, opinion loss=0.000000, domain loss=0.672218, sentiment loss=0.000000, reg loss=0.000000, step=43632
Dev:   final loss=0.152711, aspect loss=0.152711, opinion loss=0.000000, sentiment loss=0.000000, reg loss=0.000000, step=43632
Dev:   aspect f1=0.4888, opinion f1=0.0000, sentiment acc==0.0000, sentiment f1==0.0000, ABSA f1==0.0000,
Test:  aspect f1=0.4888, opinion f1=0.0000, sentiment acc==0.0000, sentiment f1==0.0000, ABSA f1==0.0000,
Current Max Metrics Index : 17 Current Min Loss Index : 15 Epoch Time: 0m 14s Tau : 0.50

-------------------------------------Iter24-------------------------------------
Train: final loss=0.736347, aspect loss=0.063079, opinion loss=0.000000, domain loss=0.672351, sentiment loss=0.000000, reg loss=0.000000, step=45450
Dev:   final loss=0.156200, aspect loss=0.156200, opinion loss=0.000000, sentiment loss=0.000000, reg loss=0.000000, step=45450
Dev:   aspect f1=0.5106, opinion f1=0.0000, sentiment acc==0.0000, sentiment f1==0.0000, ABSA f1==0.0000,
Test:  aspect f1=0.5106, opinion f1=0.0000, sentiment acc==0.0000, sentiment f1==0.0000, ABSA f1==0.0000,
Current Max Metrics Index : 17 Current Min Loss Index : 15 Epoch Time: 0m 14s Tau : 0.49

-------------------------------------Iter25-------------------------------------
Train: final loss=0.736204, aspect loss=0.062259, opinion loss=0.000000, domain loss=0.671944, sentiment loss=0.000000, reg loss=0.000000, step=47268
Dev:   final loss=0.154269, aspect loss=0.154269, opinion loss=0.000000, sentiment loss=0.000000, reg loss=0.000000, step=47268
Dev:   aspect f1=0.4891, opinion f1=0.0000, sentiment acc==0.0000, sentiment f1==0.0000, ABSA f1==0.0000,
Test:  aspect f1=0.4891, opinion f1=0.0000, sentiment acc==0.0000, sentiment f1==0.0000, ABSA f1==0.0000,
Current Max Metrics Index : 17 Current Min Loss Index : 15 Epoch Time: 0m 14s Tau : 0.47

-------------------------------------Iter26-------------------------------------
Train: final loss=0.734253, aspect loss=0.061116, opinion loss=0.000000, domain loss=0.672229, sentiment loss=0.000000, reg loss=0.000000, step=49086
Dev:   final loss=0.155911, aspect loss=0.155911, opinion loss=0.000000, sentiment loss=0.000000, reg loss=0.000000, step=49086
Dev:   aspect f1=0.5103, opinion f1=0.0000, sentiment acc==0.0000, sentiment f1==0.0000, ABSA f1==0.0000,
Test:  aspect f1=0.5103, opinion f1=0.0000, sentiment acc==0.0000, sentiment f1==0.0000, ABSA f1==0.0000,
Current Max Metrics Index : 17 Current Min Loss Index : 15 Epoch Time: 0m 14s Tau : 0.46

-------------------------------------Iter27-------------------------------------
Train: final loss=0.733721, aspect loss=0.059901, opinion loss=0.000000, domain loss=0.672342, sentiment loss=0.000000, reg loss=0.000000, step=50904
Dev:   final loss=0.164697, aspect loss=0.164697, opinion loss=0.000000, sentiment loss=0.000000, reg loss=0.000000, step=50904
Dev:   aspect f1=0.5109, opinion f1=0.0000, sentiment acc==0.0000, sentiment f1==0.0000, ABSA f1==0.0000,
Test:  aspect f1=0.5109, opinion f1=0.0000, sentiment acc==0.0000, sentiment f1==0.0000, ABSA f1==0.0000,
Current Max Metrics Index : 17 Current Min Loss Index : 15 Epoch Time: 0m 14s Tau : 0.44

-------------------------------------Iter28-------------------------------------
Train: final loss=0.733897, aspect loss=0.060094, opinion loss=0.000000, domain loss=0.672217, sentiment loss=0.000000, reg loss=0.000000, step=52722
Dev:   final loss=0.163690, aspect loss=0.163690, opinion loss=0.000000, sentiment loss=0.000000, reg loss=0.000000, step=52722
Dev:   aspect f1=0.5099, opinion f1=0.0000, sentiment acc==0.0000, sentiment f1==0.0000, ABSA f1==0.0000,
Test:  aspect f1=0.5099, opinion f1=0.0000, sentiment acc==0.0000, sentiment f1==0.0000, ABSA f1==0.0000,
Current Max Metrics Index : 17 Current Min Loss Index : 15 Epoch Time: 0m 14s Tau : 0.43

-------------------------------------Iter29-------------------------------------
Train: final loss=0.732489, aspect loss=0.059475, opinion loss=0.000000, domain loss=0.671668, sentiment loss=0.000000, reg loss=0.000000, step=54540
Dev:   final loss=0.168112, aspect loss=0.168112, opinion loss=0.000000, sentiment loss=0.000000, reg loss=0.000000, step=54540
Dev:   aspect f1=0.5039, opinion f1=0.0000, sentiment acc==0.0000, sentiment f1==0.0000, ABSA f1==0.0000,
Test:  aspect f1=0.5039, opinion f1=0.0000, sentiment acc==0.0000, sentiment f1==0.0000, ABSA f1==0.0000,
Current Max Metrics Index : 17 Current Min Loss Index : 15 Epoch Time: 0m 14s Tau : 0.42

-------------------------------------Iter30-------------------------------------
Train: final loss=0.731441, aspect loss=0.058367, opinion loss=0.000000, domain loss=0.672008, sentiment loss=0.000000, reg loss=0.000000, step=56358
Dev:   final loss=0.156341, aspect loss=0.156341, opinion loss=0.000000, sentiment loss=0.000000, reg loss=0.000000, step=56358
Dev:   aspect f1=0.5015, opinion f1=0.0000, sentiment acc==0.0000, sentiment f1==0.0000, ABSA f1==0.0000,
Test:  aspect f1=0.5015, opinion f1=0.0000, sentiment acc==0.0000, sentiment f1==0.0000, ABSA f1==0.0000,
Current Max Metrics Index : 17 Current Min Loss Index : 15 Epoch Time: 0m 14s Tau : 0.41

-------------------------------------Iter31-------------------------------------
Train: final loss=0.731693, aspect loss=0.058182, opinion loss=0.000000, domain loss=0.672325, sentiment loss=0.000000, reg loss=0.000000, step=58176
Dev:   final loss=0.159870, aspect loss=0.159870, opinion loss=0.000000, sentiment loss=0.000000, reg loss=0.000000, step=58176
Dev:   aspect f1=0.5068, opinion f1=0.0000, sentiment acc==0.0000, sentiment f1==0.0000, ABSA f1==0.0000,
Test:  aspect f1=0.5068, opinion f1=0.0000, sentiment acc==0.0000, sentiment f1==0.0000, ABSA f1==0.0000,
Current Max Metrics Index : 17 Current Min Loss Index : 15 Epoch Time: 0m 14s Tau : 0.39

-------------------------------------Iter32-------------------------------------
Train: final loss=0.729401, aspect loss=0.056484, opinion loss=0.000000, domain loss=0.672334, sentiment loss=0.000000, reg loss=0.000000, step=59994
Dev:   final loss=0.158776, aspect loss=0.158776, opinion loss=0.000000, sentiment loss=0.000000, reg loss=0.000000, step=59994
Dev:   aspect f1=0.5193, opinion f1=0.0000, sentiment acc==0.0000, sentiment f1==0.0000, ABSA f1==0.0000,
Test:  aspect f1=0.5193, opinion f1=0.0000, sentiment acc==0.0000, sentiment f1==0.0000, ABSA f1==0.0000,
Current Max Metrics Index : 17 Current Min Loss Index : 15 Epoch Time: 0m 14s Tau : 0.38

-------------------------------------Iter33-------------------------------------
Train: final loss=0.728757, aspect loss=0.056100, opinion loss=0.000000, domain loss=0.672002, sentiment loss=0.000000, reg loss=0.000000, step=61812
Dev:   final loss=0.159797, aspect loss=0.159797, opinion loss=0.000000, sentiment loss=0.000000, reg loss=0.000000, step=61812
Dev:   aspect f1=0.5035, opinion f1=0.0000, sentiment acc==0.0000, sentiment f1==0.0000, ABSA f1==0.0000,
Test:  aspect f1=0.5035, opinion f1=0.0000, sentiment acc==0.0000, sentiment f1==0.0000, ABSA f1==0.0000,
Current Max Metrics Index : 17 Current Min Loss Index : 15 Epoch Time: 0m 14s Tau : 0.37

-------------------------------------Iter34-------------------------------------
Train: final loss=0.728938, aspect loss=0.054958, opinion loss=0.000000, domain loss=0.672240, sentiment loss=0.000000, reg loss=0.000000, step=63630
Dev:   final loss=0.160402, aspect loss=0.160402, opinion loss=0.000000, sentiment loss=0.000000, reg loss=0.000000, step=63630
Dev:   aspect f1=0.5195, opinion f1=0.0000, sentiment acc==0.0000, sentiment f1==0.0000, ABSA f1==0.0000,
Test:  aspect f1=0.5195, opinion f1=0.0000, sentiment acc==0.0000, sentiment f1==0.0000, ABSA f1==0.0000,
Current Max Metrics Index : 17 Current Min Loss Index : 15 Epoch Time: 0m 14s Tau : 0.36

-------------------------------------Iter35-------------------------------------
Train: final loss=0.729841, aspect loss=0.055851, opinion loss=0.000000, domain loss=0.672449, sentiment loss=0.000000, reg loss=0.000000, step=65448
Dev:   final loss=0.162633, aspect loss=0.162633, opinion loss=0.000000, sentiment loss=0.000000, reg loss=0.000000, step=65448
Dev:   aspect f1=0.5216, opinion f1=0.0000, sentiment acc==0.0000, sentiment f1==0.0000, ABSA f1==0.0000,
Test:  aspect f1=0.5216, opinion f1=0.0000, sentiment acc==0.0000, sentiment f1==0.0000, ABSA f1==0.0000,
Current Max Metrics Index : 17 Current Min Loss Index : 15 Epoch Time: 0m 14s Tau : 0.35

-------------------------------------Iter36-------------------------------------
Train: final loss=0.727127, aspect loss=0.054349, opinion loss=0.000000, domain loss=0.671528, sentiment loss=0.000000, reg loss=0.000000, step=67266
Dev:   final loss=0.168285, aspect loss=0.168285, opinion loss=0.000000, sentiment loss=0.000000, reg loss=0.000000, step=67266
Dev:   aspect f1=0.5068, opinion f1=0.0000, sentiment acc==0.0000, sentiment f1==0.0000, ABSA f1==0.0000,
Test:  aspect f1=0.5068, opinion f1=0.0000, sentiment acc==0.0000, sentiment f1==0.0000, ABSA f1==0.0000,
Current Max Metrics Index : 17 Current Min Loss Index : 15 Epoch Time: 0m 14s Tau : 0.34

-------------------------------------Iter37-------------------------------------
Train: final loss=0.726829, aspect loss=0.053590, opinion loss=0.000000, domain loss=0.672087, sentiment loss=0.000000, reg loss=0.000000, step=69084
Dev:   final loss=0.163150, aspect loss=0.163150, opinion loss=0.000000, sentiment loss=0.000000, reg loss=0.000000, step=69084
Dev:   aspect f1=0.5066, opinion f1=0.0000, sentiment acc==0.0000, sentiment f1==0.0000, ABSA f1==0.0000,
Test:  aspect f1=0.5066, opinion f1=0.0000, sentiment acc==0.0000, sentiment f1==0.0000, ABSA f1==0.0000,
Current Max Metrics Index : 17 Current Min Loss Index : 15 Epoch Time: 0m 14s Tau : 0.33

-------------------------------------Iter38-------------------------------------
Train: final loss=0.727463, aspect loss=0.053799, opinion loss=0.000000, domain loss=0.672067, sentiment loss=0.000000, reg loss=0.000000, step=70902
Dev:   final loss=0.159317, aspect loss=0.159317, opinion loss=0.000000, sentiment loss=0.000000, reg loss=0.000000, step=70902
Dev:   aspect f1=0.4825, opinion f1=0.0000, sentiment acc==0.0000, sentiment f1==0.0000, ABSA f1==0.0000,
Test:  aspect f1=0.4825, opinion f1=0.0000, sentiment acc==0.0000, sentiment f1==0.0000, ABSA f1==0.0000,
Current Max Metrics Index : 17 Current Min Loss Index : 15 Epoch Time: 0m 14s Tau : 0.32

-------------------------------------Iter39-------------------------------------
Train: final loss=0.727358, aspect loss=0.053790, opinion loss=0.000000, domain loss=0.672097, sentiment loss=0.000000, reg loss=0.000000, step=72720
Dev:   final loss=0.170658, aspect loss=0.170658, opinion loss=0.000000, sentiment loss=0.000000, reg loss=0.000000, step=72720
Dev:   aspect f1=0.4993, opinion f1=0.0000, sentiment acc==0.0000, sentiment f1==0.0000, ABSA f1==0.0000,
Test:  aspect f1=0.4993, opinion f1=0.0000, sentiment acc==0.0000, sentiment f1==0.0000, ABSA f1==0.0000,
Current Max Metrics Index : 17 Current Min Loss Index : 15 Epoch Time: 0m 14s Tau : 0.31

-------------------------------------Iter40-------------------------------------
Train: final loss=0.725804, aspect loss=0.052091, opinion loss=0.000000, domain loss=0.672345, sentiment loss=0.000000, reg loss=0.000000, step=74538
Dev:   final loss=0.167929, aspect loss=0.167929, opinion loss=0.000000, sentiment loss=0.000000, reg loss=0.000000, step=74538
Dev:   aspect f1=0.4980, opinion f1=0.0000, sentiment acc==0.0000, sentiment f1==0.0000, ABSA f1==0.0000,
Test:  aspect f1=0.4980, opinion f1=0.0000, sentiment acc==0.0000, sentiment f1==0.0000, ABSA f1==0.0000,
Current Max Metrics Index : 17 Current Min Loss Index : 15 Epoch Time: 0m 14s Tau : 0.30

-------------------------------------Iter41-------------------------------------
Train: final loss=0.725665, aspect loss=0.052955, opinion loss=0.000000, domain loss=0.672108, sentiment loss=0.000000, reg loss=0.000000, step=76356
Dev:   final loss=0.166636, aspect loss=0.166636, opinion loss=0.000000, sentiment loss=0.000000, reg loss=0.000000, step=76356
Dev:   aspect f1=0.4683, opinion f1=0.0000, sentiment acc==0.0000, sentiment f1==0.0000, ABSA f1==0.0000,
Test:  aspect f1=0.4683, opinion f1=0.0000, sentiment acc==0.0000, sentiment f1==0.0000, ABSA f1==0.0000,
Current Max Metrics Index : 17 Current Min Loss Index : 15 Epoch Time: 0m 14s Tau : 0.29

-------------------------------------Iter42-------------------------------------
Train: final loss=0.723508, aspect loss=0.051515, opinion loss=0.000000, domain loss=0.671715, sentiment loss=0.000000, reg loss=0.000000, step=78174
Dev:   final loss=0.160127, aspect loss=0.160127, opinion loss=0.000000, sentiment loss=0.000000, reg loss=0.000000, step=78174
Dev:   aspect f1=0.4916, opinion f1=0.0000, sentiment acc==0.0000, sentiment f1==0.0000, ABSA f1==0.0000,
Test:  aspect f1=0.4916, opinion f1=0.0000, sentiment acc==0.0000, sentiment f1==0.0000, ABSA f1==0.0000,
Current Max Metrics Index : 17 Current Min Loss Index : 15 Epoch Time: 0m 14s Tau : 0.28

-------------------------------------Iter43-------------------------------------
Train: final loss=0.725840, aspect loss=0.052184, opinion loss=0.000000, domain loss=0.672799, sentiment loss=0.000000, reg loss=0.000000, step=79992
Dev:   final loss=0.160957, aspect loss=0.160957, opinion loss=0.000000, sentiment loss=0.000000, reg loss=0.000000, step=79992
Dev:   aspect f1=0.4970, opinion f1=0.0000, sentiment acc==0.0000, sentiment f1==0.0000, ABSA f1==0.0000,
Test:  aspect f1=0.4970, opinion f1=0.0000, sentiment acc==0.0000, sentiment f1==0.0000, ABSA f1==0.0000,
Current Max Metrics Index : 17 Current Min Loss Index : 15 Epoch Time: 0m 14s Tau : 0.28

-------------------------------------Iter44-------------------------------------
Train: final loss=0.724102, aspect loss=0.051246, opinion loss=0.000000, domain loss=0.672198, sentiment loss=0.000000, reg loss=0.000000, step=81810
Dev:   final loss=0.162014, aspect loss=0.162014, opinion loss=0.000000, sentiment loss=0.000000, reg loss=0.000000, step=81810
Dev:   aspect f1=0.5084, opinion f1=0.0000, sentiment acc==0.0000, sentiment f1==0.0000, ABSA f1==0.0000,
Test:  aspect f1=0.5084, opinion f1=0.0000, sentiment acc==0.0000, sentiment f1==0.0000, ABSA f1==0.0000,
Current Max Metrics Index : 17 Current Min Loss Index : 15 Epoch Time: 0m 14s Tau : 0.27

-------------------------------------Iter45-------------------------------------
Train: final loss=0.723566, aspect loss=0.050524, opinion loss=0.000000, domain loss=0.672347, sentiment loss=0.000000, reg loss=0.000000, step=83628
Dev:   final loss=0.174206, aspect loss=0.174206, opinion loss=0.000000, sentiment loss=0.000000, reg loss=0.000000, step=83628
Dev:   aspect f1=0.5148, opinion f1=0.0000, sentiment acc==0.0000, sentiment f1==0.0000, ABSA f1==0.0000,
Test:  aspect f1=0.5148, opinion f1=0.0000, sentiment acc==0.0000, sentiment f1==0.0000, ABSA f1==0.0000,
Current Max Metrics Index : 17 Current Min Loss Index : 15 Epoch Time: 0m 14s Tau : 0.26

-------------------------------------Iter46-------------------------------------
Train: final loss=0.723093, aspect loss=0.049988, opinion loss=0.000000, domain loss=0.671809, sentiment loss=0.000000, reg loss=0.000000, step=85446
Dev:   final loss=0.163044, aspect loss=0.163044, opinion loss=0.000000, sentiment loss=0.000000, reg loss=0.000000, step=85446
Dev:   aspect f1=0.5062, opinion f1=0.0000, sentiment acc==0.0000, sentiment f1==0.0000, ABSA f1==0.0000,
Test:  aspect f1=0.5062, opinion f1=0.0000, sentiment acc==0.0000, sentiment f1==0.0000, ABSA f1==0.0000,
Current Max Metrics Index : 17 Current Min Loss Index : 15 Epoch Time: 0m 14s Tau : 0.25

-------------------------------------Iter47-------------------------------------
Train: final loss=0.722485, aspect loss=0.049542, opinion loss=0.000000, domain loss=0.672173, sentiment loss=0.000000, reg loss=0.000000, step=87264
Dev:   final loss=0.174193, aspect loss=0.174193, opinion loss=0.000000, sentiment loss=0.000000, reg loss=0.000000, step=87264
Dev:   aspect f1=0.4798, opinion f1=0.0000, sentiment acc==0.0000, sentiment f1==0.0000, ABSA f1==0.0000,
Test:  aspect f1=0.4798, opinion f1=0.0000, sentiment acc==0.0000, sentiment f1==0.0000, ABSA f1==0.0000,
Current Max Metrics Index : 17 Current Min Loss Index : 15 Epoch Time: 0m 14s Tau : 0.24

-------------------------------------Iter48-------------------------------------
Train: final loss=0.722624, aspect loss=0.049799, opinion loss=0.000000, domain loss=0.672386, sentiment loss=0.000000, reg loss=0.000000, step=89082
Dev:   final loss=0.169139, aspect loss=0.169139, opinion loss=0.000000, sentiment loss=0.000000, reg loss=0.000000, step=89082
Dev:   aspect f1=0.5063, opinion f1=0.0000, sentiment acc==0.0000, sentiment f1==0.0000, ABSA f1==0.0000,
Test:  aspect f1=0.5063, opinion f1=0.0000, sentiment acc==0.0000, sentiment f1==0.0000, ABSA f1==0.0000,
Current Max Metrics Index : 17 Current Min Loss Index : 15 Epoch Time: 0m 14s Tau : 0.24

-------------------------------------Iter49-------------------------------------
Train: final loss=0.723441, aspect loss=0.049388, opinion loss=0.000000, domain loss=0.672085, sentiment loss=0.000000, reg loss=0.000000, step=90900
Dev:   final loss=0.162320, aspect loss=0.162320, opinion loss=0.000000, sentiment loss=0.000000, reg loss=0.000000, step=90900
Dev:   aspect f1=0.5235, opinion f1=0.0000, sentiment acc==0.0000, sentiment f1==0.0000, ABSA f1==0.0000,
Test:  aspect f1=0.5235, opinion f1=0.0000, sentiment acc==0.0000, sentiment f1==0.0000, ABSA f1==0.0000,
Current Max Metrics Index : 17 Current Min Loss Index : 15 Epoch Time: 0m 14s Tau : 0.23

-------------------------------------Iter50-------------------------------------
Train: final loss=0.721343, aspect loss=0.047459, opinion loss=0.000000, domain loss=0.671856, sentiment loss=0.000000, reg loss=0.000000, step=92718
Dev:   final loss=0.175255, aspect loss=0.175255, opinion loss=0.000000, sentiment loss=0.000000, reg loss=0.000000, step=92718
Dev:   aspect f1=0.4900, opinion f1=0.0000, sentiment acc==0.0000, sentiment f1==0.0000, ABSA f1==0.0000,
Test:  aspect f1=0.4900, opinion f1=0.0000, sentiment acc==0.0000, sentiment f1==0.0000, ABSA f1==0.0000,
Current Max Metrics Index : 17 Current Min Loss Index : 15 Epoch Time: 0m 14s Tau : 0.22

-------------------------------------Iter51-------------------------------------
Train: final loss=0.720920, aspect loss=0.047782, opinion loss=0.000000, domain loss=0.672124, sentiment loss=0.000000, reg loss=0.000000, step=94536
Dev:   final loss=0.175380, aspect loss=0.175380, opinion loss=0.000000, sentiment loss=0.000000, reg loss=0.000000, step=94536
Dev:   aspect f1=0.5136, opinion f1=0.0000, sentiment acc==0.0000, sentiment f1==0.0000, ABSA f1==0.0000,
Test:  aspect f1=0.5136, opinion f1=0.0000, sentiment acc==0.0000, sentiment f1==0.0000, ABSA f1==0.0000,
Current Max Metrics Index : 17 Current Min Loss Index : 15 Epoch Time: 0m 14s Tau : 0.22

-------------------------------------Iter52-------------------------------------
Train: final loss=0.721210, aspect loss=0.048131, opinion loss=0.000000, domain loss=0.671886, sentiment loss=0.000000, reg loss=0.000000, step=96354
Dev:   final loss=0.168672, aspect loss=0.168672, opinion loss=0.000000, sentiment loss=0.000000, reg loss=0.000000, step=96354
Dev:   aspect f1=0.4936, opinion f1=0.0000, sentiment acc==0.0000, sentiment f1==0.0000, ABSA f1==0.0000,
Test:  aspect f1=0.4936, opinion f1=0.0000, sentiment acc==0.0000, sentiment f1==0.0000, ABSA f1==0.0000,
Current Max Metrics Index : 17 Current Min Loss Index : 15 Epoch Time: 0m 14s Tau : 0.21

-------------------------------------Iter53-------------------------------------
Train: final loss=0.720892, aspect loss=0.047191, opinion loss=0.000000, domain loss=0.672319, sentiment loss=0.000000, reg loss=0.000000, step=98172
Dev:   final loss=0.173719, aspect loss=0.173719, opinion loss=0.000000, sentiment loss=0.000000, reg loss=0.000000, step=98172
Dev:   aspect f1=0.5104, opinion f1=0.0000, sentiment acc==0.0000, sentiment f1==0.0000, ABSA f1==0.0000,
Test:  aspect f1=0.5104, opinion f1=0.0000, sentiment acc==0.0000, sentiment f1==0.0000, ABSA f1==0.0000,
Current Max Metrics Index : 17 Current Min Loss Index : 15 Epoch Time: 0m 14s Tau : 0.20

-------------------------------------Iter54-------------------------------------
Train: final loss=0.719918, aspect loss=0.047245, opinion loss=0.000000, domain loss=0.672063, sentiment loss=0.000000, reg loss=0.000000, step=99990
Dev:   final loss=0.172978, aspect loss=0.172978, opinion loss=0.000000, sentiment loss=0.000000, reg loss=0.000000, step=99990
Dev:   aspect f1=0.5013, opinion f1=0.0000, sentiment acc==0.0000, sentiment f1==0.0000, ABSA f1==0.0000,
Test:  aspect f1=0.5013, opinion f1=0.0000, sentiment acc==0.0000, sentiment f1==0.0000, ABSA f1==0.0000,
Current Max Metrics Index : 17 Current Min Loss Index : 15 Epoch Time: 0m 14s Tau : 0.20

-------------------------------------Iter55-------------------------------------
Train: final loss=0.719324, aspect loss=0.046258, opinion loss=0.000000, domain loss=0.672150, sentiment loss=0.000000, reg loss=0.000000, step=101808
Dev:   final loss=0.168246, aspect loss=0.168246, opinion loss=0.000000, sentiment loss=0.000000, reg loss=0.000000, step=101808
Dev:   aspect f1=0.4953, opinion f1=0.0000, sentiment acc==0.0000, sentiment f1==0.0000, ABSA f1==0.0000,
Test:  aspect f1=0.4953, opinion f1=0.0000, sentiment acc==0.0000, sentiment f1==0.0000, ABSA f1==0.0000,
Current Max Metrics Index : 17 Current Min Loss Index : 15 Epoch Time: 0m 14s Tau : 0.19

-------------------------------------Iter56-------------------------------------
Train: final loss=0.720090, aspect loss=0.046720, opinion loss=0.000000, domain loss=0.672150, sentiment loss=0.000000, reg loss=0.000000, step=103626
Dev:   final loss=0.168160, aspect loss=0.168160, opinion loss=0.000000, sentiment loss=0.000000, reg loss=0.000000, step=103626
Dev:   aspect f1=0.4835, opinion f1=0.0000, sentiment acc==0.0000, sentiment f1==0.0000, ABSA f1==0.0000,
Test:  aspect f1=0.4835, opinion f1=0.0000, sentiment acc==0.0000, sentiment f1==0.0000, ABSA f1==0.0000,
Current Max Metrics Index : 17 Current Min Loss Index : 15 Epoch Time: 0m 14s Tau : 0.19

-------------------------------------Iter57-------------------------------------
Train: final loss=0.718458, aspect loss=0.045786, opinion loss=0.000000, domain loss=0.672125, sentiment loss=0.000000, reg loss=0.000000, step=105444
Dev:   final loss=0.166229, aspect loss=0.166229, opinion loss=0.000000, sentiment loss=0.000000, reg loss=0.000000, step=105444
Dev:   aspect f1=0.5134, opinion f1=0.0000, sentiment acc==0.0000, sentiment f1==0.0000, ABSA f1==0.0000,
Test:  aspect f1=0.5134, opinion f1=0.0000, sentiment acc==0.0000, sentiment f1==0.0000, ABSA f1==0.0000,
Current Max Metrics Index : 17 Current Min Loss Index : 15 Epoch Time: 0m 14s Tau : 0.18

-------------------------------------Iter58-------------------------------------
Train: final loss=0.719551, aspect loss=0.046031, opinion loss=0.000000, domain loss=0.671886, sentiment loss=0.000000, reg loss=0.000000, step=107262
Dev:   final loss=0.171224, aspect loss=0.171224, opinion loss=0.000000, sentiment loss=0.000000, reg loss=0.000000, step=107262
Dev:   aspect f1=0.4869, opinion f1=0.0000, sentiment acc==0.0000, sentiment f1==0.0000, ABSA f1==0.0000,
Test:  aspect f1=0.4869, opinion f1=0.0000, sentiment acc==0.0000, sentiment f1==0.0000, ABSA f1==0.0000,
Current Max Metrics Index : 17 Current Min Loss Index : 15 Epoch Time: 0m 14s Tau : 0.18

-------------------------------------Iter59-------------------------------------
Train: final loss=0.718406, aspect loss=0.045548, opinion loss=0.000000, domain loss=0.671892, sentiment loss=0.000000, reg loss=0.000000, step=109080
Dev:   final loss=0.173556, aspect loss=0.173556, opinion loss=0.000000, sentiment loss=0.000000, reg loss=0.000000, step=109080
Dev:   aspect f1=0.4940, opinion f1=0.0000, sentiment acc==0.0000, sentiment f1==0.0000, ABSA f1==0.0000,
Test:  aspect f1=0.4940, opinion f1=0.0000, sentiment acc==0.0000, sentiment f1==0.0000, ABSA f1==0.0000,
Current Max Metrics Index : 17 Current Min Loss Index : 15 Epoch Time: 0m 15s Tau : 0.17

-------------------------------------Iter60-------------------------------------
Train: final loss=0.718539, aspect loss=0.045166, opinion loss=0.000000, domain loss=0.672108, sentiment loss=0.000000, reg loss=0.000000, step=110898
Dev:   final loss=0.180285, aspect loss=0.180285, opinion loss=0.000000, sentiment loss=0.000000, reg loss=0.000000, step=110898
Dev:   aspect f1=0.4573, opinion f1=0.0000, sentiment acc==0.0000, sentiment f1==0.0000, ABSA f1==0.0000,
Test:  aspect f1=0.4573, opinion f1=0.0000, sentiment acc==0.0000, sentiment f1==0.0000, ABSA f1==0.0000,
Current Max Metrics Index : 17 Current Min Loss Index : 15 Epoch Time: 0m 15s Tau : 0.17

-------------------------------------Iter61-------------------------------------
Train: final loss=0.716525, aspect loss=0.044858, opinion loss=0.000000, domain loss=0.671834, sentiment loss=0.000000, reg loss=0.000000, step=112716
Dev:   final loss=0.179713, aspect loss=0.179713, opinion loss=0.000000, sentiment loss=0.000000, reg loss=0.000000, step=112716
Dev:   aspect f1=0.4994, opinion f1=0.0000, sentiment acc==0.0000, sentiment f1==0.0000, ABSA f1==0.0000,
Test:  aspect f1=0.4994, opinion f1=0.0000, sentiment acc==0.0000, sentiment f1==0.0000, ABSA f1==0.0000,
Current Max Metrics Index : 17 Current Min Loss Index : 15 Epoch Time: 0m 15s Tau : 0.16

-------------------------------------Iter62-------------------------------------
Train: final loss=0.717697, aspect loss=0.044457, opinion loss=0.000000, domain loss=0.672077, sentiment loss=0.000000, reg loss=0.000000, step=114534
Dev:   final loss=0.176411, aspect loss=0.176411, opinion loss=0.000000, sentiment loss=0.000000, reg loss=0.000000, step=114534
Dev:   aspect f1=0.4922, opinion f1=0.0000, sentiment acc==0.0000, sentiment f1==0.0000, ABSA f1==0.0000,
Test:  aspect f1=0.4922, opinion f1=0.0000, sentiment acc==0.0000, sentiment f1==0.0000, ABSA f1==0.0000,
Current Max Metrics Index : 17 Current Min Loss Index : 15 Epoch Time: 0m 15s Tau : 0.16

-------------------------------------Iter63-------------------------------------
Train: final loss=0.717451, aspect loss=0.044488, opinion loss=0.000000, domain loss=0.671377, sentiment loss=0.000000, reg loss=0.000000, step=116352
Dev:   final loss=0.172540, aspect loss=0.172540, opinion loss=0.000000, sentiment loss=0.000000, reg loss=0.000000, step=116352
Dev:   aspect f1=0.4842, opinion f1=0.0000, sentiment acc==0.0000, sentiment f1==0.0000, ABSA f1==0.0000,
Test:  aspect f1=0.4842, opinion f1=0.0000, sentiment acc==0.0000, sentiment f1==0.0000, ABSA f1==0.0000,
Current Max Metrics Index : 17 Current Min Loss Index : 15 Epoch Time: 0m 15s Tau : 0.15

-------------------------------------Iter64-------------------------------------
Train: final loss=0.716898, aspect loss=0.043898, opinion loss=0.000000, domain loss=0.671861, sentiment loss=0.000000, reg loss=0.000000, step=118170
Dev:   final loss=0.173645, aspect loss=0.173645, opinion loss=0.000000, sentiment loss=0.000000, reg loss=0.000000, step=118170
Dev:   aspect f1=0.4810, opinion f1=0.0000, sentiment acc==0.0000, sentiment f1==0.0000, ABSA f1==0.0000,
Test:  aspect f1=0.4810, opinion f1=0.0000, sentiment acc==0.0000, sentiment f1==0.0000, ABSA f1==0.0000,
Current Max Metrics Index : 17 Current Min Loss Index : 15 Epoch Time: 0m 15s Tau : 0.15

-------------------------------------Iter65-------------------------------------
Train: final loss=0.716922, aspect loss=0.044430, opinion loss=0.000000, domain loss=0.672159, sentiment loss=0.000000, reg loss=0.000000, step=119988
Dev:   final loss=0.177901, aspect loss=0.177901, opinion loss=0.000000, sentiment loss=0.000000, reg loss=0.000000, step=119988
Dev:   aspect f1=0.4752, opinion f1=0.0000, sentiment acc==0.0000, sentiment f1==0.0000, ABSA f1==0.0000,
Test:  aspect f1=0.4752, opinion f1=0.0000, sentiment acc==0.0000, sentiment f1==0.0000, ABSA f1==0.0000,
Current Max Metrics Index : 17 Current Min Loss Index : 15 Epoch Time: 0m 14s Tau : 0.14

-------------------------------------Iter66-------------------------------------
Train: final loss=0.716596, aspect loss=0.043084, opinion loss=0.000000, domain loss=0.672232, sentiment loss=0.000000, reg loss=0.000000, step=121806
Dev:   final loss=0.178128, aspect loss=0.178128, opinion loss=0.000000, sentiment loss=0.000000, reg loss=0.000000, step=121806
Dev:   aspect f1=0.4573, opinion f1=0.0000, sentiment acc==0.0000, sentiment f1==0.0000, ABSA f1==0.0000,
Test:  aspect f1=0.4573, opinion f1=0.0000, sentiment acc==0.0000, sentiment f1==0.0000, ABSA f1==0.0000,
Current Max Metrics Index : 17 Current Min Loss Index : 15 Epoch Time: 0m 14s Tau : 0.14

-------------------------------------Iter67-------------------------------------
Train: final loss=0.716138, aspect loss=0.042612, opinion loss=0.000000, domain loss=0.671958, sentiment loss=0.000000, reg loss=0.000000, step=123624
Dev:   final loss=0.183327, aspect loss=0.183327, opinion loss=0.000000, sentiment loss=0.000000, reg loss=0.000000, step=123624
Dev:   aspect f1=0.4740, opinion f1=0.0000, sentiment acc==0.0000, sentiment f1==0.0000, ABSA f1==0.0000,
Test:  aspect f1=0.4740, opinion f1=0.0000, sentiment acc==0.0000, sentiment f1==0.0000, ABSA f1==0.0000,
Current Max Metrics Index : 17 Current Min Loss Index : 15 Epoch Time: 0m 14s Tau : 0.13

-------------------------------------Iter68-------------------------------------
Train: final loss=0.716258, aspect loss=0.043522, opinion loss=0.000000, domain loss=0.671987, sentiment loss=0.000000, reg loss=0.000000, step=125442
Dev:   final loss=0.176797, aspect loss=0.176797, opinion loss=0.000000, sentiment loss=0.000000, reg loss=0.000000, step=125442
Dev:   aspect f1=0.4908, opinion f1=0.0000, sentiment acc==0.0000, sentiment f1==0.0000, ABSA f1==0.0000,
Test:  aspect f1=0.4908, opinion f1=0.0000, sentiment acc==0.0000, sentiment f1==0.0000, ABSA f1==0.0000,
Current Max Metrics Index : 17 Current Min Loss Index : 15 Epoch Time: 0m 15s Tau : 0.13

-------------------------------------Iter69-------------------------------------
Train: final loss=0.716365, aspect loss=0.043739, opinion loss=0.000000, domain loss=0.672108, sentiment loss=0.000000, reg loss=0.000000, step=127260
Dev:   final loss=0.176380, aspect loss=0.176380, opinion loss=0.000000, sentiment loss=0.000000, reg loss=0.000000, step=127260
Dev:   aspect f1=0.4888, opinion f1=0.0000, sentiment acc==0.0000, sentiment f1==0.0000, ABSA f1==0.0000,
Test:  aspect f1=0.4888, opinion f1=0.0000, sentiment acc==0.0000, sentiment f1==0.0000, ABSA f1==0.0000,
Current Max Metrics Index : 17 Current Min Loss Index : 15 Epoch Time: 0m 14s Tau : 0.13

-------------------------------------Iter70-------------------------------------
Train: final loss=0.715904, aspect loss=0.042400, opinion loss=0.000000, domain loss=0.671807, sentiment loss=0.000000, reg loss=0.000000, step=129078
Dev:   final loss=0.174142, aspect loss=0.174142, opinion loss=0.000000, sentiment loss=0.000000, reg loss=0.000000, step=129078
Dev:   aspect f1=0.4769, opinion f1=0.0000, sentiment acc==0.0000, sentiment f1==0.0000, ABSA f1==0.0000,
Test:  aspect f1=0.4769, opinion f1=0.0000, sentiment acc==0.0000, sentiment f1==0.0000, ABSA f1==0.0000,
Current Max Metrics Index : 17 Current Min Loss Index : 15 Epoch Time: 0m 14s Tau : 0.12

-------------------------------------Iter71-------------------------------------
Train: final loss=0.716338, aspect loss=0.042690, opinion loss=0.000000, domain loss=0.672191, sentiment loss=0.000000, reg loss=0.000000, step=130896
Dev:   final loss=0.179218, aspect loss=0.179218, opinion loss=0.000000, sentiment loss=0.000000, reg loss=0.000000, step=130896
Dev:   aspect f1=0.4731, opinion f1=0.0000, sentiment acc==0.0000, sentiment f1==0.0000, ABSA f1==0.0000,
Test:  aspect f1=0.4731, opinion f1=0.0000, sentiment acc==0.0000, sentiment f1==0.0000, ABSA f1==0.0000,
Current Max Metrics Index : 17 Current Min Loss Index : 15 Epoch Time: 0m 14s Tau : 0.12

-------------------------------------Iter72-------------------------------------
Train: final loss=0.715246, aspect loss=0.041982, opinion loss=0.000000, domain loss=0.672168, sentiment loss=0.000000, reg loss=0.000000, step=132714
Dev:   final loss=0.181306, aspect loss=0.181306, opinion loss=0.000000, sentiment loss=0.000000, reg loss=0.000000, step=132714
Dev:   aspect f1=0.4891, opinion f1=0.0000, sentiment acc==0.0000, sentiment f1==0.0000, ABSA f1==0.0000,
Test:  aspect f1=0.4891, opinion f1=0.0000, sentiment acc==0.0000, sentiment f1==0.0000, ABSA f1==0.0000,
Current Max Metrics Index : 17 Current Min Loss Index : 15 Epoch Time: 0m 14s Tau : 0.12

-------------------------------------Iter73-------------------------------------
Train: final loss=0.715801, aspect loss=0.042687, opinion loss=0.000000, domain loss=0.672330, sentiment loss=0.000000, reg loss=0.000000, step=134532
Dev:   final loss=0.178310, aspect loss=0.178310, opinion loss=0.000000, sentiment loss=0.000000, reg loss=0.000000, step=134532
Dev:   aspect f1=0.5046, opinion f1=0.0000, sentiment acc==0.0000, sentiment f1==0.0000, ABSA f1==0.0000,
Test:  aspect f1=0.5046, opinion f1=0.0000, sentiment acc==0.0000, sentiment f1==0.0000, ABSA f1==0.0000,
Current Max Metrics Index : 17 Current Min Loss Index : 15 Epoch Time: 0m 15s Tau : 0.11

-------------------------------------Iter74-------------------------------------
Train: final loss=0.714101, aspect loss=0.041091, opinion loss=0.000000, domain loss=0.672266, sentiment loss=0.000000, reg loss=0.000000, step=136350
Dev:   final loss=0.181124, aspect loss=0.181124, opinion loss=0.000000, sentiment loss=0.000000, reg loss=0.000000, step=136350
Dev:   aspect f1=0.4841, opinion f1=0.0000, sentiment acc==0.0000, sentiment f1==0.0000, ABSA f1==0.0000,
Test:  aspect f1=0.4841, opinion f1=0.0000, sentiment acc==0.0000, sentiment f1==0.0000, ABSA f1==0.0000,
Current Max Metrics Index : 17 Current Min Loss Index : 15 Epoch Time: 0m 14s Tau : 0.11

-------------------------------------Iter75-------------------------------------
Train: final loss=0.713740, aspect loss=0.040943, opinion loss=0.000000, domain loss=0.672142, sentiment loss=0.000000, reg loss=0.000000, step=138168
Dev:   final loss=0.175471, aspect loss=0.175471, opinion loss=0.000000, sentiment loss=0.000000, reg loss=0.000000, step=138168
Dev:   aspect f1=0.4897, opinion f1=0.0000, sentiment acc==0.0000, sentiment f1==0.0000, ABSA f1==0.0000,
Test:  aspect f1=0.4897, opinion f1=0.0000, sentiment acc==0.0000, sentiment f1==0.0000, ABSA f1==0.0000,
Current Max Metrics Index : 17 Current Min Loss Index : 15 Epoch Time: 0m 14s Tau : 0.11

-------------------------------------Iter76-------------------------------------
Train: final loss=0.713681, aspect loss=0.040792, opinion loss=0.000000, domain loss=0.672288, sentiment loss=0.000000, reg loss=0.000000, step=139986
Dev:   final loss=0.180725, aspect loss=0.180725, opinion loss=0.000000, sentiment loss=0.000000, reg loss=0.000000, step=139986
Dev:   aspect f1=0.4885, opinion f1=0.0000, sentiment acc==0.0000, sentiment f1==0.0000, ABSA f1==0.0000,
Test:  aspect f1=0.4885, opinion f1=0.0000, sentiment acc==0.0000, sentiment f1==0.0000, ABSA f1==0.0000,
Current Max Metrics Index : 17 Current Min Loss Index : 15 Epoch Time: 0m 14s Tau : 0.10

-------------------------------------Iter77-------------------------------------
Train: final loss=0.713481, aspect loss=0.040406, opinion loss=0.000000, domain loss=0.672327, sentiment loss=0.000000, reg loss=0.000000, step=141804
Dev:   final loss=0.174446, aspect loss=0.174446, opinion loss=0.000000, sentiment loss=0.000000, reg loss=0.000000, step=141804
Dev:   aspect f1=0.4871, opinion f1=0.0000, sentiment acc==0.0000, sentiment f1==0.0000, ABSA f1==0.0000,
Test:  aspect f1=0.4871, opinion f1=0.0000, sentiment acc==0.0000, sentiment f1==0.0000, ABSA f1==0.0000,
Current Max Metrics Index : 17 Current Min Loss Index : 15 Epoch Time: 0m 14s Tau : 0.10

-------------------------------------Iter78-------------------------------------
Train: final loss=0.715391, aspect loss=0.040993, opinion loss=0.000000, domain loss=0.672404, sentiment loss=0.000000, reg loss=0.000000, step=143622
Dev:   final loss=0.179099, aspect loss=0.179099, opinion loss=0.000000, sentiment loss=0.000000, reg loss=0.000000, step=143622
Dev:   aspect f1=0.4862, opinion f1=0.0000, sentiment acc==0.0000, sentiment f1==0.0000, ABSA f1==0.0000,
Test:  aspect f1=0.4862, opinion f1=0.0000, sentiment acc==0.0000, sentiment f1==0.0000, ABSA f1==0.0000,
Current Max Metrics Index : 17 Current Min Loss Index : 15 Epoch Time: 0m 14s Tau : 0.10

-------------------------------------Iter79-------------------------------------
Train: final loss=0.713602, aspect loss=0.040296, opinion loss=0.000000, domain loss=0.671957, sentiment loss=0.000000, reg loss=0.000000, step=145440
Dev:   final loss=0.174701, aspect loss=0.174701, opinion loss=0.000000, sentiment loss=0.000000, reg loss=0.000000, step=145440
Dev:   aspect f1=0.4791, opinion f1=0.0000, sentiment acc==0.0000, sentiment f1==0.0000, ABSA f1==0.0000,
Test:  aspect f1=0.4791, opinion f1=0.0000, sentiment acc==0.0000, sentiment f1==0.0000, ABSA f1==0.0000,
Current Max Metrics Index : 17 Current Min Loss Index : 15 Epoch Time: 0m 14s Tau : 0.10

-------------------------------------Iter80-------------------------------------
Train: final loss=0.714759, aspect loss=0.041049, opinion loss=0.000000, domain loss=0.672289, sentiment loss=0.000000, reg loss=0.000000, step=147258
Dev:   final loss=0.176564, aspect loss=0.176564, opinion loss=0.000000, sentiment loss=0.000000, reg loss=0.000000, step=147258
Dev:   aspect f1=0.4844, opinion f1=0.0000, sentiment acc==0.0000, sentiment f1==0.0000, ABSA f1==0.0000,
Test:  aspect f1=0.4844, opinion f1=0.0000, sentiment acc==0.0000, sentiment f1==0.0000, ABSA f1==0.0000,
Current Max Metrics Index : 17 Current Min Loss Index : 15 Epoch Time: 0m 14s Tau : 0.10

-------------------------------------Iter81-------------------------------------
Train: final loss=0.712492, aspect loss=0.039218, opinion loss=0.000000, domain loss=0.672113, sentiment loss=0.000000, reg loss=0.000000, step=149076
Dev:   final loss=0.183679, aspect loss=0.183679, opinion loss=0.000000, sentiment loss=0.000000, reg loss=0.000000, step=149076
Dev:   aspect f1=0.4923, opinion f1=0.0000, sentiment acc==0.0000, sentiment f1==0.0000, ABSA f1==0.0000,
Test:  aspect f1=0.4923, opinion f1=0.0000, sentiment acc==0.0000, sentiment f1==0.0000, ABSA f1==0.0000,
Current Max Metrics Index : 17 Current Min Loss Index : 15 Epoch Time: 0m 14s Tau : 0.10

-------------------------------------Iter82-------------------------------------
Train: final loss=0.713396, aspect loss=0.041016, opinion loss=0.000000, domain loss=0.672108, sentiment loss=0.000000, reg loss=0.000000, step=150894
Dev:   final loss=0.175055, aspect loss=0.175055, opinion loss=0.000000, sentiment loss=0.000000, reg loss=0.000000, step=150894
Dev:   aspect f1=0.4765, opinion f1=0.0000, sentiment acc==0.0000, sentiment f1==0.0000, ABSA f1==0.0000,
Test:  aspect f1=0.4765, opinion f1=0.0000, sentiment acc==0.0000, sentiment f1==0.0000, ABSA f1==0.0000,
Current Max Metrics Index : 17 Current Min Loss Index : 15 Epoch Time: 0m 14s Tau : 0.10

-------------------------------------Iter83-------------------------------------
Train: final loss=0.713170, aspect loss=0.039703, opinion loss=0.000000, domain loss=0.672192, sentiment loss=0.000000, reg loss=0.000000, step=152712
Dev:   final loss=0.185330, aspect loss=0.185330, opinion loss=0.000000, sentiment loss=0.000000, reg loss=0.000000, step=152712
Dev:   aspect f1=0.4675, opinion f1=0.0000, sentiment acc==0.0000, sentiment f1==0.0000, ABSA f1==0.0000,
Test:  aspect f1=0.4675, opinion f1=0.0000, sentiment acc==0.0000, sentiment f1==0.0000, ABSA f1==0.0000,
Current Max Metrics Index : 17 Current Min Loss Index : 15 Epoch Time: 0m 14s Tau : 0.10

-------------------------------------Iter84-------------------------------------
Train: final loss=0.712989, aspect loss=0.039759, opinion loss=0.000000, domain loss=0.672295, sentiment loss=0.000000, reg loss=0.000000, step=154530
Dev:   final loss=0.181636, aspect loss=0.181636, opinion loss=0.000000, sentiment loss=0.000000, reg loss=0.000000, step=154530
Dev:   aspect f1=0.4864, opinion f1=0.0000, sentiment acc==0.0000, sentiment f1==0.0000, ABSA f1==0.0000,
Test:  aspect f1=0.4864, opinion f1=0.0000, sentiment acc==0.0000, sentiment f1==0.0000, ABSA f1==0.0000,
Current Max Metrics Index : 17 Current Min Loss Index : 15 Epoch Time: 0m 14s Tau : 0.10

-------------------------------------Iter85-------------------------------------
Train: final loss=0.713686, aspect loss=0.040397, opinion loss=0.000000, domain loss=0.671823, sentiment loss=0.000000, reg loss=0.000000, step=156348
Dev:   final loss=0.171594, aspect loss=0.171594, opinion loss=0.000000, sentiment loss=0.000000, reg loss=0.000000, step=156348
Dev:   aspect f1=0.4822, opinion f1=0.0000, sentiment acc==0.0000, sentiment f1==0.0000, ABSA f1==0.0000,
Test:  aspect f1=0.4822, opinion f1=0.0000, sentiment acc==0.0000, sentiment f1==0.0000, ABSA f1==0.0000,
Current Max Metrics Index : 17 Current Min Loss Index : 15 Epoch Time: 0m 14s Tau : 0.10

-------------------------------------Iter86-------------------------------------
Train: final loss=0.713241, aspect loss=0.039478, opinion loss=0.000000, domain loss=0.672104, sentiment loss=0.000000, reg loss=0.000000, step=158166
Dev:   final loss=0.181914, aspect loss=0.181914, opinion loss=0.000000, sentiment loss=0.000000, reg loss=0.000000, step=158166
Dev:   aspect f1=0.4917, opinion f1=0.0000, sentiment acc==0.0000, sentiment f1==0.0000, ABSA f1==0.0000,
Test:  aspect f1=0.4917, opinion f1=0.0000, sentiment acc==0.0000, sentiment f1==0.0000, ABSA f1==0.0000,
Current Max Metrics Index : 17 Current Min Loss Index : 15 Epoch Time: 0m 14s Tau : 0.10

-------------------------------------Iter87-------------------------------------
Train: final loss=0.713502, aspect loss=0.039891, opinion loss=0.000000, domain loss=0.672238, sentiment loss=0.000000, reg loss=0.000000, step=159984
Dev:   final loss=0.172511, aspect loss=0.172511, opinion loss=0.000000, sentiment loss=0.000000, reg loss=0.000000, step=159984
Dev:   aspect f1=0.4855, opinion f1=0.0000, sentiment acc==0.0000, sentiment f1==0.0000, ABSA f1==0.0000,
Test:  aspect f1=0.4855, opinion f1=0.0000, sentiment acc==0.0000, sentiment f1==0.0000, ABSA f1==0.0000,
Current Max Metrics Index : 17 Current Min Loss Index : 15 Epoch Time: 0m 14s Tau : 0.10

-------------------------------------Iter88-------------------------------------
Train: final loss=0.712144, aspect loss=0.039433, opinion loss=0.000000, domain loss=0.671978, sentiment loss=0.000000, reg loss=0.000000, step=161802
Dev:   final loss=0.182791, aspect loss=0.182791, opinion loss=0.000000, sentiment loss=0.000000, reg loss=0.000000, step=161802
Dev:   aspect f1=0.4768, opinion f1=0.0000, sentiment acc==0.0000, sentiment f1==0.0000, ABSA f1==0.0000,
Test:  aspect f1=0.4768, opinion f1=0.0000, sentiment acc==0.0000, sentiment f1==0.0000, ABSA f1==0.0000,
Current Max Metrics Index : 17 Current Min Loss Index : 15 Epoch Time: 0m 14s Tau : 0.10

-------------------------------------Iter89-------------------------------------
Train: final loss=0.711820, aspect loss=0.039081, opinion loss=0.000000, domain loss=0.671736, sentiment loss=0.000000, reg loss=0.000000, step=163620
Dev:   final loss=0.187171, aspect loss=0.187171, opinion loss=0.000000, sentiment loss=0.000000, reg loss=0.000000, step=163620
Dev:   aspect f1=0.4728, opinion f1=0.0000, sentiment acc==0.0000, sentiment f1==0.0000, ABSA f1==0.0000,
Test:  aspect f1=0.4728, opinion f1=0.0000, sentiment acc==0.0000, sentiment f1==0.0000, ABSA f1==0.0000,
Current Max Metrics Index : 17 Current Min Loss Index : 15 Epoch Time: 0m 14s Tau : 0.10

-------------------------------------Iter90-------------------------------------
Train: final loss=0.712902, aspect loss=0.038741, opinion loss=0.000000, domain loss=0.672826, sentiment loss=0.000000, reg loss=0.000000, step=165438
Dev:   final loss=0.184220, aspect loss=0.184220, opinion loss=0.000000, sentiment loss=0.000000, reg loss=0.000000, step=165438
Dev:   aspect f1=0.4907, opinion f1=0.0000, sentiment acc==0.0000, sentiment f1==0.0000, ABSA f1==0.0000,
Test:  aspect f1=0.4907, opinion f1=0.0000, sentiment acc==0.0000, sentiment f1==0.0000, ABSA f1==0.0000,
Current Max Metrics Index : 17 Current Min Loss Index : 15 Epoch Time: 0m 14s Tau : 0.10

-------------------------------------Iter91-------------------------------------
Train: final loss=0.711835, aspect loss=0.038148, opinion loss=0.000000, domain loss=0.671828, sentiment loss=0.000000, reg loss=0.000000, step=167256
Dev:   final loss=0.187543, aspect loss=0.187543, opinion loss=0.000000, sentiment loss=0.000000, reg loss=0.000000, step=167256
Dev:   aspect f1=0.4780, opinion f1=0.0000, sentiment acc==0.0000, sentiment f1==0.0000, ABSA f1==0.0000,
Test:  aspect f1=0.4780, opinion f1=0.0000, sentiment acc==0.0000, sentiment f1==0.0000, ABSA f1==0.0000,
Current Max Metrics Index : 17 Current Min Loss Index : 15 Epoch Time: 0m 14s Tau : 0.10

-------------------------------------Iter92-------------------------------------
Train: final loss=0.712215, aspect loss=0.038391, opinion loss=0.000000, domain loss=0.672283, sentiment loss=0.000000, reg loss=0.000000, step=169074
Dev:   final loss=0.183826, aspect loss=0.183826, opinion loss=0.000000, sentiment loss=0.000000, reg loss=0.000000, step=169074
Dev:   aspect f1=0.4895, opinion f1=0.0000, sentiment acc==0.0000, sentiment f1==0.0000, ABSA f1==0.0000,
Test:  aspect f1=0.4895, opinion f1=0.0000, sentiment acc==0.0000, sentiment f1==0.0000, ABSA f1==0.0000,
Current Max Metrics Index : 17 Current Min Loss Index : 15 Epoch Time: 0m 14s Tau : 0.10

-------------------------------------Iter93-------------------------------------
Train: final loss=0.711549, aspect loss=0.039213, opinion loss=0.000000, domain loss=0.672189, sentiment loss=0.000000, reg loss=0.000000, step=170892
Dev:   final loss=0.179568, aspect loss=0.179568, opinion loss=0.000000, sentiment loss=0.000000, reg loss=0.000000, step=170892
Dev:   aspect f1=0.4973, opinion f1=0.0000, sentiment acc==0.0000, sentiment f1==0.0000, ABSA f1==0.0000,
Test:  aspect f1=0.4973, opinion f1=0.0000, sentiment acc==0.0000, sentiment f1==0.0000, ABSA f1==0.0000,
Current Max Metrics Index : 17 Current Min Loss Index : 15 Epoch Time: 0m 14s Tau : 0.10

-------------------------------------Iter94-------------------------------------
Train: final loss=0.712358, aspect loss=0.038751, opinion loss=0.000000, domain loss=0.672086, sentiment loss=0.000000, reg loss=0.000000, step=172710
Dev:   final loss=0.180118, aspect loss=0.180118, opinion loss=0.000000, sentiment loss=0.000000, reg loss=0.000000, step=172710
Dev:   aspect f1=0.4942, opinion f1=0.0000, sentiment acc==0.0000, sentiment f1==0.0000, ABSA f1==0.0000,
Test:  aspect f1=0.4942, opinion f1=0.0000, sentiment acc==0.0000, sentiment f1==0.0000, ABSA f1==0.0000,
Current Max Metrics Index : 17 Current Min Loss Index : 15 Epoch Time: 0m 14s Tau : 0.10

-------------------------------------Iter95-------------------------------------
Train: final loss=0.710742, aspect loss=0.037391, opinion loss=0.000000, domain loss=0.672287, sentiment loss=0.000000, reg loss=0.000000, step=174528
Dev:   final loss=0.180290, aspect loss=0.180290, opinion loss=0.000000, sentiment loss=0.000000, reg loss=0.000000, step=174528
Dev:   aspect f1=0.5023, opinion f1=0.0000, sentiment acc==0.0000, sentiment f1==0.0000, ABSA f1==0.0000,
Test:  aspect f1=0.5023, opinion f1=0.0000, sentiment acc==0.0000, sentiment f1==0.0000, ABSA f1==0.0000,
Current Max Metrics Index : 17 Current Min Loss Index : 15 Epoch Time: 0m 14s Tau : 0.10

-------------------------------------Iter96-------------------------------------
Train: final loss=0.711034, aspect loss=0.037636, opinion loss=0.000000, domain loss=0.671960, sentiment loss=0.000000, reg loss=0.000000, step=176346
Dev:   final loss=0.187290, aspect loss=0.187290, opinion loss=0.000000, sentiment loss=0.000000, reg loss=0.000000, step=176346
Dev:   aspect f1=0.4912, opinion f1=0.0000, sentiment acc==0.0000, sentiment f1==0.0000, ABSA f1==0.0000,
Test:  aspect f1=0.4912, opinion f1=0.0000, sentiment acc==0.0000, sentiment f1==0.0000, ABSA f1==0.0000,
Current Max Metrics Index : 17 Current Min Loss Index : 15 Epoch Time: 0m 14s Tau : 0.10

-------------------------------------Iter97-------------------------------------
Train: final loss=0.712787, aspect loss=0.039259, opinion loss=0.000000, domain loss=0.672129, sentiment loss=0.000000, reg loss=0.000000, step=178164
Dev:   final loss=0.186199, aspect loss=0.186199, opinion loss=0.000000, sentiment loss=0.000000, reg loss=0.000000, step=178164
Dev:   aspect f1=0.4914, opinion f1=0.0000, sentiment acc==0.0000, sentiment f1==0.0000, ABSA f1==0.0000,
Test:  aspect f1=0.4914, opinion f1=0.0000, sentiment acc==0.0000, sentiment f1==0.0000, ABSA f1==0.0000,
Current Max Metrics Index : 17 Current Min Loss Index : 15 Epoch Time: 0m 14s Tau : 0.10

-------------------------------------Iter98-------------------------------------
Train: final loss=0.709585, aspect loss=0.036921, opinion loss=0.000000, domain loss=0.671556, sentiment loss=0.000000, reg loss=0.000000, step=179982
Dev:   final loss=0.187402, aspect loss=0.187402, opinion loss=0.000000, sentiment loss=0.000000, reg loss=0.000000, step=179982
Dev:   aspect f1=0.4800, opinion f1=0.0000, sentiment acc==0.0000, sentiment f1==0.0000, ABSA f1==0.0000,
Test:  aspect f1=0.4800, opinion f1=0.0000, sentiment acc==0.0000, sentiment f1==0.0000, ABSA f1==0.0000,
Current Max Metrics Index : 17 Current Min Loss Index : 15 Epoch Time: 0m 14s Tau : 0.10

-------------------------------------Iter99-------------------------------------
Train: final loss=0.709989, aspect loss=0.037691, opinion loss=0.000000, domain loss=0.672247, sentiment loss=0.000000, reg loss=0.000000, step=181800
Dev:   final loss=0.185793, aspect loss=0.185793, opinion loss=0.000000, sentiment loss=0.000000, reg loss=0.000000, step=181800
Dev:   aspect f1=0.4853, opinion f1=0.0000, sentiment acc==0.0000, sentiment f1==0.0000, ABSA f1==0.0000,
Test:  aspect f1=0.4853, opinion f1=0.0000, sentiment acc==0.0000, sentiment f1==0.0000, ABSA f1==0.0000,
Current Max Metrics Index : 17 Current Min Loss Index : 15 Epoch Time: 0m 14s Tau : 0.10

--------------------------------Mission Complete--------------------------------
Dev Max Metrics Index: 17
aspect f1=53.23, opinion f1=0.00, sentiment acc==0.00, sentiment f1==0.00, ABSA f1==0.00,
Dev Min Loss Index: 15
aspect f1=51.53, opinion f1=0.00, sentiment acc==0.00, sentiment f1==0.00, ABSA f1==0.00,
Running Time: 23m 59s
