> log file: ./log/restaurant-to-laptop/[SynBridge]-210519-122031.log
cuda memory allocated: 10108928
n_trainable_params: 1431975, n_nontrainable_params: 1094700
> training arguments:
>>> source: restaurant
>>> target: laptop
>>> use_unlabel: 1
>>> use_syntactic: 1
>>> use_semantic: 0
>>> split: 2
>>> local_bert_path: F:\NLP\BERT-BASE-UNCASED
>>> model_name: DECNN
>>> batch_size: 8
>>> learning_rate: 0.0001
>>> lr_decay: 1e-05
>>> num_epoch: 100
>>> emb_dim: 100
>>> dep_dim: 50
>>> pos_dim: 50
>>> hidden_dim: 256
>>> keep_prob: 0.5
>>> l2_reg: 1e-05
>>> beta: 0.1
>>> kernel_size: 5
>>> hop_num: 2
>>> class_num: 3
>>> cluster_num: 200
>>> cate_num: 20
>>> seed: 321
>>> log_step: 5
>>> dynamic_gate: 1
>>> valset_num: 0
>>> reuse_embedding: 1
>>> optimizer: <class 'torch.optim.adam.Adam'>
>>> initializer: <function uniform_ at 0x7f9549495c80>
>>> device: cuda:0
>>> ablation: None
>>> topk: 10
>>> name: [SynBridge]
>>> dataset_file: {'train': './data/restaurant/train2/', 'unlabel': './data/laptop/train2/', 'test': './data/laptop/test2/'}
>>> model_class: <class 'models.decnn_base.DECNN'>
>>> inputs_cols: ['sentence', 'mask', 'position', 'keep_prob']
>>> max_sentence_len: 110

-------------------------------------Iter0--------------------------------------
Train: final loss=0.844411, aspect loss=0.169540, opinion loss=0.000000, domain loss=0.674315, sentiment loss=0.000000, reg loss=0.000000, step=1818
Dev:   final loss=0.228505, aspect loss=0.228505, opinion loss=0.000000, sentiment loss=0.000000, reg loss=0.000000, step=1818
Dev:   aspect f1=0.3401, opinion f1=0.0000, sentiment acc==0.0000, sentiment f1==0.0000, ABSA f1==0.0000,
Test:  aspect f1=0.3401, opinion f1=0.0000, sentiment acc==0.0000, sentiment f1==0.0000, ABSA f1==0.0000,
Current Max Metrics Index : 0 Current Min Loss Index : 0 Epoch Time: 0m 15s Tau : 1.00
>> Checkpoint Saved: state_dict/restaurant-to-laptop/[SynBridge]-ATE-F1-0.3401.pth

-------------------------------------Iter1--------------------------------------
Train: final loss=0.785319, aspect loss=0.115271, opinion loss=0.000000, domain loss=0.668961, sentiment loss=0.000000, reg loss=0.000000, step=3636
Dev:   final loss=0.211022, aspect loss=0.211022, opinion loss=0.000000, sentiment loss=0.000000, reg loss=0.000000, step=3636
Dev:   aspect f1=0.3794, opinion f1=0.0000, sentiment acc==0.0000, sentiment f1==0.0000, ABSA f1==0.0000,
Test:  aspect f1=0.3794, opinion f1=0.0000, sentiment acc==0.0000, sentiment f1==0.0000, ABSA f1==0.0000,
Current Max Metrics Index : 1 Current Min Loss Index : 1 Epoch Time: 0m 15s Tau : 0.97
>> Checkpoint Saved: state_dict/restaurant-to-laptop/[SynBridge]-ATE-F1-0.3794.pth

-------------------------------------Iter2--------------------------------------
Train: final loss=0.770382, aspect loss=0.103749, opinion loss=0.000000, domain loss=0.664813, sentiment loss=0.000000, reg loss=0.000000, step=5454
Dev:   final loss=0.170897, aspect loss=0.170897, opinion loss=0.000000, sentiment loss=0.000000, reg loss=0.000000, step=5454
Dev:   aspect f1=0.4167, opinion f1=0.0000, sentiment acc==0.0000, sentiment f1==0.0000, ABSA f1==0.0000,
Test:  aspect f1=0.4167, opinion f1=0.0000, sentiment acc==0.0000, sentiment f1==0.0000, ABSA f1==0.0000,
Current Max Metrics Index : 2 Current Min Loss Index : 2 Epoch Time: 0m 15s Tau : 0.94
>> Checkpoint Saved: state_dict/restaurant-to-laptop/[SynBridge]-ATE-F1-0.4167.pth

-------------------------------------Iter3--------------------------------------
Train: final loss=0.766592, aspect loss=0.096616, opinion loss=0.000000, domain loss=0.667933, sentiment loss=0.000000, reg loss=0.000000, step=7272
Dev:   final loss=0.170196, aspect loss=0.170196, opinion loss=0.000000, sentiment loss=0.000000, reg loss=0.000000, step=7272
Dev:   aspect f1=0.4376, opinion f1=0.0000, sentiment acc==0.0000, sentiment f1==0.0000, ABSA f1==0.0000,
Test:  aspect f1=0.4376, opinion f1=0.0000, sentiment acc==0.0000, sentiment f1==0.0000, ABSA f1==0.0000,
Current Max Metrics Index : 3 Current Min Loss Index : 3 Epoch Time: 0m 15s Tau : 0.91
>> Checkpoint Saved: state_dict/restaurant-to-laptop/[SynBridge]-ATE-F1-0.4376.pth

-------------------------------------Iter4--------------------------------------
Train: final loss=0.761855, aspect loss=0.091782, opinion loss=0.000000, domain loss=0.668789, sentiment loss=0.000000, reg loss=0.000000, step=9090
Dev:   final loss=0.168287, aspect loss=0.168287, opinion loss=0.000000, sentiment loss=0.000000, reg loss=0.000000, step=9090
Dev:   aspect f1=0.4793, opinion f1=0.0000, sentiment acc==0.0000, sentiment f1==0.0000, ABSA f1==0.0000,
Test:  aspect f1=0.4793, opinion f1=0.0000, sentiment acc==0.0000, sentiment f1==0.0000, ABSA f1==0.0000,
Current Max Metrics Index : 4 Current Min Loss Index : 4 Epoch Time: 0m 14s Tau : 0.89
>> Checkpoint Saved: state_dict/restaurant-to-laptop/[SynBridge]-ATE-F1-0.4793.pth

-------------------------------------Iter5--------------------------------------
Train: final loss=0.761774, aspect loss=0.088306, opinion loss=0.000000, domain loss=0.672051, sentiment loss=0.000000, reg loss=0.000000, step=10908
Dev:   final loss=0.158365, aspect loss=0.158365, opinion loss=0.000000, sentiment loss=0.000000, reg loss=0.000000, step=10908
Dev:   aspect f1=0.4400, opinion f1=0.0000, sentiment acc==0.0000, sentiment f1==0.0000, ABSA f1==0.0000,
Test:  aspect f1=0.4400, opinion f1=0.0000, sentiment acc==0.0000, sentiment f1==0.0000, ABSA f1==0.0000,
Current Max Metrics Index : 4 Current Min Loss Index : 5 Epoch Time: 0m 14s Tau : 0.86

-------------------------------------Iter6--------------------------------------
Train: final loss=0.757574, aspect loss=0.086107, opinion loss=0.000000, domain loss=0.669981, sentiment loss=0.000000, reg loss=0.000000, step=12726
Dev:   final loss=0.157725, aspect loss=0.157725, opinion loss=0.000000, sentiment loss=0.000000, reg loss=0.000000, step=12726
Dev:   aspect f1=0.4632, opinion f1=0.0000, sentiment acc==0.0000, sentiment f1==0.0000, ABSA f1==0.0000,
Test:  aspect f1=0.4632, opinion f1=0.0000, sentiment acc==0.0000, sentiment f1==0.0000, ABSA f1==0.0000,
Current Max Metrics Index : 4 Current Min Loss Index : 6 Epoch Time: 0m 15s Tau : 0.84

-------------------------------------Iter7--------------------------------------
Train: final loss=0.756025, aspect loss=0.083477, opinion loss=0.000000, domain loss=0.671270, sentiment loss=0.000000, reg loss=0.000000, step=14544
Dev:   final loss=0.160269, aspect loss=0.160269, opinion loss=0.000000, sentiment loss=0.000000, reg loss=0.000000, step=14544
Dev:   aspect f1=0.4735, opinion f1=0.0000, sentiment acc==0.0000, sentiment f1==0.0000, ABSA f1==0.0000,
Test:  aspect f1=0.4735, opinion f1=0.0000, sentiment acc==0.0000, sentiment f1==0.0000, ABSA f1==0.0000,
Current Max Metrics Index : 4 Current Min Loss Index : 6 Epoch Time: 0m 14s Tau : 0.81

-------------------------------------Iter8--------------------------------------
Train: final loss=0.754003, aspect loss=0.082097, opinion loss=0.000000, domain loss=0.671505, sentiment loss=0.000000, reg loss=0.000000, step=16362
Dev:   final loss=0.158862, aspect loss=0.158862, opinion loss=0.000000, sentiment loss=0.000000, reg loss=0.000000, step=16362
Dev:   aspect f1=0.4635, opinion f1=0.0000, sentiment acc==0.0000, sentiment f1==0.0000, ABSA f1==0.0000,
Test:  aspect f1=0.4635, opinion f1=0.0000, sentiment acc==0.0000, sentiment f1==0.0000, ABSA f1==0.0000,
Current Max Metrics Index : 4 Current Min Loss Index : 6 Epoch Time: 0m 15s Tau : 0.79

-------------------------------------Iter9--------------------------------------
Train: final loss=0.753739, aspect loss=0.080854, opinion loss=0.000000, domain loss=0.672283, sentiment loss=0.000000, reg loss=0.000000, step=18180
Dev:   final loss=0.157632, aspect loss=0.157632, opinion loss=0.000000, sentiment loss=0.000000, reg loss=0.000000, step=18180
Dev:   aspect f1=0.4446, opinion f1=0.0000, sentiment acc==0.0000, sentiment f1==0.0000, ABSA f1==0.0000,
Test:  aspect f1=0.4446, opinion f1=0.0000, sentiment acc==0.0000, sentiment f1==0.0000, ABSA f1==0.0000,
Current Max Metrics Index : 4 Current Min Loss Index : 9 Epoch Time: 0m 14s Tau : 0.76

-------------------------------------Iter10-------------------------------------
Train: final loss=0.752307, aspect loss=0.078408, opinion loss=0.000000, domain loss=0.672493, sentiment loss=0.000000, reg loss=0.000000, step=19998
Dev:   final loss=0.155970, aspect loss=0.155970, opinion loss=0.000000, sentiment loss=0.000000, reg loss=0.000000, step=19998
Dev:   aspect f1=0.4719, opinion f1=0.0000, sentiment acc==0.0000, sentiment f1==0.0000, ABSA f1==0.0000,
Test:  aspect f1=0.4719, opinion f1=0.0000, sentiment acc==0.0000, sentiment f1==0.0000, ABSA f1==0.0000,
Current Max Metrics Index : 4 Current Min Loss Index : 10 Epoch Time: 0m 15s Tau : 0.74

-------------------------------------Iter11-------------------------------------
Train: final loss=0.748752, aspect loss=0.075884, opinion loss=0.000000, domain loss=0.671722, sentiment loss=0.000000, reg loss=0.000000, step=21816
Dev:   final loss=0.153164, aspect loss=0.153164, opinion loss=0.000000, sentiment loss=0.000000, reg loss=0.000000, step=21816
Dev:   aspect f1=0.4775, opinion f1=0.0000, sentiment acc==0.0000, sentiment f1==0.0000, ABSA f1==0.0000,
Test:  aspect f1=0.4775, opinion f1=0.0000, sentiment acc==0.0000, sentiment f1==0.0000, ABSA f1==0.0000,
Current Max Metrics Index : 4 Current Min Loss Index : 11 Epoch Time: 0m 14s Tau : 0.72

-------------------------------------Iter12-------------------------------------
Train: final loss=0.748507, aspect loss=0.075144, opinion loss=0.000000, domain loss=0.671760, sentiment loss=0.000000, reg loss=0.000000, step=23634
Dev:   final loss=0.154225, aspect loss=0.154225, opinion loss=0.000000, sentiment loss=0.000000, reg loss=0.000000, step=23634
Dev:   aspect f1=0.4835, opinion f1=0.0000, sentiment acc==0.0000, sentiment f1==0.0000, ABSA f1==0.0000,
Test:  aspect f1=0.4835, opinion f1=0.0000, sentiment acc==0.0000, sentiment f1==0.0000, ABSA f1==0.0000,
Current Max Metrics Index : 12 Current Min Loss Index : 11 Epoch Time: 0m 14s Tau : 0.70
>> Checkpoint Saved: state_dict/restaurant-to-laptop/[SynBridge]-ATE-F1-0.4835.pth

-------------------------------------Iter13-------------------------------------
Train: final loss=0.747242, aspect loss=0.074527, opinion loss=0.000000, domain loss=0.671767, sentiment loss=0.000000, reg loss=0.000000, step=25452
Dev:   final loss=0.153948, aspect loss=0.153948, opinion loss=0.000000, sentiment loss=0.000000, reg loss=0.000000, step=25452
Dev:   aspect f1=0.4431, opinion f1=0.0000, sentiment acc==0.0000, sentiment f1==0.0000, ABSA f1==0.0000,
Test:  aspect f1=0.4431, opinion f1=0.0000, sentiment acc==0.0000, sentiment f1==0.0000, ABSA f1==0.0000,
Current Max Metrics Index : 12 Current Min Loss Index : 11 Epoch Time: 0m 14s Tau : 0.68

-------------------------------------Iter14-------------------------------------
Train: final loss=0.744646, aspect loss=0.071842, opinion loss=0.000000, domain loss=0.671995, sentiment loss=0.000000, reg loss=0.000000, step=27270
Dev:   final loss=0.154690, aspect loss=0.154690, opinion loss=0.000000, sentiment loss=0.000000, reg loss=0.000000, step=27270
Dev:   aspect f1=0.4918, opinion f1=0.0000, sentiment acc==0.0000, sentiment f1==0.0000, ABSA f1==0.0000,
Test:  aspect f1=0.4918, opinion f1=0.0000, sentiment acc==0.0000, sentiment f1==0.0000, ABSA f1==0.0000,
Current Max Metrics Index : 14 Current Min Loss Index : 11 Epoch Time: 0m 14s Tau : 0.66
>> Checkpoint Saved: state_dict/restaurant-to-laptop/[SynBridge]-ATE-F1-0.4918.pth

-------------------------------------Iter15-------------------------------------
Train: final loss=0.744968, aspect loss=0.071355, opinion loss=0.000000, domain loss=0.672073, sentiment loss=0.000000, reg loss=0.000000, step=29088
Dev:   final loss=0.152496, aspect loss=0.152496, opinion loss=0.000000, sentiment loss=0.000000, reg loss=0.000000, step=29088
Dev:   aspect f1=0.4639, opinion f1=0.0000, sentiment acc==0.0000, sentiment f1==0.0000, ABSA f1==0.0000,
Test:  aspect f1=0.4639, opinion f1=0.0000, sentiment acc==0.0000, sentiment f1==0.0000, ABSA f1==0.0000,
Current Max Metrics Index : 14 Current Min Loss Index : 15 Epoch Time: 0m 15s Tau : 0.64

-------------------------------------Iter16-------------------------------------
Train: final loss=0.744403, aspect loss=0.071067, opinion loss=0.000000, domain loss=0.672508, sentiment loss=0.000000, reg loss=0.000000, step=30906
Dev:   final loss=0.155469, aspect loss=0.155469, opinion loss=0.000000, sentiment loss=0.000000, reg loss=0.000000, step=30906
Dev:   aspect f1=0.4672, opinion f1=0.0000, sentiment acc==0.0000, sentiment f1==0.0000, ABSA f1==0.0000,
Test:  aspect f1=0.4672, opinion f1=0.0000, sentiment acc==0.0000, sentiment f1==0.0000, ABSA f1==0.0000,
Current Max Metrics Index : 14 Current Min Loss Index : 15 Epoch Time: 0m 14s Tau : 0.62

-------------------------------------Iter17-------------------------------------
Train: final loss=0.742907, aspect loss=0.069821, opinion loss=0.000000, domain loss=0.671964, sentiment loss=0.000000, reg loss=0.000000, step=32724
Dev:   final loss=0.150649, aspect loss=0.150649, opinion loss=0.000000, sentiment loss=0.000000, reg loss=0.000000, step=32724
Dev:   aspect f1=0.4630, opinion f1=0.0000, sentiment acc==0.0000, sentiment f1==0.0000, ABSA f1==0.0000,
Test:  aspect f1=0.4630, opinion f1=0.0000, sentiment acc==0.0000, sentiment f1==0.0000, ABSA f1==0.0000,
Current Max Metrics Index : 14 Current Min Loss Index : 17 Epoch Time: 0m 14s Tau : 0.60

-------------------------------------Iter18-------------------------------------
Train: final loss=0.741954, aspect loss=0.068970, opinion loss=0.000000, domain loss=0.672175, sentiment loss=0.000000, reg loss=0.000000, step=34542
Dev:   final loss=0.157108, aspect loss=0.157108, opinion loss=0.000000, sentiment loss=0.000000, reg loss=0.000000, step=34542
Dev:   aspect f1=0.4715, opinion f1=0.0000, sentiment acc==0.0000, sentiment f1==0.0000, ABSA f1==0.0000,
Test:  aspect f1=0.4715, opinion f1=0.0000, sentiment acc==0.0000, sentiment f1==0.0000, ABSA f1==0.0000,
Current Max Metrics Index : 14 Current Min Loss Index : 17 Epoch Time: 0m 14s Tau : 0.58

-------------------------------------Iter19-------------------------------------
Train: final loss=0.740491, aspect loss=0.067367, opinion loss=0.000000, domain loss=0.672097, sentiment loss=0.000000, reg loss=0.000000, step=36360
Dev:   final loss=0.152626, aspect loss=0.152626, opinion loss=0.000000, sentiment loss=0.000000, reg loss=0.000000, step=36360
Dev:   aspect f1=0.4849, opinion f1=0.0000, sentiment acc==0.0000, sentiment f1==0.0000, ABSA f1==0.0000,
Test:  aspect f1=0.4849, opinion f1=0.0000, sentiment acc==0.0000, sentiment f1==0.0000, ABSA f1==0.0000,
Current Max Metrics Index : 14 Current Min Loss Index : 17 Epoch Time: 0m 15s Tau : 0.57

-------------------------------------Iter20-------------------------------------
Train: final loss=0.739211, aspect loss=0.066399, opinion loss=0.000000, domain loss=0.672006, sentiment loss=0.000000, reg loss=0.000000, step=38178
Dev:   final loss=0.152147, aspect loss=0.152147, opinion loss=0.000000, sentiment loss=0.000000, reg loss=0.000000, step=38178
Dev:   aspect f1=0.4607, opinion f1=0.0000, sentiment acc==0.0000, sentiment f1==0.0000, ABSA f1==0.0000,
Test:  aspect f1=0.4607, opinion f1=0.0000, sentiment acc==0.0000, sentiment f1==0.0000, ABSA f1==0.0000,
Current Max Metrics Index : 14 Current Min Loss Index : 17 Epoch Time: 0m 15s Tau : 0.55

-------------------------------------Iter21-------------------------------------
Train: final loss=0.740224, aspect loss=0.066441, opinion loss=0.000000, domain loss=0.672448, sentiment loss=0.000000, reg loss=0.000000, step=39996
Dev:   final loss=0.155541, aspect loss=0.155541, opinion loss=0.000000, sentiment loss=0.000000, reg loss=0.000000, step=39996
Dev:   aspect f1=0.4968, opinion f1=0.0000, sentiment acc==0.0000, sentiment f1==0.0000, ABSA f1==0.0000,
Test:  aspect f1=0.4968, opinion f1=0.0000, sentiment acc==0.0000, sentiment f1==0.0000, ABSA f1==0.0000,
Current Max Metrics Index : 21 Current Min Loss Index : 17 Epoch Time: 0m 15s Tau : 0.53
>> Checkpoint Saved: state_dict/restaurant-to-laptop/[SynBridge]-ATE-F1-0.4968.pth

-------------------------------------Iter22-------------------------------------
Train: final loss=0.738420, aspect loss=0.064321, opinion loss=0.000000, domain loss=0.672449, sentiment loss=0.000000, reg loss=0.000000, step=41814
Dev:   final loss=0.162417, aspect loss=0.162417, opinion loss=0.000000, sentiment loss=0.000000, reg loss=0.000000, step=41814
Dev:   aspect f1=0.4931, opinion f1=0.0000, sentiment acc==0.0000, sentiment f1==0.0000, ABSA f1==0.0000,
Test:  aspect f1=0.4931, opinion f1=0.0000, sentiment acc==0.0000, sentiment f1==0.0000, ABSA f1==0.0000,
Current Max Metrics Index : 21 Current Min Loss Index : 17 Epoch Time: 0m 15s Tau : 0.52

-------------------------------------Iter23-------------------------------------
Train: final loss=0.737848, aspect loss=0.064636, opinion loss=0.000000, domain loss=0.672355, sentiment loss=0.000000, reg loss=0.000000, step=43632
Dev:   final loss=0.157487, aspect loss=0.157487, opinion loss=0.000000, sentiment loss=0.000000, reg loss=0.000000, step=43632
Dev:   aspect f1=0.4898, opinion f1=0.0000, sentiment acc==0.0000, sentiment f1==0.0000, ABSA f1==0.0000,
Test:  aspect f1=0.4898, opinion f1=0.0000, sentiment acc==0.0000, sentiment f1==0.0000, ABSA f1==0.0000,
Current Max Metrics Index : 21 Current Min Loss Index : 17 Epoch Time: 0m 15s Tau : 0.50

-------------------------------------Iter24-------------------------------------
Train: final loss=0.736993, aspect loss=0.063057, opinion loss=0.000000, domain loss=0.672288, sentiment loss=0.000000, reg loss=0.000000, step=45450
Dev:   final loss=0.156068, aspect loss=0.156068, opinion loss=0.000000, sentiment loss=0.000000, reg loss=0.000000, step=45450
Dev:   aspect f1=0.5008, opinion f1=0.0000, sentiment acc==0.0000, sentiment f1==0.0000, ABSA f1==0.0000,
Test:  aspect f1=0.5008, opinion f1=0.0000, sentiment acc==0.0000, sentiment f1==0.0000, ABSA f1==0.0000,
Current Max Metrics Index : 24 Current Min Loss Index : 17 Epoch Time: 0m 14s Tau : 0.49
>> Checkpoint Saved: state_dict/restaurant-to-laptop/[SynBridge]-ATE-F1-0.5008.pth

-------------------------------------Iter25-------------------------------------
Train: final loss=0.735175, aspect loss=0.062712, opinion loss=0.000000, domain loss=0.671808, sentiment loss=0.000000, reg loss=0.000000, step=47268
Dev:   final loss=0.159467, aspect loss=0.159467, opinion loss=0.000000, sentiment loss=0.000000, reg loss=0.000000, step=47268
Dev:   aspect f1=0.4989, opinion f1=0.0000, sentiment acc==0.0000, sentiment f1==0.0000, ABSA f1==0.0000,
Test:  aspect f1=0.4989, opinion f1=0.0000, sentiment acc==0.0000, sentiment f1==0.0000, ABSA f1==0.0000,
Current Max Metrics Index : 24 Current Min Loss Index : 17 Epoch Time: 0m 15s Tau : 0.47

-------------------------------------Iter26-------------------------------------
Train: final loss=0.734607, aspect loss=0.061858, opinion loss=0.000000, domain loss=0.671988, sentiment loss=0.000000, reg loss=0.000000, step=49086
Dev:   final loss=0.161096, aspect loss=0.161096, opinion loss=0.000000, sentiment loss=0.000000, reg loss=0.000000, step=49086
Dev:   aspect f1=0.4796, opinion f1=0.0000, sentiment acc==0.0000, sentiment f1==0.0000, ABSA f1==0.0000,
Test:  aspect f1=0.4796, opinion f1=0.0000, sentiment acc==0.0000, sentiment f1==0.0000, ABSA f1==0.0000,
Current Max Metrics Index : 24 Current Min Loss Index : 17 Epoch Time: 0m 15s Tau : 0.46

-------------------------------------Iter27-------------------------------------
Train: final loss=0.733354, aspect loss=0.060415, opinion loss=0.000000, domain loss=0.671987, sentiment loss=0.000000, reg loss=0.000000, step=50904
Dev:   final loss=0.159335, aspect loss=0.159335, opinion loss=0.000000, sentiment loss=0.000000, reg loss=0.000000, step=50904
Dev:   aspect f1=0.4930, opinion f1=0.0000, sentiment acc==0.0000, sentiment f1==0.0000, ABSA f1==0.0000,
Test:  aspect f1=0.4930, opinion f1=0.0000, sentiment acc==0.0000, sentiment f1==0.0000, ABSA f1==0.0000,
Current Max Metrics Index : 24 Current Min Loss Index : 17 Epoch Time: 0m 15s Tau : 0.44

-------------------------------------Iter28-------------------------------------
Train: final loss=0.734331, aspect loss=0.060382, opinion loss=0.000000, domain loss=0.672252, sentiment loss=0.000000, reg loss=0.000000, step=52722
Dev:   final loss=0.157998, aspect loss=0.157998, opinion loss=0.000000, sentiment loss=0.000000, reg loss=0.000000, step=52722
Dev:   aspect f1=0.4848, opinion f1=0.0000, sentiment acc==0.0000, sentiment f1==0.0000, ABSA f1==0.0000,
Test:  aspect f1=0.4848, opinion f1=0.0000, sentiment acc==0.0000, sentiment f1==0.0000, ABSA f1==0.0000,
Current Max Metrics Index : 24 Current Min Loss Index : 17 Epoch Time: 0m 14s Tau : 0.43

-------------------------------------Iter29-------------------------------------
Train: final loss=0.731852, aspect loss=0.059067, opinion loss=0.000000, domain loss=0.671769, sentiment loss=0.000000, reg loss=0.000000, step=54540
Dev:   final loss=0.160036, aspect loss=0.160036, opinion loss=0.000000, sentiment loss=0.000000, reg loss=0.000000, step=54540
Dev:   aspect f1=0.4926, opinion f1=0.0000, sentiment acc==0.0000, sentiment f1==0.0000, ABSA f1==0.0000,
Test:  aspect f1=0.4926, opinion f1=0.0000, sentiment acc==0.0000, sentiment f1==0.0000, ABSA f1==0.0000,
Current Max Metrics Index : 24 Current Min Loss Index : 17 Epoch Time: 0m 14s Tau : 0.42

-------------------------------------Iter30-------------------------------------
Train: final loss=0.732066, aspect loss=0.058698, opinion loss=0.000000, domain loss=0.671952, sentiment loss=0.000000, reg loss=0.000000, step=56358
Dev:   final loss=0.162814, aspect loss=0.162814, opinion loss=0.000000, sentiment loss=0.000000, reg loss=0.000000, step=56358
Dev:   aspect f1=0.4797, opinion f1=0.0000, sentiment acc==0.0000, sentiment f1==0.0000, ABSA f1==0.0000,
Test:  aspect f1=0.4797, opinion f1=0.0000, sentiment acc==0.0000, sentiment f1==0.0000, ABSA f1==0.0000,
Current Max Metrics Index : 24 Current Min Loss Index : 17 Epoch Time: 0m 15s Tau : 0.41

-------------------------------------Iter31-------------------------------------
Train: final loss=0.732332, aspect loss=0.058928, opinion loss=0.000000, domain loss=0.672305, sentiment loss=0.000000, reg loss=0.000000, step=58176
Dev:   final loss=0.163735, aspect loss=0.163735, opinion loss=0.000000, sentiment loss=0.000000, reg loss=0.000000, step=58176
Dev:   aspect f1=0.4880, opinion f1=0.0000, sentiment acc==0.0000, sentiment f1==0.0000, ABSA f1==0.0000,
Test:  aspect f1=0.4880, opinion f1=0.0000, sentiment acc==0.0000, sentiment f1==0.0000, ABSA f1==0.0000,
Current Max Metrics Index : 24 Current Min Loss Index : 17 Epoch Time: 0m 15s Tau : 0.39

-------------------------------------Iter32-------------------------------------
Train: final loss=0.730556, aspect loss=0.057303, opinion loss=0.000000, domain loss=0.672239, sentiment loss=0.000000, reg loss=0.000000, step=59994
Dev:   final loss=0.158917, aspect loss=0.158917, opinion loss=0.000000, sentiment loss=0.000000, reg loss=0.000000, step=59994
Dev:   aspect f1=0.4659, opinion f1=0.0000, sentiment acc==0.0000, sentiment f1==0.0000, ABSA f1==0.0000,
Test:  aspect f1=0.4659, opinion f1=0.0000, sentiment acc==0.0000, sentiment f1==0.0000, ABSA f1==0.0000,
Current Max Metrics Index : 24 Current Min Loss Index : 17 Epoch Time: 0m 14s Tau : 0.38

-------------------------------------Iter33-------------------------------------
Train: final loss=0.730311, aspect loss=0.056766, opinion loss=0.000000, domain loss=0.671826, sentiment loss=0.000000, reg loss=0.000000, step=61812
Dev:   final loss=0.161979, aspect loss=0.161979, opinion loss=0.000000, sentiment loss=0.000000, reg loss=0.000000, step=61812
Dev:   aspect f1=0.4875, opinion f1=0.0000, sentiment acc==0.0000, sentiment f1==0.0000, ABSA f1==0.0000,
Test:  aspect f1=0.4875, opinion f1=0.0000, sentiment acc==0.0000, sentiment f1==0.0000, ABSA f1==0.0000,
Current Max Metrics Index : 24 Current Min Loss Index : 17 Epoch Time: 0m 15s Tau : 0.37

-------------------------------------Iter34-------------------------------------
Train: final loss=0.728833, aspect loss=0.055881, opinion loss=0.000000, domain loss=0.671899, sentiment loss=0.000000, reg loss=0.000000, step=63630
Dev:   final loss=0.158158, aspect loss=0.158158, opinion loss=0.000000, sentiment loss=0.000000, reg loss=0.000000, step=63630
Dev:   aspect f1=0.4706, opinion f1=0.0000, sentiment acc==0.0000, sentiment f1==0.0000, ABSA f1==0.0000,
Test:  aspect f1=0.4706, opinion f1=0.0000, sentiment acc==0.0000, sentiment f1==0.0000, ABSA f1==0.0000,
Current Max Metrics Index : 24 Current Min Loss Index : 17 Epoch Time: 0m 14s Tau : 0.36

-------------------------------------Iter35-------------------------------------
Train: final loss=0.730115, aspect loss=0.056580, opinion loss=0.000000, domain loss=0.672250, sentiment loss=0.000000, reg loss=0.000000, step=65448
Dev:   final loss=0.161011, aspect loss=0.161011, opinion loss=0.000000, sentiment loss=0.000000, reg loss=0.000000, step=65448
Dev:   aspect f1=0.4939, opinion f1=0.0000, sentiment acc==0.0000, sentiment f1==0.0000, ABSA f1==0.0000,
Test:  aspect f1=0.4939, opinion f1=0.0000, sentiment acc==0.0000, sentiment f1==0.0000, ABSA f1==0.0000,
Current Max Metrics Index : 24 Current Min Loss Index : 17 Epoch Time: 0m 14s Tau : 0.35

-------------------------------------Iter36-------------------------------------
Train: final loss=0.727900, aspect loss=0.055026, opinion loss=0.000000, domain loss=0.671804, sentiment loss=0.000000, reg loss=0.000000, step=67266
Dev:   final loss=0.164030, aspect loss=0.164030, opinion loss=0.000000, sentiment loss=0.000000, reg loss=0.000000, step=67266
Dev:   aspect f1=0.4780, opinion f1=0.0000, sentiment acc==0.0000, sentiment f1==0.0000, ABSA f1==0.0000,
Test:  aspect f1=0.4780, opinion f1=0.0000, sentiment acc==0.0000, sentiment f1==0.0000, ABSA f1==0.0000,
Current Max Metrics Index : 24 Current Min Loss Index : 17 Epoch Time: 0m 15s Tau : 0.34

-------------------------------------Iter37-------------------------------------
Train: final loss=0.727646, aspect loss=0.054272, opinion loss=0.000000, domain loss=0.672002, sentiment loss=0.000000, reg loss=0.000000, step=69084
Dev:   final loss=0.160476, aspect loss=0.160476, opinion loss=0.000000, sentiment loss=0.000000, reg loss=0.000000, step=69084
Dev:   aspect f1=0.4935, opinion f1=0.0000, sentiment acc==0.0000, sentiment f1==0.0000, ABSA f1==0.0000,
Test:  aspect f1=0.4935, opinion f1=0.0000, sentiment acc==0.0000, sentiment f1==0.0000, ABSA f1==0.0000,
Current Max Metrics Index : 24 Current Min Loss Index : 17 Epoch Time: 0m 14s Tau : 0.33

-------------------------------------Iter38-------------------------------------
Train: final loss=0.728070, aspect loss=0.055018, opinion loss=0.000000, domain loss=0.671797, sentiment loss=0.000000, reg loss=0.000000, step=70902
Dev:   final loss=0.168845, aspect loss=0.168845, opinion loss=0.000000, sentiment loss=0.000000, reg loss=0.000000, step=70902
Dev:   aspect f1=0.4971, opinion f1=0.0000, sentiment acc==0.0000, sentiment f1==0.0000, ABSA f1==0.0000,
Test:  aspect f1=0.4971, opinion f1=0.0000, sentiment acc==0.0000, sentiment f1==0.0000, ABSA f1==0.0000,
Current Max Metrics Index : 24 Current Min Loss Index : 17 Epoch Time: 0m 15s Tau : 0.32

-------------------------------------Iter39-------------------------------------
Train: final loss=0.726314, aspect loss=0.053511, opinion loss=0.000000, domain loss=0.672077, sentiment loss=0.000000, reg loss=0.000000, step=72720
Dev:   final loss=0.161695, aspect loss=0.161695, opinion loss=0.000000, sentiment loss=0.000000, reg loss=0.000000, step=72720
Dev:   aspect f1=0.4747, opinion f1=0.0000, sentiment acc==0.0000, sentiment f1==0.0000, ABSA f1==0.0000,
Test:  aspect f1=0.4747, opinion f1=0.0000, sentiment acc==0.0000, sentiment f1==0.0000, ABSA f1==0.0000,
Current Max Metrics Index : 24 Current Min Loss Index : 17 Epoch Time: 0m 15s Tau : 0.31

-------------------------------------Iter40-------------------------------------
Train: final loss=0.726340, aspect loss=0.052988, opinion loss=0.000000, domain loss=0.672501, sentiment loss=0.000000, reg loss=0.000000, step=74538
Dev:   final loss=0.160642, aspect loss=0.160642, opinion loss=0.000000, sentiment loss=0.000000, reg loss=0.000000, step=74538
Dev:   aspect f1=0.4605, opinion f1=0.0000, sentiment acc==0.0000, sentiment f1==0.0000, ABSA f1==0.0000,
Test:  aspect f1=0.4605, opinion f1=0.0000, sentiment acc==0.0000, sentiment f1==0.0000, ABSA f1==0.0000,
Current Max Metrics Index : 24 Current Min Loss Index : 17 Epoch Time: 0m 15s Tau : 0.30

-------------------------------------Iter41-------------------------------------
Train: final loss=0.726227, aspect loss=0.052614, opinion loss=0.000000, domain loss=0.672126, sentiment loss=0.000000, reg loss=0.000000, step=76356
Dev:   final loss=0.160925, aspect loss=0.160925, opinion loss=0.000000, sentiment loss=0.000000, reg loss=0.000000, step=76356
Dev:   aspect f1=0.4672, opinion f1=0.0000, sentiment acc==0.0000, sentiment f1==0.0000, ABSA f1==0.0000,
Test:  aspect f1=0.4672, opinion f1=0.0000, sentiment acc==0.0000, sentiment f1==0.0000, ABSA f1==0.0000,
Current Max Metrics Index : 24 Current Min Loss Index : 17 Epoch Time: 0m 14s Tau : 0.29

-------------------------------------Iter42-------------------------------------
Train: final loss=0.725486, aspect loss=0.052383, opinion loss=0.000000, domain loss=0.671635, sentiment loss=0.000000, reg loss=0.000000, step=78174
Dev:   final loss=0.168465, aspect loss=0.168465, opinion loss=0.000000, sentiment loss=0.000000, reg loss=0.000000, step=78174
Dev:   aspect f1=0.4436, opinion f1=0.0000, sentiment acc==0.0000, sentiment f1==0.0000, ABSA f1==0.0000,
Test:  aspect f1=0.4436, opinion f1=0.0000, sentiment acc==0.0000, sentiment f1==0.0000, ABSA f1==0.0000,
Current Max Metrics Index : 24 Current Min Loss Index : 17 Epoch Time: 0m 14s Tau : 0.28

-------------------------------------Iter43-------------------------------------
Train: final loss=0.725626, aspect loss=0.052144, opinion loss=0.000000, domain loss=0.672468, sentiment loss=0.000000, reg loss=0.000000, step=79992
Dev:   final loss=0.163741, aspect loss=0.163741, opinion loss=0.000000, sentiment loss=0.000000, reg loss=0.000000, step=79992
Dev:   aspect f1=0.4681, opinion f1=0.0000, sentiment acc==0.0000, sentiment f1==0.0000, ABSA f1==0.0000,
Test:  aspect f1=0.4681, opinion f1=0.0000, sentiment acc==0.0000, sentiment f1==0.0000, ABSA f1==0.0000,
Current Max Metrics Index : 24 Current Min Loss Index : 17 Epoch Time: 0m 14s Tau : 0.28

-------------------------------------Iter44-------------------------------------
Train: final loss=0.725362, aspect loss=0.051635, opinion loss=0.000000, domain loss=0.672104, sentiment loss=0.000000, reg loss=0.000000, step=81810
Dev:   final loss=0.166718, aspect loss=0.166718, opinion loss=0.000000, sentiment loss=0.000000, reg loss=0.000000, step=81810
Dev:   aspect f1=0.4783, opinion f1=0.0000, sentiment acc==0.0000, sentiment f1==0.0000, ABSA f1==0.0000,
Test:  aspect f1=0.4783, opinion f1=0.0000, sentiment acc==0.0000, sentiment f1==0.0000, ABSA f1==0.0000,
Current Max Metrics Index : 24 Current Min Loss Index : 17 Epoch Time: 0m 14s Tau : 0.27

-------------------------------------Iter45-------------------------------------
Train: final loss=0.725713, aspect loss=0.051822, opinion loss=0.000000, domain loss=0.672384, sentiment loss=0.000000, reg loss=0.000000, step=83628
Dev:   final loss=0.164827, aspect loss=0.164827, opinion loss=0.000000, sentiment loss=0.000000, reg loss=0.000000, step=83628
Dev:   aspect f1=0.4755, opinion f1=0.0000, sentiment acc==0.0000, sentiment f1==0.0000, ABSA f1==0.0000,
Test:  aspect f1=0.4755, opinion f1=0.0000, sentiment acc==0.0000, sentiment f1==0.0000, ABSA f1==0.0000,
Current Max Metrics Index : 24 Current Min Loss Index : 17 Epoch Time: 0m 14s Tau : 0.26

-------------------------------------Iter46-------------------------------------
Train: final loss=0.724263, aspect loss=0.051006, opinion loss=0.000000, domain loss=0.671849, sentiment loss=0.000000, reg loss=0.000000, step=85446
Dev:   final loss=0.166261, aspect loss=0.166261, opinion loss=0.000000, sentiment loss=0.000000, reg loss=0.000000, step=85446
Dev:   aspect f1=0.4863, opinion f1=0.0000, sentiment acc==0.0000, sentiment f1==0.0000, ABSA f1==0.0000,
Test:  aspect f1=0.4863, opinion f1=0.0000, sentiment acc==0.0000, sentiment f1==0.0000, ABSA f1==0.0000,
Current Max Metrics Index : 24 Current Min Loss Index : 17 Epoch Time: 0m 15s Tau : 0.25

-------------------------------------Iter47-------------------------------------
Train: final loss=0.724544, aspect loss=0.050588, opinion loss=0.000000, domain loss=0.672174, sentiment loss=0.000000, reg loss=0.000000, step=87264
Dev:   final loss=0.168130, aspect loss=0.168130, opinion loss=0.000000, sentiment loss=0.000000, reg loss=0.000000, step=87264
Dev:   aspect f1=0.4972, opinion f1=0.0000, sentiment acc==0.0000, sentiment f1==0.0000, ABSA f1==0.0000,
Test:  aspect f1=0.4972, opinion f1=0.0000, sentiment acc==0.0000, sentiment f1==0.0000, ABSA f1==0.0000,
Current Max Metrics Index : 24 Current Min Loss Index : 17 Epoch Time: 0m 15s Tau : 0.24

-------------------------------------Iter48-------------------------------------
Train: final loss=0.723963, aspect loss=0.049739, opinion loss=0.000000, domain loss=0.672298, sentiment loss=0.000000, reg loss=0.000000, step=89082
Dev:   final loss=0.168533, aspect loss=0.168533, opinion loss=0.000000, sentiment loss=0.000000, reg loss=0.000000, step=89082
Dev:   aspect f1=0.4967, opinion f1=0.0000, sentiment acc==0.0000, sentiment f1==0.0000, ABSA f1==0.0000,
Test:  aspect f1=0.4967, opinion f1=0.0000, sentiment acc==0.0000, sentiment f1==0.0000, ABSA f1==0.0000,
Current Max Metrics Index : 24 Current Min Loss Index : 17 Epoch Time: 0m 14s Tau : 0.24

-------------------------------------Iter49-------------------------------------
Train: final loss=0.721705, aspect loss=0.048641, opinion loss=0.000000, domain loss=0.672471, sentiment loss=0.000000, reg loss=0.000000, step=90900
Dev:   final loss=0.170824, aspect loss=0.170824, opinion loss=0.000000, sentiment loss=0.000000, reg loss=0.000000, step=90900
Dev:   aspect f1=0.4800, opinion f1=0.0000, sentiment acc==0.0000, sentiment f1==0.0000, ABSA f1==0.0000,
Test:  aspect f1=0.4800, opinion f1=0.0000, sentiment acc==0.0000, sentiment f1==0.0000, ABSA f1==0.0000,
Current Max Metrics Index : 24 Current Min Loss Index : 17 Epoch Time: 0m 14s Tau : 0.23

-------------------------------------Iter50-------------------------------------
Train: final loss=0.722758, aspect loss=0.049320, opinion loss=0.000000, domain loss=0.671908, sentiment loss=0.000000, reg loss=0.000000, step=92718
Dev:   final loss=0.169786, aspect loss=0.169786, opinion loss=0.000000, sentiment loss=0.000000, reg loss=0.000000, step=92718
Dev:   aspect f1=0.5004, opinion f1=0.0000, sentiment acc==0.0000, sentiment f1==0.0000, ABSA f1==0.0000,
Test:  aspect f1=0.5004, opinion f1=0.0000, sentiment acc==0.0000, sentiment f1==0.0000, ABSA f1==0.0000,
Current Max Metrics Index : 24 Current Min Loss Index : 17 Epoch Time: 0m 15s Tau : 0.22

-------------------------------------Iter51-------------------------------------
Train: final loss=0.721454, aspect loss=0.048579, opinion loss=0.000000, domain loss=0.672104, sentiment loss=0.000000, reg loss=0.000000, step=94536
Dev:   final loss=0.163222, aspect loss=0.163222, opinion loss=0.000000, sentiment loss=0.000000, reg loss=0.000000, step=94536
Dev:   aspect f1=0.4902, opinion f1=0.0000, sentiment acc==0.0000, sentiment f1==0.0000, ABSA f1==0.0000,
Test:  aspect f1=0.4902, opinion f1=0.0000, sentiment acc==0.0000, sentiment f1==0.0000, ABSA f1==0.0000,
Current Max Metrics Index : 24 Current Min Loss Index : 17 Epoch Time: 0m 15s Tau : 0.22

-------------------------------------Iter52-------------------------------------
Train: final loss=0.722899, aspect loss=0.049748, opinion loss=0.000000, domain loss=0.671972, sentiment loss=0.000000, reg loss=0.000000, step=96354
Dev:   final loss=0.172468, aspect loss=0.172468, opinion loss=0.000000, sentiment loss=0.000000, reg loss=0.000000, step=96354
Dev:   aspect f1=0.5007, opinion f1=0.0000, sentiment acc==0.0000, sentiment f1==0.0000, ABSA f1==0.0000,
Test:  aspect f1=0.5007, opinion f1=0.0000, sentiment acc==0.0000, sentiment f1==0.0000, ABSA f1==0.0000,
Current Max Metrics Index : 24 Current Min Loss Index : 17 Epoch Time: 0m 14s Tau : 0.21

-------------------------------------Iter53-------------------------------------
Train: final loss=0.721800, aspect loss=0.048649, opinion loss=0.000000, domain loss=0.672086, sentiment loss=0.000000, reg loss=0.000000, step=98172
Dev:   final loss=0.168651, aspect loss=0.168651, opinion loss=0.000000, sentiment loss=0.000000, reg loss=0.000000, step=98172
Dev:   aspect f1=0.4895, opinion f1=0.0000, sentiment acc==0.0000, sentiment f1==0.0000, ABSA f1==0.0000,
Test:  aspect f1=0.4895, opinion f1=0.0000, sentiment acc==0.0000, sentiment f1==0.0000, ABSA f1==0.0000,
Current Max Metrics Index : 24 Current Min Loss Index : 17 Epoch Time: 0m 14s Tau : 0.20

-------------------------------------Iter54-------------------------------------
Train: final loss=0.722071, aspect loss=0.048296, opinion loss=0.000000, domain loss=0.672066, sentiment loss=0.000000, reg loss=0.000000, step=99990
Dev:   final loss=0.170827, aspect loss=0.170827, opinion loss=0.000000, sentiment loss=0.000000, reg loss=0.000000, step=99990
Dev:   aspect f1=0.4772, opinion f1=0.0000, sentiment acc==0.0000, sentiment f1==0.0000, ABSA f1==0.0000,
Test:  aspect f1=0.4772, opinion f1=0.0000, sentiment acc==0.0000, sentiment f1==0.0000, ABSA f1==0.0000,
Current Max Metrics Index : 24 Current Min Loss Index : 17 Epoch Time: 0m 14s Tau : 0.20

-------------------------------------Iter55-------------------------------------
Train: final loss=0.720639, aspect loss=0.048047, opinion loss=0.000000, domain loss=0.672136, sentiment loss=0.000000, reg loss=0.000000, step=101808
Dev:   final loss=0.165331, aspect loss=0.165331, opinion loss=0.000000, sentiment loss=0.000000, reg loss=0.000000, step=101808
Dev:   aspect f1=0.5019, opinion f1=0.0000, sentiment acc==0.0000, sentiment f1==0.0000, ABSA f1==0.0000,
Test:  aspect f1=0.5019, opinion f1=0.0000, sentiment acc==0.0000, sentiment f1==0.0000, ABSA f1==0.0000,
Current Max Metrics Index : 55 Current Min Loss Index : 17 Epoch Time: 0m 14s Tau : 0.19
>> Checkpoint Saved: state_dict/restaurant-to-laptop/[SynBridge]-ATE-F1-0.5019.pth

-------------------------------------Iter56-------------------------------------
Train: final loss=0.720696, aspect loss=0.047593, opinion loss=0.000000, domain loss=0.672078, sentiment loss=0.000000, reg loss=0.000000, step=103626
Dev:   final loss=0.170238, aspect loss=0.170238, opinion loss=0.000000, sentiment loss=0.000000, reg loss=0.000000, step=103626
Dev:   aspect f1=0.4601, opinion f1=0.0000, sentiment acc==0.0000, sentiment f1==0.0000, ABSA f1==0.0000,
Test:  aspect f1=0.4601, opinion f1=0.0000, sentiment acc==0.0000, sentiment f1==0.0000, ABSA f1==0.0000,
Current Max Metrics Index : 55 Current Min Loss Index : 17 Epoch Time: 0m 15s Tau : 0.19

-------------------------------------Iter57-------------------------------------
Train: final loss=0.720475, aspect loss=0.047060, opinion loss=0.000000, domain loss=0.672125, sentiment loss=0.000000, reg loss=0.000000, step=105444
Dev:   final loss=0.163695, aspect loss=0.163695, opinion loss=0.000000, sentiment loss=0.000000, reg loss=0.000000, step=105444
Dev:   aspect f1=0.4841, opinion f1=0.0000, sentiment acc==0.0000, sentiment f1==0.0000, ABSA f1==0.0000,
Test:  aspect f1=0.4841, opinion f1=0.0000, sentiment acc==0.0000, sentiment f1==0.0000, ABSA f1==0.0000,
Current Max Metrics Index : 55 Current Min Loss Index : 17 Epoch Time: 0m 14s Tau : 0.18

-------------------------------------Iter58-------------------------------------
Train: final loss=0.719061, aspect loss=0.045835, opinion loss=0.000000, domain loss=0.671933, sentiment loss=0.000000, reg loss=0.000000, step=107262
Dev:   final loss=0.176018, aspect loss=0.176018, opinion loss=0.000000, sentiment loss=0.000000, reg loss=0.000000, step=107262
Dev:   aspect f1=0.4631, opinion f1=0.0000, sentiment acc==0.0000, sentiment f1==0.0000, ABSA f1==0.0000,
Test:  aspect f1=0.4631, opinion f1=0.0000, sentiment acc==0.0000, sentiment f1==0.0000, ABSA f1==0.0000,
Current Max Metrics Index : 55 Current Min Loss Index : 17 Epoch Time: 0m 15s Tau : 0.18

-------------------------------------Iter59-------------------------------------
Train: final loss=0.719936, aspect loss=0.046249, opinion loss=0.000000, domain loss=0.672014, sentiment loss=0.000000, reg loss=0.000000, step=109080
Dev:   final loss=0.175228, aspect loss=0.175228, opinion loss=0.000000, sentiment loss=0.000000, reg loss=0.000000, step=109080
Dev:   aspect f1=0.4924, opinion f1=0.0000, sentiment acc==0.0000, sentiment f1==0.0000, ABSA f1==0.0000,
Test:  aspect f1=0.4924, opinion f1=0.0000, sentiment acc==0.0000, sentiment f1==0.0000, ABSA f1==0.0000,
Current Max Metrics Index : 55 Current Min Loss Index : 17 Epoch Time: 0m 15s Tau : 0.17

-------------------------------------Iter60-------------------------------------
Train: final loss=0.719803, aspect loss=0.046188, opinion loss=0.000000, domain loss=0.672139, sentiment loss=0.000000, reg loss=0.000000, step=110898
Dev:   final loss=0.173707, aspect loss=0.173707, opinion loss=0.000000, sentiment loss=0.000000, reg loss=0.000000, step=110898
Dev:   aspect f1=0.4969, opinion f1=0.0000, sentiment acc==0.0000, sentiment f1==0.0000, ABSA f1==0.0000,
Test:  aspect f1=0.4969, opinion f1=0.0000, sentiment acc==0.0000, sentiment f1==0.0000, ABSA f1==0.0000,
Current Max Metrics Index : 55 Current Min Loss Index : 17 Epoch Time: 0m 14s Tau : 0.17

-------------------------------------Iter61-------------------------------------
Train: final loss=0.717033, aspect loss=0.045128, opinion loss=0.000000, domain loss=0.671677, sentiment loss=0.000000, reg loss=0.000000, step=112716
Dev:   final loss=0.170614, aspect loss=0.170614, opinion loss=0.000000, sentiment loss=0.000000, reg loss=0.000000, step=112716
Dev:   aspect f1=0.4641, opinion f1=0.0000, sentiment acc==0.0000, sentiment f1==0.0000, ABSA f1==0.0000,
Test:  aspect f1=0.4641, opinion f1=0.0000, sentiment acc==0.0000, sentiment f1==0.0000, ABSA f1==0.0000,
Current Max Metrics Index : 55 Current Min Loss Index : 17 Epoch Time: 0m 15s Tau : 0.16

-------------------------------------Iter62-------------------------------------
Train: final loss=0.719340, aspect loss=0.045856, opinion loss=0.000000, domain loss=0.672183, sentiment loss=0.000000, reg loss=0.000000, step=114534
Dev:   final loss=0.169129, aspect loss=0.169129, opinion loss=0.000000, sentiment loss=0.000000, reg loss=0.000000, step=114534
Dev:   aspect f1=0.4916, opinion f1=0.0000, sentiment acc==0.0000, sentiment f1==0.0000, ABSA f1==0.0000,
Test:  aspect f1=0.4916, opinion f1=0.0000, sentiment acc==0.0000, sentiment f1==0.0000, ABSA f1==0.0000,
Current Max Metrics Index : 55 Current Min Loss Index : 17 Epoch Time: 0m 14s Tau : 0.16

-------------------------------------Iter63-------------------------------------
Train: final loss=0.718020, aspect loss=0.045397, opinion loss=0.000000, domain loss=0.671430, sentiment loss=0.000000, reg loss=0.000000, step=116352
Dev:   final loss=0.170916, aspect loss=0.170916, opinion loss=0.000000, sentiment loss=0.000000, reg loss=0.000000, step=116352
Dev:   aspect f1=0.4684, opinion f1=0.0000, sentiment acc==0.0000, sentiment f1==0.0000, ABSA f1==0.0000,
Test:  aspect f1=0.4684, opinion f1=0.0000, sentiment acc==0.0000, sentiment f1==0.0000, ABSA f1==0.0000,
Current Max Metrics Index : 55 Current Min Loss Index : 17 Epoch Time: 0m 15s Tau : 0.15

-------------------------------------Iter64-------------------------------------
Train: final loss=0.717944, aspect loss=0.044590, opinion loss=0.000000, domain loss=0.672041, sentiment loss=0.000000, reg loss=0.000000, step=118170
Dev:   final loss=0.167082, aspect loss=0.167082, opinion loss=0.000000, sentiment loss=0.000000, reg loss=0.000000, step=118170
Dev:   aspect f1=0.4768, opinion f1=0.0000, sentiment acc==0.0000, sentiment f1==0.0000, ABSA f1==0.0000,
Test:  aspect f1=0.4768, opinion f1=0.0000, sentiment acc==0.0000, sentiment f1==0.0000, ABSA f1==0.0000,
Current Max Metrics Index : 55 Current Min Loss Index : 17 Epoch Time: 0m 15s Tau : 0.15

-------------------------------------Iter65-------------------------------------
Train: final loss=0.717589, aspect loss=0.044224, opinion loss=0.000000, domain loss=0.672131, sentiment loss=0.000000, reg loss=0.000000, step=119988
Dev:   final loss=0.171903, aspect loss=0.171903, opinion loss=0.000000, sentiment loss=0.000000, reg loss=0.000000, step=119988
Dev:   aspect f1=0.4636, opinion f1=0.0000, sentiment acc==0.0000, sentiment f1==0.0000, ABSA f1==0.0000,
Test:  aspect f1=0.4636, opinion f1=0.0000, sentiment acc==0.0000, sentiment f1==0.0000, ABSA f1==0.0000,
Current Max Metrics Index : 55 Current Min Loss Index : 17 Epoch Time: 0m 14s Tau : 0.14

-------------------------------------Iter66-------------------------------------
Train: final loss=0.717853, aspect loss=0.044084, opinion loss=0.000000, domain loss=0.672178, sentiment loss=0.000000, reg loss=0.000000, step=121806
Dev:   final loss=0.170394, aspect loss=0.170394, opinion loss=0.000000, sentiment loss=0.000000, reg loss=0.000000, step=121806
Dev:   aspect f1=0.4759, opinion f1=0.0000, sentiment acc==0.0000, sentiment f1==0.0000, ABSA f1==0.0000,
Test:  aspect f1=0.4759, opinion f1=0.0000, sentiment acc==0.0000, sentiment f1==0.0000, ABSA f1==0.0000,
Current Max Metrics Index : 55 Current Min Loss Index : 17 Epoch Time: 0m 15s Tau : 0.14

-------------------------------------Iter67-------------------------------------
Train: final loss=0.717391, aspect loss=0.044896, opinion loss=0.000000, domain loss=0.671804, sentiment loss=0.000000, reg loss=0.000000, step=123624
Dev:   final loss=0.175062, aspect loss=0.175062, opinion loss=0.000000, sentiment loss=0.000000, reg loss=0.000000, step=123624
Dev:   aspect f1=0.4803, opinion f1=0.0000, sentiment acc==0.0000, sentiment f1==0.0000, ABSA f1==0.0000,
Test:  aspect f1=0.4803, opinion f1=0.0000, sentiment acc==0.0000, sentiment f1==0.0000, ABSA f1==0.0000,
Current Max Metrics Index : 55 Current Min Loss Index : 17 Epoch Time: 0m 15s Tau : 0.13

-------------------------------------Iter68-------------------------------------
Train: final loss=0.717464, aspect loss=0.043869, opinion loss=0.000000, domain loss=0.672217, sentiment loss=0.000000, reg loss=0.000000, step=125442
Dev:   final loss=0.166839, aspect loss=0.166839, opinion loss=0.000000, sentiment loss=0.000000, reg loss=0.000000, step=125442
Dev:   aspect f1=0.4569, opinion f1=0.0000, sentiment acc==0.0000, sentiment f1==0.0000, ABSA f1==0.0000,
Test:  aspect f1=0.4569, opinion f1=0.0000, sentiment acc==0.0000, sentiment f1==0.0000, ABSA f1==0.0000,
Current Max Metrics Index : 55 Current Min Loss Index : 17 Epoch Time: 0m 15s Tau : 0.13

-------------------------------------Iter69-------------------------------------
Train: final loss=0.716461, aspect loss=0.043477, opinion loss=0.000000, domain loss=0.672258, sentiment loss=0.000000, reg loss=0.000000, step=127260
Dev:   final loss=0.166322, aspect loss=0.166322, opinion loss=0.000000, sentiment loss=0.000000, reg loss=0.000000, step=127260
Dev:   aspect f1=0.4663, opinion f1=0.0000, sentiment acc==0.0000, sentiment f1==0.0000, ABSA f1==0.0000,
Test:  aspect f1=0.4663, opinion f1=0.0000, sentiment acc==0.0000, sentiment f1==0.0000, ABSA f1==0.0000,
Current Max Metrics Index : 55 Current Min Loss Index : 17 Epoch Time: 0m 15s Tau : 0.13

-------------------------------------Iter70-------------------------------------
Train: final loss=0.717053, aspect loss=0.043840, opinion loss=0.000000, domain loss=0.671968, sentiment loss=0.000000, reg loss=0.000000, step=129078
Dev:   final loss=0.170193, aspect loss=0.170193, opinion loss=0.000000, sentiment loss=0.000000, reg loss=0.000000, step=129078
Dev:   aspect f1=0.4766, opinion f1=0.0000, sentiment acc==0.0000, sentiment f1==0.0000, ABSA f1==0.0000,
Test:  aspect f1=0.4766, opinion f1=0.0000, sentiment acc==0.0000, sentiment f1==0.0000, ABSA f1==0.0000,
Current Max Metrics Index : 55 Current Min Loss Index : 17 Epoch Time: 0m 14s Tau : 0.12

-------------------------------------Iter71-------------------------------------
Train: final loss=0.716891, aspect loss=0.043615, opinion loss=0.000000, domain loss=0.672204, sentiment loss=0.000000, reg loss=0.000000, step=130896
Dev:   final loss=0.168206, aspect loss=0.168206, opinion loss=0.000000, sentiment loss=0.000000, reg loss=0.000000, step=130896
Dev:   aspect f1=0.4969, opinion f1=0.0000, sentiment acc==0.0000, sentiment f1==0.0000, ABSA f1==0.0000,
Test:  aspect f1=0.4969, opinion f1=0.0000, sentiment acc==0.0000, sentiment f1==0.0000, ABSA f1==0.0000,
Current Max Metrics Index : 55 Current Min Loss Index : 17 Epoch Time: 0m 14s Tau : 0.12

-------------------------------------Iter72-------------------------------------
Train: final loss=0.715016, aspect loss=0.042602, opinion loss=0.000000, domain loss=0.672204, sentiment loss=0.000000, reg loss=0.000000, step=132714
Dev:   final loss=0.174740, aspect loss=0.174740, opinion loss=0.000000, sentiment loss=0.000000, reg loss=0.000000, step=132714
Dev:   aspect f1=0.4867, opinion f1=0.0000, sentiment acc==0.0000, sentiment f1==0.0000, ABSA f1==0.0000,
Test:  aspect f1=0.4867, opinion f1=0.0000, sentiment acc==0.0000, sentiment f1==0.0000, ABSA f1==0.0000,
Current Max Metrics Index : 55 Current Min Loss Index : 17 Epoch Time: 0m 14s Tau : 0.12

-------------------------------------Iter73-------------------------------------
Train: final loss=0.715814, aspect loss=0.042456, opinion loss=0.000000, domain loss=0.672436, sentiment loss=0.000000, reg loss=0.000000, step=134532
Dev:   final loss=0.178974, aspect loss=0.178974, opinion loss=0.000000, sentiment loss=0.000000, reg loss=0.000000, step=134532
Dev:   aspect f1=0.4747, opinion f1=0.0000, sentiment acc==0.0000, sentiment f1==0.0000, ABSA f1==0.0000,
Test:  aspect f1=0.4747, opinion f1=0.0000, sentiment acc==0.0000, sentiment f1==0.0000, ABSA f1==0.0000,
Current Max Metrics Index : 55 Current Min Loss Index : 17 Epoch Time: 0m 15s Tau : 0.11

-------------------------------------Iter74-------------------------------------
Train: final loss=0.716108, aspect loss=0.042323, opinion loss=0.000000, domain loss=0.672250, sentiment loss=0.000000, reg loss=0.000000, step=136350
Dev:   final loss=0.174747, aspect loss=0.174747, opinion loss=0.000000, sentiment loss=0.000000, reg loss=0.000000, step=136350
Dev:   aspect f1=0.4833, opinion f1=0.0000, sentiment acc==0.0000, sentiment f1==0.0000, ABSA f1==0.0000,
Test:  aspect f1=0.4833, opinion f1=0.0000, sentiment acc==0.0000, sentiment f1==0.0000, ABSA f1==0.0000,
Current Max Metrics Index : 55 Current Min Loss Index : 17 Epoch Time: 0m 15s Tau : 0.11

-------------------------------------Iter75-------------------------------------
Train: final loss=0.715055, aspect loss=0.041671, opinion loss=0.000000, domain loss=0.672106, sentiment loss=0.000000, reg loss=0.000000, step=138168
Dev:   final loss=0.177835, aspect loss=0.177835, opinion loss=0.000000, sentiment loss=0.000000, reg loss=0.000000, step=138168
Dev:   aspect f1=0.4866, opinion f1=0.0000, sentiment acc==0.0000, sentiment f1==0.0000, ABSA f1==0.0000,
Test:  aspect f1=0.4866, opinion f1=0.0000, sentiment acc==0.0000, sentiment f1==0.0000, ABSA f1==0.0000,
Current Max Metrics Index : 55 Current Min Loss Index : 17 Epoch Time: 0m 14s Tau : 0.11

-------------------------------------Iter76-------------------------------------
Train: final loss=0.715336, aspect loss=0.041976, opinion loss=0.000000, domain loss=0.672223, sentiment loss=0.000000, reg loss=0.000000, step=139986
Dev:   final loss=0.169324, aspect loss=0.169324, opinion loss=0.000000, sentiment loss=0.000000, reg loss=0.000000, step=139986
Dev:   aspect f1=0.4909, opinion f1=0.0000, sentiment acc==0.0000, sentiment f1==0.0000, ABSA f1==0.0000,
Test:  aspect f1=0.4909, opinion f1=0.0000, sentiment acc==0.0000, sentiment f1==0.0000, ABSA f1==0.0000,
Current Max Metrics Index : 55 Current Min Loss Index : 17 Epoch Time: 0m 15s Tau : 0.10

-------------------------------------Iter77-------------------------------------
Train: final loss=0.715408, aspect loss=0.041926, opinion loss=0.000000, domain loss=0.672063, sentiment loss=0.000000, reg loss=0.000000, step=141804
Dev:   final loss=0.177601, aspect loss=0.177601, opinion loss=0.000000, sentiment loss=0.000000, reg loss=0.000000, step=141804
Dev:   aspect f1=0.4872, opinion f1=0.0000, sentiment acc==0.0000, sentiment f1==0.0000, ABSA f1==0.0000,
Test:  aspect f1=0.4872, opinion f1=0.0000, sentiment acc==0.0000, sentiment f1==0.0000, ABSA f1==0.0000,
Current Max Metrics Index : 55 Current Min Loss Index : 17 Epoch Time: 0m 15s Tau : 0.10

-------------------------------------Iter78-------------------------------------
Train: final loss=0.713694, aspect loss=0.040736, opinion loss=0.000000, domain loss=0.672276, sentiment loss=0.000000, reg loss=0.000000, step=143622
Dev:   final loss=0.177540, aspect loss=0.177540, opinion loss=0.000000, sentiment loss=0.000000, reg loss=0.000000, step=143622
Dev:   aspect f1=0.4860, opinion f1=0.0000, sentiment acc==0.0000, sentiment f1==0.0000, ABSA f1==0.0000,
Test:  aspect f1=0.4860, opinion f1=0.0000, sentiment acc==0.0000, sentiment f1==0.0000, ABSA f1==0.0000,
Current Max Metrics Index : 55 Current Min Loss Index : 17 Epoch Time: 0m 14s Tau : 0.10

-------------------------------------Iter79-------------------------------------
Train: final loss=0.713604, aspect loss=0.041291, opinion loss=0.000000, domain loss=0.671986, sentiment loss=0.000000, reg loss=0.000000, step=145440
Dev:   final loss=0.175572, aspect loss=0.175572, opinion loss=0.000000, sentiment loss=0.000000, reg loss=0.000000, step=145440
Dev:   aspect f1=0.4532, opinion f1=0.0000, sentiment acc==0.0000, sentiment f1==0.0000, ABSA f1==0.0000,
Test:  aspect f1=0.4532, opinion f1=0.0000, sentiment acc==0.0000, sentiment f1==0.0000, ABSA f1==0.0000,
Current Max Metrics Index : 55 Current Min Loss Index : 17 Epoch Time: 0m 15s Tau : 0.10

-------------------------------------Iter80-------------------------------------
Train: final loss=0.713911, aspect loss=0.040733, opinion loss=0.000000, domain loss=0.672084, sentiment loss=0.000000, reg loss=0.000000, step=147258
Dev:   final loss=0.171290, aspect loss=0.171290, opinion loss=0.000000, sentiment loss=0.000000, reg loss=0.000000, step=147258
Dev:   aspect f1=0.4740, opinion f1=0.0000, sentiment acc==0.0000, sentiment f1==0.0000, ABSA f1==0.0000,
Test:  aspect f1=0.4740, opinion f1=0.0000, sentiment acc==0.0000, sentiment f1==0.0000, ABSA f1==0.0000,
Current Max Metrics Index : 55 Current Min Loss Index : 17 Epoch Time: 0m 15s Tau : 0.10

-------------------------------------Iter81-------------------------------------
Train: final loss=0.713568, aspect loss=0.041009, opinion loss=0.000000, domain loss=0.671987, sentiment loss=0.000000, reg loss=0.000000, step=149076
Dev:   final loss=0.174186, aspect loss=0.174186, opinion loss=0.000000, sentiment loss=0.000000, reg loss=0.000000, step=149076
Dev:   aspect f1=0.4735, opinion f1=0.0000, sentiment acc==0.0000, sentiment f1==0.0000, ABSA f1==0.0000,
Test:  aspect f1=0.4735, opinion f1=0.0000, sentiment acc==0.0000, sentiment f1==0.0000, ABSA f1==0.0000,
Current Max Metrics Index : 55 Current Min Loss Index : 17 Epoch Time: 0m 15s Tau : 0.10

-------------------------------------Iter82-------------------------------------
Train: final loss=0.712892, aspect loss=0.040319, opinion loss=0.000000, domain loss=0.672130, sentiment loss=0.000000, reg loss=0.000000, step=150894
Dev:   final loss=0.174098, aspect loss=0.174098, opinion loss=0.000000, sentiment loss=0.000000, reg loss=0.000000, step=150894
Dev:   aspect f1=0.4899, opinion f1=0.0000, sentiment acc==0.0000, sentiment f1==0.0000, ABSA f1==0.0000,
Test:  aspect f1=0.4899, opinion f1=0.0000, sentiment acc==0.0000, sentiment f1==0.0000, ABSA f1==0.0000,
Current Max Metrics Index : 55 Current Min Loss Index : 17 Epoch Time: 0m 15s Tau : 0.10

-------------------------------------Iter83-------------------------------------
Train: final loss=0.713682, aspect loss=0.040696, opinion loss=0.000000, domain loss=0.672045, sentiment loss=0.000000, reg loss=0.000000, step=152712
Dev:   final loss=0.175242, aspect loss=0.175242, opinion loss=0.000000, sentiment loss=0.000000, reg loss=0.000000, step=152712
Dev:   aspect f1=0.4910, opinion f1=0.0000, sentiment acc==0.0000, sentiment f1==0.0000, ABSA f1==0.0000,
Test:  aspect f1=0.4910, opinion f1=0.0000, sentiment acc==0.0000, sentiment f1==0.0000, ABSA f1==0.0000,
Current Max Metrics Index : 55 Current Min Loss Index : 17 Epoch Time: 0m 15s Tau : 0.10

-------------------------------------Iter84-------------------------------------
Train: final loss=0.712191, aspect loss=0.039189, opinion loss=0.000000, domain loss=0.672219, sentiment loss=0.000000, reg loss=0.000000, step=154530
Dev:   final loss=0.174934, aspect loss=0.174934, opinion loss=0.000000, sentiment loss=0.000000, reg loss=0.000000, step=154530
Dev:   aspect f1=0.4736, opinion f1=0.0000, sentiment acc==0.0000, sentiment f1==0.0000, ABSA f1==0.0000,
Test:  aspect f1=0.4736, opinion f1=0.0000, sentiment acc==0.0000, sentiment f1==0.0000, ABSA f1==0.0000,
Current Max Metrics Index : 55 Current Min Loss Index : 17 Epoch Time: 0m 15s Tau : 0.10

-------------------------------------Iter85-------------------------------------
Train: final loss=0.713445, aspect loss=0.040200, opinion loss=0.000000, domain loss=0.672145, sentiment loss=0.000000, reg loss=0.000000, step=156348
Dev:   final loss=0.187672, aspect loss=0.187672, opinion loss=0.000000, sentiment loss=0.000000, reg loss=0.000000, step=156348
Dev:   aspect f1=0.4746, opinion f1=0.0000, sentiment acc==0.0000, sentiment f1==0.0000, ABSA f1==0.0000,
Test:  aspect f1=0.4746, opinion f1=0.0000, sentiment acc==0.0000, sentiment f1==0.0000, ABSA f1==0.0000,
Current Max Metrics Index : 55 Current Min Loss Index : 17 Epoch Time: 0m 11s Tau : 0.10

-------------------------------------Iter86-------------------------------------
Train: final loss=0.713550, aspect loss=0.040777, opinion loss=0.000000, domain loss=0.672125, sentiment loss=0.000000, reg loss=0.000000, step=158166
Dev:   final loss=0.178839, aspect loss=0.178839, opinion loss=0.000000, sentiment loss=0.000000, reg loss=0.000000, step=158166
Dev:   aspect f1=0.4691, opinion f1=0.0000, sentiment acc==0.0000, sentiment f1==0.0000, ABSA f1==0.0000,
Test:  aspect f1=0.4691, opinion f1=0.0000, sentiment acc==0.0000, sentiment f1==0.0000, ABSA f1==0.0000,
Current Max Metrics Index : 55 Current Min Loss Index : 17 Epoch Time: 0m 15s Tau : 0.10

-------------------------------------Iter87-------------------------------------
Train: final loss=0.714029, aspect loss=0.041750, opinion loss=0.000000, domain loss=0.672228, sentiment loss=0.000000, reg loss=0.000000, step=159984
Dev:   final loss=0.174683, aspect loss=0.174683, opinion loss=0.000000, sentiment loss=0.000000, reg loss=0.000000, step=159984
Dev:   aspect f1=0.4660, opinion f1=0.0000, sentiment acc==0.0000, sentiment f1==0.0000, ABSA f1==0.0000,
Test:  aspect f1=0.4660, opinion f1=0.0000, sentiment acc==0.0000, sentiment f1==0.0000, ABSA f1==0.0000,
Current Max Metrics Index : 55 Current Min Loss Index : 17 Epoch Time: 0m 15s Tau : 0.10

-------------------------------------Iter88-------------------------------------
Train: final loss=0.711904, aspect loss=0.039185, opinion loss=0.000000, domain loss=0.672023, sentiment loss=0.000000, reg loss=0.000000, step=161802
Dev:   final loss=0.180445, aspect loss=0.180445, opinion loss=0.000000, sentiment loss=0.000000, reg loss=0.000000, step=161802
Dev:   aspect f1=0.4887, opinion f1=0.0000, sentiment acc==0.0000, sentiment f1==0.0000, ABSA f1==0.0000,
Test:  aspect f1=0.4887, opinion f1=0.0000, sentiment acc==0.0000, sentiment f1==0.0000, ABSA f1==0.0000,
Current Max Metrics Index : 55 Current Min Loss Index : 17 Epoch Time: 0m 15s Tau : 0.10

-------------------------------------Iter89-------------------------------------
Train: final loss=0.713375, aspect loss=0.039658, opinion loss=0.000000, domain loss=0.672265, sentiment loss=0.000000, reg loss=0.000000, step=163620
Dev:   final loss=0.177353, aspect loss=0.177353, opinion loss=0.000000, sentiment loss=0.000000, reg loss=0.000000, step=163620
Dev:   aspect f1=0.4302, opinion f1=0.0000, sentiment acc==0.0000, sentiment f1==0.0000, ABSA f1==0.0000,
Test:  aspect f1=0.4302, opinion f1=0.0000, sentiment acc==0.0000, sentiment f1==0.0000, ABSA f1==0.0000,
Current Max Metrics Index : 55 Current Min Loss Index : 17 Epoch Time: 0m 14s Tau : 0.10

-------------------------------------Iter90-------------------------------------
Train: final loss=0.712846, aspect loss=0.039314, opinion loss=0.000000, domain loss=0.672144, sentiment loss=0.000000, reg loss=0.000000, step=165438
Dev:   final loss=0.177171, aspect loss=0.177171, opinion loss=0.000000, sentiment loss=0.000000, reg loss=0.000000, step=165438
Dev:   aspect f1=0.4787, opinion f1=0.0000, sentiment acc==0.0000, sentiment f1==0.0000, ABSA f1==0.0000,
Test:  aspect f1=0.4787, opinion f1=0.0000, sentiment acc==0.0000, sentiment f1==0.0000, ABSA f1==0.0000,
Current Max Metrics Index : 55 Current Min Loss Index : 17 Epoch Time: 0m 14s Tau : 0.10

-------------------------------------Iter91-------------------------------------
Train: final loss=0.712523, aspect loss=0.039436, opinion loss=0.000000, domain loss=0.671774, sentiment loss=0.000000, reg loss=0.000000, step=167256
Dev:   final loss=0.168612, aspect loss=0.168612, opinion loss=0.000000, sentiment loss=0.000000, reg loss=0.000000, step=167256
Dev:   aspect f1=0.4806, opinion f1=0.0000, sentiment acc==0.0000, sentiment f1==0.0000, ABSA f1==0.0000,
Test:  aspect f1=0.4806, opinion f1=0.0000, sentiment acc==0.0000, sentiment f1==0.0000, ABSA f1==0.0000,
Current Max Metrics Index : 55 Current Min Loss Index : 17 Epoch Time: 0m 14s Tau : 0.10

-------------------------------------Iter92-------------------------------------
Train: final loss=0.712091, aspect loss=0.039080, opinion loss=0.000000, domain loss=0.672254, sentiment loss=0.000000, reg loss=0.000000, step=169074
Dev:   final loss=0.177999, aspect loss=0.177999, opinion loss=0.000000, sentiment loss=0.000000, reg loss=0.000000, step=169074
Dev:   aspect f1=0.4888, opinion f1=0.0000, sentiment acc==0.0000, sentiment f1==0.0000, ABSA f1==0.0000,
Test:  aspect f1=0.4888, opinion f1=0.0000, sentiment acc==0.0000, sentiment f1==0.0000, ABSA f1==0.0000,
Current Max Metrics Index : 55 Current Min Loss Index : 17 Epoch Time: 0m 14s Tau : 0.10

-------------------------------------Iter93-------------------------------------
Train: final loss=0.712055, aspect loss=0.038569, opinion loss=0.000000, domain loss=0.672368, sentiment loss=0.000000, reg loss=0.000000, step=170892
Dev:   final loss=0.172122, aspect loss=0.172122, opinion loss=0.000000, sentiment loss=0.000000, reg loss=0.000000, step=170892
Dev:   aspect f1=0.4820, opinion f1=0.0000, sentiment acc==0.0000, sentiment f1==0.0000, ABSA f1==0.0000,
Test:  aspect f1=0.4820, opinion f1=0.0000, sentiment acc==0.0000, sentiment f1==0.0000, ABSA f1==0.0000,
Current Max Metrics Index : 55 Current Min Loss Index : 17 Epoch Time: 0m 14s Tau : 0.10

-------------------------------------Iter94-------------------------------------
Train: final loss=0.711553, aspect loss=0.039589, opinion loss=0.000000, domain loss=0.672055, sentiment loss=0.000000, reg loss=0.000000, step=172710
Dev:   final loss=0.181366, aspect loss=0.181366, opinion loss=0.000000, sentiment loss=0.000000, reg loss=0.000000, step=172710
Dev:   aspect f1=0.4706, opinion f1=0.0000, sentiment acc==0.0000, sentiment f1==0.0000, ABSA f1==0.0000,
Test:  aspect f1=0.4706, opinion f1=0.0000, sentiment acc==0.0000, sentiment f1==0.0000, ABSA f1==0.0000,
Current Max Metrics Index : 55 Current Min Loss Index : 17 Epoch Time: 0m 14s Tau : 0.10

-------------------------------------Iter95-------------------------------------
Train: final loss=0.711536, aspect loss=0.038500, opinion loss=0.000000, domain loss=0.672208, sentiment loss=0.000000, reg loss=0.000000, step=174528
Dev:   final loss=0.177437, aspect loss=0.177437, opinion loss=0.000000, sentiment loss=0.000000, reg loss=0.000000, step=174528
Dev:   aspect f1=0.4649, opinion f1=0.0000, sentiment acc==0.0000, sentiment f1==0.0000, ABSA f1==0.0000,
Test:  aspect f1=0.4649, opinion f1=0.0000, sentiment acc==0.0000, sentiment f1==0.0000, ABSA f1==0.0000,
Current Max Metrics Index : 55 Current Min Loss Index : 17 Epoch Time: 0m 14s Tau : 0.10

-------------------------------------Iter96-------------------------------------
Train: final loss=0.710848, aspect loss=0.037631, opinion loss=0.000000, domain loss=0.671895, sentiment loss=0.000000, reg loss=0.000000, step=176346
Dev:   final loss=0.185417, aspect loss=0.185417, opinion loss=0.000000, sentiment loss=0.000000, reg loss=0.000000, step=176346
Dev:   aspect f1=0.4845, opinion f1=0.0000, sentiment acc==0.0000, sentiment f1==0.0000, ABSA f1==0.0000,
Test:  aspect f1=0.4845, opinion f1=0.0000, sentiment acc==0.0000, sentiment f1==0.0000, ABSA f1==0.0000,
Current Max Metrics Index : 55 Current Min Loss Index : 17 Epoch Time: 0m 14s Tau : 0.10

-------------------------------------Iter97-------------------------------------
Train: final loss=0.711535, aspect loss=0.038511, opinion loss=0.000000, domain loss=0.672156, sentiment loss=0.000000, reg loss=0.000000, step=178164
Dev:   final loss=0.179046, aspect loss=0.179046, opinion loss=0.000000, sentiment loss=0.000000, reg loss=0.000000, step=178164
Dev:   aspect f1=0.4496, opinion f1=0.0000, sentiment acc==0.0000, sentiment f1==0.0000, ABSA f1==0.0000,
Test:  aspect f1=0.4496, opinion f1=0.0000, sentiment acc==0.0000, sentiment f1==0.0000, ABSA f1==0.0000,
Current Max Metrics Index : 55 Current Min Loss Index : 17 Epoch Time: 0m 14s Tau : 0.10

-------------------------------------Iter98-------------------------------------
Train: final loss=0.710588, aspect loss=0.038279, opinion loss=0.000000, domain loss=0.671758, sentiment loss=0.000000, reg loss=0.000000, step=179982
Dev:   final loss=0.180851, aspect loss=0.180851, opinion loss=0.000000, sentiment loss=0.000000, reg loss=0.000000, step=179982
Dev:   aspect f1=0.4843, opinion f1=0.0000, sentiment acc==0.0000, sentiment f1==0.0000, ABSA f1==0.0000,
Test:  aspect f1=0.4843, opinion f1=0.0000, sentiment acc==0.0000, sentiment f1==0.0000, ABSA f1==0.0000,
Current Max Metrics Index : 55 Current Min Loss Index : 17 Epoch Time: 0m 14s Tau : 0.10

-------------------------------------Iter99-------------------------------------
Train: final loss=0.711688, aspect loss=0.038519, opinion loss=0.000000, domain loss=0.672269, sentiment loss=0.000000, reg loss=0.000000, step=181800
Dev:   final loss=0.174304, aspect loss=0.174304, opinion loss=0.000000, sentiment loss=0.000000, reg loss=0.000000, step=181800
Dev:   aspect f1=0.4526, opinion f1=0.0000, sentiment acc==0.0000, sentiment f1==0.0000, ABSA f1==0.0000,
Test:  aspect f1=0.4526, opinion f1=0.0000, sentiment acc==0.0000, sentiment f1==0.0000, ABSA f1==0.0000,
Current Max Metrics Index : 55 Current Min Loss Index : 17 Epoch Time: 0m 14s Tau : 0.10

--------------------------------Mission Complete--------------------------------
Dev Max Metrics Index: 55
aspect f1=50.19, opinion f1=0.00, sentiment acc==0.00, sentiment f1==0.00, ABSA f1==0.00,
Dev Min Loss Index: 17
aspect f1=46.30, opinion f1=0.00, sentiment acc==0.00, sentiment f1==0.00, ABSA f1==0.00,
Running Time: 24m 16s
