> log file: ./log/restaurant-to-laptop/[SynBridge]-210519-163821.log
cuda memory allocated: 10108928
n_trainable_params: 1431975, n_nontrainable_params: 1094700
> training arguments:
>>> source: restaurant
>>> target: laptop
>>> use_unlabel: 1
>>> use_syntactic: 1
>>> use_semantic: 0
>>> split: 1
>>> local_bert_path: F:\NLP\BERT-BASE-UNCASED
>>> model_name: DECNN
>>> batch_size: 8
>>> learning_rate: 0.0001
>>> lr_decay: 1e-05
>>> num_epoch: 100
>>> emb_dim: 100
>>> dep_dim: 50
>>> pos_dim: 50
>>> hidden_dim: 256
>>> keep_prob: 0.5
>>> l2_reg: 1e-05
>>> beta: 0.1
>>> kernel_size: 5
>>> hop_num: 2
>>> class_num: 3
>>> cluster_num: 200
>>> cate_num: 20
>>> seed: 111
>>> log_step: 5
>>> dynamic_gate: 1
>>> valset_num: 0
>>> reuse_embedding: 1
>>> optimizer: <class 'torch.optim.adam.Adam'>
>>> initializer: <function uniform_ at 0x7f23c964fc80>
>>> device: cuda:0
>>> ablation: None
>>> topk: 10
>>> name: [SynBridge]
>>> dataset_file: {'train': './data/restaurant/train1/', 'unlabel': './data/laptop/train1/', 'test': './data/laptop/test1/'}
>>> model_class: <class 'models.decnn_base.DECNN'>
>>> inputs_cols: ['sentence', 'mask', 'position', 'keep_prob']
>>> max_sentence_len: 110

-------------------------------------Iter0--------------------------------------
Train: final loss=0.851171, aspect loss=0.173783, opinion loss=0.000000, domain loss=0.676055, sentiment loss=0.000000, reg loss=0.000000, step=1818
Dev:   final loss=0.192897, aspect loss=0.192897, opinion loss=0.000000, sentiment loss=0.000000, reg loss=0.000000, step=1818
Dev:   aspect f1=0.3596, opinion f1=0.0000, sentiment acc==0.0000, sentiment f1==0.0000, ABSA f1==0.0000,
Test:  aspect f1=0.3596, opinion f1=0.0000, sentiment acc==0.0000, sentiment f1==0.0000, ABSA f1==0.0000,
Current Max Metrics Index : 0 Current Min Loss Index : 0 Epoch Time: 0m 15s Tau : 1.00
>> Checkpoint Saved: state_dict/restaurant-to-laptop/[SynBridge]-ATE-F1-0.3596.pth

-------------------------------------Iter1--------------------------------------
Train: final loss=0.783196, aspect loss=0.116058, opinion loss=0.000000, domain loss=0.665631, sentiment loss=0.000000, reg loss=0.000000, step=3636
Dev:   final loss=0.181543, aspect loss=0.181543, opinion loss=0.000000, sentiment loss=0.000000, reg loss=0.000000, step=3636
Dev:   aspect f1=0.4432, opinion f1=0.0000, sentiment acc==0.0000, sentiment f1==0.0000, ABSA f1==0.0000,
Test:  aspect f1=0.4432, opinion f1=0.0000, sentiment acc==0.0000, sentiment f1==0.0000, ABSA f1==0.0000,
Current Max Metrics Index : 1 Current Min Loss Index : 1 Epoch Time: 0m 15s Tau : 0.97
>> Checkpoint Saved: state_dict/restaurant-to-laptop/[SynBridge]-ATE-F1-0.4432.pth

-------------------------------------Iter2--------------------------------------
Train: final loss=0.770078, aspect loss=0.104065, opinion loss=0.000000, domain loss=0.665393, sentiment loss=0.000000, reg loss=0.000000, step=5454
Dev:   final loss=0.171991, aspect loss=0.171991, opinion loss=0.000000, sentiment loss=0.000000, reg loss=0.000000, step=5454
Dev:   aspect f1=0.4688, opinion f1=0.0000, sentiment acc==0.0000, sentiment f1==0.0000, ABSA f1==0.0000,
Test:  aspect f1=0.4688, opinion f1=0.0000, sentiment acc==0.0000, sentiment f1==0.0000, ABSA f1==0.0000,
Current Max Metrics Index : 2 Current Min Loss Index : 2 Epoch Time: 0m 15s Tau : 0.94
>> Checkpoint Saved: state_dict/restaurant-to-laptop/[SynBridge]-ATE-F1-0.4688.pth

-------------------------------------Iter3--------------------------------------
Train: final loss=0.762575, aspect loss=0.097619, opinion loss=0.000000, domain loss=0.664343, sentiment loss=0.000000, reg loss=0.000000, step=7272
Dev:   final loss=0.162709, aspect loss=0.162709, opinion loss=0.000000, sentiment loss=0.000000, reg loss=0.000000, step=7272
Dev:   aspect f1=0.4756, opinion f1=0.0000, sentiment acc==0.0000, sentiment f1==0.0000, ABSA f1==0.0000,
Test:  aspect f1=0.4756, opinion f1=0.0000, sentiment acc==0.0000, sentiment f1==0.0000, ABSA f1==0.0000,
Current Max Metrics Index : 3 Current Min Loss Index : 3 Epoch Time: 0m 14s Tau : 0.91
>> Checkpoint Saved: state_dict/restaurant-to-laptop/[SynBridge]-ATE-F1-0.4756.pth

-------------------------------------Iter4--------------------------------------
Train: final loss=0.761796, aspect loss=0.093031, opinion loss=0.000000, domain loss=0.667522, sentiment loss=0.000000, reg loss=0.000000, step=9090
Dev:   final loss=0.173741, aspect loss=0.173741, opinion loss=0.000000, sentiment loss=0.000000, reg loss=0.000000, step=9090
Dev:   aspect f1=0.4807, opinion f1=0.0000, sentiment acc==0.0000, sentiment f1==0.0000, ABSA f1==0.0000,
Test:  aspect f1=0.4807, opinion f1=0.0000, sentiment acc==0.0000, sentiment f1==0.0000, ABSA f1==0.0000,
Current Max Metrics Index : 4 Current Min Loss Index : 3 Epoch Time: 0m 15s Tau : 0.89
>> Checkpoint Saved: state_dict/restaurant-to-laptop/[SynBridge]-ATE-F1-0.4807.pth

-------------------------------------Iter5--------------------------------------
Train: final loss=0.760852, aspect loss=0.089601, opinion loss=0.000000, domain loss=0.670220, sentiment loss=0.000000, reg loss=0.000000, step=10908
Dev:   final loss=0.162056, aspect loss=0.162056, opinion loss=0.000000, sentiment loss=0.000000, reg loss=0.000000, step=10908
Dev:   aspect f1=0.4868, opinion f1=0.0000, sentiment acc==0.0000, sentiment f1==0.0000, ABSA f1==0.0000,
Test:  aspect f1=0.4868, opinion f1=0.0000, sentiment acc==0.0000, sentiment f1==0.0000, ABSA f1==0.0000,
Current Max Metrics Index : 5 Current Min Loss Index : 5 Epoch Time: 0m 15s Tau : 0.86
>> Checkpoint Saved: state_dict/restaurant-to-laptop/[SynBridge]-ATE-F1-0.4868.pth

-------------------------------------Iter6--------------------------------------
Train: final loss=0.756337, aspect loss=0.086019, opinion loss=0.000000, domain loss=0.669500, sentiment loss=0.000000, reg loss=0.000000, step=12726
Dev:   final loss=0.164079, aspect loss=0.164079, opinion loss=0.000000, sentiment loss=0.000000, reg loss=0.000000, step=12726
Dev:   aspect f1=0.4888, opinion f1=0.0000, sentiment acc==0.0000, sentiment f1==0.0000, ABSA f1==0.0000,
Test:  aspect f1=0.4888, opinion f1=0.0000, sentiment acc==0.0000, sentiment f1==0.0000, ABSA f1==0.0000,
Current Max Metrics Index : 6 Current Min Loss Index : 5 Epoch Time: 0m 15s Tau : 0.84
>> Checkpoint Saved: state_dict/restaurant-to-laptop/[SynBridge]-ATE-F1-0.4888.pth

-------------------------------------Iter7--------------------------------------
Train: final loss=0.755885, aspect loss=0.083081, opinion loss=0.000000, domain loss=0.671724, sentiment loss=0.000000, reg loss=0.000000, step=14544
Dev:   final loss=0.157053, aspect loss=0.157053, opinion loss=0.000000, sentiment loss=0.000000, reg loss=0.000000, step=14544
Dev:   aspect f1=0.4850, opinion f1=0.0000, sentiment acc==0.0000, sentiment f1==0.0000, ABSA f1==0.0000,
Test:  aspect f1=0.4850, opinion f1=0.0000, sentiment acc==0.0000, sentiment f1==0.0000, ABSA f1==0.0000,
Current Max Metrics Index : 6 Current Min Loss Index : 7 Epoch Time: 0m 15s Tau : 0.81

-------------------------------------Iter8--------------------------------------
Train: final loss=0.755628, aspect loss=0.081909, opinion loss=0.000000, domain loss=0.672080, sentiment loss=0.000000, reg loss=0.000000, step=16362
Dev:   final loss=0.156556, aspect loss=0.156556, opinion loss=0.000000, sentiment loss=0.000000, reg loss=0.000000, step=16362
Dev:   aspect f1=0.4457, opinion f1=0.0000, sentiment acc==0.0000, sentiment f1==0.0000, ABSA f1==0.0000,
Test:  aspect f1=0.4457, opinion f1=0.0000, sentiment acc==0.0000, sentiment f1==0.0000, ABSA f1==0.0000,
Current Max Metrics Index : 6 Current Min Loss Index : 8 Epoch Time: 0m 15s Tau : 0.79

-------------------------------------Iter9--------------------------------------
Train: final loss=0.751777, aspect loss=0.080061, opinion loss=0.000000, domain loss=0.671261, sentiment loss=0.000000, reg loss=0.000000, step=18180
Dev:   final loss=0.150622, aspect loss=0.150622, opinion loss=0.000000, sentiment loss=0.000000, reg loss=0.000000, step=18180
Dev:   aspect f1=0.4784, opinion f1=0.0000, sentiment acc==0.0000, sentiment f1==0.0000, ABSA f1==0.0000,
Test:  aspect f1=0.4784, opinion f1=0.0000, sentiment acc==0.0000, sentiment f1==0.0000, ABSA f1==0.0000,
Current Max Metrics Index : 6 Current Min Loss Index : 9 Epoch Time: 0m 15s Tau : 0.76

-------------------------------------Iter10-------------------------------------
Train: final loss=0.752859, aspect loss=0.079350, opinion loss=0.000000, domain loss=0.672670, sentiment loss=0.000000, reg loss=0.000000, step=19998
Dev:   final loss=0.152871, aspect loss=0.152871, opinion loss=0.000000, sentiment loss=0.000000, reg loss=0.000000, step=19998
Dev:   aspect f1=0.4435, opinion f1=0.0000, sentiment acc==0.0000, sentiment f1==0.0000, ABSA f1==0.0000,
Test:  aspect f1=0.4435, opinion f1=0.0000, sentiment acc==0.0000, sentiment f1==0.0000, ABSA f1==0.0000,
Current Max Metrics Index : 6 Current Min Loss Index : 9 Epoch Time: 0m 15s Tau : 0.74

-------------------------------------Iter11-------------------------------------
Train: final loss=0.749742, aspect loss=0.076726, opinion loss=0.000000, domain loss=0.671793, sentiment loss=0.000000, reg loss=0.000000, step=21816
Dev:   final loss=0.151470, aspect loss=0.151470, opinion loss=0.000000, sentiment loss=0.000000, reg loss=0.000000, step=21816
Dev:   aspect f1=0.4949, opinion f1=0.0000, sentiment acc==0.0000, sentiment f1==0.0000, ABSA f1==0.0000,
Test:  aspect f1=0.4949, opinion f1=0.0000, sentiment acc==0.0000, sentiment f1==0.0000, ABSA f1==0.0000,
Current Max Metrics Index : 11 Current Min Loss Index : 9 Epoch Time: 0m 14s Tau : 0.72
>> Checkpoint Saved: state_dict/restaurant-to-laptop/[SynBridge]-ATE-F1-0.4949.pth

-------------------------------------Iter12-------------------------------------
Train: final loss=0.747683, aspect loss=0.074999, opinion loss=0.000000, domain loss=0.672046, sentiment loss=0.000000, reg loss=0.000000, step=23634
Dev:   final loss=0.151906, aspect loss=0.151906, opinion loss=0.000000, sentiment loss=0.000000, reg loss=0.000000, step=23634
Dev:   aspect f1=0.4931, opinion f1=0.0000, sentiment acc==0.0000, sentiment f1==0.0000, ABSA f1==0.0000,
Test:  aspect f1=0.4931, opinion f1=0.0000, sentiment acc==0.0000, sentiment f1==0.0000, ABSA f1==0.0000,
Current Max Metrics Index : 11 Current Min Loss Index : 9 Epoch Time: 0m 14s Tau : 0.70

-------------------------------------Iter13-------------------------------------
Train: final loss=0.746788, aspect loss=0.073559, opinion loss=0.000000, domain loss=0.672278, sentiment loss=0.000000, reg loss=0.000000, step=25452
Dev:   final loss=0.149166, aspect loss=0.149166, opinion loss=0.000000, sentiment loss=0.000000, reg loss=0.000000, step=25452
Dev:   aspect f1=0.4707, opinion f1=0.0000, sentiment acc==0.0000, sentiment f1==0.0000, ABSA f1==0.0000,
Test:  aspect f1=0.4707, opinion f1=0.0000, sentiment acc==0.0000, sentiment f1==0.0000, ABSA f1==0.0000,
Current Max Metrics Index : 11 Current Min Loss Index : 13 Epoch Time: 0m 15s Tau : 0.68

-------------------------------------Iter14-------------------------------------
Train: final loss=0.746237, aspect loss=0.073385, opinion loss=0.000000, domain loss=0.671415, sentiment loss=0.000000, reg loss=0.000000, step=27270
Dev:   final loss=0.155147, aspect loss=0.155147, opinion loss=0.000000, sentiment loss=0.000000, reg loss=0.000000, step=27270
Dev:   aspect f1=0.5233, opinion f1=0.0000, sentiment acc==0.0000, sentiment f1==0.0000, ABSA f1==0.0000,
Test:  aspect f1=0.5233, opinion f1=0.0000, sentiment acc==0.0000, sentiment f1==0.0000, ABSA f1==0.0000,
Current Max Metrics Index : 14 Current Min Loss Index : 13 Epoch Time: 0m 15s Tau : 0.66
>> Checkpoint Saved: state_dict/restaurant-to-laptop/[SynBridge]-ATE-F1-0.5233.pth

-------------------------------------Iter15-------------------------------------
Train: final loss=0.745043, aspect loss=0.071806, opinion loss=0.000000, domain loss=0.672115, sentiment loss=0.000000, reg loss=0.000000, step=29088
Dev:   final loss=0.149303, aspect loss=0.149303, opinion loss=0.000000, sentiment loss=0.000000, reg loss=0.000000, step=29088
Dev:   aspect f1=0.4673, opinion f1=0.0000, sentiment acc==0.0000, sentiment f1==0.0000, ABSA f1==0.0000,
Test:  aspect f1=0.4673, opinion f1=0.0000, sentiment acc==0.0000, sentiment f1==0.0000, ABSA f1==0.0000,
Current Max Metrics Index : 14 Current Min Loss Index : 13 Epoch Time: 0m 15s Tau : 0.64

-------------------------------------Iter16-------------------------------------
Train: final loss=0.743937, aspect loss=0.070732, opinion loss=0.000000, domain loss=0.672090, sentiment loss=0.000000, reg loss=0.000000, step=30906
Dev:   final loss=0.148804, aspect loss=0.148804, opinion loss=0.000000, sentiment loss=0.000000, reg loss=0.000000, step=30906
Dev:   aspect f1=0.4879, opinion f1=0.0000, sentiment acc==0.0000, sentiment f1==0.0000, ABSA f1==0.0000,
Test:  aspect f1=0.4879, opinion f1=0.0000, sentiment acc==0.0000, sentiment f1==0.0000, ABSA f1==0.0000,
Current Max Metrics Index : 14 Current Min Loss Index : 16 Epoch Time: 0m 15s Tau : 0.62

-------------------------------------Iter17-------------------------------------
Train: final loss=0.742566, aspect loss=0.069665, opinion loss=0.000000, domain loss=0.672057, sentiment loss=0.000000, reg loss=0.000000, step=32724
Dev:   final loss=0.154397, aspect loss=0.154397, opinion loss=0.000000, sentiment loss=0.000000, reg loss=0.000000, step=32724
Dev:   aspect f1=0.4717, opinion f1=0.0000, sentiment acc==0.0000, sentiment f1==0.0000, ABSA f1==0.0000,
Test:  aspect f1=0.4717, opinion f1=0.0000, sentiment acc==0.0000, sentiment f1==0.0000, ABSA f1==0.0000,
Current Max Metrics Index : 14 Current Min Loss Index : 16 Epoch Time: 0m 15s Tau : 0.60

-------------------------------------Iter18-------------------------------------
Train: final loss=0.740182, aspect loss=0.067509, opinion loss=0.000000, domain loss=0.672135, sentiment loss=0.000000, reg loss=0.000000, step=34542
Dev:   final loss=0.153557, aspect loss=0.153557, opinion loss=0.000000, sentiment loss=0.000000, reg loss=0.000000, step=34542
Dev:   aspect f1=0.5004, opinion f1=0.0000, sentiment acc==0.0000, sentiment f1==0.0000, ABSA f1==0.0000,
Test:  aspect f1=0.5004, opinion f1=0.0000, sentiment acc==0.0000, sentiment f1==0.0000, ABSA f1==0.0000,
Current Max Metrics Index : 14 Current Min Loss Index : 16 Epoch Time: 0m 15s Tau : 0.58

-------------------------------------Iter19-------------------------------------
Train: final loss=0.740411, aspect loss=0.067184, opinion loss=0.000000, domain loss=0.671944, sentiment loss=0.000000, reg loss=0.000000, step=36360
Dev:   final loss=0.155519, aspect loss=0.155519, opinion loss=0.000000, sentiment loss=0.000000, reg loss=0.000000, step=36360
Dev:   aspect f1=0.4606, opinion f1=0.0000, sentiment acc==0.0000, sentiment f1==0.0000, ABSA f1==0.0000,
Test:  aspect f1=0.4606, opinion f1=0.0000, sentiment acc==0.0000, sentiment f1==0.0000, ABSA f1==0.0000,
Current Max Metrics Index : 14 Current Min Loss Index : 16 Epoch Time: 0m 15s Tau : 0.57

-------------------------------------Iter20-------------------------------------
Train: final loss=0.739751, aspect loss=0.065904, opinion loss=0.000000, domain loss=0.672257, sentiment loss=0.000000, reg loss=0.000000, step=38178
Dev:   final loss=0.150555, aspect loss=0.150555, opinion loss=0.000000, sentiment loss=0.000000, reg loss=0.000000, step=38178
Dev:   aspect f1=0.5129, opinion f1=0.0000, sentiment acc==0.0000, sentiment f1==0.0000, ABSA f1==0.0000,
Test:  aspect f1=0.5129, opinion f1=0.0000, sentiment acc==0.0000, sentiment f1==0.0000, ABSA f1==0.0000,
Current Max Metrics Index : 14 Current Min Loss Index : 16 Epoch Time: 0m 15s Tau : 0.55

-------------------------------------Iter21-------------------------------------
Train: final loss=0.739250, aspect loss=0.065539, opinion loss=0.000000, domain loss=0.671931, sentiment loss=0.000000, reg loss=0.000000, step=39996
Dev:   final loss=0.150327, aspect loss=0.150327, opinion loss=0.000000, sentiment loss=0.000000, reg loss=0.000000, step=39996
Dev:   aspect f1=0.4841, opinion f1=0.0000, sentiment acc==0.0000, sentiment f1==0.0000, ABSA f1==0.0000,
Test:  aspect f1=0.4841, opinion f1=0.0000, sentiment acc==0.0000, sentiment f1==0.0000, ABSA f1==0.0000,
Current Max Metrics Index : 14 Current Min Loss Index : 16 Epoch Time: 0m 14s Tau : 0.53

-------------------------------------Iter22-------------------------------------
Train: final loss=0.737989, aspect loss=0.063839, opinion loss=0.000000, domain loss=0.672117, sentiment loss=0.000000, reg loss=0.000000, step=41814
Dev:   final loss=0.152508, aspect loss=0.152508, opinion loss=0.000000, sentiment loss=0.000000, reg loss=0.000000, step=41814
Dev:   aspect f1=0.5152, opinion f1=0.0000, sentiment acc==0.0000, sentiment f1==0.0000, ABSA f1==0.0000,
Test:  aspect f1=0.5152, opinion f1=0.0000, sentiment acc==0.0000, sentiment f1==0.0000, ABSA f1==0.0000,
Current Max Metrics Index : 14 Current Min Loss Index : 16 Epoch Time: 0m 15s Tau : 0.52

-------------------------------------Iter23-------------------------------------
Train: final loss=0.736899, aspect loss=0.063890, opinion loss=0.000000, domain loss=0.672079, sentiment loss=0.000000, reg loss=0.000000, step=43632
Dev:   final loss=0.148158, aspect loss=0.148158, opinion loss=0.000000, sentiment loss=0.000000, reg loss=0.000000, step=43632
Dev:   aspect f1=0.4744, opinion f1=0.0000, sentiment acc==0.0000, sentiment f1==0.0000, ABSA f1==0.0000,
Test:  aspect f1=0.4744, opinion f1=0.0000, sentiment acc==0.0000, sentiment f1==0.0000, ABSA f1==0.0000,
Current Max Metrics Index : 14 Current Min Loss Index : 23 Epoch Time: 0m 14s Tau : 0.50

-------------------------------------Iter24-------------------------------------
Train: final loss=0.736208, aspect loss=0.062847, opinion loss=0.000000, domain loss=0.672293, sentiment loss=0.000000, reg loss=0.000000, step=45450
Dev:   final loss=0.153294, aspect loss=0.153294, opinion loss=0.000000, sentiment loss=0.000000, reg loss=0.000000, step=45450
Dev:   aspect f1=0.4978, opinion f1=0.0000, sentiment acc==0.0000, sentiment f1==0.0000, ABSA f1==0.0000,
Test:  aspect f1=0.4978, opinion f1=0.0000, sentiment acc==0.0000, sentiment f1==0.0000, ABSA f1==0.0000,
Current Max Metrics Index : 14 Current Min Loss Index : 23 Epoch Time: 0m 15s Tau : 0.49

-------------------------------------Iter25-------------------------------------
Train: final loss=0.735594, aspect loss=0.061991, opinion loss=0.000000, domain loss=0.672360, sentiment loss=0.000000, reg loss=0.000000, step=47268
Dev:   final loss=0.151267, aspect loss=0.151267, opinion loss=0.000000, sentiment loss=0.000000, reg loss=0.000000, step=47268
Dev:   aspect f1=0.5091, opinion f1=0.0000, sentiment acc==0.0000, sentiment f1==0.0000, ABSA f1==0.0000,
Test:  aspect f1=0.5091, opinion f1=0.0000, sentiment acc==0.0000, sentiment f1==0.0000, ABSA f1==0.0000,
Current Max Metrics Index : 14 Current Min Loss Index : 23 Epoch Time: 0m 15s Tau : 0.47

-------------------------------------Iter26-------------------------------------
Train: final loss=0.732882, aspect loss=0.061476, opinion loss=0.000000, domain loss=0.672043, sentiment loss=0.000000, reg loss=0.000000, step=49086
Dev:   final loss=0.149918, aspect loss=0.149918, opinion loss=0.000000, sentiment loss=0.000000, reg loss=0.000000, step=49086
Dev:   aspect f1=0.5050, opinion f1=0.0000, sentiment acc==0.0000, sentiment f1==0.0000, ABSA f1==0.0000,
Test:  aspect f1=0.5050, opinion f1=0.0000, sentiment acc==0.0000, sentiment f1==0.0000, ABSA f1==0.0000,
Current Max Metrics Index : 14 Current Min Loss Index : 23 Epoch Time: 0m 15s Tau : 0.46

-------------------------------------Iter27-------------------------------------
Train: final loss=0.733818, aspect loss=0.060658, opinion loss=0.000000, domain loss=0.671977, sentiment loss=0.000000, reg loss=0.000000, step=50904
Dev:   final loss=0.150704, aspect loss=0.150704, opinion loss=0.000000, sentiment loss=0.000000, reg loss=0.000000, step=50904
Dev:   aspect f1=0.5151, opinion f1=0.0000, sentiment acc==0.0000, sentiment f1==0.0000, ABSA f1==0.0000,
Test:  aspect f1=0.5151, opinion f1=0.0000, sentiment acc==0.0000, sentiment f1==0.0000, ABSA f1==0.0000,
Current Max Metrics Index : 14 Current Min Loss Index : 23 Epoch Time: 0m 15s Tau : 0.44

-------------------------------------Iter28-------------------------------------
Train: final loss=0.732769, aspect loss=0.060092, opinion loss=0.000000, domain loss=0.671779, sentiment loss=0.000000, reg loss=0.000000, step=52722
Dev:   final loss=0.151693, aspect loss=0.151693, opinion loss=0.000000, sentiment loss=0.000000, reg loss=0.000000, step=52722
Dev:   aspect f1=0.5365, opinion f1=0.0000, sentiment acc==0.0000, sentiment f1==0.0000, ABSA f1==0.0000,
Test:  aspect f1=0.5365, opinion f1=0.0000, sentiment acc==0.0000, sentiment f1==0.0000, ABSA f1==0.0000,
Current Max Metrics Index : 28 Current Min Loss Index : 23 Epoch Time: 0m 15s Tau : 0.43
>> Checkpoint Saved: state_dict/restaurant-to-laptop/[SynBridge]-ATE-F1-0.5365.pth

-------------------------------------Iter29-------------------------------------
Train: final loss=0.733337, aspect loss=0.058978, opinion loss=0.000000, domain loss=0.672026, sentiment loss=0.000000, reg loss=0.000000, step=54540
Dev:   final loss=0.150685, aspect loss=0.150685, opinion loss=0.000000, sentiment loss=0.000000, reg loss=0.000000, step=54540
Dev:   aspect f1=0.5266, opinion f1=0.0000, sentiment acc==0.0000, sentiment f1==0.0000, ABSA f1==0.0000,
Test:  aspect f1=0.5266, opinion f1=0.0000, sentiment acc==0.0000, sentiment f1==0.0000, ABSA f1==0.0000,
Current Max Metrics Index : 28 Current Min Loss Index : 23 Epoch Time: 0m 15s Tau : 0.42

-------------------------------------Iter30-------------------------------------
Train: final loss=0.732436, aspect loss=0.058671, opinion loss=0.000000, domain loss=0.671958, sentiment loss=0.000000, reg loss=0.000000, step=56358
Dev:   final loss=0.161378, aspect loss=0.161378, opinion loss=0.000000, sentiment loss=0.000000, reg loss=0.000000, step=56358
Dev:   aspect f1=0.5242, opinion f1=0.0000, sentiment acc==0.0000, sentiment f1==0.0000, ABSA f1==0.0000,
Test:  aspect f1=0.5242, opinion f1=0.0000, sentiment acc==0.0000, sentiment f1==0.0000, ABSA f1==0.0000,
Current Max Metrics Index : 28 Current Min Loss Index : 23 Epoch Time: 0m 14s Tau : 0.41

-------------------------------------Iter31-------------------------------------
Train: final loss=0.730679, aspect loss=0.058123, opinion loss=0.000000, domain loss=0.671601, sentiment loss=0.000000, reg loss=0.000000, step=58176
Dev:   final loss=0.151856, aspect loss=0.151856, opinion loss=0.000000, sentiment loss=0.000000, reg loss=0.000000, step=58176
Dev:   aspect f1=0.5216, opinion f1=0.0000, sentiment acc==0.0000, sentiment f1==0.0000, ABSA f1==0.0000,
Test:  aspect f1=0.5216, opinion f1=0.0000, sentiment acc==0.0000, sentiment f1==0.0000, ABSA f1==0.0000,
Current Max Metrics Index : 28 Current Min Loss Index : 23 Epoch Time: 0m 14s Tau : 0.39

-------------------------------------Iter32-------------------------------------
Train: final loss=0.729678, aspect loss=0.057170, opinion loss=0.000000, domain loss=0.671974, sentiment loss=0.000000, reg loss=0.000000, step=59994
Dev:   final loss=0.154055, aspect loss=0.154055, opinion loss=0.000000, sentiment loss=0.000000, reg loss=0.000000, step=59994
Dev:   aspect f1=0.5068, opinion f1=0.0000, sentiment acc==0.0000, sentiment f1==0.0000, ABSA f1==0.0000,
Test:  aspect f1=0.5068, opinion f1=0.0000, sentiment acc==0.0000, sentiment f1==0.0000, ABSA f1==0.0000,
Current Max Metrics Index : 28 Current Min Loss Index : 23 Epoch Time: 0m 15s Tau : 0.38

-------------------------------------Iter33-------------------------------------
Train: final loss=0.729651, aspect loss=0.056530, opinion loss=0.000000, domain loss=0.671999, sentiment loss=0.000000, reg loss=0.000000, step=61812
Dev:   final loss=0.150198, aspect loss=0.150198, opinion loss=0.000000, sentiment loss=0.000000, reg loss=0.000000, step=61812
Dev:   aspect f1=0.5015, opinion f1=0.0000, sentiment acc==0.0000, sentiment f1==0.0000, ABSA f1==0.0000,
Test:  aspect f1=0.5015, opinion f1=0.0000, sentiment acc==0.0000, sentiment f1==0.0000, ABSA f1==0.0000,
Current Max Metrics Index : 28 Current Min Loss Index : 23 Epoch Time: 0m 15s Tau : 0.37

-------------------------------------Iter34-------------------------------------
Train: final loss=0.728446, aspect loss=0.056164, opinion loss=0.000000, domain loss=0.672109, sentiment loss=0.000000, reg loss=0.000000, step=63630
Dev:   final loss=0.152378, aspect loss=0.152378, opinion loss=0.000000, sentiment loss=0.000000, reg loss=0.000000, step=63630
Dev:   aspect f1=0.4893, opinion f1=0.0000, sentiment acc==0.0000, sentiment f1==0.0000, ABSA f1==0.0000,
Test:  aspect f1=0.4893, opinion f1=0.0000, sentiment acc==0.0000, sentiment f1==0.0000, ABSA f1==0.0000,
Current Max Metrics Index : 28 Current Min Loss Index : 23 Epoch Time: 0m 15s Tau : 0.36

-------------------------------------Iter35-------------------------------------
Train: final loss=0.730138, aspect loss=0.056481, opinion loss=0.000000, domain loss=0.671880, sentiment loss=0.000000, reg loss=0.000000, step=65448
Dev:   final loss=0.155342, aspect loss=0.155342, opinion loss=0.000000, sentiment loss=0.000000, reg loss=0.000000, step=65448
Dev:   aspect f1=0.4727, opinion f1=0.0000, sentiment acc==0.0000, sentiment f1==0.0000, ABSA f1==0.0000,
Test:  aspect f1=0.4727, opinion f1=0.0000, sentiment acc==0.0000, sentiment f1==0.0000, ABSA f1==0.0000,
Current Max Metrics Index : 28 Current Min Loss Index : 23 Epoch Time: 0m 15s Tau : 0.35

-------------------------------------Iter36-------------------------------------
Train: final loss=0.727540, aspect loss=0.054983, opinion loss=0.000000, domain loss=0.671473, sentiment loss=0.000000, reg loss=0.000000, step=67266
Dev:   final loss=0.153588, aspect loss=0.153588, opinion loss=0.000000, sentiment loss=0.000000, reg loss=0.000000, step=67266
Dev:   aspect f1=0.4907, opinion f1=0.0000, sentiment acc==0.0000, sentiment f1==0.0000, ABSA f1==0.0000,
Test:  aspect f1=0.4907, opinion f1=0.0000, sentiment acc==0.0000, sentiment f1==0.0000, ABSA f1==0.0000,
Current Max Metrics Index : 28 Current Min Loss Index : 23 Epoch Time: 0m 15s Tau : 0.34

-------------------------------------Iter37-------------------------------------
Train: final loss=0.727732, aspect loss=0.054118, opinion loss=0.000000, domain loss=0.672195, sentiment loss=0.000000, reg loss=0.000000, step=69084
Dev:   final loss=0.153869, aspect loss=0.153869, opinion loss=0.000000, sentiment loss=0.000000, reg loss=0.000000, step=69084
Dev:   aspect f1=0.4932, opinion f1=0.0000, sentiment acc==0.0000, sentiment f1==0.0000, ABSA f1==0.0000,
Test:  aspect f1=0.4932, opinion f1=0.0000, sentiment acc==0.0000, sentiment f1==0.0000, ABSA f1==0.0000,
Current Max Metrics Index : 28 Current Min Loss Index : 23 Epoch Time: 0m 15s Tau : 0.33

-------------------------------------Iter38-------------------------------------
Train: final loss=0.727008, aspect loss=0.053084, opinion loss=0.000000, domain loss=0.672915, sentiment loss=0.000000, reg loss=0.000000, step=70902
Dev:   final loss=0.159025, aspect loss=0.159025, opinion loss=0.000000, sentiment loss=0.000000, reg loss=0.000000, step=70902
Dev:   aspect f1=0.5011, opinion f1=0.0000, sentiment acc==0.0000, sentiment f1==0.0000, ABSA f1==0.0000,
Test:  aspect f1=0.5011, opinion f1=0.0000, sentiment acc==0.0000, sentiment f1==0.0000, ABSA f1==0.0000,
Current Max Metrics Index : 28 Current Min Loss Index : 23 Epoch Time: 0m 15s Tau : 0.32

-------------------------------------Iter39-------------------------------------
Train: final loss=0.727220, aspect loss=0.053570, opinion loss=0.000000, domain loss=0.672272, sentiment loss=0.000000, reg loss=0.000000, step=72720
Dev:   final loss=0.155980, aspect loss=0.155980, opinion loss=0.000000, sentiment loss=0.000000, reg loss=0.000000, step=72720
Dev:   aspect f1=0.5183, opinion f1=0.0000, sentiment acc==0.0000, sentiment f1==0.0000, ABSA f1==0.0000,
Test:  aspect f1=0.5183, opinion f1=0.0000, sentiment acc==0.0000, sentiment f1==0.0000, ABSA f1==0.0000,
Current Max Metrics Index : 28 Current Min Loss Index : 23 Epoch Time: 0m 15s Tau : 0.31

-------------------------------------Iter40-------------------------------------
Train: final loss=0.726181, aspect loss=0.052913, opinion loss=0.000000, domain loss=0.672288, sentiment loss=0.000000, reg loss=0.000000, step=74538
Dev:   final loss=0.159355, aspect loss=0.159355, opinion loss=0.000000, sentiment loss=0.000000, reg loss=0.000000, step=74538
Dev:   aspect f1=0.4973, opinion f1=0.0000, sentiment acc==0.0000, sentiment f1==0.0000, ABSA f1==0.0000,
Test:  aspect f1=0.4973, opinion f1=0.0000, sentiment acc==0.0000, sentiment f1==0.0000, ABSA f1==0.0000,
Current Max Metrics Index : 28 Current Min Loss Index : 23 Epoch Time: 0m 15s Tau : 0.30

-------------------------------------Iter41-------------------------------------
Train: final loss=0.725017, aspect loss=0.051504, opinion loss=0.000000, domain loss=0.672126, sentiment loss=0.000000, reg loss=0.000000, step=76356
Dev:   final loss=0.161722, aspect loss=0.161722, opinion loss=0.000000, sentiment loss=0.000000, reg loss=0.000000, step=76356
Dev:   aspect f1=0.5110, opinion f1=0.0000, sentiment acc==0.0000, sentiment f1==0.0000, ABSA f1==0.0000,
Test:  aspect f1=0.5110, opinion f1=0.0000, sentiment acc==0.0000, sentiment f1==0.0000, ABSA f1==0.0000,
Current Max Metrics Index : 28 Current Min Loss Index : 23 Epoch Time: 0m 15s Tau : 0.29

-------------------------------------Iter42-------------------------------------
Train: final loss=0.724069, aspect loss=0.051540, opinion loss=0.000000, domain loss=0.671494, sentiment loss=0.000000, reg loss=0.000000, step=78174
Dev:   final loss=0.161413, aspect loss=0.161413, opinion loss=0.000000, sentiment loss=0.000000, reg loss=0.000000, step=78174
Dev:   aspect f1=0.5075, opinion f1=0.0000, sentiment acc==0.0000, sentiment f1==0.0000, ABSA f1==0.0000,
Test:  aspect f1=0.5075, opinion f1=0.0000, sentiment acc==0.0000, sentiment f1==0.0000, ABSA f1==0.0000,
Current Max Metrics Index : 28 Current Min Loss Index : 23 Epoch Time: 0m 15s Tau : 0.28

-------------------------------------Iter43-------------------------------------
Train: final loss=0.725909, aspect loss=0.052256, opinion loss=0.000000, domain loss=0.672242, sentiment loss=0.000000, reg loss=0.000000, step=79992
Dev:   final loss=0.158759, aspect loss=0.158759, opinion loss=0.000000, sentiment loss=0.000000, reg loss=0.000000, step=79992
Dev:   aspect f1=0.5307, opinion f1=0.0000, sentiment acc==0.0000, sentiment f1==0.0000, ABSA f1==0.0000,
Test:  aspect f1=0.5307, opinion f1=0.0000, sentiment acc==0.0000, sentiment f1==0.0000, ABSA f1==0.0000,
Current Max Metrics Index : 28 Current Min Loss Index : 23 Epoch Time: 0m 15s Tau : 0.28

-------------------------------------Iter44-------------------------------------
Train: final loss=0.723652, aspect loss=0.051263, opinion loss=0.000000, domain loss=0.671717, sentiment loss=0.000000, reg loss=0.000000, step=81810
Dev:   final loss=0.160714, aspect loss=0.160714, opinion loss=0.000000, sentiment loss=0.000000, reg loss=0.000000, step=81810
Dev:   aspect f1=0.5213, opinion f1=0.0000, sentiment acc==0.0000, sentiment f1==0.0000, ABSA f1==0.0000,
Test:  aspect f1=0.5213, opinion f1=0.0000, sentiment acc==0.0000, sentiment f1==0.0000, ABSA f1==0.0000,
Current Max Metrics Index : 28 Current Min Loss Index : 23 Epoch Time: 0m 15s Tau : 0.27

-------------------------------------Iter45-------------------------------------
Train: final loss=0.724888, aspect loss=0.051373, opinion loss=0.000000, domain loss=0.672161, sentiment loss=0.000000, reg loss=0.000000, step=83628
Dev:   final loss=0.164243, aspect loss=0.164243, opinion loss=0.000000, sentiment loss=0.000000, reg loss=0.000000, step=83628
Dev:   aspect f1=0.4975, opinion f1=0.0000, sentiment acc==0.0000, sentiment f1==0.0000, ABSA f1==0.0000,
Test:  aspect f1=0.4975, opinion f1=0.0000, sentiment acc==0.0000, sentiment f1==0.0000, ABSA f1==0.0000,
Current Max Metrics Index : 28 Current Min Loss Index : 23 Epoch Time: 0m 14s Tau : 0.26

-------------------------------------Iter46-------------------------------------
Train: final loss=0.723996, aspect loss=0.051036, opinion loss=0.000000, domain loss=0.671912, sentiment loss=0.000000, reg loss=0.000000, step=85446
Dev:   final loss=0.157559, aspect loss=0.157559, opinion loss=0.000000, sentiment loss=0.000000, reg loss=0.000000, step=85446
Dev:   aspect f1=0.5221, opinion f1=0.0000, sentiment acc==0.0000, sentiment f1==0.0000, ABSA f1==0.0000,
Test:  aspect f1=0.5221, opinion f1=0.0000, sentiment acc==0.0000, sentiment f1==0.0000, ABSA f1==0.0000,
Current Max Metrics Index : 28 Current Min Loss Index : 23 Epoch Time: 0m 14s Tau : 0.25

-------------------------------------Iter47-------------------------------------
Train: final loss=0.722988, aspect loss=0.050068, opinion loss=0.000000, domain loss=0.672275, sentiment loss=0.000000, reg loss=0.000000, step=87264
Dev:   final loss=0.159066, aspect loss=0.159066, opinion loss=0.000000, sentiment loss=0.000000, reg loss=0.000000, step=87264
Dev:   aspect f1=0.5064, opinion f1=0.0000, sentiment acc==0.0000, sentiment f1==0.0000, ABSA f1==0.0000,
Test:  aspect f1=0.5064, opinion f1=0.0000, sentiment acc==0.0000, sentiment f1==0.0000, ABSA f1==0.0000,
Current Max Metrics Index : 28 Current Min Loss Index : 23 Epoch Time: 0m 15s Tau : 0.24

-------------------------------------Iter48-------------------------------------
Train: final loss=0.721934, aspect loss=0.048775, opinion loss=0.000000, domain loss=0.671938, sentiment loss=0.000000, reg loss=0.000000, step=89082
Dev:   final loss=0.161550, aspect loss=0.161550, opinion loss=0.000000, sentiment loss=0.000000, reg loss=0.000000, step=89082
Dev:   aspect f1=0.5183, opinion f1=0.0000, sentiment acc==0.0000, sentiment f1==0.0000, ABSA f1==0.0000,
Test:  aspect f1=0.5183, opinion f1=0.0000, sentiment acc==0.0000, sentiment f1==0.0000, ABSA f1==0.0000,
Current Max Metrics Index : 28 Current Min Loss Index : 23 Epoch Time: 0m 14s Tau : 0.24

-------------------------------------Iter49-------------------------------------
Train: final loss=0.723006, aspect loss=0.049719, opinion loss=0.000000, domain loss=0.672185, sentiment loss=0.000000, reg loss=0.000000, step=90900
Dev:   final loss=0.162917, aspect loss=0.162917, opinion loss=0.000000, sentiment loss=0.000000, reg loss=0.000000, step=90900
Dev:   aspect f1=0.4876, opinion f1=0.0000, sentiment acc==0.0000, sentiment f1==0.0000, ABSA f1==0.0000,
Test:  aspect f1=0.4876, opinion f1=0.0000, sentiment acc==0.0000, sentiment f1==0.0000, ABSA f1==0.0000,
Current Max Metrics Index : 28 Current Min Loss Index : 23 Epoch Time: 0m 14s Tau : 0.23

-------------------------------------Iter50-------------------------------------
Train: final loss=0.721681, aspect loss=0.048614, opinion loss=0.000000, domain loss=0.672016, sentiment loss=0.000000, reg loss=0.000000, step=92718
Dev:   final loss=0.163097, aspect loss=0.163097, opinion loss=0.000000, sentiment loss=0.000000, reg loss=0.000000, step=92718
Dev:   aspect f1=0.5077, opinion f1=0.0000, sentiment acc==0.0000, sentiment f1==0.0000, ABSA f1==0.0000,
Test:  aspect f1=0.5077, opinion f1=0.0000, sentiment acc==0.0000, sentiment f1==0.0000, ABSA f1==0.0000,
Current Max Metrics Index : 28 Current Min Loss Index : 23 Epoch Time: 0m 14s Tau : 0.22

-------------------------------------Iter51-------------------------------------
Train: final loss=0.721243, aspect loss=0.048397, opinion loss=0.000000, domain loss=0.671929, sentiment loss=0.000000, reg loss=0.000000, step=94536
Dev:   final loss=0.158909, aspect loss=0.158909, opinion loss=0.000000, sentiment loss=0.000000, reg loss=0.000000, step=94536
Dev:   aspect f1=0.5141, opinion f1=0.0000, sentiment acc==0.0000, sentiment f1==0.0000, ABSA f1==0.0000,
Test:  aspect f1=0.5141, opinion f1=0.0000, sentiment acc==0.0000, sentiment f1==0.0000, ABSA f1==0.0000,
Current Max Metrics Index : 28 Current Min Loss Index : 23 Epoch Time: 0m 14s Tau : 0.22

-------------------------------------Iter52-------------------------------------
Train: final loss=0.721134, aspect loss=0.047825, opinion loss=0.000000, domain loss=0.672117, sentiment loss=0.000000, reg loss=0.000000, step=96354
Dev:   final loss=0.165409, aspect loss=0.165409, opinion loss=0.000000, sentiment loss=0.000000, reg loss=0.000000, step=96354
Dev:   aspect f1=0.5124, opinion f1=0.0000, sentiment acc==0.0000, sentiment f1==0.0000, ABSA f1==0.0000,
Test:  aspect f1=0.5124, opinion f1=0.0000, sentiment acc==0.0000, sentiment f1==0.0000, ABSA f1==0.0000,
Current Max Metrics Index : 28 Current Min Loss Index : 23 Epoch Time: 0m 14s Tau : 0.21

-------------------------------------Iter53-------------------------------------
Train: final loss=0.720325, aspect loss=0.047682, opinion loss=0.000000, domain loss=0.671604, sentiment loss=0.000000, reg loss=0.000000, step=98172
Dev:   final loss=0.160892, aspect loss=0.160892, opinion loss=0.000000, sentiment loss=0.000000, reg loss=0.000000, step=98172
Dev:   aspect f1=0.5222, opinion f1=0.0000, sentiment acc==0.0000, sentiment f1==0.0000, ABSA f1==0.0000,
Test:  aspect f1=0.5222, opinion f1=0.0000, sentiment acc==0.0000, sentiment f1==0.0000, ABSA f1==0.0000,
Current Max Metrics Index : 28 Current Min Loss Index : 23 Epoch Time: 0m 15s Tau : 0.20

-------------------------------------Iter54-------------------------------------
Train: final loss=0.720692, aspect loss=0.047984, opinion loss=0.000000, domain loss=0.672155, sentiment loss=0.000000, reg loss=0.000000, step=99990
Dev:   final loss=0.166616, aspect loss=0.166616, opinion loss=0.000000, sentiment loss=0.000000, reg loss=0.000000, step=99990
Dev:   aspect f1=0.5175, opinion f1=0.0000, sentiment acc==0.0000, sentiment f1==0.0000, ABSA f1==0.0000,
Test:  aspect f1=0.5175, opinion f1=0.0000, sentiment acc==0.0000, sentiment f1==0.0000, ABSA f1==0.0000,
Current Max Metrics Index : 28 Current Min Loss Index : 23 Epoch Time: 0m 15s Tau : 0.20

-------------------------------------Iter55-------------------------------------
Train: final loss=0.719927, aspect loss=0.046756, opinion loss=0.000000, domain loss=0.672130, sentiment loss=0.000000, reg loss=0.000000, step=101808
Dev:   final loss=0.166796, aspect loss=0.166796, opinion loss=0.000000, sentiment loss=0.000000, reg loss=0.000000, step=101808
Dev:   aspect f1=0.5186, opinion f1=0.0000, sentiment acc==0.0000, sentiment f1==0.0000, ABSA f1==0.0000,
Test:  aspect f1=0.5186, opinion f1=0.0000, sentiment acc==0.0000, sentiment f1==0.0000, ABSA f1==0.0000,
Current Max Metrics Index : 28 Current Min Loss Index : 23 Epoch Time: 0m 14s Tau : 0.19

-------------------------------------Iter56-------------------------------------
Train: final loss=0.719931, aspect loss=0.046933, opinion loss=0.000000, domain loss=0.672007, sentiment loss=0.000000, reg loss=0.000000, step=103626
Dev:   final loss=0.173867, aspect loss=0.173867, opinion loss=0.000000, sentiment loss=0.000000, reg loss=0.000000, step=103626
Dev:   aspect f1=0.5138, opinion f1=0.0000, sentiment acc==0.0000, sentiment f1==0.0000, ABSA f1==0.0000,
Test:  aspect f1=0.5138, opinion f1=0.0000, sentiment acc==0.0000, sentiment f1==0.0000, ABSA f1==0.0000,
Current Max Metrics Index : 28 Current Min Loss Index : 23 Epoch Time: 0m 14s Tau : 0.19

-------------------------------------Iter57-------------------------------------
Train: final loss=0.719692, aspect loss=0.046408, opinion loss=0.000000, domain loss=0.672214, sentiment loss=0.000000, reg loss=0.000000, step=105444
Dev:   final loss=0.164482, aspect loss=0.164482, opinion loss=0.000000, sentiment loss=0.000000, reg loss=0.000000, step=105444
Dev:   aspect f1=0.5338, opinion f1=0.0000, sentiment acc==0.0000, sentiment f1==0.0000, ABSA f1==0.0000,
Test:  aspect f1=0.5338, opinion f1=0.0000, sentiment acc==0.0000, sentiment f1==0.0000, ABSA f1==0.0000,
Current Max Metrics Index : 28 Current Min Loss Index : 23 Epoch Time: 0m 15s Tau : 0.18

-------------------------------------Iter58-------------------------------------
Train: final loss=0.719012, aspect loss=0.045832, opinion loss=0.000000, domain loss=0.671837, sentiment loss=0.000000, reg loss=0.000000, step=107262
Dev:   final loss=0.164925, aspect loss=0.164925, opinion loss=0.000000, sentiment loss=0.000000, reg loss=0.000000, step=107262
Dev:   aspect f1=0.5330, opinion f1=0.0000, sentiment acc==0.0000, sentiment f1==0.0000, ABSA f1==0.0000,
Test:  aspect f1=0.5330, opinion f1=0.0000, sentiment acc==0.0000, sentiment f1==0.0000, ABSA f1==0.0000,
Current Max Metrics Index : 28 Current Min Loss Index : 23 Epoch Time: 0m 15s Tau : 0.18

-------------------------------------Iter59-------------------------------------
Train: final loss=0.719300, aspect loss=0.045768, opinion loss=0.000000, domain loss=0.672143, sentiment loss=0.000000, reg loss=0.000000, step=109080
Dev:   final loss=0.169885, aspect loss=0.169885, opinion loss=0.000000, sentiment loss=0.000000, reg loss=0.000000, step=109080
Dev:   aspect f1=0.5131, opinion f1=0.0000, sentiment acc==0.0000, sentiment f1==0.0000, ABSA f1==0.0000,
Test:  aspect f1=0.5131, opinion f1=0.0000, sentiment acc==0.0000, sentiment f1==0.0000, ABSA f1==0.0000,
Current Max Metrics Index : 28 Current Min Loss Index : 23 Epoch Time: 0m 15s Tau : 0.17

-------------------------------------Iter60-------------------------------------
Train: final loss=0.718294, aspect loss=0.045201, opinion loss=0.000000, domain loss=0.671965, sentiment loss=0.000000, reg loss=0.000000, step=110898
Dev:   final loss=0.171708, aspect loss=0.171708, opinion loss=0.000000, sentiment loss=0.000000, reg loss=0.000000, step=110898
Dev:   aspect f1=0.5114, opinion f1=0.0000, sentiment acc==0.0000, sentiment f1==0.0000, ABSA f1==0.0000,
Test:  aspect f1=0.5114, opinion f1=0.0000, sentiment acc==0.0000, sentiment f1==0.0000, ABSA f1==0.0000,
Current Max Metrics Index : 28 Current Min Loss Index : 23 Epoch Time: 0m 14s Tau : 0.17

-------------------------------------Iter61-------------------------------------
Train: final loss=0.718046, aspect loss=0.045296, opinion loss=0.000000, domain loss=0.671716, sentiment loss=0.000000, reg loss=0.000000, step=112716
Dev:   final loss=0.165649, aspect loss=0.165649, opinion loss=0.000000, sentiment loss=0.000000, reg loss=0.000000, step=112716
Dev:   aspect f1=0.5129, opinion f1=0.0000, sentiment acc==0.0000, sentiment f1==0.0000, ABSA f1==0.0000,
Test:  aspect f1=0.5129, opinion f1=0.0000, sentiment acc==0.0000, sentiment f1==0.0000, ABSA f1==0.0000,
Current Max Metrics Index : 28 Current Min Loss Index : 23 Epoch Time: 0m 14s Tau : 0.16

-------------------------------------Iter62-------------------------------------
Train: final loss=0.717715, aspect loss=0.044220, opinion loss=0.000000, domain loss=0.671699, sentiment loss=0.000000, reg loss=0.000000, step=114534
Dev:   final loss=0.168227, aspect loss=0.168227, opinion loss=0.000000, sentiment loss=0.000000, reg loss=0.000000, step=114534
Dev:   aspect f1=0.5254, opinion f1=0.0000, sentiment acc==0.0000, sentiment f1==0.0000, ABSA f1==0.0000,
Test:  aspect f1=0.5254, opinion f1=0.0000, sentiment acc==0.0000, sentiment f1==0.0000, ABSA f1==0.0000,
Current Max Metrics Index : 28 Current Min Loss Index : 23 Epoch Time: 0m 14s Tau : 0.16

-------------------------------------Iter63-------------------------------------
Train: final loss=0.718265, aspect loss=0.044569, opinion loss=0.000000, domain loss=0.672148, sentiment loss=0.000000, reg loss=0.000000, step=116352
Dev:   final loss=0.168606, aspect loss=0.168606, opinion loss=0.000000, sentiment loss=0.000000, reg loss=0.000000, step=116352
Dev:   aspect f1=0.5254, opinion f1=0.0000, sentiment acc==0.0000, sentiment f1==0.0000, ABSA f1==0.0000,
Test:  aspect f1=0.5254, opinion f1=0.0000, sentiment acc==0.0000, sentiment f1==0.0000, ABSA f1==0.0000,
Current Max Metrics Index : 28 Current Min Loss Index : 23 Epoch Time: 0m 15s Tau : 0.15

-------------------------------------Iter64-------------------------------------
Train: final loss=0.717472, aspect loss=0.044323, opinion loss=0.000000, domain loss=0.672031, sentiment loss=0.000000, reg loss=0.000000, step=118170
Dev:   final loss=0.179480, aspect loss=0.179480, opinion loss=0.000000, sentiment loss=0.000000, reg loss=0.000000, step=118170
Dev:   aspect f1=0.5147, opinion f1=0.0000, sentiment acc==0.0000, sentiment f1==0.0000, ABSA f1==0.0000,
Test:  aspect f1=0.5147, opinion f1=0.0000, sentiment acc==0.0000, sentiment f1==0.0000, ABSA f1==0.0000,
Current Max Metrics Index : 28 Current Min Loss Index : 23 Epoch Time: 0m 15s Tau : 0.15

-------------------------------------Iter65-------------------------------------
Train: final loss=0.717247, aspect loss=0.044163, opinion loss=0.000000, domain loss=0.672288, sentiment loss=0.000000, reg loss=0.000000, step=119988
Dev:   final loss=0.174203, aspect loss=0.174203, opinion loss=0.000000, sentiment loss=0.000000, reg loss=0.000000, step=119988
Dev:   aspect f1=0.5021, opinion f1=0.0000, sentiment acc==0.0000, sentiment f1==0.0000, ABSA f1==0.0000,
Test:  aspect f1=0.5021, opinion f1=0.0000, sentiment acc==0.0000, sentiment f1==0.0000, ABSA f1==0.0000,
Current Max Metrics Index : 28 Current Min Loss Index : 23 Epoch Time: 0m 14s Tau : 0.14

-------------------------------------Iter66-------------------------------------
Train: final loss=0.717024, aspect loss=0.043619, opinion loss=0.000000, domain loss=0.672033, sentiment loss=0.000000, reg loss=0.000000, step=121806
Dev:   final loss=0.171107, aspect loss=0.171107, opinion loss=0.000000, sentiment loss=0.000000, reg loss=0.000000, step=121806
Dev:   aspect f1=0.5080, opinion f1=0.0000, sentiment acc==0.0000, sentiment f1==0.0000, ABSA f1==0.0000,
Test:  aspect f1=0.5080, opinion f1=0.0000, sentiment acc==0.0000, sentiment f1==0.0000, ABSA f1==0.0000,
Current Max Metrics Index : 28 Current Min Loss Index : 23 Epoch Time: 0m 15s Tau : 0.14

-------------------------------------Iter67-------------------------------------
Train: final loss=0.716826, aspect loss=0.043932, opinion loss=0.000000, domain loss=0.671493, sentiment loss=0.000000, reg loss=0.000000, step=123624
Dev:   final loss=0.173836, aspect loss=0.173836, opinion loss=0.000000, sentiment loss=0.000000, reg loss=0.000000, step=123624
Dev:   aspect f1=0.5053, opinion f1=0.0000, sentiment acc==0.0000, sentiment f1==0.0000, ABSA f1==0.0000,
Test:  aspect f1=0.5053, opinion f1=0.0000, sentiment acc==0.0000, sentiment f1==0.0000, ABSA f1==0.0000,
Current Max Metrics Index : 28 Current Min Loss Index : 23 Epoch Time: 0m 14s Tau : 0.13

-------------------------------------Iter68-------------------------------------
Train: final loss=0.715629, aspect loss=0.042260, opinion loss=0.000000, domain loss=0.672294, sentiment loss=0.000000, reg loss=0.000000, step=125442
Dev:   final loss=0.180805, aspect loss=0.180805, opinion loss=0.000000, sentiment loss=0.000000, reg loss=0.000000, step=125442
Dev:   aspect f1=0.5090, opinion f1=0.0000, sentiment acc==0.0000, sentiment f1==0.0000, ABSA f1==0.0000,
Test:  aspect f1=0.5090, opinion f1=0.0000, sentiment acc==0.0000, sentiment f1==0.0000, ABSA f1==0.0000,
Current Max Metrics Index : 28 Current Min Loss Index : 23 Epoch Time: 0m 15s Tau : 0.13

-------------------------------------Iter69-------------------------------------
Train: final loss=0.716495, aspect loss=0.043612, opinion loss=0.000000, domain loss=0.672063, sentiment loss=0.000000, reg loss=0.000000, step=127260
Dev:   final loss=0.171968, aspect loss=0.171968, opinion loss=0.000000, sentiment loss=0.000000, reg loss=0.000000, step=127260
Dev:   aspect f1=0.5038, opinion f1=0.0000, sentiment acc==0.0000, sentiment f1==0.0000, ABSA f1==0.0000,
Test:  aspect f1=0.5038, opinion f1=0.0000, sentiment acc==0.0000, sentiment f1==0.0000, ABSA f1==0.0000,
Current Max Metrics Index : 28 Current Min Loss Index : 23 Epoch Time: 0m 15s Tau : 0.13

-------------------------------------Iter70-------------------------------------
Train: final loss=0.714955, aspect loss=0.042230, opinion loss=0.000000, domain loss=0.671871, sentiment loss=0.000000, reg loss=0.000000, step=129078
Dev:   final loss=0.173135, aspect loss=0.173135, opinion loss=0.000000, sentiment loss=0.000000, reg loss=0.000000, step=129078
Dev:   aspect f1=0.5147, opinion f1=0.0000, sentiment acc==0.0000, sentiment f1==0.0000, ABSA f1==0.0000,
Test:  aspect f1=0.5147, opinion f1=0.0000, sentiment acc==0.0000, sentiment f1==0.0000, ABSA f1==0.0000,
Current Max Metrics Index : 28 Current Min Loss Index : 23 Epoch Time: 0m 15s Tau : 0.12

-------------------------------------Iter71-------------------------------------
Train: final loss=0.715795, aspect loss=0.042879, opinion loss=0.000000, domain loss=0.672067, sentiment loss=0.000000, reg loss=0.000000, step=130896
Dev:   final loss=0.170897, aspect loss=0.170897, opinion loss=0.000000, sentiment loss=0.000000, reg loss=0.000000, step=130896
Dev:   aspect f1=0.5232, opinion f1=0.0000, sentiment acc==0.0000, sentiment f1==0.0000, ABSA f1==0.0000,
Test:  aspect f1=0.5232, opinion f1=0.0000, sentiment acc==0.0000, sentiment f1==0.0000, ABSA f1==0.0000,
Current Max Metrics Index : 28 Current Min Loss Index : 23 Epoch Time: 0m 15s Tau : 0.12

-------------------------------------Iter72-------------------------------------
Train: final loss=0.715409, aspect loss=0.042708, opinion loss=0.000000, domain loss=0.671766, sentiment loss=0.000000, reg loss=0.000000, step=132714
Dev:   final loss=0.173798, aspect loss=0.173798, opinion loss=0.000000, sentiment loss=0.000000, reg loss=0.000000, step=132714
Dev:   aspect f1=0.5302, opinion f1=0.0000, sentiment acc==0.0000, sentiment f1==0.0000, ABSA f1==0.0000,
Test:  aspect f1=0.5302, opinion f1=0.0000, sentiment acc==0.0000, sentiment f1==0.0000, ABSA f1==0.0000,
Current Max Metrics Index : 28 Current Min Loss Index : 23 Epoch Time: 0m 15s Tau : 0.12

-------------------------------------Iter73-------------------------------------
Train: final loss=0.714495, aspect loss=0.041574, opinion loss=0.000000, domain loss=0.671937, sentiment loss=0.000000, reg loss=0.000000, step=134532
Dev:   final loss=0.169078, aspect loss=0.169078, opinion loss=0.000000, sentiment loss=0.000000, reg loss=0.000000, step=134532
Dev:   aspect f1=0.5196, opinion f1=0.0000, sentiment acc==0.0000, sentiment f1==0.0000, ABSA f1==0.0000,
Test:  aspect f1=0.5196, opinion f1=0.0000, sentiment acc==0.0000, sentiment f1==0.0000, ABSA f1==0.0000,
Current Max Metrics Index : 28 Current Min Loss Index : 23 Epoch Time: 0m 15s Tau : 0.11

-------------------------------------Iter74-------------------------------------
Train: final loss=0.713994, aspect loss=0.041435, opinion loss=0.000000, domain loss=0.671945, sentiment loss=0.000000, reg loss=0.000000, step=136350
Dev:   final loss=0.167585, aspect loss=0.167585, opinion loss=0.000000, sentiment loss=0.000000, reg loss=0.000000, step=136350
Dev:   aspect f1=0.5166, opinion f1=0.0000, sentiment acc==0.0000, sentiment f1==0.0000, ABSA f1==0.0000,
Test:  aspect f1=0.5166, opinion f1=0.0000, sentiment acc==0.0000, sentiment f1==0.0000, ABSA f1==0.0000,
Current Max Metrics Index : 28 Current Min Loss Index : 23 Epoch Time: 0m 14s Tau : 0.11

-------------------------------------Iter75-------------------------------------
Train: final loss=0.716083, aspect loss=0.041701, opinion loss=0.000000, domain loss=0.672152, sentiment loss=0.000000, reg loss=0.000000, step=138168
Dev:   final loss=0.176603, aspect loss=0.176603, opinion loss=0.000000, sentiment loss=0.000000, reg loss=0.000000, step=138168
Dev:   aspect f1=0.5283, opinion f1=0.0000, sentiment acc==0.0000, sentiment f1==0.0000, ABSA f1==0.0000,
Test:  aspect f1=0.5283, opinion f1=0.0000, sentiment acc==0.0000, sentiment f1==0.0000, ABSA f1==0.0000,
Current Max Metrics Index : 28 Current Min Loss Index : 23 Epoch Time: 0m 14s Tau : 0.11

-------------------------------------Iter76-------------------------------------
Train: final loss=0.714806, aspect loss=0.041638, opinion loss=0.000000, domain loss=0.672039, sentiment loss=0.000000, reg loss=0.000000, step=139986
Dev:   final loss=0.172442, aspect loss=0.172442, opinion loss=0.000000, sentiment loss=0.000000, reg loss=0.000000, step=139986
Dev:   aspect f1=0.5201, opinion f1=0.0000, sentiment acc==0.0000, sentiment f1==0.0000, ABSA f1==0.0000,
Test:  aspect f1=0.5201, opinion f1=0.0000, sentiment acc==0.0000, sentiment f1==0.0000, ABSA f1==0.0000,
Current Max Metrics Index : 28 Current Min Loss Index : 23 Epoch Time: 0m 15s Tau : 0.10

-------------------------------------Iter77-------------------------------------
Train: final loss=0.715923, aspect loss=0.042290, opinion loss=0.000000, domain loss=0.671951, sentiment loss=0.000000, reg loss=0.000000, step=141804
Dev:   final loss=0.181553, aspect loss=0.181553, opinion loss=0.000000, sentiment loss=0.000000, reg loss=0.000000, step=141804
Dev:   aspect f1=0.5147, opinion f1=0.0000, sentiment acc==0.0000, sentiment f1==0.0000, ABSA f1==0.0000,
Test:  aspect f1=0.5147, opinion f1=0.0000, sentiment acc==0.0000, sentiment f1==0.0000, ABSA f1==0.0000,
Current Max Metrics Index : 28 Current Min Loss Index : 23 Epoch Time: 0m 15s Tau : 0.10

-------------------------------------Iter78-------------------------------------
Train: final loss=0.713953, aspect loss=0.040966, opinion loss=0.000000, domain loss=0.671956, sentiment loss=0.000000, reg loss=0.000000, step=143622
Dev:   final loss=0.176868, aspect loss=0.176868, opinion loss=0.000000, sentiment loss=0.000000, reg loss=0.000000, step=143622
Dev:   aspect f1=0.5157, opinion f1=0.0000, sentiment acc==0.0000, sentiment f1==0.0000, ABSA f1==0.0000,
Test:  aspect f1=0.5157, opinion f1=0.0000, sentiment acc==0.0000, sentiment f1==0.0000, ABSA f1==0.0000,
Current Max Metrics Index : 28 Current Min Loss Index : 23 Epoch Time: 0m 11s Tau : 0.10

-------------------------------------Iter79-------------------------------------
Train: final loss=0.713632, aspect loss=0.041018, opinion loss=0.000000, domain loss=0.671958, sentiment loss=0.000000, reg loss=0.000000, step=145440
Dev:   final loss=0.176068, aspect loss=0.176068, opinion loss=0.000000, sentiment loss=0.000000, reg loss=0.000000, step=145440
Dev:   aspect f1=0.5156, opinion f1=0.0000, sentiment acc==0.0000, sentiment f1==0.0000, ABSA f1==0.0000,
Test:  aspect f1=0.5156, opinion f1=0.0000, sentiment acc==0.0000, sentiment f1==0.0000, ABSA f1==0.0000,
Current Max Metrics Index : 28 Current Min Loss Index : 23 Epoch Time: 0m 15s Tau : 0.10

-------------------------------------Iter80-------------------------------------
Train: final loss=0.713865, aspect loss=0.040891, opinion loss=0.000000, domain loss=0.672099, sentiment loss=0.000000, reg loss=0.000000, step=147258
Dev:   final loss=0.169483, aspect loss=0.169483, opinion loss=0.000000, sentiment loss=0.000000, reg loss=0.000000, step=147258
Dev:   aspect f1=0.5117, opinion f1=0.0000, sentiment acc==0.0000, sentiment f1==0.0000, ABSA f1==0.0000,
Test:  aspect f1=0.5117, opinion f1=0.0000, sentiment acc==0.0000, sentiment f1==0.0000, ABSA f1==0.0000,
Current Max Metrics Index : 28 Current Min Loss Index : 23 Epoch Time: 0m 15s Tau : 0.10

-------------------------------------Iter81-------------------------------------
Train: final loss=0.712370, aspect loss=0.040655, opinion loss=0.000000, domain loss=0.671860, sentiment loss=0.000000, reg loss=0.000000, step=149076
Dev:   final loss=0.181102, aspect loss=0.181102, opinion loss=0.000000, sentiment loss=0.000000, reg loss=0.000000, step=149076
Dev:   aspect f1=0.5025, opinion f1=0.0000, sentiment acc==0.0000, sentiment f1==0.0000, ABSA f1==0.0000,
Test:  aspect f1=0.5025, opinion f1=0.0000, sentiment acc==0.0000, sentiment f1==0.0000, ABSA f1==0.0000,
Current Max Metrics Index : 28 Current Min Loss Index : 23 Epoch Time: 0m 15s Tau : 0.10

-------------------------------------Iter82-------------------------------------
Train: final loss=0.712987, aspect loss=0.039706, opinion loss=0.000000, domain loss=0.671911, sentiment loss=0.000000, reg loss=0.000000, step=150894
Dev:   final loss=0.177796, aspect loss=0.177796, opinion loss=0.000000, sentiment loss=0.000000, reg loss=0.000000, step=150894
Dev:   aspect f1=0.5041, opinion f1=0.0000, sentiment acc==0.0000, sentiment f1==0.0000, ABSA f1==0.0000,
Test:  aspect f1=0.5041, opinion f1=0.0000, sentiment acc==0.0000, sentiment f1==0.0000, ABSA f1==0.0000,
Current Max Metrics Index : 28 Current Min Loss Index : 23 Epoch Time: 0m 14s Tau : 0.10

-------------------------------------Iter83-------------------------------------
Train: final loss=0.714275, aspect loss=0.040884, opinion loss=0.000000, domain loss=0.671676, sentiment loss=0.000000, reg loss=0.000000, step=152712
Dev:   final loss=0.171295, aspect loss=0.171295, opinion loss=0.000000, sentiment loss=0.000000, reg loss=0.000000, step=152712
Dev:   aspect f1=0.5283, opinion f1=0.0000, sentiment acc==0.0000, sentiment f1==0.0000, ABSA f1==0.0000,
Test:  aspect f1=0.5283, opinion f1=0.0000, sentiment acc==0.0000, sentiment f1==0.0000, ABSA f1==0.0000,
Current Max Metrics Index : 28 Current Min Loss Index : 23 Epoch Time: 0m 14s Tau : 0.10

-------------------------------------Iter84-------------------------------------
Train: final loss=0.712937, aspect loss=0.040139, opinion loss=0.000000, domain loss=0.671979, sentiment loss=0.000000, reg loss=0.000000, step=154530
Dev:   final loss=0.177161, aspect loss=0.177161, opinion loss=0.000000, sentiment loss=0.000000, reg loss=0.000000, step=154530
Dev:   aspect f1=0.5138, opinion f1=0.0000, sentiment acc==0.0000, sentiment f1==0.0000, ABSA f1==0.0000,
Test:  aspect f1=0.5138, opinion f1=0.0000, sentiment acc==0.0000, sentiment f1==0.0000, ABSA f1==0.0000,
Current Max Metrics Index : 28 Current Min Loss Index : 23 Epoch Time: 0m 14s Tau : 0.10

-------------------------------------Iter85-------------------------------------
Train: final loss=0.712726, aspect loss=0.039433, opinion loss=0.000000, domain loss=0.671847, sentiment loss=0.000000, reg loss=0.000000, step=156348
Dev:   final loss=0.172959, aspect loss=0.172959, opinion loss=0.000000, sentiment loss=0.000000, reg loss=0.000000, step=156348
Dev:   aspect f1=0.5192, opinion f1=0.0000, sentiment acc==0.0000, sentiment f1==0.0000, ABSA f1==0.0000,
Test:  aspect f1=0.5192, opinion f1=0.0000, sentiment acc==0.0000, sentiment f1==0.0000, ABSA f1==0.0000,
Current Max Metrics Index : 28 Current Min Loss Index : 23 Epoch Time: 0m 14s Tau : 0.10

-------------------------------------Iter86-------------------------------------
Train: final loss=0.711792, aspect loss=0.039392, opinion loss=0.000000, domain loss=0.671888, sentiment loss=0.000000, reg loss=0.000000, step=158166
Dev:   final loss=0.181162, aspect loss=0.181162, opinion loss=0.000000, sentiment loss=0.000000, reg loss=0.000000, step=158166
Dev:   aspect f1=0.5208, opinion f1=0.0000, sentiment acc==0.0000, sentiment f1==0.0000, ABSA f1==0.0000,
Test:  aspect f1=0.5208, opinion f1=0.0000, sentiment acc==0.0000, sentiment f1==0.0000, ABSA f1==0.0000,
Current Max Metrics Index : 28 Current Min Loss Index : 23 Epoch Time: 0m 14s Tau : 0.10

-------------------------------------Iter87-------------------------------------
Train: final loss=0.712809, aspect loss=0.039770, opinion loss=0.000000, domain loss=0.672178, sentiment loss=0.000000, reg loss=0.000000, step=159984
Dev:   final loss=0.174003, aspect loss=0.174003, opinion loss=0.000000, sentiment loss=0.000000, reg loss=0.000000, step=159984
Dev:   aspect f1=0.5011, opinion f1=0.0000, sentiment acc==0.0000, sentiment f1==0.0000, ABSA f1==0.0000,
Test:  aspect f1=0.5011, opinion f1=0.0000, sentiment acc==0.0000, sentiment f1==0.0000, ABSA f1==0.0000,
Current Max Metrics Index : 28 Current Min Loss Index : 23 Epoch Time: 0m 14s Tau : 0.10

-------------------------------------Iter88-------------------------------------
Train: final loss=0.712379, aspect loss=0.038827, opinion loss=0.000000, domain loss=0.671947, sentiment loss=0.000000, reg loss=0.000000, step=161802
Dev:   final loss=0.175771, aspect loss=0.175771, opinion loss=0.000000, sentiment loss=0.000000, reg loss=0.000000, step=161802
Dev:   aspect f1=0.5246, opinion f1=0.0000, sentiment acc==0.0000, sentiment f1==0.0000, ABSA f1==0.0000,
Test:  aspect f1=0.5246, opinion f1=0.0000, sentiment acc==0.0000, sentiment f1==0.0000, ABSA f1==0.0000,
Current Max Metrics Index : 28 Current Min Loss Index : 23 Epoch Time: 0m 14s Tau : 0.10

-------------------------------------Iter89-------------------------------------
Train: final loss=0.712877, aspect loss=0.039635, opinion loss=0.000000, domain loss=0.672158, sentiment loss=0.000000, reg loss=0.000000, step=163620
Dev:   final loss=0.170796, aspect loss=0.170796, opinion loss=0.000000, sentiment loss=0.000000, reg loss=0.000000, step=163620
Dev:   aspect f1=0.5093, opinion f1=0.0000, sentiment acc==0.0000, sentiment f1==0.0000, ABSA f1==0.0000,
Test:  aspect f1=0.5093, opinion f1=0.0000, sentiment acc==0.0000, sentiment f1==0.0000, ABSA f1==0.0000,
Current Max Metrics Index : 28 Current Min Loss Index : 23 Epoch Time: 0m 14s Tau : 0.10

-------------------------------------Iter90-------------------------------------
Train: final loss=0.711840, aspect loss=0.038775, opinion loss=0.000000, domain loss=0.672050, sentiment loss=0.000000, reg loss=0.000000, step=165438
Dev:   final loss=0.174085, aspect loss=0.174085, opinion loss=0.000000, sentiment loss=0.000000, reg loss=0.000000, step=165438
Dev:   aspect f1=0.5113, opinion f1=0.0000, sentiment acc==0.0000, sentiment f1==0.0000, ABSA f1==0.0000,
Test:  aspect f1=0.5113, opinion f1=0.0000, sentiment acc==0.0000, sentiment f1==0.0000, ABSA f1==0.0000,
Current Max Metrics Index : 28 Current Min Loss Index : 23 Epoch Time: 0m 14s Tau : 0.10

-------------------------------------Iter91-------------------------------------
Train: final loss=0.711867, aspect loss=0.038942, opinion loss=0.000000, domain loss=0.671980, sentiment loss=0.000000, reg loss=0.000000, step=167256
Dev:   final loss=0.172951, aspect loss=0.172951, opinion loss=0.000000, sentiment loss=0.000000, reg loss=0.000000, step=167256
Dev:   aspect f1=0.5271, opinion f1=0.0000, sentiment acc==0.0000, sentiment f1==0.0000, ABSA f1==0.0000,
Test:  aspect f1=0.5271, opinion f1=0.0000, sentiment acc==0.0000, sentiment f1==0.0000, ABSA f1==0.0000,
Current Max Metrics Index : 28 Current Min Loss Index : 23 Epoch Time: 0m 14s Tau : 0.10

-------------------------------------Iter92-------------------------------------
Train: final loss=0.711952, aspect loss=0.038769, opinion loss=0.000000, domain loss=0.672085, sentiment loss=0.000000, reg loss=0.000000, step=169074
Dev:   final loss=0.173470, aspect loss=0.173470, opinion loss=0.000000, sentiment loss=0.000000, reg loss=0.000000, step=169074
Dev:   aspect f1=0.5183, opinion f1=0.0000, sentiment acc==0.0000, sentiment f1==0.0000, ABSA f1==0.0000,
Test:  aspect f1=0.5183, opinion f1=0.0000, sentiment acc==0.0000, sentiment f1==0.0000, ABSA f1==0.0000,
Current Max Metrics Index : 28 Current Min Loss Index : 23 Epoch Time: 0m 14s Tau : 0.10

-------------------------------------Iter93-------------------------------------
Train: final loss=0.711882, aspect loss=0.039271, opinion loss=0.000000, domain loss=0.671907, sentiment loss=0.000000, reg loss=0.000000, step=170892
Dev:   final loss=0.171856, aspect loss=0.171856, opinion loss=0.000000, sentiment loss=0.000000, reg loss=0.000000, step=170892
Dev:   aspect f1=0.4953, opinion f1=0.0000, sentiment acc==0.0000, sentiment f1==0.0000, ABSA f1==0.0000,
Test:  aspect f1=0.4953, opinion f1=0.0000, sentiment acc==0.0000, sentiment f1==0.0000, ABSA f1==0.0000,
Current Max Metrics Index : 28 Current Min Loss Index : 23 Epoch Time: 0m 14s Tau : 0.10

-------------------------------------Iter94-------------------------------------
Train: final loss=0.711546, aspect loss=0.038500, opinion loss=0.000000, domain loss=0.671984, sentiment loss=0.000000, reg loss=0.000000, step=172710
Dev:   final loss=0.181103, aspect loss=0.181103, opinion loss=0.000000, sentiment loss=0.000000, reg loss=0.000000, step=172710
Dev:   aspect f1=0.5068, opinion f1=0.0000, sentiment acc==0.0000, sentiment f1==0.0000, ABSA f1==0.0000,
Test:  aspect f1=0.5068, opinion f1=0.0000, sentiment acc==0.0000, sentiment f1==0.0000, ABSA f1==0.0000,
Current Max Metrics Index : 28 Current Min Loss Index : 23 Epoch Time: 0m 14s Tau : 0.10

-------------------------------------Iter95-------------------------------------
Train: final loss=0.711305, aspect loss=0.038366, opinion loss=0.000000, domain loss=0.671736, sentiment loss=0.000000, reg loss=0.000000, step=174528
Dev:   final loss=0.180388, aspect loss=0.180388, opinion loss=0.000000, sentiment loss=0.000000, reg loss=0.000000, step=174528
Dev:   aspect f1=0.4872, opinion f1=0.0000, sentiment acc==0.0000, sentiment f1==0.0000, ABSA f1==0.0000,
Test:  aspect f1=0.4872, opinion f1=0.0000, sentiment acc==0.0000, sentiment f1==0.0000, ABSA f1==0.0000,
Current Max Metrics Index : 28 Current Min Loss Index : 23 Epoch Time: 0m 14s Tau : 0.10

-------------------------------------Iter96-------------------------------------
Train: final loss=0.710857, aspect loss=0.037716, opinion loss=0.000000, domain loss=0.671889, sentiment loss=0.000000, reg loss=0.000000, step=176346
Dev:   final loss=0.170114, aspect loss=0.170114, opinion loss=0.000000, sentiment loss=0.000000, reg loss=0.000000, step=176346
Dev:   aspect f1=0.4905, opinion f1=0.0000, sentiment acc==0.0000, sentiment f1==0.0000, ABSA f1==0.0000,
Test:  aspect f1=0.4905, opinion f1=0.0000, sentiment acc==0.0000, sentiment f1==0.0000, ABSA f1==0.0000,
Current Max Metrics Index : 28 Current Min Loss Index : 23 Epoch Time: 0m 14s Tau : 0.10

-------------------------------------Iter97-------------------------------------
Train: final loss=0.710850, aspect loss=0.037774, opinion loss=0.000000, domain loss=0.671929, sentiment loss=0.000000, reg loss=0.000000, step=178164
Dev:   final loss=0.179123, aspect loss=0.179123, opinion loss=0.000000, sentiment loss=0.000000, reg loss=0.000000, step=178164
Dev:   aspect f1=0.4907, opinion f1=0.0000, sentiment acc==0.0000, sentiment f1==0.0000, ABSA f1==0.0000,
Test:  aspect f1=0.4907, opinion f1=0.0000, sentiment acc==0.0000, sentiment f1==0.0000, ABSA f1==0.0000,
Current Max Metrics Index : 28 Current Min Loss Index : 23 Epoch Time: 0m 15s Tau : 0.10

-------------------------------------Iter98-------------------------------------
Train: final loss=0.711325, aspect loss=0.038667, opinion loss=0.000000, domain loss=0.671839, sentiment loss=0.000000, reg loss=0.000000, step=179982
Dev:   final loss=0.179621, aspect loss=0.179621, opinion loss=0.000000, sentiment loss=0.000000, reg loss=0.000000, step=179982
Dev:   aspect f1=0.4851, opinion f1=0.0000, sentiment acc==0.0000, sentiment f1==0.0000, ABSA f1==0.0000,
Test:  aspect f1=0.4851, opinion f1=0.0000, sentiment acc==0.0000, sentiment f1==0.0000, ABSA f1==0.0000,
Current Max Metrics Index : 28 Current Min Loss Index : 23 Epoch Time: 0m 15s Tau : 0.10

-------------------------------------Iter99-------------------------------------
Train: final loss=0.711111, aspect loss=0.037954, opinion loss=0.000000, domain loss=0.672110, sentiment loss=0.000000, reg loss=0.000000, step=181800
Dev:   final loss=0.175699, aspect loss=0.175699, opinion loss=0.000000, sentiment loss=0.000000, reg loss=0.000000, step=181800
Dev:   aspect f1=0.5013, opinion f1=0.0000, sentiment acc==0.0000, sentiment f1==0.0000, ABSA f1==0.0000,
Test:  aspect f1=0.5013, opinion f1=0.0000, sentiment acc==0.0000, sentiment f1==0.0000, ABSA f1==0.0000,
Current Max Metrics Index : 28 Current Min Loss Index : 23 Epoch Time: 0m 15s Tau : 0.10

--------------------------------Mission Complete--------------------------------
Dev Max Metrics Index: 28
aspect f1=53.65, opinion f1=0.00, sentiment acc==0.00, sentiment f1==0.00, ABSA f1==0.00,
Dev Min Loss Index: 23
aspect f1=47.44, opinion f1=0.00, sentiment acc==0.00, sentiment f1==0.00, ABSA f1==0.00,
Running Time: 24m 18s
