> log file: ./log/restaurant-to-laptop/[SynBridge]-210519-205646.log
cuda memory allocated: 10108928
n_trainable_params: 1431975, n_nontrainable_params: 1094700
> training arguments:
>>> source: restaurant
>>> target: laptop
>>> use_unlabel: 1
>>> use_syntactic: 1
>>> use_semantic: 0
>>> split: 3
>>> local_bert_path: F:\NLP\BERT-BASE-UNCASED
>>> model_name: DECNN
>>> batch_size: 8
>>> learning_rate: 0.0001
>>> lr_decay: 1e-05
>>> num_epoch: 100
>>> emb_dim: 100
>>> dep_dim: 50
>>> pos_dim: 50
>>> hidden_dim: 256
>>> keep_prob: 0.5
>>> l2_reg: 1e-05
>>> beta: 0.1
>>> kernel_size: 5
>>> hop_num: 2
>>> class_num: 3
>>> cluster_num: 200
>>> cate_num: 20
>>> seed: 111
>>> log_step: 5
>>> dynamic_gate: 1
>>> valset_num: 0
>>> reuse_embedding: 1
>>> optimizer: <class 'torch.optim.adam.Adam'>
>>> initializer: <function uniform_ at 0x7f7e14e22c80>
>>> device: cuda:0
>>> ablation: None
>>> topk: 10
>>> name: [SynBridge]
>>> dataset_file: {'train': './data/restaurant/train3/', 'unlabel': './data/laptop/train3/', 'test': './data/laptop/test3/'}
>>> model_class: <class 'models.decnn_base.DECNN'>
>>> inputs_cols: ['sentence', 'mask', 'position', 'keep_prob']
>>> max_sentence_len: 110

-------------------------------------Iter0--------------------------------------
Train: final loss=0.849915, aspect loss=0.172920, opinion loss=0.000000, domain loss=0.675749, sentiment loss=0.000000, reg loss=0.000000, step=1818
Dev:   final loss=0.216901, aspect loss=0.216901, opinion loss=0.000000, sentiment loss=0.000000, reg loss=0.000000, step=1818
Dev:   aspect f1=0.3557, opinion f1=0.0000, sentiment acc==0.0000, sentiment f1==0.0000, ABSA f1==0.0000,
Test:  aspect f1=0.3557, opinion f1=0.0000, sentiment acc==0.0000, sentiment f1==0.0000, ABSA f1==0.0000,
Current Max Metrics Index : 0 Current Min Loss Index : 0 Epoch Time: 0m 15s Tau : 1.00
>> Checkpoint Saved: state_dict/restaurant-to-laptop/[SynBridge]-ATE-F1-0.3557.pth

-------------------------------------Iter1--------------------------------------
Train: final loss=0.780970, aspect loss=0.115453, opinion loss=0.000000, domain loss=0.665418, sentiment loss=0.000000, reg loss=0.000000, step=3636
Dev:   final loss=0.196951, aspect loss=0.196951, opinion loss=0.000000, sentiment loss=0.000000, reg loss=0.000000, step=3636
Dev:   aspect f1=0.4331, opinion f1=0.0000, sentiment acc==0.0000, sentiment f1==0.0000, ABSA f1==0.0000,
Test:  aspect f1=0.4331, opinion f1=0.0000, sentiment acc==0.0000, sentiment f1==0.0000, ABSA f1==0.0000,
Current Max Metrics Index : 1 Current Min Loss Index : 1 Epoch Time: 0m 15s Tau : 0.97
>> Checkpoint Saved: state_dict/restaurant-to-laptop/[SynBridge]-ATE-F1-0.4331.pth

-------------------------------------Iter2--------------------------------------
Train: final loss=0.768223, aspect loss=0.103352, opinion loss=0.000000, domain loss=0.664787, sentiment loss=0.000000, reg loss=0.000000, step=5454
Dev:   final loss=0.179034, aspect loss=0.179034, opinion loss=0.000000, sentiment loss=0.000000, reg loss=0.000000, step=5454
Dev:   aspect f1=0.4510, opinion f1=0.0000, sentiment acc==0.0000, sentiment f1==0.0000, ABSA f1==0.0000,
Test:  aspect f1=0.4510, opinion f1=0.0000, sentiment acc==0.0000, sentiment f1==0.0000, ABSA f1==0.0000,
Current Max Metrics Index : 2 Current Min Loss Index : 2 Epoch Time: 0m 15s Tau : 0.94
>> Checkpoint Saved: state_dict/restaurant-to-laptop/[SynBridge]-ATE-F1-0.4510.pth

-------------------------------------Iter3--------------------------------------
Train: final loss=0.762452, aspect loss=0.096559, opinion loss=0.000000, domain loss=0.665170, sentiment loss=0.000000, reg loss=0.000000, step=7272
Dev:   final loss=0.174462, aspect loss=0.174462, opinion loss=0.000000, sentiment loss=0.000000, reg loss=0.000000, step=7272
Dev:   aspect f1=0.4521, opinion f1=0.0000, sentiment acc==0.0000, sentiment f1==0.0000, ABSA f1==0.0000,
Test:  aspect f1=0.4521, opinion f1=0.0000, sentiment acc==0.0000, sentiment f1==0.0000, ABSA f1==0.0000,
Current Max Metrics Index : 3 Current Min Loss Index : 3 Epoch Time: 0m 15s Tau : 0.91
>> Checkpoint Saved: state_dict/restaurant-to-laptop/[SynBridge]-ATE-F1-0.4521.pth

-------------------------------------Iter4--------------------------------------
Train: final loss=0.760497, aspect loss=0.093000, opinion loss=0.000000, domain loss=0.666607, sentiment loss=0.000000, reg loss=0.000000, step=9090
Dev:   final loss=0.180089, aspect loss=0.180089, opinion loss=0.000000, sentiment loss=0.000000, reg loss=0.000000, step=9090
Dev:   aspect f1=0.4528, opinion f1=0.0000, sentiment acc==0.0000, sentiment f1==0.0000, ABSA f1==0.0000,
Test:  aspect f1=0.4528, opinion f1=0.0000, sentiment acc==0.0000, sentiment f1==0.0000, ABSA f1==0.0000,
Current Max Metrics Index : 4 Current Min Loss Index : 3 Epoch Time: 0m 15s Tau : 0.89
>> Checkpoint Saved: state_dict/restaurant-to-laptop/[SynBridge]-ATE-F1-0.4528.pth

-------------------------------------Iter5--------------------------------------
Train: final loss=0.759252, aspect loss=0.089177, opinion loss=0.000000, domain loss=0.669320, sentiment loss=0.000000, reg loss=0.000000, step=10908
Dev:   final loss=0.168859, aspect loss=0.168859, opinion loss=0.000000, sentiment loss=0.000000, reg loss=0.000000, step=10908
Dev:   aspect f1=0.4517, opinion f1=0.0000, sentiment acc==0.0000, sentiment f1==0.0000, ABSA f1==0.0000,
Test:  aspect f1=0.4517, opinion f1=0.0000, sentiment acc==0.0000, sentiment f1==0.0000, ABSA f1==0.0000,
Current Max Metrics Index : 4 Current Min Loss Index : 5 Epoch Time: 0m 15s Tau : 0.86

-------------------------------------Iter6--------------------------------------
Train: final loss=0.757591, aspect loss=0.086208, opinion loss=0.000000, domain loss=0.670207, sentiment loss=0.000000, reg loss=0.000000, step=12726
Dev:   final loss=0.162624, aspect loss=0.162624, opinion loss=0.000000, sentiment loss=0.000000, reg loss=0.000000, step=12726
Dev:   aspect f1=0.4560, opinion f1=0.0000, sentiment acc==0.0000, sentiment f1==0.0000, ABSA f1==0.0000,
Test:  aspect f1=0.4560, opinion f1=0.0000, sentiment acc==0.0000, sentiment f1==0.0000, ABSA f1==0.0000,
Current Max Metrics Index : 6 Current Min Loss Index : 6 Epoch Time: 0m 15s Tau : 0.84
>> Checkpoint Saved: state_dict/restaurant-to-laptop/[SynBridge]-ATE-F1-0.4560.pth

-------------------------------------Iter7--------------------------------------
Train: final loss=0.755855, aspect loss=0.082893, opinion loss=0.000000, domain loss=0.671830, sentiment loss=0.000000, reg loss=0.000000, step=14544
Dev:   final loss=0.162450, aspect loss=0.162450, opinion loss=0.000000, sentiment loss=0.000000, reg loss=0.000000, step=14544
Dev:   aspect f1=0.4763, opinion f1=0.0000, sentiment acc==0.0000, sentiment f1==0.0000, ABSA f1==0.0000,
Test:  aspect f1=0.4763, opinion f1=0.0000, sentiment acc==0.0000, sentiment f1==0.0000, ABSA f1==0.0000,
Current Max Metrics Index : 7 Current Min Loss Index : 7 Epoch Time: 0m 15s Tau : 0.81
>> Checkpoint Saved: state_dict/restaurant-to-laptop/[SynBridge]-ATE-F1-0.4763.pth

-------------------------------------Iter8--------------------------------------
Train: final loss=0.755405, aspect loss=0.082503, opinion loss=0.000000, domain loss=0.671903, sentiment loss=0.000000, reg loss=0.000000, step=16362
Dev:   final loss=0.162398, aspect loss=0.162398, opinion loss=0.000000, sentiment loss=0.000000, reg loss=0.000000, step=16362
Dev:   aspect f1=0.4881, opinion f1=0.0000, sentiment acc==0.0000, sentiment f1==0.0000, ABSA f1==0.0000,
Test:  aspect f1=0.4881, opinion f1=0.0000, sentiment acc==0.0000, sentiment f1==0.0000, ABSA f1==0.0000,
Current Max Metrics Index : 8 Current Min Loss Index : 8 Epoch Time: 0m 15s Tau : 0.79
>> Checkpoint Saved: state_dict/restaurant-to-laptop/[SynBridge]-ATE-F1-0.4881.pth

-------------------------------------Iter9--------------------------------------
Train: final loss=0.752237, aspect loss=0.079576, opinion loss=0.000000, domain loss=0.671781, sentiment loss=0.000000, reg loss=0.000000, step=18180
Dev:   final loss=0.159504, aspect loss=0.159504, opinion loss=0.000000, sentiment loss=0.000000, reg loss=0.000000, step=18180
Dev:   aspect f1=0.4808, opinion f1=0.0000, sentiment acc==0.0000, sentiment f1==0.0000, ABSA f1==0.0000,
Test:  aspect f1=0.4808, opinion f1=0.0000, sentiment acc==0.0000, sentiment f1==0.0000, ABSA f1==0.0000,
Current Max Metrics Index : 8 Current Min Loss Index : 9 Epoch Time: 0m 15s Tau : 0.76

-------------------------------------Iter10-------------------------------------
Train: final loss=0.751610, aspect loss=0.078132, opinion loss=0.000000, domain loss=0.672650, sentiment loss=0.000000, reg loss=0.000000, step=19998
Dev:   final loss=0.156362, aspect loss=0.156362, opinion loss=0.000000, sentiment loss=0.000000, reg loss=0.000000, step=19998
Dev:   aspect f1=0.4846, opinion f1=0.0000, sentiment acc==0.0000, sentiment f1==0.0000, ABSA f1==0.0000,
Test:  aspect f1=0.4846, opinion f1=0.0000, sentiment acc==0.0000, sentiment f1==0.0000, ABSA f1==0.0000,
Current Max Metrics Index : 8 Current Min Loss Index : 10 Epoch Time: 0m 15s Tau : 0.74

-------------------------------------Iter11-------------------------------------
Train: final loss=0.750005, aspect loss=0.076767, opinion loss=0.000000, domain loss=0.672066, sentiment loss=0.000000, reg loss=0.000000, step=21816
Dev:   final loss=0.162217, aspect loss=0.162217, opinion loss=0.000000, sentiment loss=0.000000, reg loss=0.000000, step=21816
Dev:   aspect f1=0.4878, opinion f1=0.0000, sentiment acc==0.0000, sentiment f1==0.0000, ABSA f1==0.0000,
Test:  aspect f1=0.4878, opinion f1=0.0000, sentiment acc==0.0000, sentiment f1==0.0000, ABSA f1==0.0000,
Current Max Metrics Index : 8 Current Min Loss Index : 10 Epoch Time: 0m 15s Tau : 0.72

-------------------------------------Iter12-------------------------------------
Train: final loss=0.748244, aspect loss=0.075783, opinion loss=0.000000, domain loss=0.671981, sentiment loss=0.000000, reg loss=0.000000, step=23634
Dev:   final loss=0.163756, aspect loss=0.163756, opinion loss=0.000000, sentiment loss=0.000000, reg loss=0.000000, step=23634
Dev:   aspect f1=0.4875, opinion f1=0.0000, sentiment acc==0.0000, sentiment f1==0.0000, ABSA f1==0.0000,
Test:  aspect f1=0.4875, opinion f1=0.0000, sentiment acc==0.0000, sentiment f1==0.0000, ABSA f1==0.0000,
Current Max Metrics Index : 8 Current Min Loss Index : 10 Epoch Time: 0m 15s Tau : 0.70

-------------------------------------Iter13-------------------------------------
Train: final loss=0.747414, aspect loss=0.074170, opinion loss=0.000000, domain loss=0.672267, sentiment loss=0.000000, reg loss=0.000000, step=25452
Dev:   final loss=0.160450, aspect loss=0.160450, opinion loss=0.000000, sentiment loss=0.000000, reg loss=0.000000, step=25452
Dev:   aspect f1=0.4575, opinion f1=0.0000, sentiment acc==0.0000, sentiment f1==0.0000, ABSA f1==0.0000,
Test:  aspect f1=0.4575, opinion f1=0.0000, sentiment acc==0.0000, sentiment f1==0.0000, ABSA f1==0.0000,
Current Max Metrics Index : 8 Current Min Loss Index : 10 Epoch Time: 0m 15s Tau : 0.68

-------------------------------------Iter14-------------------------------------
Train: final loss=0.745554, aspect loss=0.073341, opinion loss=0.000000, domain loss=0.671681, sentiment loss=0.000000, reg loss=0.000000, step=27270
Dev:   final loss=0.160846, aspect loss=0.160846, opinion loss=0.000000, sentiment loss=0.000000, reg loss=0.000000, step=27270
Dev:   aspect f1=0.4741, opinion f1=0.0000, sentiment acc==0.0000, sentiment f1==0.0000, ABSA f1==0.0000,
Test:  aspect f1=0.4741, opinion f1=0.0000, sentiment acc==0.0000, sentiment f1==0.0000, ABSA f1==0.0000,
Current Max Metrics Index : 8 Current Min Loss Index : 10 Epoch Time: 0m 15s Tau : 0.66

-------------------------------------Iter15-------------------------------------
Train: final loss=0.744838, aspect loss=0.071930, opinion loss=0.000000, domain loss=0.672093, sentiment loss=0.000000, reg loss=0.000000, step=29088
Dev:   final loss=0.158501, aspect loss=0.158501, opinion loss=0.000000, sentiment loss=0.000000, reg loss=0.000000, step=29088
Dev:   aspect f1=0.4604, opinion f1=0.0000, sentiment acc==0.0000, sentiment f1==0.0000, ABSA f1==0.0000,
Test:  aspect f1=0.4604, opinion f1=0.0000, sentiment acc==0.0000, sentiment f1==0.0000, ABSA f1==0.0000,
Current Max Metrics Index : 8 Current Min Loss Index : 10 Epoch Time: 0m 15s Tau : 0.64

-------------------------------------Iter16-------------------------------------
Train: final loss=0.742812, aspect loss=0.070819, opinion loss=0.000000, domain loss=0.671823, sentiment loss=0.000000, reg loss=0.000000, step=30906
Dev:   final loss=0.159407, aspect loss=0.159407, opinion loss=0.000000, sentiment loss=0.000000, reg loss=0.000000, step=30906
Dev:   aspect f1=0.4743, opinion f1=0.0000, sentiment acc==0.0000, sentiment f1==0.0000, ABSA f1==0.0000,
Test:  aspect f1=0.4743, opinion f1=0.0000, sentiment acc==0.0000, sentiment f1==0.0000, ABSA f1==0.0000,
Current Max Metrics Index : 8 Current Min Loss Index : 10 Epoch Time: 0m 15s Tau : 0.62

-------------------------------------Iter17-------------------------------------
Train: final loss=0.742287, aspect loss=0.068915, opinion loss=0.000000, domain loss=0.671954, sentiment loss=0.000000, reg loss=0.000000, step=32724
Dev:   final loss=0.159753, aspect loss=0.159753, opinion loss=0.000000, sentiment loss=0.000000, reg loss=0.000000, step=32724
Dev:   aspect f1=0.4683, opinion f1=0.0000, sentiment acc==0.0000, sentiment f1==0.0000, ABSA f1==0.0000,
Test:  aspect f1=0.4683, opinion f1=0.0000, sentiment acc==0.0000, sentiment f1==0.0000, ABSA f1==0.0000,
Current Max Metrics Index : 8 Current Min Loss Index : 10 Epoch Time: 0m 15s Tau : 0.60

-------------------------------------Iter18-------------------------------------
Train: final loss=0.742420, aspect loss=0.068603, opinion loss=0.000000, domain loss=0.672173, sentiment loss=0.000000, reg loss=0.000000, step=34542
Dev:   final loss=0.166052, aspect loss=0.166052, opinion loss=0.000000, sentiment loss=0.000000, reg loss=0.000000, step=34542
Dev:   aspect f1=0.4402, opinion f1=0.0000, sentiment acc==0.0000, sentiment f1==0.0000, ABSA f1==0.0000,
Test:  aspect f1=0.4402, opinion f1=0.0000, sentiment acc==0.0000, sentiment f1==0.0000, ABSA f1==0.0000,
Current Max Metrics Index : 8 Current Min Loss Index : 10 Epoch Time: 0m 15s Tau : 0.58

-------------------------------------Iter19-------------------------------------
Train: final loss=0.740225, aspect loss=0.067564, opinion loss=0.000000, domain loss=0.671804, sentiment loss=0.000000, reg loss=0.000000, step=36360
Dev:   final loss=0.164015, aspect loss=0.164015, opinion loss=0.000000, sentiment loss=0.000000, reg loss=0.000000, step=36360
Dev:   aspect f1=0.4612, opinion f1=0.0000, sentiment acc==0.0000, sentiment f1==0.0000, ABSA f1==0.0000,
Test:  aspect f1=0.4612, opinion f1=0.0000, sentiment acc==0.0000, sentiment f1==0.0000, ABSA f1==0.0000,
Current Max Metrics Index : 8 Current Min Loss Index : 10 Epoch Time: 0m 15s Tau : 0.57

-------------------------------------Iter20-------------------------------------
Train: final loss=0.740537, aspect loss=0.066641, opinion loss=0.000000, domain loss=0.672382, sentiment loss=0.000000, reg loss=0.000000, step=38178
Dev:   final loss=0.156850, aspect loss=0.156850, opinion loss=0.000000, sentiment loss=0.000000, reg loss=0.000000, step=38178
Dev:   aspect f1=0.4586, opinion f1=0.0000, sentiment acc==0.0000, sentiment f1==0.0000, ABSA f1==0.0000,
Test:  aspect f1=0.4586, opinion f1=0.0000, sentiment acc==0.0000, sentiment f1==0.0000, ABSA f1==0.0000,
Current Max Metrics Index : 8 Current Min Loss Index : 10 Epoch Time: 0m 15s Tau : 0.55

-------------------------------------Iter21-------------------------------------
Train: final loss=0.738740, aspect loss=0.065581, opinion loss=0.000000, domain loss=0.671966, sentiment loss=0.000000, reg loss=0.000000, step=39996
Dev:   final loss=0.156236, aspect loss=0.156236, opinion loss=0.000000, sentiment loss=0.000000, reg loss=0.000000, step=39996
Dev:   aspect f1=0.4934, opinion f1=0.0000, sentiment acc==0.0000, sentiment f1==0.0000, ABSA f1==0.0000,
Test:  aspect f1=0.4934, opinion f1=0.0000, sentiment acc==0.0000, sentiment f1==0.0000, ABSA f1==0.0000,
Current Max Metrics Index : 21 Current Min Loss Index : 21 Epoch Time: 0m 15s Tau : 0.53
>> Checkpoint Saved: state_dict/restaurant-to-laptop/[SynBridge]-ATE-F1-0.4934.pth

-------------------------------------Iter22-------------------------------------
Train: final loss=0.737321, aspect loss=0.065386, opinion loss=0.000000, domain loss=0.671627, sentiment loss=0.000000, reg loss=0.000000, step=41814
Dev:   final loss=0.163260, aspect loss=0.163260, opinion loss=0.000000, sentiment loss=0.000000, reg loss=0.000000, step=41814
Dev:   aspect f1=0.4771, opinion f1=0.0000, sentiment acc==0.0000, sentiment f1==0.0000, ABSA f1==0.0000,
Test:  aspect f1=0.4771, opinion f1=0.0000, sentiment acc==0.0000, sentiment f1==0.0000, ABSA f1==0.0000,
Current Max Metrics Index : 21 Current Min Loss Index : 21 Epoch Time: 0m 15s Tau : 0.52

-------------------------------------Iter23-------------------------------------
Train: final loss=0.736673, aspect loss=0.064046, opinion loss=0.000000, domain loss=0.672148, sentiment loss=0.000000, reg loss=0.000000, step=43632
Dev:   final loss=0.164640, aspect loss=0.164640, opinion loss=0.000000, sentiment loss=0.000000, reg loss=0.000000, step=43632
Dev:   aspect f1=0.4728, opinion f1=0.0000, sentiment acc==0.0000, sentiment f1==0.0000, ABSA f1==0.0000,
Test:  aspect f1=0.4728, opinion f1=0.0000, sentiment acc==0.0000, sentiment f1==0.0000, ABSA f1==0.0000,
Current Max Metrics Index : 21 Current Min Loss Index : 21 Epoch Time: 0m 15s Tau : 0.50

-------------------------------------Iter24-------------------------------------
Train: final loss=0.737137, aspect loss=0.063968, opinion loss=0.000000, domain loss=0.672234, sentiment loss=0.000000, reg loss=0.000000, step=45450
Dev:   final loss=0.158683, aspect loss=0.158683, opinion loss=0.000000, sentiment loss=0.000000, reg loss=0.000000, step=45450
Dev:   aspect f1=0.4923, opinion f1=0.0000, sentiment acc==0.0000, sentiment f1==0.0000, ABSA f1==0.0000,
Test:  aspect f1=0.4923, opinion f1=0.0000, sentiment acc==0.0000, sentiment f1==0.0000, ABSA f1==0.0000,
Current Max Metrics Index : 21 Current Min Loss Index : 21 Epoch Time: 0m 15s Tau : 0.49

-------------------------------------Iter25-------------------------------------
Train: final loss=0.734628, aspect loss=0.062443, opinion loss=0.000000, domain loss=0.672141, sentiment loss=0.000000, reg loss=0.000000, step=47268
Dev:   final loss=0.165439, aspect loss=0.165439, opinion loss=0.000000, sentiment loss=0.000000, reg loss=0.000000, step=47268
Dev:   aspect f1=0.4345, opinion f1=0.0000, sentiment acc==0.0000, sentiment f1==0.0000, ABSA f1==0.0000,
Test:  aspect f1=0.4345, opinion f1=0.0000, sentiment acc==0.0000, sentiment f1==0.0000, ABSA f1==0.0000,
Current Max Metrics Index : 21 Current Min Loss Index : 21 Epoch Time: 0m 15s Tau : 0.47

-------------------------------------Iter26-------------------------------------
Train: final loss=0.735070, aspect loss=0.062362, opinion loss=0.000000, domain loss=0.672079, sentiment loss=0.000000, reg loss=0.000000, step=49086
Dev:   final loss=0.164769, aspect loss=0.164769, opinion loss=0.000000, sentiment loss=0.000000, reg loss=0.000000, step=49086
Dev:   aspect f1=0.4673, opinion f1=0.0000, sentiment acc==0.0000, sentiment f1==0.0000, ABSA f1==0.0000,
Test:  aspect f1=0.4673, opinion f1=0.0000, sentiment acc==0.0000, sentiment f1==0.0000, ABSA f1==0.0000,
Current Max Metrics Index : 21 Current Min Loss Index : 21 Epoch Time: 0m 15s Tau : 0.46

-------------------------------------Iter27-------------------------------------
Train: final loss=0.734584, aspect loss=0.062086, opinion loss=0.000000, domain loss=0.671856, sentiment loss=0.000000, reg loss=0.000000, step=50904
Dev:   final loss=0.162831, aspect loss=0.162831, opinion loss=0.000000, sentiment loss=0.000000, reg loss=0.000000, step=50904
Dev:   aspect f1=0.4797, opinion f1=0.0000, sentiment acc==0.0000, sentiment f1==0.0000, ABSA f1==0.0000,
Test:  aspect f1=0.4797, opinion f1=0.0000, sentiment acc==0.0000, sentiment f1==0.0000, ABSA f1==0.0000,
Current Max Metrics Index : 21 Current Min Loss Index : 21 Epoch Time: 0m 15s Tau : 0.44

-------------------------------------Iter28-------------------------------------
Train: final loss=0.732378, aspect loss=0.060101, opinion loss=0.000000, domain loss=0.671684, sentiment loss=0.000000, reg loss=0.000000, step=52722
Dev:   final loss=0.165589, aspect loss=0.165589, opinion loss=0.000000, sentiment loss=0.000000, reg loss=0.000000, step=52722
Dev:   aspect f1=0.4888, opinion f1=0.0000, sentiment acc==0.0000, sentiment f1==0.0000, ABSA f1==0.0000,
Test:  aspect f1=0.4888, opinion f1=0.0000, sentiment acc==0.0000, sentiment f1==0.0000, ABSA f1==0.0000,
Current Max Metrics Index : 21 Current Min Loss Index : 21 Epoch Time: 0m 15s Tau : 0.43

-------------------------------------Iter29-------------------------------------
Train: final loss=0.733343, aspect loss=0.060306, opinion loss=0.000000, domain loss=0.672003, sentiment loss=0.000000, reg loss=0.000000, step=54540
Dev:   final loss=0.161274, aspect loss=0.161274, opinion loss=0.000000, sentiment loss=0.000000, reg loss=0.000000, step=54540
Dev:   aspect f1=0.4878, opinion f1=0.0000, sentiment acc==0.0000, sentiment f1==0.0000, ABSA f1==0.0000,
Test:  aspect f1=0.4878, opinion f1=0.0000, sentiment acc==0.0000, sentiment f1==0.0000, ABSA f1==0.0000,
Current Max Metrics Index : 21 Current Min Loss Index : 21 Epoch Time: 0m 15s Tau : 0.42

-------------------------------------Iter30-------------------------------------
Train: final loss=0.731821, aspect loss=0.059197, opinion loss=0.000000, domain loss=0.671822, sentiment loss=0.000000, reg loss=0.000000, step=56358
Dev:   final loss=0.168366, aspect loss=0.168366, opinion loss=0.000000, sentiment loss=0.000000, reg loss=0.000000, step=56358
Dev:   aspect f1=0.4681, opinion f1=0.0000, sentiment acc==0.0000, sentiment f1==0.0000, ABSA f1==0.0000,
Test:  aspect f1=0.4681, opinion f1=0.0000, sentiment acc==0.0000, sentiment f1==0.0000, ABSA f1==0.0000,
Current Max Metrics Index : 21 Current Min Loss Index : 21 Epoch Time: 0m 15s Tau : 0.41

-------------------------------------Iter31-------------------------------------
Train: final loss=0.730539, aspect loss=0.057882, opinion loss=0.000000, domain loss=0.671803, sentiment loss=0.000000, reg loss=0.000000, step=58176
Dev:   final loss=0.161564, aspect loss=0.161564, opinion loss=0.000000, sentiment loss=0.000000, reg loss=0.000000, step=58176
Dev:   aspect f1=0.4862, opinion f1=0.0000, sentiment acc==0.0000, sentiment f1==0.0000, ABSA f1==0.0000,
Test:  aspect f1=0.4862, opinion f1=0.0000, sentiment acc==0.0000, sentiment f1==0.0000, ABSA f1==0.0000,
Current Max Metrics Index : 21 Current Min Loss Index : 21 Epoch Time: 0m 15s Tau : 0.39

-------------------------------------Iter32-------------------------------------
Train: final loss=0.730597, aspect loss=0.057442, opinion loss=0.000000, domain loss=0.671967, sentiment loss=0.000000, reg loss=0.000000, step=59994
Dev:   final loss=0.174536, aspect loss=0.174536, opinion loss=0.000000, sentiment loss=0.000000, reg loss=0.000000, step=59994
Dev:   aspect f1=0.4875, opinion f1=0.0000, sentiment acc==0.0000, sentiment f1==0.0000, ABSA f1==0.0000,
Test:  aspect f1=0.4875, opinion f1=0.0000, sentiment acc==0.0000, sentiment f1==0.0000, ABSA f1==0.0000,
Current Max Metrics Index : 21 Current Min Loss Index : 21 Epoch Time: 0m 15s Tau : 0.38

-------------------------------------Iter33-------------------------------------
Train: final loss=0.730654, aspect loss=0.057362, opinion loss=0.000000, domain loss=0.671935, sentiment loss=0.000000, reg loss=0.000000, step=61812
Dev:   final loss=0.170193, aspect loss=0.170193, opinion loss=0.000000, sentiment loss=0.000000, reg loss=0.000000, step=61812
Dev:   aspect f1=0.4768, opinion f1=0.0000, sentiment acc==0.0000, sentiment f1==0.0000, ABSA f1==0.0000,
Test:  aspect f1=0.4768, opinion f1=0.0000, sentiment acc==0.0000, sentiment f1==0.0000, ABSA f1==0.0000,
Current Max Metrics Index : 21 Current Min Loss Index : 21 Epoch Time: 0m 15s Tau : 0.37

-------------------------------------Iter34-------------------------------------
Train: final loss=0.729327, aspect loss=0.055988, opinion loss=0.000000, domain loss=0.672167, sentiment loss=0.000000, reg loss=0.000000, step=63630
Dev:   final loss=0.170797, aspect loss=0.170797, opinion loss=0.000000, sentiment loss=0.000000, reg loss=0.000000, step=63630
Dev:   aspect f1=0.4811, opinion f1=0.0000, sentiment acc==0.0000, sentiment f1==0.0000, ABSA f1==0.0000,
Test:  aspect f1=0.4811, opinion f1=0.0000, sentiment acc==0.0000, sentiment f1==0.0000, ABSA f1==0.0000,
Current Max Metrics Index : 21 Current Min Loss Index : 21 Epoch Time: 0m 15s Tau : 0.36

-------------------------------------Iter35-------------------------------------
Train: final loss=0.728080, aspect loss=0.055502, opinion loss=0.000000, domain loss=0.671886, sentiment loss=0.000000, reg loss=0.000000, step=65448
Dev:   final loss=0.177938, aspect loss=0.177938, opinion loss=0.000000, sentiment loss=0.000000, reg loss=0.000000, step=65448
Dev:   aspect f1=0.4918, opinion f1=0.0000, sentiment acc==0.0000, sentiment f1==0.0000, ABSA f1==0.0000,
Test:  aspect f1=0.4918, opinion f1=0.0000, sentiment acc==0.0000, sentiment f1==0.0000, ABSA f1==0.0000,
Current Max Metrics Index : 21 Current Min Loss Index : 21 Epoch Time: 0m 15s Tau : 0.35

-------------------------------------Iter36-------------------------------------
Train: final loss=0.728665, aspect loss=0.055867, opinion loss=0.000000, domain loss=0.671692, sentiment loss=0.000000, reg loss=0.000000, step=67266
Dev:   final loss=0.176050, aspect loss=0.176050, opinion loss=0.000000, sentiment loss=0.000000, reg loss=0.000000, step=67266
Dev:   aspect f1=0.4799, opinion f1=0.0000, sentiment acc==0.0000, sentiment f1==0.0000, ABSA f1==0.0000,
Test:  aspect f1=0.4799, opinion f1=0.0000, sentiment acc==0.0000, sentiment f1==0.0000, ABSA f1==0.0000,
Current Max Metrics Index : 21 Current Min Loss Index : 21 Epoch Time: 0m 15s Tau : 0.34

-------------------------------------Iter37-------------------------------------
Train: final loss=0.728444, aspect loss=0.054901, opinion loss=0.000000, domain loss=0.672198, sentiment loss=0.000000, reg loss=0.000000, step=69084
Dev:   final loss=0.167843, aspect loss=0.167843, opinion loss=0.000000, sentiment loss=0.000000, reg loss=0.000000, step=69084
Dev:   aspect f1=0.4872, opinion f1=0.0000, sentiment acc==0.0000, sentiment f1==0.0000, ABSA f1==0.0000,
Test:  aspect f1=0.4872, opinion f1=0.0000, sentiment acc==0.0000, sentiment f1==0.0000, ABSA f1==0.0000,
Current Max Metrics Index : 21 Current Min Loss Index : 21 Epoch Time: 0m 15s Tau : 0.33

-------------------------------------Iter38-------------------------------------
Train: final loss=0.727379, aspect loss=0.053821, opinion loss=0.000000, domain loss=0.672109, sentiment loss=0.000000, reg loss=0.000000, step=70902
Dev:   final loss=0.172811, aspect loss=0.172811, opinion loss=0.000000, sentiment loss=0.000000, reg loss=0.000000, step=70902
Dev:   aspect f1=0.4907, opinion f1=0.0000, sentiment acc==0.0000, sentiment f1==0.0000, ABSA f1==0.0000,
Test:  aspect f1=0.4907, opinion f1=0.0000, sentiment acc==0.0000, sentiment f1==0.0000, ABSA f1==0.0000,
Current Max Metrics Index : 21 Current Min Loss Index : 21 Epoch Time: 0m 15s Tau : 0.32

-------------------------------------Iter39-------------------------------------
Train: final loss=0.725891, aspect loss=0.052989, opinion loss=0.000000, domain loss=0.671837, sentiment loss=0.000000, reg loss=0.000000, step=72720
Dev:   final loss=0.175487, aspect loss=0.175487, opinion loss=0.000000, sentiment loss=0.000000, reg loss=0.000000, step=72720
Dev:   aspect f1=0.4764, opinion f1=0.0000, sentiment acc==0.0000, sentiment f1==0.0000, ABSA f1==0.0000,
Test:  aspect f1=0.4764, opinion f1=0.0000, sentiment acc==0.0000, sentiment f1==0.0000, ABSA f1==0.0000,
Current Max Metrics Index : 21 Current Min Loss Index : 21 Epoch Time: 0m 15s Tau : 0.31

-------------------------------------Iter40-------------------------------------
Train: final loss=0.726127, aspect loss=0.053025, opinion loss=0.000000, domain loss=0.672110, sentiment loss=0.000000, reg loss=0.000000, step=74538
Dev:   final loss=0.177214, aspect loss=0.177214, opinion loss=0.000000, sentiment loss=0.000000, reg loss=0.000000, step=74538
Dev:   aspect f1=0.4873, opinion f1=0.0000, sentiment acc==0.0000, sentiment f1==0.0000, ABSA f1==0.0000,
Test:  aspect f1=0.4873, opinion f1=0.0000, sentiment acc==0.0000, sentiment f1==0.0000, ABSA f1==0.0000,
Current Max Metrics Index : 21 Current Min Loss Index : 21 Epoch Time: 0m 15s Tau : 0.30

-------------------------------------Iter41-------------------------------------
Train: final loss=0.726540, aspect loss=0.053345, opinion loss=0.000000, domain loss=0.672201, sentiment loss=0.000000, reg loss=0.000000, step=76356
Dev:   final loss=0.174056, aspect loss=0.174056, opinion loss=0.000000, sentiment loss=0.000000, reg loss=0.000000, step=76356
Dev:   aspect f1=0.4810, opinion f1=0.0000, sentiment acc==0.0000, sentiment f1==0.0000, ABSA f1==0.0000,
Test:  aspect f1=0.4810, opinion f1=0.0000, sentiment acc==0.0000, sentiment f1==0.0000, ABSA f1==0.0000,
Current Max Metrics Index : 21 Current Min Loss Index : 21 Epoch Time: 0m 15s Tau : 0.29

-------------------------------------Iter42-------------------------------------
Train: final loss=0.726229, aspect loss=0.052734, opinion loss=0.000000, domain loss=0.671762, sentiment loss=0.000000, reg loss=0.000000, step=78174
Dev:   final loss=0.176021, aspect loss=0.176021, opinion loss=0.000000, sentiment loss=0.000000, reg loss=0.000000, step=78174
Dev:   aspect f1=0.4737, opinion f1=0.0000, sentiment acc==0.0000, sentiment f1==0.0000, ABSA f1==0.0000,
Test:  aspect f1=0.4737, opinion f1=0.0000, sentiment acc==0.0000, sentiment f1==0.0000, ABSA f1==0.0000,
Current Max Metrics Index : 21 Current Min Loss Index : 21 Epoch Time: 0m 15s Tau : 0.28

-------------------------------------Iter43-------------------------------------
Train: final loss=0.725318, aspect loss=0.051570, opinion loss=0.000000, domain loss=0.672023, sentiment loss=0.000000, reg loss=0.000000, step=79992
Dev:   final loss=0.177444, aspect loss=0.177444, opinion loss=0.000000, sentiment loss=0.000000, reg loss=0.000000, step=79992
Dev:   aspect f1=0.4656, opinion f1=0.0000, sentiment acc==0.0000, sentiment f1==0.0000, ABSA f1==0.0000,
Test:  aspect f1=0.4656, opinion f1=0.0000, sentiment acc==0.0000, sentiment f1==0.0000, ABSA f1==0.0000,
Current Max Metrics Index : 21 Current Min Loss Index : 21 Epoch Time: 0m 15s Tau : 0.28

-------------------------------------Iter44-------------------------------------
Train: final loss=0.724518, aspect loss=0.051687, opinion loss=0.000000, domain loss=0.671983, sentiment loss=0.000000, reg loss=0.000000, step=81810
Dev:   final loss=0.176507, aspect loss=0.176507, opinion loss=0.000000, sentiment loss=0.000000, reg loss=0.000000, step=81810
Dev:   aspect f1=0.4655, opinion f1=0.0000, sentiment acc==0.0000, sentiment f1==0.0000, ABSA f1==0.0000,
Test:  aspect f1=0.4655, opinion f1=0.0000, sentiment acc==0.0000, sentiment f1==0.0000, ABSA f1==0.0000,
Current Max Metrics Index : 21 Current Min Loss Index : 21 Epoch Time: 0m 15s Tau : 0.27

-------------------------------------Iter45-------------------------------------
Train: final loss=0.723352, aspect loss=0.049813, opinion loss=0.000000, domain loss=0.672081, sentiment loss=0.000000, reg loss=0.000000, step=83628
Dev:   final loss=0.177696, aspect loss=0.177696, opinion loss=0.000000, sentiment loss=0.000000, reg loss=0.000000, step=83628
Dev:   aspect f1=0.4759, opinion f1=0.0000, sentiment acc==0.0000, sentiment f1==0.0000, ABSA f1==0.0000,
Test:  aspect f1=0.4759, opinion f1=0.0000, sentiment acc==0.0000, sentiment f1==0.0000, ABSA f1==0.0000,
Current Max Metrics Index : 21 Current Min Loss Index : 21 Epoch Time: 0m 15s Tau : 0.26

-------------------------------------Iter46-------------------------------------
Train: final loss=0.723055, aspect loss=0.050173, opinion loss=0.000000, domain loss=0.671783, sentiment loss=0.000000, reg loss=0.000000, step=85446
Dev:   final loss=0.172975, aspect loss=0.172975, opinion loss=0.000000, sentiment loss=0.000000, reg loss=0.000000, step=85446
Dev:   aspect f1=0.4891, opinion f1=0.0000, sentiment acc==0.0000, sentiment f1==0.0000, ABSA f1==0.0000,
Test:  aspect f1=0.4891, opinion f1=0.0000, sentiment acc==0.0000, sentiment f1==0.0000, ABSA f1==0.0000,
Current Max Metrics Index : 21 Current Min Loss Index : 21 Epoch Time: 0m 15s Tau : 0.25

-------------------------------------Iter47-------------------------------------
Train: final loss=0.722989, aspect loss=0.050232, opinion loss=0.000000, domain loss=0.672088, sentiment loss=0.000000, reg loss=0.000000, step=87264
Dev:   final loss=0.178667, aspect loss=0.178667, opinion loss=0.000000, sentiment loss=0.000000, reg loss=0.000000, step=87264
Dev:   aspect f1=0.4724, opinion f1=0.0000, sentiment acc==0.0000, sentiment f1==0.0000, ABSA f1==0.0000,
Test:  aspect f1=0.4724, opinion f1=0.0000, sentiment acc==0.0000, sentiment f1==0.0000, ABSA f1==0.0000,
Current Max Metrics Index : 21 Current Min Loss Index : 21 Epoch Time: 0m 15s Tau : 0.24

-------------------------------------Iter48-------------------------------------
Train: final loss=0.723252, aspect loss=0.050355, opinion loss=0.000000, domain loss=0.671781, sentiment loss=0.000000, reg loss=0.000000, step=89082
Dev:   final loss=0.190662, aspect loss=0.190662, opinion loss=0.000000, sentiment loss=0.000000, reg loss=0.000000, step=89082
Dev:   aspect f1=0.4740, opinion f1=0.0000, sentiment acc==0.0000, sentiment f1==0.0000, ABSA f1==0.0000,
Test:  aspect f1=0.4740, opinion f1=0.0000, sentiment acc==0.0000, sentiment f1==0.0000, ABSA f1==0.0000,
Current Max Metrics Index : 21 Current Min Loss Index : 21 Epoch Time: 0m 15s Tau : 0.24

-------------------------------------Iter49-------------------------------------
Train: final loss=0.723083, aspect loss=0.049653, opinion loss=0.000000, domain loss=0.672075, sentiment loss=0.000000, reg loss=0.000000, step=90900
Dev:   final loss=0.172453, aspect loss=0.172453, opinion loss=0.000000, sentiment loss=0.000000, reg loss=0.000000, step=90900
Dev:   aspect f1=0.4695, opinion f1=0.0000, sentiment acc==0.0000, sentiment f1==0.0000, ABSA f1==0.0000,
Test:  aspect f1=0.4695, opinion f1=0.0000, sentiment acc==0.0000, sentiment f1==0.0000, ABSA f1==0.0000,
Current Max Metrics Index : 21 Current Min Loss Index : 21 Epoch Time: 0m 15s Tau : 0.23

-------------------------------------Iter50-------------------------------------
Train: final loss=0.721801, aspect loss=0.048549, opinion loss=0.000000, domain loss=0.672160, sentiment loss=0.000000, reg loss=0.000000, step=92718
Dev:   final loss=0.183358, aspect loss=0.183358, opinion loss=0.000000, sentiment loss=0.000000, reg loss=0.000000, step=92718
Dev:   aspect f1=0.4669, opinion f1=0.0000, sentiment acc==0.0000, sentiment f1==0.0000, ABSA f1==0.0000,
Test:  aspect f1=0.4669, opinion f1=0.0000, sentiment acc==0.0000, sentiment f1==0.0000, ABSA f1==0.0000,
Current Max Metrics Index : 21 Current Min Loss Index : 21 Epoch Time: 0m 15s Tau : 0.22

-------------------------------------Iter51-------------------------------------
Train: final loss=0.721656, aspect loss=0.048644, opinion loss=0.000000, domain loss=0.672070, sentiment loss=0.000000, reg loss=0.000000, step=94536
Dev:   final loss=0.179825, aspect loss=0.179825, opinion loss=0.000000, sentiment loss=0.000000, reg loss=0.000000, step=94536
Dev:   aspect f1=0.4756, opinion f1=0.0000, sentiment acc==0.0000, sentiment f1==0.0000, ABSA f1==0.0000,
Test:  aspect f1=0.4756, opinion f1=0.0000, sentiment acc==0.0000, sentiment f1==0.0000, ABSA f1==0.0000,
Current Max Metrics Index : 21 Current Min Loss Index : 21 Epoch Time: 0m 15s Tau : 0.22

-------------------------------------Iter52-------------------------------------
Train: final loss=0.721198, aspect loss=0.047622, opinion loss=0.000000, domain loss=0.672084, sentiment loss=0.000000, reg loss=0.000000, step=96354
Dev:   final loss=0.187896, aspect loss=0.187896, opinion loss=0.000000, sentiment loss=0.000000, reg loss=0.000000, step=96354
Dev:   aspect f1=0.4759, opinion f1=0.0000, sentiment acc==0.0000, sentiment f1==0.0000, ABSA f1==0.0000,
Test:  aspect f1=0.4759, opinion f1=0.0000, sentiment acc==0.0000, sentiment f1==0.0000, ABSA f1==0.0000,
Current Max Metrics Index : 21 Current Min Loss Index : 21 Epoch Time: 0m 15s Tau : 0.21

-------------------------------------Iter53-------------------------------------
Train: final loss=0.720952, aspect loss=0.047841, opinion loss=0.000000, domain loss=0.671793, sentiment loss=0.000000, reg loss=0.000000, step=98172
Dev:   final loss=0.173562, aspect loss=0.173562, opinion loss=0.000000, sentiment loss=0.000000, reg loss=0.000000, step=98172
Dev:   aspect f1=0.4746, opinion f1=0.0000, sentiment acc==0.0000, sentiment f1==0.0000, ABSA f1==0.0000,
Test:  aspect f1=0.4746, opinion f1=0.0000, sentiment acc==0.0000, sentiment f1==0.0000, ABSA f1==0.0000,
Current Max Metrics Index : 21 Current Min Loss Index : 21 Epoch Time: 0m 15s Tau : 0.20

-------------------------------------Iter54-------------------------------------
Train: final loss=0.722007, aspect loss=0.047898, opinion loss=0.000000, domain loss=0.672207, sentiment loss=0.000000, reg loss=0.000000, step=99990
Dev:   final loss=0.186681, aspect loss=0.186681, opinion loss=0.000000, sentiment loss=0.000000, reg loss=0.000000, step=99990
Dev:   aspect f1=0.4785, opinion f1=0.0000, sentiment acc==0.0000, sentiment f1==0.0000, ABSA f1==0.0000,
Test:  aspect f1=0.4785, opinion f1=0.0000, sentiment acc==0.0000, sentiment f1==0.0000, ABSA f1==0.0000,
Current Max Metrics Index : 21 Current Min Loss Index : 21 Epoch Time: 0m 15s Tau : 0.20

-------------------------------------Iter55-------------------------------------
Train: final loss=0.720711, aspect loss=0.047276, opinion loss=0.000000, domain loss=0.672244, sentiment loss=0.000000, reg loss=0.000000, step=101808
Dev:   final loss=0.189463, aspect loss=0.189463, opinion loss=0.000000, sentiment loss=0.000000, reg loss=0.000000, step=101808
Dev:   aspect f1=0.4708, opinion f1=0.0000, sentiment acc==0.0000, sentiment f1==0.0000, ABSA f1==0.0000,
Test:  aspect f1=0.4708, opinion f1=0.0000, sentiment acc==0.0000, sentiment f1==0.0000, ABSA f1==0.0000,
Current Max Metrics Index : 21 Current Min Loss Index : 21 Epoch Time: 0m 15s Tau : 0.19

-------------------------------------Iter56-------------------------------------
Train: final loss=0.719084, aspect loss=0.046327, opinion loss=0.000000, domain loss=0.672052, sentiment loss=0.000000, reg loss=0.000000, step=103626
Dev:   final loss=0.183256, aspect loss=0.183256, opinion loss=0.000000, sentiment loss=0.000000, reg loss=0.000000, step=103626
Dev:   aspect f1=0.4566, opinion f1=0.0000, sentiment acc==0.0000, sentiment f1==0.0000, ABSA f1==0.0000,
Test:  aspect f1=0.4566, opinion f1=0.0000, sentiment acc==0.0000, sentiment f1==0.0000, ABSA f1==0.0000,
Current Max Metrics Index : 21 Current Min Loss Index : 21 Epoch Time: 0m 15s Tau : 0.19

-------------------------------------Iter57-------------------------------------
Train: final loss=0.719939, aspect loss=0.046729, opinion loss=0.000000, domain loss=0.672030, sentiment loss=0.000000, reg loss=0.000000, step=105444
Dev:   final loss=0.182143, aspect loss=0.182143, opinion loss=0.000000, sentiment loss=0.000000, reg loss=0.000000, step=105444
Dev:   aspect f1=0.4581, opinion f1=0.0000, sentiment acc==0.0000, sentiment f1==0.0000, ABSA f1==0.0000,
Test:  aspect f1=0.4581, opinion f1=0.0000, sentiment acc==0.0000, sentiment f1==0.0000, ABSA f1==0.0000,
Current Max Metrics Index : 21 Current Min Loss Index : 21 Epoch Time: 0m 15s Tau : 0.18

-------------------------------------Iter58-------------------------------------
Train: final loss=0.718094, aspect loss=0.045865, opinion loss=0.000000, domain loss=0.671764, sentiment loss=0.000000, reg loss=0.000000, step=107262
Dev:   final loss=0.186840, aspect loss=0.186840, opinion loss=0.000000, sentiment loss=0.000000, reg loss=0.000000, step=107262
Dev:   aspect f1=0.4820, opinion f1=0.0000, sentiment acc==0.0000, sentiment f1==0.0000, ABSA f1==0.0000,
Test:  aspect f1=0.4820, opinion f1=0.0000, sentiment acc==0.0000, sentiment f1==0.0000, ABSA f1==0.0000,
Current Max Metrics Index : 21 Current Min Loss Index : 21 Epoch Time: 0m 15s Tau : 0.18

-------------------------------------Iter59-------------------------------------
Train: final loss=0.717326, aspect loss=0.045118, opinion loss=0.000000, domain loss=0.672299, sentiment loss=0.000000, reg loss=0.000000, step=109080
Dev:   final loss=0.187431, aspect loss=0.187431, opinion loss=0.000000, sentiment loss=0.000000, reg loss=0.000000, step=109080
Dev:   aspect f1=0.4665, opinion f1=0.0000, sentiment acc==0.0000, sentiment f1==0.0000, ABSA f1==0.0000,
Test:  aspect f1=0.4665, opinion f1=0.0000, sentiment acc==0.0000, sentiment f1==0.0000, ABSA f1==0.0000,
Current Max Metrics Index : 21 Current Min Loss Index : 21 Epoch Time: 0m 15s Tau : 0.17

-------------------------------------Iter60-------------------------------------
Train: final loss=0.718081, aspect loss=0.044894, opinion loss=0.000000, domain loss=0.672178, sentiment loss=0.000000, reg loss=0.000000, step=110898
Dev:   final loss=0.183734, aspect loss=0.183734, opinion loss=0.000000, sentiment loss=0.000000, reg loss=0.000000, step=110898
Dev:   aspect f1=0.4850, opinion f1=0.0000, sentiment acc==0.0000, sentiment f1==0.0000, ABSA f1==0.0000,
Test:  aspect f1=0.4850, opinion f1=0.0000, sentiment acc==0.0000, sentiment f1==0.0000, ABSA f1==0.0000,
Current Max Metrics Index : 21 Current Min Loss Index : 21 Epoch Time: 0m 15s Tau : 0.17

-------------------------------------Iter61-------------------------------------
Train: final loss=0.717606, aspect loss=0.044647, opinion loss=0.000000, domain loss=0.671915, sentiment loss=0.000000, reg loss=0.000000, step=112716
Dev:   final loss=0.186310, aspect loss=0.186310, opinion loss=0.000000, sentiment loss=0.000000, reg loss=0.000000, step=112716
Dev:   aspect f1=0.4842, opinion f1=0.0000, sentiment acc==0.0000, sentiment f1==0.0000, ABSA f1==0.0000,
Test:  aspect f1=0.4842, opinion f1=0.0000, sentiment acc==0.0000, sentiment f1==0.0000, ABSA f1==0.0000,
Current Max Metrics Index : 21 Current Min Loss Index : 21 Epoch Time: 0m 15s Tau : 0.16

-------------------------------------Iter62-------------------------------------
Train: final loss=0.717154, aspect loss=0.045259, opinion loss=0.000000, domain loss=0.671722, sentiment loss=0.000000, reg loss=0.000000, step=114534
Dev:   final loss=0.178919, aspect loss=0.178919, opinion loss=0.000000, sentiment loss=0.000000, reg loss=0.000000, step=114534
Dev:   aspect f1=0.4670, opinion f1=0.0000, sentiment acc==0.0000, sentiment f1==0.0000, ABSA f1==0.0000,
Test:  aspect f1=0.4670, opinion f1=0.0000, sentiment acc==0.0000, sentiment f1==0.0000, ABSA f1==0.0000,
Current Max Metrics Index : 21 Current Min Loss Index : 21 Epoch Time: 0m 15s Tau : 0.16

-------------------------------------Iter63-------------------------------------
Train: final loss=0.718373, aspect loss=0.045250, opinion loss=0.000000, domain loss=0.672055, sentiment loss=0.000000, reg loss=0.000000, step=116352
Dev:   final loss=0.188580, aspect loss=0.188580, opinion loss=0.000000, sentiment loss=0.000000, reg loss=0.000000, step=116352
Dev:   aspect f1=0.4809, opinion f1=0.0000, sentiment acc==0.0000, sentiment f1==0.0000, ABSA f1==0.0000,
Test:  aspect f1=0.4809, opinion f1=0.0000, sentiment acc==0.0000, sentiment f1==0.0000, ABSA f1==0.0000,
Current Max Metrics Index : 21 Current Min Loss Index : 21 Epoch Time: 0m 15s Tau : 0.15

-------------------------------------Iter64-------------------------------------
Train: final loss=0.717825, aspect loss=0.044509, opinion loss=0.000000, domain loss=0.672024, sentiment loss=0.000000, reg loss=0.000000, step=118170
Dev:   final loss=0.188444, aspect loss=0.188444, opinion loss=0.000000, sentiment loss=0.000000, reg loss=0.000000, step=118170
Dev:   aspect f1=0.4813, opinion f1=0.0000, sentiment acc==0.0000, sentiment f1==0.0000, ABSA f1==0.0000,
Test:  aspect f1=0.4813, opinion f1=0.0000, sentiment acc==0.0000, sentiment f1==0.0000, ABSA f1==0.0000,
Current Max Metrics Index : 21 Current Min Loss Index : 21 Epoch Time: 0m 15s Tau : 0.15

-------------------------------------Iter65-------------------------------------
Train: final loss=0.717962, aspect loss=0.044435, opinion loss=0.000000, domain loss=0.672160, sentiment loss=0.000000, reg loss=0.000000, step=119988
Dev:   final loss=0.182662, aspect loss=0.182662, opinion loss=0.000000, sentiment loss=0.000000, reg loss=0.000000, step=119988
Dev:   aspect f1=0.4926, opinion f1=0.0000, sentiment acc==0.0000, sentiment f1==0.0000, ABSA f1==0.0000,
Test:  aspect f1=0.4926, opinion f1=0.0000, sentiment acc==0.0000, sentiment f1==0.0000, ABSA f1==0.0000,
Current Max Metrics Index : 21 Current Min Loss Index : 21 Epoch Time: 0m 15s Tau : 0.14

-------------------------------------Iter66-------------------------------------
Train: final loss=0.717405, aspect loss=0.043749, opinion loss=0.000000, domain loss=0.672078, sentiment loss=0.000000, reg loss=0.000000, step=121806
Dev:   final loss=0.188207, aspect loss=0.188207, opinion loss=0.000000, sentiment loss=0.000000, reg loss=0.000000, step=121806
Dev:   aspect f1=0.4797, opinion f1=0.0000, sentiment acc==0.0000, sentiment f1==0.0000, ABSA f1==0.0000,
Test:  aspect f1=0.4797, opinion f1=0.0000, sentiment acc==0.0000, sentiment f1==0.0000, ABSA f1==0.0000,
Current Max Metrics Index : 21 Current Min Loss Index : 21 Epoch Time: 0m 15s Tau : 0.14

-------------------------------------Iter67-------------------------------------
Train: final loss=0.716444, aspect loss=0.043575, opinion loss=0.000000, domain loss=0.671429, sentiment loss=0.000000, reg loss=0.000000, step=123624
Dev:   final loss=0.183309, aspect loss=0.183309, opinion loss=0.000000, sentiment loss=0.000000, reg loss=0.000000, step=123624
Dev:   aspect f1=0.4774, opinion f1=0.0000, sentiment acc==0.0000, sentiment f1==0.0000, ABSA f1==0.0000,
Test:  aspect f1=0.4774, opinion f1=0.0000, sentiment acc==0.0000, sentiment f1==0.0000, ABSA f1==0.0000,
Current Max Metrics Index : 21 Current Min Loss Index : 21 Epoch Time: 0m 15s Tau : 0.13

-------------------------------------Iter68-------------------------------------
Train: final loss=0.716779, aspect loss=0.042886, opinion loss=0.000000, domain loss=0.672402, sentiment loss=0.000000, reg loss=0.000000, step=125442
Dev:   final loss=0.185971, aspect loss=0.185971, opinion loss=0.000000, sentiment loss=0.000000, reg loss=0.000000, step=125442
Dev:   aspect f1=0.4687, opinion f1=0.0000, sentiment acc==0.0000, sentiment f1==0.0000, ABSA f1==0.0000,
Test:  aspect f1=0.4687, opinion f1=0.0000, sentiment acc==0.0000, sentiment f1==0.0000, ABSA f1==0.0000,
Current Max Metrics Index : 21 Current Min Loss Index : 21 Epoch Time: 0m 15s Tau : 0.13

-------------------------------------Iter69-------------------------------------
Train: final loss=0.716979, aspect loss=0.043692, opinion loss=0.000000, domain loss=0.672104, sentiment loss=0.000000, reg loss=0.000000, step=127260
Dev:   final loss=0.184171, aspect loss=0.184171, opinion loss=0.000000, sentiment loss=0.000000, reg loss=0.000000, step=127260
Dev:   aspect f1=0.4824, opinion f1=0.0000, sentiment acc==0.0000, sentiment f1==0.0000, ABSA f1==0.0000,
Test:  aspect f1=0.4824, opinion f1=0.0000, sentiment acc==0.0000, sentiment f1==0.0000, ABSA f1==0.0000,
Current Max Metrics Index : 21 Current Min Loss Index : 21 Epoch Time: 0m 15s Tau : 0.13

-------------------------------------Iter70-------------------------------------
Train: final loss=0.716295, aspect loss=0.043159, opinion loss=0.000000, domain loss=0.671962, sentiment loss=0.000000, reg loss=0.000000, step=129078
Dev:   final loss=0.184072, aspect loss=0.184072, opinion loss=0.000000, sentiment loss=0.000000, reg loss=0.000000, step=129078
Dev:   aspect f1=0.4698, opinion f1=0.0000, sentiment acc==0.0000, sentiment f1==0.0000, ABSA f1==0.0000,
Test:  aspect f1=0.4698, opinion f1=0.0000, sentiment acc==0.0000, sentiment f1==0.0000, ABSA f1==0.0000,
Current Max Metrics Index : 21 Current Min Loss Index : 21 Epoch Time: 0m 15s Tau : 0.12

-------------------------------------Iter71-------------------------------------
Train: final loss=0.715342, aspect loss=0.041987, opinion loss=0.000000, domain loss=0.672012, sentiment loss=0.000000, reg loss=0.000000, step=130896
Dev:   final loss=0.186287, aspect loss=0.186287, opinion loss=0.000000, sentiment loss=0.000000, reg loss=0.000000, step=130896
Dev:   aspect f1=0.4738, opinion f1=0.0000, sentiment acc==0.0000, sentiment f1==0.0000, ABSA f1==0.0000,
Test:  aspect f1=0.4738, opinion f1=0.0000, sentiment acc==0.0000, sentiment f1==0.0000, ABSA f1==0.0000,
Current Max Metrics Index : 21 Current Min Loss Index : 21 Epoch Time: 0m 11s Tau : 0.12

-------------------------------------Iter72-------------------------------------
Train: final loss=0.714473, aspect loss=0.041566, opinion loss=0.000000, domain loss=0.671845, sentiment loss=0.000000, reg loss=0.000000, step=132714
Dev:   final loss=0.197022, aspect loss=0.197022, opinion loss=0.000000, sentiment loss=0.000000, reg loss=0.000000, step=132714
Dev:   aspect f1=0.4567, opinion f1=0.0000, sentiment acc==0.0000, sentiment f1==0.0000, ABSA f1==0.0000,
Test:  aspect f1=0.4567, opinion f1=0.0000, sentiment acc==0.0000, sentiment f1==0.0000, ABSA f1==0.0000,
Current Max Metrics Index : 21 Current Min Loss Index : 21 Epoch Time: 0m 15s Tau : 0.12

-------------------------------------Iter73-------------------------------------
Train: final loss=0.714345, aspect loss=0.041614, opinion loss=0.000000, domain loss=0.672022, sentiment loss=0.000000, reg loss=0.000000, step=134532
Dev:   final loss=0.203245, aspect loss=0.203245, opinion loss=0.000000, sentiment loss=0.000000, reg loss=0.000000, step=134532
Dev:   aspect f1=0.4678, opinion f1=0.0000, sentiment acc==0.0000, sentiment f1==0.0000, ABSA f1==0.0000,
Test:  aspect f1=0.4678, opinion f1=0.0000, sentiment acc==0.0000, sentiment f1==0.0000, ABSA f1==0.0000,
Current Max Metrics Index : 21 Current Min Loss Index : 21 Epoch Time: 0m 15s Tau : 0.11

-------------------------------------Iter74-------------------------------------
Train: final loss=0.715150, aspect loss=0.042111, opinion loss=0.000000, domain loss=0.672046, sentiment loss=0.000000, reg loss=0.000000, step=136350
Dev:   final loss=0.187924, aspect loss=0.187924, opinion loss=0.000000, sentiment loss=0.000000, reg loss=0.000000, step=136350
Dev:   aspect f1=0.4826, opinion f1=0.0000, sentiment acc==0.0000, sentiment f1==0.0000, ABSA f1==0.0000,
Test:  aspect f1=0.4826, opinion f1=0.0000, sentiment acc==0.0000, sentiment f1==0.0000, ABSA f1==0.0000,
Current Max Metrics Index : 21 Current Min Loss Index : 21 Epoch Time: 0m 15s Tau : 0.11

-------------------------------------Iter75-------------------------------------
Train: final loss=0.714965, aspect loss=0.042049, opinion loss=0.000000, domain loss=0.672011, sentiment loss=0.000000, reg loss=0.000000, step=138168
Dev:   final loss=0.191505, aspect loss=0.191505, opinion loss=0.000000, sentiment loss=0.000000, reg loss=0.000000, step=138168
Dev:   aspect f1=0.4839, opinion f1=0.0000, sentiment acc==0.0000, sentiment f1==0.0000, ABSA f1==0.0000,
Test:  aspect f1=0.4839, opinion f1=0.0000, sentiment acc==0.0000, sentiment f1==0.0000, ABSA f1==0.0000,
Current Max Metrics Index : 21 Current Min Loss Index : 21 Epoch Time: 0m 15s Tau : 0.11

-------------------------------------Iter76-------------------------------------
Train: final loss=0.714239, aspect loss=0.040861, opinion loss=0.000000, domain loss=0.672130, sentiment loss=0.000000, reg loss=0.000000, step=139986
Dev:   final loss=0.192295, aspect loss=0.192295, opinion loss=0.000000, sentiment loss=0.000000, reg loss=0.000000, step=139986
Dev:   aspect f1=0.4846, opinion f1=0.0000, sentiment acc==0.0000, sentiment f1==0.0000, ABSA f1==0.0000,
Test:  aspect f1=0.4846, opinion f1=0.0000, sentiment acc==0.0000, sentiment f1==0.0000, ABSA f1==0.0000,
Current Max Metrics Index : 21 Current Min Loss Index : 21 Epoch Time: 0m 14s Tau : 0.10

-------------------------------------Iter77-------------------------------------
Train: final loss=0.712508, aspect loss=0.040366, opinion loss=0.000000, domain loss=0.671587, sentiment loss=0.000000, reg loss=0.000000, step=141804
Dev:   final loss=0.192929, aspect loss=0.192929, opinion loss=0.000000, sentiment loss=0.000000, reg loss=0.000000, step=141804
Dev:   aspect f1=0.4705, opinion f1=0.0000, sentiment acc==0.0000, sentiment f1==0.0000, ABSA f1==0.0000,
Test:  aspect f1=0.4705, opinion f1=0.0000, sentiment acc==0.0000, sentiment f1==0.0000, ABSA f1==0.0000,
Current Max Metrics Index : 21 Current Min Loss Index : 21 Epoch Time: 0m 14s Tau : 0.10

-------------------------------------Iter78-------------------------------------
Train: final loss=0.713810, aspect loss=0.040338, opinion loss=0.000000, domain loss=0.671814, sentiment loss=0.000000, reg loss=0.000000, step=143622
Dev:   final loss=0.194633, aspect loss=0.194633, opinion loss=0.000000, sentiment loss=0.000000, reg loss=0.000000, step=143622
Dev:   aspect f1=0.4615, opinion f1=0.0000, sentiment acc==0.0000, sentiment f1==0.0000, ABSA f1==0.0000,
Test:  aspect f1=0.4615, opinion f1=0.0000, sentiment acc==0.0000, sentiment f1==0.0000, ABSA f1==0.0000,
Current Max Metrics Index : 21 Current Min Loss Index : 21 Epoch Time: 0m 14s Tau : 0.10

-------------------------------------Iter79-------------------------------------
Train: final loss=0.713817, aspect loss=0.040591, opinion loss=0.000000, domain loss=0.672074, sentiment loss=0.000000, reg loss=0.000000, step=145440
Dev:   final loss=0.195042, aspect loss=0.195042, opinion loss=0.000000, sentiment loss=0.000000, reg loss=0.000000, step=145440
Dev:   aspect f1=0.4734, opinion f1=0.0000, sentiment acc==0.0000, sentiment f1==0.0000, ABSA f1==0.0000,
Test:  aspect f1=0.4734, opinion f1=0.0000, sentiment acc==0.0000, sentiment f1==0.0000, ABSA f1==0.0000,
Current Max Metrics Index : 21 Current Min Loss Index : 21 Epoch Time: 0m 14s Tau : 0.10

-------------------------------------Iter80-------------------------------------
Train: final loss=0.712846, aspect loss=0.040349, opinion loss=0.000000, domain loss=0.672052, sentiment loss=0.000000, reg loss=0.000000, step=147258
Dev:   final loss=0.187859, aspect loss=0.187859, opinion loss=0.000000, sentiment loss=0.000000, reg loss=0.000000, step=147258
Dev:   aspect f1=0.4573, opinion f1=0.0000, sentiment acc==0.0000, sentiment f1==0.0000, ABSA f1==0.0000,
Test:  aspect f1=0.4573, opinion f1=0.0000, sentiment acc==0.0000, sentiment f1==0.0000, ABSA f1==0.0000,
Current Max Metrics Index : 21 Current Min Loss Index : 21 Epoch Time: 0m 14s Tau : 0.10

-------------------------------------Iter81-------------------------------------
Train: final loss=0.713509, aspect loss=0.040298, opinion loss=0.000000, domain loss=0.671888, sentiment loss=0.000000, reg loss=0.000000, step=149076
Dev:   final loss=0.188679, aspect loss=0.188679, opinion loss=0.000000, sentiment loss=0.000000, reg loss=0.000000, step=149076
Dev:   aspect f1=0.4678, opinion f1=0.0000, sentiment acc==0.0000, sentiment f1==0.0000, ABSA f1==0.0000,
Test:  aspect f1=0.4678, opinion f1=0.0000, sentiment acc==0.0000, sentiment f1==0.0000, ABSA f1==0.0000,
Current Max Metrics Index : 21 Current Min Loss Index : 21 Epoch Time: 0m 14s Tau : 0.10

-------------------------------------Iter82-------------------------------------
Train: final loss=0.712019, aspect loss=0.039766, opinion loss=0.000000, domain loss=0.672048, sentiment loss=0.000000, reg loss=0.000000, step=150894
Dev:   final loss=0.194954, aspect loss=0.194954, opinion loss=0.000000, sentiment loss=0.000000, reg loss=0.000000, step=150894
Dev:   aspect f1=0.4689, opinion f1=0.0000, sentiment acc==0.0000, sentiment f1==0.0000, ABSA f1==0.0000,
Test:  aspect f1=0.4689, opinion f1=0.0000, sentiment acc==0.0000, sentiment f1==0.0000, ABSA f1==0.0000,
Current Max Metrics Index : 21 Current Min Loss Index : 21 Epoch Time: 0m 14s Tau : 0.10

-------------------------------------Iter83-------------------------------------
Train: final loss=0.713088, aspect loss=0.040399, opinion loss=0.000000, domain loss=0.671959, sentiment loss=0.000000, reg loss=0.000000, step=152712
Dev:   final loss=0.192268, aspect loss=0.192268, opinion loss=0.000000, sentiment loss=0.000000, reg loss=0.000000, step=152712
Dev:   aspect f1=0.4675, opinion f1=0.0000, sentiment acc==0.0000, sentiment f1==0.0000, ABSA f1==0.0000,
Test:  aspect f1=0.4675, opinion f1=0.0000, sentiment acc==0.0000, sentiment f1==0.0000, ABSA f1==0.0000,
Current Max Metrics Index : 21 Current Min Loss Index : 21 Epoch Time: 0m 14s Tau : 0.10

-------------------------------------Iter84-------------------------------------
Train: final loss=0.714460, aspect loss=0.040534, opinion loss=0.000000, domain loss=0.671957, sentiment loss=0.000000, reg loss=0.000000, step=154530
Dev:   final loss=0.192721, aspect loss=0.192721, opinion loss=0.000000, sentiment loss=0.000000, reg loss=0.000000, step=154530
Dev:   aspect f1=0.4655, opinion f1=0.0000, sentiment acc==0.0000, sentiment f1==0.0000, ABSA f1==0.0000,
Test:  aspect f1=0.4655, opinion f1=0.0000, sentiment acc==0.0000, sentiment f1==0.0000, ABSA f1==0.0000,
Current Max Metrics Index : 21 Current Min Loss Index : 21 Epoch Time: 0m 14s Tau : 0.10

-------------------------------------Iter85-------------------------------------
Train: final loss=0.712350, aspect loss=0.039054, opinion loss=0.000000, domain loss=0.672019, sentiment loss=0.000000, reg loss=0.000000, step=156348
Dev:   final loss=0.189811, aspect loss=0.189811, opinion loss=0.000000, sentiment loss=0.000000, reg loss=0.000000, step=156348
Dev:   aspect f1=0.4789, opinion f1=0.0000, sentiment acc==0.0000, sentiment f1==0.0000, ABSA f1==0.0000,
Test:  aspect f1=0.4789, opinion f1=0.0000, sentiment acc==0.0000, sentiment f1==0.0000, ABSA f1==0.0000,
Current Max Metrics Index : 21 Current Min Loss Index : 21 Epoch Time: 0m 14s Tau : 0.10

-------------------------------------Iter86-------------------------------------
Train: final loss=0.712773, aspect loss=0.039546, opinion loss=0.000000, domain loss=0.671861, sentiment loss=0.000000, reg loss=0.000000, step=158166
Dev:   final loss=0.187492, aspect loss=0.187492, opinion loss=0.000000, sentiment loss=0.000000, reg loss=0.000000, step=158166
Dev:   aspect f1=0.4869, opinion f1=0.0000, sentiment acc==0.0000, sentiment f1==0.0000, ABSA f1==0.0000,
Test:  aspect f1=0.4869, opinion f1=0.0000, sentiment acc==0.0000, sentiment f1==0.0000, ABSA f1==0.0000,
Current Max Metrics Index : 21 Current Min Loss Index : 21 Epoch Time: 0m 14s Tau : 0.10

-------------------------------------Iter87-------------------------------------
Train: final loss=0.712233, aspect loss=0.039407, opinion loss=0.000000, domain loss=0.672138, sentiment loss=0.000000, reg loss=0.000000, step=159984
Dev:   final loss=0.193245, aspect loss=0.193245, opinion loss=0.000000, sentiment loss=0.000000, reg loss=0.000000, step=159984
Dev:   aspect f1=0.4608, opinion f1=0.0000, sentiment acc==0.0000, sentiment f1==0.0000, ABSA f1==0.0000,
Test:  aspect f1=0.4608, opinion f1=0.0000, sentiment acc==0.0000, sentiment f1==0.0000, ABSA f1==0.0000,
Current Max Metrics Index : 21 Current Min Loss Index : 21 Epoch Time: 0m 14s Tau : 0.10

-------------------------------------Iter88-------------------------------------
Train: final loss=0.711143, aspect loss=0.039388, opinion loss=0.000000, domain loss=0.671873, sentiment loss=0.000000, reg loss=0.000000, step=161802
Dev:   final loss=0.199786, aspect loss=0.199786, opinion loss=0.000000, sentiment loss=0.000000, reg loss=0.000000, step=161802
Dev:   aspect f1=0.4509, opinion f1=0.0000, sentiment acc==0.0000, sentiment f1==0.0000, ABSA f1==0.0000,
Test:  aspect f1=0.4509, opinion f1=0.0000, sentiment acc==0.0000, sentiment f1==0.0000, ABSA f1==0.0000,
Current Max Metrics Index : 21 Current Min Loss Index : 21 Epoch Time: 0m 14s Tau : 0.10

-------------------------------------Iter89-------------------------------------
Train: final loss=0.713381, aspect loss=0.040244, opinion loss=0.000000, domain loss=0.672193, sentiment loss=0.000000, reg loss=0.000000, step=163620
Dev:   final loss=0.192392, aspect loss=0.192392, opinion loss=0.000000, sentiment loss=0.000000, reg loss=0.000000, step=163620
Dev:   aspect f1=0.4499, opinion f1=0.0000, sentiment acc==0.0000, sentiment f1==0.0000, ABSA f1==0.0000,
Test:  aspect f1=0.4499, opinion f1=0.0000, sentiment acc==0.0000, sentiment f1==0.0000, ABSA f1==0.0000,
Current Max Metrics Index : 21 Current Min Loss Index : 21 Epoch Time: 0m 14s Tau : 0.10

-------------------------------------Iter90-------------------------------------
Train: final loss=0.711582, aspect loss=0.038256, opinion loss=0.000000, domain loss=0.672137, sentiment loss=0.000000, reg loss=0.000000, step=165438
Dev:   final loss=0.199791, aspect loss=0.199791, opinion loss=0.000000, sentiment loss=0.000000, reg loss=0.000000, step=165438
Dev:   aspect f1=0.4714, opinion f1=0.0000, sentiment acc==0.0000, sentiment f1==0.0000, ABSA f1==0.0000,
Test:  aspect f1=0.4714, opinion f1=0.0000, sentiment acc==0.0000, sentiment f1==0.0000, ABSA f1==0.0000,
Current Max Metrics Index : 21 Current Min Loss Index : 21 Epoch Time: 0m 15s Tau : 0.10

-------------------------------------Iter91-------------------------------------
Train: final loss=0.711852, aspect loss=0.039087, opinion loss=0.000000, domain loss=0.672038, sentiment loss=0.000000, reg loss=0.000000, step=167256
Dev:   final loss=0.188462, aspect loss=0.188462, opinion loss=0.000000, sentiment loss=0.000000, reg loss=0.000000, step=167256
Dev:   aspect f1=0.4606, opinion f1=0.0000, sentiment acc==0.0000, sentiment f1==0.0000, ABSA f1==0.0000,
Test:  aspect f1=0.4606, opinion f1=0.0000, sentiment acc==0.0000, sentiment f1==0.0000, ABSA f1==0.0000,
Current Max Metrics Index : 21 Current Min Loss Index : 21 Epoch Time: 0m 15s Tau : 0.10

-------------------------------------Iter92-------------------------------------
Train: final loss=0.712095, aspect loss=0.038451, opinion loss=0.000000, domain loss=0.671991, sentiment loss=0.000000, reg loss=0.000000, step=169074
Dev:   final loss=0.194010, aspect loss=0.194010, opinion loss=0.000000, sentiment loss=0.000000, reg loss=0.000000, step=169074
Dev:   aspect f1=0.4652, opinion f1=0.0000, sentiment acc==0.0000, sentiment f1==0.0000, ABSA f1==0.0000,
Test:  aspect f1=0.4652, opinion f1=0.0000, sentiment acc==0.0000, sentiment f1==0.0000, ABSA f1==0.0000,
Current Max Metrics Index : 21 Current Min Loss Index : 21 Epoch Time: 0m 15s Tau : 0.10

-------------------------------------Iter93-------------------------------------
Train: final loss=0.711150, aspect loss=0.037944, opinion loss=0.000000, domain loss=0.671990, sentiment loss=0.000000, reg loss=0.000000, step=170892
Dev:   final loss=0.195866, aspect loss=0.195866, opinion loss=0.000000, sentiment loss=0.000000, reg loss=0.000000, step=170892
Dev:   aspect f1=0.4716, opinion f1=0.0000, sentiment acc==0.0000, sentiment f1==0.0000, ABSA f1==0.0000,
Test:  aspect f1=0.4716, opinion f1=0.0000, sentiment acc==0.0000, sentiment f1==0.0000, ABSA f1==0.0000,
Current Max Metrics Index : 21 Current Min Loss Index : 21 Epoch Time: 0m 15s Tau : 0.10

-------------------------------------Iter94-------------------------------------
Train: final loss=0.711515, aspect loss=0.038089, opinion loss=0.000000, domain loss=0.672104, sentiment loss=0.000000, reg loss=0.000000, step=172710
Dev:   final loss=0.192215, aspect loss=0.192215, opinion loss=0.000000, sentiment loss=0.000000, reg loss=0.000000, step=172710
Dev:   aspect f1=0.4617, opinion f1=0.0000, sentiment acc==0.0000, sentiment f1==0.0000, ABSA f1==0.0000,
Test:  aspect f1=0.4617, opinion f1=0.0000, sentiment acc==0.0000, sentiment f1==0.0000, ABSA f1==0.0000,
Current Max Metrics Index : 21 Current Min Loss Index : 21 Epoch Time: 0m 15s Tau : 0.10

-------------------------------------Iter95-------------------------------------
Train: final loss=0.709903, aspect loss=0.037939, opinion loss=0.000000, domain loss=0.671932, sentiment loss=0.000000, reg loss=0.000000, step=174528
Dev:   final loss=0.191322, aspect loss=0.191322, opinion loss=0.000000, sentiment loss=0.000000, reg loss=0.000000, step=174528
Dev:   aspect f1=0.4775, opinion f1=0.0000, sentiment acc==0.0000, sentiment f1==0.0000, ABSA f1==0.0000,
Test:  aspect f1=0.4775, opinion f1=0.0000, sentiment acc==0.0000, sentiment f1==0.0000, ABSA f1==0.0000,
Current Max Metrics Index : 21 Current Min Loss Index : 21 Epoch Time: 0m 14s Tau : 0.10

-------------------------------------Iter96-------------------------------------
Train: final loss=0.711497, aspect loss=0.038324, opinion loss=0.000000, domain loss=0.672087, sentiment loss=0.000000, reg loss=0.000000, step=176346
Dev:   final loss=0.193600, aspect loss=0.193600, opinion loss=0.000000, sentiment loss=0.000000, reg loss=0.000000, step=176346
Dev:   aspect f1=0.4467, opinion f1=0.0000, sentiment acc==0.0000, sentiment f1==0.0000, ABSA f1==0.0000,
Test:  aspect f1=0.4467, opinion f1=0.0000, sentiment acc==0.0000, sentiment f1==0.0000, ABSA f1==0.0000,
Current Max Metrics Index : 21 Current Min Loss Index : 21 Epoch Time: 0m 14s Tau : 0.10

-------------------------------------Iter97-------------------------------------
Train: final loss=0.710269, aspect loss=0.037634, opinion loss=0.000000, domain loss=0.672078, sentiment loss=0.000000, reg loss=0.000000, step=178164
Dev:   final loss=0.194633, aspect loss=0.194633, opinion loss=0.000000, sentiment loss=0.000000, reg loss=0.000000, step=178164
Dev:   aspect f1=0.4676, opinion f1=0.0000, sentiment acc==0.0000, sentiment f1==0.0000, ABSA f1==0.0000,
Test:  aspect f1=0.4676, opinion f1=0.0000, sentiment acc==0.0000, sentiment f1==0.0000, ABSA f1==0.0000,
Current Max Metrics Index : 21 Current Min Loss Index : 21 Epoch Time: 0m 14s Tau : 0.10

-------------------------------------Iter98-------------------------------------
Train: final loss=0.710620, aspect loss=0.037947, opinion loss=0.000000, domain loss=0.671561, sentiment loss=0.000000, reg loss=0.000000, step=179982
Dev:   final loss=0.203982, aspect loss=0.203982, opinion loss=0.000000, sentiment loss=0.000000, reg loss=0.000000, step=179982
Dev:   aspect f1=0.4689, opinion f1=0.0000, sentiment acc==0.0000, sentiment f1==0.0000, ABSA f1==0.0000,
Test:  aspect f1=0.4689, opinion f1=0.0000, sentiment acc==0.0000, sentiment f1==0.0000, ABSA f1==0.0000,
Current Max Metrics Index : 21 Current Min Loss Index : 21 Epoch Time: 0m 14s Tau : 0.10

-------------------------------------Iter99-------------------------------------
Train: final loss=0.710672, aspect loss=0.037910, opinion loss=0.000000, domain loss=0.672236, sentiment loss=0.000000, reg loss=0.000000, step=181800
Dev:   final loss=0.199317, aspect loss=0.199317, opinion loss=0.000000, sentiment loss=0.000000, reg loss=0.000000, step=181800
Dev:   aspect f1=0.4732, opinion f1=0.0000, sentiment acc==0.0000, sentiment f1==0.0000, ABSA f1==0.0000,
Test:  aspect f1=0.4732, opinion f1=0.0000, sentiment acc==0.0000, sentiment f1==0.0000, ABSA f1==0.0000,
Current Max Metrics Index : 21 Current Min Loss Index : 21 Epoch Time: 0m 14s Tau : 0.10

--------------------------------Mission Complete--------------------------------
Dev Max Metrics Index: 21
aspect f1=49.34, opinion f1=0.00, sentiment acc==0.00, sentiment f1==0.00, ABSA f1==0.00,
Dev Min Loss Index: 21
aspect f1=49.34, opinion f1=0.00, sentiment acc==0.00, sentiment f1==0.00, ABSA f1==0.00,
Running Time: 24m 35s
